 
                                                    \ /               
                                              ..-'''-*-               
                                              \.-'''\ \               
      _____ _____      _                             | |              
     |  ___/  __ \    | |                         __/ /               
     | |_  | /  \/ ___| | __ _ ___ ___  ___  ___ |_  '.               
     |  _| | |    / __| |/ _` / __/ __|/ _ \/ __|   `.  \             
     | |   | \__/\ (__| | (_| \__ \__ \  __/\__ \     \ '.            
     \_|    \____/\___|_|\__,_|___/___/\___||___/      , |            
                                                       | |            
                                                      / ,'            
                                              -....--'  /             
                                              `.. __..-'              
                                                                      
 ********************************************************* 
   FCCLASSES3:                                             
   A code for vibronic simulations                         
                                                           
                                                           
 ********************************************************* 


 GIT VERSION INFO
  Commit id  : v3-1.0-2-g78ec1d1-dirty
  Commit date: 2022-07-22 10:24:13 +0200

 CURRENT RUN INFO
  Date&Time  : 2022-11-24, 19:06:55
  Input file : STDIN
  Input type : NEW



 INPUT OPTIONS:
-------------------------------
$$$
;GENERAL OPTIONS:
; NAT        = (read from structure files)
; NVIB       = (determined vibrational analysis)
PROPERTY     =   OPA   
MODEL        =   VG   
DIPOLE       =   FC   
DIPDER_COORD =   CARTESIAN  
TEMP         =     0.00
DE           =   6.73150
BROADFUN     =   GAU  
HWHM         =   0.0400
RESOL        =   0.0040  ; (default: HWHM/10)
METHOD       =   TD   
ROT          =   1
SPCMIN       =     4.000
SPCMAX       =     9.000
;VIBRATIONAL ANALYSIS
NORMALMODES  =   COMPUTE  
RM_COORD     =   NONE    
COORDS       =   CARTESIAN  
FORCE_REAL   =   YES  
;INPUT DATA FILES
STATE1_FILE  =   Thymine6311-freq.fcc
STATE2_FILE  =   Thymine6311-es6.fcc
MASS_FILE    =   
ELDIP_FILE   =   eldip_Thymine6311-es6_fchk
MAGDIP_FILE  =   magdip_Thymine6311-es6_fchk
NAC_FILE     =   
NRCOUP_FILE  =   eldip_Thymine6311-es6_fchk
HESS1_FILE   =   Thymine6311-freq.fcc
HESS2_FILE   =   Thymine6311-freq.fcc
GRAD1_FILE   =   Thymine6311-freq.fcc
GRAD2_COORD  =   CARTESIAN
GRAD2_FILE   =   Thymine6311-es6.fcc
;VERBOSE LEVEL
VERBOSE      =   1
  
-------------------------------



 ==> State 1 <==

 Geometry file: Thymine6311-freq.fcc


 Gradient file: Thymine6311-freq.fcc

NOTE: The calculation for this State will assume stationary point since the gradient is                   
      small (maximum atomic gradient:   0.000082 a.u.)                                                    
 
 Hessian file: Thymine6311-freq.fcc



 ---------------------------------------
  Check effect of symmetry operations
  on Hessian elements (or gs^t\beta)
 ---------------------------------------

 Using input geometry instead of rotating to principal axis of intertia to detect symmetry

 
 Sigma(xy) symmetry element found
 
 Symmetry operation  : 1
 Max abs difference  :   0.000000
    original value   :   0.000001
    transformed value:   0.000001
    Rel difference(%):   0.000000

 ---------------------------------------



 =========================
  ANALYSIS OF DOFs
 =========================

 => STATE 1 <=
 Geometry (Angstroms)
 15    # Nr. of atoms
   Atom       X         Y         Z      Mass
N          0.1557   -1.6591    0.0000   14.0031
C          1.3560   -0.9789    0.0000   12.0000
N          1.1960    0.3911    0.0000   14.0031
C          0.0000    1.1154    0.0000   12.0000
C         -1.2143    0.2959    0.0000   12.0000
C         -1.0736   -1.0373    0.0000   12.0000
O          2.4311   -1.5306    0.0000   15.9949
O          0.0176    2.3262    0.0000   15.9949
H          0.2303   -2.6642    0.0000    1.0078
H          2.0498    0.9339    0.0000    1.0078
C         -2.5334    1.0003    0.0000   12.0000
H         -1.9250   -1.7061    0.0000    1.0078
H         -3.3581    0.2865    0.0000    1.0078
H         -2.6281    1.6447    0.8761    1.0078
H         -2.6281    1.6447   -0.8761    1.0078
 

 ------------------------------------------------
   INERTIA TENSOR (to be multiplied by 10**5)
 ------------------------------------------------

             1           2           3
  
    1     4.28660     1.79131     0.00000
    2     1.79131     5.10120     0.00000
    3     0.00000     0.00000     9.33139
 ------------------------------------------------


 ------------------------------------------------
   ROTATIONAL CONSTANTS (AND ROTATION MATRIX)
 ------------------------------------------------

 ROOT NO.    1           2           3

    ************************************
  
    1    -0.78157     0.62381     0.00000
    2     0.62381     0.78157     0.00000
    3     0.00000     0.00000     1.00000
 ------------------------------------------------

  Rotational constants (GHz)
     3.22468     1.41060     0.98726
  Rotational temperatures (K)
     0.15476     0.06770     0.04738


 -------------------
  DOF   Dimension
 -------------------
  Vib    39
  Rot    3
  Tra    3
 -------------------


 Translating State1 to its Center of Mass
 Initial COM:       0.0649     -0.0012      0.0000


 ================================
  VIBRATIONAL ANALYSIS ON STATE1
 ================================

 ----------------------------------
   Redundant Frequencies (cm-1)
 ----------------------------------
     1    -0.00003
     2    -0.00002
     3    -0.00001
     4     0.00001
     5     0.00002
     6     0.00002
 ----------------------------------


 ------------------------
   FREQUENCIES (cm-1)
 ------------------------
     1   108.57705
     2   147.35940
     3   151.64402
     4   280.12801
     5   296.02786
     6   396.84793
     7   400.11563
     8   466.30408
     9   554.35596
    10   554.84763
    11   615.30215
    12   671.02835
    13   744.60520
    14   773.56315
    15   779.88785
    16   816.25979
    17   928.47159
    18   980.69450
    19  1033.75068
    20  1079.14556
    21  1172.72192
    22  1216.27150
    23  1248.90316
    24  1390.60174
    25  1424.55890
    26  1435.11683
    27  1448.09392
    28  1476.81320
    29  1501.54376
    30  1524.18193
    31  1740.45362
    32  1797.57259
    33  1836.22777
    34  3060.43265
    35  3120.42538
    36  3138.36607
    37  3217.67255
    38  3623.81582
    39  3667.32725
 ------------------------

 =====================
  THERMOCHEMISTRY     
 =====================
  Temperature (K):    0.00
  Pressure (atm) :    1.00
 
  Rotational constants (GHz)
     3.22468     1.41060     0.98726
  Rotational temperatures (K)
     0.15476     0.06770     0.04738
 
  Partition Functions
  qt =      0.000    
  qr =      0.000    
  qv =      0.000    
 
  Contributions to entropy
  St (cm-1/K) = -Infinity
  Sr (cm-1/K) = -Infinity
  Sv (cm-1/K) =       NaN
 
  Thermal corrections (AU)
  Zero Point Energy =   0.115777    
  Internal Energy   =   0.115777    
  Enthalpy          =   0.115777    
  Gibbs Free Energy =            NaN
 
  Thermal corrections (AU) - vibrational only
  Number of vibrations:      39
  V-internal Energy   =   0.115777    
  V-enthalpy          =   0.115777    
  V-gibbs Free Energy =            NaN


 ==> State 2 <==

 Geometry file: Thymine6311-es6.fcc


 Gradient file: Thymine6311-es6.fcc

NOTE: The calculation for this State will assume non-stationary point since the gradient                  
      is not negligible (maximum atomic gradient:   0.085593 a.u.)                                        
 
 Hessian file: Thymine6311-freq.fcc


 Combination abs/ECDNO
 A standard one-photon absorption calculation  will be performed


 =========================
  ANALYSIS OF DOFs
 =========================

 => STATE 2 <=
 Geometry (Angstroms)
 15    # Nr. of atoms
   Atom       X         Y         Z      Mass
N          0.1557   -1.6591    0.0000   14.0031
C          1.3560   -0.9789    0.0000   12.0000
N          1.1960    0.3911    0.0000   14.0031
C          0.0000    1.1154    0.0000   12.0000
C         -1.2143    0.2959    0.0000   12.0000
C         -1.0736   -1.0373    0.0000   12.0000
O          2.4311   -1.5306    0.0000   15.9949
O          0.0176    2.3262    0.0000   15.9949
H          0.2303   -2.6642    0.0000    1.0078
H          2.0498    0.9339    0.0000    1.0078
C         -2.5334    1.0003    0.0000   12.0000
H         -1.9250   -1.7061    0.0000    1.0078
H         -3.3581    0.2865    0.0000    1.0078
H         -2.6281    1.6447    0.8761    1.0078
H         -2.6281    1.6447   -0.8761    1.0078
 

 ------------------------------------------------
   INERTIA TENSOR (to be multiplied by 10**5)
 ------------------------------------------------

             1           2           3
  
    1     4.28660     1.79131     0.00000
    2     1.79131     5.10120     0.00000
    3     0.00000     0.00000     9.33139
 ------------------------------------------------


 ------------------------------------------------
   ROTATIONAL CONSTANTS (AND ROTATION MATRIX)
 ------------------------------------------------

 ROOT NO.    1           2           3

    ************************************
  
    1    -0.78157     0.62381     0.00000
    2     0.62381     0.78157     0.00000
    3     0.00000     0.00000     1.00000
 ------------------------------------------------

  Rotational constants (GHz)
     3.22468     1.41060     0.98726
  Rotational temperatures (K)
     0.15476     0.06770     0.04738


 -------------------
  DOF   Dimension
 -------------------
  Vib    39
  Rot    3
  Tra    3
 -------------------


 Translating State2 to its Center of Mass
 Initial COM:       0.0649     -0.0012      0.0000


 ================================
  VIBRATIONAL ANALYSIS ON STATE2
 ================================

Normal modes read from State1 for VG


 ------------------------
   FREQUENCIES (cm-1)
 ------------------------
     1   108.57705
     2   147.35940
     3   151.64402
     4   280.12801
     5   296.02786
     6   396.84793
     7   400.11563
     8   466.30408
     9   554.35596
    10   554.84763
    11   615.30215
    12   671.02835
    13   744.60520
    14   773.56315
    15   779.88785
    16   816.25979
    17   928.47159
    18   980.69450
    19  1033.75068
    20  1079.14556
    21  1172.72192
    22  1216.27150
    23  1248.90316
    24  1390.60174
    25  1424.55890
    26  1435.11683
    27  1448.09392
    28  1476.81320
    29  1501.54376
    30  1524.18193
    31  1740.45362
    32  1797.57259
    33  1836.22777
    34  3060.43265
    35  3120.42538
    36  3138.36607
    37  3217.67255
    38  3623.81582
    39  3667.32725
 ------------------------


 -------------------------------------
   State2 Gradient (Q1-space) x1e5
 -------------------------------------
     1    -0.00000
     2     0.00000
     3     0.00000
     4    -0.17892
     5     0.00000
     6    -7.86757
     7     0.00000
     8    -5.12271
     9     3.31001
    10     0.00000
    11    -3.29176
    12     0.00000
    13   -18.23230
    14    -0.00000
    15     0.00000
    16    16.46072
    17     0.00000
    18   -13.83994
    19    -5.06157
    20    -0.00000
    21    -2.03339
    22    23.73360
    23   -15.33632
    24    21.43761
    25   -20.36651
    26   -17.41784
    27    43.82146
    28     0.00000
    29     9.40234
    30    78.25413
    31    47.98297
    32    19.11176
    33   -28.79806
    34     9.70215
    35    -0.00000
    36     7.16658
    37     2.81319
    38     0.23965
    39    -7.91799
 -------------------------------------




                 ASSIGNMENTS AND ANALYSIS OF 1 WITH RESPECT TO 2
 STATE 1                              MODES STATE 2
IND DEF    FREQUENCY     SHIFT    I21 C21  I22 C22   I23 C23     FR(I21)  I90 I95 I99
   1  P      108.58     0.00000    1 1.00    2 0.00    3 0.00       0.00   1   1   1
   2  P      147.36    -0.00000    2 1.00    1 0.00    3 0.00       0.00   1   1   1
   3  P      151.64    -0.00000    3 1.00    2 0.00    1 0.00       0.00   1   1   1
   4  P      280.13     1.09829    4 1.00    2 0.00    3 0.00       0.00   1   1   1
   5  P      296.03    -0.00000    5 1.00    2 0.00    3 0.00       0.00   1   1   1
   6  P      396.85    24.06364    6 1.00    2 0.00    3 0.00       0.00   1   1   1
   7  P      400.12    -0.00000    7 1.00    2 0.00    3 0.00       0.00   1   1   1
   8  P      466.30    11.34828    8 1.00    2 0.00    3 0.00       0.00   1   1   1
   9  P      554.36    -5.18825    9 1.00    2 0.00    3 0.00       0.00   1   1   1
  10  P      554.85    -0.00000   10 1.00    2 0.00    3 0.00       0.00   1   1   1
  11  P      615.30     4.18813   11 1.00    2 0.00    3 0.00       0.00   1   1   1
  12  P      671.03    -0.00000   12 1.00    2 0.00    3 0.00       0.00   1   1   1
  13  P      744.61    15.84010   13 1.00    2 0.00    3 0.00       0.00   1   1   1
  14  P      773.56     0.00000   14 1.00    2 0.00    3 0.00       0.00   1   1   1
  15  P      779.89    -0.00000   15 1.00    2 0.00    3 0.00       0.00   1   1   1
  16  P      816.26   -11.90038   16 1.00    2 0.00    3 0.00       0.00   1   1   1
  17  P      928.47    -0.00000   17 1.00    2 0.00    3 0.00       0.00   1   1   1
  18  P      980.69     6.93163   18 1.00    2 0.00    3 0.00       0.00   1   1   1
  19  P     1033.75     2.28151   19 1.00    2 0.00    3 0.00       0.00   1   1   1
  20  P     1079.15     0.00000   20 1.00    2 0.00    3 0.00       0.00   1   1   1
  21  P     1172.72     0.71219   21 1.00    2 0.00    3 0.00       0.00   1   1   1
  22  P     1216.27    -7.72807   22 1.00    2 0.00    3 0.00       0.00   1   1   1
  23  P     1248.90     4.73623   23 1.00    2 0.00    3 0.00       0.00   1   1   1
  24  P     1390.60    -5.33998   24 1.00    2 0.00    3 0.00       0.00   1   1   1
  25  P     1424.56     4.83420   25 1.00    2 0.00    3 0.00       0.00   1   1   1
  26  P     1435.12     4.07369   26 1.00    2 0.00    3 0.00       0.00   1   1   1
  27  P     1448.09   -10.06612   27 1.00    2 0.00    3 0.00       0.00   1   1   1
  28  P     1476.81    -0.00000   28 1.00    2 0.00    3 0.00       0.00   1   1   1
  29  P     1501.54    -2.00876   29 1.00    2 0.00    3 0.00       0.00   1   1   1
  30  P     1524.18   -16.22566   30 1.00    2 0.00    3 0.00       0.00   1   1   1
  31  P     1740.45    -7.63011   31 1.00    2 0.00    3 0.00       0.00   1   1   1
  32  P     1797.57    -2.84903   32 1.00    2 0.00    3 0.00       0.00   1   1   1
  33  P     1836.23     4.11414   33 1.00    2 0.00    3 0.00       0.00   1   1   1
  34  P     3060.43    -0.49897   34 1.00    2 0.00    3 0.00       0.00   1   1   1
  35  P     3120.43     0.00000   35 1.00    2 0.00    3 0.00       0.00   1   1   1
  36  P     3138.37    -0.35049   36 1.00    2 0.00    3 0.00       0.00   1   1   1
  37  P     3217.67    -0.13088   37 1.00    2 0.00    3 0.00       0.00   1   1   1
  38  P     3623.82    -0.00879   38 1.00    2 0.00    3 0.00       0.00   1   1   1
  39  P     3667.33     0.28359   39 1.00    2 0.00    3 0.00       0.00   1   1   1
   
 *********************************************************** 
  
  AVERAGE MAX PROJECTION     1.000000    St Dev   0.000000
  AVERAGE FREQ DIFF          0.000000    St Dev   0.000000
  AVERAGE ABS FREQ DIFF      0.000000    St Dev   0.000000
  AVERAGE ABS DISPLACE       0.373849    St Dev   6.788647
  SUM DISPL**2            1802.794243
  
 *********************************************************** 
  



                 ASSIGNMENTS AND ANALYSIS OF 2 WITH RESPECT TO 1
 STATE 2                              MODES STATE 1
IND DEF    FREQUENCY     SHIFT    I11 C11  I12 C12   I13 C13     FR(I11)  I90 I95 I99
   1  P      108.58    -0.00000    1 1.00    2 0.00    3 0.00       0.00   1   1   1
   2  P      147.36     0.00000    2 1.00    1 0.00    3 0.00       0.00   1   1   1
   3  P      151.64     0.00000    3 1.00    2 0.00    1 0.00       0.00   1   1   1
   4  P      280.13    -1.09829    4 1.00    2 0.00    3 0.00       0.00   1   1   1
   5  P      296.03     0.00000    5 1.00    2 0.00    3 0.00       0.00   1   1   1
   6  P      396.85   -24.06364    6 1.00    2 0.00    3 0.00       0.00   1   1   1
   7  P      400.12     0.00000    7 1.00    2 0.00    3 0.00       0.00   1   1   1
   8  P      466.30   -11.34828    8 1.00    2 0.00    3 0.00       0.00   1   1   1
   9  P      554.36     5.18825    9 1.00    2 0.00    3 0.00       0.00   1   1   1
  10  P      554.85     0.00000   10 1.00    2 0.00    3 0.00       0.00   1   1   1
  11  P      615.30    -4.18813   11 1.00    2 0.00    3 0.00       0.00   1   1   1
  12  P      671.03     0.00000   12 1.00    2 0.00    3 0.00       0.00   1   1   1
  13  P      744.61   -15.84010   13 1.00    2 0.00    3 0.00       0.00   1   1   1
  14  P      773.56    -0.00000   14 1.00    2 0.00    3 0.00       0.00   1   1   1
  15  P      779.89     0.00000   15 1.00    2 0.00    3 0.00       0.00   1   1   1
  16  P      816.26    11.90038   16 1.00    2 0.00    3 0.00       0.00   1   1   1
  17  P      928.47     0.00000   17 1.00    2 0.00    3 0.00       0.00   1   1   1
  18  P      980.69    -6.93163   18 1.00    2 0.00    3 0.00       0.00   1   1   1
  19  P     1033.75    -2.28151   19 1.00    2 0.00    3 0.00       0.00   1   1   1
  20  P     1079.15    -0.00000   20 1.00    2 0.00    3 0.00       0.00   1   1   1
  21  P     1172.72    -0.71219   21 1.00    2 0.00    3 0.00       0.00   1   1   1
  22  P     1216.27     7.72807   22 1.00    2 0.00    3 0.00       0.00   1   1   1
  23  P     1248.90    -4.73623   23 1.00    2 0.00    3 0.00       0.00   1   1   1
  24  P     1390.60     5.33998   24 1.00    2 0.00    3 0.00       0.00   1   1   1
  25  P     1424.56    -4.83420   25 1.00    2 0.00    3 0.00       0.00   1   1   1
  26  P     1435.12    -4.07369   26 1.00    2 0.00    3 0.00       0.00   1   1   1
  27  P     1448.09    10.06612   27 1.00    2 0.00    3 0.00       0.00   1   1   1
  28  P     1476.81     0.00000   28 1.00    2 0.00    3 0.00       0.00   1   1   1
  29  P     1501.54     2.00876   29 1.00    2 0.00    3 0.00       0.00   1   1   1
  30  P     1524.18    16.22566   30 1.00    2 0.00    3 0.00       0.00   1   1   1
  31  P     1740.45     7.63011   31 1.00    2 0.00    3 0.00       0.00   1   1   1
  32  P     1797.57     2.84903   32 1.00    2 0.00    3 0.00       0.00   1   1   1
  33  P     1836.23    -4.11414   33 1.00    2 0.00    3 0.00       0.00   1   1   1
  34  P     3060.43     0.49897   34 1.00    2 0.00    3 0.00       0.00   1   1   1
  35  P     3120.43    -0.00000   35 1.00    2 0.00    3 0.00       0.00   1   1   1
  36  P     3138.37     0.35049   36 1.00    2 0.00    3 0.00       0.00   1   1   1
  37  P     3217.67     0.13088   37 1.00    2 0.00    3 0.00       0.00   1   1   1
  38  P     3623.82     0.00879   38 1.00    2 0.00    3 0.00       0.00   1   1   1
  39  P     3667.33    -0.28359   39 1.00    2 0.00    3 0.00       0.00   1   1   1
   
 *********************************************************** 
  
  AVERAGE MAX PROJECTION     1.000000    St Dev   0.000000
  AVERAGE FREQ DIFF          0.000000    St Dev   0.000000
  AVERAGE ABS FREQ DIFF      0.000000    St Dev   0.000000
  AVERAGE ABS DISPLACE      -0.373849    St Dev   6.788647
  SUM DISPL**2            1802.794243
  
 *********************************************************** 
  

 ADDITIONAL ANALYSIS ON DUSCHINSKY MATRIX
 ----------------------------------------
  Determinant:     1.0000

  ** A = GM·GMT **
  Det(A)     :     1.0000
  Trace(A)   :    39.0000
  Det(A-I)   :     0.0000
  Trace(A-I) :     0.0000
 ----------------------------------------

   
   
 STATE1 MODES SORTED BY DECREASING DIMENSIONLESS SHIFT
   IND    MODE    FREQUENCY DIMENSIONLESS SHIFT
     1      30    1524.18193      -0.13522E+01
     2       6     396.84793       0.10232E+01
     3      13     744.60520       0.92263E+00
     4      27    1448.09392      -0.81765E+00
     5      16     816.25979      -0.72574E+00
     6      31    1740.45362      -0.67947E+00
     7      22    1216.27150      -0.57530E+00
     8       8     466.30408       0.52309E+00
     9      18     980.69450       0.46335E+00
    10      24    1390.60174      -0.42506E+00
    11      25    1424.55890       0.38947E+00
    12      33    1836.22777       0.37631E+00
    13      23    1248.90316       0.35728E+00
    14      26    1435.11683       0.32941E+00
    15       9     554.35596      -0.26075E+00
    16      32    1797.57259      -0.25784E+00
    17      11     615.30215       0.22175E+00
    18      29    1501.54376      -0.16615E+00
    19      19    1033.75068       0.15658E+00
    20      34    3060.43265      -0.58921E-01
    21      21    1172.72192       0.52060E-01
    22      36    3138.36607      -0.41911E-01
    23       4     280.12801       0.39238E-01
    24      39    3667.32725       0.36658E-01
    25      37    3217.67255      -0.15848E-01
    26      38    3623.81582      -0.11296E-02
    27       7     400.11563      -0.20513E-09
    28       3     151.64402      -0.68280E-10
    29       2     147.35940      -0.33212E-10
    30      10     554.84763      -0.19842E-10
    31      28    1476.81320      -0.14687E-10
    32       5     296.02786      -0.92315E-11
    33      17     928.47159      -0.47192E-11
    34      20    1079.14556       0.46083E-11
    35      15     779.88785      -0.30254E-11
    36      12     671.02835      -0.30100E-11
    37       1     108.57705       0.25196E-11
    38      14     773.56315       0.11318E-11
    39      35    3120.42538       0.63377E-12
   
   
 MODES OF STATE1 IN ORDER OF DECREASING FR COUPL
 ESTIMATED BY THE MAGNITUDE OF THE 0-0 INTEGRAL
   IND    MODE1  FREQ   MODE2 FR    FR. SHIFT INV0-0
     1     1   108.57705         1   108.57705         0.00000         1.00000
     2     2   147.35940         2   147.35940         0.00000         1.00000
     3     3   151.64402         3   151.64402         0.00000         1.00000
     4     4   280.12801         4   280.12801         0.00000         1.00000
     5     5   296.02786         5   296.02786         0.00000         1.00000
     6     6   396.84793         6   396.84793         0.00000         1.00000
     7     7   400.11563         7   400.11563         0.00000         1.00000
     8     8   466.30408         8   466.30408         0.00000         1.00000
     9     9   554.35596         9   554.35596         0.00000         1.00000
    10    10   554.84763        10   554.84763         0.00000         1.00000
    11    11   615.30215        11   615.30215         0.00000         1.00000
    12    12   671.02835        12   671.02835         0.00000         1.00000
    13    13   744.60520        13   744.60520         0.00000         1.00000
    14    14   773.56315        14   773.56315         0.00000         1.00000
    15    15   779.88785        15   779.88785         0.00000         1.00000
    16    16   816.25979        16   816.25979         0.00000         1.00000
    17    17   928.47159        17   928.47159         0.00000         1.00000
    18    18   980.69450        18   980.69450         0.00000         1.00000
    19    19  1033.75068        19  1033.75068         0.00000         1.00000
    20    20  1079.14556        20  1079.14556         0.00000         1.00000
    21    21  1172.72192        21  1172.72192         0.00000         1.00000
    22    22  1216.27150        22  1216.27150         0.00000         1.00000
    23    23  1248.90316        23  1248.90316         0.00000         1.00000
    24    24  1390.60174        24  1390.60174         0.00000         1.00000
    25    25  1424.55890        25  1424.55890         0.00000         1.00000
    26    26  1435.11683        26  1435.11683         0.00000         1.00000
    27    27  1448.09392        27  1448.09392         0.00000         1.00000
    28    28  1476.81320        28  1476.81320         0.00000         1.00000
    29    29  1501.54376        29  1501.54376         0.00000         1.00000
    30    30  1524.18193        30  1524.18193         0.00000         1.00000
    31    31  1740.45362        31  1740.45362         0.00000         1.00000
    32    32  1797.57259        32  1797.57259         0.00000         1.00000
    33    33  1836.22777        33  1836.22777         0.00000         1.00000
    34    34  3060.43265        34  3060.43265         0.00000         1.00000
    35    35  3120.42538        35  3120.42538         0.00000         1.00000
    36    36  3138.36607        36  3138.36607         0.00000         1.00000
    37    37  3217.67255        37  3217.67255         0.00000         1.00000
    38    38  3623.81582        38  3623.81582         0.00000         1.00000
    39    39  3667.32725        39  3667.32725         0.00000         1.00000
   
   
   
   
 STATE2 MODES SORTED BY DECREASING DIMENSIONLESS SHIFT
   IND    MODE    FREQUENCY DIMENSIONLESS SHIFT
     1      30    1524.18193       0.13522E+01
     2       6     396.84793      -0.10232E+01
     3      13     744.60520      -0.92263E+00
     4      27    1448.09392       0.81765E+00
     5      16     816.25979       0.72574E+00
     6      31    1740.45362       0.67947E+00
     7      22    1216.27150       0.57530E+00
     8       8     466.30408      -0.52309E+00
     9      18     980.69450      -0.46335E+00
    10      24    1390.60174       0.42506E+00
    11      25    1424.55890      -0.38947E+00
    12      33    1836.22777      -0.37631E+00
    13      23    1248.90316      -0.35728E+00
    14      26    1435.11683      -0.32941E+00
    15       9     554.35596       0.26075E+00
    16      32    1797.57259       0.25784E+00
    17      11     615.30215      -0.22175E+00
    18      29    1501.54376       0.16615E+00
    19      19    1033.75068      -0.15658E+00
    20      34    3060.43265       0.58921E-01
    21      21    1172.72192      -0.52060E-01
    22      36    3138.36607       0.41911E-01
    23       4     280.12801      -0.39238E-01
    24      39    3667.32725      -0.36658E-01
    25      37    3217.67255       0.15848E-01
    26      38    3623.81582       0.11296E-02
    27       7     400.11563       0.20513E-09
    28       3     151.64402       0.68280E-10
    29       2     147.35940       0.33212E-10
    30      10     554.84763       0.19842E-10
    31      28    1476.81320       0.14687E-10
    32       5     296.02786       0.92315E-11
    33      17     928.47159       0.47192E-11
    34      20    1079.14556      -0.46083E-11
    35      15     779.88785       0.30254E-11
    36      12     671.02835       0.30100E-11
    37       1     108.57705      -0.25196E-11
    38      14     773.56315      -0.11318E-11
    39      35    3120.42538      -0.63377E-12
   
   
 MODES OF STATE2 IN ORDER OF DECREASING FR COUPL
 ESTIMATED BY THE MAGNITUDE OF THE 0-0 INTEGRAL
   IND    MODE2  FREQ   MODE1 FR    FR. SHIFT INV0-0
     1     1   108.57705         1   108.57705         0.00000         1.00000
     2     2   147.35940         2   147.35940         0.00000         1.00000
     3     3   151.64402         3   151.64402         0.00000         1.00000
     4     4   280.12801         4   280.12801         0.00000         1.00000
     5     5   296.02786         5   296.02786         0.00000         1.00000
     6     6   396.84793         6   396.84793         0.00000         1.00000
     7     7   400.11563         7   400.11563         0.00000         1.00000
     8     8   466.30408         8   466.30408         0.00000         1.00000
     9     9   554.35596         9   554.35596         0.00000         1.00000
    10    10   554.84763        10   554.84763         0.00000         1.00000
    11    11   615.30215        11   615.30215         0.00000         1.00000
    12    12   671.02835        12   671.02835         0.00000         1.00000
    13    13   744.60520        13   744.60520         0.00000         1.00000
    14    14   773.56315        14   773.56315         0.00000         1.00000
    15    15   779.88785        15   779.88785         0.00000         1.00000
    16    16   816.25979        16   816.25979         0.00000         1.00000
    17    17   928.47159        17   928.47159         0.00000         1.00000
    18    18   980.69450        18   980.69450         0.00000         1.00000
    19    19  1033.75068        19  1033.75068         0.00000         1.00000
    20    20  1079.14556        20  1079.14556         0.00000         1.00000
    21    21  1172.72192        21  1172.72192         0.00000         1.00000
    22    22  1216.27150        22  1216.27150         0.00000         1.00000
    23    23  1248.90316        23  1248.90316         0.00000         1.00000
    24    24  1390.60174        24  1390.60174         0.00000         1.00000
    25    25  1424.55890        25  1424.55890         0.00000         1.00000
    26    26  1435.11683        26  1435.11683         0.00000         1.00000
    27    27  1448.09392        27  1448.09392         0.00000         1.00000
    28    28  1476.81320        28  1476.81320         0.00000         1.00000
    29    29  1501.54376        29  1501.54376         0.00000         1.00000
    30    30  1524.18193        30  1524.18193         0.00000         1.00000
    31    31  1740.45362        31  1740.45362         0.00000         1.00000
    32    32  1797.57259        32  1797.57259         0.00000         1.00000
    33    33  1836.22777        33  1836.22777         0.00000         1.00000
    34    34  3060.43265        34  3060.43265         0.00000         1.00000
    35    35  3120.42538        35  3120.42538         0.00000         1.00000
    36    36  3138.36607        36  3138.36607         0.00000         1.00000
    37    37  3217.67255        37  3217.67255         0.00000         1.00000
    38    38  3623.81582        38  3623.81582         0.00000         1.00000
    39    39  3667.32725        39  3667.32725         0.00000         1.00000
   
   
  
  
 DIMENSIONLESS SHIFTS 
   IND     STATE1       STATE2
     1     0.25196E-11    -0.25196E-11
     2    -0.33212E-10     0.33212E-10
     3    -0.68280E-10     0.68280E-10
     4     0.39238E-01    -0.39238E-01
     5    -0.92315E-11     0.92315E-11
     6     0.10232E+01    -0.10232E+01
     7    -0.20513E-09     0.20513E-09
     8     0.52309E+00    -0.52309E+00
     9    -0.26075E+00     0.26075E+00
    10    -0.19842E-10     0.19842E-10
    11     0.22175E+00    -0.22175E+00
    12    -0.30100E-11     0.30100E-11
    13     0.92263E+00    -0.92263E+00
    14     0.11318E-11    -0.11318E-11
    15    -0.30254E-11     0.30254E-11
    16    -0.72574E+00     0.72574E+00
    17    -0.47192E-11     0.47192E-11
    18     0.46335E+00    -0.46335E+00
    19     0.15658E+00    -0.15658E+00
    20     0.46083E-11    -0.46083E-11
    21     0.52060E-01    -0.52060E-01
    22    -0.57530E+00     0.57530E+00
    23     0.35728E+00    -0.35728E+00
    24    -0.42506E+00     0.42506E+00
    25     0.38947E+00    -0.38947E+00
    26     0.32941E+00    -0.32941E+00
    27    -0.81765E+00     0.81765E+00
    28    -0.14687E-10     0.14687E-10
    29    -0.16615E+00     0.16615E+00
    30    -0.13522E+01     0.13522E+01
    31    -0.67947E+00     0.67947E+00
    32    -0.25784E+00     0.25784E+00
    33     0.37631E+00    -0.37631E+00
    34    -0.58921E-01     0.58921E-01
    35     0.63377E-12    -0.63377E-12
    36    -0.41911E-01     0.41911E-01
    37    -0.15848E-01     0.15848E-01
    38    -0.11296E-02     0.11296E-02
    39     0.36658E-01    -0.36658E-01
  SUM SQUARED DIMENSIONLESS DISPL STATE1        7.1598
  SUM SQUARED DIMENSIONLESS DISPL STATE2        7.1598
  VALUE STATE1 GROUND VIB WAVEFUN AT GEO2       0.0279
  VALUE STATE2 GROUND VIB WAVEFUN AT GEO1       0.0279
  VALUE STATE1 GROUND VIB WAVEFUN AT (GEO1+GEO2)/2      0.4086
  VALUE STATE2 GROUND VIB WAVEFUN AT (GEO1+GEO2)/2      0.4086

 Printing Duschinski matrix to 'duschinsky.dat'


 Printing Shift vector to 'displacement.dat'


NOTE: DE read from input:   6.732 (eV)                                                                    
 


 ===========================
  REORGANIZATION ENERGY
 ===========================
     0.018455  (Hartree)
     0.502174  (eV)


 ------------------------------------------------------
 Extrapolation form (generalized) vertical point:
 ------------------------------------------------------
 Extrapolated vertical energy:        6.73150  (eV)
 Extrapolated adiabatic energy:       6.73150  (eV)
 Extrapolated reorg. energy   :       0.00000  (eV)
 ------------------------------------------------------



 ===============================
  ZERO-POINT ENERGY CORRECTIONS 
 ===============================


                    ZERO POINT ENERGY IN CM-1
    E01=     25410.01    E02=     25410.01


                    0-0 ENERGY DIFFERENCE
       6.22933 eV


                    ADIABATIC ENERGY     
       6.22933 eV




 ====================

  TRANSITION DIPOLES 

 ====================
 Model for tr. dipoles: FC
 Reading electric dipole file: eldip_Thymine6311-es6_fchk
 


 ================= 
  TRANSITION INFO  
 ================= 
            DATA FOR VERTICAL TRANSITION 
  electric transition dipoles (au) at initial GEO 1
           -1.14775318    0.08774409   -0.00000000
  electric transition dipoles (au) at initial GEO 2
           -1.14775318    0.08774409   -0.00000000
  Square tr dipoles: geo1  1.32503639  geo2   1.32503639  Diff (d1-d2)/d1    0.0000 %
   
 ------------------
  State2 -> State1
 ------------------
 Reorganization Energy (eV) on State1        0.502174
 Vertical emission energy (eV)               5.727156
 Fluorescence lifetime from minimum (ns)  3.779197E+00
 ********************************************** 
   
 ------------------
  State1 -> State2
 ------------------
 Reorganization Energy on State2 (eV)        0.502174
 Vertical absorption energy (eV)             6.731503
 Absorption oscillator strength           2.185233E-01
 ********************************************** 
   

NOTE: Spectra resolution set to:  0.00400                                                                 
 

NOTE: To ensure exact match of TI and TD resuls, final spectral range reset to:    4.0000-                
       9.0000(eV)                                                                                         
 

 ----------------------------------------
 Refined spectral range for simulations: 
  nene       =      1251
  From E(eV) =    4.0000
  To   E(eV) =    9.0000
 
 Related time-domain parameters
 (with energy shift & extended range):
  ntime =          652
  dt    =       0.7929
  tfin  =     516.5620
 Shift info (for external FT)
  dE_ext=  0.104000    
  Eshift=   3.89600    
 ----------------------------------------


NOTE: Changing Ead to optimize TD method before entering the spectrum calculation.Ead(original)=          
        6.229 (eV); Ead(shifted )=   2.333 (eV)                                                           
 


 ____________________________________________
  ============================================
  PROGRAM: td_onephoton
   Compute vibronic spectra with a harmonic 
   TD formulation                           
                                            
  References:                               
   Comput Theoret Chem, 1040--1041, 186-194 (2014)
 ____________________________________________
  ============================================
 
 SUMMARY OF CALCULATION OPTIONS
 -------------------------------
 Adiabatic Energy (eV)  :   2.3333

 Tipe of transition     : ABS-ECDNO

 Dipole aproximation    : FC-FC
 El. dipole at ref geom :    -1.15       0.877E-01  -0.538E-14

 Numerical evaluation of xi(t)
         Total time (fs):   516.562
         Nr data points : 652
         Time step (fs) :  0.793    

 Broad. function        : GAU  
 Broad. exponent        :    7.794E-07
 Broad. order           : 2
 -------------------------------

 Computing correlation functions over 652 points

 Calling FFT with 1304 points


 Entering in fft_calc subroutine (FFTW)
 Ndata: 1304
 tini and tfin  -516.562     516.562

 df  9.671957840330411E-004
 dt  0.792881005380783     
 =========== tdspectra finished ===========  
 Timing...
  CPU (s) for tdspectra :       0.140
 ==========================================
                                           



===============================

 SUMMARY OF NOTES AND WARNINGS

===============================
 ---------------------------------
 6 notes raised along the run
 Look for NOTE in the output
 ---------------------------------

 
 ****************** FCclasses finished *******************
 Timing...   
  CPU (s)       0.162
 *********************************************************
 
 FCclasses finished successfully
