 
                                                    \ /               
                                              ..-'''-*-               
                                              \.-'''\ \               
      _____ _____      _                             | |              
     |  ___/  __ \    | |                         __/ /               
     | |_  | /  \/ ___| | __ _ ___ ___  ___  ___ |_  '.               
     |  _| | |    / __| |/ _` / __/ __|/ _ \/ __|   `.  \             
     | |   | \__/\ (__| | (_| \__ \__ \  __/\__ \     \ '.            
     \_|    \____/\___|_|\__,_|___/___/\___||___/      , |            
                                                       | |            
                                                      / ,'            
                                              -....--'  /             
                                              `.. __..-'              
                                                                      
 ********************************************************* 
   FCCLASSES3:                                             
   A code for vibronic simulations                         
                                                           
                                                           
 ********************************************************* 


 GIT VERSION INFO
  Commit id  : v3-1.0-2-g78ec1d1-dirty
  Commit date: 2022-07-22 10:24:13 +0200

 CURRENT RUN INFO
  Date&Time  : 2022-11-22, 15:35:10
  Input file : STDIN
  Input type : NEW



 INPUT OPTIONS:
-------------------------------
$$$
;GENERAL OPTIONS:
; NAT        = (read from structure files)
; NVIB       = (determined vibrational analysis)
PROPERTY     =   OPA   
MODEL        =   VG   
DIPOLE       =   FC   
DIPDER_COORD =   CARTESIAN  
TEMP         =     0.00
DE           =   5.38710
BROADFUN     =   GAU  
HWHM         =   0.0400
RESOL        =   0.0040  ; (default: HWHM/10)
METHOD       =   TD   
ROT          =   1
SPCMIN       =     4.000
SPCMAX       =     9.000
;VIBRATIONAL ANALYSIS
NORMALMODES  =   COMPUTE  
RM_COORD     =   NONE    
COORDS       =   CARTESIAN  
FORCE_REAL   =   YES  
;INPUT DATA FILES
STATE1_FILE  =   Adenine6311-tddft.fchk
STATE2_FILE  =   Adenine6311-es2.fchk
MASS_FILE    =   
ELDIP_FILE   =   eldip_Adenine6311-es2_fchk
MAGDIP_FILE  =   magdip_Adenine6311-es2_fchk
NAC_FILE     =   
NRCOUP_FILE  =   eldip_Adenine6311-es2_fchk
HESS1_FILE   =   Adenine6311-tddft.fchk
HESS2_FILE   =   Adenine6311-tddft.fchk
GRAD1_FILE   =   Adenine6311-tddft.fchk
GRAD2_COORD  =   CARTESIAN
GRAD2_FILE   =   Adenine6311-es2.fchk
;VERBOSE LEVEL
VERBOSE      =   1
  
-------------------------------



 ==> State 1 <==

 Geometry file: Adenine6311-tddft.fchk


 Gradient file: Adenine6311-tddft.fchk

NOTE: The calculation for this State will assume non-stationary point since the gradient                  
      is not negligible (maximum atomic gradient:   0.115792 a.u.)                                        
 
 Hessian file: Adenine6311-tddft.fchk



 ---------------------------------------
  Check effect of symmetry operations
  on Hessian elements (or gs^t\beta)
 ---------------------------------------

 Using input geometry instead of rotating to principal axis of intertia to detect symmetry

 
 Sigma(xy) symmetry element found
 
 Symmetry operation  : 1
 Max abs difference  :   0.000000
    original value   :   0.000000
    transformed value:  -0.000000
    Rel difference(%): 200.000000

 ---------------------------------------



 =========================
  ANALYSIS OF DOFs
 =========================

 => STATE 1 <=
 Geometry (Angstroms)
 15    # Nr. of atoms
   Atom       X         Y         Z      Mass
C          0.6646   -2.0218    0.0000   12.0000
N          1.6590   -1.1278    0.0000   14.0031
C          1.3539    0.1713    0.0000   12.0000
C          0.0000    0.5433    0.0000   12.0000
C         -0.9187   -0.4955    0.0000   12.0000
N         -0.6416   -1.7989    0.0000   14.0031
H          0.9735   -3.0620    0.0000    1.0078
N          2.3483    1.0808    0.0000   14.0031
H          3.3017    0.7614    0.0000    1.0078
H          2.1374    2.0637    0.0000    1.0078
N         -0.6332    1.7704    0.0000   14.0031
N         -2.1427    0.1235    0.0000   14.0031
C         -1.8993    1.4766    0.0000   12.0000
H         -3.0384   -0.3378    0.0000    1.0078
H         -2.7054    2.1951    0.0000    1.0078
 

 ------------------------------------------------
   INERTIA TENSOR (to be multiplied by 10**5)
 ------------------------------------------------

             1           2           3
  
    1     4.10006     0.66383     0.00000
    2     0.66383     5.56644     0.00000
    3     0.00000     0.00000     9.66649
 ------------------------------------------------


 ------------------------------------------------
   ROTATIONAL CONSTANTS (AND ROTATION MATRIX)
 ------------------------------------------------

 ROOT NO.    1           2           3

    ************************************
  
    1    -0.93309     0.35965     0.00000
    2     0.35965     0.93309     0.00000
    3     0.00000     0.00000     1.00000
 ------------------------------------------------

  Rotational constants (GHz)
     2.39648     1.58228     0.95303
  Rotational temperatures (K)
     0.11501     0.07594     0.04574


 -------------------
  DOF   Dimension
 -------------------
  Vib    39
  Rot    3
  Tra    3
 -------------------


 Translating State1 to its Center of Mass
 Initial COM:      -0.0049     -0.0119      0.0000


 ================================
  VIBRATIONAL ANALYSIS ON STATE1
 ================================

 ----------------------------------
   Redundant Frequencies (cm-1)
 ----------------------------------
     1    -0.00006
     2    -0.00003
     3    -0.00001
     4     0.00001
     5     0.00002
     6     0.00003
 ----------------------------------


 ------------------------
   FREQUENCIES (cm-1)
 ------------------------
     1 -2114.42494
     2  -505.44143
     3  -413.62380
     4  -352.01508
     5   104.48019
     6   255.41696
     7   270.07857
     8   359.39940
     9   394.88019
    10   464.20180
    11   466.25400
    12   507.79865
    13   541.83019
    14   568.78235
    15   675.30578
    16   698.79444
    17   714.02377
    18   714.03001
    19   844.44986
    20   935.09785
    21  1009.79865
    22  1081.90310
    23  1142.50121
    24  1201.70784
    25  1265.02814
    26  1292.62575
    27  1365.23901
    28  1437.97092
    29  1464.44645
    30  1491.58033
    31  1553.09496
    32  1569.68082
    33  1609.96568
    34  1655.50311
    35  3176.61852
    36  3251.33782
    37  3633.06805
    38  3677.61768
    39  3764.37245
 ------------------------

 =====================
  THERMOCHEMISTRY     
 =====================
  Temperature (K):    0.00
  Pressure (atm) :    1.00
 
  Rotational constants (GHz)
     2.39648     1.58228     0.95303
  Rotational temperatures (K)
     0.11501     0.07594     0.04574
 
           1  -2114.42493975617     

WARNING: Imaginary frequency ignored                                                                         
 
           2  -505.441432421228     

WARNING: Imaginary frequency ignored                                                                         
 
           3  -413.623795609789     

WARNING: Imaginary frequency ignored                                                                         
 
           4  -352.015082835847     

WARNING: Imaginary frequency ignored                                                                         
 
  Partition Functions
  qt =      0.000    
  qr =      0.000    
  qv =      0.000    
 
  Contributions to entropy
  St (cm-1/K) = -Infinity
  Sr (cm-1/K) = -Infinity
  Sv (cm-1/K) =       NaN
 
  Thermal corrections (AU)
  Zero Point Energy =   0.102880    
  Internal Energy   =   0.102880    
  Enthalpy          =   0.102880    
  Gibbs Free Energy =            NaN
 
  Thermal corrections (AU) - vibrational only
  Number of vibrations:      39
  V-internal Energy   =   0.102880    
  V-enthalpy          =   0.102880    
  V-gibbs Free Energy =            NaN


 ==> State 2 <==

 Geometry file: Adenine6311-es2.fchk


 Gradient file: Adenine6311-es2.fchk

NOTE: The calculation for this State will assume non-stationary point since the gradient                  
      is not negligible (maximum atomic gradient:   0.069714 a.u.)                                        
 
 Hessian file: Adenine6311-tddft.fchk


 Combination abs/ECDNO
 A standard one-photon absorption calculation  will be performed


 =========================
  ANALYSIS OF DOFs
 =========================

 => STATE 2 <=
 Geometry (Angstroms)
 15    # Nr. of atoms
   Atom       X         Y         Z      Mass
C          0.6646   -2.0218    0.0000   12.0000
N          1.6590   -1.1278    0.0000   14.0031
C          1.3539    0.1713    0.0000   12.0000
C          0.0000    0.5433    0.0000   12.0000
C         -0.9187   -0.4955    0.0000   12.0000
N         -0.6416   -1.7989    0.0000   14.0031
H          0.9735   -3.0620    0.0000    1.0078
N          2.3483    1.0808    0.0000   14.0031
H          3.3017    0.7614    0.0000    1.0078
H          2.1374    2.0637    0.0000    1.0078
N         -0.6332    1.7704    0.0000   14.0031
N         -2.1427    0.1235    0.0000   14.0031
C         -1.8993    1.4766    0.0000   12.0000
H         -3.0384   -0.3378    0.0000    1.0078
H         -2.7054    2.1951    0.0000    1.0078
 

 ------------------------------------------------
   INERTIA TENSOR (to be multiplied by 10**5)
 ------------------------------------------------

             1           2           3
  
    1     4.10006     0.66383     0.00000
    2     0.66383     5.56644     0.00000
    3     0.00000     0.00000     9.66649
 ------------------------------------------------


 ------------------------------------------------
   ROTATIONAL CONSTANTS (AND ROTATION MATRIX)
 ------------------------------------------------

 ROOT NO.    1           2           3

    ************************************
  
    1    -0.93309     0.35965     0.00000
    2     0.35965     0.93309     0.00000
    3     0.00000     0.00000     1.00000
 ------------------------------------------------

  Rotational constants (GHz)
     2.39648     1.58228     0.95303
  Rotational temperatures (K)
     0.11501     0.07594     0.04574


 -------------------
  DOF   Dimension
 -------------------
  Vib    39
  Rot    3
  Tra    3
 -------------------


 Translating State2 to its Center of Mass
 Initial COM:      -0.0049     -0.0119      0.0000


 ================================
  VIBRATIONAL ANALYSIS ON STATE2
 ================================

Normal modes read from State1 for VG


 ------------------------
   FREQUENCIES (cm-1)
 ------------------------
     1 -2114.42494
     2  -505.44143
     3  -413.62380
     4  -352.01508
     5   104.48019
     6   255.41696
     7   270.07857
     8   359.39940
     9   394.88019
    10   464.20180
    11   466.25400
    12   507.79865
    13   541.83019
    14   568.78235
    15   675.30578
    16   698.79444
    17   714.02377
    18   714.03001
    19   844.44986
    20   935.09785
    21  1009.79865
    22  1081.90310
    23  1142.50121
    24  1201.70784
    25  1265.02814
    26  1292.62575
    27  1365.23901
    28  1437.97092
    29  1464.44645
    30  1491.58033
    31  1553.09496
    32  1569.68082
    33  1609.96568
    34  1655.50311
    35  3176.61852
    36  3251.33782
    37  3633.06805
    38  3677.61768
    39  3764.37245
 ------------------------


 -------------------------------------
   State2 Gradient (Q1-space) x1e5
 -------------------------------------
     1     0.00000
     2    16.75614
     3     0.00000
     4    -0.00000
     5     0.00000
     6    -2.39656
     7     0.00000
     8     0.00000
     9    -0.00000
    10    -6.36376
    11    -0.00000
    12    -1.36873
    13     0.00000
    14    -5.89113
    15    -0.00000
    16     0.00000
    17    -0.58979
    18     0.00000
    19    -1.94346
    20     7.10853
    21     2.13086
    22    25.08423
    23    -1.63448
    24    38.87904
    25    -6.96262
    26    19.59057
    27   -42.88881
    28    20.98764
    29    -0.08103
    30    18.28723
    31   -30.14831
    32    47.70986
    33   -35.61832
    34   -16.32452
    35     7.49909
    36    10.53754
    37   -10.17577
    38    -1.65949
    39     0.20646
 -------------------------------------




                 ASSIGNMENTS AND ANALYSIS OF 1 WITH RESPECT TO 2
 STATE 1                              MODES STATE 2
IND DEF    FREQUENCY     SHIFT    I21 C21  I22 C22   I23 C23     FR(I21)  I90 I95 I99
   1  P    -2114.42     0.00000    1 1.00    2 0.00    3 0.00       0.00   1   1   1
   2  P     -505.44    31.59373    2 1.00    1 0.00    3 0.00       0.00   1   1   1
   3  P     -413.62     0.00000    3 1.00    2 0.00    1 0.00       0.00   1   1   1
   4  P     -352.02    -0.00000    4 1.00    2 0.00    3 0.00       0.00   1   1   1
   5  P      104.48    -0.00000    5 1.00    2 0.00    3 0.00       0.00   1   1   1
   6  P      255.42    17.69527    6 1.00    2 0.00    3 0.00       0.00   1   1   1
   7  P      270.08    -0.00000    7 1.00    2 0.00    3 0.00       0.00   1   1   1
   8  P      359.40    -0.00000    8 1.00    2 0.00    3 0.00       0.00   1   1   1
   9  P      394.88     0.00000    9 1.00    2 0.00    3 0.00       0.00   1   1   1
  10  P      464.20    14.22554   10 1.00    2 0.00    3 0.00       0.00   1   1   1
  11  P      466.25     0.00000   11 1.00    2 0.00    3 0.00       0.00   1   1   1
  12  P      507.80     2.55685   12 1.00    2 0.00    3 0.00       0.00   1   1   1
  13  P      541.83    -0.00000   13 1.00    2 0.00    3 0.00       0.00   1   1   1
  14  P      568.78     8.77153   14 1.00    2 0.00    3 0.00       0.00   1   1   1
  15  P      675.31     0.00000   15 1.00    2 0.00    3 0.00       0.00   1   1   1
  16  P      698.79    -0.00000   16 1.00    2 0.00    3 0.00       0.00   1   1   1
  17  P      714.02     0.55723   17 1.00    2 0.00    3 0.00       0.00   1   1   1
  18  P      714.03    -0.00000   18 1.00    2 0.00    3 0.00       0.00   1   1   1
  19  P      844.45     1.31280   19 1.00    2 0.00    3 0.00       0.00   1   1   1
  20  P      935.10    -3.91593   20 1.00    2 0.00    3 0.00       0.00   1   1   1
  21  P     1009.80    -1.00659   21 1.00    2 0.00    3 0.00       0.00   1   1   1
  22  P     1081.90   -10.32269   22 1.00    2 0.00    3 0.00       0.00   1   1   1
  23  P     1142.50     0.60316   23 1.00    2 0.00    3 0.00       0.00   1   1   1
  24  P     1201.71   -12.96840   24 1.00    2 0.00    3 0.00       0.00   1   1   1
  25  P     1265.03     2.09576   25 1.00    2 0.00    3 0.00       0.00   1   1   1
  26  P     1292.63    -5.64768   26 1.00    2 0.00    3 0.00       0.00   1   1   1
  27  P     1365.24    11.08397   27 1.00    2 0.00    3 0.00       0.00   1   1   1
  28  P     1437.97    -4.88914   28 1.00    2 0.00    3 0.00       0.00   1   1   1
  29  P     1464.45     0.01820   29 1.00    2 0.00    3 0.00       0.00   1   1   1
  30  P     1491.58    -3.95935   30 1.00    2 0.00    3 0.00       0.00   1   1   1
  31  P     1553.09     6.02054   31 1.00    2 0.00    3 0.00       0.00   1   1   1
  32  P     1569.68    -9.32726   32 1.00    2 0.00    3 0.00       0.00   1   1   1
  33  P     1609.97     6.61925   33 1.00    2 0.00    3 0.00       0.00   1   1   1
  34  P     1655.50     2.86912   34 1.00    2 0.00    3 0.00       0.00   1   1   1
  35  P     3176.62    -0.35797   35 1.00    2 0.00    3 0.00       0.00   1   1   1
  36  P     3251.34    -0.48016   36 1.00    2 0.00    3 0.00       0.00   1   1   1
  37  P     3633.07     0.37135   37 1.00    2 0.00    3 0.00       0.00   1   1   1
  38  P     3677.62     0.05910   38 1.00    2 0.00    3 0.00       0.00   1   1   1
  39  P     3764.37    -0.00702   39 1.00    2 0.00    3 0.00       0.00   1   1   1
   
 *********************************************************** 
  
  AVERAGE MAX PROJECTION     1.000000    St Dev   0.000000
  AVERAGE FREQ DIFF          0.000000    St Dev   0.000000
  AVERAGE ABS FREQ DIFF      0.000000    St Dev   0.000000
  AVERAGE ABS DISPLACE       1.373621    St Dev   7.496221
  SUM DISPL**2            2265.126618
  
 *********************************************************** 
  



                 ASSIGNMENTS AND ANALYSIS OF 2 WITH RESPECT TO 1
 STATE 2                              MODES STATE 1
IND DEF    FREQUENCY     SHIFT    I11 C11  I12 C12   I13 C13     FR(I11)  I90 I95 I99
   1  P    -2114.42    -0.00000    1 1.00    2 0.00    3 0.00       0.00   1   1   1
   2  P     -505.44   -31.59373    2 1.00    1 0.00    3 0.00       0.00   1   1   1
   3  P     -413.62    -0.00000    3 1.00    2 0.00    1 0.00       0.00   1   1   1
   4  P     -352.02     0.00000    4 1.00    2 0.00    3 0.00       0.00   1   1   1
   5  P      104.48     0.00000    5 1.00    2 0.00    3 0.00       0.00   1   1   1
   6  P      255.42   -17.69527    6 1.00    2 0.00    3 0.00       0.00   1   1   1
   7  P      270.08     0.00000    7 1.00    2 0.00    3 0.00       0.00   1   1   1
   8  P      359.40     0.00000    8 1.00    2 0.00    3 0.00       0.00   1   1   1
   9  P      394.88    -0.00000    9 1.00    2 0.00    3 0.00       0.00   1   1   1
  10  P      464.20   -14.22554   10 1.00    2 0.00    3 0.00       0.00   1   1   1
  11  P      466.25    -0.00000   11 1.00    2 0.00    3 0.00       0.00   1   1   1
  12  P      507.80    -2.55685   12 1.00    2 0.00    3 0.00       0.00   1   1   1
  13  P      541.83     0.00000   13 1.00    2 0.00    3 0.00       0.00   1   1   1
  14  P      568.78    -8.77153   14 1.00    2 0.00    3 0.00       0.00   1   1   1
  15  P      675.31    -0.00000   15 1.00    2 0.00    3 0.00       0.00   1   1   1
  16  P      698.79     0.00000   16 1.00    2 0.00    3 0.00       0.00   1   1   1
  17  P      714.02    -0.55723   17 1.00    2 0.00    3 0.00       0.00   1   1   1
  18  P      714.03     0.00000   18 1.00    2 0.00    3 0.00       0.00   1   1   1
  19  P      844.45    -1.31280   19 1.00    2 0.00    3 0.00       0.00   1   1   1
  20  P      935.10     3.91593   20 1.00    2 0.00    3 0.00       0.00   1   1   1
  21  P     1009.80     1.00659   21 1.00    2 0.00    3 0.00       0.00   1   1   1
  22  P     1081.90    10.32269   22 1.00    2 0.00    3 0.00       0.00   1   1   1
  23  P     1142.50    -0.60316   23 1.00    2 0.00    3 0.00       0.00   1   1   1
  24  P     1201.71    12.96840   24 1.00    2 0.00    3 0.00       0.00   1   1   1
  25  P     1265.03    -2.09576   25 1.00    2 0.00    3 0.00       0.00   1   1   1
  26  P     1292.63     5.64768   26 1.00    2 0.00    3 0.00       0.00   1   1   1
  27  P     1365.24   -11.08397   27 1.00    2 0.00    3 0.00       0.00   1   1   1
  28  P     1437.97     4.88914   28 1.00    2 0.00    3 0.00       0.00   1   1   1
  29  P     1464.45    -0.01820   29 1.00    2 0.00    3 0.00       0.00   1   1   1
  30  P     1491.58     3.95935   30 1.00    2 0.00    3 0.00       0.00   1   1   1
  31  P     1553.09    -6.02054   31 1.00    2 0.00    3 0.00       0.00   1   1   1
  32  P     1569.68     9.32726   32 1.00    2 0.00    3 0.00       0.00   1   1   1
  33  P     1609.97    -6.61925   33 1.00    2 0.00    3 0.00       0.00   1   1   1
  34  P     1655.50    -2.86912   34 1.00    2 0.00    3 0.00       0.00   1   1   1
  35  P     3176.62     0.35797   35 1.00    2 0.00    3 0.00       0.00   1   1   1
  36  P     3251.34     0.48016   36 1.00    2 0.00    3 0.00       0.00   1   1   1
  37  P     3633.07    -0.37135   37 1.00    2 0.00    3 0.00       0.00   1   1   1
  38  P     3677.62    -0.05910   38 1.00    2 0.00    3 0.00       0.00   1   1   1
  39  P     3764.37     0.00702   39 1.00    2 0.00    3 0.00       0.00   1   1   1
   
 *********************************************************** 
  
  AVERAGE MAX PROJECTION     1.000000    St Dev   0.000000
  AVERAGE FREQ DIFF          0.000000    St Dev   0.000000
  AVERAGE ABS FREQ DIFF      0.000000    St Dev   0.000000
  AVERAGE ABS DISPLACE      -1.373621    St Dev   7.496221
  SUM DISPL**2            2265.126618
  
 *********************************************************** 
  

 ADDITIONAL ANALYSIS ON DUSCHINSKY MATRIX
 ----------------------------------------
  Determinant:     1.0000

  ** A = GM·GMT **
  Det(A)     :     1.0000
  Trace(A)   :    39.0000
  Det(A-I)   :     0.0000
  Trace(A-I) :     0.0000
 ----------------------------------------

   
   
 STATE1 MODES SORTED BY DECREASING DIMENSIONLESS SHIFT
   IND    MODE    FREQUENCY DIMENSIONLESS SHIFT
     1       1    **********               NaN
     2       2    -505.44143               NaN
     3       3    -413.62380               NaN
     4       4    -352.01508               NaN
     5      24    1201.70784      -0.95961E+00
     6      27    1365.23901       0.87419E+00
     7      32    1569.68082      -0.78880E+00
     8      22    1081.90310      -0.72476E+00
     9      10     464.20180       0.65423E+00
    10       6     255.41696       0.60366E+00
    11      33    1609.96568       0.56692E+00
    12      31    1553.09496       0.50646E+00
    13      14     568.78235       0.44654E+00
    14      26    1292.62575      -0.43343E+00
    15      28    1437.97092      -0.39574E+00
    16      30    1491.58033      -0.32640E+00
    17      20     935.09785      -0.25561E+00
    18      34    1655.50311       0.24919E+00
    19      25    1265.02814       0.15911E+00
    20      12     507.79865       0.12299E+00
    21      19     844.44986       0.81431E-01
    22      21    1009.79865      -0.68278E-01
    23      36    3251.33782      -0.58442E-01
    24      37    3633.06805       0.47779E-01
    25      23    1142.50121       0.43518E-01
    26      35    3176.61852      -0.43066E-01
    27      17     714.02377       0.31784E-01
    28      38    3677.61768       0.76507E-02
    29      29    1464.44645       0.14867E-02
    30      39    3764.37245      -0.91911E-03
    31      18     714.03001      -0.95818E-11
    32      11     466.25400       0.16217E-11
    33       5     104.48019      -0.14378E-11
    34       8     359.39940      -0.55001E-12
    35       7     270.07857      -0.39710E-12
    36      16     698.79444      -0.23461E-12
    37      13     541.83019      -0.17535E-12
    38       9     394.88019       0.88051E-13
    39      15     675.30578       0.37847E-13
   
   
 MODES OF STATE1 IN ORDER OF DECREASING FR COUPL
 ESTIMATED BY THE MAGNITUDE OF THE 0-0 INTEGRAL
   IND    MODE1  FREQ   MODE2 FR    FR. SHIFT INV0-0
     1     1  **********         1  **********         0.00000         1.00000
     2     2  -505.44143         2  -505.44143         0.00000         1.00000
     3     3  -413.62380         3  -413.62380         0.00000         1.00000
     4     4  -352.01508         4  -352.01508         0.00000         1.00000
     5     5   104.48019         5   104.48019         0.00000         1.00000
     6     6   255.41696         6   255.41696         0.00000         1.00000
     7     7   270.07857         7   270.07857         0.00000         1.00000
     8     8   359.39940         8   359.39940         0.00000         1.00000
     9     9   394.88019         9   394.88019         0.00000         1.00000
    10    10   464.20180        10   464.20180         0.00000         1.00000
    11    11   466.25400        11   466.25400         0.00000         1.00000
    12    12   507.79865        12   507.79865         0.00000         1.00000
    13    13   541.83019        13   541.83019         0.00000         1.00000
    14    14   568.78235        14   568.78235         0.00000         1.00000
    15    15   675.30578        15   675.30578         0.00000         1.00000
    16    16   698.79444        16   698.79444         0.00000         1.00000
    17    17   714.02377        17   714.02377         0.00000         1.00000
    18    18   714.03001        18   714.03001         0.00000         1.00000
    19    19   844.44986        19   844.44986         0.00000         1.00000
    20    20   935.09785        20   935.09785         0.00000         1.00000
    21    21  1009.79865        21  1009.79865         0.00000         1.00000
    22    22  1081.90310        22  1081.90310         0.00000         1.00000
    23    23  1142.50121        23  1142.50121         0.00000         1.00000
    24    24  1201.70784        24  1201.70784         0.00000         1.00000
    25    25  1265.02814        25  1265.02814         0.00000         1.00000
    26    26  1292.62575        26  1292.62575         0.00000         1.00000
    27    27  1365.23901        27  1365.23901         0.00000         1.00000
    28    28  1437.97092        28  1437.97092         0.00000         1.00000
    29    29  1464.44645        29  1464.44645         0.00000         1.00000
    30    30  1491.58033        30  1491.58033         0.00000         1.00000
    31    31  1553.09496        31  1553.09496         0.00000         1.00000
    32    32  1569.68082        32  1569.68082         0.00000         1.00000
    33    33  1609.96568        33  1609.96568         0.00000         1.00000
    34    34  1655.50311        34  1655.50311         0.00000         1.00000
    35    35  3176.61852        35  3176.61852         0.00000         1.00000
    36    36  3251.33782        36  3251.33782         0.00000         1.00000
    37    37  3633.06805        37  3633.06805         0.00000         1.00000
    38    38  3677.61768        38  3677.61768         0.00000         1.00000
    39    39  3764.37245        39  3764.37245         0.00000         1.00000
   
   
   
   
 STATE2 MODES SORTED BY DECREASING DIMENSIONLESS SHIFT
   IND    MODE    FREQUENCY DIMENSIONLESS SHIFT
     1       1    **********               NaN
     2       2    -505.44143               NaN
     3       3    -413.62380               NaN
     4       4    -352.01508               NaN
     5      24    1201.70784       0.95961E+00
     6      27    1365.23901      -0.87419E+00
     7      32    1569.68082       0.78880E+00
     8      22    1081.90310       0.72476E+00
     9      10     464.20180      -0.65423E+00
    10       6     255.41696      -0.60366E+00
    11      33    1609.96568      -0.56692E+00
    12      31    1553.09496      -0.50646E+00
    13      14     568.78235      -0.44654E+00
    14      26    1292.62575       0.43343E+00
    15      28    1437.97092       0.39574E+00
    16      30    1491.58033       0.32640E+00
    17      20     935.09785       0.25561E+00
    18      34    1655.50311      -0.24919E+00
    19      25    1265.02814      -0.15911E+00
    20      12     507.79865      -0.12299E+00
    21      19     844.44986      -0.81431E-01
    22      21    1009.79865       0.68278E-01
    23      36    3251.33782       0.58442E-01
    24      37    3633.06805      -0.47779E-01
    25      23    1142.50121      -0.43518E-01
    26      35    3176.61852       0.43066E-01
    27      17     714.02377      -0.31784E-01
    28      38    3677.61768      -0.76507E-02
    29      29    1464.44645      -0.14867E-02
    30      39    3764.37245       0.91911E-03
    31      18     714.03001       0.95818E-11
    32      11     466.25400      -0.16217E-11
    33       5     104.48019       0.14378E-11
    34       8     359.39940       0.55001E-12
    35       7     270.07857       0.39710E-12
    36      16     698.79444       0.23461E-12
    37      13     541.83019       0.17535E-12
    38       9     394.88019      -0.88051E-13
    39      15     675.30578      -0.37847E-13
   
   
 MODES OF STATE2 IN ORDER OF DECREASING FR COUPL
 ESTIMATED BY THE MAGNITUDE OF THE 0-0 INTEGRAL
   IND    MODE2  FREQ   MODE1 FR    FR. SHIFT INV0-0
     1     1  **********         1  **********         0.00000         1.00000
     2     2  -505.44143         2  -505.44143         0.00000         1.00000
     3     3  -413.62380         3  -413.62380         0.00000         1.00000
     4     4  -352.01508         4  -352.01508         0.00000         1.00000
     5     5   104.48019         5   104.48019         0.00000         1.00000
     6     6   255.41696         6   255.41696         0.00000         1.00000
     7     7   270.07857         7   270.07857         0.00000         1.00000
     8     8   359.39940         8   359.39940         0.00000         1.00000
     9     9   394.88019         9   394.88019         0.00000         1.00000
    10    10   464.20180        10   464.20180         0.00000         1.00000
    11    11   466.25400        11   466.25400         0.00000         1.00000
    12    12   507.79865        12   507.79865         0.00000         1.00000
    13    13   541.83019        13   541.83019         0.00000         1.00000
    14    14   568.78235        14   568.78235         0.00000         1.00000
    15    15   675.30578        15   675.30578         0.00000         1.00000
    16    16   698.79444        16   698.79444         0.00000         1.00000
    17    17   714.02377        17   714.02377         0.00000         1.00000
    18    18   714.03001        18   714.03001         0.00000         1.00000
    19    19   844.44986        19   844.44986         0.00000         1.00000
    20    20   935.09785        20   935.09785         0.00000         1.00000
    21    21  1009.79865        21  1009.79865         0.00000         1.00000
    22    22  1081.90310        22  1081.90310         0.00000         1.00000
    23    23  1142.50121        23  1142.50121         0.00000         1.00000
    24    24  1201.70784        24  1201.70784         0.00000         1.00000
    25    25  1265.02814        25  1265.02814         0.00000         1.00000
    26    26  1292.62575        26  1292.62575         0.00000         1.00000
    27    27  1365.23901        27  1365.23901         0.00000         1.00000
    28    28  1437.97092        28  1437.97092         0.00000         1.00000
    29    29  1464.44645        29  1464.44645         0.00000         1.00000
    30    30  1491.58033        30  1491.58033         0.00000         1.00000
    31    31  1553.09496        31  1553.09496         0.00000         1.00000
    32    32  1569.68082        32  1569.68082         0.00000         1.00000
    33    33  1609.96568        33  1609.96568         0.00000         1.00000
    34    34  1655.50311        34  1655.50311         0.00000         1.00000
    35    35  3176.61852        35  3176.61852         0.00000         1.00000
    36    36  3251.33782        36  3251.33782         0.00000         1.00000
    37    37  3633.06805        37  3633.06805         0.00000         1.00000
    38    38  3677.61768        38  3677.61768         0.00000         1.00000
    39    39  3764.37245        39  3764.37245         0.00000         1.00000
   
   
  
  
 DIMENSIONLESS SHIFTS 
   IND     STATE1       STATE2
     1             NaN             NaN
     2             NaN             NaN
     3             NaN             NaN
     4             NaN             NaN
     5    -0.14378E-11     0.14378E-11
     6     0.60366E+00    -0.60366E+00
     7    -0.39710E-12     0.39710E-12
     8    -0.55001E-12     0.55001E-12
     9     0.88051E-13    -0.88051E-13
    10     0.65423E+00    -0.65423E+00
    11     0.16217E-11    -0.16217E-11
    12     0.12299E+00    -0.12299E+00
    13    -0.17535E-12     0.17535E-12
    14     0.44654E+00    -0.44654E+00
    15     0.37847E-13    -0.37847E-13
    16    -0.23461E-12     0.23461E-12
    17     0.31784E-01    -0.31784E-01
    18    -0.95818E-11     0.95818E-11
    19     0.81431E-01    -0.81431E-01
    20    -0.25561E+00     0.25561E+00
    21    -0.68278E-01     0.68278E-01
    22    -0.72476E+00     0.72476E+00
    23     0.43518E-01    -0.43518E-01
    24    -0.95961E+00     0.95961E+00
    25     0.15911E+00    -0.15911E+00
    26    -0.43343E+00     0.43343E+00
    27     0.87419E+00    -0.87419E+00
    28    -0.39574E+00     0.39574E+00
    29     0.14867E-02    -0.14867E-02
    30    -0.32640E+00     0.32640E+00
    31     0.50646E+00    -0.50646E+00
    32    -0.78880E+00     0.78880E+00
    33     0.56692E+00    -0.56692E+00
    34     0.24919E+00    -0.24919E+00
    35    -0.43066E-01     0.43066E-01
    36    -0.58442E-01     0.58442E-01
    37     0.47779E-01    -0.47779E-01
    38     0.76507E-02    -0.76507E-02
    39    -0.91911E-03     0.91911E-03
  SUM SQUARED DIMENSIONLESS DISPL STATE1        2.7442
  SUM SQUARED DIMENSIONLESS DISPL STATE2        2.7442
  VALUE STATE1 GROUND VIB WAVEFUN AT GEO2       0.2536
  VALUE STATE2 GROUND VIB WAVEFUN AT GEO1       0.2536
  VALUE STATE1 GROUND VIB WAVEFUN AT (GEO1+GEO2)/2      0.7096
  VALUE STATE2 GROUND VIB WAVEFUN AT (GEO1+GEO2)/2      0.7096

 Printing Duschinski matrix to 'duschinsky.dat'


 Printing Shift vector to 'displacement.dat'


WARNING: An imaginary frequency found on State 1:    -2114.425
         It is turned real,                   
         which will cause artefacts.                                                                         
 

WARNING: An imaginary frequency found on State 2:    -2114.425
         It is turned real,                   
         which will cause artefacts.                                                                         
 

WARNING: An imaginary frequency found on State 1:     -505.441
         It is turned real,                   
         which will cause artefacts.                                                                         
 

WARNING: An imaginary frequency found on State 2:     -505.441
         It is turned real,                   
         which will cause artefacts.                                                                         
 

WARNING: An imaginary frequency found on State 1:     -413.624
         It is turned real,                   
         which will cause artefacts.                                                                         
 

WARNING: An imaginary frequency found on State 2:     -413.624
         It is turned real,                   
         which will cause artefacts.                                                                         
 

WARNING: An imaginary frequency found on State 1:     -352.015
         It is turned real,                   
         which will cause artefacts.                                                                         
 

WARNING: An imaginary frequency found on State 2:     -352.015
         It is turned real,                   
         which will cause artefacts.                                                                         
 

NOTE: DE read from input:   5.387 (eV)                                                                    
 


 ===========================
  REORGANIZATION ENERGY
 ===========================
     0.016054  (Hartree)
     0.436858  (eV)


 ------------------------------------------------------
 Extrapolation form (generalized) vertical point:
 ------------------------------------------------------
 Extrapolated vertical energy:        5.38710  (eV)
 Extrapolated adiabatic energy:       5.38710  (eV)
 Extrapolated reorg. energy   :       0.00000  (eV)
 ------------------------------------------------------



 ===============================
  ZERO-POINT ENERGY CORRECTIONS 
 ===============================


                    ZERO POINT ENERGY IN CM-1
    E01=     24272.19    E02=     24272.19


                    0-0 ENERGY DIFFERENCE
       4.95024 eV


                    ADIABATIC ENERGY     
       4.95024 eV




 ====================

  TRANSITION DIPOLES 

 ====================
 Model for tr. dipoles: FC
 Reading electric dipole file: eldip_Adenine6311-es2_fchk
 


 ================= 
  TRANSITION INFO  
 ================= 
            DATA FOR VERTICAL TRANSITION 
  electric transition dipoles (au) at initial GEO 1
            1.47000039   -0.05747876   -0.00000000
  electric transition dipoles (au) at initial GEO 2
            1.47000039   -0.05747876   -0.00000000
  Square tr dipoles: geo1  2.16420495  geo2   2.16420495  Diff (d1-d2)/d1    0.0000 %
   
 ------------------
  State2 -> State1
 ------------------
 Reorganization Energy (eV) on State1        0.436858
 Vertical emission energy (eV)               4.513386
 Fluorescence lifetime from minimum (ns)  4.727576E+00
 ********************************************** 
   
 ------------------
  State1 -> State2
 ------------------
 Reorganization Energy on State2 (eV)        0.436858
 Vertical absorption energy (eV)             5.387103
 Absorption oscillator strength           2.856351E-01
 ********************************************** 
   

NOTE: Spectra resolution set to:  0.00400                                                                 
 

NOTE: To ensure exact match of TI and TD resuls, final spectral range reset to:    4.0000-                
       9.0000(eV)                                                                                         
 

 ----------------------------------------
 Refined spectral range for simulations: 
  nene       =      1251
  From E(eV) =    4.0000
  To   E(eV) =    9.0000
 
 Related time-domain parameters
 (with energy shift & extended range):
  ntime =          652
  dt    =       0.7929
  tfin  =     516.5620
 Shift info (for external FT)
  dE_ext=  0.104000    
  Eshift=   3.89600    
 ----------------------------------------


NOTE: Changing Ead to optimize TD method before entering the spectrum calculation.Ead(original)=          
        4.950 (eV); Ead(shifted )=   1.054 (eV)                                                           
 


 ____________________________________________
  ============================================
  PROGRAM: td_onephoton
   Compute vibronic spectra with a harmonic 
   TD formulation                           
                                            
  References:                               
   Comput Theoret Chem, 1040--1041, 186-194 (2014)
 ____________________________________________
  ============================================
 
 SUMMARY OF CALCULATION OPTIONS
 -------------------------------
 Adiabatic Energy (eV)  :   1.0542

 Tipe of transition     : ABS-ECDNO

 Dipole aproximation    : FC-FC
 El. dipole at ref geom :     1.47      -0.575E-01  -0.431E-14

 Numerical evaluation of xi(t)
         Total time (fs):   516.562
         Nr data points : 652
         Time step (fs) :  0.793    

 Broad. function        : GAU  
 Broad. exponent        :    7.794E-07
 Broad. order           : 2
 -------------------------------

 Computing correlation functions over 652 points

 Calling FFT with 1304 points


 Entering in fft_calc subroutine (FFTW)
 Ndata: 1304
 tini and tfin  -516.562     516.562

 df  9.671957840330411E-004
 dt  0.792881005380783     
 =========== tdspectra finished ===========  
 Timing...
  CPU (s) for tdspectra :       0.140
 ==========================================
                                           



===============================

 SUMMARY OF NOTES AND WARNINGS

===============================
 ---------------------------------
 6 notes raised along the run
 Look for NOTE in the output
 ---------------------------------

 ---------------------------------
 12 warnings raised along the run
 Look for WARNING in the output
 ---------------------------------

 
 ****************** FCclasses finished *******************
 Timing...   
  CPU (s)       0.281
 *********************************************************
 
 FCclasses finished with warnings
