 
                                                    \ /               
                                              ..-'''-*-               
                                              \.-'''\ \               
      _____ _____      _                             | |              
     |  ___/  __ \    | |                         __/ /               
     | |_  | /  \/ ___| | __ _ ___ ___  ___  ___ |_  '.               
     |  _| | |    / __| |/ _` / __/ __|/ _ \/ __|   `.  \             
     | |   | \__/\ (__| | (_| \__ \__ \  __/\__ \     \ '.            
     \_|    \____/\___|_|\__,_|___/___/\___||___/      , |            
                                                       | |            
                                                      / ,'            
                                              -....--'  /             
                                              `.. __..-'              
                                                                      
 ********************************************************* 
   FCCLASSES3:                                             
   A code for vibronic simulations                         
                                                           
                                                           
 ********************************************************* 


 GIT VERSION INFO
  Commit id  : v3-1.0-2-g78ec1d1-dirty
  Commit date: 2022-07-22 10:24:13 +0200

 CURRENT RUN INFO
  Date&Time  : 2022-11-24, 17:41:45
  Input file : STDIN
  Input type : NEW



 INPUT OPTIONS:
-------------------------------
$$$
;GENERAL OPTIONS:
; NAT        = (read from structure files)
; NVIB       = (determined vibrational analysis)
PROPERTY     =   OPA   
MODEL        =   VG   
DIPOLE       =   FC   
DIPDER_COORD =   CARTESIAN  
TEMP         =     0.00
DE           =   5.18470
BROADFUN     =   GAU  
HWHM         =   0.0400
RESOL        =   0.0040  ; (default: HWHM/10)
METHOD       =   TD   
ROT          =   1
SPCMIN       =     4.000
SPCMAX       =     9.000
;VIBRATIONAL ANALYSIS
NORMALMODES  =   COMPUTE  
RM_COORD     =   NONE    
COORDS       =   CARTESIAN  
FORCE_REAL   =   YES  
;INPUT DATA FILES
STATE1_FILE  =   Guanine6311-freq.fcc
STATE2_FILE  =   Guanine6311-es1.fcc
MASS_FILE    =   
ELDIP_FILE   =   eldip_Guanine6311-es1_fchk
MAGDIP_FILE  =   magdip_Guanine6311-es1_fchk
NAC_FILE     =   
NRCOUP_FILE  =   eldip_Guanine6311-es1_fchk
HESS1_FILE   =   Guanine6311-freq.fcc
HESS2_FILE   =   Guanine6311-freq.fcc
GRAD1_FILE   =   Guanine6311-freq.fcc
GRAD2_COORD  =   CARTESIAN
GRAD2_FILE   =   Guanine6311-es1.fcc
;VERBOSE LEVEL
VERBOSE      =   1
  
-------------------------------



 ==> State 1 <==

 Geometry file: Guanine6311-freq.fcc


 Gradient file: Guanine6311-freq.fcc

NOTE: The calculation for this State will assume non-stationary point since the gradient                  
      is not negligible (maximum atomic gradient:   0.000428 a.u.)                                        
 
 Hessian file: Guanine6311-freq.fcc



 ---------------------------------------
  Check effect of symmetry operations
  on Hessian elements (or gs^t\beta)
 ---------------------------------------

 Using input geometry instead of rotating to principal axis of intertia to detect symmetry

 
 Sigma(xy) symmetry element found
 
 Symmetry operation  : 1
 Max abs difference  :   0.000000
    original value   :  -0.000000
    transformed value:   0.000000
    Rel difference(%): 200.000000

 ---------------------------------------



 =========================
  ANALYSIS OF DOFs
 =========================

 => STATE 1 <=
 Geometry (Angstroms)
 16    # Nr. of atoms
   Atom       X         Y         Z      Mass
N          2.1645    0.7294    0.0000   14.0031
C          1.8237    2.0662    0.0000   12.0000
N          0.5409    2.2539    0.0000   14.0031
C          0.0000    0.9876    0.0000   12.0000
C         -1.3686    0.5580    0.0000   12.0000
O         -2.4004    1.1861    0.0000   15.9949
N         -1.4242   -0.8697    0.0000   14.0031
C         -0.3567   -1.7230    0.0000   12.0000
N         -0.6275   -3.0532    0.0000   14.0031
N          0.8821   -1.3208    0.0000   14.0031
C          0.9962    0.0281    0.0000   12.0000
H          2.5732    2.8426    0.0000    1.0078
H         -2.3676   -1.2327    0.0000    1.0078
H         -1.5618   -3.4186    0.0000    1.0078
H          0.1520   -3.6873    0.0000    1.0078
H          3.0889    0.3287    0.0000    1.0078
 

 ------------------------------------------------
   INERTIA TENSOR (to be multiplied by 10**5)
 ------------------------------------------------

             1           2           3
  
    1     7.36518    -1.48524     0.00000
    2    -1.48524     5.59437     0.00000
    3     0.00000     0.00000    12.95954
 ------------------------------------------------


 ------------------------------------------------
   ROTATIONAL CONSTANTS (AND ROTATION MATRIX)
 ------------------------------------------------

 ROOT NO.    1           2           3

    ************************************
  
    1    -0.49394    -0.86950     0.00000
    2    -0.86950     0.49394     0.00000
    3     0.00000     0.00000     1.00000
 ------------------------------------------------

  Rotational constants (GHz)
     1.93921     1.12226     0.71087
  Rotational temperatures (K)
     0.09307     0.05386     0.03412


 -------------------
  DOF   Dimension
 -------------------
  Vib    42
  Rot    3
  Tra    3
 -------------------


 Translating State1 to its Center of Mass
 Initial COM:      -0.0123      0.0339      0.0000


 ================================
  VIBRATIONAL ANALYSIS ON STATE1
 ================================

 ----------------------------------
   Redundant Frequencies (cm-1)
 ----------------------------------
     1    -0.00002
     2    -0.00002
     3     0.00001
     4     0.00003
     5     0.00003
     6     0.00008
 ----------------------------------


 ------------------------
   FREQUENCIES (cm-1)
 ------------------------
     1  -318.83492
     2   137.63529
     3   158.66065
     4   196.95202
     5   323.36646
     6   341.41152
     7   359.47064
     8   410.89356
     9   494.35289
    10   535.12067
    11   550.36713
    12   602.96535
    13   637.14847
    14   671.81249
    15   674.63193
    16   713.31874
    17   749.79602
    18   797.71487
    19   847.96522
    20   853.42690
    21   963.58164
    22  1041.38266
    23  1083.03554
    24  1087.35235
    25  1145.59964
    26  1192.74708
    27  1324.79663
    28  1351.17460
    29  1380.34785
    30  1409.67709
    31  1465.82181
    32  1549.38783
    33  1585.86439
    34  1630.46016
    35  1645.70466
    36  1683.80057
    37  1831.16756
    38  3262.70436
    39  3622.45676
    40  3651.90241
    41  3678.04898
    42  3779.36487
 ------------------------

 =====================
  THERMOCHEMISTRY     
 =====================
  Temperature (K):    0.00
  Pressure (atm) :    1.00
 
  Rotational constants (GHz)
     1.93921     1.12226     0.71087
  Rotational temperatures (K)
     0.09307     0.05386     0.03412
 
           1  -318.834923840535     

WARNING: Imaginary frequency ignored                                                                         
 
  Partition Functions
  qt =      0.000    
  qr =      0.000    
  qv =      0.000    
 
  Contributions to entropy
  St (cm-1/K) = -Infinity
  Sr (cm-1/K) = -Infinity
  Sv (cm-1/K) =       NaN
 
  Thermal corrections (AU)
  Zero Point Energy =   0.117151    
  Internal Energy   =   0.117151    
  Enthalpy          =   0.117151    
  Gibbs Free Energy =            NaN
 
  Thermal corrections (AU) - vibrational only
  Number of vibrations:      42
  V-internal Energy   =   0.117151    
  V-enthalpy          =   0.117151    
  V-gibbs Free Energy =            NaN


 ==> State 2 <==

 Geometry file: Guanine6311-es1.fcc


 Gradient file: Guanine6311-es1.fcc

NOTE: The calculation for this State will assume non-stationary point since the gradient                  
      is not negligible (maximum atomic gradient:   0.086544 a.u.)                                        
 
 Hessian file: Guanine6311-freq.fcc


 Combination abs/ECDNO
 A standard one-photon absorption calculation  will be performed


 =========================
  ANALYSIS OF DOFs
 =========================

 => STATE 2 <=
 Geometry (Angstroms)
 16    # Nr. of atoms
   Atom       X         Y         Z      Mass
N          2.1645    0.7294    0.0000   14.0031
C          1.8237    2.0662    0.0000   12.0000
N          0.5409    2.2539    0.0000   14.0031
C          0.0000    0.9876    0.0000   12.0000
C         -1.3686    0.5580    0.0000   12.0000
O         -2.4004    1.1861    0.0000   15.9949
N         -1.4242   -0.8697    0.0000   14.0031
C         -0.3567   -1.7230    0.0000   12.0000
N         -0.6275   -3.0532    0.0000   14.0031
N          0.8821   -1.3208    0.0000   14.0031
C          0.9962    0.0281    0.0000   12.0000
H          2.5732    2.8426    0.0000    1.0078
H         -2.3676   -1.2327    0.0000    1.0078
H         -1.5618   -3.4186    0.0000    1.0078
H          0.1520   -3.6873    0.0000    1.0078
H          3.0889    0.3287    0.0000    1.0078
 

 ------------------------------------------------
   INERTIA TENSOR (to be multiplied by 10**5)
 ------------------------------------------------

             1           2           3
  
    1     7.36518    -1.48524     0.00000
    2    -1.48524     5.59437     0.00000
    3     0.00000     0.00000    12.95954
 ------------------------------------------------


 ------------------------------------------------
   ROTATIONAL CONSTANTS (AND ROTATION MATRIX)
 ------------------------------------------------

 ROOT NO.    1           2           3

    ************************************
  
    1    -0.49394    -0.86950     0.00000
    2    -0.86950     0.49394     0.00000
    3     0.00000     0.00000     1.00000
 ------------------------------------------------

  Rotational constants (GHz)
     1.93921     1.12226     0.71087
  Rotational temperatures (K)
     0.09307     0.05386     0.03412


 -------------------
  DOF   Dimension
 -------------------
  Vib    42
  Rot    3
  Tra    3
 -------------------


 Translating State2 to its Center of Mass
 Initial COM:      -0.0123      0.0339      0.0000


 ================================
  VIBRATIONAL ANALYSIS ON STATE2
 ================================

Normal modes read from State1 for VG


 ------------------------
   FREQUENCIES (cm-1)
 ------------------------
     1  -318.83492
     2   137.63529
     3   158.66065
     4   196.95202
     5   323.36646
     6   341.41152
     7   359.47064
     8   410.89356
     9   494.35289
    10   535.12067
    11   550.36713
    12   602.96535
    13   637.14847
    14   671.81249
    15   674.63193
    16   713.31874
    17   749.79602
    18   797.71487
    19   847.96522
    20   853.42690
    21   963.58164
    22  1041.38266
    23  1083.03554
    24  1087.35235
    25  1145.59964
    26  1192.74708
    27  1324.79663
    28  1351.17460
    29  1380.34785
    30  1409.67709
    31  1465.82181
    32  1549.38783
    33  1585.86439
    34  1630.46016
    35  1645.70466
    36  1683.80057
    37  1831.16756
    38  3262.70436
    39  3622.45676
    40  3651.90241
    41  3678.04898
    42  3779.36487
 ------------------------


 -------------------------------------
   State2 Gradient (Q1-space) x1e5
 -------------------------------------
     1     0.00000
     2     0.00000
     3     0.00000
     4    -0.00000
     5     0.36069
     6    -2.84185
     7     0.00000
     8     0.00000
     9     0.53161
    10   -10.79603
    11     0.00000
    12    -0.00000
    13   -12.07640
    14    -0.00000
    15    -0.13198
    16    -0.00000
    17     0.00000
    18     0.00000
    19    -3.31128
    20     0.00000
    21    20.53148
    22   -11.17522
    23    -2.52410
    24     0.25205
    25   -21.74542
    26    19.38460
    27   -11.72015
    28   -11.71078
    29    18.71087
    30    -5.96389
    31   -26.62038
    32    31.09481
    33    25.62045
    34     4.91145
    35   -61.06663
    36    18.98277
    37    30.62762
    38     1.95971
    39    -9.49223
    40    -2.47575
    41    -5.57505
    42    -0.45288
 -------------------------------------




                 ASSIGNMENTS AND ANALYSIS OF 1 WITH RESPECT TO 2
 STATE 1                              MODES STATE 2
IND DEF    FREQUENCY     SHIFT    I21 C21  I22 C22   I23 C23     FR(I21)  I90 I95 I99
   1  P     -318.83     0.00000    1 1.00    2 0.00    3 0.00       0.00   1   1   1
   2  P      137.64    -0.00000    2 1.00    1 0.00    3 0.00       0.00   1   1   1
   3  P      158.66    -0.00000    3 1.00    2 0.00    1 0.00       0.00   1   1   1
   4  P      196.95     0.00000    4 1.00    2 0.00    3 0.00       0.00   1   1   1
   5  P      323.37    -1.66154    5 1.00    2 0.00    3 0.00       0.00   1   1   1
   6  P      341.41    11.74393    6 1.00    2 0.00    3 0.00       0.00   1   1   1
   7  P      359.47    -0.00000    7 1.00    2 0.00    3 0.00       0.00   1   1   1
   8  P      410.89    -0.00000    8 1.00    2 0.00    3 0.00       0.00   1   1   1
   9  P      494.35    -1.04782    9 1.00    2 0.00    3 0.00       0.00   1   1   1
  10  P      535.12    18.16057   10 1.00    2 0.00    3 0.00       0.00   1   1   1
  11  P      550.37    -0.00000   11 1.00    2 0.00    3 0.00       0.00   1   1   1
  12  P      602.97     0.00000   12 1.00    2 0.00    3 0.00       0.00   1   1   1
  13  P      637.15    14.32930   13 1.00    2 0.00    3 0.00       0.00   1   1   1
  14  P      671.81     0.00000   14 1.00    2 0.00    3 0.00       0.00   1   1   1
  15  P      674.63     0.13969   15 1.00    2 0.00    3 0.00       0.00   1   1   1
  16  P      713.32     0.00000   16 1.00    2 0.00    3 0.00       0.00   1   1   1
  17  P      749.80    -0.00000   17 1.00    2 0.00    3 0.00       0.00   1   1   1
  18  P      797.71    -0.00000   18 1.00    2 0.00    3 0.00       0.00   1   1   1
  19  P      847.97     2.21824   19 1.00    2 0.00    3 0.00       0.00   1   1   1
  20  P      853.43    -0.00000   20 1.00    2 0.00    3 0.00       0.00   1   1   1
  21  P      963.58   -10.65152   21 1.00    2 0.00    3 0.00       0.00   1   1   1
  22  P     1041.38     4.96368   22 1.00    2 0.00    3 0.00       0.00   1   1   1
  23  P     1083.04     1.03655   23 1.00    2 0.00    3 0.00       0.00   1   1   1
  24  P     1087.35    -0.10269   24 1.00    2 0.00    3 0.00       0.00   1   1   1
  25  P     1145.60     7.98125   25 1.00    2 0.00    3 0.00       0.00   1   1   1
  26  P     1192.75    -6.56340   26 1.00    2 0.00    3 0.00       0.00   1   1   1
  27  P     1324.80     3.21665   27 1.00    2 0.00    3 0.00       0.00   1   1   1
  28  P     1351.17     3.08981   28 1.00    2 0.00    3 0.00       0.00   1   1   1
  29  P     1380.35    -4.73027   29 1.00    2 0.00    3 0.00       0.00   1   1   1
  30  P     1409.68     1.44564   30 1.00    2 0.00    3 0.00       0.00   1   1   1
  31  P     1465.82     5.96789   31 1.00    2 0.00    3 0.00       0.00   1   1   1
  32  P     1549.39    -6.23931   32 1.00    2 0.00    3 0.00       0.00   1   1   1
  33  P     1585.86    -4.90708   33 1.00    2 0.00    3 0.00       0.00   1   1   1
  34  P     1630.46    -0.88993   34 1.00    2 0.00    3 0.00       0.00   1   1   1
  35  P     1645.70    10.86097   35 1.00    2 0.00    3 0.00       0.00   1   1   1
  36  P     1683.80    -3.22513   36 1.00    2 0.00    3 0.00       0.00   1   1   1
  37  P     1831.17    -4.39973   37 1.00    2 0.00    3 0.00       0.00   1   1   1
  38  P     3262.70    -0.08868   38 1.00    2 0.00    3 0.00       0.00   1   1   1
  39  P     3622.46     0.34844   39 1.00    2 0.00    3 0.00       0.00   1   1   1
  40  P     3651.90     0.08942   40 1.00    2 0.00    3 0.00       0.00   1   1   1
  41  P     3678.05     0.19851   41 1.00    2 0.00    3 0.00       0.00   1   1   1
  42  P     3779.36     0.01527   42 1.00    2 0.00    3 0.00       0.00   1   1   1
   
 *********************************************************** 
  
  AVERAGE MAX PROJECTION     1.000000    St Dev   0.000000
  AVERAGE FREQ DIFF          0.000000    St Dev   0.000000
  AVERAGE ABS FREQ DIFF      0.000000    St Dev   0.000000
  AVERAGE ABS DISPLACE       0.983302    St Dev   5.297962
  SUM DISPL**2            1219.481871
  
 *********************************************************** 
  



                 ASSIGNMENTS AND ANALYSIS OF 2 WITH RESPECT TO 1
 STATE 2                              MODES STATE 1
IND DEF    FREQUENCY     SHIFT    I11 C11  I12 C12   I13 C13     FR(I11)  I90 I95 I99
   1  P     -318.83    -0.00000    1 1.00    2 0.00    3 0.00       0.00   1   1   1
   2  P      137.64     0.00000    2 1.00    1 0.00    3 0.00       0.00   1   1   1
   3  P      158.66     0.00000    3 1.00    2 0.00    1 0.00       0.00   1   1   1
   4  P      196.95    -0.00000    4 1.00    2 0.00    3 0.00       0.00   1   1   1
   5  P      323.37     1.66154    5 1.00    2 0.00    3 0.00       0.00   1   1   1
   6  P      341.41   -11.74393    6 1.00    2 0.00    3 0.00       0.00   1   1   1
   7  P      359.47     0.00000    7 1.00    2 0.00    3 0.00       0.00   1   1   1
   8  P      410.89     0.00000    8 1.00    2 0.00    3 0.00       0.00   1   1   1
   9  P      494.35     1.04782    9 1.00    2 0.00    3 0.00       0.00   1   1   1
  10  P      535.12   -18.16057   10 1.00    2 0.00    3 0.00       0.00   1   1   1
  11  P      550.37     0.00000   11 1.00    2 0.00    3 0.00       0.00   1   1   1
  12  P      602.97    -0.00000   12 1.00    2 0.00    3 0.00       0.00   1   1   1
  13  P      637.15   -14.32930   13 1.00    2 0.00    3 0.00       0.00   1   1   1
  14  P      671.81    -0.00000   14 1.00    2 0.00    3 0.00       0.00   1   1   1
  15  P      674.63    -0.13969   15 1.00    2 0.00    3 0.00       0.00   1   1   1
  16  P      713.32    -0.00000   16 1.00    2 0.00    3 0.00       0.00   1   1   1
  17  P      749.80     0.00000   17 1.00    2 0.00    3 0.00       0.00   1   1   1
  18  P      797.71     0.00000   18 1.00    2 0.00    3 0.00       0.00   1   1   1
  19  P      847.97    -2.21824   19 1.00    2 0.00    3 0.00       0.00   1   1   1
  20  P      853.43     0.00000   20 1.00    2 0.00    3 0.00       0.00   1   1   1
  21  P      963.58    10.65152   21 1.00    2 0.00    3 0.00       0.00   1   1   1
  22  P     1041.38    -4.96368   22 1.00    2 0.00    3 0.00       0.00   1   1   1
  23  P     1083.04    -1.03655   23 1.00    2 0.00    3 0.00       0.00   1   1   1
  24  P     1087.35     0.10269   24 1.00    2 0.00    3 0.00       0.00   1   1   1
  25  P     1145.60    -7.98125   25 1.00    2 0.00    3 0.00       0.00   1   1   1
  26  P     1192.75     6.56340   26 1.00    2 0.00    3 0.00       0.00   1   1   1
  27  P     1324.80    -3.21665   27 1.00    2 0.00    3 0.00       0.00   1   1   1
  28  P     1351.17    -3.08981   28 1.00    2 0.00    3 0.00       0.00   1   1   1
  29  P     1380.35     4.73027   29 1.00    2 0.00    3 0.00       0.00   1   1   1
  30  P     1409.68    -1.44564   30 1.00    2 0.00    3 0.00       0.00   1   1   1
  31  P     1465.82    -5.96789   31 1.00    2 0.00    3 0.00       0.00   1   1   1
  32  P     1549.39     6.23931   32 1.00    2 0.00    3 0.00       0.00   1   1   1
  33  P     1585.86     4.90708   33 1.00    2 0.00    3 0.00       0.00   1   1   1
  34  P     1630.46     0.88993   34 1.00    2 0.00    3 0.00       0.00   1   1   1
  35  P     1645.70   -10.86097   35 1.00    2 0.00    3 0.00       0.00   1   1   1
  36  P     1683.80     3.22513   36 1.00    2 0.00    3 0.00       0.00   1   1   1
  37  P     1831.17     4.39973   37 1.00    2 0.00    3 0.00       0.00   1   1   1
  38  P     3262.70     0.08868   38 1.00    2 0.00    3 0.00       0.00   1   1   1
  39  P     3622.46    -0.34844   39 1.00    2 0.00    3 0.00       0.00   1   1   1
  40  P     3651.90    -0.08942   40 1.00    2 0.00    3 0.00       0.00   1   1   1
  41  P     3678.05    -0.19851   41 1.00    2 0.00    3 0.00       0.00   1   1   1
  42  P     3779.36    -0.01527   42 1.00    2 0.00    3 0.00       0.00   1   1   1
   
 *********************************************************** 
  
  AVERAGE MAX PROJECTION     1.000000    St Dev   0.000000
  AVERAGE FREQ DIFF          0.000000    St Dev   0.000000
  AVERAGE ABS FREQ DIFF      0.000000    St Dev   0.000000
  AVERAGE ABS DISPLACE      -0.983302    St Dev   5.297962
  SUM DISPL**2            1219.481871
  
 *********************************************************** 
  

 ADDITIONAL ANALYSIS ON DUSCHINSKY MATRIX
 ----------------------------------------
  Determinant:     1.0000

  ** A = GM·GMT **
  Det(A)     :     1.0000
  Trace(A)   :    42.0000
  Det(A-I)   :     0.0000
  Trace(A-I) :     0.0000
 ----------------------------------------

   
   
 STATE1 MODES SORTED BY DECREASING DIMENSIONLESS SHIFT
   IND    MODE    FREQUENCY DIMENSIONLESS SHIFT
     1       1    -318.83492               NaN
     2      35    1645.70466       0.94049E+00
     3      10     535.12067       0.89673E+00
     4      13     637.14847       0.77206E+00
     5      21     963.58164      -0.70577E+00
     6      25    1145.59964       0.57663E+00
     7      32    1549.38783      -0.52423E+00
     8      31    1465.82181       0.48772E+00
     9      26    1192.74708      -0.48385E+00
    10       6     341.41152       0.46319E+00
    11      33    1585.86439      -0.41712E+00
    12      37    1831.16756      -0.40188E+00
    13      29    1380.34785      -0.37514E+00
    14      22    1041.38266       0.34191E+00
    15      36    1683.80057      -0.28249E+00
    16      27    1324.79663       0.24991E+00
    17      28    1351.17460       0.24243E+00
    18      19     847.96522       0.13788E+00
    19      30    1409.67709       0.11586E+00
    20      34    1630.46016      -0.76704E-01
    21      23    1083.03554       0.72815E-01
    22       5     323.36646      -0.63777E-01
    23       9     494.35289      -0.49730E-01
    24      39    3622.45676       0.44765E-01
    25      41    3678.04898       0.25698E-01
    26      40    3651.90241       0.11535E-01
    27      38    3262.70436      -0.10812E-01
    28      15     674.63193       0.77445E-02
    29      24    1087.35235      -0.72278E-02
    30      42    3779.36487       0.20042E-02
    31       8     410.89356      -0.15752E-12
    32       3     158.66065      -0.13058E-12
    33       7     359.47064      -0.12197E-12
    34      11     550.36713      -0.10828E-12
    35       2     137.63529      -0.86620E-13
    36      16     713.31874       0.46064E-13
    37      12     602.96535       0.37196E-13
    38      18     797.71487      -0.30421E-13
    39      17     749.79602      -0.25939E-13
    40      14     671.81249       0.23736E-13
    41       4     196.95202       0.21516E-13
    42      20     853.42690      -0.94679E-14
   
   
 MODES OF STATE1 IN ORDER OF DECREASING FR COUPL
 ESTIMATED BY THE MAGNITUDE OF THE 0-0 INTEGRAL
   IND    MODE1  FREQ   MODE2 FR    FR. SHIFT INV0-0
     1     1  -318.83492         1  -318.83492         0.00000         1.00000
     2     2   137.63529         2   137.63529         0.00000         1.00000
     3     3   158.66065         3   158.66065         0.00000         1.00000
     4     4   196.95202         4   196.95202         0.00000         1.00000
     5     5   323.36646         5   323.36646         0.00000         1.00000
     6     6   341.41152         6   341.41152         0.00000         1.00000
     7     7   359.47064         7   359.47064         0.00000         1.00000
     8     8   410.89356         8   410.89356         0.00000         1.00000
     9     9   494.35289         9   494.35289         0.00000         1.00000
    10    10   535.12067        10   535.12067         0.00000         1.00000
    11    11   550.36713        11   550.36713         0.00000         1.00000
    12    12   602.96535        12   602.96535         0.00000         1.00000
    13    13   637.14847        13   637.14847         0.00000         1.00000
    14    14   671.81249        14   671.81249         0.00000         1.00000
    15    15   674.63193        15   674.63193         0.00000         1.00000
    16    16   713.31874        16   713.31874         0.00000         1.00000
    17    17   749.79602        17   749.79602         0.00000         1.00000
    18    18   797.71487        18   797.71487         0.00000         1.00000
    19    19   847.96522        19   847.96522         0.00000         1.00000
    20    20   853.42690        20   853.42690         0.00000         1.00000
    21    21   963.58164        21   963.58164         0.00000         1.00000
    22    22  1041.38266        22  1041.38266         0.00000         1.00000
    23    23  1083.03554        23  1083.03554         0.00000         1.00000
    24    24  1087.35235        24  1087.35235         0.00000         1.00000
    25    25  1145.59964        25  1145.59964         0.00000         1.00000
    26    26  1192.74708        26  1192.74708         0.00000         1.00000
    27    27  1324.79663        27  1324.79663         0.00000         1.00000
    28    28  1351.17460        28  1351.17460         0.00000         1.00000
    29    29  1380.34785        29  1380.34785         0.00000         1.00000
    30    30  1409.67709        30  1409.67709         0.00000         1.00000
    31    31  1465.82181        31  1465.82181         0.00000         1.00000
    32    32  1549.38783        32  1549.38783         0.00000         1.00000
    33    33  1585.86439        33  1585.86439         0.00000         1.00000
    34    34  1630.46016        34  1630.46016         0.00000         1.00000
    35    35  1645.70466        35  1645.70466         0.00000         1.00000
    36    36  1683.80057        36  1683.80057         0.00000         1.00000
    37    37  1831.16756        37  1831.16756         0.00000         1.00000
    38    38  3262.70436        38  3262.70436         0.00000         1.00000
    39    39  3622.45676        39  3622.45676         0.00000         1.00000
    40    40  3651.90241        40  3651.90241         0.00000         1.00000
    41    41  3678.04898        41  3678.04898         0.00000         1.00000
    42    42  3779.36487        42  3779.36487         0.00000         1.00000
   
   
   
   
 STATE2 MODES SORTED BY DECREASING DIMENSIONLESS SHIFT
   IND    MODE    FREQUENCY DIMENSIONLESS SHIFT
     1       1    -318.83492               NaN
     2      35    1645.70466      -0.94049E+00
     3      10     535.12067      -0.89673E+00
     4      13     637.14847      -0.77206E+00
     5      21     963.58164       0.70577E+00
     6      25    1145.59964      -0.57663E+00
     7      32    1549.38783       0.52423E+00
     8      31    1465.82181      -0.48772E+00
     9      26    1192.74708       0.48385E+00
    10       6     341.41152      -0.46319E+00
    11      33    1585.86439       0.41712E+00
    12      37    1831.16756       0.40188E+00
    13      29    1380.34785       0.37514E+00
    14      22    1041.38266      -0.34191E+00
    15      36    1683.80057       0.28249E+00
    16      27    1324.79663      -0.24991E+00
    17      28    1351.17460      -0.24243E+00
    18      19     847.96522      -0.13788E+00
    19      30    1409.67709      -0.11586E+00
    20      34    1630.46016       0.76704E-01
    21      23    1083.03554      -0.72815E-01
    22       5     323.36646       0.63777E-01
    23       9     494.35289       0.49730E-01
    24      39    3622.45676      -0.44765E-01
    25      41    3678.04898      -0.25698E-01
    26      40    3651.90241      -0.11535E-01
    27      38    3262.70436       0.10812E-01
    28      15     674.63193      -0.77445E-02
    29      24    1087.35235       0.72278E-02
    30      42    3779.36487      -0.20042E-02
    31       8     410.89356       0.15752E-12
    32       3     158.66065       0.13058E-12
    33       7     359.47064       0.12197E-12
    34      11     550.36713       0.10828E-12
    35       2     137.63529       0.86620E-13
    36      16     713.31874      -0.46064E-13
    37      12     602.96535      -0.37196E-13
    38      18     797.71487       0.30421E-13
    39      17     749.79602       0.25939E-13
    40      14     671.81249      -0.23736E-13
    41       4     196.95202      -0.21516E-13
    42      20     853.42690       0.94679E-14
   
   
 MODES OF STATE2 IN ORDER OF DECREASING FR COUPL
 ESTIMATED BY THE MAGNITUDE OF THE 0-0 INTEGRAL
   IND    MODE2  FREQ   MODE1 FR    FR. SHIFT INV0-0
     1     1  -318.83492         1  -318.83492         0.00000         1.00000
     2     2   137.63529         2   137.63529         0.00000         1.00000
     3     3   158.66065         3   158.66065         0.00000         1.00000
     4     4   196.95202         4   196.95202         0.00000         1.00000
     5     5   323.36646         5   323.36646         0.00000         1.00000
     6     6   341.41152         6   341.41152         0.00000         1.00000
     7     7   359.47064         7   359.47064         0.00000         1.00000
     8     8   410.89356         8   410.89356         0.00000         1.00000
     9     9   494.35289         9   494.35289         0.00000         1.00000
    10    10   535.12067        10   535.12067         0.00000         1.00000
    11    11   550.36713        11   550.36713         0.00000         1.00000
    12    12   602.96535        12   602.96535         0.00000         1.00000
    13    13   637.14847        13   637.14847         0.00000         1.00000
    14    14   671.81249        14   671.81249         0.00000         1.00000
    15    15   674.63193        15   674.63193         0.00000         1.00000
    16    16   713.31874        16   713.31874         0.00000         1.00000
    17    17   749.79602        17   749.79602         0.00000         1.00000
    18    18   797.71487        18   797.71487         0.00000         1.00000
    19    19   847.96522        19   847.96522         0.00000         1.00000
    20    20   853.42690        20   853.42690         0.00000         1.00000
    21    21   963.58164        21   963.58164         0.00000         1.00000
    22    22  1041.38266        22  1041.38266         0.00000         1.00000
    23    23  1083.03554        23  1083.03554         0.00000         1.00000
    24    24  1087.35235        24  1087.35235         0.00000         1.00000
    25    25  1145.59964        25  1145.59964         0.00000         1.00000
    26    26  1192.74708        26  1192.74708         0.00000         1.00000
    27    27  1324.79663        27  1324.79663         0.00000         1.00000
    28    28  1351.17460        28  1351.17460         0.00000         1.00000
    29    29  1380.34785        29  1380.34785         0.00000         1.00000
    30    30  1409.67709        30  1409.67709         0.00000         1.00000
    31    31  1465.82181        31  1465.82181         0.00000         1.00000
    32    32  1549.38783        32  1549.38783         0.00000         1.00000
    33    33  1585.86439        33  1585.86439         0.00000         1.00000
    34    34  1630.46016        34  1630.46016         0.00000         1.00000
    35    35  1645.70466        35  1645.70466         0.00000         1.00000
    36    36  1683.80057        36  1683.80057         0.00000         1.00000
    37    37  1831.16756        37  1831.16756         0.00000         1.00000
    38    38  3262.70436        38  3262.70436         0.00000         1.00000
    39    39  3622.45676        39  3622.45676         0.00000         1.00000
    40    40  3651.90241        40  3651.90241         0.00000         1.00000
    41    41  3678.04898        41  3678.04898         0.00000         1.00000
    42    42  3779.36487        42  3779.36487         0.00000         1.00000
   
   
  
  
 DIMENSIONLESS SHIFTS 
   IND     STATE1       STATE2
     1             NaN             NaN
     2    -0.86620E-13     0.86620E-13
     3    -0.13058E-12     0.13058E-12
     4     0.21516E-13    -0.21516E-13
     5    -0.63777E-01     0.63777E-01
     6     0.46319E+00    -0.46319E+00
     7    -0.12197E-12     0.12197E-12
     8    -0.15752E-12     0.15752E-12
     9    -0.49730E-01     0.49730E-01
    10     0.89673E+00    -0.89673E+00
    11    -0.10828E-12     0.10828E-12
    12     0.37196E-13    -0.37196E-13
    13     0.77206E+00    -0.77206E+00
    14     0.23736E-13    -0.23736E-13
    15     0.77445E-02    -0.77445E-02
    16     0.46064E-13    -0.46064E-13
    17    -0.25939E-13     0.25939E-13
    18    -0.30421E-13     0.30421E-13
    19     0.13788E+00    -0.13788E+00
    20    -0.94679E-14     0.94679E-14
    21    -0.70577E+00     0.70577E+00
    22     0.34191E+00    -0.34191E+00
    23     0.72815E-01    -0.72815E-01
    24    -0.72278E-02     0.72278E-02
    25     0.57663E+00    -0.57663E+00
    26    -0.48385E+00     0.48385E+00
    27     0.24991E+00    -0.24991E+00
    28     0.24243E+00    -0.24243E+00
    29    -0.37514E+00     0.37514E+00
    30     0.11586E+00    -0.11586E+00
    31     0.48772E+00    -0.48772E+00
    32    -0.52423E+00     0.52423E+00
    33    -0.41712E+00     0.41712E+00
    34    -0.76704E-01     0.76704E-01
    35     0.94049E+00    -0.94049E+00
    36    -0.28249E+00     0.28249E+00
    37    -0.40188E+00     0.40188E+00
    38    -0.10812E-01     0.10812E-01
    39     0.44765E-01    -0.44765E-01
    40     0.11535E-01    -0.11535E-01
    41     0.25698E-01    -0.25698E-01
    42     0.20042E-02    -0.20042E-02
  SUM SQUARED DIMENSIONLESS DISPL STATE1        4.9240
  SUM SQUARED DIMENSIONLESS DISPL STATE2        4.9240
  VALUE STATE1 GROUND VIB WAVEFUN AT GEO2       0.0853
  VALUE STATE2 GROUND VIB WAVEFUN AT GEO1       0.0853
  VALUE STATE1 GROUND VIB WAVEFUN AT (GEO1+GEO2)/2      0.5404
  VALUE STATE2 GROUND VIB WAVEFUN AT (GEO1+GEO2)/2      0.5404

 Printing Duschinski matrix to 'duschinsky.dat'


 Printing Shift vector to 'displacement.dat'


WARNING: An imaginary frequency found on State 1:     -318.835
         It is turned real,                   
         which will cause artefacts.                                                                         
 

WARNING: An imaginary frequency found on State 2:     -318.835
         It is turned real,                   
         which will cause artefacts.                                                                         
 

NOTE: DE read from input:   5.185 (eV)                                                                    
 


 ===========================
  REORGANIZATION ENERGY
 ===========================
     0.012533  (Hartree)
     0.341041  (eV)


 ------------------------------------------------------
 Extrapolation form (generalized) vertical point:
 ------------------------------------------------------
 Extrapolated vertical energy:        5.18470  (eV)
 Extrapolated adiabatic energy:       5.18470  (eV)
 Extrapolated reorg. energy   :       0.00000  (eV)
 ------------------------------------------------------



 ===============================
  ZERO-POINT ENERGY CORRECTIONS 
 ===============================


                    ZERO POINT ENERGY IN CM-1
    E01=     25871.11    E02=     25871.11


                    0-0 ENERGY DIFFERENCE
       4.84366 eV


                    ADIABATIC ENERGY     
       4.84366 eV




 ====================

  TRANSITION DIPOLES 

 ====================
 Model for tr. dipoles: FC
 Reading electric dipole file: eldip_Guanine6311-es1_fchk
 


 ================= 
  TRANSITION INFO  
 ================= 
            DATA FOR VERTICAL TRANSITION 
  electric transition dipoles (au) at initial GEO 1
            0.21011682   -1.14711334   -0.00000000
  electric transition dipoles (au) at initial GEO 2
            0.21011682   -1.14711334   -0.00000000
  Square tr dipoles: geo1  1.36001809  geo2   1.36001809  Diff (d1-d2)/d1    0.0000 %
   
 ------------------
  State2 -> State1
 ------------------
 Reorganization Energy (eV) on State1        0.341042
 Vertical emission energy (eV)               4.502619
 Fluorescence lifetime from minimum (ns)  7.577116E+00
 ********************************************** 
   
 ------------------
  State1 -> State2
 ------------------
 Reorganization Energy on State2 (eV)        0.341042
 Vertical absorption energy (eV)             5.184703
 Absorption oscillator strength           1.727533E-01
 ********************************************** 
   

NOTE: Spectra resolution set to:  0.00400                                                                 
 

NOTE: To ensure exact match of TI and TD resuls, final spectral range reset to:    4.0000-                
       9.0000(eV)                                                                                         
 

 ----------------------------------------
 Refined spectral range for simulations: 
  nene       =      1251
  From E(eV) =    4.0000
  To   E(eV) =    9.0000
 
 Related time-domain parameters
 (with energy shift & extended range):
  ntime =          652
  dt    =       0.7929
  tfin  =     516.5620
 Shift info (for external FT)
  dE_ext=  0.104000    
  Eshift=   3.89600    
 ----------------------------------------


NOTE: Changing Ead to optimize TD method before entering the spectrum calculation.Ead(original)=          
        4.844 (eV); Ead(shifted )=   0.948 (eV)                                                           
 


 ____________________________________________
  ============================================
  PROGRAM: td_onephoton
   Compute vibronic spectra with a harmonic 
   TD formulation                           
                                            
  References:                               
   Comput Theoret Chem, 1040--1041, 186-194 (2014)
 ____________________________________________
  ============================================
 
 SUMMARY OF CALCULATION OPTIONS
 -------------------------------
 Adiabatic Energy (eV)  :   0.9477

 Tipe of transition     : ABS-ECDNO

 Dipole aproximation    : FC-FC
 El. dipole at ref geom :    0.210       -1.15      -0.294E-14

 Numerical evaluation of xi(t)
         Total time (fs):   516.562
         Nr data points : 652
         Time step (fs) :  0.793    

 Broad. function        : GAU  
 Broad. exponent        :    7.794E-07
 Broad. order           : 2
 -------------------------------

 Computing correlation functions over 652 points

 Calling FFT with 1304 points


 Entering in fft_calc subroutine (FFTW)
 Ndata: 1304
 tini and tfin  -516.562     516.562

 df  9.671957840330411E-004
 dt  0.792881005380783     
 =========== tdspectra finished ===========  
 Timing...
  CPU (s) for tdspectra :       0.161
 ==========================================
                                           



===============================

 SUMMARY OF NOTES AND WARNINGS

===============================
 ---------------------------------
 6 notes raised along the run
 Look for NOTE in the output
 ---------------------------------

 ---------------------------------
 3 warnings raised along the run
 Look for WARNING in the output
 ---------------------------------

 
 ****************** FCclasses finished *******************
 Timing...   
  CPU (s)       0.183
 *********************************************************
 
 FCclasses finished with warnings
