 
                                                    \ /               
                                              ..-'''-*-               
                                              \.-'''\ \               
      _____ _____      _                             | |              
     |  ___/  __ \    | |                         __/ /               
     | |_  | /  \/ ___| | __ _ ___ ___  ___  ___ |_  '.               
     |  _| | |    / __| |/ _` / __/ __|/ _ \/ __|   `.  \             
     | |   | \__/\ (__| | (_| \__ \__ \  __/\__ \     \ '.            
     \_|    \____/\___|_|\__,_|___/___/\___||___/      , |            
                                                       | |            
                                                      / ,'            
                                              -....--'  /             
                                              `.. __..-'              
                                                                      
 ********************************************************* 
   FCCLASSES3:                                             
   A code for vibronic simulations                         
                                                           
                                                           
 ********************************************************* 


 GIT VERSION INFO
  Commit id  : v3-1.0-2-g78ec1d1-dirty
  Commit date: 2022-07-22 10:24:13 +0200

 CURRENT RUN INFO
  Date&Time  : 2022-11-23, 18:41:34
  Input file : STDIN
  Input type : NEW



 INPUT OPTIONS:
-------------------------------
$$$
;GENERAL OPTIONS:
; NAT        = (read from structure files)
; NVIB       = (determined vibrational analysis)
PROPERTY     =   OPA   
MODEL        =   VG   
DIPOLE       =   HTf  
DIPDER_COORD =   CARTESIAN  
TEMP         =     0.00
DE           =   5.18470
BROADFUN     =   GAU  
HWHM         =   0.0400
RESOL        =   0.0040  ; (default: HWHM/10)
METHOD       =   TD   
ROT          =   1
SPCMIN       =     4.000
SPCMAX       =     9.000
;VIBRATIONAL ANALYSIS
NORMALMODES  =   COMPUTE  
RM_COORD     =   NONE    
COORDS       =   CARTESIAN  
FORCE_REAL   =   YES  
;INPUT DATA FILES
STATE1_FILE  =   Guanine6311-tddft.fchk
STATE2_FILE  =   Guanine6311-es1.fchk
MASS_FILE    =   
ELDIP_FILE   =   eldip_Guanine6311-es1_fchk
MAGDIP_FILE  =   magdip_Guanine6311-es1_fchk
NAC_FILE     =   
NRCOUP_FILE  =   eldip_Guanine6311-es1_fchk
HESS1_FILE   =   Guanine6311-tddft.fchk
HESS2_FILE   =   Guanine6311-tddft.fchk
GRAD1_FILE   =   Guanine6311-tddft.fchk
GRAD2_COORD  =   CARTESIAN
GRAD2_FILE   =   Guanine6311-es1.fchk
;VERBOSE LEVEL
VERBOSE      =   1
  
-------------------------------



 ==> State 1 <==

 Geometry file: Guanine6311-tddft.fchk


 Gradient file: Guanine6311-tddft.fchk

NOTE: The calculation for this State will assume non-stationary point since the gradient                  
      is not negligible (maximum atomic gradient:   0.086544 a.u.)                                        
 
 Hessian file: Guanine6311-tddft.fchk



 ---------------------------------------
  Check effect of symmetry operations
  on Hessian elements (or gs^t\beta)
 ---------------------------------------

 Using input geometry instead of rotating to principal axis of intertia to detect symmetry

 
 Sigma(xy) symmetry element found
 
 Symmetry operation  : 1
 Max abs difference  :   0.000000
    original value   :  -0.000000
    transformed value:   0.000000
    Rel difference(%): 200.000000

 ---------------------------------------



 =========================
  ANALYSIS OF DOFs
 =========================

 => STATE 1 <=
 Geometry (Angstroms)
 16    # Nr. of atoms
   Atom       X         Y         Z      Mass
N          2.1645    0.7294    0.0000   14.0031
C          1.8237    2.0662    0.0000   12.0000
N          0.5409    2.2539    0.0000   14.0031
C         -0.0000    0.9876    0.0000   12.0000
C         -1.3686    0.5580    0.0000   12.0000
O         -2.4004    1.1861    0.0000   15.9949
N         -1.4242   -0.8697    0.0000   14.0031
C         -0.3567   -1.7230   -0.0000   12.0000
N         -0.6275   -3.0532   -0.0000   14.0031
N          0.8821   -1.3208    0.0000   14.0031
C          0.9962    0.0281    0.0000   12.0000
H          2.5732    2.8426    0.0000    1.0078
H         -2.3676   -1.2327   -0.0000    1.0078
H         -1.5618   -3.4186   -0.0000    1.0078
H          0.1520   -3.6873   -0.0000    1.0078
H          3.0889    0.3287    0.0000    1.0078
 

 ------------------------------------------------
   INERTIA TENSOR (to be multiplied by 10**5)
 ------------------------------------------------

             1           2           3
  
    1     7.36518    -1.48524     0.00000
    2    -1.48524     5.59437    -0.00000
    3     0.00000    -0.00000    12.95954
 ------------------------------------------------


 ------------------------------------------------
   ROTATIONAL CONSTANTS (AND ROTATION MATRIX)
 ------------------------------------------------

 ROOT NO.    1           2           3

    ************************************
  
    1    -0.49394    -0.86950     0.00000
    2     0.86950    -0.49394     0.00000
    3     0.00000     0.00000     1.00000
 ------------------------------------------------

  Rotational constants (GHz)
     1.93921     1.12226     0.71087
  Rotational temperatures (K)
     0.09307     0.05386     0.03412


 -------------------
  DOF   Dimension
 -------------------
  Vib    42
  Rot    3
  Tra    3
 -------------------


 Translating State1 to its Center of Mass
 Initial COM:      -0.0123      0.0339      0.0000


 ================================
  VIBRATIONAL ANALYSIS ON STATE1
 ================================

 ----------------------------------
   Redundant Frequencies (cm-1)
 ----------------------------------
     1    -0.00002
     2    -0.00001
     3     0.00001
     4     0.00002
     5     0.00003
     6     0.00006
 ----------------------------------


 ------------------------
   FREQUENCIES (cm-1)
 ------------------------
     1 -1942.19496
     2  -594.35076
     3  -474.86943
     4  -194.73568
     5   -80.70745
     6    78.54754
     7   207.26647
     8   243.13576
     9   245.09882
    10   320.77256
    11   337.64689
    12   411.34496
    13   466.98087
    14   489.00653
    15   543.94636
    16   590.65008
    17   609.60667
    18   644.13311
    19   749.03491
    20   819.49628
    21   863.27979
    22   953.58259
    23  1028.81100
    24  1072.10821
    25  1127.77520
    26  1143.77586
    27  1249.54373
    28  1345.06640
    29  1362.38820
    30  1411.44877
    31  1452.76128
    32  1532.84859
    33  1576.43420
    34  1586.11987
    35  1625.84903
    36  1670.94500
    37  1790.69609
    38  3266.53238
    39  3619.32699
    40  3651.20538
    41  3675.07037
    42  3782.14073
 ------------------------

 =====================
  THERMOCHEMISTRY     
 =====================
  Temperature (K):    0.00
  Pressure (atm) :    1.00
 
  Rotational constants (GHz)
     1.93921     1.12226     0.71087
  Rotational temperatures (K)
     0.09307     0.05386     0.03412
 
           1  -1942.19495859470     

WARNING: Imaginary frequency ignored                                                                         
 
           2  -594.350757959055     

WARNING: Imaginary frequency ignored                                                                         
 
           3  -474.869427334491     

WARNING: Imaginary frequency ignored                                                                         
 
           4  -194.735680368097     

WARNING: Imaginary frequency ignored                                                                         
 
           5  -80.7074498924764     

WARNING: Imaginary frequency ignored                                                                         
 
  Partition Functions
  qt =      0.000    
  qr =      0.000    
  qv =      0.000    
 
  Contributions to entropy
  St (cm-1/K) = -Infinity
  Sr (cm-1/K) = -Infinity
  Sv (cm-1/K) =       NaN
 
  Thermal corrections (AU)
  Zero Point Energy =   0.108314    
  Internal Energy   =   0.108314    
  Enthalpy          =   0.108314    
  Gibbs Free Energy =            NaN
 
  Thermal corrections (AU) - vibrational only
  Number of vibrations:      42
  V-internal Energy   =   0.108314    
  V-enthalpy          =   0.108314    
  V-gibbs Free Energy =            NaN


 ==> State 2 <==

 Geometry file: Guanine6311-es1.fchk


 Gradient file: Guanine6311-es1.fchk

NOTE: The calculation for this State will assume non-stationary point since the gradient                  
      is not negligible (maximum atomic gradient:   0.086544 a.u.)                                        
 
 Hessian file: Guanine6311-tddft.fchk


 Combination abs/ECDNO
 A standard one-photon absorption calculation  will be performed


 =========================
  ANALYSIS OF DOFs
 =========================

 => STATE 2 <=
 Geometry (Angstroms)
 16    # Nr. of atoms
   Atom       X         Y         Z      Mass
N          2.1645    0.7294    0.0000   14.0031
C          1.8237    2.0662    0.0000   12.0000
N          0.5409    2.2539    0.0000   14.0031
C         -0.0000    0.9876    0.0000   12.0000
C         -1.3686    0.5580    0.0000   12.0000
O         -2.4004    1.1861    0.0000   15.9949
N         -1.4242   -0.8697    0.0000   14.0031
C         -0.3567   -1.7230   -0.0000   12.0000
N         -0.6275   -3.0532   -0.0000   14.0031
N          0.8821   -1.3208    0.0000   14.0031
C          0.9962    0.0281    0.0000   12.0000
H          2.5732    2.8426    0.0000    1.0078
H         -2.3676   -1.2327   -0.0000    1.0078
H         -1.5618   -3.4186   -0.0000    1.0078
H          0.1520   -3.6873   -0.0000    1.0078
H          3.0889    0.3287    0.0000    1.0078
 

 ------------------------------------------------
   INERTIA TENSOR (to be multiplied by 10**5)
 ------------------------------------------------

             1           2           3
  
    1     7.36518    -1.48524     0.00000
    2    -1.48524     5.59437    -0.00000
    3     0.00000    -0.00000    12.95954
 ------------------------------------------------


 ------------------------------------------------
   ROTATIONAL CONSTANTS (AND ROTATION MATRIX)
 ------------------------------------------------

 ROOT NO.    1           2           3

    ************************************
  
    1    -0.49394    -0.86950     0.00000
    2     0.86950    -0.49394     0.00000
    3     0.00000     0.00000     1.00000
 ------------------------------------------------

  Rotational constants (GHz)
     1.93921     1.12226     0.71087
  Rotational temperatures (K)
     0.09307     0.05386     0.03412


 -------------------
  DOF   Dimension
 -------------------
  Vib    42
  Rot    3
  Tra    3
 -------------------


 Translating State2 to its Center of Mass
 Initial COM:      -0.0123      0.0339      0.0000


 ================================
  VIBRATIONAL ANALYSIS ON STATE2
 ================================

Normal modes read from State1 for VG


 ------------------------
   FREQUENCIES (cm-1)
 ------------------------
     1 -1942.19496
     2  -594.35076
     3  -474.86943
     4  -194.73568
     5   -80.70745
     6    78.54754
     7   207.26647
     8   243.13576
     9   245.09882
    10   320.77256
    11   337.64689
    12   411.34496
    13   466.98087
    14   489.00653
    15   543.94636
    16   590.65008
    17   609.60667
    18   644.13311
    19   749.03491
    20   819.49628
    21   863.27979
    22   953.58259
    23  1028.81100
    24  1072.10821
    25  1127.77520
    26  1143.77586
    27  1249.54373
    28  1345.06640
    29  1362.38820
    30  1411.44877
    31  1452.76128
    32  1532.84859
    33  1576.43420
    34  1586.11987
    35  1625.84903
    36  1670.94500
    37  1790.69609
    38  3266.53238
    39  3619.32699
    40  3651.20538
    41  3675.07037
    42  3782.14073
 ------------------------


 -------------------------------------
   State2 Gradient (Q1-space) x1e5
 -------------------------------------
     1     0.00000
     2     0.00000
     3     0.00000
     4    -0.00000
     5     0.00000
     6     0.00000
     7    -0.00000
     8    -5.82575
     9    -0.00000
    10     2.18825
    11     0.00000
    12    -0.00000
    13    -1.02567
    14    11.41318
    15     0.00000
    16    -0.00000
    17     6.20305
    18    -5.70295
    19   -15.95831
    20    -2.59971
    21     0.00000
    22    16.01236
    23    13.14771
    24   -12.83185
    25    -7.97372
    26    15.05846
    27    11.64683
    28    10.51234
    29    -8.65395
    30   -12.03704
    31   -14.73133
    32    -0.40975
    33    46.65037
    34   -45.96747
    35     1.24152
    36    11.96165
    37   -56.78127
    38    -1.84636
    39    -9.14219
    40    -3.23400
    41     5.72994
    42     0.59331
 -------------------------------------




                 ASSIGNMENTS AND ANALYSIS OF 1 WITH RESPECT TO 2
 STATE 1                              MODES STATE 2
IND DEF    FREQUENCY     SHIFT    I21 C21  I22 C22   I23 C23     FR(I21)  I90 I95 I99
   1  P    -1942.19     0.00000    1 1.00    2 0.00    3 0.00       0.00   1   1   1
   2  P     -594.35     0.00000    2 1.00    1 0.00    3 0.00       0.00   1   1   1
   3  P     -474.87     0.00000    3 1.00    2 0.00    1 0.00       0.00   1   1   1
   4  P     -194.74    -0.00000    4 1.00    2 0.00    3 0.00       0.00   1   1   1
   5  P      -80.71     0.00000    5 1.00    2 0.00    3 0.00       0.00   1   1   1
   6  P       78.55    -0.00000    6 1.00    2 0.00    3 0.00       0.00   1   1   1
   7  P      207.27     0.00000    7 1.00    2 0.00    3 0.00       0.00   1   1   1
   8  P      243.14    47.47039    8 1.00    2 0.00    3 0.00       0.00   1   1   1
   9  P      245.10     0.00000    9 1.00    2 0.00    3 0.00       0.00   1   1   1
  10  P      320.77   -10.24406   10 1.00    2 0.00    3 0.00       0.00   1   1   1
  11  P      337.65    -0.00000   11 1.00    2 0.00    3 0.00       0.00   1   1   1
  12  P      411.34     0.00000   12 1.00    2 0.00    3 0.00       0.00   1   1   1
  13  P      466.98     2.26557   13 1.00    2 0.00    3 0.00       0.00   1   1   1
  14  P      489.01   -22.99036   14 1.00    2 0.00    3 0.00       0.00   1   1   1
  15  P      543.95    -0.00000   15 1.00    2 0.00    3 0.00       0.00   1   1   1
  16  P      590.65     0.00000   16 1.00    2 0.00    3 0.00       0.00   1   1   1
  17  P      609.61    -8.04034   17 1.00    2 0.00    3 0.00       0.00   1   1   1
  18  P      644.13     6.62090   18 1.00    2 0.00    3 0.00       0.00   1   1   1
  19  P      749.03    13.70097   19 1.00    2 0.00    3 0.00       0.00   1   1   1
  20  P      819.50     1.86466   20 1.00    2 0.00    3 0.00       0.00   1   1   1
  21  P      863.28    -0.00000   21 1.00    2 0.00    3 0.00       0.00   1   1   1
  22  P      953.58    -8.48218   22 1.00    2 0.00    3 0.00       0.00   1   1   1
  23  P     1028.81    -5.98339   23 1.00    2 0.00    3 0.00       0.00   1   1   1
  24  P     1072.11     5.37750   24 1.00    2 0.00    3 0.00       0.00   1   1   1
  25  P     1127.78     3.01984   25 1.00    2 0.00    3 0.00       0.00   1   1   1
  26  P     1143.78    -5.54456   26 1.00    2 0.00    3 0.00       0.00   1   1   1
  27  P     1249.54    -3.59314   27 1.00    2 0.00    3 0.00       0.00   1   1   1
  28  P     1345.07    -2.79886   28 1.00    2 0.00    3 0.00       0.00   1   1   1
  29  P     1362.39     2.24585   29 1.00    2 0.00    3 0.00       0.00   1   1   1
  30  P     1411.45     2.91044   30 1.00    2 0.00    3 0.00       0.00   1   1   1
  31  P     1452.76     3.36219   31 1.00    2 0.00    3 0.00       0.00   1   1   1
  32  P     1532.85     0.08400   32 1.00    2 0.00    3 0.00       0.00   1   1   1
  33  P     1576.43    -9.04216   33 1.00    2 0.00    3 0.00       0.00   1   1   1
  34  P     1586.12     8.80131   34 1.00    2 0.00    3 0.00       0.00   1   1   1
  35  P     1625.85    -0.22624   35 1.00    2 0.00    3 0.00       0.00   1   1   1
  36  P     1670.95    -2.06365   36 1.00    2 0.00    3 0.00       0.00   1   1   1
  37  P     1790.70     8.52963   37 1.00    2 0.00    3 0.00       0.00   1   1   1
  38  P     3266.53     0.08335   38 1.00    2 0.00    3 0.00       0.00   1   1   1
  39  P     3619.33     0.33617   39 1.00    2 0.00    3 0.00       0.00   1   1   1
  40  P     3651.21     0.11685   40 1.00    2 0.00    3 0.00       0.00   1   1   1
  41  P     3675.07    -0.20436   41 1.00    2 0.00    3 0.00       0.00   1   1   1
  42  P     3782.14    -0.01998   42 1.00    2 0.00    3 0.00       0.00   1   1   1
   
 *********************************************************** 
  
  AVERAGE MAX PROJECTION     1.000000    St Dev   0.000000
  AVERAGE FREQ DIFF          0.000000    St Dev   0.000000
  AVERAGE ABS FREQ DIFF      0.000000    St Dev   0.000000
  AVERAGE ABS DISPLACE       0.656104    St Dev   9.299547
  SUM DISPL**2            3650.306117
  
 *********************************************************** 
  



                 ASSIGNMENTS AND ANALYSIS OF 2 WITH RESPECT TO 1
 STATE 2                              MODES STATE 1
IND DEF    FREQUENCY     SHIFT    I11 C11  I12 C12   I13 C13     FR(I11)  I90 I95 I99
   1  P    -1942.19    -0.00000    1 1.00    2 0.00    3 0.00       0.00   1   1   1
   2  P     -594.35    -0.00000    2 1.00    1 0.00    3 0.00       0.00   1   1   1
   3  P     -474.87    -0.00000    3 1.00    2 0.00    1 0.00       0.00   1   1   1
   4  P     -194.74     0.00000    4 1.00    2 0.00    3 0.00       0.00   1   1   1
   5  P      -80.71    -0.00000    5 1.00    2 0.00    3 0.00       0.00   1   1   1
   6  P       78.55     0.00000    6 1.00    2 0.00    3 0.00       0.00   1   1   1
   7  P      207.27    -0.00000    7 1.00    2 0.00    3 0.00       0.00   1   1   1
   8  P      243.14   -47.47039    8 1.00    2 0.00    3 0.00       0.00   1   1   1
   9  P      245.10    -0.00000    9 1.00    2 0.00    3 0.00       0.00   1   1   1
  10  P      320.77    10.24406   10 1.00    2 0.00    3 0.00       0.00   1   1   1
  11  P      337.65     0.00000   11 1.00    2 0.00    3 0.00       0.00   1   1   1
  12  P      411.34    -0.00000   12 1.00    2 0.00    3 0.00       0.00   1   1   1
  13  P      466.98    -2.26557   13 1.00    2 0.00    3 0.00       0.00   1   1   1
  14  P      489.01    22.99036   14 1.00    2 0.00    3 0.00       0.00   1   1   1
  15  P      543.95     0.00000   15 1.00    2 0.00    3 0.00       0.00   1   1   1
  16  P      590.65    -0.00000   16 1.00    2 0.00    3 0.00       0.00   1   1   1
  17  P      609.61     8.04034   17 1.00    2 0.00    3 0.00       0.00   1   1   1
  18  P      644.13    -6.62090   18 1.00    2 0.00    3 0.00       0.00   1   1   1
  19  P      749.03   -13.70097   19 1.00    2 0.00    3 0.00       0.00   1   1   1
  20  P      819.50    -1.86466   20 1.00    2 0.00    3 0.00       0.00   1   1   1
  21  P      863.28     0.00000   21 1.00    2 0.00    3 0.00       0.00   1   1   1
  22  P      953.58     8.48218   22 1.00    2 0.00    3 0.00       0.00   1   1   1
  23  P     1028.81     5.98339   23 1.00    2 0.00    3 0.00       0.00   1   1   1
  24  P     1072.11    -5.37750   24 1.00    2 0.00    3 0.00       0.00   1   1   1
  25  P     1127.78    -3.01984   25 1.00    2 0.00    3 0.00       0.00   1   1   1
  26  P     1143.78     5.54456   26 1.00    2 0.00    3 0.00       0.00   1   1   1
  27  P     1249.54     3.59314   27 1.00    2 0.00    3 0.00       0.00   1   1   1
  28  P     1345.07     2.79886   28 1.00    2 0.00    3 0.00       0.00   1   1   1
  29  P     1362.39    -2.24585   29 1.00    2 0.00    3 0.00       0.00   1   1   1
  30  P     1411.45    -2.91044   30 1.00    2 0.00    3 0.00       0.00   1   1   1
  31  P     1452.76    -3.36219   31 1.00    2 0.00    3 0.00       0.00   1   1   1
  32  P     1532.85    -0.08400   32 1.00    2 0.00    3 0.00       0.00   1   1   1
  33  P     1576.43     9.04216   33 1.00    2 0.00    3 0.00       0.00   1   1   1
  34  P     1586.12    -8.80131   34 1.00    2 0.00    3 0.00       0.00   1   1   1
  35  P     1625.85     0.22624   35 1.00    2 0.00    3 0.00       0.00   1   1   1
  36  P     1670.95     2.06365   36 1.00    2 0.00    3 0.00       0.00   1   1   1
  37  P     1790.70    -8.52963   37 1.00    2 0.00    3 0.00       0.00   1   1   1
  38  P     3266.53    -0.08335   38 1.00    2 0.00    3 0.00       0.00   1   1   1
  39  P     3619.33    -0.33617   39 1.00    2 0.00    3 0.00       0.00   1   1   1
  40  P     3651.21    -0.11685   40 1.00    2 0.00    3 0.00       0.00   1   1   1
  41  P     3675.07     0.20436   41 1.00    2 0.00    3 0.00       0.00   1   1   1
  42  P     3782.14     0.01998   42 1.00    2 0.00    3 0.00       0.00   1   1   1
   
 *********************************************************** 
  
  AVERAGE MAX PROJECTION     1.000000    St Dev   0.000000
  AVERAGE FREQ DIFF          0.000000    St Dev   0.000000
  AVERAGE ABS FREQ DIFF      0.000000    St Dev   0.000000
  AVERAGE ABS DISPLACE      -0.656104    St Dev   9.299547
  SUM DISPL**2            3650.306117
  
 *********************************************************** 
  

 ADDITIONAL ANALYSIS ON DUSCHINSKY MATRIX
 ----------------------------------------
  Determinant:     1.0000

  ** A = GM·GMT **
  Det(A)     :     1.0000
  Trace(A)   :    42.0000
  Det(A-I)   :     0.0000
  Trace(A-I) :     0.0000
 ----------------------------------------

   
   
 STATE1 MODES SORTED BY DECREASING DIMENSIONLESS SHIFT
   IND    MODE    FREQUENCY DIMENSIONLESS SHIFT
     1       1    **********               NaN
     2       2    -594.35076               NaN
     3       3    -474.86943               NaN
     4       4    -194.73568               NaN
     5       5     -80.70745               NaN
     6       8     243.13576       0.15800E+01
     7      14     489.00653      -0.10852E+01
     8      19     749.03491       0.80041E+00
     9      37    1790.69609       0.77046E+00
    10      33    1576.43420      -0.76633E+00
    11      34    1586.11987       0.74821E+00
    12      22     953.58259      -0.55911E+00
    13      17     609.60667      -0.42375E+00
    14      23    1028.81100      -0.40966E+00
    15      26    1143.77586      -0.40026E+00
    16      10     320.77256      -0.39163E+00
    17      24    1072.10821       0.37584E+00
    18      18     644.13311       0.35868E+00
    19      31    1452.76128       0.27354E+00
    20      27    1249.54373      -0.27112E+00
    21      30    1411.44877       0.23340E+00
    22      28    1345.06640      -0.21911E+00
    23      25    1127.77520       0.21647E+00
    24      36    1670.94500      -0.18006E+00
    25      29    1362.38820       0.17695E+00
    26      20     819.49628       0.11394E+00
    27      13     466.98087       0.10450E+00
    28      39    3619.32699       0.43170E-01
    29      41    3675.07037      -0.26444E-01
    30      35    1625.84903      -0.19472E-01
    31      40    3651.20538       0.15072E-01
    32      38    3266.53238       0.10169E-01
    33      32    1532.84859       0.70202E-02
    34      42    3782.14073      -0.26227E-02
    35       9     245.09882       0.10205E-10
    36       6      78.54754      -0.89852E-11
    37       7     207.26647       0.22061E-11
    38      15     543.94636      -0.15959E-11
    39      11     337.64689      -0.88016E-12
    40      16     590.65008       0.74936E-12
    41      12     411.34496       0.48702E-12
    42      21     863.27979      -0.24560E-12
   
   
 MODES OF STATE1 IN ORDER OF DECREASING FR COUPL
 ESTIMATED BY THE MAGNITUDE OF THE 0-0 INTEGRAL
   IND    MODE1  FREQ   MODE2 FR    FR. SHIFT INV0-0
     1     1  **********         1  **********         0.00000         1.00000
     2     2  -594.35076         2  -594.35076         0.00000         1.00000
     3     3  -474.86943         3  -474.86943         0.00000         1.00000
     4     4  -194.73568         4  -194.73568         0.00000         1.00000
     5     5   -80.70745         5   -80.70745         0.00000         1.00000
     6     6    78.54754         6    78.54754         0.00000         1.00000
     7     7   207.26647         7   207.26647         0.00000         1.00000
     8     8   243.13576         8   243.13576         0.00000         1.00000
     9     9   245.09882         9   245.09882         0.00000         1.00000
    10    10   320.77256        10   320.77256         0.00000         1.00000
    11    11   337.64689        11   337.64689         0.00000         1.00000
    12    12   411.34496        12   411.34496         0.00000         1.00000
    13    13   466.98087        13   466.98087         0.00000         1.00000
    14    14   489.00653        14   489.00653         0.00000         1.00000
    15    15   543.94636        15   543.94636         0.00000         1.00000
    16    16   590.65008        16   590.65008         0.00000         1.00000
    17    17   609.60667        17   609.60667         0.00000         1.00000
    18    18   644.13311        18   644.13311         0.00000         1.00000
    19    19   749.03491        19   749.03491         0.00000         1.00000
    20    20   819.49628        20   819.49628         0.00000         1.00000
    21    21   863.27979        21   863.27979         0.00000         1.00000
    22    22   953.58259        22   953.58259         0.00000         1.00000
    23    23  1028.81100        23  1028.81100         0.00000         1.00000
    24    24  1072.10821        24  1072.10821         0.00000         1.00000
    25    25  1127.77520        25  1127.77520         0.00000         1.00000
    26    26  1143.77586        26  1143.77586         0.00000         1.00000
    27    27  1249.54373        27  1249.54373         0.00000         1.00000
    28    28  1345.06640        28  1345.06640         0.00000         1.00000
    29    29  1362.38820        29  1362.38820         0.00000         1.00000
    30    30  1411.44877        30  1411.44877         0.00000         1.00000
    31    31  1452.76128        31  1452.76128         0.00000         1.00000
    32    32  1532.84859        32  1532.84859         0.00000         1.00000
    33    33  1576.43420        33  1576.43420         0.00000         1.00000
    34    34  1586.11987        34  1586.11987         0.00000         1.00000
    35    35  1625.84903        35  1625.84903         0.00000         1.00000
    36    36  1670.94500        36  1670.94500         0.00000         1.00000
    37    37  1790.69609        37  1790.69609         0.00000         1.00000
    38    38  3266.53238        38  3266.53238         0.00000         1.00000
    39    39  3619.32699        39  3619.32699         0.00000         1.00000
    40    40  3651.20538        40  3651.20538         0.00000         1.00000
    41    41  3675.07037        41  3675.07037         0.00000         1.00000
    42    42  3782.14073        42  3782.14073         0.00000         1.00000
   
   
   
   
 STATE2 MODES SORTED BY DECREASING DIMENSIONLESS SHIFT
   IND    MODE    FREQUENCY DIMENSIONLESS SHIFT
     1       1    **********               NaN
     2       2    -594.35076               NaN
     3       3    -474.86943               NaN
     4       4    -194.73568               NaN
     5       5     -80.70745               NaN
     6       8     243.13576      -0.15800E+01
     7      14     489.00653       0.10852E+01
     8      19     749.03491      -0.80041E+00
     9      37    1790.69609      -0.77046E+00
    10      33    1576.43420       0.76633E+00
    11      34    1586.11987      -0.74821E+00
    12      22     953.58259       0.55911E+00
    13      17     609.60667       0.42375E+00
    14      23    1028.81100       0.40966E+00
    15      26    1143.77586       0.40026E+00
    16      10     320.77256       0.39163E+00
    17      24    1072.10821      -0.37584E+00
    18      18     644.13311      -0.35868E+00
    19      31    1452.76128      -0.27354E+00
    20      27    1249.54373       0.27112E+00
    21      30    1411.44877      -0.23340E+00
    22      28    1345.06640       0.21911E+00
    23      25    1127.77520      -0.21647E+00
    24      36    1670.94500       0.18006E+00
    25      29    1362.38820      -0.17695E+00
    26      20     819.49628      -0.11394E+00
    27      13     466.98087      -0.10450E+00
    28      39    3619.32699      -0.43170E-01
    29      41    3675.07037       0.26444E-01
    30      35    1625.84903       0.19472E-01
    31      40    3651.20538      -0.15072E-01
    32      38    3266.53238      -0.10169E-01
    33      32    1532.84859      -0.70202E-02
    34      42    3782.14073       0.26227E-02
    35       9     245.09882      -0.10205E-10
    36       6      78.54754       0.89852E-11
    37       7     207.26647      -0.22061E-11
    38      15     543.94636       0.15959E-11
    39      11     337.64689       0.88016E-12
    40      16     590.65008      -0.74936E-12
    41      12     411.34496      -0.48702E-12
    42      21     863.27979       0.24560E-12
   
   
 MODES OF STATE2 IN ORDER OF DECREASING FR COUPL
 ESTIMATED BY THE MAGNITUDE OF THE 0-0 INTEGRAL
   IND    MODE2  FREQ   MODE1 FR    FR. SHIFT INV0-0
     1     1  **********         1  **********         0.00000         1.00000
     2     2  -594.35076         2  -594.35076         0.00000         1.00000
     3     3  -474.86943         3  -474.86943         0.00000         1.00000
     4     4  -194.73568         4  -194.73568         0.00000         1.00000
     5     5   -80.70745         5   -80.70745         0.00000         1.00000
     6     6    78.54754         6    78.54754         0.00000         1.00000
     7     7   207.26647         7   207.26647         0.00000         1.00000
     8     8   243.13576         8   243.13576         0.00000         1.00000
     9     9   245.09882         9   245.09882         0.00000         1.00000
    10    10   320.77256        10   320.77256         0.00000         1.00000
    11    11   337.64689        11   337.64689         0.00000         1.00000
    12    12   411.34496        12   411.34496         0.00000         1.00000
    13    13   466.98087        13   466.98087         0.00000         1.00000
    14    14   489.00653        14   489.00653         0.00000         1.00000
    15    15   543.94636        15   543.94636         0.00000         1.00000
    16    16   590.65008        16   590.65008         0.00000         1.00000
    17    17   609.60667        17   609.60667         0.00000         1.00000
    18    18   644.13311        18   644.13311         0.00000         1.00000
    19    19   749.03491        19   749.03491         0.00000         1.00000
    20    20   819.49628        20   819.49628         0.00000         1.00000
    21    21   863.27979        21   863.27979         0.00000         1.00000
    22    22   953.58259        22   953.58259         0.00000         1.00000
    23    23  1028.81100        23  1028.81100         0.00000         1.00000
    24    24  1072.10821        24  1072.10821         0.00000         1.00000
    25    25  1127.77520        25  1127.77520         0.00000         1.00000
    26    26  1143.77586        26  1143.77586         0.00000         1.00000
    27    27  1249.54373        27  1249.54373         0.00000         1.00000
    28    28  1345.06640        28  1345.06640         0.00000         1.00000
    29    29  1362.38820        29  1362.38820         0.00000         1.00000
    30    30  1411.44877        30  1411.44877         0.00000         1.00000
    31    31  1452.76128        31  1452.76128         0.00000         1.00000
    32    32  1532.84859        32  1532.84859         0.00000         1.00000
    33    33  1576.43420        33  1576.43420         0.00000         1.00000
    34    34  1586.11987        34  1586.11987         0.00000         1.00000
    35    35  1625.84903        35  1625.84903         0.00000         1.00000
    36    36  1670.94500        36  1670.94500         0.00000         1.00000
    37    37  1790.69609        37  1790.69609         0.00000         1.00000
    38    38  3266.53238        38  3266.53238         0.00000         1.00000
    39    39  3619.32699        39  3619.32699         0.00000         1.00000
    40    40  3651.20538        40  3651.20538         0.00000         1.00000
    41    41  3675.07037        41  3675.07037         0.00000         1.00000
    42    42  3782.14073        42  3782.14073         0.00000         1.00000
   
   
  
  
 DIMENSIONLESS SHIFTS 
   IND     STATE1       STATE2
     1             NaN             NaN
     2             NaN             NaN
     3             NaN             NaN
     4             NaN             NaN
     5             NaN             NaN
     6    -0.89852E-11     0.89852E-11
     7     0.22061E-11    -0.22061E-11
     8     0.15800E+01    -0.15800E+01
     9     0.10205E-10    -0.10205E-10
    10    -0.39163E+00     0.39163E+00
    11    -0.88016E-12     0.88016E-12
    12     0.48702E-12    -0.48702E-12
    13     0.10450E+00    -0.10450E+00
    14    -0.10852E+01     0.10852E+01
    15    -0.15959E-11     0.15959E-11
    16     0.74936E-12    -0.74936E-12
    17    -0.42375E+00     0.42375E+00
    18     0.35868E+00    -0.35868E+00
    19     0.80041E+00    -0.80041E+00
    20     0.11394E+00    -0.11394E+00
    21    -0.24560E-12     0.24560E-12
    22    -0.55911E+00     0.55911E+00
    23    -0.40966E+00     0.40966E+00
    24     0.37584E+00    -0.37584E+00
    25     0.21647E+00    -0.21647E+00
    26    -0.40026E+00     0.40026E+00
    27    -0.27112E+00     0.27112E+00
    28    -0.21911E+00     0.21911E+00
    29     0.17695E+00    -0.17695E+00
    30     0.23340E+00    -0.23340E+00
    31     0.27354E+00    -0.27354E+00
    32     0.70202E-02    -0.70202E-02
    33    -0.76633E+00     0.76633E+00
    34     0.74821E+00    -0.74821E+00
    35    -0.19472E-01     0.19472E-01
    36    -0.18006E+00     0.18006E+00
    37     0.77046E+00    -0.77046E+00
    38     0.10169E-01    -0.10169E-01
    39     0.43170E-01    -0.43170E-01
    40     0.15072E-01    -0.15072E-01
    41    -0.26444E-01     0.26444E-01
    42    -0.26227E-02     0.26227E-02
  SUM SQUARED DIMENSIONLESS DISPL STATE1        7.6875
  SUM SQUARED DIMENSIONLESS DISPL STATE2        7.6875
  VALUE STATE1 GROUND VIB WAVEFUN AT GEO2       0.0214
  VALUE STATE2 GROUND VIB WAVEFUN AT GEO1       0.0214
  VALUE STATE1 GROUND VIB WAVEFUN AT (GEO1+GEO2)/2      0.3825
  VALUE STATE2 GROUND VIB WAVEFUN AT (GEO1+GEO2)/2      0.3825

 Printing Duschinski matrix to 'duschinsky.dat'


 Printing Shift vector to 'displacement.dat'


WARNING: An imaginary frequency found on State 1:    -1942.195
         It is turned real,                   
         which will cause artefacts.                                                                         
 

WARNING: An imaginary frequency found on State 2:    -1942.195
         It is turned real,                   
         which will cause artefacts.                                                                         
 

WARNING: An imaginary frequency found on State 1:     -594.351
         It is turned real,                   
         which will cause artefacts.                                                                         
 

WARNING: An imaginary frequency found on State 2:     -594.351
         It is turned real,                   
         which will cause artefacts.                                                                         
 

WARNING: An imaginary frequency found on State 1:     -474.869
         It is turned real,                   
         which will cause artefacts.                                                                         
 

WARNING: An imaginary frequency found on State 2:     -474.869
         It is turned real,                   
         which will cause artefacts.                                                                         
 

WARNING: An imaginary frequency found on State 1:     -194.736
         It is turned real,                   
         which will cause artefacts.                                                                         
 

WARNING: An imaginary frequency found on State 2:     -194.736
         It is turned real,                   
         which will cause artefacts.                                                                         
 

WARNING: An imaginary frequency found on State 1:      -80.707
         It is turned real,                   
         which will cause artefacts.                                                                         
 

WARNING: An imaginary frequency found on State 2:      -80.707
         It is turned real,                   
         which will cause artefacts.                                                                         
 

NOTE: DE read from input:   5.185 (eV)                                                                    
 


 ===========================
  REORGANIZATION ENERGY
 ===========================
     0.013908  (Hartree)
     0.378462  (eV)


 ------------------------------------------------------
 Extrapolation form (generalized) vertical point:
 ------------------------------------------------------
 Extrapolated vertical energy:        5.18470  (eV)
 Extrapolated adiabatic energy:       5.18470  (eV)
 Extrapolated reorg. energy   :       0.00000  (eV)
 ------------------------------------------------------



 ===============================
  ZERO-POINT ENERGY CORRECTIONS 
 ===============================


                    ZERO POINT ENERGY IN CM-1
    E01=     25415.62    E02=     25415.62


                    0-0 ENERGY DIFFERENCE
       4.80624 eV


                    ADIABATIC ENERGY     
       4.80624 eV




 ====================

  TRANSITION DIPOLES 

 ====================
 Model for tr. dipoles: HTf

NOTE: Combination of vertical model PES with HTf tr. dipoles might be inconsistent.                       
 
 Reading electric dipole file: eldip_Guanine6311-es1_fchk
 
 
 Dipole derivatives read in Cartesian coordinates
 

 Dipole derivatives transformed to MWC
     
        0-ORDER TRANSITION ELECTRIC DIPOLE MOMENT components and its module
At Geo State 1            0.21011682   -1.14711334   -0.00000000        1.16619814
At Geo State 2            0.21011682   -1.14711334   -0.00000000        1.16619814
   
          TRANS EL DIP MOMENT DERIVATIVES IN MWC COORD
         ATOM  COORD.        Ddipx/Dq    Ddipy/Dq    Ddipz/Dq
           1      x            -0.00757    -0.00665    -0.00000
           1      y            -0.00122    -0.00255     0.00000
           1      z            -0.00000     0.00000    -0.00280
           2      x             0.00285     0.00181     0.00000
           2      y            -0.00354    -0.00001     0.00000
           2      z             0.00000     0.00000    -0.00043
           3      x             0.00071     0.00078    -0.00000
           3      y             0.00372     0.00253    -0.00000
           3      z            -0.00000    -0.00000     0.00060
           4      x            -0.00849    -0.00218     0.00000
           4      y            -0.00679    -0.00525     0.00000
           4      z             0.00000     0.00000    -0.00441
           5      x             0.01853     0.00853     0.00000
           5      y             0.00667     0.00276     0.00000
           5      z            -0.00000     0.00000    -0.00467
           6      x            -0.01354    -0.00666    -0.00000
           6      y             0.00601     0.00253     0.00000
           6      z             0.00000    -0.00000     0.00084
           7      x             0.00562     0.00345    -0.00000
           7      y            -0.01619    -0.00807     0.00000
           7      z             0.00000    -0.00000     0.00451
           8      x             0.00419     0.00168    -0.00000
           8      y             0.00478     0.00325    -0.00000
           8      z            -0.00000     0.00000    -0.01566
           9      x             0.00191     0.00019     0.00000
           9      y             0.00643     0.00287     0.00000
           9      z             0.00000     0.00000     0.00043
          10      x            -0.01114    -0.00495    -0.00000
          10      y            -0.01500    -0.00970    -0.00000
          10      z            -0.00000    -0.00000     0.00186
          11      x             0.00886     0.00526    -0.00000
          11      y             0.01595     0.01261    -0.00000
          11      z             0.00000    -0.00000     0.01298
          12      x             0.00091     0.00055     0.00000
          12      y            -0.00116    -0.00109    -0.00000
          12      z             0.00000     0.00000    -0.00044
          13      x            -0.00023    -0.00166     0.00000
          13      y            -0.00107    -0.00104    -0.00000
          13      z             0.00000    -0.00000     0.00962
          14      x            -0.00081     0.00037    -0.00000
          14      y             0.00222     0.00157    -0.00000
          14      z             0.00000    -0.00000     0.00728
          15      x             0.00196     0.00029    -0.00000
          15      y             0.00033     0.00111     0.00000
          15      z             0.00000    -0.00000     0.00445
          16      x             0.00162     0.00160     0.00000
          16      y            -0.00021    -0.00114     0.00000
          16      z             0.00000    -0.00000     0.00068
 

 TR DIPOLE DERIVATIVES IN NORMAL COORDINATES STATE1 
     1      -0.0000000   0.0000000  -0.0255429          -0.0000000   0.0000000  -0.0255429
     2       0.0000000   0.0000000   0.0000866           0.0000000   0.0000000   0.0000866
     3       0.0000000   0.0000000   0.0002307           0.0000000   0.0000000   0.0002307
     4       0.0000000   0.0000000  -0.0001149           0.0000000   0.0000000  -0.0001149
     5      -0.0000000  -0.0000000  -0.0001432          -0.0000000  -0.0000000  -0.0001432
     6      -0.0000000  -0.0000000   0.0004942          -0.0000000  -0.0000000   0.0004942
     7       0.0000000   0.0000000   0.0003233           0.0000000   0.0000000   0.0003233
     8      -0.0107163  -0.0058863   0.0000000          -0.0107163  -0.0058863   0.0000000
     9      -0.0000000  -0.0000000  -0.0002753          -0.0000000  -0.0000000  -0.0002753
    10      -0.0002664   0.0005869  -0.0000000          -0.0002664   0.0005869  -0.0000000
    11      -0.0000000  -0.0000000   0.0002124          -0.0000000  -0.0000000   0.0002124
    12      -0.0000000  -0.0000000   0.0003500          -0.0000000  -0.0000000   0.0003500
    13      -0.0067596  -0.0033076  -0.0000000          -0.0067596  -0.0033076  -0.0000000
    14       0.0073988   0.0039262  -0.0000000           0.0073988   0.0039262  -0.0000000
    15       0.0000000   0.0000000   0.0001024           0.0000000   0.0000000   0.0001024
    16       0.0000000   0.0000000   0.0005815           0.0000000   0.0000000   0.0005815
    17      -0.0082538  -0.0038003  -0.0000000          -0.0082538  -0.0038003  -0.0000000
    18      -0.0001432  -0.0000246  -0.0000000          -0.0001432  -0.0000246  -0.0000000
    19      -0.0276071  -0.0153126   0.0000000          -0.0276071  -0.0153126   0.0000000
    20      -0.0097680  -0.0035140   0.0000000          -0.0097680  -0.0035140   0.0000000
    21       0.0000000   0.0000000   0.0000547           0.0000000   0.0000000   0.0000547
    22      -0.0026390  -0.0003848  -0.0000000          -0.0026390  -0.0003848  -0.0000000
    23      -0.0035672  -0.0014619  -0.0000000          -0.0035672  -0.0014619  -0.0000000
    24      -0.0018500  -0.0023932   0.0000000          -0.0018500  -0.0023932   0.0000000
    25       0.0046358   0.0042511   0.0000000           0.0046358   0.0042511   0.0000000
    26       0.0006326   0.0013659   0.0000000           0.0006326   0.0013659   0.0000000
    27       0.0119403   0.0082831  -0.0000000           0.0119403   0.0082831  -0.0000000
    28       0.0115751   0.0068738  -0.0000000           0.0115751   0.0068738  -0.0000000
    29      -0.0027233  -0.0018670  -0.0000000          -0.0027233  -0.0018670  -0.0000000
    30       0.0001325  -0.0008814  -0.0000000           0.0001325  -0.0008814  -0.0000000
    31      -0.0133423  -0.0096662   0.0000000          -0.0133423  -0.0096662   0.0000000
    32      -0.0057973  -0.0036310  -0.0000000          -0.0057973  -0.0036310  -0.0000000
    33       0.0042219   0.0055721   0.0000000           0.0042219   0.0055721   0.0000000
    34       0.0011900  -0.0009348  -0.0000000           0.0011900  -0.0009348  -0.0000000
    35      -0.0063789  -0.0018748   0.0000000          -0.0063789  -0.0018748   0.0000000
    36       0.0065144   0.0027206   0.0000000           0.0065144   0.0027206   0.0000000
    37       0.0098957   0.0025507  -0.0000000           0.0098957   0.0025507  -0.0000000
    38      -0.0000851  -0.0007930   0.0000000          -0.0000851  -0.0007930   0.0000000
    39      -0.0001328  -0.0019059   0.0000000          -0.0001328  -0.0019059   0.0000000
    40       0.0019729  -0.0003744  -0.0000000           0.0019729  -0.0003744  -0.0000000
    41       0.0031528   0.0032043  -0.0000000           0.0031528   0.0032043  -0.0000000
    42       0.0005130   0.0004090  -0.0000000           0.0005130   0.0004090  -0.0000000
   
   

 TR DIPOLE DERIVATIVES IN NORMAL COORDINATES STATE2 
  (these will be the ones used for spectrum calculation)
     1      -0.0000000   0.0000000  -0.0255429          -0.0000000   0.0000000  -0.0255429
     2       0.0000000   0.0000000   0.0000866           0.0000000   0.0000000   0.0000866
     3       0.0000000   0.0000000   0.0002307           0.0000000   0.0000000   0.0002307
     4       0.0000000   0.0000000  -0.0001149           0.0000000   0.0000000  -0.0001149
     5      -0.0000000  -0.0000000  -0.0001432          -0.0000000  -0.0000000  -0.0001432
     6      -0.0000000  -0.0000000   0.0004942          -0.0000000  -0.0000000   0.0004942
     7       0.0000000   0.0000000   0.0003233           0.0000000   0.0000000   0.0003233
     8      -0.0107163  -0.0058863   0.0000000          -0.0107163  -0.0058863   0.0000000
     9      -0.0000000  -0.0000000  -0.0002753          -0.0000000  -0.0000000  -0.0002753
    10      -0.0002664   0.0005869  -0.0000000          -0.0002664   0.0005869  -0.0000000
    11      -0.0000000  -0.0000000   0.0002124          -0.0000000  -0.0000000   0.0002124
    12      -0.0000000  -0.0000000   0.0003500          -0.0000000  -0.0000000   0.0003500
    13      -0.0067596  -0.0033076  -0.0000000          -0.0067596  -0.0033076  -0.0000000
    14       0.0073988   0.0039262  -0.0000000           0.0073988   0.0039262  -0.0000000
    15       0.0000000   0.0000000   0.0001024           0.0000000   0.0000000   0.0001024
    16       0.0000000   0.0000000   0.0005815           0.0000000   0.0000000   0.0005815
    17      -0.0082538  -0.0038003  -0.0000000          -0.0082538  -0.0038003  -0.0000000
    18      -0.0001432  -0.0000246  -0.0000000          -0.0001432  -0.0000246  -0.0000000
    19      -0.0276071  -0.0153126   0.0000000          -0.0276071  -0.0153126   0.0000000
    20      -0.0097680  -0.0035140   0.0000000          -0.0097680  -0.0035140   0.0000000
    21       0.0000000   0.0000000   0.0000547           0.0000000   0.0000000   0.0000547
    22      -0.0026390  -0.0003848  -0.0000000          -0.0026390  -0.0003848  -0.0000000
    23      -0.0035672  -0.0014619  -0.0000000          -0.0035672  -0.0014619  -0.0000000
    24      -0.0018500  -0.0023932   0.0000000          -0.0018500  -0.0023932   0.0000000
    25       0.0046358   0.0042511   0.0000000           0.0046358   0.0042511   0.0000000
    26       0.0006326   0.0013659   0.0000000           0.0006326   0.0013659   0.0000000
    27       0.0119403   0.0082831  -0.0000000           0.0119403   0.0082831  -0.0000000
    28       0.0115751   0.0068738  -0.0000000           0.0115751   0.0068738  -0.0000000
    29      -0.0027233  -0.0018670  -0.0000000          -0.0027233  -0.0018670  -0.0000000
    30       0.0001325  -0.0008814  -0.0000000           0.0001325  -0.0008814  -0.0000000
    31      -0.0133423  -0.0096662   0.0000000          -0.0133423  -0.0096662   0.0000000
    32      -0.0057973  -0.0036310  -0.0000000          -0.0057973  -0.0036310  -0.0000000
    33       0.0042219   0.0055721   0.0000000           0.0042219   0.0055721   0.0000000
    34       0.0011900  -0.0009348  -0.0000000           0.0011900  -0.0009348  -0.0000000
    35      -0.0063789  -0.0018748   0.0000000          -0.0063789  -0.0018748   0.0000000
    36       0.0065144   0.0027206   0.0000000           0.0065144   0.0027206   0.0000000
    37       0.0098957   0.0025507  -0.0000000           0.0098957   0.0025507  -0.0000000
    38      -0.0000851  -0.0007930   0.0000000          -0.0000851  -0.0007930   0.0000000
    39      -0.0001328  -0.0019059   0.0000000          -0.0001328  -0.0019059   0.0000000
    40       0.0019729  -0.0003744  -0.0000000           0.0019729  -0.0003744  -0.0000000
    41       0.0031528   0.0032043  -0.0000000           0.0031528   0.0032043  -0.0000000
    42       0.0005130   0.0004090  -0.0000000           0.0005130   0.0004090  -0.0000000
   
   
                    TR DIPOLE DERIVATIVES IN N. MODES STATE2  WEIGHTED BY 1/(SQRT[FREQ])
                        AND CONTRIBUTION TO HT INTENSITY IN DECREASING ORDER
                    DERIVATIVES EL DIPOLE (au)                 DERIVATIVES MAG DIPOLE (au)            HT ROT STREGTH (10**-40 cgs)
                   x        y        z       mod              x        y        z       mod             VALUE     SUM       SUM(ABS)
    1      19  -0.3342  -0.1853   0.0000   0.3821     19  -0.3342  -0.1853   0.0000   0.3821     19  68.835849   0.688E+02   0.688E+02
    2       8  -0.2277  -0.1251   0.0000   0.2597      8  -0.2277  -0.1251   0.0000   0.2597      8  31.808213   0.101E+03   0.101E+03
    3       1  -0.0000   0.0000  -0.1920   0.1920      1  -0.0000   0.0000  -0.1920   0.1920      1  17.379221   0.118E+03   0.118E+03
    4      31  -0.1160  -0.0840   0.0000   0.1432     31  -0.1160  -0.0840   0.0000   0.1432     31   9.666779   0.128E+03   0.128E+03
    5      27   0.1119   0.0776  -0.0000   0.1362     27   0.1119   0.0776  -0.0000   0.1362     27   8.743515   0.136E+03   0.136E+03
    6      14   0.1108   0.0588  -0.0000   0.1255     14   0.1108   0.0588  -0.0000   0.1255     14   7.422341   0.144E+03   0.144E+03
    7      17  -0.1107  -0.0510  -0.0000   0.1219     17  -0.1107  -0.0510  -0.0000   0.1219     17   7.007231   0.151E+03   0.151E+03
    8      28   0.1046   0.0621  -0.0000   0.1216     28   0.1046   0.0621  -0.0000   0.1216     28   6.970713   0.158E+03   0.158E+03
    9      20  -0.1130  -0.0407   0.0000   0.1201     20  -0.1130  -0.0407   0.0000   0.1201     20   6.803062   0.165E+03   0.165E+03
   10      13  -0.1036  -0.0507  -0.0000   0.1154     13  -0.1036  -0.0507  -0.0000   0.1154     13   6.274047   0.171E+03   0.171E+03
   11      37   0.0775   0.0200  -0.0000   0.0800     37   0.0775   0.0200  -0.0000   0.0800     37   3.017116   0.174E+03   0.174E+03
   12      25   0.0457   0.0419   0.0000   0.0620     25   0.0457   0.0419   0.0000   0.0620     25   1.814878   0.176E+03   0.176E+03
   13      33   0.0352   0.0465   0.0000   0.0583     33   0.0352   0.0465   0.0000   0.0583     33   1.603879   0.177E+03   0.177E+03
   14      32  -0.0491  -0.0307  -0.0000   0.0579     32  -0.0491  -0.0307  -0.0000   0.0579     32   1.579288   0.179E+03   0.179E+03
   15      36   0.0528   0.0220   0.0000   0.0572     36   0.0528   0.0220   0.0000   0.0572     36   1.543097   0.180E+03   0.180E+03
   16      35  -0.0524  -0.0154   0.0000   0.0546     35  -0.0524  -0.0154   0.0000   0.0546     35   1.406632   0.182E+03   0.182E+03
   17      23  -0.0368  -0.0151  -0.0000   0.0398     23  -0.0368  -0.0151  -0.0000   0.0398     23   0.747356   0.183E+03   0.183E+03
   18      24  -0.0187  -0.0242   0.0000   0.0306     24  -0.0187  -0.0242   0.0000   0.0306     24   0.441547   0.183E+03   0.183E+03
   19      29  -0.0244  -0.0168  -0.0000   0.0296     29  -0.0244  -0.0168  -0.0000   0.0296     29   0.413993   0.183E+03   0.183E+03
   20      22  -0.0283  -0.0041  -0.0000   0.0286     22  -0.0283  -0.0041  -0.0000   0.0286     22   0.385869   0.184E+03   0.184E+03
   21      41   0.0172   0.0175  -0.0000   0.0246     41   0.0172   0.0175  -0.0000   0.0246     41   0.284466   0.184E+03   0.184E+03
   22       6  -0.0000  -0.0000   0.0185   0.0185      6  -0.0000  -0.0000   0.0185   0.0185      6   0.160867   0.184E+03   0.184E+03
   23      26   0.0062   0.0134   0.0000   0.0147     26   0.0062   0.0134   0.0000   0.0147     26   0.102488   0.184E+03   0.184E+03
   24      34   0.0099  -0.0078  -0.0000   0.0126     34   0.0099  -0.0078  -0.0000   0.0126     34   0.074695   0.184E+03   0.184E+03
   25      10  -0.0049   0.0109  -0.0000   0.0119     10  -0.0049   0.0109  -0.0000   0.0119     10   0.067005   0.185E+03   0.185E+03
   26      40   0.0108  -0.0021  -0.0000   0.0110     40   0.0108  -0.0021  -0.0000   0.0110     40   0.057137   0.185E+03   0.185E+03
   27      39  -0.0007  -0.0105   0.0000   0.0105     39  -0.0007  -0.0105   0.0000   0.0105     39   0.052176   0.185E+03   0.185E+03
   28      16   0.0000   0.0000   0.0079   0.0079     16   0.0000   0.0000   0.0079   0.0079     16   0.029617   0.185E+03   0.185E+03
   29      30   0.0012  -0.0078  -0.0000   0.0079     30   0.0012  -0.0078  -0.0000   0.0079     30   0.029116   0.185E+03   0.185E+03
   30       7   0.0000   0.0000   0.0074   0.0074      7   0.0000   0.0000   0.0074   0.0074      7   0.026097   0.185E+03   0.185E+03
   31       9  -0.0000  -0.0000  -0.0058   0.0058      9  -0.0000  -0.0000  -0.0058   0.0058      9   0.015999   0.185E+03   0.185E+03
   32      12  -0.0000  -0.0000   0.0057   0.0057     12  -0.0000  -0.0000   0.0057   0.0057     12   0.015409   0.185E+03   0.185E+03
   33       5  -0.0000  -0.0000  -0.0053   0.0053      5  -0.0000  -0.0000  -0.0053   0.0053      5   0.013153   0.185E+03   0.185E+03
   34      38  -0.0005  -0.0046   0.0000   0.0046     38  -0.0005  -0.0046   0.0000   0.0046     38   0.010076   0.185E+03   0.185E+03
   35      11  -0.0000  -0.0000   0.0038   0.0038     11  -0.0000  -0.0000   0.0038   0.0038     11   0.006912   0.185E+03   0.185E+03
   36      42   0.0028   0.0022  -0.0000   0.0035     42   0.0028   0.0022  -0.0000   0.0035     42   0.005889   0.185E+03   0.185E+03
   37       3   0.0000   0.0000   0.0035   0.0035      3   0.0000   0.0000   0.0035   0.0035      3   0.005799   0.185E+03   0.185E+03
   38       4   0.0000   0.0000  -0.0027   0.0027      4   0.0000   0.0000  -0.0027   0.0027      4   0.003509   0.185E+03   0.185E+03
   39      18  -0.0019  -0.0003  -0.0000   0.0019     18  -0.0019  -0.0003  -0.0000   0.0019     18   0.001696   0.185E+03   0.185E+03
   40      15   0.0000   0.0000   0.0015   0.0015     15   0.0000   0.0000   0.0015   0.0015     15   0.000996   0.185E+03   0.185E+03
   41       2   0.0000   0.0000   0.0012   0.0012      2   0.0000   0.0000   0.0012   0.0012      2   0.000652   0.185E+03   0.185E+03
   42      21   0.0000   0.0000   0.0006   0.0006     21   0.0000   0.0000   0.0006   0.0006     21   0.000180   0.185E+03   0.185E+03
   
   
     
 TRANSITION DIPOLE MOMENTS AT INITIAL-STATE
  GEOMETRY OBTAINED BY LINEAR INTERPOLATION IN NORMAL COORDINATES
     
 ORIGINAL TRANSITION ELECTRIC DIPOLE at GEO1 
At Geo State 1            0.21011682   -1.14711334   -0.00000000        1.16619814
 INTERP. TRANSITION ELECTRIC DIPOLE at GEO1 
At Geo State 1            1.27042620   -0.45034252    0.00000000        1.34788394
  error component x   1.06030937917034     
  error component y  0.696770820669389     
  error component z  2.964201841733044E-013
 angle between the two vectors in degrees   60.1017207408439     
  
 ORIGINAL TRANSITION MAGNETIC DIPOLE at GEO1 
At Geo State 1            0.21011682   -1.14711334   -0.00000000        1.16619814
 INTERP. TRANSITION MAGNETIC DIPOLE at GEO1 
At Geo State 1            1.27042620   -0.45034252    0.00000000        1.34788394
  error component x   1.06030937917034     
  error component y  0.696770820669389     
  error component z  2.964201841733044E-013
 angle between the two vectors in degrees   60.1017207408439     
     
     
 angle between the interp. elec. and magn. dip   0.000000000000000E+000
     
 TRANSITION DIPOLE MOMENTS AT FINAL-STATE
  GEOMETRY OBTAINED BY LINEAR INTERPOLATION IN NORMAL COORDINATES
 ORIGINAL TRANSITION ELECTRIC DIPOLE at GEO2 
At Geo State 2            0.21011682   -1.14711334   -0.00000000        1.16619814
 INTERP. TRANSITION ELECTRIC DIPOLE at GEO2 
At Geo State 2           -0.85019256   -1.84388416   -0.00000000        2.03045221
  error component x  -1.06030937917034     
  error component y -0.696770820669389     
  error component z -2.964201841733044E-013
 angle between the two vectors in degrees   35.1336589282419     
  
 ORIGINAL TRANSITION MAGNETIC DIPOLE at GEO2 
At Geo State 2            0.21011682   -1.14711334   -0.00000000        1.16619814
 INTERP. TRANSITION MAGNETIC DIPOLE at GEO2 
At Geo State 2           -0.85019256   -1.84388416   -0.00000000        2.03045221
  error component x  -1.06030937917034     
  error component y -0.696770820669389     
  error component z -2.964201841733044E-013
 angle between the two vectors in degrees   35.1336589282419     
     
     
 angle between the interp. elec. and magn. dip   0.000000000000000E+000
 dip0 dipm0  0.210116817000000       0.210116817000000     
 dip0 dipm0  -1.14711334000000       -1.14711334000000     
 dip0 dipm0 -2.939394580000000E-015 -2.939394580000000E-015
 IF RUNNING ABS/EMI THEN IN SUBSEQUENT EMI/ABS CALCULATION
 USE THE INTERPOLATED VALUES AT GEO2/GEO1 LIKE INITIAL-STATE DATA
 TO OBTAIN COHERENT HERZBERG-TELLER RESULTS
 WITH HTi OPTION
  FINAL STATE DIP0 AND DIPM0 ACTUALLY USED IN CALCULATIONS
  dip0(1)=  0.2101168    dipm0(1)=  0.2101168
  dip0(2)= -1.1471133    dipm0(2)= -1.1471133
  dip0(3)= -0.0000000    dipm0(3)= -0.0000000
 FC part of total intensity   1.81679110463287     
 TOTAL INTENSITY 0K   1.81998215313892     
    
     1      -0.0000000   0.0000000  -0.0255429          -0.0000000   0.0000000  -0.0255429
     2       0.0000000   0.0000000   0.0000866           0.0000000   0.0000000   0.0000866
     3       0.0000000   0.0000000   0.0002307           0.0000000   0.0000000   0.0002307
     4       0.0000000   0.0000000  -0.0001149           0.0000000   0.0000000  -0.0001149
     5      -0.0000000  -0.0000000  -0.0001432          -0.0000000  -0.0000000  -0.0001432
     6      -0.0000000  -0.0000000   0.0004942          -0.0000000  -0.0000000   0.0004942
     7       0.0000000   0.0000000   0.0003233           0.0000000   0.0000000   0.0003233
     8      -0.0107163  -0.0058863   0.0000000          -0.0107163  -0.0058863   0.0000000
     9      -0.0000000  -0.0000000  -0.0002753          -0.0000000  -0.0000000  -0.0002753
    10      -0.0002664   0.0005869  -0.0000000          -0.0002664   0.0005869  -0.0000000
    11      -0.0000000  -0.0000000   0.0002124          -0.0000000  -0.0000000   0.0002124
    12      -0.0000000  -0.0000000   0.0003500          -0.0000000  -0.0000000   0.0003500
    13      -0.0067596  -0.0033076  -0.0000000          -0.0067596  -0.0033076  -0.0000000
    14       0.0073988   0.0039262  -0.0000000           0.0073988   0.0039262  -0.0000000
    15       0.0000000   0.0000000   0.0001024           0.0000000   0.0000000   0.0001024
    16       0.0000000   0.0000000   0.0005815           0.0000000   0.0000000   0.0005815
    17      -0.0082538  -0.0038003  -0.0000000          -0.0082538  -0.0038003  -0.0000000
    18      -0.0001432  -0.0000246  -0.0000000          -0.0001432  -0.0000246  -0.0000000
    19      -0.0276071  -0.0153126   0.0000000          -0.0276071  -0.0153126   0.0000000
    20      -0.0097680  -0.0035140   0.0000000          -0.0097680  -0.0035140   0.0000000
    21       0.0000000   0.0000000   0.0000547           0.0000000   0.0000000   0.0000547
    22      -0.0026390  -0.0003848  -0.0000000          -0.0026390  -0.0003848  -0.0000000
    23      -0.0035672  -0.0014619  -0.0000000          -0.0035672  -0.0014619  -0.0000000
    24      -0.0018500  -0.0023932   0.0000000          -0.0018500  -0.0023932   0.0000000
    25       0.0046358   0.0042511   0.0000000           0.0046358   0.0042511   0.0000000
    26       0.0006326   0.0013659   0.0000000           0.0006326   0.0013659   0.0000000
    27       0.0119403   0.0082831  -0.0000000           0.0119403   0.0082831  -0.0000000
    28       0.0115751   0.0068738  -0.0000000           0.0115751   0.0068738  -0.0000000
    29      -0.0027233  -0.0018670  -0.0000000          -0.0027233  -0.0018670  -0.0000000
    30       0.0001325  -0.0008814  -0.0000000           0.0001325  -0.0008814  -0.0000000
    31      -0.0133423  -0.0096662   0.0000000          -0.0133423  -0.0096662   0.0000000
    32      -0.0057973  -0.0036310  -0.0000000          -0.0057973  -0.0036310  -0.0000000
    33       0.0042219   0.0055721   0.0000000           0.0042219   0.0055721   0.0000000
    34       0.0011900  -0.0009348  -0.0000000           0.0011900  -0.0009348  -0.0000000
    35      -0.0063789  -0.0018748   0.0000000          -0.0063789  -0.0018748   0.0000000
    36       0.0065144   0.0027206   0.0000000           0.0065144   0.0027206   0.0000000
    37       0.0098957   0.0025507  -0.0000000           0.0098957   0.0025507  -0.0000000
    38      -0.0000851  -0.0007930   0.0000000          -0.0000851  -0.0007930   0.0000000
    39      -0.0001328  -0.0019059   0.0000000          -0.0001328  -0.0019059   0.0000000
    40       0.0019729  -0.0003744  -0.0000000           0.0019729  -0.0003744  -0.0000000
    41       0.0031528   0.0032043  -0.0000000           0.0031528   0.0032043  -0.0000000
    42       0.0005130   0.0004090  -0.0000000           0.0005130   0.0004090  -0.0000000


 FC(GEO1 interpolated) contribution to total Intensity   1.81679110463287     
   
   
 TOTAL INTENSITY 0K final estimate   2.20883923591869     
      
 *******************************************
   
   
                    TR DIPOLE DERIVATIVES IN N. MODES STATE1  WEIGHTED BY 1/(SQRT[FREQ])
                        AND CONTRIBUTION TO HT INTENSITY IN DECREASING ORDER
                    DERIVATIVES EL DIPOLE (au)                 DERIVATIVES MAG DIPOLE (au)            HT ROT STREGTH (10**-40 cgs)
                   x        y        z       mod              x        y        z       mod             VALUE     SUM       SUM(ABS)
    1      19  -0.3342  -0.1853   0.0000   0.3821     19  -0.3342  -0.1853   0.0000   0.3821     19  68.835849   0.688E+02   0.688E+02
    2       8  -0.2277  -0.1251   0.0000   0.2597      8  -0.2277  -0.1251   0.0000   0.2597      8  31.808213   0.101E+03   0.101E+03
    3       1  -0.0000   0.0000  -0.1920   0.1920      1  -0.0000   0.0000  -0.1920   0.1920      1  17.379221   0.118E+03   0.118E+03
    4      31  -0.1160  -0.0840   0.0000   0.1432     31  -0.1160  -0.0840   0.0000   0.1432     31   9.666779   0.128E+03   0.128E+03
    5      27   0.1119   0.0776  -0.0000   0.1362     27   0.1119   0.0776  -0.0000   0.1362     27   8.743515   0.136E+03   0.136E+03
    6      14   0.1108   0.0588  -0.0000   0.1255     14   0.1108   0.0588  -0.0000   0.1255     14   7.422341   0.144E+03   0.144E+03
    7      17  -0.1107  -0.0510  -0.0000   0.1219     17  -0.1107  -0.0510  -0.0000   0.1219     17   7.007231   0.151E+03   0.151E+03
    8      28   0.1046   0.0621  -0.0000   0.1216     28   0.1046   0.0621  -0.0000   0.1216     28   6.970713   0.158E+03   0.158E+03
    9      20  -0.1130  -0.0407   0.0000   0.1201     20  -0.1130  -0.0407   0.0000   0.1201     20   6.803062   0.165E+03   0.165E+03
   10      13  -0.1036  -0.0507  -0.0000   0.1154     13  -0.1036  -0.0507  -0.0000   0.1154     13   6.274047   0.171E+03   0.171E+03
   11      37   0.0775   0.0200  -0.0000   0.0800     37   0.0775   0.0200  -0.0000   0.0800     37   3.017116   0.174E+03   0.174E+03
   12      25   0.0457   0.0419   0.0000   0.0620     25   0.0457   0.0419   0.0000   0.0620     25   1.814878   0.176E+03   0.176E+03
   13      33   0.0352   0.0465   0.0000   0.0583     33   0.0352   0.0465   0.0000   0.0583     33   1.603879   0.177E+03   0.177E+03
   14      32  -0.0491  -0.0307  -0.0000   0.0579     32  -0.0491  -0.0307  -0.0000   0.0579     32   1.579288   0.179E+03   0.179E+03
   15      36   0.0528   0.0220   0.0000   0.0572     36   0.0528   0.0220   0.0000   0.0572     36   1.543097   0.180E+03   0.180E+03
   16      35  -0.0524  -0.0154   0.0000   0.0546     35  -0.0524  -0.0154   0.0000   0.0546     35   1.406632   0.182E+03   0.182E+03
   17      23  -0.0368  -0.0151  -0.0000   0.0398     23  -0.0368  -0.0151  -0.0000   0.0398     23   0.747356   0.183E+03   0.183E+03
   18      24  -0.0187  -0.0242   0.0000   0.0306     24  -0.0187  -0.0242   0.0000   0.0306     24   0.441547   0.183E+03   0.183E+03
   19      29  -0.0244  -0.0168  -0.0000   0.0296     29  -0.0244  -0.0168  -0.0000   0.0296     29   0.413993   0.183E+03   0.183E+03
   20      22  -0.0283  -0.0041  -0.0000   0.0286     22  -0.0283  -0.0041  -0.0000   0.0286     22   0.385869   0.184E+03   0.184E+03
   21      41   0.0172   0.0175  -0.0000   0.0246     41   0.0172   0.0175  -0.0000   0.0246     41   0.284466   0.184E+03   0.184E+03
   22       6  -0.0000  -0.0000   0.0185   0.0185      6  -0.0000  -0.0000   0.0185   0.0185      6   0.160867   0.184E+03   0.184E+03
   23      26   0.0062   0.0134   0.0000   0.0147     26   0.0062   0.0134   0.0000   0.0147     26   0.102488   0.184E+03   0.184E+03
   24      34   0.0099  -0.0078  -0.0000   0.0126     34   0.0099  -0.0078  -0.0000   0.0126     34   0.074695   0.184E+03   0.184E+03
   25      10  -0.0049   0.0109  -0.0000   0.0119     10  -0.0049   0.0109  -0.0000   0.0119     10   0.067005   0.185E+03   0.185E+03
   26      40   0.0108  -0.0021  -0.0000   0.0110     40   0.0108  -0.0021  -0.0000   0.0110     40   0.057137   0.185E+03   0.185E+03
   27      39  -0.0007  -0.0105   0.0000   0.0105     39  -0.0007  -0.0105   0.0000   0.0105     39   0.052176   0.185E+03   0.185E+03
   28      16   0.0000   0.0000   0.0079   0.0079     16   0.0000   0.0000   0.0079   0.0079     16   0.029617   0.185E+03   0.185E+03
   29      30   0.0012  -0.0078  -0.0000   0.0079     30   0.0012  -0.0078  -0.0000   0.0079     30   0.029116   0.185E+03   0.185E+03
   30       7   0.0000   0.0000   0.0074   0.0074      7   0.0000   0.0000   0.0074   0.0074      7   0.026097   0.185E+03   0.185E+03
   31       9  -0.0000  -0.0000  -0.0058   0.0058      9  -0.0000  -0.0000  -0.0058   0.0058      9   0.015999   0.185E+03   0.185E+03
   32      12  -0.0000  -0.0000   0.0057   0.0057     12  -0.0000  -0.0000   0.0057   0.0057     12   0.015409   0.185E+03   0.185E+03
   33       5  -0.0000  -0.0000  -0.0053   0.0053      5  -0.0000  -0.0000  -0.0053   0.0053      5   0.013153   0.185E+03   0.185E+03
   34      38  -0.0005  -0.0046   0.0000   0.0046     38  -0.0005  -0.0046   0.0000   0.0046     38   0.010076   0.185E+03   0.185E+03
   35      11  -0.0000  -0.0000   0.0038   0.0038     11  -0.0000  -0.0000   0.0038   0.0038     11   0.006912   0.185E+03   0.185E+03
   36      42   0.0028   0.0022  -0.0000   0.0035     42   0.0028   0.0022  -0.0000   0.0035     42   0.005889   0.185E+03   0.185E+03
   37       3   0.0000   0.0000   0.0035   0.0035      3   0.0000   0.0000   0.0035   0.0035      3   0.005799   0.185E+03   0.185E+03
   38       4   0.0000   0.0000  -0.0027   0.0027      4   0.0000   0.0000  -0.0027   0.0027      4   0.003509   0.185E+03   0.185E+03
   39      18  -0.0019  -0.0003  -0.0000   0.0019     18  -0.0019  -0.0003  -0.0000   0.0019     18   0.001696   0.185E+03   0.185E+03
   40      15   0.0000   0.0000   0.0015   0.0015     15   0.0000   0.0000   0.0015   0.0015     15   0.000996   0.185E+03   0.185E+03
   41       2   0.0000   0.0000   0.0012   0.0012      2   0.0000   0.0000   0.0012   0.0012      2   0.000652   0.185E+03   0.185E+03
   42      21   0.0000   0.0000   0.0006   0.0006     21   0.0000   0.0000   0.0006   0.0006     21   0.000180   0.185E+03   0.185E+03
   
   
 *******************************************
 GENERALIZED OSC. STRENGTH INCLUDING HT EFFECT   0.000000000000000E+000
 ***********************************************
 ANALYTICAL MOMENTS OF THE SPECTRUM
 ZERO-TH MOMENT
 FC zeroth moment   1.81679110463287     
 FCHT zeroth moment T=0K   2.20883923591869     
 FCHT zeroth moment input T   2.20883923591869     
 
 FIRST MOMENT
 evert  0.000000000000000E+000  0.000000000000000E+000
 aaafc   1.81679110463287     
  FC component (eV)    -1.26454319368425     
  FC-HT component (eV)   -1.311635399969721E+229
  HT component (eV)    1.002301660018232E+087
  FIRST MOMENT (eV)   -1.311635399969721E+229
    
  FC VARIANCE (eV**2)                  Infinity
  FC Gradient contr.    (eV**2)                  Infinity
  FC Freq. shift contr. (eV**2)    2.979672196046264E-004
  FC Duschinsky  contr. (eV**2)     4.19485427363426     
  FWHM (eV)                Infinity
  FWHM (cm-1)                Infinity
 ***********************************************
  
  


 ================= 
  TRANSITION INFO  
 ================= 
            DATA FOR VERTICAL TRANSITION 
  electric transition dipoles (au) at initial GEO 1
            0.21011682   -1.14711334   -0.00000000
  electric transition dipoles (au) at initial GEO 2
            0.21011682   -1.14711334   -0.00000000
  Square tr dipoles: geo1  1.36001809  geo2   1.36001809  Diff (d1-d2)/d1    0.0000 %
   
 ------------------
  State2 -> State1
 ------------------
 Reorganization Energy (eV) on State1        0.378462
 Vertical emission energy (eV)               4.427778
 Fluorescence lifetime from minimum (ns)  7.967869E+00
 ********************************************** 
   
 ------------------
  State1 -> State2
 ------------------
 Reorganization Energy on State2 (eV)        0.378462
 Vertical absorption energy (eV)             5.184703
 Absorption oscillator strength           1.727533E-01
 ********************************************** 
   

NOTE: Spectra resolution set to:  0.00400                                                                 
 

NOTE: To ensure exact match of TI and TD resuls, final spectral range reset to:    4.0000-                
       9.0000(eV)                                                                                         
 

 ----------------------------------------
 Refined spectral range for simulations: 
  nene       =      1251
  From E(eV) =    4.0000
  To   E(eV) =    9.0000
 
 Related time-domain parameters
 (with energy shift & extended range):
  ntime =          652
  dt    =       0.7929
  tfin  =     516.5620
 Shift info (for external FT)
  dE_ext=  0.104000    
  Eshift=   3.89600    
 ----------------------------------------


NOTE: Changing Ead to optimize TD method before entering the spectrum calculation.Ead(original)=          
        4.806 (eV); Ead(shifted )=   0.910 (eV)                                                           
 


 ____________________________________________
  ============================================
  PROGRAM: td_onephoton
   Compute vibronic spectra with a harmonic 
   TD formulation                           
                                            
  References:                               
   Comput Theoret Chem, 1040--1041, 186-194 (2014)
 ____________________________________________
  ============================================
 
 SUMMARY OF CALCULATION OPTIONS
 -------------------------------
 Adiabatic Energy (eV)  :   0.9102

 Tipe of transition     : ABS-ECDNO

 Dipole aproximation    : HT-HTf
 El. dipole at ref geom :    0.210       -1.15      -0.294E-14

 Numerical evaluation of xi(t)
         Total time (fs):   516.562
         Nr data points : 652
         Time step (fs) :  0.793    

 Broad. function        : GAU  
 Broad. exponent        :    7.794E-07
 Broad. order           : 2
 -------------------------------

 Computing correlation functions over 652 points

 Calling FFT with 1304 points


 Entering in fft_calc subroutine (FFTW)
 Ndata: 1304
 tini and tfin  -516.562     516.562

 df  9.671957840330411E-004
 dt  0.792881005380783     
 =========== tdspectra finished ===========  
 Timing...
  CPU (s) for tdspectra :       0.216
 ==========================================
                                           



===============================

 SUMMARY OF NOTES AND WARNINGS

===============================
 ---------------------------------
 7 notes raised along the run
 Look for NOTE in the output
 ---------------------------------

 ---------------------------------
 15 warnings raised along the run
 Look for WARNING in the output
 ---------------------------------

 
 ****************** FCclasses finished *******************
 Timing...   
  CPU (s)       0.383
 *********************************************************
 
 FCclasses finished with warnings
