 
                                                    \ /               
                                              ..-'''-*-               
                                              \.-'''\ \               
      _____ _____      _                             | |              
     |  ___/  __ \    | |                         __/ /               
     | |_  | /  \/ ___| | __ _ ___ ___  ___  ___ |_  '.               
     |  _| | |    / __| |/ _` / __/ __|/ _ \/ __|   `.  \             
     | |   | \__/\ (__| | (_| \__ \__ \  __/\__ \     \ '.            
     \_|    \____/\___|_|\__,_|___/___/\___||___/      , |            
                                                       | |            
                                                      / ,'            
                                              -....--'  /             
                                              `.. __..-'              
                                                                      
 ********************************************************* 
   FCCLASSES3:                                             
   A code for vibronic simulations                         
                                                           
                                                           
 ********************************************************* 


 GIT VERSION INFO
  Commit id  : v3-1.0-2-g78ec1d1-dirty
  Commit date: 2022-07-22 10:24:13 +0200

 CURRENT RUN INFO
  Date&Time  : 2023-01-04, 23:15:55
  Input file : STDIN
  Input type : NEW



 INPUT OPTIONS:
-------------------------------
$$$
;GENERAL OPTIONS:
; NAT        = (read from structure files)
; NVIB       = (determined vibrational analysis)
PROPERTY     =   RR    
MODEL        =   VG   
DIPOLE       =   FC   
DIPDER_COORD =   CARTESIAN  
TEMP         =     0.00
DE           =  (read)
BROADFUN     =   LOR  
HWHM         =   0.0400
RESOL        =   0.0040  ; (default: HWHM/10)
METHOD       =   TD   
ROT          =   1
SPCMIN       =     4.000
SPCMAX       =     9.000
;RESONANCE RAMAN
RR_NFIELD        =   1001
RR_FIELDMIN      =   4.000
RR_FIELDMAX      =   9.000
RR_POLAR         =   R
RR_SPEED         =   N
RR_SINGLE_MAXEXC =   1
RR_DOUBLE_MAXEXC =   1
;VIBRATIONAL ANALYSIS
NORMALMODES  =   COMPUTE  
RM_COORD     =   NONE    
COORDS       =   CARTESIAN  
FORCE_REAL   =   YES  
;INPUT DATA FILES
STATE1_FILE  =   Thymine6311-freq.fcc
STATE2_FILE  =   Thymine6311-es1.fcc
MASS_FILE    =   
ELDIP_FILE   =   eldip_Thymine6311-es1_fchk
MAGDIP_FILE  =   
NAC_FILE     =   
NRCOUP_FILE  =   eldip_Thymine6311-es1_fchk
HESS1_FILE   =   Thymine6311-freq.fcc
HESS2_FILE   =   Thymine6311-freq.fcc
GRAD1_FILE   =   Thymine6311-freq.fcc
GRAD2_COORD  =   CARTESIAN
GRAD2_FILE   =   Thymine6311-es1.fcc
;VERBOSE LEVEL
VERBOSE      =   1
  
-------------------------------



 ==> State 1 <==

 Geometry file: Thymine6311-freq.fcc


 Energy file: Thymine6311-freq.fcc
 Gradient file: Thymine6311-freq.fcc

NOTE: The calculation for this State will assume stationary point since the gradient is                   
      small (maximum atomic gradient:   0.000082 a.u.)                                                    
 
 Hessian file: Thymine6311-freq.fcc



 ---------------------------------------
  Check effect of symmetry operations
  on Hessian elements (or gs^t\beta)
 ---------------------------------------

 Using input geometry instead of rotating to principal axis of intertia to detect symmetry

 
 Sigma(xy) symmetry element found
 
 Symmetry operation  : 1
 Max abs difference  :   0.000000
    original value   :   0.000001
    transformed value:   0.000001
    Rel difference(%):   0.000000

 ---------------------------------------



 =========================
  ANALYSIS OF DOFs
 =========================

 => STATE 1 <=
 Geometry (Angstroms)
 15    # Nr. of atoms
   Atom       X         Y         Z      Mass
N          0.1557   -1.6591    0.0000   14.0031
C          1.3560   -0.9789    0.0000   12.0000
N          1.1960    0.3911    0.0000   14.0031
C          0.0000    1.1154    0.0000   12.0000
C         -1.2143    0.2959    0.0000   12.0000
C         -1.0736   -1.0373    0.0000   12.0000
O          2.4311   -1.5306    0.0000   15.9949
O          0.0176    2.3262    0.0000   15.9949
H          0.2303   -2.6642    0.0000    1.0078
H          2.0498    0.9339    0.0000    1.0078
C         -2.5334    1.0003    0.0000   12.0000
H         -1.9250   -1.7061    0.0000    1.0078
H         -3.3581    0.2865    0.0000    1.0078
H         -2.6281    1.6447    0.8761    1.0078
H         -2.6281    1.6447   -0.8761    1.0078
 

 ------------------------------------------------
   INERTIA TENSOR (to be multiplied by 10**5)
 ------------------------------------------------

             1           2           3
  
    1     4.28660     1.79131     0.00000
    2     1.79131     5.10120     0.00000
    3     0.00000     0.00000     9.33139
 ------------------------------------------------


 ------------------------------------------------
   ROTATIONAL CONSTANTS (AND ROTATION MATRIX)
 ------------------------------------------------

 ROOT NO.    1           2           3

    ************************************
  
    1    -0.78157     0.62381     0.00000
    2     0.62381     0.78157     0.00000
    3     0.00000     0.00000     1.00000
 ------------------------------------------------

  Rotational constants (GHz)
     3.22468     1.41060     0.98726
  Rotational temperatures (K)
     0.15476     0.06770     0.04738


 -------------------
  DOF   Dimension
 -------------------
  Vib    39
  Rot    3
  Tra    3
 -------------------


 Translating State1 to its Center of Mass
 Initial COM:       0.0649     -0.0012      0.0000


 ================================
  VIBRATIONAL ANALYSIS ON STATE1
 ================================

 ----------------------------------
   Redundant Frequencies (cm-1)
 ----------------------------------
     1    -0.00003
     2    -0.00002
     3    -0.00001
     4     0.00001
     5     0.00002
     6     0.00002
 ----------------------------------


 ------------------------
   FREQUENCIES (cm-1)
 ------------------------
     1   108.57705
     2   147.35940
     3   151.64402
     4   280.12801
     5   296.02786
     6   396.84793
     7   400.11563
     8   466.30408
     9   554.35596
    10   554.84763
    11   615.30215
    12   671.02835
    13   744.60520
    14   773.56315
    15   779.88785
    16   816.25979
    17   928.47159
    18   980.69450
    19  1033.75068
    20  1079.14556
    21  1172.72192
    22  1216.27150
    23  1248.90316
    24  1390.60174
    25  1424.55890
    26  1435.11683
    27  1448.09392
    28  1476.81320
    29  1501.54376
    30  1524.18193
    31  1740.45362
    32  1797.57259
    33  1836.22777
    34  3060.43265
    35  3120.42538
    36  3138.36607
    37  3217.67255
    38  3623.81582
    39  3667.32725
 ------------------------

 =====================
  THERMOCHEMISTRY     
 =====================
  Temperature (K):    0.00
  Pressure (atm) :    1.00
 
  Rotational constants (GHz)
     3.22468     1.41060     0.98726
  Rotational temperatures (K)
     0.15476     0.06770     0.04738
 
  Partition Functions
  qt =      0.000    
  qr =      0.000    
  qv =      0.000    
 
  Contributions to entropy
  St (cm-1/K) = -Infinity
  Sr (cm-1/K) = -Infinity
  Sv (cm-1/K) =       NaN
 
  Thermal corrections (AU)
  Zero Point Energy =   0.115777    
  Internal Energy   =   0.115777    
  Enthalpy          =   0.115777    
  Gibbs Free Energy =            NaN
 
  Thermal corrections (AU) - vibrational only
  Number of vibrations:      39
  V-internal Energy   =   0.115777    
  V-enthalpy          =   0.115777    
  V-gibbs Free Energy =            NaN


 ==> State 2 <==

 Geometry file: Thymine6311-es1.fcc


 Energy file: Thymine6311-es1.fcc
 Gradient file: Thymine6311-es1.fcc

NOTE: The calculation for this State will assume non-stationary point since the gradient                  
      is not negligible (maximum atomic gradient:   0.156785 a.u.)                                        
 
 Hessian file: Thymine6311-freq.fcc


 A RR calculation  will be performed
 RESETTING OPTRANS TO ABS
 RESETTING OPTRANS1 TO ECDNO


 =========================
  ANALYSIS OF DOFs
 =========================

 => STATE 2 <=
 Geometry (Angstroms)
 15    # Nr. of atoms
   Atom       X         Y         Z      Mass
N          0.1557   -1.6591    0.0000   14.0031
C          1.3560   -0.9789    0.0000   12.0000
N          1.1960    0.3911    0.0000   14.0031
C          0.0000    1.1154    0.0000   12.0000
C         -1.2143    0.2959    0.0000   12.0000
C         -1.0736   -1.0373    0.0000   12.0000
O          2.4311   -1.5306    0.0000   15.9949
O          0.0176    2.3262    0.0000   15.9949
H          0.2303   -2.6642    0.0000    1.0078
H          2.0498    0.9339    0.0000    1.0078
C         -2.5334    1.0003    0.0000   12.0000
H         -1.9250   -1.7061    0.0000    1.0078
H         -3.3581    0.2865    0.0000    1.0078
H         -2.6281    1.6447    0.8761    1.0078
H         -2.6281    1.6447   -0.8761    1.0078
 

 ------------------------------------------------
   INERTIA TENSOR (to be multiplied by 10**5)
 ------------------------------------------------

             1           2           3
  
    1     4.28660     1.79131     0.00000
    2     1.79131     5.10120     0.00000
    3     0.00000     0.00000     9.33139
 ------------------------------------------------


 ------------------------------------------------
   ROTATIONAL CONSTANTS (AND ROTATION MATRIX)
 ------------------------------------------------

 ROOT NO.    1           2           3

    ************************************
  
    1    -0.78157     0.62381     0.00000
    2     0.62381     0.78157     0.00000
    3     0.00000     0.00000     1.00000
 ------------------------------------------------

  Rotational constants (GHz)
     3.22468     1.41060     0.98726
  Rotational temperatures (K)
     0.15476     0.06770     0.04738


 -------------------
  DOF   Dimension
 -------------------
  Vib    39
  Rot    3
  Tra    3
 -------------------


 Translating State2 to its Center of Mass
 Initial COM:       0.0649     -0.0012      0.0000


 ================================
  VIBRATIONAL ANALYSIS ON STATE2
 ================================

Normal modes read from State1 for VG


 ------------------------
   FREQUENCIES (cm-1)
 ------------------------
     1   108.57705
     2   147.35940
     3   151.64402
     4   280.12801
     5   296.02786
     6   396.84793
     7   400.11563
     8   466.30408
     9   554.35596
    10   554.84763
    11   615.30215
    12   671.02835
    13   744.60520
    14   773.56315
    15   779.88785
    16   816.25979
    17   928.47159
    18   980.69450
    19  1033.75068
    20  1079.14556
    21  1172.72192
    22  1216.27150
    23  1248.90316
    24  1390.60174
    25  1424.55890
    26  1435.11683
    27  1448.09392
    28  1476.81320
    29  1501.54376
    30  1524.18193
    31  1740.45362
    32  1797.57259
    33  1836.22777
    34  3060.43265
    35  3120.42538
    36  3138.36607
    37  3217.67255
    38  3623.81582
    39  3667.32725
 ------------------------


 -------------------------------------
   State2 Gradient (Q1-space) x1e5
 -------------------------------------
     1    -0.00000
     2     0.00000
     3     0.00000
     4    -0.86752
     5    -0.00000
     6     2.29387
     7    -0.00000
     8     0.80052
     9     1.15665
    10     0.00000
    11     3.09435
    12    -0.00000
    13    -3.08776
    14    -0.00000
    15     0.00000
    16    -0.86973
    17     0.00000
    18    -7.85242
    19     7.96403
    20     0.00000
    21     2.53926
    22   -13.33225
    23     1.48682
    24     3.99959
    25    17.58780
    26     4.81507
    27   -18.94278
    28    -0.00000
    29    -8.23409
    30   -28.00458
    31     0.87816
    32   124.45811
    33   -33.49286
    34     1.53904
    35     0.00000
    36     2.90092
    37    10.05507
    38    10.12518
    39     4.76111
 -------------------------------------




                 ASSIGNMENTS AND ANALYSIS OF 1 WITH RESPECT TO 2
 STATE 1                              MODES STATE 2
IND DEF    FREQUENCY     SHIFT    I21 C21  I22 C22   I23 C23     FR(I21)  I90 I95 I99
   1  P      108.58     0.00000    1 1.00    2 0.00    3 0.00       0.00   1   1   1
   2  P      147.36    -0.00000    2 1.00    1 0.00    3 0.00       0.00   1   1   1
   3  P      151.64    -0.00000    3 1.00    2 0.00    1 0.00       0.00   1   1   1
   4  P      280.13     5.32518    4 1.00    2 0.00    3 0.00       0.00   1   1   1
   5  P      296.03     0.00000    5 1.00    2 0.00    3 0.00       0.00   1   1   1
   6  P      396.85    -7.01601    6 1.00    2 0.00    3 0.00       0.00   1   1   1
   7  P      400.12     0.00000    7 1.00    2 0.00    3 0.00       0.00   1   1   1
   8  P      466.30    -1.77338    8 1.00    2 0.00    3 0.00       0.00   1   1   1
   9  P      554.36    -1.81297    9 1.00    2 0.00    3 0.00       0.00   1   1   1
  10  P      554.85    -0.00000   10 1.00    2 0.00    3 0.00       0.00   1   1   1
  11  P      615.30    -3.93697   11 1.00    2 0.00    3 0.00       0.00   1   1   1
  12  P      671.03     0.00000   12 1.00    2 0.00    3 0.00       0.00   1   1   1
  13  P      744.61     2.68263   13 1.00    2 0.00    3 0.00       0.00   1   1   1
  14  P      773.56     0.00000   14 1.00    2 0.00    3 0.00       0.00   1   1   1
  15  P      779.89    -0.00000   15 1.00    2 0.00    3 0.00       0.00   1   1   1
  16  P      816.26     0.62878   16 1.00    2 0.00    3 0.00       0.00   1   1   1
  17  P      928.47    -0.00000   17 1.00    2 0.00    3 0.00       0.00   1   1   1
  18  P      980.69     3.93283   18 1.00    2 0.00    3 0.00       0.00   1   1   1
  19  P     1033.75    -3.58980   19 1.00    2 0.00    3 0.00       0.00   1   1   1
  20  P     1079.15    -0.00000   20 1.00    2 0.00    3 0.00       0.00   1   1   1
  21  P     1172.72    -0.88938   21 1.00    2 0.00    3 0.00       0.00   1   1   1
  22  P     1216.27     4.34121   22 1.00    2 0.00    3 0.00       0.00   1   1   1
  23  P     1248.90    -0.45917   23 1.00    2 0.00    3 0.00       0.00   1   1   1
  24  P     1390.60    -0.99627   24 1.00    2 0.00    3 0.00       0.00   1   1   1
  25  P     1424.56    -4.17464   25 1.00    2 0.00    3 0.00       0.00   1   1   1
  26  P     1435.12    -1.12615   26 1.00    2 0.00    3 0.00       0.00   1   1   1
  27  P     1448.09     4.35130   27 1.00    2 0.00    3 0.00       0.00   1   1   1
  28  P     1476.81     0.00000   28 1.00    2 0.00    3 0.00       0.00   1   1   1
  29  P     1501.54     1.75917   29 1.00    2 0.00    3 0.00       0.00   1   1   1
  30  P     1524.18     5.80663   30 1.00    2 0.00    3 0.00       0.00   1   1   1
  31  P     1740.45    -0.13964   31 1.00    2 0.00    3 0.00       0.00   1   1   1
  32  P     1797.57   -18.55321   32 1.00    2 0.00    3 0.00       0.00   1   1   1
  33  P     1836.23     4.78484   33 1.00    2 0.00    3 0.00       0.00   1   1   1
  34  P     3060.43    -0.07915   34 1.00    2 0.00    3 0.00       0.00   1   1   1
  35  P     3120.43    -0.00000   35 1.00    2 0.00    3 0.00       0.00   1   1   1
  36  P     3138.37    -0.14187   36 1.00    2 0.00    3 0.00       0.00   1   1   1
  37  P     3217.67    -0.46781   37 1.00    2 0.00    3 0.00       0.00   1   1   1
  38  P     3623.82    -0.37140   38 1.00    2 0.00    3 0.00       0.00   1   1   1
  39  P     3667.33    -0.17052   39 1.00    2 0.00    3 0.00       0.00   1   1   1
   
 *********************************************************** 
  
  AVERAGE MAX PROJECTION     1.000000    St Dev   0.000000
  AVERAGE FREQ DIFF          0.000000    St Dev   0.000000
  AVERAGE ABS FREQ DIFF      0.000000    St Dev   0.000000
  AVERAGE ABS DISPLACE      -0.309892    St Dev   3.904446
  SUM DISPL**2             598.288657
  
 *********************************************************** 
  



                 ASSIGNMENTS AND ANALYSIS OF 2 WITH RESPECT TO 1
 STATE 2                              MODES STATE 1
IND DEF    FREQUENCY     SHIFT    I11 C11  I12 C12   I13 C13     FR(I11)  I90 I95 I99
   1  P      108.58    -0.00000    1 1.00    2 0.00    3 0.00       0.00   1   1   1
   2  P      147.36     0.00000    2 1.00    1 0.00    3 0.00       0.00   1   1   1
   3  P      151.64     0.00000    3 1.00    2 0.00    1 0.00       0.00   1   1   1
   4  P      280.13    -5.32518    4 1.00    2 0.00    3 0.00       0.00   1   1   1
   5  P      296.03    -0.00000    5 1.00    2 0.00    3 0.00       0.00   1   1   1
   6  P      396.85     7.01601    6 1.00    2 0.00    3 0.00       0.00   1   1   1
   7  P      400.12    -0.00000    7 1.00    2 0.00    3 0.00       0.00   1   1   1
   8  P      466.30     1.77338    8 1.00    2 0.00    3 0.00       0.00   1   1   1
   9  P      554.36     1.81297    9 1.00    2 0.00    3 0.00       0.00   1   1   1
  10  P      554.85     0.00000   10 1.00    2 0.00    3 0.00       0.00   1   1   1
  11  P      615.30     3.93697   11 1.00    2 0.00    3 0.00       0.00   1   1   1
  12  P      671.03    -0.00000   12 1.00    2 0.00    3 0.00       0.00   1   1   1
  13  P      744.61    -2.68263   13 1.00    2 0.00    3 0.00       0.00   1   1   1
  14  P      773.56    -0.00000   14 1.00    2 0.00    3 0.00       0.00   1   1   1
  15  P      779.89     0.00000   15 1.00    2 0.00    3 0.00       0.00   1   1   1
  16  P      816.26    -0.62878   16 1.00    2 0.00    3 0.00       0.00   1   1   1
  17  P      928.47     0.00000   17 1.00    2 0.00    3 0.00       0.00   1   1   1
  18  P      980.69    -3.93283   18 1.00    2 0.00    3 0.00       0.00   1   1   1
  19  P     1033.75     3.58980   19 1.00    2 0.00    3 0.00       0.00   1   1   1
  20  P     1079.15     0.00000   20 1.00    2 0.00    3 0.00       0.00   1   1   1
  21  P     1172.72     0.88938   21 1.00    2 0.00    3 0.00       0.00   1   1   1
  22  P     1216.27    -4.34121   22 1.00    2 0.00    3 0.00       0.00   1   1   1
  23  P     1248.90     0.45917   23 1.00    2 0.00    3 0.00       0.00   1   1   1
  24  P     1390.60     0.99627   24 1.00    2 0.00    3 0.00       0.00   1   1   1
  25  P     1424.56     4.17464   25 1.00    2 0.00    3 0.00       0.00   1   1   1
  26  P     1435.12     1.12615   26 1.00    2 0.00    3 0.00       0.00   1   1   1
  27  P     1448.09    -4.35130   27 1.00    2 0.00    3 0.00       0.00   1   1   1
  28  P     1476.81    -0.00000   28 1.00    2 0.00    3 0.00       0.00   1   1   1
  29  P     1501.54    -1.75917   29 1.00    2 0.00    3 0.00       0.00   1   1   1
  30  P     1524.18    -5.80663   30 1.00    2 0.00    3 0.00       0.00   1   1   1
  31  P     1740.45     0.13964   31 1.00    2 0.00    3 0.00       0.00   1   1   1
  32  P     1797.57    18.55321   32 1.00    2 0.00    3 0.00       0.00   1   1   1
  33  P     1836.23    -4.78484   33 1.00    2 0.00    3 0.00       0.00   1   1   1
  34  P     3060.43     0.07915   34 1.00    2 0.00    3 0.00       0.00   1   1   1
  35  P     3120.43     0.00000   35 1.00    2 0.00    3 0.00       0.00   1   1   1
  36  P     3138.37     0.14187   36 1.00    2 0.00    3 0.00       0.00   1   1   1
  37  P     3217.67     0.46781   37 1.00    2 0.00    3 0.00       0.00   1   1   1
  38  P     3623.82     0.37140   38 1.00    2 0.00    3 0.00       0.00   1   1   1
  39  P     3667.33     0.17052   39 1.00    2 0.00    3 0.00       0.00   1   1   1
   
 *********************************************************** 
  
  AVERAGE MAX PROJECTION     1.000000    St Dev   0.000000
  AVERAGE FREQ DIFF          0.000000    St Dev   0.000000
  AVERAGE ABS FREQ DIFF      0.000000    St Dev   0.000000
  AVERAGE ABS DISPLACE       0.309892    St Dev   3.904446
  SUM DISPL**2             598.288657
  
 *********************************************************** 
  

 ADDITIONAL ANALYSIS ON DUSCHINSKY MATRIX
 ----------------------------------------
  Determinant:     1.0000

  ** A = GM·GMT **
  Det(A)     :     1.0000
  Trace(A)   :    39.0000
  Det(A-I)   :     0.0000
  Trace(A-I) :     0.0000
 ----------------------------------------

   
   
 STATE1 MODES SORTED BY DECREASING DIMENSIONLESS SHIFT
   IND    MODE    FREQUENCY DIMENSIONLESS SHIFT
     1      32    1797.57259      -0.16791E+01
     2      30    1524.18193       0.48389E+00
     3      33    1836.22777       0.43766E+00
     4      27    1448.09392       0.35345E+00
     5      25    1424.55890      -0.33633E+00
     6      22    1216.27150       0.32317E+00
     7       6     396.84793      -0.29834E+00
     8      18     980.69450       0.26289E+00
     9      19    1033.75068      -0.24637E+00
    10      11     615.30215      -0.20846E+00
    11       4     280.12801       0.19025E+00
    12      13     744.60520       0.15625E+00
    13      29    1501.54376       0.14551E+00
    14       9     554.35596      -0.91116E-01
    15      26    1435.11683      -0.91064E-01
    16       8     466.30408      -0.81742E-01
    17      24    1390.60174      -0.79303E-01
    18      21    1172.72192      -0.65012E-01
    19      37    3217.67255      -0.56643E-01
    20      38    3623.81582      -0.47723E-01
    21      16     816.25979       0.38346E-01
    22      23    1248.90316      -0.34637E-01
    23      39    3667.32725      -0.22042E-01
    24      36    3138.36607      -0.16965E-01
    25      31    1740.45362      -0.12435E-01
    26      34    3060.43265      -0.93466E-02
    27       7     400.11563       0.62796E-10
    28       1     108.57705       0.30042E-10
    29       3     151.64402      -0.26046E-10
    30       2     147.35940      -0.14721E-10
    31      10     554.84763      -0.90197E-11
    32      20    1079.14556      -0.51003E-11
    33      15     779.88785      -0.44126E-11
    34      17     928.47159      -0.39842E-11
    35       5     296.02786       0.21586E-11
    36      28    1476.81320       0.11416E-11
    37      14     773.56315       0.96061E-12
    38      35    3120.42538      -0.39233E-12
    39      12     671.02835       0.12392E-12
   
   
 MODES OF STATE1 IN ORDER OF DECREASING FR COUPL
 ESTIMATED BY THE MAGNITUDE OF THE 0-0 INTEGRAL
   IND    MODE1  FREQ   MODE2 FR    FR. SHIFT INV0-0
     1     1   108.57705         1   108.57705         0.00000         1.00000
     2     2   147.35940         2   147.35940         0.00000         1.00000
     3     3   151.64402         3   151.64402         0.00000         1.00000
     4     4   280.12801         4   280.12801         0.00000         1.00000
     5     5   296.02786         5   296.02786         0.00000         1.00000
     6     6   396.84793         6   396.84793         0.00000         1.00000
     7     7   400.11563         7   400.11563         0.00000         1.00000
     8     8   466.30408         8   466.30408         0.00000         1.00000
     9     9   554.35596         9   554.35596         0.00000         1.00000
    10    10   554.84763        10   554.84763         0.00000         1.00000
    11    11   615.30215        11   615.30215         0.00000         1.00000
    12    12   671.02835        12   671.02835         0.00000         1.00000
    13    13   744.60520        13   744.60520         0.00000         1.00000
    14    14   773.56315        14   773.56315         0.00000         1.00000
    15    15   779.88785        15   779.88785         0.00000         1.00000
    16    16   816.25979        16   816.25979         0.00000         1.00000
    17    17   928.47159        17   928.47159         0.00000         1.00000
    18    18   980.69450        18   980.69450         0.00000         1.00000
    19    19  1033.75068        19  1033.75068         0.00000         1.00000
    20    20  1079.14556        20  1079.14556         0.00000         1.00000
    21    21  1172.72192        21  1172.72192         0.00000         1.00000
    22    22  1216.27150        22  1216.27150         0.00000         1.00000
    23    23  1248.90316        23  1248.90316         0.00000         1.00000
    24    24  1390.60174        24  1390.60174         0.00000         1.00000
    25    25  1424.55890        25  1424.55890         0.00000         1.00000
    26    26  1435.11683        26  1435.11683         0.00000         1.00000
    27    27  1448.09392        27  1448.09392         0.00000         1.00000
    28    28  1476.81320        28  1476.81320         0.00000         1.00000
    29    29  1501.54376        29  1501.54376         0.00000         1.00000
    30    30  1524.18193        30  1524.18193         0.00000         1.00000
    31    31  1740.45362        31  1740.45362         0.00000         1.00000
    32    32  1797.57259        32  1797.57259         0.00000         1.00000
    33    33  1836.22777        33  1836.22777         0.00000         1.00000
    34    34  3060.43265        34  3060.43265         0.00000         1.00000
    35    35  3120.42538        35  3120.42538         0.00000         1.00000
    36    36  3138.36607        36  3138.36607         0.00000         1.00000
    37    37  3217.67255        37  3217.67255         0.00000         1.00000
    38    38  3623.81582        38  3623.81582         0.00000         1.00000
    39    39  3667.32725        39  3667.32725         0.00000         1.00000
   
   
   
   
 STATE2 MODES SORTED BY DECREASING DIMENSIONLESS SHIFT
   IND    MODE    FREQUENCY DIMENSIONLESS SHIFT
     1      32    1797.57259       0.16791E+01
     2      30    1524.18193      -0.48389E+00
     3      33    1836.22777      -0.43766E+00
     4      27    1448.09392      -0.35345E+00
     5      25    1424.55890       0.33633E+00
     6      22    1216.27150      -0.32317E+00
     7       6     396.84793       0.29834E+00
     8      18     980.69450      -0.26289E+00
     9      19    1033.75068       0.24637E+00
    10      11     615.30215       0.20846E+00
    11       4     280.12801      -0.19025E+00
    12      13     744.60520      -0.15625E+00
    13      29    1501.54376      -0.14551E+00
    14       9     554.35596       0.91116E-01
    15      26    1435.11683       0.91064E-01
    16       8     466.30408       0.81742E-01
    17      24    1390.60174       0.79303E-01
    18      21    1172.72192       0.65012E-01
    19      37    3217.67255       0.56643E-01
    20      38    3623.81582       0.47723E-01
    21      16     816.25979      -0.38346E-01
    22      23    1248.90316       0.34637E-01
    23      39    3667.32725       0.22042E-01
    24      36    3138.36607       0.16965E-01
    25      31    1740.45362       0.12435E-01
    26      34    3060.43265       0.93466E-02
    27       7     400.11563      -0.62796E-10
    28       1     108.57705      -0.30042E-10
    29       3     151.64402       0.26046E-10
    30       2     147.35940       0.14721E-10
    31      10     554.84763       0.90197E-11
    32      20    1079.14556       0.51003E-11
    33      15     779.88785       0.44126E-11
    34      17     928.47159       0.39842E-11
    35       5     296.02786      -0.21586E-11
    36      28    1476.81320      -0.11416E-11
    37      14     773.56315      -0.96061E-12
    38      35    3120.42538       0.39233E-12
    39      12     671.02835      -0.12392E-12
   
   
 MODES OF STATE2 IN ORDER OF DECREASING FR COUPL
 ESTIMATED BY THE MAGNITUDE OF THE 0-0 INTEGRAL
   IND    MODE2  FREQ   MODE1 FR    FR. SHIFT INV0-0
     1     1   108.57705         1   108.57705         0.00000         1.00000
     2     2   147.35940         2   147.35940         0.00000         1.00000
     3     3   151.64402         3   151.64402         0.00000         1.00000
     4     4   280.12801         4   280.12801         0.00000         1.00000
     5     5   296.02786         5   296.02786         0.00000         1.00000
     6     6   396.84793         6   396.84793         0.00000         1.00000
     7     7   400.11563         7   400.11563         0.00000         1.00000
     8     8   466.30408         8   466.30408         0.00000         1.00000
     9     9   554.35596         9   554.35596         0.00000         1.00000
    10    10   554.84763        10   554.84763         0.00000         1.00000
    11    11   615.30215        11   615.30215         0.00000         1.00000
    12    12   671.02835        12   671.02835         0.00000         1.00000
    13    13   744.60520        13   744.60520         0.00000         1.00000
    14    14   773.56315        14   773.56315         0.00000         1.00000
    15    15   779.88785        15   779.88785         0.00000         1.00000
    16    16   816.25979        16   816.25979         0.00000         1.00000
    17    17   928.47159        17   928.47159         0.00000         1.00000
    18    18   980.69450        18   980.69450         0.00000         1.00000
    19    19  1033.75068        19  1033.75068         0.00000         1.00000
    20    20  1079.14556        20  1079.14556         0.00000         1.00000
    21    21  1172.72192        21  1172.72192         0.00000         1.00000
    22    22  1216.27150        22  1216.27150         0.00000         1.00000
    23    23  1248.90316        23  1248.90316         0.00000         1.00000
    24    24  1390.60174        24  1390.60174         0.00000         1.00000
    25    25  1424.55890        25  1424.55890         0.00000         1.00000
    26    26  1435.11683        26  1435.11683         0.00000         1.00000
    27    27  1448.09392        27  1448.09392         0.00000         1.00000
    28    28  1476.81320        28  1476.81320         0.00000         1.00000
    29    29  1501.54376        29  1501.54376         0.00000         1.00000
    30    30  1524.18193        30  1524.18193         0.00000         1.00000
    31    31  1740.45362        31  1740.45362         0.00000         1.00000
    32    32  1797.57259        32  1797.57259         0.00000         1.00000
    33    33  1836.22777        33  1836.22777         0.00000         1.00000
    34    34  3060.43265        34  3060.43265         0.00000         1.00000
    35    35  3120.42538        35  3120.42538         0.00000         1.00000
    36    36  3138.36607        36  3138.36607         0.00000         1.00000
    37    37  3217.67255        37  3217.67255         0.00000         1.00000
    38    38  3623.81582        38  3623.81582         0.00000         1.00000
    39    39  3667.32725        39  3667.32725         0.00000         1.00000
   
   
  
  
 DIMENSIONLESS SHIFTS 
   IND     STATE1       STATE2
     1     0.30042E-10    -0.30042E-10
     2    -0.14721E-10     0.14721E-10
     3    -0.26046E-10     0.26046E-10
     4     0.19025E+00    -0.19025E+00
     5     0.21586E-11    -0.21586E-11
     6    -0.29834E+00     0.29834E+00
     7     0.62796E-10    -0.62796E-10
     8    -0.81742E-01     0.81742E-01
     9    -0.91116E-01     0.91116E-01
    10    -0.90197E-11     0.90197E-11
    11    -0.20846E+00     0.20846E+00
    12     0.12392E-12    -0.12392E-12
    13     0.15625E+00    -0.15625E+00
    14     0.96061E-12    -0.96061E-12
    15    -0.44126E-11     0.44126E-11
    16     0.38346E-01    -0.38346E-01
    17    -0.39842E-11     0.39842E-11
    18     0.26289E+00    -0.26289E+00
    19    -0.24637E+00     0.24637E+00
    20    -0.51003E-11     0.51003E-11
    21    -0.65012E-01     0.65012E-01
    22     0.32317E+00    -0.32317E+00
    23    -0.34637E-01     0.34637E-01
    24    -0.79303E-01     0.79303E-01
    25    -0.33633E+00     0.33633E+00
    26    -0.91064E-01     0.91064E-01
    27     0.35345E+00    -0.35345E+00
    28     0.11416E-11    -0.11416E-11
    29     0.14551E+00    -0.14551E+00
    30     0.48389E+00    -0.48389E+00
    31    -0.12435E-01     0.12435E-01
    32    -0.16791E+01     0.16791E+01
    33     0.43766E+00    -0.43766E+00
    34    -0.93466E-02     0.93466E-02
    35    -0.39233E-12     0.39233E-12
    36    -0.16965E-01     0.16965E-01
    37    -0.56643E-01     0.56643E-01
    38    -0.47723E-01     0.47723E-01
    39    -0.22042E-01     0.22042E-01
  SUM SQUARED DIMENSIONLESS DISPL STATE1        3.9745
  SUM SQUARED DIMENSIONLESS DISPL STATE2        3.9745
  VALUE STATE1 GROUND VIB WAVEFUN AT GEO2       0.1371
  VALUE STATE2 GROUND VIB WAVEFUN AT GEO1       0.1371
  VALUE STATE1 GROUND VIB WAVEFUN AT (GEO1+GEO2)/2      0.6085
  VALUE STATE2 GROUND VIB WAVEFUN AT (GEO1+GEO2)/2      0.6085

 Printing Duschinski matrix to 'duschinsky.dat'


 Printing Shift vector to 'displacement.dat'


NOTE: DE derived from state files:   5.143 (eV)                                                           
 


 ===========================
  REORGANIZATION ENERGY
 ===========================
     0.014936  (Hartree)
     0.406426  (eV)


 ------------------------------------------------------
 Extrapolation form (generalized) vertical point:
 ------------------------------------------------------
 Extrapolated vertical energy:        5.14257  (eV)
 Extrapolated adiabatic energy:       5.14257  (eV)
 Extrapolated reorg. energy   :       0.00000  (eV)
 ------------------------------------------------------



 ===============================
  ZERO-POINT ENERGY CORRECTIONS 
 ===============================


                    ZERO POINT ENERGY IN CM-1
    E01=     25410.01    E02=     25410.01


                    0-0 ENERGY DIFFERENCE
       4.73615 eV


                    ADIABATIC ENERGY     
       4.73615 eV




 ====================

  TRANSITION DIPOLES 

 ====================
 Model for tr. dipoles: FC
 Reading electric dipole file: eldip_Thymine6311-es1_fchk
 


 ================= 
  TRANSITION INFO  
 ================= 
            DATA FOR VERTICAL TRANSITION 
  electric transition dipoles (au) at initial GEO 1
           -0.00000000   -0.00000000    0.00477439
  electric transition dipoles (au) at initial GEO 2
           -0.00000000   -0.00000000    0.00477439
  Square tr dipoles: geo1  0.00002279  geo2   0.00002279  Diff (d1-d2)/d1    0.0000 %
   
 ------------------
  State2 -> State1
 ------------------
 Reorganization Energy (eV) on State1        0.406426
 Vertical emission energy (eV)               4.329721
 Fluorescence lifetime from minimum (ns)  5.084274E+05
 ********************************************** 
   
 ------------------
  State1 -> State2
 ------------------
 Reorganization Energy on State2 (eV)        0.406426
 Vertical absorption energy (eV)             5.142573
 Absorption oscillator strength           2.871930E-06
 ********************************************** 
   

NOTE: Spectra resolution set to:  0.00400                                                                 
 

NOTE: Resolution changed matching points of RR-TI grid. Updated value:  0.00500eV                         
 
 Resol(TI) =  0.00500eV

NOTE: To ensure exact match of TI and TD resuls, final spectral range reset to:    4.0000-                
       9.0000(eV)                                                                                         
 

 ----------------------------------------
 Refined spectral range for simulations: 
  nene(RR-TI)=      1001
  nene       =      1001
  From E(eV) =    4.0000
  To   E(eV) =    9.0000
 
 Related time-domain parameters
 (with energy shift & extended range):
  ntime =          522
  dt    =       0.7923
  tfin  =     413.1706
 Shift info (for external FT)
  dE_ext=  0.105000    
  Eshift=   3.89500    
 ----------------------------------------



 ____________________________________________
  ============================================
 
  PROGRAM: ti_spectra
   Compute vibronic spectra with a harmonic 
   TI formulation                           
                                            
  References:                               
   J. Chem. Phys., 126, 084509 (2007)
   J. Chem. Phys., 126, 184102 (2007)
   J. Chem. Phys., 128, 224311 (2008)
   Int. J. Quantum Chem., 110, 476 (2010)
 ____________________________________________
  ============================================
 
    
 ------------------------------------
  DATA FOR CONVOLUTION
 ------------------------------------
   Using Lorentzian homogenoeus broadening
   Parameters to write the spectrum:
     En0 (eV)     =      4.0000
     Enfin (eV)   =      9.0000
     No. of Points=        1001
     Step (eV)    =      0.0050
     LIFETIME=     0.040000
     No. points for each peak160
     Normalization factor=    0.01273
   BINNED SPECTRUM:
     BINNING: WIDTH (eV)       0.0001
     No. bins            40327
 ------------------------------------
    
  
   FIND THE POINT OF THE SCAN CLOSEST TO THE ABS MAX
 ibest ebest         230   5.14500000000000     
 MANIPULATED DIMENSIONLESS SHIFTS FOR RR SELECTION
           1           1   1.00000000000000     
           2           1   1.00000000000000     
           3           1   1.00000000000000     
           4           1   1.00000000000000     
           5           1   1.00000000000000     
           6           1   1.00000000000000     
           7           1   1.00000000000000     
           8           1   1.00000000000000     
           9           1   1.00000000000000     
          10           1   1.00000000000000     
          11           1   1.00000000000000     
          12           1   1.00000000000000     
          13           1   1.00000000000000     
          14           1   1.00000000000000     
          15           1   1.00000000000000     
          16           1   1.00000000000000     
          17           1   1.00000000000000     
          18           1   1.00000000000000     
          19           1   1.00000000000000     
          20           1   1.00000000000000     
          21           1   1.00000000000000     
          22           1   1.00000000000000     
          23           1   1.00000000000000     
          24           1   1.00000000000000     
          25           1   1.00000000000000     
          26           1   1.00000000000000     
          27           1   1.00000000000000     
          28           1   1.00000000000000     
          29           1   1.00000000000000     
          30           1   1.00000000000000     
          31           1   1.00000000000000     
          32           1   1.00000000000000     
          33           1   1.00000000000000     
          34           1   1.00000000000000     
          35           1   1.00000000000000     
          36           1   1.00000000000000     
          37           1   1.00000000000000     
          38           1   1.00000000000000     
          39           1   1.00000000000000     
   
   
 thermal quantum  0.000000000000000E+000
 Max. energy considered  0.000000000000000E+000
 no oscillator to be considered
  boldist  0.000000000000000E+000
  boldist  1.868740481825879E-003
 NO VIB EXCITED STATE of 1 WILL BE CONSIDERED
       1       1      0.001869      0.001869
                           1       1       1
       2       1      0.001869      0.001869
                           1       1       2
       3       1      0.001869      0.001869
                           1       2       2
       4       1      0.001870      0.001870
                           1       3       2
       5       1      0.001874      0.001874
                           1       4       2
       6       1      0.001874      0.001874
                           1       5       2
       7       1      0.001879      0.001879
                           1       6       2
       8       1      0.001879      0.001879
                           1       7       2
       9       1      0.001882      0.001882
                           1       8       2
      10       1      0.001888      0.001888
                           1       9       2
      11       1      0.001888      0.001888
                           1      10       2
      12       1      0.001892      0.001892
                           1      11       2
      13       1      0.001897      0.001897
                           1      12       2
      14       1      0.001903      0.001903
                           1      13       2
      15       1      0.001906      0.001906
                           1      14       2
      16       1      0.001907      0.001907
                           1      15       2
      17       1      0.001910      0.001910
                           1      16       2
      18       1      0.001922      0.001922
                           1      17       2
      19       1      0.001929      0.001929
                           1      18       2
      20       1      0.001935      0.001935
                           1      19       2
      21       1      0.001941      0.001941
                           1      20       2
      22       1      0.001954      0.001954
                           1      21       2
      23       1      0.001961      0.001961
                           1      22       2
      24       1      0.001966      0.001966
                           1      23       2
      25       1      0.001989      0.001989
                           1      24       2
      26       1      0.001995      0.001995
                           1      25       2
      27       1      0.001997      0.001997
                           1      26       2
      28       1      0.001999      0.001999
                           1      27       2
      29       1      0.002005      0.002005
                           1      28       2
      30       1      0.002009      0.002009
                           1      29       2
      31       1      0.002013      0.002013
                           1      30       2
      32       1      0.002057      0.002057
                           1      31       2
      33       1      0.002070      0.002070
                           1      32       2
      34       1      0.002079      0.002079
                           1      33       2
      35       1      0.002452      0.002452
                           1      34       2
      36       1      0.002475      0.002475
                           1      35       2
      37       1      0.002482      0.002482
                           1      36       2
      38       1      0.002514      0.002514
                           1      37       2
      39       1      0.002687      0.002687
                           1      38       2
      40       1      0.001869      0.001869
                           1      39       2

0-0 integral =  3.702327E-01

 eccomi in tran00RR opdipFC   
     0-0 transition transition
  3.124533173084215E-006   dip0sqFC   2.279478745868769E-005
    
 **********************************   
 DIP0 for calculation
      -0.0000000  -0.0000000   0.0047744           0.0047744
      -0.0000000  -0.0000000   0.0047744           0.0047744
      -0.0000000  -0.0000000   0.0017676           0.0047744
      -0.0000000  -0.0000000   0.0017676           0.0047744
  Notice for FC they are those at GEO1 i.e.:
  Gr. State if is an absorption calculation
  Ex. State if is an emission calculation
 Those at GEO2 are used for HT
 Attention is needed when making comparison
 **********************************   
    
 alphaRR
           1           1  0.137072266137466     
           1           2  0.000000000000000E+000
           1           3  0.000000000000000E+000
           2           1  0.000000000000000E+000
           2           2  0.000000000000000E+000
           2           3  0.000000000000000E+000
           3           1  0.000000000000000E+000
           3           2  0.000000000000000E+000
           3           3  0.000000000000000E+000
 0-0 Intensity (au)  0.137072266137466     
 check 0-0 TRANSITION fc de spe  0.137072266137466        4.73614477797754     
  0.649194097472508     
 cpu time up to now in s  3.006300000000000E-002
 
 -------------------------------------------------
                                                  
    STARTING COMPUTATION OF THE SPECTRUM          
                                                  
 -------------------------------------------------
 
   
   
 STATE1 MOTHER STATE N.             1
 
 call startRR
  No. osc 1=  1      No. of considered states=  1
 No. of new states           1
   
           IDENTIFICATION OF THE CORE SUBSYSTEM
     state1 osc.           1  projected on no. osc state2           1
 nord =           1 -> osc state2=           1
 isub0           1           1
    STATE2 SUBSYSTEM FOR TEMPERATURE
           1           1
   
   SUBSYSTEM of THE REMAINING OSCILLATORS
           1           2
           2           3
           3           4
           4           5
           5           6
           6           7
           7           8
           8           9
           9          10
          10          11
          11          12
          12          13
          13          14
          14          15
          15          16
          16          17
          17          18
          18          19
          19          20
          20          21
          21          22
          22          23
          23          24
          24          25
          25          26
          26          27
          27          28
          28          29
          29          30
          30          31
          31          32
          32          33
          33          34
          34          35
          35          36
          36          37
          37          38
          38          39
 total number of osc of state2           1
 INDEX   OSCILLATOR
           1           1
 ncore           1
 skipping the alpha calculation
 directly read the alpha from files
