 
                                                    \ /               
                                              ..-'''-*-               
                                              \.-'''\ \               
      _____ _____      _                             | |              
     |  ___/  __ \    | |                         __/ /               
     | |_  | /  \/ ___| | __ _ ___ ___  ___  ___ |_  '.               
     |  _| | |    / __| |/ _` / __/ __|/ _ \/ __|   `.  \             
     | |   | \__/\ (__| | (_| \__ \__ \  __/\__ \     \ '.            
     \_|    \____/\___|_|\__,_|___/___/\___||___/      , |            
                                                       | |            
                                                      / ,'            
                                              -....--'  /             
                                              `.. __..-'              
                                                                      
 ********************************************************* 
   FCCLASSES3:                                             
   A code for vibronic simulations                         
                                                           
                                                           
 ********************************************************* 


 GIT VERSION INFO
  Commit id  : v3-1.0-2-g78ec1d1-dirty
  Commit date: 2022-07-22 10:24:13 +0200

 CURRENT RUN INFO
  Date&Time  : 2023-01-18, 16:39:01
  Input file : STDIN
  Input type : NEW



 INPUT OPTIONS:
-------------------------------
$$$
;GENERAL OPTIONS:
; NAT        = (read from structure files)
; NVIB       = (determined vibrational analysis)
PROPERTY     =   OPA   
MODEL        =   VG   
DIPOLE       =   FC   
DIPDER_COORD =   CARTESIAN  
TEMP         =     0.00
DE           =   6.27260
BROADFUN     =   VOI  
HWHM         =   0.1200
HWHM2        =   0.0400
RESOL        =   0.0120  ; (default: HWHM/10)
METHOD       =   TD   
ROT          =   1
SPCMIN       =     4.000
SPCMAX       =     9.000
;VIBRATIONAL ANALYSIS
NORMALMODES  =   COMPUTE  
RM_COORD     =   NONE    
COORDS       =   CARTESIAN  
FORCE_REAL   =   YES  
;INPUT DATA FILES
STATE1_FILE  =   ../../../../Thymine6311-freq-solv.fcc
STATE2_FILE  =   ../../../../Thymine6311-freq-solv-ES3.fcc
MASS_FILE    =   
ELDIP_FILE   =   ../../../../eldip_Thymine6311-freq-solv-ES3_fchk
MAGDIP_FILE  =   ../../../../magdip_Thymine6311-freq-solv-ES3_fchk
NAC_FILE     =   
NRCOUP_FILE  =   ../../../../eldip_Thymine6311-freq-solv-ES3_fchk
HESS1_FILE   =   ../../../../Thymine6311-freq-solv.fcc
HESS2_FILE   =   ../../../../Thymine6311-freq-solv.fcc
GRAD1_FILE   =   ../../../../Thymine6311-freq-solv.fcc
GRAD2_COORD  =   CARTESIAN
GRAD2_FILE   =   ../../../../Thymine6311-freq-solv-ES3.fcc
;VERBOSE LEVEL
VERBOSE      =   1
  
-------------------------------



 ==> State 1 <==

 Geometry file: ../../../../Thymine6311-freq-solv.fcc


 Gradient file: ../../../../Thymine6311-freq-solv.fcc

NOTE: The calculation for this State will assume stationary point since the gradient is                   
      small (maximum atomic gradient:   0.000096 a.u.)                                                    
 
 Hessian file: ../../../../Thymine6311-freq-solv.fcc



 ---------------------------------------
  Check effect of symmetry operations
  on Hessian elements (or gs^t\beta)
 ---------------------------------------

 Using input geometry instead of rotating to principal axis of intertia to detect symmetry


NOTE: Cannot determine symmetry. Set to C1 (no symmetric atoms)                                           
 
 
 ---------------------------------------



 =========================
  ANALYSIS OF DOFs
 =========================

 => STATE 1 <=
 Geometry (Angstroms)
 27    # Nr. of atoms
   Atom       X         Y         Z      Mass
N         -0.2312   -0.0351   -0.1877   14.0031
C          1.0964   -0.3620   -0.1381   12.0000
N          1.9435    0.6930    0.0003   14.0031
C          1.5071    1.9884    0.0940   12.0000
C          0.2030    2.3185    0.0627   12.0000
C         -0.7580    1.2420   -0.0795   12.0000
H         -0.8888   -0.8134   -0.3333    1.0078
O          1.4937   -1.5266   -0.2121   15.9949
H          2.9379    0.4607    0.0320    1.0078
H          2.2898    2.7278    0.1993    1.0078
O         -1.9758    1.4124   -0.1084   15.9949
C         -0.2989    3.7236    0.1709   12.0000
H         -0.8775    4.0006   -0.7127    1.0078
H         -0.9551    3.8378    1.0362    1.0078
H          0.5319    4.4213    0.2727    1.0078
O         -2.1570   -2.1894   -0.5455   15.9949
H          0.5350   -3.0516    0.4137    1.0078
O          4.2198   -1.0042    0.0523   15.9949
H         -3.3501    0.3297    0.1412    1.0078
H         -2.9566   -1.6966   -0.2488    1.0078
H         -2.3375   -2.4933   -1.4413    1.0078
O         -0.1161   -3.7123    0.6992   15.9949
H         -0.9538   -3.3454    0.3749    1.0078
H          3.4377   -1.5548   -0.1250    1.0078
H          4.8712   -1.2270   -0.6198    1.0078
O         -4.0085   -0.3948    0.1898   15.9949
H         -4.4169   -0.3444    1.0594    1.0078
 

 ------------------------------------------------
   INERTIA TENSOR (to be multiplied by 10**5)
 ------------------------------------------------

             1           2           3
  
    1    14.66310     0.08981    -0.07241
    2     0.08981    17.11093     0.09566
    3    -0.07241     0.09566    30.99913
 ------------------------------------------------


 ------------------------------------------------
   ROTATIONAL CONSTANTS (AND ROTATION MATRIX)
 ------------------------------------------------

 ROOT NO.    1           2           3

    ************************************
  
    1     0.99931    -0.03679     0.00464
    2     0.03682     0.99930    -0.00669
    3    -0.00439     0.00686     0.99997
 ------------------------------------------------

  Rotational constants (GHz)
     0.62843     0.53831     0.29718
  Rotational temperatures (K)
     0.03016     0.02584     0.01426


 -------------------
  DOF   Dimension
 -------------------
  Vib    75
  Rot    3
  Tra    3
 -------------------


 Translating State1 to its Center of Mass
 Initial COM:       0.0108     -0.0061     -0.0002


 ================================
  VIBRATIONAL ANALYSIS ON STATE1
 ================================

 ----------------------------------
   Redundant Frequencies (cm-1)
 ----------------------------------
     1    -0.00004
     2    -0.00002
     3    -0.00001
     4    -0.00001
     5     0.00002
     6     0.00003
 ----------------------------------


 ------------------------
   FREQUENCIES (cm-1)
 ------------------------
     1    23.69974
     2    40.65179
     3    53.95450
     4    62.86303
     5    69.58869
     6   101.74424
     7   118.24849
     8   138.70959
     9   149.17880
    10   159.84401
    11   167.95916
    12   175.73912
    13   183.57321
    14   192.13269
    15   224.44720
    16   254.12597
    17   282.03509
    18   305.98207
    19   309.81395
    20   325.04437
    21   344.14249
    22   395.85587
    23   415.63683
    24   431.58477
    25   438.62883
    26   465.49205
    27   482.38648
    28   531.93025
    29   567.09932
    30   608.95937
    31   625.23999
    32   636.24816
    33   684.26382
    34   762.32586
    35   766.64929
    36   783.20792
    37   809.45174
    38   825.09175
    39   882.38654
    40   912.20864
    41   956.44998
    42  1012.27687
    43  1051.79755
    44  1080.68994
    45  1201.81909
    46  1248.77884
    47  1270.75603
    48  1397.03683
    49  1429.49342
    50  1470.79230
    51  1478.72870
    52  1492.25552
    53  1504.55820
    54  1552.32927
    55  1594.80728
    56  1606.29315
    57  1633.11156
    58  1669.25026
    59  1710.05140
    60  1726.46970
    61  1749.67539
    62  3059.84823
    63  3117.01805
    64  3144.55363
    65  3234.98493
    66  3295.07493
    67  3410.56671
    68  3434.60240
    69  3523.21779
    70  3668.48097
    71  3695.20246
    72  3734.81060
    73  3879.33554
    74  3892.89116
    75  3896.99602
 ------------------------

 =====================
  THERMOCHEMISTRY     
 =====================
  Temperature (K):    0.00
  Pressure (atm) :    1.00
 
  Rotational constants (GHz)
     0.62843     0.53831     0.29718
  Rotational temperatures (K)
     0.03016     0.02584     0.01426
 
  Partition Functions
  qt =      0.000    
  qr =      0.000    
  qv =      0.000    
 
  Contributions to entropy
  St (cm-1/K) = -Infinity
  Sr (cm-1/K) = -Infinity
  Sv (cm-1/K) =       NaN
 
  Thermal corrections (AU)
  Zero Point Energy =   0.215362    
  Internal Energy   =   0.215362    
  Enthalpy          =   0.215362    
  Gibbs Free Energy =            NaN
 
  Thermal corrections (AU) - vibrational only
  Number of vibrations:      75
  V-internal Energy   =   0.215362    
  V-enthalpy          =   0.215362    
  V-gibbs Free Energy =            NaN


 ==> State 2 <==

 Geometry file: ../../../../Thymine6311-freq-solv-ES3.fcc


 Gradient file: ../../../../Thymine6311-freq-solv-ES3.fcc

NOTE: The calculation for this State will assume non-stationary point since the gradient                  
      is not negligible (maximum atomic gradient:   0.093994 a.u.)                                        
 
 Hessian file: ../../../../Thymine6311-freq-solv.fcc


 Combination abs/ECDNO
 A standard one-photon absorption calculation  will be performed


 =========================
  ANALYSIS OF DOFs
 =========================

 => STATE 2 <=
 Geometry (Angstroms)
 27    # Nr. of atoms
   Atom       X         Y         Z      Mass
N         -0.2312   -0.0351   -0.1877   14.0031
C          1.0964   -0.3620   -0.1381   12.0000
N          1.9435    0.6930    0.0003   14.0031
C          1.5071    1.9884    0.0940   12.0000
C          0.2030    2.3185    0.0627   12.0000
C         -0.7580    1.2420   -0.0795   12.0000
H         -0.8888   -0.8134   -0.3333    1.0078
O          1.4937   -1.5266   -0.2121   15.9949
H          2.9379    0.4607    0.0320    1.0078
H          2.2898    2.7278    0.1993    1.0078
O         -1.9758    1.4124   -0.1084   15.9949
C         -0.2989    3.7236    0.1709   12.0000
H         -0.8775    4.0006   -0.7127    1.0078
H         -0.9551    3.8378    1.0362    1.0078
H          0.5319    4.4213    0.2727    1.0078
O         -2.1570   -2.1894   -0.5455   15.9949
H          0.5350   -3.0516    0.4137    1.0078
O          4.2198   -1.0042    0.0523   15.9949
H         -3.3501    0.3297    0.1412    1.0078
H         -2.9566   -1.6966   -0.2488    1.0078
H         -2.3375   -2.4933   -1.4413    1.0078
O         -0.1161   -3.7123    0.6992   15.9949
H         -0.9538   -3.3454    0.3749    1.0078
H          3.4377   -1.5548   -0.1250    1.0078
H          4.8712   -1.2270   -0.6198    1.0078
O         -4.0085   -0.3948    0.1898   15.9949
H         -4.4169   -0.3444    1.0594    1.0078
 

 ------------------------------------------------
   INERTIA TENSOR (to be multiplied by 10**5)
 ------------------------------------------------

             1           2           3
  
    1    14.66310     0.08981    -0.07241
    2     0.08981    17.11093     0.09566
    3    -0.07241     0.09566    30.99913
 ------------------------------------------------


 ------------------------------------------------
   ROTATIONAL CONSTANTS (AND ROTATION MATRIX)
 ------------------------------------------------

 ROOT NO.    1           2           3

    ************************************
  
    1     0.99931    -0.03679     0.00464
    2     0.03682     0.99930    -0.00669
    3    -0.00439     0.00686     0.99997
 ------------------------------------------------

  Rotational constants (GHz)
     0.62843     0.53831     0.29718
  Rotational temperatures (K)
     0.03016     0.02584     0.01426


 -------------------
  DOF   Dimension
 -------------------
  Vib    75
  Rot    3
  Tra    3
 -------------------


 Translating State2 to its Center of Mass
 Initial COM:       0.0108     -0.0061     -0.0002


 ================================
  VIBRATIONAL ANALYSIS ON STATE2
 ================================

Normal modes read from State1 for VG


 ------------------------
   FREQUENCIES (cm-1)
 ------------------------
     1    23.69974
     2    40.65179
     3    53.95450
     4    62.86303
     5    69.58869
     6   101.74424
     7   118.24849
     8   138.70959
     9   149.17880
    10   159.84401
    11   167.95916
    12   175.73912
    13   183.57321
    14   192.13269
    15   224.44720
    16   254.12597
    17   282.03509
    18   305.98207
    19   309.81395
    20   325.04437
    21   344.14249
    22   395.85587
    23   415.63683
    24   431.58477
    25   438.62883
    26   465.49205
    27   482.38648
    28   531.93025
    29   567.09932
    30   608.95937
    31   625.23999
    32   636.24816
    33   684.26382
    34   762.32586
    35   766.64929
    36   783.20792
    37   809.45174
    38   825.09175
    39   882.38654
    40   912.20864
    41   956.44998
    42  1012.27687
    43  1051.79755
    44  1080.68994
    45  1201.81909
    46  1248.77884
    47  1270.75603
    48  1397.03683
    49  1429.49342
    50  1470.79230
    51  1478.72870
    52  1492.25552
    53  1504.55820
    54  1552.32927
    55  1594.80728
    56  1606.29315
    57  1633.11156
    58  1669.25026
    59  1710.05140
    60  1726.46970
    61  1749.67539
    62  3059.84823
    63  3117.01805
    64  3144.55363
    65  3234.98493
    66  3295.07493
    67  3410.56671
    68  3434.60240
    69  3523.21779
    70  3668.48097
    71  3695.20246
    72  3734.81060
    73  3879.33554
    74  3892.89116
    75  3896.99602
 ------------------------


 -------------------------------------
   State2 Gradient (Q1-space) x1e5
 -------------------------------------
     1    -0.07310
     2    -0.14848
     3     0.00952
     4    -0.22367
     5    -0.10539
     6    -0.08256
     7     0.14759
     8    -0.03361
     9    -1.01280
    10     0.21522
    11    -0.19770
    12    -0.42196
    13    -0.32388
    14    -0.78593
    15    -0.73278
    16    -0.04463
    17     0.28217
    18    -0.62782
    19     0.95488
    20     0.31629
    21     0.87911
    22    -0.03990
    23     5.47985
    24     0.69273
    25    -4.45073
    26     1.88625
    27     4.63336
    28    -1.25647
    29    -1.66594
    30    -0.42011
    31     0.85640
    32     3.66439
    33     1.46973
    34    -4.36375
    35   -20.32811
    36     2.13647
    37    -0.11915
    38   -17.84335
    39     0.02945
    40    -0.90518
    41     0.22184
    42    12.70394
    43   -12.56247
    44    -0.48733
    45     2.35348
    46   -31.21775
    47     9.07994
    48    19.53092
    49     3.52587
    50     0.10079
    51    24.02228
    52    10.32666
    53    54.91440
    54   -79.60549
    55    -5.66054
    56     2.53231
    57     0.21606
    58    -2.92204
    59     2.02717
    60   -47.03676
    61    15.24845
    62     9.90699
    63    -0.46106
    64    -6.83330
    65    -3.23908
    66    -4.98191
    67     0.03126
    68    -5.91303
    69     1.11730
    70     4.61884
    71    -7.24870
    72     6.81199
    73    -0.16108
    74    -0.09826
    75     1.58910
 -------------------------------------




                 ASSIGNMENTS AND ANALYSIS OF 1 WITH RESPECT TO 2
 STATE 1                              MODES STATE 2
IND DEF    FREQUENCY     SHIFT    I21 C21  I22 C22   I23 C23     FR(I21)  I90 I95 I99
   1  P       23.70    62.68662    1 1.00    2 0.00    3 0.00       0.00   1   1   1
   2  P       40.65    43.28022    2 1.00    1 0.00    3 0.00       0.00   1   1   1
   3  P       53.95    -1.57443    3 1.00    2 0.00    1 0.00       0.00   1   1   1
   4  P       62.86    27.26379    4 1.00    2 0.00    3 0.00       0.00   1   1   1
   5  P       69.59    10.48324    5 1.00    2 0.00    3 0.00       0.00   1   1   1
   6  P      101.74     3.84150    6 1.00    2 0.00    3 0.00       0.00   1   1   1
   7  P      118.25    -5.08420    7 1.00    2 0.00    3 0.00       0.00   1   1   1
   8  P      138.71     0.84132    8 1.00    2 0.00    3 0.00       0.00   1   1   1
   9  P      149.18    21.92184    9 1.00    2 0.00    3 0.00       0.00   1   1   1
  10  P      159.84    -4.05756   10 1.00    2 0.00    3 0.00       0.00   1   1   1
  11  P      167.96     3.37572   11 1.00    2 0.00    3 0.00       0.00   1   1   1
  12  P      175.74     6.58121   12 1.00    2 0.00    3 0.00       0.00   1   1   1
  13  P      183.57     4.62955   13 1.00    2 0.00    3 0.00       0.00   1   1   1
  14  P      192.13    10.25529   14 1.00    2 0.00    3 0.00       0.00   1   1   1
  15  P      224.45     7.00671   15 1.00    2 0.00    3 0.00       0.00   1   1   1
  16  P      254.13     0.33287   16 1.00    2 0.00    3 0.00       0.00   1   1   1
  17  P      282.04    -1.70872   17 1.00    2 0.00    3 0.00       0.00   1   1   1
  18  P      305.98     3.23006   18 1.00    2 0.00    3 0.00       0.00   1   1   1
  19  P      309.81    -4.79197   19 1.00    2 0.00    3 0.00       0.00   1   1   1
  20  P      325.04    -1.44203   20 1.00    2 0.00    3 0.00       0.00   1   1   1
  21  P      344.14    -3.57550   21 1.00    2 0.00    3 0.00       0.00   1   1   1
  22  P      395.86     0.12265   22 1.00    2 0.00    3 0.00       0.00   1   1   1
  23  P      415.64   -15.27950   23 1.00    2 0.00    3 0.00       0.00   1   1   1
  24  P      431.58    -1.79143   24 1.00    2 0.00    3 0.00       0.00   1   1   1
  25  P      438.63    11.14308   25 1.00    2 0.00    3 0.00       0.00   1   1   1
  26  P      465.49    -4.19318   26 1.00    2 0.00    3 0.00       0.00   1   1   1
  27  P      482.39    -9.59124   27 1.00    2 0.00    3 0.00       0.00   1   1   1
  28  P      531.93     2.13900   28 1.00    2 0.00    3 0.00       0.00   1   1   1
  29  P      567.10     2.49523   29 1.00    2 0.00    3 0.00       0.00   1   1   1
  30  P      608.96     0.54570   30 1.00    2 0.00    3 0.00       0.00   1   1   1
  31  P      625.24    -1.05525   31 1.00    2 0.00    3 0.00       0.00   1   1   1
  32  P      636.25    -4.36031   32 1.00    2 0.00    3 0.00       0.00   1   1   1
  33  P      684.26    -1.51202   33 1.00    2 0.00    3 0.00       0.00   1   1   1
  34  P      762.33     3.61699   34 1.00    2 0.00    3 0.00       0.00   1   1   1
  35  P      766.65    16.65989   35 1.00    2 0.00    3 0.00       0.00   1   1   1
  36  P      783.21    -1.67769   36 1.00    2 0.00    3 0.00       0.00   1   1   1
  37  P      809.45     0.08760   37 1.00    2 0.00    3 0.00       0.00   1   1   1
  38  P      825.09    12.62526   38 1.00    2 0.00    3 0.00       0.00   1   1   1
  39  P      882.39    -0.01822   39 1.00    2 0.00    3 0.00       0.00   1   1   1
  40  P      912.21     0.52398   40 1.00    2 0.00    3 0.00       0.00   1   1   1
  41  P      956.45    -0.11681   41 1.00    2 0.00    3 0.00       0.00   1   1   1
  42  P     1012.28    -5.97184   42 1.00    2 0.00    3 0.00       0.00   1   1   1
  43  P     1051.80     5.46990   43 1.00    2 0.00    3 0.00       0.00   1   1   1
  44  P     1080.69     0.20100   44 1.00    2 0.00    3 0.00       0.00   1   1   1
  45  P     1201.82    -0.78487   45 1.00    2 0.00    3 0.00       0.00   1   1   1
  46  P     1248.78     9.64271   46 1.00    2 0.00    3 0.00       0.00   1   1   1
  47  P     1270.76    -2.70849   47 1.00    2 0.00    3 0.00       0.00   1   1   1
  48  P     1397.04    -4.82032   48 1.00    2 0.00    3 0.00       0.00   1   1   1
  49  P     1429.49    -0.83113   49 1.00    2 0.00    3 0.00       0.00   1   1   1
  50  P     1470.79    -0.02244   50 1.00    2 0.00    3 0.00       0.00   1   1   1
  51  P     1478.73    -5.29183   51 1.00    2 0.00    3 0.00       0.00   1   1   1
  52  P     1492.26    -2.23379   52 1.00    2 0.00    3 0.00       0.00   1   1   1
  53  P     1504.56   -11.68522   53 1.00    2 0.00    3 0.00       0.00   1   1   1
  54  P     1552.33    15.91270   54 1.00    2 0.00    3 0.00       0.00   1   1   1
  55  P     1594.81     1.07204   55 1.00    2 0.00    3 0.00       0.00   1   1   1
  56  P     1606.29    -0.47275   56 1.00    2 0.00    3 0.00       0.00   1   1   1
  57  P     1633.11    -0.03902   57 1.00    2 0.00    3 0.00       0.00   1   1   1
  58  P     1669.25     0.50514   58 1.00    2 0.00    3 0.00       0.00   1   1   1
  59  P     1710.05    -0.33392   59 1.00    2 0.00    3 0.00       0.00   1   1   1
  60  P     1726.47     7.60130   60 1.00    2 0.00    3 0.00       0.00   1   1   1
  61  P     1749.68    -2.39927   61 1.00    2 0.00    3 0.00       0.00   1   1   1
  62  P     3059.85    -0.50970   62 1.00    2 0.00    3 0.00       0.00   1   1   1
  63  P     3117.02     0.02286   63 1.00    2 0.00    3 0.00       0.00   1   1   1
  64  P     3144.55     0.33287   64 1.00    2 0.00    3 0.00       0.00   1   1   1
  65  P     3234.98     0.14909   65 1.00    2 0.00    3 0.00       0.00   1   1   1
  66  P     3295.07     0.22102   66 1.00    2 0.00    3 0.00       0.00   1   1   1
  67  P     3410.57    -0.00129   67 1.00    2 0.00    3 0.00       0.00   1   1   1
  68  P     3434.60     0.24145   68 1.00    2 0.00    3 0.00       0.00   1   1   1
  69  P     3523.22    -0.04336   69 1.00    2 0.00    3 0.00       0.00   1   1   1
  70  P     3668.48    -0.16532   70 1.00    2 0.00    3 0.00       0.00   1   1   1
  71  P     3695.20     0.25571   71 1.00    2 0.00    3 0.00       0.00   1   1   1
  72  P     3734.81    -0.23524   72 1.00    2 0.00    3 0.00       0.00   1   1   1
  73  P     3879.34     0.00516   73 1.00    2 0.00    3 0.00       0.00   1   1   1
  74  P     3892.89     0.00312   74 1.00    2 0.00    3 0.00       0.00   1   1   1
  75  P     3897.00    -0.05040   75 1.00    2 0.00    3 0.00       0.00   1   1   1
   
 *********************************************************** 
  
  AVERAGE MAX PROJECTION     1.000000    St Dev   0.000000
  AVERAGE FREQ DIFF          0.000000    St Dev   0.000000
  AVERAGE ABS FREQ DIFF      0.000000    St Dev   0.000000
  AVERAGE ABS DISPLACE       2.625269    St Dev  10.706926
  SUM DISPL**2            9114.772754
  
 *********************************************************** 
  



                 ASSIGNMENTS AND ANALYSIS OF 2 WITH RESPECT TO 1
 STATE 2                              MODES STATE 1
IND DEF    FREQUENCY     SHIFT    I11 C11  I12 C12   I13 C13     FR(I11)  I90 I95 I99
   1  P       23.70   -62.68662    1 1.00    2 0.00    3 0.00       0.00   1   1   1
   2  P       40.65   -43.28022    2 1.00    1 0.00    3 0.00       0.00   1   1   1
   3  P       53.95     1.57443    3 1.00    2 0.00    1 0.00       0.00   1   1   1
   4  P       62.86   -27.26379    4 1.00    2 0.00    3 0.00       0.00   1   1   1
   5  P       69.59   -10.48324    5 1.00    2 0.00    3 0.00       0.00   1   1   1
   6  P      101.74    -3.84150    6 1.00    2 0.00    3 0.00       0.00   1   1   1
   7  P      118.25     5.08420    7 1.00    2 0.00    3 0.00       0.00   1   1   1
   8  P      138.71    -0.84132    8 1.00    2 0.00    3 0.00       0.00   1   1   1
   9  P      149.18   -21.92184    9 1.00    2 0.00    3 0.00       0.00   1   1   1
  10  P      159.84     4.05756   10 1.00    2 0.00    3 0.00       0.00   1   1   1
  11  P      167.96    -3.37572   11 1.00    2 0.00    3 0.00       0.00   1   1   1
  12  P      175.74    -6.58121   12 1.00    2 0.00    3 0.00       0.00   1   1   1
  13  P      183.57    -4.62955   13 1.00    2 0.00    3 0.00       0.00   1   1   1
  14  P      192.13   -10.25529   14 1.00    2 0.00    3 0.00       0.00   1   1   1
  15  P      224.45    -7.00671   15 1.00    2 0.00    3 0.00       0.00   1   1   1
  16  P      254.13    -0.33287   16 1.00    2 0.00    3 0.00       0.00   1   1   1
  17  P      282.04     1.70872   17 1.00    2 0.00    3 0.00       0.00   1   1   1
  18  P      305.98    -3.23006   18 1.00    2 0.00    3 0.00       0.00   1   1   1
  19  P      309.81     4.79197   19 1.00    2 0.00    3 0.00       0.00   1   1   1
  20  P      325.04     1.44203   20 1.00    2 0.00    3 0.00       0.00   1   1   1
  21  P      344.14     3.57550   21 1.00    2 0.00    3 0.00       0.00   1   1   1
  22  P      395.86    -0.12265   22 1.00    2 0.00    3 0.00       0.00   1   1   1
  23  P      415.64    15.27950   23 1.00    2 0.00    3 0.00       0.00   1   1   1
  24  P      431.58     1.79143   24 1.00    2 0.00    3 0.00       0.00   1   1   1
  25  P      438.63   -11.14308   25 1.00    2 0.00    3 0.00       0.00   1   1   1
  26  P      465.49     4.19318   26 1.00    2 0.00    3 0.00       0.00   1   1   1
  27  P      482.39     9.59124   27 1.00    2 0.00    3 0.00       0.00   1   1   1
  28  P      531.93    -2.13900   28 1.00    2 0.00    3 0.00       0.00   1   1   1
  29  P      567.10    -2.49523   29 1.00    2 0.00    3 0.00       0.00   1   1   1
  30  P      608.96    -0.54570   30 1.00    2 0.00    3 0.00       0.00   1   1   1
  31  P      625.24     1.05525   31 1.00    2 0.00    3 0.00       0.00   1   1   1
  32  P      636.25     4.36031   32 1.00    2 0.00    3 0.00       0.00   1   1   1
  33  P      684.26     1.51202   33 1.00    2 0.00    3 0.00       0.00   1   1   1
  34  P      762.33    -3.61699   34 1.00    2 0.00    3 0.00       0.00   1   1   1
  35  P      766.65   -16.65989   35 1.00    2 0.00    3 0.00       0.00   1   1   1
  36  P      783.21     1.67769   36 1.00    2 0.00    3 0.00       0.00   1   1   1
  37  P      809.45    -0.08760   37 1.00    2 0.00    3 0.00       0.00   1   1   1
  38  P      825.09   -12.62526   38 1.00    2 0.00    3 0.00       0.00   1   1   1
  39  P      882.39     0.01822   39 1.00    2 0.00    3 0.00       0.00   1   1   1
  40  P      912.21    -0.52398   40 1.00    2 0.00    3 0.00       0.00   1   1   1
  41  P      956.45     0.11681   41 1.00    2 0.00    3 0.00       0.00   1   1   1
  42  P     1012.28     5.97184   42 1.00    2 0.00    3 0.00       0.00   1   1   1
  43  P     1051.80    -5.46990   43 1.00    2 0.00    3 0.00       0.00   1   1   1
  44  P     1080.69    -0.20100   44 1.00    2 0.00    3 0.00       0.00   1   1   1
  45  P     1201.82     0.78487   45 1.00    2 0.00    3 0.00       0.00   1   1   1
  46  P     1248.78    -9.64271   46 1.00    2 0.00    3 0.00       0.00   1   1   1
  47  P     1270.76     2.70849   47 1.00    2 0.00    3 0.00       0.00   1   1   1
  48  P     1397.04     4.82032   48 1.00    2 0.00    3 0.00       0.00   1   1   1
  49  P     1429.49     0.83113   49 1.00    2 0.00    3 0.00       0.00   1   1   1
  50  P     1470.79     0.02244   50 1.00    2 0.00    3 0.00       0.00   1   1   1
  51  P     1478.73     5.29183   51 1.00    2 0.00    3 0.00       0.00   1   1   1
  52  P     1492.26     2.23379   52 1.00    2 0.00    3 0.00       0.00   1   1   1
  53  P     1504.56    11.68522   53 1.00    2 0.00    3 0.00       0.00   1   1   1
  54  P     1552.33   -15.91270   54 1.00    2 0.00    3 0.00       0.00   1   1   1
  55  P     1594.81    -1.07204   55 1.00    2 0.00    3 0.00       0.00   1   1   1
  56  P     1606.29     0.47275   56 1.00    2 0.00    3 0.00       0.00   1   1   1
  57  P     1633.11     0.03902   57 1.00    2 0.00    3 0.00       0.00   1   1   1
  58  P     1669.25    -0.50514   58 1.00    2 0.00    3 0.00       0.00   1   1   1
  59  P     1710.05     0.33392   59 1.00    2 0.00    3 0.00       0.00   1   1   1
  60  P     1726.47    -7.60130   60 1.00    2 0.00    3 0.00       0.00   1   1   1
  61  P     1749.68     2.39927   61 1.00    2 0.00    3 0.00       0.00   1   1   1
  62  P     3059.85     0.50970   62 1.00    2 0.00    3 0.00       0.00   1   1   1
  63  P     3117.02    -0.02286   63 1.00    2 0.00    3 0.00       0.00   1   1   1
  64  P     3144.55    -0.33287   64 1.00    2 0.00    3 0.00       0.00   1   1   1
  65  P     3234.98    -0.14909   65 1.00    2 0.00    3 0.00       0.00   1   1   1
  66  P     3295.07    -0.22102   66 1.00    2 0.00    3 0.00       0.00   1   1   1
  67  P     3410.57     0.00129   67 1.00    2 0.00    3 0.00       0.00   1   1   1
  68  P     3434.60    -0.24145   68 1.00    2 0.00    3 0.00       0.00   1   1   1
  69  P     3523.22     0.04336   69 1.00    2 0.00    3 0.00       0.00   1   1   1
  70  P     3668.48     0.16532   70 1.00    2 0.00    3 0.00       0.00   1   1   1
  71  P     3695.20    -0.25571   71 1.00    2 0.00    3 0.00       0.00   1   1   1
  72  P     3734.81     0.23524   72 1.00    2 0.00    3 0.00       0.00   1   1   1
  73  P     3879.34    -0.00516   73 1.00    2 0.00    3 0.00       0.00   1   1   1
  74  P     3892.89    -0.00312   74 1.00    2 0.00    3 0.00       0.00   1   1   1
  75  P     3897.00     0.05040   75 1.00    2 0.00    3 0.00       0.00   1   1   1
   
 *********************************************************** 
  
  AVERAGE MAX PROJECTION     1.000000    St Dev   0.000000
  AVERAGE FREQ DIFF          0.000000    St Dev   0.000000
  AVERAGE ABS FREQ DIFF      0.000000    St Dev   0.000000
  AVERAGE ABS DISPLACE      -2.625269    St Dev  10.706926
  SUM DISPL**2            9114.772754
  
 *********************************************************** 
  

 ADDITIONAL ANALYSIS ON DUSCHINSKY MATRIX
 ----------------------------------------
  Determinant:     1.0000

  ** A = GM·GMT **
  Det(A)     :     1.0000
  Trace(A)   :    75.0000
  Det(A-I)   :     0.0000
  Trace(A-I) :     0.0000
 ----------------------------------------

   
   
 STATE1 MODES SORTED BY DECREASING DIMENSIONLESS SHIFT
   IND    MODE    FREQUENCY DIMENSIONLESS SHIFT
     1      54    1552.32927       0.13383E+01
     2      35     766.64929       0.98464E+00
     3      53    1504.55820      -0.96750E+00
     4      38     825.09175       0.77410E+00
     5      46    1248.77884       0.72736E+00
     6      60    1726.46970       0.67418E+00
     7      23     415.63683      -0.66493E+00
     8       1      23.69974       0.65141E+00
     9       2      40.65179       0.58903E+00
    10       9     149.17880       0.57153E+00
    11      25     438.62883       0.49815E+00
    12       4      62.86303       0.46142E+00
    13      27     482.38648      -0.44966E+00
    14      51    1478.72870      -0.43437E+00
    15      42    1012.27687      -0.40557E+00
    16      48    1397.03683      -0.38458E+00
    17      43    1051.79755       0.37866E+00
    18      14     192.13269       0.30343E+00
    19      32     636.24816      -0.23477E+00
    20      15     224.44720       0.22407E+00
    21      61    1749.67539      -0.21422E+00
    22      34     762.32586       0.21317E+00
    23      47    1270.75603      -0.20609E+00
    24      26     465.49205      -0.19311E+00
    25       5      69.58869       0.18667E+00
    26      12     175.73912       0.18623E+00
    27      52    1492.25552      -0.18419E+00
    28      19     309.81395      -0.18004E+00
    29      21     344.14249      -0.14158E+00
    30      13     183.57321       0.13389E+00
    31      29     567.09932       0.12684E+00
    32      18     305.98207       0.12061E+00
    33       7     118.24849      -0.11801E+00
    34      10     159.84401      -0.10950E+00
    35      28     531.93025       0.10530E+00
    36      36     783.20792      -0.10022E+00
    37      11     167.95916       0.93385E-01
    38      55    1594.80728       0.91384E-01
    39      33     684.26382      -0.84426E-01
    40       6     101.74424       0.82711E-01
    41      24     431.58477      -0.79440E-01
    42      49    1429.49342      -0.67076E-01
    43      17     282.03509      -0.61253E-01
    44      62    3059.84823      -0.60182E-01
    45      45    1201.81909      -0.58080E-01
    46      31     625.23999      -0.56323E-01
    47      20     325.04437      -0.55495E-01
    48      58    1669.25026       0.44054E-01
    49      56    1606.29315      -0.40444E-01
    50      64    3144.55363       0.39845E-01
    51      40     912.20864       0.33781E-01
    52      71    3695.20246       0.33180E-01
    53      72    3734.81060      -0.30687E-01
    54      68    3434.60240       0.30205E-01
    55      59    1710.05140      -0.29475E-01
    56      30     608.95937       0.28745E-01
    57      66    3295.07493       0.27082E-01
    58       3      53.95450      -0.24686E-01
    59      70    3668.48097      -0.21374E-01
    60       8     138.70959       0.21151E-01
    61      65    3234.98493       0.18100E-01
    62      44    1080.68994       0.14104E-01
    63      16     254.12597       0.11327E-01
    64      41     956.44998      -0.77114E-02
    65      75    3896.99602      -0.67163E-02
    66      69    3523.21779      -0.54934E-02
    67      37     809.45174       0.53198E-02
    68      22     395.85587       0.52087E-02
    69      57    1633.11156      -0.33660E-02
    70      63    3117.01805       0.27241E-02
    71      50    1470.79230      -0.18372E-02
    72      39     882.38654      -0.11554E-02
    73      73    3879.33554       0.68547E-03
    74      74    3892.89116       0.41594E-03
    75      67    3410.56671      -0.16137E-03
   
   
 MODES OF STATE1 IN ORDER OF DECREASING FR COUPL
 ESTIMATED BY THE MAGNITUDE OF THE 0-0 INTEGRAL
   IND    MODE1  FREQ   MODE2 FR    FR. SHIFT INV0-0
     1     1    23.69974         1    23.69974         0.00000         1.00000
     2     2    40.65179         2    40.65179         0.00000         1.00000
     3     3    53.95450         3    53.95450         0.00000         1.00000
     4     4    62.86303         4    62.86303         0.00000         1.00000
     5     5    69.58869         5    69.58869         0.00000         1.00000
     6     6   101.74424         6   101.74424         0.00000         1.00000
     7     7   118.24849         7   118.24849         0.00000         1.00000
     8     8   138.70959         8   138.70959         0.00000         1.00000
     9     9   149.17880         9   149.17880         0.00000         1.00000
    10    10   159.84401        10   159.84401         0.00000         1.00000
    11    11   167.95916        11   167.95916         0.00000         1.00000
    12    12   175.73912        12   175.73912         0.00000         1.00000
    13    13   183.57321        13   183.57321         0.00000         1.00000
    14    14   192.13269        14   192.13269         0.00000         1.00000
    15    15   224.44720        15   224.44720         0.00000         1.00000
    16    16   254.12597        16   254.12597         0.00000         1.00000
    17    17   282.03509        17   282.03509         0.00000         1.00000
    18    18   305.98207        18   305.98207         0.00000         1.00000
    19    19   309.81395        19   309.81395         0.00000         1.00000
    20    20   325.04437        20   325.04437         0.00000         1.00000
    21    21   344.14249        21   344.14249         0.00000         1.00000
    22    22   395.85587        22   395.85587         0.00000         1.00000
    23    23   415.63683        23   415.63683         0.00000         1.00000
    24    24   431.58477        24   431.58477         0.00000         1.00000
    25    25   438.62883        25   438.62883         0.00000         1.00000
    26    26   465.49205        26   465.49205         0.00000         1.00000
    27    27   482.38648        27   482.38648         0.00000         1.00000
    28    28   531.93025        28   531.93025         0.00000         1.00000
    29    29   567.09932        29   567.09932         0.00000         1.00000
    30    30   608.95937        30   608.95937         0.00000         1.00000
    31    31   625.23999        31   625.23999         0.00000         1.00000
    32    32   636.24816        32   636.24816         0.00000         1.00000
    33    33   684.26382        33   684.26382         0.00000         1.00000
    34    34   762.32586        34   762.32586         0.00000         1.00000
    35    35   766.64929        35   766.64929         0.00000         1.00000
    36    36   783.20792        36   783.20792         0.00000         1.00000
    37    37   809.45174        37   809.45174         0.00000         1.00000
    38    38   825.09175        38   825.09175         0.00000         1.00000
    39    39   882.38654        39   882.38654         0.00000         1.00000
    40    40   912.20864        40   912.20864         0.00000         1.00000
    41    41   956.44998        41   956.44998         0.00000         1.00000
    42    42  1012.27687        42  1012.27687         0.00000         1.00000
    43    43  1051.79755        43  1051.79755         0.00000         1.00000
    44    44  1080.68994        44  1080.68994         0.00000         1.00000
    45    45  1201.81909        45  1201.81909         0.00000         1.00000
    46    46  1248.77884        46  1248.77884         0.00000         1.00000
    47    47  1270.75603        47  1270.75603         0.00000         1.00000
    48    48  1397.03683        48  1397.03683         0.00000         1.00000
    49    49  1429.49342        49  1429.49342         0.00000         1.00000
    50    50  1470.79230        50  1470.79230         0.00000         1.00000
    51    51  1478.72870        51  1478.72870         0.00000         1.00000
    52    52  1492.25552        52  1492.25552         0.00000         1.00000
    53    53  1504.55820        53  1504.55820         0.00000         1.00000
    54    54  1552.32927        54  1552.32927         0.00000         1.00000
    55    55  1594.80728        55  1594.80728         0.00000         1.00000
    56    56  1606.29315        56  1606.29315         0.00000         1.00000
    57    57  1633.11156        57  1633.11156         0.00000         1.00000
    58    58  1669.25026        58  1669.25026         0.00000         1.00000
    59    59  1710.05140        59  1710.05140         0.00000         1.00000
    60    60  1726.46970        60  1726.46970         0.00000         1.00000
    61    61  1749.67539        61  1749.67539         0.00000         1.00000
    62    62  3059.84823        62  3059.84823         0.00000         1.00000
    63    63  3117.01805        63  3117.01805         0.00000         1.00000
    64    64  3144.55363        64  3144.55363         0.00000         1.00000
    65    65  3234.98493        65  3234.98493         0.00000         1.00000
    66    66  3295.07493        66  3295.07493         0.00000         1.00000
    67    67  3410.56671        67  3410.56671         0.00000         1.00000
    68    68  3434.60240        68  3434.60240         0.00000         1.00000
    69    69  3523.21779        69  3523.21779         0.00000         1.00000
    70    70  3668.48097        70  3668.48097         0.00000         1.00000
    71    71  3695.20246        71  3695.20246         0.00000         1.00000
    72    72  3734.81060        72  3734.81060         0.00000         1.00000
    73    73  3879.33554        73  3879.33554         0.00000         1.00000
    74    74  3892.89116        74  3892.89116         0.00000         1.00000
    75    75  3896.99602        75  3896.99602         0.00000         1.00000
   
   
   
   
 STATE2 MODES SORTED BY DECREASING DIMENSIONLESS SHIFT
   IND    MODE    FREQUENCY DIMENSIONLESS SHIFT
     1      54    1552.32927      -0.13383E+01
     2      35     766.64929      -0.98464E+00
     3      53    1504.55820       0.96750E+00
     4      38     825.09175      -0.77410E+00
     5      46    1248.77884      -0.72736E+00
     6      60    1726.46970      -0.67418E+00
     7      23     415.63683       0.66493E+00
     8       1      23.69974      -0.65141E+00
     9       2      40.65179      -0.58903E+00
    10       9     149.17880      -0.57153E+00
    11      25     438.62883      -0.49815E+00
    12       4      62.86303      -0.46142E+00
    13      27     482.38648       0.44966E+00
    14      51    1478.72870       0.43437E+00
    15      42    1012.27687       0.40557E+00
    16      48    1397.03683       0.38458E+00
    17      43    1051.79755      -0.37866E+00
    18      14     192.13269      -0.30343E+00
    19      32     636.24816       0.23477E+00
    20      15     224.44720      -0.22407E+00
    21      61    1749.67539       0.21422E+00
    22      34     762.32586      -0.21317E+00
    23      47    1270.75603       0.20609E+00
    24      26     465.49205       0.19311E+00
    25       5      69.58869      -0.18667E+00
    26      12     175.73912      -0.18623E+00
    27      52    1492.25552       0.18419E+00
    28      19     309.81395       0.18004E+00
    29      21     344.14249       0.14158E+00
    30      13     183.57321      -0.13389E+00
    31      29     567.09932      -0.12684E+00
    32      18     305.98207      -0.12061E+00
    33       7     118.24849       0.11801E+00
    34      10     159.84401       0.10950E+00
    35      28     531.93025      -0.10530E+00
    36      36     783.20792       0.10022E+00
    37      11     167.95916      -0.93385E-01
    38      55    1594.80728      -0.91384E-01
    39      33     684.26382       0.84426E-01
    40       6     101.74424      -0.82711E-01
    41      24     431.58477       0.79440E-01
    42      49    1429.49342       0.67076E-01
    43      17     282.03509       0.61253E-01
    44      62    3059.84823       0.60182E-01
    45      45    1201.81909       0.58080E-01
    46      31     625.23999       0.56323E-01
    47      20     325.04437       0.55495E-01
    48      58    1669.25026      -0.44054E-01
    49      56    1606.29315       0.40444E-01
    50      64    3144.55363      -0.39845E-01
    51      40     912.20864      -0.33781E-01
    52      71    3695.20246      -0.33180E-01
    53      72    3734.81060       0.30687E-01
    54      68    3434.60240      -0.30205E-01
    55      59    1710.05140       0.29475E-01
    56      30     608.95937      -0.28745E-01
    57      66    3295.07493      -0.27082E-01
    58       3      53.95450       0.24686E-01
    59      70    3668.48097       0.21374E-01
    60       8     138.70959      -0.21151E-01
    61      65    3234.98493      -0.18100E-01
    62      44    1080.68994      -0.14104E-01
    63      16     254.12597      -0.11327E-01
    64      41     956.44998       0.77114E-02
    65      75    3896.99602       0.67163E-02
    66      69    3523.21779       0.54934E-02
    67      37     809.45174      -0.53198E-02
    68      22     395.85587      -0.52087E-02
    69      57    1633.11156       0.33660E-02
    70      63    3117.01805      -0.27241E-02
    71      50    1470.79230       0.18372E-02
    72      39     882.38654       0.11554E-02
    73      73    3879.33554      -0.68547E-03
    74      74    3892.89116      -0.41594E-03
    75      67    3410.56671       0.16137E-03
   
   
 MODES OF STATE2 IN ORDER OF DECREASING FR COUPL
 ESTIMATED BY THE MAGNITUDE OF THE 0-0 INTEGRAL
   IND    MODE2  FREQ   MODE1 FR    FR. SHIFT INV0-0
     1     1    23.69974         1    23.69974         0.00000         1.00000
     2     2    40.65179         2    40.65179         0.00000         1.00000
     3     3    53.95450         3    53.95450         0.00000         1.00000
     4     4    62.86303         4    62.86303         0.00000         1.00000
     5     5    69.58869         5    69.58869         0.00000         1.00000
     6     6   101.74424         6   101.74424         0.00000         1.00000
     7     7   118.24849         7   118.24849         0.00000         1.00000
     8     8   138.70959         8   138.70959         0.00000         1.00000
     9     9   149.17880         9   149.17880         0.00000         1.00000
    10    10   159.84401        10   159.84401         0.00000         1.00000
    11    11   167.95916        11   167.95916         0.00000         1.00000
    12    12   175.73912        12   175.73912         0.00000         1.00000
    13    13   183.57321        13   183.57321         0.00000         1.00000
    14    14   192.13269        14   192.13269         0.00000         1.00000
    15    15   224.44720        15   224.44720         0.00000         1.00000
    16    16   254.12597        16   254.12597         0.00000         1.00000
    17    17   282.03509        17   282.03509         0.00000         1.00000
    18    18   305.98207        18   305.98207         0.00000         1.00000
    19    19   309.81395        19   309.81395         0.00000         1.00000
    20    20   325.04437        20   325.04437         0.00000         1.00000
    21    21   344.14249        21   344.14249         0.00000         1.00000
    22    22   395.85587        22   395.85587         0.00000         1.00000
    23    23   415.63683        23   415.63683         0.00000         1.00000
    24    24   431.58477        24   431.58477         0.00000         1.00000
    25    25   438.62883        25   438.62883         0.00000         1.00000
    26    26   465.49205        26   465.49205         0.00000         1.00000
    27    27   482.38648        27   482.38648         0.00000         1.00000
    28    28   531.93025        28   531.93025         0.00000         1.00000
    29    29   567.09932        29   567.09932         0.00000         1.00000
    30    30   608.95937        30   608.95937         0.00000         1.00000
    31    31   625.23999        31   625.23999         0.00000         1.00000
    32    32   636.24816        32   636.24816         0.00000         1.00000
    33    33   684.26382        33   684.26382         0.00000         1.00000
    34    34   762.32586        34   762.32586         0.00000         1.00000
    35    35   766.64929        35   766.64929         0.00000         1.00000
    36    36   783.20792        36   783.20792         0.00000         1.00000
    37    37   809.45174        37   809.45174         0.00000         1.00000
    38    38   825.09175        38   825.09175         0.00000         1.00000
    39    39   882.38654        39   882.38654         0.00000         1.00000
    40    40   912.20864        40   912.20864         0.00000         1.00000
    41    41   956.44998        41   956.44998         0.00000         1.00000
    42    42  1012.27687        42  1012.27687         0.00000         1.00000
    43    43  1051.79755        43  1051.79755         0.00000         1.00000
    44    44  1080.68994        44  1080.68994         0.00000         1.00000
    45    45  1201.81909        45  1201.81909         0.00000         1.00000
    46    46  1248.77884        46  1248.77884         0.00000         1.00000
    47    47  1270.75603        47  1270.75603         0.00000         1.00000
    48    48  1397.03683        48  1397.03683         0.00000         1.00000
    49    49  1429.49342        49  1429.49342         0.00000         1.00000
    50    50  1470.79230        50  1470.79230         0.00000         1.00000
    51    51  1478.72870        51  1478.72870         0.00000         1.00000
    52    52  1492.25552        52  1492.25552         0.00000         1.00000
    53    53  1504.55820        53  1504.55820         0.00000         1.00000
    54    54  1552.32927        54  1552.32927         0.00000         1.00000
    55    55  1594.80728        55  1594.80728         0.00000         1.00000
    56    56  1606.29315        56  1606.29315         0.00000         1.00000
    57    57  1633.11156        57  1633.11156         0.00000         1.00000
    58    58  1669.25026        58  1669.25026         0.00000         1.00000
    59    59  1710.05140        59  1710.05140         0.00000         1.00000
    60    60  1726.46970        60  1726.46970         0.00000         1.00000
    61    61  1749.67539        61  1749.67539         0.00000         1.00000
    62    62  3059.84823        62  3059.84823         0.00000         1.00000
    63    63  3117.01805        63  3117.01805         0.00000         1.00000
    64    64  3144.55363        64  3144.55363         0.00000         1.00000
    65    65  3234.98493        65  3234.98493         0.00000         1.00000
    66    66  3295.07493        66  3295.07493         0.00000         1.00000
    67    67  3410.56671        67  3410.56671         0.00000         1.00000
    68    68  3434.60240        68  3434.60240         0.00000         1.00000
    69    69  3523.21779        69  3523.21779         0.00000         1.00000
    70    70  3668.48097        70  3668.48097         0.00000         1.00000
    71    71  3695.20246        71  3695.20246         0.00000         1.00000
    72    72  3734.81060        72  3734.81060         0.00000         1.00000
    73    73  3879.33554        73  3879.33554         0.00000         1.00000
    74    74  3892.89116        74  3892.89116         0.00000         1.00000
    75    75  3896.99602        75  3896.99602         0.00000         1.00000
   
   
  
  
 DIMENSIONLESS SHIFTS 
   IND     STATE1       STATE2
     1     0.65141E+00    -0.65141E+00
     2     0.58903E+00    -0.58903E+00
     3    -0.24686E-01     0.24686E-01
     4     0.46142E+00    -0.46142E+00
     5     0.18667E+00    -0.18667E+00
     6     0.82711E-01    -0.82711E-01
     7    -0.11801E+00     0.11801E+00
     8     0.21151E-01    -0.21151E-01
     9     0.57153E+00    -0.57153E+00
    10    -0.10950E+00     0.10950E+00
    11     0.93385E-01    -0.93385E-01
    12     0.18623E+00    -0.18623E+00
    13     0.13389E+00    -0.13389E+00
    14     0.30343E+00    -0.30343E+00
    15     0.22407E+00    -0.22407E+00
    16     0.11327E-01    -0.11327E-01
    17    -0.61253E-01     0.61253E-01
    18     0.12061E+00    -0.12061E+00
    19    -0.18004E+00     0.18004E+00
    20    -0.55495E-01     0.55495E-01
    21    -0.14158E+00     0.14158E+00
    22     0.52087E-02    -0.52087E-02
    23    -0.66493E+00     0.66493E+00
    24    -0.79440E-01     0.79440E-01
    25     0.49815E+00    -0.49815E+00
    26    -0.19311E+00     0.19311E+00
    27    -0.44966E+00     0.44966E+00
    28     0.10530E+00    -0.10530E+00
    29     0.12684E+00    -0.12684E+00
    30     0.28745E-01    -0.28745E-01
    31    -0.56323E-01     0.56323E-01
    32    -0.23477E+00     0.23477E+00
    33    -0.84426E-01     0.84426E-01
    34     0.21317E+00    -0.21317E+00
    35     0.98464E+00    -0.98464E+00
    36    -0.10022E+00     0.10022E+00
    37     0.53198E-02    -0.53198E-02
    38     0.77410E+00    -0.77410E+00
    39    -0.11554E-02     0.11554E-02
    40     0.33781E-01    -0.33781E-01
    41    -0.77114E-02     0.77114E-02
    42    -0.40557E+00     0.40557E+00
    43     0.37866E+00    -0.37866E+00
    44     0.14104E-01    -0.14104E-01
    45    -0.58080E-01     0.58080E-01
    46     0.72736E+00    -0.72736E+00
    47    -0.20609E+00     0.20609E+00
    48    -0.38458E+00     0.38458E+00
    49    -0.67076E-01     0.67076E-01
    50    -0.18372E-02     0.18372E-02
    51    -0.43437E+00     0.43437E+00
    52    -0.18419E+00     0.18419E+00
    53    -0.96750E+00     0.96750E+00
    54     0.13383E+01    -0.13383E+01
    55     0.91384E-01    -0.91384E-01
    56    -0.40444E-01     0.40444E-01
    57    -0.33660E-02     0.33660E-02
    58     0.44054E-01    -0.44054E-01
    59    -0.29475E-01     0.29475E-01
    60     0.67418E+00    -0.67418E+00
    61    -0.21422E+00     0.21422E+00
    62    -0.60182E-01     0.60182E-01
    63     0.27241E-02    -0.27241E-02
    64     0.39845E-01    -0.39845E-01
    65     0.18100E-01    -0.18100E-01
    66     0.27082E-01    -0.27082E-01
    67    -0.16137E-03     0.16137E-03
    68     0.30205E-01    -0.30205E-01
    69    -0.54934E-02     0.54934E-02
    70    -0.21374E-01     0.21374E-01
    71     0.33180E-01    -0.33180E-01
    72    -0.30687E-01     0.30687E-01
    73     0.68547E-03    -0.68547E-03
    74     0.41594E-03    -0.41594E-03
    75    -0.67163E-02     0.67163E-02
  SUM SQUARED DIMENSIONLESS DISPL STATE1        8.8200
  SUM SQUARED DIMENSIONLESS DISPL STATE2        8.8200
  VALUE STATE1 GROUND VIB WAVEFUN AT GEO2       0.0122
  VALUE STATE2 GROUND VIB WAVEFUN AT GEO1       0.0122
  VALUE STATE1 GROUND VIB WAVEFUN AT (GEO1+GEO2)/2      0.3320
  VALUE STATE2 GROUND VIB WAVEFUN AT (GEO1+GEO2)/2      0.3320

 Printing Duschinski matrix to 'duschinsky.dat'


 Printing Shift vector to 'displacement.dat'


NOTE: DE read from input:   6.273 (eV)                                                                    
 


 ===========================
  REORGANIZATION ENERGY
 ===========================
     0.019571  (Hartree)
     0.532559  (eV)


 ------------------------------------------------------
 Extrapolation form (generalized) vertical point:
 ------------------------------------------------------
 Extrapolated vertical energy:        6.27260  (eV)
 Extrapolated adiabatic energy:       6.27260  (eV)
 Extrapolated reorg. energy   :       0.00000  (eV)
 ------------------------------------------------------



 ===============================
  ZERO-POINT ENERGY CORRECTIONS 
 ===============================


                    ZERO POINT ENERGY IN CM-1
    E01=     47266.57    E02=     47266.57


                    0-0 ENERGY DIFFERENCE
       5.74004 eV


                    ADIABATIC ENERGY     
       5.74004 eV




 ====================

  TRANSITION DIPOLES 

 ====================
 Model for tr. dipoles: FC
 Reading electric dipole file: ../../../../eldip_Thymine6311-freq-solv-ES3_fchk
 


 ================= 
  TRANSITION INFO  
 ================= 
            DATA FOR VERTICAL TRANSITION 
  electric transition dipoles (au) at initial GEO 1
           -0.22581881   -1.60528982   -0.14015585
  electric transition dipoles (au) at initial GEO 2
           -0.22581881   -1.60528982   -0.14015585
  Square tr dipoles: geo1  2.64759320  geo2   2.64759320  Diff (d1-d2)/d1    0.0000 %
   
 ------------------
  State2 -> State1
 ------------------
 Reorganization Energy (eV) on State1        0.532559
 Vertical emission energy (eV)               5.207484
 Fluorescence lifetime from minimum (ns)  2.515991E+00
 ********************************************** 
   
 ------------------
  State1 -> State2
 ------------------
 Reorganization Energy on State2 (eV)        0.532559
 Vertical absorption energy (eV)             6.272603
 Absorption oscillator strength           4.068712E-01
 ********************************************** 
   

NOTE: Spectra resolution set to:  0.01200                                                                 
 

NOTE: To ensure exact match of TI and TD resuls, final spectral range reset to:    4.0000-                
       9.0040(eV)                                                                                         
 

 ----------------------------------------
 Refined spectral range for simulations: 
  nene       =       418
  From E(eV) =    4.0000
  To   E(eV) =    9.0040
 
 Related time-domain parameters
 (with energy shift & extended range):
  ntime =          218
  dt    =       0.7905
  tfin  =     171.9242
 Shift info (for external FT)
  dE_ext=  0.108000    
  Eshift=   3.89200    
 ----------------------------------------


NOTE: Changing Ead to optimize TD method before entering the spectrum calculation.Ead(original)=          
        5.740 (eV); Ead(shifted )=   1.848 (eV)                                                           
 


 ____________________________________________
  ============================================
  PROGRAM: td_onephoton
   Compute vibronic spectra with a harmonic 
   TD formulation                           
                                            
  References:                               
   Comput Theoret Chem, 1040--1041, 186-194 (2014)
 ____________________________________________
  ============================================
 
 SUMMARY OF CALCULATION OPTIONS
 -------------------------------
 Adiabatic Energy (eV)  :   1.8480

 Tipe of transition     : ABS-ECDNO

 Dipole aproximation    : FC-FC
 El. dipole at ref geom :   -0.226       -1.61      -0.140    

 Numerical evaluation of xi(t)
         Total time (fs):   171.924
         Nr data points : 218
         Time step (fs) :  0.790    

 Broad. function        : VOI  
 Broad. exponent (Gau)  :    7.014E-06
 Broad. order (Gau)     : 2
 Broad. exponent (Lor)  :    1.470E-03
 Broad. order (Lor)     : 1
 -------------------------------

 Computing correlation functions over 218 points

 Calling FFT with 436 points


 Entering in fft_calc subroutine (FFTW)
 Ndata: 436
 tini and tfin  -171.924     171.924

 df  2.901587352099123E-003
 dt  0.790456292826101     
 =========== tdspectra finished ===========  
 Timing...
  CPU (s) for tdspectra :       0.311
 ==========================================
                                           



===============================

 SUMMARY OF NOTES AND WARNINGS

===============================
 ---------------------------------
 7 notes raised along the run
 Look for NOTE in the output
 ---------------------------------

 
 ****************** FCclasses finished *******************
 Timing...   
  CPU (s)       0.364
 *********************************************************
 
 FCclasses finished successfully
