 
                                                    \ /               
                                              ..-'''-*-               
                                              \.-'''\ \               
      _____ _____      _                             | |              
     |  ___/  __ \    | |                         __/ /               
     | |_  | /  \/ ___| | __ _ ___ ___  ___  ___ |_  '.               
     |  _| | |    / __| |/ _` / __/ __|/ _ \/ __|   `.  \             
     | |   | \__/\ (__| | (_| \__ \__ \  __/\__ \     \ '.            
     \_|    \____/\___|_|\__,_|___/___/\___||___/      , |            
                                                       | |            
                                                      / ,'            
                                              -....--'  /             
                                              `.. __..-'              
                                                                      
 ********************************************************* 
   FCCLASSES3:                                             
   A code for vibronic simulations                         
                                                           
                                                           
 ********************************************************* 


 GIT VERSION INFO
  Commit id  : v3-1.0-2-g78ec1d1-dirty
  Commit date: 2022-07-22 10:24:13 +0200

 CURRENT RUN INFO
  Date&Time  : 2023-01-04, 22:43:47
  Input file : STDIN
  Input type : NEW



 INPUT OPTIONS:
-------------------------------
$$$
;GENERAL OPTIONS:
; NAT        = (read from structure files)
; NVIB       = (determined vibrational analysis)
PROPERTY     =   RR    
MODEL        =   VG   
DIPOLE       =   FC   
DIPDER_COORD =   CARTESIAN  
TEMP         =     0.00
DE           =   6.67480
BROADFUN     =   LOR  
HWHM         =   0.0400
RESOL        =   0.0040  ; (default: HWHM/10)
METHOD       =   TD   
ROT          =   1
SPCMIN       =     4.000
SPCMAX       =     9.000
;RESONANCE RAMAN
RR_NFIELD        =   -1
RR_FIELDMIN      =   4.000
RR_FIELDMAX      =   9.000
RR_POLAR         =   W
RR_SPEED         =   Y
RR_SINGLE_MAXEXC =   1
RR_DOUBLE_MAXEXC =   1
;VIBRATIONAL ANALYSIS
NORMALMODES  =   COMPUTE  
RM_COORD     =   NONE    
COORDS       =   CARTESIAN  
FORCE_REAL   =   YES  
;INPUT DATA FILES
STATE1_FILE  =   Thymine6311-freq.fcc
STATE2_FILE  =   Thymine6311-es5.fcc
MASS_FILE    =   
ELDIP_FILE   =   eldip_Thymine6311-es5_fchk
MAGDIP_FILE  =   magdip_Thymine6311-es5_fchk
NAC_FILE     =   
NRCOUP_FILE  =   eldip_Thymine6311-es5_fchk
HESS1_FILE   =   Thymine6311-freq.fcc
HESS2_FILE   =   Thymine6311-freq.fcc
GRAD1_FILE   =   Thymine6311-freq.fcc
GRAD2_COORD  =   CARTESIAN
GRAD2_FILE   =   Thymine6311-es5.fcc
;VERBOSE LEVEL
VERBOSE      =   1
  
-------------------------------



 ==> State 1 <==

 Geometry file: Thymine6311-freq.fcc


 Gradient file: Thymine6311-freq.fcc

NOTE: The calculation for this State will assume stationary point since the gradient is                   
      small (maximum atomic gradient:   0.000082 a.u.)                                                    
 
 Hessian file: Thymine6311-freq.fcc



 ---------------------------------------
  Check effect of symmetry operations
  on Hessian elements (or gs^t\beta)
 ---------------------------------------

 Using input geometry instead of rotating to principal axis of intertia to detect symmetry

 
 Sigma(xy) symmetry element found
 
 Symmetry operation  : 1
 Max abs difference  :   0.000000
    original value   :   0.000001
    transformed value:   0.000001
    Rel difference(%):   0.000000

 ---------------------------------------



 =========================
  ANALYSIS OF DOFs
 =========================

 => STATE 1 <=
 Geometry (Angstroms)
 15    # Nr. of atoms
   Atom       X         Y         Z      Mass
N          0.1557   -1.6591    0.0000   14.0031
C          1.3560   -0.9789    0.0000   12.0000
N          1.1960    0.3911    0.0000   14.0031
C          0.0000    1.1154    0.0000   12.0000
C         -1.2143    0.2959    0.0000   12.0000
C         -1.0736   -1.0373    0.0000   12.0000
O          2.4311   -1.5306    0.0000   15.9949
O          0.0176    2.3262    0.0000   15.9949
H          0.2303   -2.6642    0.0000    1.0078
H          2.0498    0.9339    0.0000    1.0078
C         -2.5334    1.0003    0.0000   12.0000
H         -1.9250   -1.7061    0.0000    1.0078
H         -3.3581    0.2865    0.0000    1.0078
H         -2.6281    1.6447    0.8761    1.0078
H         -2.6281    1.6447   -0.8761    1.0078
 

 ------------------------------------------------
   INERTIA TENSOR (to be multiplied by 10**5)
 ------------------------------------------------

             1           2           3
  
    1     4.28660     1.79131     0.00000
    2     1.79131     5.10120     0.00000
    3     0.00000     0.00000     9.33139
 ------------------------------------------------


 ------------------------------------------------
   ROTATIONAL CONSTANTS (AND ROTATION MATRIX)
 ------------------------------------------------

 ROOT NO.    1           2           3

    ************************************
  
    1    -0.78157     0.62381     0.00000
    2     0.62381     0.78157     0.00000
    3     0.00000     0.00000     1.00000
 ------------------------------------------------

  Rotational constants (GHz)
     3.22468     1.41060     0.98726
  Rotational temperatures (K)
     0.15476     0.06770     0.04738


 -------------------
  DOF   Dimension
 -------------------
  Vib    39
  Rot    3
  Tra    3
 -------------------


 Translating State1 to its Center of Mass
 Initial COM:       0.0649     -0.0012      0.0000


 ================================
  VIBRATIONAL ANALYSIS ON STATE1
 ================================

 ----------------------------------
   Redundant Frequencies (cm-1)
 ----------------------------------
     1    -0.00003
     2    -0.00002
     3    -0.00001
     4     0.00001
     5     0.00002
     6     0.00002
 ----------------------------------


 ------------------------
   FREQUENCIES (cm-1)
 ------------------------
     1   108.57705
     2   147.35940
     3   151.64402
     4   280.12801
     5   296.02786
     6   396.84793
     7   400.11563
     8   466.30408
     9   554.35596
    10   554.84763
    11   615.30215
    12   671.02835
    13   744.60520
    14   773.56315
    15   779.88785
    16   816.25979
    17   928.47159
    18   980.69450
    19  1033.75068
    20  1079.14556
    21  1172.72192
    22  1216.27150
    23  1248.90316
    24  1390.60174
    25  1424.55890
    26  1435.11683
    27  1448.09392
    28  1476.81320
    29  1501.54376
    30  1524.18193
    31  1740.45362
    32  1797.57259
    33  1836.22777
    34  3060.43265
    35  3120.42538
    36  3138.36607
    37  3217.67255
    38  3623.81582
    39  3667.32725
 ------------------------

 =====================
  THERMOCHEMISTRY     
 =====================
  Temperature (K):    0.00
  Pressure (atm) :    1.00
 
  Rotational constants (GHz)
     3.22468     1.41060     0.98726
  Rotational temperatures (K)
     0.15476     0.06770     0.04738
 
  Partition Functions
  qt =      0.000    
  qr =      0.000    
  qv =      0.000    
 
  Contributions to entropy
  St (cm-1/K) = -Infinity
  Sr (cm-1/K) = -Infinity
  Sv (cm-1/K) =       NaN
 
  Thermal corrections (AU)
  Zero Point Energy =   0.115777    
  Internal Energy   =   0.115777    
  Enthalpy          =   0.115777    
  Gibbs Free Energy =            NaN
 
  Thermal corrections (AU) - vibrational only
  Number of vibrations:      39
  V-internal Energy   =   0.115777    
  V-enthalpy          =   0.115777    
  V-gibbs Free Energy =            NaN


 ==> State 2 <==

 Geometry file: Thymine6311-es5.fcc


 Gradient file: Thymine6311-es5.fcc

NOTE: The calculation for this State will assume non-stationary point since the gradient                  
      is not negligible (maximum atomic gradient:   0.144416 a.u.)                                        
 
 Hessian file: Thymine6311-freq.fcc


 A RR calculation  will be performed
 RESETTING OPTRANS TO ABS
 RESETTING OPTRANS1 TO ECDNO


 =========================
  ANALYSIS OF DOFs
 =========================

 => STATE 2 <=
 Geometry (Angstroms)
 15    # Nr. of atoms
   Atom       X         Y         Z      Mass
N          0.1557   -1.6591    0.0000   14.0031
C          1.3560   -0.9789    0.0000   12.0000
N          1.1960    0.3911    0.0000   14.0031
C          0.0000    1.1154    0.0000   12.0000
C         -1.2143    0.2959    0.0000   12.0000
C         -1.0736   -1.0373    0.0000   12.0000
O          2.4311   -1.5306    0.0000   15.9949
O          0.0176    2.3262    0.0000   15.9949
H          0.2303   -2.6642    0.0000    1.0078
H          2.0498    0.9339    0.0000    1.0078
C         -2.5334    1.0003    0.0000   12.0000
H         -1.9250   -1.7061    0.0000    1.0078
H         -3.3581    0.2865    0.0000    1.0078
H         -2.6281    1.6447    0.8761    1.0078
H         -2.6281    1.6447   -0.8761    1.0078
 

 ------------------------------------------------
   INERTIA TENSOR (to be multiplied by 10**5)
 ------------------------------------------------

             1           2           3
  
    1     4.28660     1.79131     0.00000
    2     1.79131     5.10120     0.00000
    3     0.00000     0.00000     9.33139
 ------------------------------------------------


 ------------------------------------------------
   ROTATIONAL CONSTANTS (AND ROTATION MATRIX)
 ------------------------------------------------

 ROOT NO.    1           2           3

    ************************************
  
    1    -0.78157     0.62381     0.00000
    2     0.62381     0.78157     0.00000
    3     0.00000     0.00000     1.00000
 ------------------------------------------------

  Rotational constants (GHz)
     3.22468     1.41060     0.98726
  Rotational temperatures (K)
     0.15476     0.06770     0.04738


 -------------------
  DOF   Dimension
 -------------------
  Vib    39
  Rot    3
  Tra    3
 -------------------


 Translating State2 to its Center of Mass
 Initial COM:       0.0649     -0.0012      0.0000


 ================================
  VIBRATIONAL ANALYSIS ON STATE2
 ================================

Normal modes read from State1 for VG


 ------------------------
   FREQUENCIES (cm-1)
 ------------------------
     1   108.57705
     2   147.35940
     3   151.64402
     4   280.12801
     5   296.02786
     6   396.84793
     7   400.11563
     8   466.30408
     9   554.35596
    10   554.84763
    11   615.30215
    12   671.02835
    13   744.60520
    14   773.56315
    15   779.88785
    16   816.25979
    17   928.47159
    18   980.69450
    19  1033.75068
    20  1079.14556
    21  1172.72192
    22  1216.27150
    23  1248.90316
    24  1390.60174
    25  1424.55890
    26  1435.11683
    27  1448.09392
    28  1476.81320
    29  1501.54376
    30  1524.18193
    31  1740.45362
    32  1797.57259
    33  1836.22777
    34  3060.43265
    35  3120.42538
    36  3138.36607
    37  3217.67255
    38  3623.81582
    39  3667.32725
 ------------------------


 -------------------------------------
   State2 Gradient (Q1-space) x1e5
 -------------------------------------
     1     0.00000
     2    -0.00000
     3    -0.00000
     4     1.63289
     5    -0.00000
     6    10.11632
     7    -0.00000
     8     1.07245
     9    -3.53417
    10    -0.00000
    11    -8.44305
    12    -0.00000
    13     0.21792
    14    -0.00000
    15     0.00000
    16     9.79890
    17     0.00000
    18   -11.42022
    19    13.09844
    20     0.00000
    21    17.14858
    22   -25.57290
    23    -1.93948
    24    17.34429
    25    23.55674
    26    24.58796
    27   -67.73009
    28     0.00000
    29   -16.58960
    30   -66.66864
    31    25.29871
    32    77.06466
    33   -46.45632
    34     3.97002
    35     0.00000
    36     1.82100
    37    18.10568
    38   -11.72290
    39     1.79153
 -------------------------------------




                 ASSIGNMENTS AND ANALYSIS OF 1 WITH RESPECT TO 2
 STATE 1                              MODES STATE 2
IND DEF    FREQUENCY     SHIFT    I21 C21  I22 C22   I23 C23     FR(I21)  I90 I95 I99
   1  P      108.58    -0.00000    1 1.00    2 0.00    3 0.00       0.00   1   1   1
   2  P      147.36     0.00000    2 1.00    1 0.00    3 0.00       0.00   1   1   1
   3  P      151.64     0.00000    3 1.00    2 0.00    1 0.00       0.00   1   1   1
   4  P      280.13   -10.02334    4 1.00    2 0.00    3 0.00       0.00   1   1   1
   5  P      296.03     0.00000    5 1.00    2 0.00    3 0.00       0.00   1   1   1
   6  P      396.85   -30.94162    6 1.00    2 0.00    3 0.00       0.00   1   1   1
   7  P      400.12     0.00000    7 1.00    2 0.00    3 0.00       0.00   1   1   1
   8  P      466.30    -2.37579    8 1.00    2 0.00    3 0.00       0.00   1   1   1
   9  P      554.36     5.53960    9 1.00    2 0.00    3 0.00       0.00   1   1   1
  10  P      554.85     0.00000   10 1.00    2 0.00    3 0.00       0.00   1   1   1
  11  P      615.30    10.74215   11 1.00    2 0.00    3 0.00       0.00   1   1   1
  12  P      671.03     0.00000   12 1.00    2 0.00    3 0.00       0.00   1   1   1
  13  P      744.61    -0.18933   13 1.00    2 0.00    3 0.00       0.00   1   1   1
  14  P      773.56     0.00000   14 1.00    2 0.00    3 0.00       0.00   1   1   1
  15  P      779.89    -0.00000   15 1.00    2 0.00    3 0.00       0.00   1   1   1
  16  P      816.26    -7.08417   16 1.00    2 0.00    3 0.00       0.00   1   1   1
  17  P      928.47    -0.00000   17 1.00    2 0.00    3 0.00       0.00   1   1   1
  18  P      980.69     5.71973   18 1.00    2 0.00    3 0.00       0.00   1   1   1
  19  P     1033.75    -5.90414   19 1.00    2 0.00    3 0.00       0.00   1   1   1
  20  P     1079.15    -0.00000   20 1.00    2 0.00    3 0.00       0.00   1   1   1
  21  P     1172.72    -6.00630   21 1.00    2 0.00    3 0.00       0.00   1   1   1
  22  P     1216.27     8.32698   22 1.00    2 0.00    3 0.00       0.00   1   1   1
  23  P     1248.90     0.59896   23 1.00    2 0.00    3 0.00       0.00   1   1   1
  24  P     1390.60    -4.32036   24 1.00    2 0.00    3 0.00       0.00   1   1   1
  25  P     1424.56    -5.59143   25 1.00    2 0.00    3 0.00       0.00   1   1   1
  26  P     1435.12    -5.75065   26 1.00    2 0.00    3 0.00       0.00   1   1   1
  27  P     1448.09    15.55811   27 1.00    2 0.00    3 0.00       0.00   1   1   1
  28  P     1476.81    -0.00000   28 1.00    2 0.00    3 0.00       0.00   1   1   1
  29  P     1501.54     3.54428   29 1.00    2 0.00    3 0.00       0.00   1   1   1
  30  P     1524.18    13.82345   30 1.00    2 0.00    3 0.00       0.00   1   1   1
  31  P     1740.45    -4.02293   31 1.00    2 0.00    3 0.00       0.00   1   1   1
  32  P     1797.57   -11.48818   32 1.00    2 0.00    3 0.00       0.00   1   1   1
  33  P     1836.23     6.63682   33 1.00    2 0.00    3 0.00       0.00   1   1   1
  34  P     3060.43    -0.20417   34 1.00    2 0.00    3 0.00       0.00   1   1   1
  35  P     3120.43    -0.00000   35 1.00    2 0.00    3 0.00       0.00   1   1   1
  36  P     3138.37    -0.08906   36 1.00    2 0.00    3 0.00       0.00   1   1   1
  37  P     3217.67    -0.84236   37 1.00    2 0.00    3 0.00       0.00   1   1   1
  38  P     3623.82     0.43000   38 1.00    2 0.00    3 0.00       0.00   1   1   1
  39  P     3667.33    -0.06416   39 1.00    2 0.00    3 0.00       0.00   1   1   1
   
 *********************************************************** 
  
  AVERAGE MAX PROJECTION     1.000000    St Dev   0.000000
  AVERAGE FREQ DIFF          0.000000    St Dev   0.000000
  AVERAGE ABS FREQ DIFF      0.000000    St Dev   0.000000
  AVERAGE ABS DISPLACE      -0.614818    St Dev   7.408009
  SUM DISPL**2            2155.007242
  
 *********************************************************** 
  



                 ASSIGNMENTS AND ANALYSIS OF 2 WITH RESPECT TO 1
 STATE 2                              MODES STATE 1
IND DEF    FREQUENCY     SHIFT    I11 C11  I12 C12   I13 C13     FR(I11)  I90 I95 I99
   1  P      108.58     0.00000    1 1.00    2 0.00    3 0.00       0.00   1   1   1
   2  P      147.36    -0.00000    2 1.00    1 0.00    3 0.00       0.00   1   1   1
   3  P      151.64    -0.00000    3 1.00    2 0.00    1 0.00       0.00   1   1   1
   4  P      280.13    10.02334    4 1.00    2 0.00    3 0.00       0.00   1   1   1
   5  P      296.03    -0.00000    5 1.00    2 0.00    3 0.00       0.00   1   1   1
   6  P      396.85    30.94162    6 1.00    2 0.00    3 0.00       0.00   1   1   1
   7  P      400.12    -0.00000    7 1.00    2 0.00    3 0.00       0.00   1   1   1
   8  P      466.30     2.37579    8 1.00    2 0.00    3 0.00       0.00   1   1   1
   9  P      554.36    -5.53960    9 1.00    2 0.00    3 0.00       0.00   1   1   1
  10  P      554.85    -0.00000   10 1.00    2 0.00    3 0.00       0.00   1   1   1
  11  P      615.30   -10.74215   11 1.00    2 0.00    3 0.00       0.00   1   1   1
  12  P      671.03    -0.00000   12 1.00    2 0.00    3 0.00       0.00   1   1   1
  13  P      744.61     0.18933   13 1.00    2 0.00    3 0.00       0.00   1   1   1
  14  P      773.56    -0.00000   14 1.00    2 0.00    3 0.00       0.00   1   1   1
  15  P      779.89     0.00000   15 1.00    2 0.00    3 0.00       0.00   1   1   1
  16  P      816.26     7.08417   16 1.00    2 0.00    3 0.00       0.00   1   1   1
  17  P      928.47     0.00000   17 1.00    2 0.00    3 0.00       0.00   1   1   1
  18  P      980.69    -5.71973   18 1.00    2 0.00    3 0.00       0.00   1   1   1
  19  P     1033.75     5.90414   19 1.00    2 0.00    3 0.00       0.00   1   1   1
  20  P     1079.15     0.00000   20 1.00    2 0.00    3 0.00       0.00   1   1   1
  21  P     1172.72     6.00630   21 1.00    2 0.00    3 0.00       0.00   1   1   1
  22  P     1216.27    -8.32698   22 1.00    2 0.00    3 0.00       0.00   1   1   1
  23  P     1248.90    -0.59896   23 1.00    2 0.00    3 0.00       0.00   1   1   1
  24  P     1390.60     4.32036   24 1.00    2 0.00    3 0.00       0.00   1   1   1
  25  P     1424.56     5.59143   25 1.00    2 0.00    3 0.00       0.00   1   1   1
  26  P     1435.12     5.75065   26 1.00    2 0.00    3 0.00       0.00   1   1   1
  27  P     1448.09   -15.55811   27 1.00    2 0.00    3 0.00       0.00   1   1   1
  28  P     1476.81     0.00000   28 1.00    2 0.00    3 0.00       0.00   1   1   1
  29  P     1501.54    -3.54428   29 1.00    2 0.00    3 0.00       0.00   1   1   1
  30  P     1524.18   -13.82345   30 1.00    2 0.00    3 0.00       0.00   1   1   1
  31  P     1740.45     4.02293   31 1.00    2 0.00    3 0.00       0.00   1   1   1
  32  P     1797.57    11.48818   32 1.00    2 0.00    3 0.00       0.00   1   1   1
  33  P     1836.23    -6.63682   33 1.00    2 0.00    3 0.00       0.00   1   1   1
  34  P     3060.43     0.20417   34 1.00    2 0.00    3 0.00       0.00   1   1   1
  35  P     3120.43     0.00000   35 1.00    2 0.00    3 0.00       0.00   1   1   1
  36  P     3138.37     0.08906   36 1.00    2 0.00    3 0.00       0.00   1   1   1
  37  P     3217.67     0.84236   37 1.00    2 0.00    3 0.00       0.00   1   1   1
  38  P     3623.82    -0.43000   38 1.00    2 0.00    3 0.00       0.00   1   1   1
  39  P     3667.33     0.06416   39 1.00    2 0.00    3 0.00       0.00   1   1   1
   
 *********************************************************** 
  
  AVERAGE MAX PROJECTION     1.000000    St Dev   0.000000
  AVERAGE FREQ DIFF          0.000000    St Dev   0.000000
  AVERAGE ABS FREQ DIFF      0.000000    St Dev   0.000000
  AVERAGE ABS DISPLACE       0.614818    St Dev   7.408009
  SUM DISPL**2            2155.007242
  
 *********************************************************** 
  

 ADDITIONAL ANALYSIS ON DUSCHINSKY MATRIX
 ----------------------------------------
  Determinant:     1.0000

  ** A = GM·GMT **
  Det(A)     :     1.0000
  Trace(A)   :    39.0000
  Det(A-I)   :     0.0000
  Trace(A-I) :     0.0000
 ----------------------------------------

   
   
 STATE1 MODES SORTED BY DECREASING DIMENSIONLESS SHIFT
   IND    MODE    FREQUENCY DIMENSIONLESS SHIFT
     1       6     396.84793      -0.13157E+01
     2      27    1448.09392       0.12638E+01
     3      30    1524.18193       0.11520E+01
     4      32    1797.57259      -0.10397E+01
     5      22    1216.27150       0.61988E+00
     6      33    1836.22777       0.60706E+00
     7      11     615.30215       0.56878E+00
     8      26    1435.11683      -0.46502E+00
     9      25    1424.55890      -0.45048E+00
    10      21    1172.72192      -0.43905E+00
    11      16     816.25979      -0.43203E+00
    12      19    1033.75068      -0.40520E+00
    13      18     980.69450       0.38234E+00
    14      31    1740.45362      -0.35825E+00
    15       4     280.12801      -0.35810E+00
    16      24    1390.60174      -0.34390E+00
    17      29    1501.54376       0.29316E+00
    18       9     554.35596       0.27841E+00
    19       8     466.30408      -0.10951E+00
    20      37    3217.67255      -0.10199E+00
    21      38    3623.81582       0.55254E-01
    22      23    1248.90316       0.45182E-01
    23      34    3060.43265      -0.24110E-01
    24      13     744.60520      -0.11028E-01
    25      36    3138.36607      -0.10650E-01
    26      39    3667.32725      -0.82942E-02
    27       7     400.11563       0.27249E-09
    28       3     151.64402       0.28198E-10
    29      10     554.84763       0.23510E-10
    30      28    1476.81320      -0.22560E-10
    31       2     147.35940       0.13672E-10
    32      17     928.47159      -0.96126E-11
    33       1     108.57705      -0.46713E-11
    34      15     779.88785      -0.38972E-11
    35      12     671.02835       0.31568E-11
    36      20    1079.14556      -0.30737E-11
    37       5     296.02786       0.25518E-11
    38      14     773.56315       0.89307E-12
    39      35    3120.42538      -0.80450E-12
   
   
 MODES OF STATE1 IN ORDER OF DECREASING FR COUPL
 ESTIMATED BY THE MAGNITUDE OF THE 0-0 INTEGRAL
   IND    MODE1  FREQ   MODE2 FR    FR. SHIFT INV0-0
     1     1   108.57705         1   108.57705         0.00000         1.00000
     2     2   147.35940         2   147.35940         0.00000         1.00000
     3     3   151.64402         3   151.64402         0.00000         1.00000
     4     4   280.12801         4   280.12801         0.00000         1.00000
     5     5   296.02786         5   296.02786         0.00000         1.00000
     6     6   396.84793         6   396.84793         0.00000         1.00000
     7     7   400.11563         7   400.11563         0.00000         1.00000
     8     8   466.30408         8   466.30408         0.00000         1.00000
     9     9   554.35596         9   554.35596         0.00000         1.00000
    10    10   554.84763        10   554.84763         0.00000         1.00000
    11    11   615.30215        11   615.30215         0.00000         1.00000
    12    12   671.02835        12   671.02835         0.00000         1.00000
    13    13   744.60520        13   744.60520         0.00000         1.00000
    14    14   773.56315        14   773.56315         0.00000         1.00000
    15    15   779.88785        15   779.88785         0.00000         1.00000
    16    16   816.25979        16   816.25979         0.00000         1.00000
    17    17   928.47159        17   928.47159         0.00000         1.00000
    18    18   980.69450        18   980.69450         0.00000         1.00000
    19    19  1033.75068        19  1033.75068         0.00000         1.00000
    20    20  1079.14556        20  1079.14556         0.00000         1.00000
    21    21  1172.72192        21  1172.72192         0.00000         1.00000
    22    22  1216.27150        22  1216.27150         0.00000         1.00000
    23    23  1248.90316        23  1248.90316         0.00000         1.00000
    24    24  1390.60174        24  1390.60174         0.00000         1.00000
    25    25  1424.55890        25  1424.55890         0.00000         1.00000
    26    26  1435.11683        26  1435.11683         0.00000         1.00000
    27    27  1448.09392        27  1448.09392         0.00000         1.00000
    28    28  1476.81320        28  1476.81320         0.00000         1.00000
    29    29  1501.54376        29  1501.54376         0.00000         1.00000
    30    30  1524.18193        30  1524.18193         0.00000         1.00000
    31    31  1740.45362        31  1740.45362         0.00000         1.00000
    32    32  1797.57259        32  1797.57259         0.00000         1.00000
    33    33  1836.22777        33  1836.22777         0.00000         1.00000
    34    34  3060.43265        34  3060.43265         0.00000         1.00000
    35    35  3120.42538        35  3120.42538         0.00000         1.00000
    36    36  3138.36607        36  3138.36607         0.00000         1.00000
    37    37  3217.67255        37  3217.67255         0.00000         1.00000
    38    38  3623.81582        38  3623.81582         0.00000         1.00000
    39    39  3667.32725        39  3667.32725         0.00000         1.00000
   
   
   
   
 STATE2 MODES SORTED BY DECREASING DIMENSIONLESS SHIFT
   IND    MODE    FREQUENCY DIMENSIONLESS SHIFT
     1       6     396.84793       0.13157E+01
     2      27    1448.09392      -0.12638E+01
     3      30    1524.18193      -0.11520E+01
     4      32    1797.57259       0.10397E+01
     5      22    1216.27150      -0.61988E+00
     6      33    1836.22777      -0.60706E+00
     7      11     615.30215      -0.56878E+00
     8      26    1435.11683       0.46502E+00
     9      25    1424.55890       0.45048E+00
    10      21    1172.72192       0.43905E+00
    11      16     816.25979       0.43203E+00
    12      19    1033.75068       0.40520E+00
    13      18     980.69450      -0.38234E+00
    14      31    1740.45362       0.35825E+00
    15       4     280.12801       0.35810E+00
    16      24    1390.60174       0.34390E+00
    17      29    1501.54376      -0.29316E+00
    18       9     554.35596      -0.27841E+00
    19       8     466.30408       0.10951E+00
    20      37    3217.67255       0.10199E+00
    21      38    3623.81582      -0.55254E-01
    22      23    1248.90316      -0.45182E-01
    23      34    3060.43265       0.24110E-01
    24      13     744.60520       0.11028E-01
    25      36    3138.36607       0.10650E-01
    26      39    3667.32725       0.82942E-02
    27       7     400.11563      -0.27249E-09
    28       3     151.64402      -0.28198E-10
    29      10     554.84763      -0.23510E-10
    30      28    1476.81320       0.22560E-10
    31       2     147.35940      -0.13672E-10
    32      17     928.47159       0.96126E-11
    33       1     108.57705       0.46713E-11
    34      15     779.88785       0.38972E-11
    35      12     671.02835      -0.31568E-11
    36      20    1079.14556       0.30737E-11
    37       5     296.02786      -0.25518E-11
    38      14     773.56315      -0.89307E-12
    39      35    3120.42538       0.80450E-12
   
   
 MODES OF STATE2 IN ORDER OF DECREASING FR COUPL
 ESTIMATED BY THE MAGNITUDE OF THE 0-0 INTEGRAL
   IND    MODE2  FREQ   MODE1 FR    FR. SHIFT INV0-0
     1     1   108.57705         1   108.57705         0.00000         1.00000
     2     2   147.35940         2   147.35940         0.00000         1.00000
     3     3   151.64402         3   151.64402         0.00000         1.00000
     4     4   280.12801         4   280.12801         0.00000         1.00000
     5     5   296.02786         5   296.02786         0.00000         1.00000
     6     6   396.84793         6   396.84793         0.00000         1.00000
     7     7   400.11563         7   400.11563         0.00000         1.00000
     8     8   466.30408         8   466.30408         0.00000         1.00000
     9     9   554.35596         9   554.35596         0.00000         1.00000
    10    10   554.84763        10   554.84763         0.00000         1.00000
    11    11   615.30215        11   615.30215         0.00000         1.00000
    12    12   671.02835        12   671.02835         0.00000         1.00000
    13    13   744.60520        13   744.60520         0.00000         1.00000
    14    14   773.56315        14   773.56315         0.00000         1.00000
    15    15   779.88785        15   779.88785         0.00000         1.00000
    16    16   816.25979        16   816.25979         0.00000         1.00000
    17    17   928.47159        17   928.47159         0.00000         1.00000
    18    18   980.69450        18   980.69450         0.00000         1.00000
    19    19  1033.75068        19  1033.75068         0.00000         1.00000
    20    20  1079.14556        20  1079.14556         0.00000         1.00000
    21    21  1172.72192        21  1172.72192         0.00000         1.00000
    22    22  1216.27150        22  1216.27150         0.00000         1.00000
    23    23  1248.90316        23  1248.90316         0.00000         1.00000
    24    24  1390.60174        24  1390.60174         0.00000         1.00000
    25    25  1424.55890        25  1424.55890         0.00000         1.00000
    26    26  1435.11683        26  1435.11683         0.00000         1.00000
    27    27  1448.09392        27  1448.09392         0.00000         1.00000
    28    28  1476.81320        28  1476.81320         0.00000         1.00000
    29    29  1501.54376        29  1501.54376         0.00000         1.00000
    30    30  1524.18193        30  1524.18193         0.00000         1.00000
    31    31  1740.45362        31  1740.45362         0.00000         1.00000
    32    32  1797.57259        32  1797.57259         0.00000         1.00000
    33    33  1836.22777        33  1836.22777         0.00000         1.00000
    34    34  3060.43265        34  3060.43265         0.00000         1.00000
    35    35  3120.42538        35  3120.42538         0.00000         1.00000
    36    36  3138.36607        36  3138.36607         0.00000         1.00000
    37    37  3217.67255        37  3217.67255         0.00000         1.00000
    38    38  3623.81582        38  3623.81582         0.00000         1.00000
    39    39  3667.32725        39  3667.32725         0.00000         1.00000
   
   
  
  
 DIMENSIONLESS SHIFTS 
   IND     STATE1       STATE2
     1    -0.46713E-11     0.46713E-11
     2     0.13672E-10    -0.13672E-10
     3     0.28198E-10    -0.28198E-10
     4    -0.35810E+00     0.35810E+00
     5     0.25518E-11    -0.25518E-11
     6    -0.13157E+01     0.13157E+01
     7     0.27249E-09    -0.27249E-09
     8    -0.10951E+00     0.10951E+00
     9     0.27841E+00    -0.27841E+00
    10     0.23510E-10    -0.23510E-10
    11     0.56878E+00    -0.56878E+00
    12     0.31568E-11    -0.31568E-11
    13    -0.11028E-01     0.11028E-01
    14     0.89307E-12    -0.89307E-12
    15    -0.38972E-11     0.38972E-11
    16    -0.43203E+00     0.43203E+00
    17    -0.96126E-11     0.96126E-11
    18     0.38234E+00    -0.38234E+00
    19    -0.40520E+00     0.40520E+00
    20    -0.30737E-11     0.30737E-11
    21    -0.43905E+00     0.43905E+00
    22     0.61988E+00    -0.61988E+00
    23     0.45182E-01    -0.45182E-01
    24    -0.34390E+00     0.34390E+00
    25    -0.45048E+00     0.45048E+00
    26    -0.46502E+00     0.46502E+00
    27     0.12638E+01    -0.12638E+01
    28    -0.22560E-10     0.22560E-10
    29     0.29316E+00    -0.29316E+00
    30     0.11520E+01    -0.11520E+01
    31    -0.35825E+00     0.35825E+00
    32    -0.10397E+01     0.10397E+01
    33     0.60706E+00    -0.60706E+00
    34    -0.24110E-01     0.24110E-01
    35    -0.80450E-12     0.80450E-12
    36    -0.10650E-01     0.10650E-01
    37    -0.10199E+00     0.10199E+00
    38     0.55254E-01    -0.55254E-01
    39    -0.82942E-02     0.82942E-02
  SUM SQUARED DIMENSIONLESS DISPL STATE1        8.4881
  SUM SQUARED DIMENSIONLESS DISPL STATE2        8.4881
  VALUE STATE1 GROUND VIB WAVEFUN AT GEO2       0.0143
  VALUE STATE2 GROUND VIB WAVEFUN AT GEO1       0.0143
  VALUE STATE1 GROUND VIB WAVEFUN AT (GEO1+GEO2)/2      0.3461
  VALUE STATE2 GROUND VIB WAVEFUN AT (GEO1+GEO2)/2      0.3461

 Printing Duschinski matrix to 'duschinsky.dat'


 Printing Shift vector to 'displacement.dat'


NOTE: DE read from input:   6.675 (eV)                                                                    
 


 ===========================
  REORGANIZATION ENERGY
 ===========================
     0.023352  (Hartree)
     0.635443  (eV)


 ------------------------------------------------------
 Extrapolation form (generalized) vertical point:
 ------------------------------------------------------
 Extrapolated vertical energy:        6.67480  (eV)
 Extrapolated adiabatic energy:       6.67480  (eV)
 Extrapolated reorg. energy   :       0.00000  (eV)
 ------------------------------------------------------



 ===============================
  ZERO-POINT ENERGY CORRECTIONS 
 ===============================


                    ZERO POINT ENERGY IN CM-1
    E01=     25410.01    E02=     25410.01


                    0-0 ENERGY DIFFERENCE
       6.03936 eV


                    ADIABATIC ENERGY     
       6.03936 eV




 ====================

  TRANSITION DIPOLES 

 ====================
 Model for tr. dipoles: FC
 Reading electric dipole file: eldip_Thymine6311-es5_fchk
 


 ================= 
  TRANSITION INFO  
 ================= 
            DATA FOR VERTICAL TRANSITION 
  electric transition dipoles (au) at initial GEO 1
            0.13580278   -0.56227072   -0.00000000
  electric transition dipoles (au) at initial GEO 2
            0.13580278   -0.56227072   -0.00000000
  Square tr dipoles: geo1  0.33459076  geo2   0.33459076  Diff (d1-d2)/d1    0.0000 %
   
 ------------------
  State2 -> State1
 ------------------
 Reorganization Energy (eV) on State1        0.635444
 Vertical emission energy (eV)               5.403916
 Fluorescence lifetime from minimum (ns)  1.781577E+01
 ********************************************** 
   
 ------------------
  State1 -> State2
 ------------------
 Reorganization Energy on State2 (eV)        0.635444
 Vertical absorption energy (eV)             6.674803
 Absorption oscillator strength           5.471549E-02
 ********************************************** 
   

NOTE: Spectra resolution set to:  0.00400                                                                 
 

NOTE: To ensure exact match of TI and TD resuls, final spectral range reset to:    4.0000-                
       9.0000(eV)                                                                                         
 

 ----------------------------------------
 Refined spectral range for simulations: 
  nene       =      1251
  From E(eV) =    4.0000
  To   E(eV) =    9.0000
 
 Related time-domain parameters
 (with energy shift & extended range):
  ntime =          652
  dt    =       0.7929
  tfin  =     516.5620
 Shift info (for external FT)
  dE_ext=  0.104000    
  Eshift=   3.89600    
 ----------------------------------------


NOTE: Changing Ead to optimize TD method before entering the spectrum calculation.Ead(original)=          
        6.039 (eV); Ead(shifted )=   2.143 (eV)                                                           
 


Computing RR 2D spectrum (TD)
-----------------------------

 SUMMARY OF CALCULATION OPTIONS
 -------------------------------
 Adiabatic Energy (eV)  :   6.0394
 Shifted Ad. Energy (eV):   2.1434

 Tipe of transition     : ABS-ECDNO

 Dipole aproximation    : FC-FC
 El. dipole at ref geom :    0.136      -0.562      -0.832E-15

 Numerical evaluation of xi(t)
         Total time (fs):   516.562
         Nr data points : 652
         Time step (fs) :  0.793    

 Broad. function        : LOR  
 Broad. exponent        :    1.470E-03
 Broad. order           : 1
 -------------------------------

 Computing correlation functions over 652 points



RAILEIGH BAND
-------------------

 Final osc. energy (cm-1) =     0.000


 ____________________________________________
  ============================================
  PROGRAM: td_rr_00
   RR 0->0 band at 0K with a harmonic 
   TD formulation                           
 ____________________________________________
  ============================================
 


* (rho,sigma = 1 1) *
 Calling FFT with 1304 points

 Fourie-Transform with: fft_calc subroutine (FFTW)
 =========== tdspectra finished ===========  
 Timing...
  CPU (s) for tdspectra :       0.215
 ==========================================
                                           

NOTE: FOUND POINT OF THE SCAN CLOSEST TO THE ABS MAX                                                      
 
 Ebest(eV) =     6.68
 Evert(eV) =     6.67



FUNDAMENTAL BANDS
-------------------



** Computing band for mode 1 **
 Final osc. energy (cm-1) =   108.577


 ____________________________________________
  ============================================
  PROGRAM: td_rr_1k
   RR fundamentals at 0K with a harmonic 
   TD formulation                           
 ____________________________________________
  ============================================
 


* (rho,sigma = 1 1) *
 Calling FFT with 1304 points

 Fourie-Transform with: fft_calc subroutine (FFTW)
 =========== tdspectra finished ===========  
 Timing...
  CPU (s) for tdspectra :       0.187
 ==========================================
                                           


** Computing band for mode 2 **
 Final osc. energy (cm-1) =   147.359


 ____________________________________________
  ============================================
  PROGRAM: td_rr_1k
   RR fundamentals at 0K with a harmonic 
   TD formulation                           
 ____________________________________________
  ============================================
 


* (rho,sigma = 1 1) *
 Calling FFT with 1304 points

 Fourie-Transform with: fft_calc subroutine (FFTW)
 =========== tdspectra finished ===========  
 Timing...
  CPU (s) for tdspectra :       0.189
 ==========================================
                                           


** Computing band for mode 3 **
 Final osc. energy (cm-1) =   151.644


 ____________________________________________
  ============================================
  PROGRAM: td_rr_1k
   RR fundamentals at 0K with a harmonic 
   TD formulation                           
 ____________________________________________
  ============================================
 


* (rho,sigma = 1 1) *
 Calling FFT with 1304 points

 Fourie-Transform with: fft_calc subroutine (FFTW)
 =========== tdspectra finished ===========  
 Timing...
  CPU (s) for tdspectra :       0.187
 ==========================================
                                           


** Computing band for mode 4 **
 Final osc. energy (cm-1) =   280.128


 ____________________________________________
  ============================================
  PROGRAM: td_rr_1k
   RR fundamentals at 0K with a harmonic 
   TD formulation                           
 ____________________________________________
  ============================================
 


* (rho,sigma = 1 1) *
 Calling FFT with 1304 points

 Fourie-Transform with: fft_calc subroutine (FFTW)
 =========== tdspectra finished ===========  
 Timing...
  CPU (s) for tdspectra :       0.187
 ==========================================
                                           


** Computing band for mode 5 **
 Final osc. energy (cm-1) =   296.028


 ____________________________________________
  ============================================
  PROGRAM: td_rr_1k
   RR fundamentals at 0K with a harmonic 
   TD formulation                           
 ____________________________________________
  ============================================
 


* (rho,sigma = 1 1) *
 Calling FFT with 1304 points

 Fourie-Transform with: fft_calc subroutine (FFTW)
 =========== tdspectra finished ===========  
 Timing...
  CPU (s) for tdspectra :       0.187
 ==========================================
                                           


** Computing band for mode 6 **
 Final osc. energy (cm-1) =   396.848


 ____________________________________________
  ============================================
  PROGRAM: td_rr_1k
   RR fundamentals at 0K with a harmonic 
   TD formulation                           
 ____________________________________________
  ============================================
 


* (rho,sigma = 1 1) *
 Calling FFT with 1304 points

 Fourie-Transform with: fft_calc subroutine (FFTW)
 =========== tdspectra finished ===========  
 Timing...
  CPU (s) for tdspectra :       0.187
 ==========================================
                                           


** Computing band for mode 7 **
 Final osc. energy (cm-1) =   400.116


 ____________________________________________
  ============================================
  PROGRAM: td_rr_1k
   RR fundamentals at 0K with a harmonic 
   TD formulation                           
 ____________________________________________
  ============================================
 


* (rho,sigma = 1 1) *
 Calling FFT with 1304 points

 Fourie-Transform with: fft_calc subroutine (FFTW)
 =========== tdspectra finished ===========  
 Timing...
  CPU (s) for tdspectra :       0.187
 ==========================================
                                           


** Computing band for mode 8 **
 Final osc. energy (cm-1) =   466.304


 ____________________________________________
  ============================================
  PROGRAM: td_rr_1k
   RR fundamentals at 0K with a harmonic 
   TD formulation                           
 ____________________________________________
  ============================================
 


* (rho,sigma = 1 1) *
 Calling FFT with 1304 points

 Fourie-Transform with: fft_calc subroutine (FFTW)
 =========== tdspectra finished ===========  
 Timing...
  CPU (s) for tdspectra :       0.187
 ==========================================
                                           


** Computing band for mode 9 **
 Final osc. energy (cm-1) =   554.356


 ____________________________________________
  ============================================
  PROGRAM: td_rr_1k
   RR fundamentals at 0K with a harmonic 
   TD formulation                           
 ____________________________________________
  ============================================
 


* (rho,sigma = 1 1) *
 Calling FFT with 1304 points

 Fourie-Transform with: fft_calc subroutine (FFTW)
 =========== tdspectra finished ===========  
 Timing...
  CPU (s) for tdspectra :       0.175
 ==========================================
                                           


** Computing band for mode 10 **
 Final osc. energy (cm-1) =   554.848


 ____________________________________________
  ============================================
  PROGRAM: td_rr_1k
   RR fundamentals at 0K with a harmonic 
   TD formulation                           
 ____________________________________________
  ============================================
 


* (rho,sigma = 1 1) *
 Calling FFT with 1304 points

 Fourie-Transform with: fft_calc subroutine (FFTW)
 =========== tdspectra finished ===========  
 Timing...
  CPU (s) for tdspectra :       0.168
 ==========================================
                                           


** Computing band for mode 11 **
 Final osc. energy (cm-1) =   615.302


 ____________________________________________
  ============================================
  PROGRAM: td_rr_1k
   RR fundamentals at 0K with a harmonic 
   TD formulation                           
 ____________________________________________
  ============================================
 


* (rho,sigma = 1 1) *
 Calling FFT with 1304 points

 Fourie-Transform with: fft_calc subroutine (FFTW)
 =========== tdspectra finished ===========  
 Timing...
  CPU (s) for tdspectra :       0.168
 ==========================================
                                           


** Computing band for mode 12 **
 Final osc. energy (cm-1) =   671.028


 ____________________________________________
  ============================================
  PROGRAM: td_rr_1k
   RR fundamentals at 0K with a harmonic 
   TD formulation                           
 ____________________________________________
  ============================================
 


* (rho,sigma = 1 1) *
 Calling FFT with 1304 points

 Fourie-Transform with: fft_calc subroutine (FFTW)
 =========== tdspectra finished ===========  
 Timing...
  CPU (s) for tdspectra :       0.168
 ==========================================
                                           


** Computing band for mode 13 **
 Final osc. energy (cm-1) =   744.605


 ____________________________________________
  ============================================
  PROGRAM: td_rr_1k
   RR fundamentals at 0K with a harmonic 
   TD formulation                           
 ____________________________________________
  ============================================
 


* (rho,sigma = 1 1) *
 Calling FFT with 1304 points

 Fourie-Transform with: fft_calc subroutine (FFTW)
 =========== tdspectra finished ===========  
 Timing...
  CPU (s) for tdspectra :       0.168
 ==========================================
                                           


** Computing band for mode 14 **
 Final osc. energy (cm-1) =   773.563


 ____________________________________________
  ============================================
  PROGRAM: td_rr_1k
   RR fundamentals at 0K with a harmonic 
   TD formulation                           
 ____________________________________________
  ============================================
 


* (rho,sigma = 1 1) *
 Calling FFT with 1304 points

 Fourie-Transform with: fft_calc subroutine (FFTW)
 =========== tdspectra finished ===========  
 Timing...
  CPU (s) for tdspectra :       0.168
 ==========================================
                                           


** Computing band for mode 15 **
 Final osc. energy (cm-1) =   779.888


 ____________________________________________
  ============================================
  PROGRAM: td_rr_1k
   RR fundamentals at 0K with a harmonic 
   TD formulation                           
 ____________________________________________
  ============================================
 


* (rho,sigma = 1 1) *
 Calling FFT with 1304 points

 Fourie-Transform with: fft_calc subroutine (FFTW)
 =========== tdspectra finished ===========  
 Timing...
  CPU (s) for tdspectra :       0.168
 ==========================================
                                           


** Computing band for mode 16 **
 Final osc. energy (cm-1) =   816.260


 ____________________________________________
  ============================================
  PROGRAM: td_rr_1k
   RR fundamentals at 0K with a harmonic 
   TD formulation                           
 ____________________________________________
  ============================================
 


* (rho,sigma = 1 1) *
 Calling FFT with 1304 points

 Fourie-Transform with: fft_calc subroutine (FFTW)
 =========== tdspectra finished ===========  
 Timing...
  CPU (s) for tdspectra :       0.168
 ==========================================
                                           


** Computing band for mode 17 **
 Final osc. energy (cm-1) =   928.472


 ____________________________________________
  ============================================
  PROGRAM: td_rr_1k
   RR fundamentals at 0K with a harmonic 
   TD formulation                           
 ____________________________________________
  ============================================
 


* (rho,sigma = 1 1) *
 Calling FFT with 1304 points

 Fourie-Transform with: fft_calc subroutine (FFTW)
 =========== tdspectra finished ===========  
 Timing...
  CPU (s) for tdspectra :       0.168
 ==========================================
                                           


** Computing band for mode 18 **
 Final osc. energy (cm-1) =   980.694


 ____________________________________________
  ============================================
  PROGRAM: td_rr_1k
   RR fundamentals at 0K with a harmonic 
   TD formulation                           
 ____________________________________________
  ============================================
 


* (rho,sigma = 1 1) *
 Calling FFT with 1304 points

 Fourie-Transform with: fft_calc subroutine (FFTW)
 =========== tdspectra finished ===========  
 Timing...
  CPU (s) for tdspectra :       0.168
 ==========================================
                                           


** Computing band for mode 19 **
 Final osc. energy (cm-1) =  1033.751


 ____________________________________________
  ============================================
  PROGRAM: td_rr_1k
   RR fundamentals at 0K with a harmonic 
   TD formulation                           
 ____________________________________________
  ============================================
 


* (rho,sigma = 1 1) *
 Calling FFT with 1304 points

 Fourie-Transform with: fft_calc subroutine (FFTW)
 =========== tdspectra finished ===========  
 Timing...
  CPU (s) for tdspectra :       0.168
 ==========================================
                                           


** Computing band for mode 20 **
 Final osc. energy (cm-1) =  1079.146


 ____________________________________________
  ============================================
  PROGRAM: td_rr_1k
   RR fundamentals at 0K with a harmonic 
   TD formulation                           
 ____________________________________________
  ============================================
 


* (rho,sigma = 1 1) *
 Calling FFT with 1304 points

 Fourie-Transform with: fft_calc subroutine (FFTW)
 =========== tdspectra finished ===========  
 Timing...
  CPU (s) for tdspectra :       0.168
 ==========================================
                                           


** Computing band for mode 21 **
 Final osc. energy (cm-1) =  1172.722


 ____________________________________________
  ============================================
  PROGRAM: td_rr_1k
   RR fundamentals at 0K with a harmonic 
   TD formulation                           
 ____________________________________________
  ============================================
 


* (rho,sigma = 1 1) *
 Calling FFT with 1304 points

 Fourie-Transform with: fft_calc subroutine (FFTW)
 =========== tdspectra finished ===========  
 Timing...
  CPU (s) for tdspectra :       0.168
 ==========================================
                                           


** Computing band for mode 22 **
 Final osc. energy (cm-1) =  1216.271


 ____________________________________________
  ============================================
  PROGRAM: td_rr_1k
   RR fundamentals at 0K with a harmonic 
   TD formulation                           
 ____________________________________________
  ============================================
 


* (rho,sigma = 1 1) *
 Calling FFT with 1304 points

 Fourie-Transform with: fft_calc subroutine (FFTW)
 =========== tdspectra finished ===========  
 Timing...
  CPU (s) for tdspectra :       0.168
 ==========================================
                                           


** Computing band for mode 23 **
 Final osc. energy (cm-1) =  1248.903


 ____________________________________________
  ============================================
  PROGRAM: td_rr_1k
   RR fundamentals at 0K with a harmonic 
   TD formulation                           
 ____________________________________________
  ============================================
 


* (rho,sigma = 1 1) *
 Calling FFT with 1304 points

 Fourie-Transform with: fft_calc subroutine (FFTW)
 =========== tdspectra finished ===========  
 Timing...
  CPU (s) for tdspectra :       0.168
 ==========================================
                                           


** Computing band for mode 24 **
 Final osc. energy (cm-1) =  1390.602


 ____________________________________________
  ============================================
  PROGRAM: td_rr_1k
   RR fundamentals at 0K with a harmonic 
   TD formulation                           
 ____________________________________________
  ============================================
 


* (rho,sigma = 1 1) *
 Calling FFT with 1304 points

 Fourie-Transform with: fft_calc subroutine (FFTW)
 =========== tdspectra finished ===========  
 Timing...
  CPU (s) for tdspectra :       0.168
 ==========================================
                                           


** Computing band for mode 25 **
 Final osc. energy (cm-1) =  1424.559


 ____________________________________________
  ============================================
  PROGRAM: td_rr_1k
   RR fundamentals at 0K with a harmonic 
   TD formulation                           
 ____________________________________________
  ============================================
 


* (rho,sigma = 1 1) *
 Calling FFT with 1304 points

 Fourie-Transform with: fft_calc subroutine (FFTW)
 =========== tdspectra finished ===========  
 Timing...
  CPU (s) for tdspectra :       0.168
 ==========================================
                                           


** Computing band for mode 26 **
 Final osc. energy (cm-1) =  1435.117


 ____________________________________________
  ============================================
  PROGRAM: td_rr_1k
   RR fundamentals at 0K with a harmonic 
   TD formulation                           
 ____________________________________________
  ============================================
 


* (rho,sigma = 1 1) *
 Calling FFT with 1304 points

 Fourie-Transform with: fft_calc subroutine (FFTW)
 =========== tdspectra finished ===========  
 Timing...
  CPU (s) for tdspectra :       0.168
 ==========================================
                                           


** Computing band for mode 27 **
 Final osc. energy (cm-1) =  1448.094


 ____________________________________________
  ============================================
  PROGRAM: td_rr_1k
   RR fundamentals at 0K with a harmonic 
   TD formulation                           
 ____________________________________________
  ============================================
 


* (rho,sigma = 1 1) *
 Calling FFT with 1304 points

 Fourie-Transform with: fft_calc subroutine (FFTW)
 =========== tdspectra finished ===========  
 Timing...
  CPU (s) for tdspectra :       0.168
 ==========================================
                                           


** Computing band for mode 28 **
 Final osc. energy (cm-1) =  1476.813


 ____________________________________________
  ============================================
  PROGRAM: td_rr_1k
   RR fundamentals at 0K with a harmonic 
   TD formulation                           
 ____________________________________________
  ============================================
 


* (rho,sigma = 1 1) *
 Calling FFT with 1304 points

 Fourie-Transform with: fft_calc subroutine (FFTW)
 =========== tdspectra finished ===========  
 Timing...
  CPU (s) for tdspectra :       0.168
 ==========================================
                                           


** Computing band for mode 29 **
 Final osc. energy (cm-1) =  1501.544


 ____________________________________________
  ============================================
  PROGRAM: td_rr_1k
   RR fundamentals at 0K with a harmonic 
   TD formulation                           
 ____________________________________________
  ============================================
 


* (rho,sigma = 1 1) *
 Calling FFT with 1304 points

 Fourie-Transform with: fft_calc subroutine (FFTW)
 =========== tdspectra finished ===========  
 Timing...
  CPU (s) for tdspectra :       0.168
 ==========================================
                                           


** Computing band for mode 30 **
 Final osc. energy (cm-1) =  1524.182


 ____________________________________________
  ============================================
  PROGRAM: td_rr_1k
   RR fundamentals at 0K with a harmonic 
   TD formulation                           
 ____________________________________________
  ============================================
 


* (rho,sigma = 1 1) *
 Calling FFT with 1304 points

 Fourie-Transform with: fft_calc subroutine (FFTW)
 =========== tdspectra finished ===========  
 Timing...
  CPU (s) for tdspectra :       0.168
 ==========================================
                                           


** Computing band for mode 31 **
 Final osc. energy (cm-1) =  1740.454


 ____________________________________________
  ============================================
  PROGRAM: td_rr_1k
   RR fundamentals at 0K with a harmonic 
   TD formulation                           
 ____________________________________________
  ============================================
 


* (rho,sigma = 1 1) *
 Calling FFT with 1304 points

 Fourie-Transform with: fft_calc subroutine (FFTW)
 =========== tdspectra finished ===========  
 Timing...
  CPU (s) for tdspectra :       0.168
 ==========================================
                                           


** Computing band for mode 32 **
 Final osc. energy (cm-1) =  1797.573


 ____________________________________________
  ============================================
  PROGRAM: td_rr_1k
   RR fundamentals at 0K with a harmonic 
   TD formulation                           
 ____________________________________________
  ============================================
 


* (rho,sigma = 1 1) *
 Calling FFT with 1304 points

 Fourie-Transform with: fft_calc subroutine (FFTW)
 =========== tdspectra finished ===========  
 Timing...
  CPU (s) for tdspectra :       0.168
 ==========================================
                                           


** Computing band for mode 33 **
 Final osc. energy (cm-1) =  1836.228


 ____________________________________________
  ============================================
  PROGRAM: td_rr_1k
   RR fundamentals at 0K with a harmonic 
   TD formulation                           
 ____________________________________________
  ============================================
 


* (rho,sigma = 1 1) *
 Calling FFT with 1304 points

 Fourie-Transform with: fft_calc subroutine (FFTW)
 =========== tdspectra finished ===========  
 Timing...
  CPU (s) for tdspectra :       0.168
 ==========================================
                                           


** Computing band for mode 34 **
 Final osc. energy (cm-1) =  3060.433


 ____________________________________________
  ============================================
  PROGRAM: td_rr_1k
   RR fundamentals at 0K with a harmonic 
   TD formulation                           
 ____________________________________________
  ============================================
 


* (rho,sigma = 1 1) *
 Calling FFT with 1304 points

 Fourie-Transform with: fft_calc subroutine (FFTW)
 =========== tdspectra finished ===========  
 Timing...
  CPU (s) for tdspectra :       0.168
 ==========================================
                                           


** Computing band for mode 35 **
 Final osc. energy (cm-1) =  3120.425


 ____________________________________________
  ============================================
  PROGRAM: td_rr_1k
   RR fundamentals at 0K with a harmonic 
   TD formulation                           
 ____________________________________________
  ============================================
 


* (rho,sigma = 1 1) *
 Calling FFT with 1304 points

 Fourie-Transform with: fft_calc subroutine (FFTW)
 =========== tdspectra finished ===========  
 Timing...
  CPU (s) for tdspectra :       0.168
 ==========================================
                                           


** Computing band for mode 36 **
 Final osc. energy (cm-1) =  3138.366


 ____________________________________________
  ============================================
  PROGRAM: td_rr_1k
   RR fundamentals at 0K with a harmonic 
   TD formulation                           
 ____________________________________________
  ============================================
 


* (rho,sigma = 1 1) *
 Calling FFT with 1304 points

 Fourie-Transform with: fft_calc subroutine (FFTW)
 =========== tdspectra finished ===========  
 Timing...
  CPU (s) for tdspectra :       0.168
 ==========================================
                                           


** Computing band for mode 37 **
 Final osc. energy (cm-1) =  3217.673


 ____________________________________________
  ============================================
  PROGRAM: td_rr_1k
   RR fundamentals at 0K with a harmonic 
   TD formulation                           
 ____________________________________________
  ============================================
 


* (rho,sigma = 1 1) *
 Calling FFT with 1304 points

 Fourie-Transform with: fft_calc subroutine (FFTW)
 =========== tdspectra finished ===========  
 Timing...
  CPU (s) for tdspectra :       0.168
 ==========================================
                                           


** Computing band for mode 38 **
 Final osc. energy (cm-1) =  3623.816


 ____________________________________________
  ============================================
  PROGRAM: td_rr_1k
   RR fundamentals at 0K with a harmonic 
   TD formulation                           
 ____________________________________________
  ============================================
 


* (rho,sigma = 1 1) *
 Calling FFT with 1304 points

 Fourie-Transform with: fft_calc subroutine (FFTW)
 =========== tdspectra finished ===========  
 Timing...
  CPU (s) for tdspectra :       0.168
 ==========================================
                                           


** Computing band for mode 39 **
 Final osc. energy (cm-1) =  3667.327


 ____________________________________________
  ============================================
  PROGRAM: td_rr_1k
   RR fundamentals at 0K with a harmonic 
   TD formulation                           
 ____________________________________________
  ============================================
 


* (rho,sigma = 1 1) *
 Calling FFT with 1304 points

 Fourie-Transform with: fft_calc subroutine (FFTW)
 =========== tdspectra finished ===========  
 Timing...
  CPU (s) for tdspectra :       0.168
 ==========================================
                                           
 =========== compRR_TD finished ===========  
 Timing...
  CPU (s) for compRR_TD :       8.471
 ==========================================




===============================

 SUMMARY OF NOTES AND WARNINGS

===============================
 ---------------------------------
 7 notes raised along the run
 Look for NOTE in the output
 ---------------------------------

 
 ****************** FCclasses finished *******************
 Timing...   
  CPU (s)       8.493
 *********************************************************
 
 FCclasses finished successfully
