 
                                                    \ /               
                                              ..-'''-*-               
                                              \.-'''\ \               
      _____ _____      _                             | |              
     |  ___/  __ \    | |                         __/ /               
     | |_  | /  \/ ___| | __ _ ___ ___  ___  ___ |_  '.               
     |  _| | |    / __| |/ _` / __/ __|/ _ \/ __|   `.  \             
     | |   | \__/\ (__| | (_| \__ \__ \  __/\__ \     \ '.            
     \_|    \____/\___|_|\__,_|___/___/\___||___/      , |            
                                                       | |            
                                                      / ,'            
                                              -....--'  /             
                                              `.. __..-'              
                                                                      
 ********************************************************* 
   FCCLASSES3:                                             
   A code for vibronic simulations                         
                                                           
                                                           
 ********************************************************* 


 GIT VERSION INFO
  Commit id  : v3-1.0-2-g78ec1d1-dirty
  Commit date: 2022-07-22 10:24:13 +0200

 CURRENT RUN INFO
  Date&Time  : 2022-11-25, 10:25:23
  Input file : STDIN
  Input type : NEW



 INPUT OPTIONS:
-------------------------------
$$$
;GENERAL OPTIONS:
; NAT        = (read from structure files)
; NVIB       = (determined vibrational analysis)
PROPERTY     =   OPA   
MODEL        =   VG   
DIPOLE       =   HTi  
DIPDER_COORD =   CARTESIAN  
TEMP         =     0.00
DE           =   5.31440
BROADFUN     =   GAU  
HWHM         =   0.0400
RESOL        =   0.0040  ; (default: HWHM/10)
METHOD       =   TD   
ROT          =   2
SPCMIN       =     4.000
SPCMAX       =     9.000
;VIBRATIONAL ANALYSIS
NORMALMODES  =   COMPUTE  
RM_COORD     =   NONE    
COORDS       =   CARTESIAN  
FORCE_REAL   =   YES  
;INPUT DATA FILES
STATE1_FILE  =   Thymine6311-freq.fcc
STATE2_FILE  =   Thymine6311-es2.fcc
MASS_FILE    =   
ELDIP_FILE   =   eldip_Thymine6311-es2_fchk
MAGDIP_FILE  =   magdip_Thymine6311-es2_fchk
NAC_FILE     =   
NRCOUP_FILE  =   eldip_Thymine6311-es2_fchk
HESS1_FILE   =   Thymine6311-freq.fcc
HESS2_FILE   =   Thymine6311-freq.fcc
GRAD1_FILE   =   Thymine6311-freq.fcc
GRAD2_COORD  =   CARTESIAN
GRAD2_FILE   =   Thymine6311-es2.fcc
;VERBOSE LEVEL
VERBOSE      =   1
  
-------------------------------



 ==> State 1 <==

 Geometry file: Thymine6311-freq.fcc


 Gradient file: Thymine6311-freq.fcc

NOTE: The calculation for this State will assume stationary point since the gradient is                   
      small (maximum atomic gradient:   0.000082 a.u.)                                                    
 
 Hessian file: Thymine6311-freq.fcc



 ---------------------------------------
  Check effect of symmetry operations
  on Hessian elements (or gs^t\beta)
 ---------------------------------------

 Using input geometry instead of rotating to principal axis of intertia to detect symmetry

 
 Sigma(xy) symmetry element found
 
 Symmetry operation  : 1
 Max abs difference  :   0.000000
    original value   :   0.000001
    transformed value:   0.000001
    Rel difference(%):   0.000000

 ---------------------------------------



 =========================
  ANALYSIS OF DOFs
 =========================

 => STATE 1 <=
 Geometry (Angstroms)
 15    # Nr. of atoms
   Atom       X         Y         Z      Mass
N          0.1557   -1.6591    0.0000   14.0031
C          1.3560   -0.9789    0.0000   12.0000
N          1.1960    0.3911    0.0000   14.0031
C          0.0000    1.1154    0.0000   12.0000
C         -1.2143    0.2959    0.0000   12.0000
C         -1.0736   -1.0373    0.0000   12.0000
O          2.4311   -1.5306    0.0000   15.9949
O          0.0176    2.3262    0.0000   15.9949
H          0.2303   -2.6642    0.0000    1.0078
H          2.0498    0.9339    0.0000    1.0078
C         -2.5334    1.0003    0.0000   12.0000
H         -1.9250   -1.7061    0.0000    1.0078
H         -3.3581    0.2865    0.0000    1.0078
H         -2.6281    1.6447    0.8761    1.0078
H         -2.6281    1.6447   -0.8761    1.0078
 

 ------------------------------------------------
   INERTIA TENSOR (to be multiplied by 10**5)
 ------------------------------------------------

             1           2           3
  
    1     4.28660     1.79131     0.00000
    2     1.79131     5.10120     0.00000
    3     0.00000     0.00000     9.33139
 ------------------------------------------------


 ------------------------------------------------
   ROTATIONAL CONSTANTS (AND ROTATION MATRIX)
 ------------------------------------------------

 ROOT NO.    1           2           3

    ************************************
  
    1    -0.78157     0.62381     0.00000
    2     0.62381     0.78157     0.00000
    3     0.00000     0.00000     1.00000
 ------------------------------------------------

  Rotational constants (GHz)
     3.22468     1.41060     0.98726
  Rotational temperatures (K)
     0.15476     0.06770     0.04738


 -------------------
  DOF   Dimension
 -------------------
  Vib    39
  Rot    3
  Tra    3
 -------------------


 Translating State1 to its Center of Mass
 Initial COM:       0.0649     -0.0012      0.0000


 ================================
  VIBRATIONAL ANALYSIS ON STATE1
 ================================

 ----------------------------------
   Redundant Frequencies (cm-1)
 ----------------------------------
     1    -0.00003
     2    -0.00002
     3    -0.00001
     4     0.00001
     5     0.00002
     6     0.00002
 ----------------------------------


 ------------------------
   FREQUENCIES (cm-1)
 ------------------------
     1   108.57705
     2   147.35940
     3   151.64402
     4   280.12801
     5   296.02786
     6   396.84793
     7   400.11563
     8   466.30408
     9   554.35596
    10   554.84763
    11   615.30215
    12   671.02835
    13   744.60520
    14   773.56315
    15   779.88785
    16   816.25979
    17   928.47159
    18   980.69450
    19  1033.75068
    20  1079.14556
    21  1172.72192
    22  1216.27150
    23  1248.90316
    24  1390.60174
    25  1424.55890
    26  1435.11683
    27  1448.09392
    28  1476.81320
    29  1501.54376
    30  1524.18193
    31  1740.45362
    32  1797.57259
    33  1836.22777
    34  3060.43265
    35  3120.42538
    36  3138.36607
    37  3217.67255
    38  3623.81582
    39  3667.32725
 ------------------------

 =====================
  THERMOCHEMISTRY     
 =====================
  Temperature (K):    0.00
  Pressure (atm) :    1.00
 
  Rotational constants (GHz)
     3.22468     1.41060     0.98726
  Rotational temperatures (K)
     0.15476     0.06770     0.04738
 
  Partition Functions
  qt =      0.000    
  qr =      0.000    
  qv =      0.000    
 
  Contributions to entropy
  St (cm-1/K) = -Infinity
  Sr (cm-1/K) = -Infinity
  Sv (cm-1/K) =       NaN
 
  Thermal corrections (AU)
  Zero Point Energy =   0.115777    
  Internal Energy   =   0.115777    
  Enthalpy          =   0.115777    
  Gibbs Free Energy =            NaN
 
  Thermal corrections (AU) - vibrational only
  Number of vibrations:      39
  V-internal Energy   =   0.115777    
  V-enthalpy          =   0.115777    
  V-gibbs Free Energy =            NaN


 ==> State 2 <==

 Geometry file: Thymine6311-es2.fcc


 Gradient file: Thymine6311-es2.fcc

NOTE: The calculation for this State will assume non-stationary point since the gradient                  
      is not negligible (maximum atomic gradient:   0.101315 a.u.)                                        
 
 Hessian file: Thymine6311-freq.fcc


 Combination abs/ECDNO
 A standard one-photon absorption calculation  will be performed


 =========================
  ANALYSIS OF DOFs
 =========================

 => STATE 2 <=
 Geometry (Angstroms)
 15    # Nr. of atoms
   Atom       X         Y         Z      Mass
N          0.1557   -1.6591    0.0000   14.0031
C          1.3560   -0.9789    0.0000   12.0000
N          1.1960    0.3911    0.0000   14.0031
C          0.0000    1.1154    0.0000   12.0000
C         -1.2143    0.2959    0.0000   12.0000
C         -1.0736   -1.0373    0.0000   12.0000
O          2.4311   -1.5306    0.0000   15.9949
O          0.0176    2.3262    0.0000   15.9949
H          0.2303   -2.6642    0.0000    1.0078
H          2.0498    0.9339    0.0000    1.0078
C         -2.5334    1.0003    0.0000   12.0000
H         -1.9250   -1.7061    0.0000    1.0078
H         -3.3581    0.2865    0.0000    1.0078
H         -2.6281    1.6447    0.8761    1.0078
H         -2.6281    1.6447   -0.8761    1.0078
 

 ------------------------------------------------
   INERTIA TENSOR (to be multiplied by 10**5)
 ------------------------------------------------

             1           2           3
  
    1     4.28660     1.79131     0.00000
    2     1.79131     5.10120     0.00000
    3     0.00000     0.00000     9.33139
 ------------------------------------------------


 ------------------------------------------------
   ROTATIONAL CONSTANTS (AND ROTATION MATRIX)
 ------------------------------------------------

 ROOT NO.    1           2           3

    ************************************
  
    1    -0.78157     0.62381     0.00000
    2     0.62381     0.78157     0.00000
    3     0.00000     0.00000     1.00000
 ------------------------------------------------

  Rotational constants (GHz)
     3.22468     1.41060     0.98726
  Rotational temperatures (K)
     0.15476     0.06770     0.04738


 -------------------
  DOF   Dimension
 -------------------
  Vib    39
  Rot    3
  Tra    3
 -------------------


 Translating State2 to its Center of Mass
 Initial COM:       0.0649     -0.0012      0.0000


 ================================
  VIBRATIONAL ANALYSIS ON STATE2
 ================================

Normal modes read from State1 for VG


 ------------------------
   FREQUENCIES (cm-1)
 ------------------------
     1   108.57705
     2   147.35940
     3   151.64402
     4   280.12801
     5   296.02786
     6   396.84793
     7   400.11563
     8   466.30408
     9   554.35596
    10   554.84763
    11   615.30215
    12   671.02835
    13   744.60520
    14   773.56315
    15   779.88785
    16   816.25979
    17   928.47159
    18   980.69450
    19  1033.75068
    20  1079.14556
    21  1172.72192
    22  1216.27150
    23  1248.90316
    24  1390.60174
    25  1424.55890
    26  1435.11683
    27  1448.09392
    28  1476.81320
    29  1501.54376
    30  1524.18193
    31  1740.45362
    32  1797.57259
    33  1836.22777
    34  3060.43265
    35  3120.42538
    36  3138.36607
    37  3217.67255
    38  3623.81582
    39  3667.32725
 ------------------------


 -------------------------------------
   State2 Gradient (Q1-space) x1e5
 -------------------------------------
     1    -0.00000
     2     0.00000
     3     0.00000
     4     0.50205
     5     0.00000
     6    -4.82698
     7     0.00000
     8    -5.23616
     9     8.40658
    10     0.00000
    11    -7.79922
    12    -0.00000
    13    -9.55907
    14    -0.00000
    15     0.00000
    16    13.11724
    17     0.00000
    18    -7.96342
    19    12.08380
    20    -0.00000
    21    11.33449
    22   -19.21355
    23   -25.11768
    24    48.68544
    25     6.93317
    26     1.21915
    27    -7.33288
    28     0.00000
    29   -10.84125
    30   -19.07079
    31    68.10944
    32    41.99049
    33   -20.96464
    34     8.23960
    35     0.00000
    36     3.50288
    37    18.72494
    38     5.60851
    39    -9.25738
 -------------------------------------




                 ASSIGNMENTS AND ANALYSIS OF 1 WITH RESPECT TO 2
 STATE 1                              MODES STATE 2
IND DEF    FREQUENCY     SHIFT    I21 C21  I22 C22   I23 C23     FR(I21)  I90 I95 I99
   1  P      108.58     0.00000    1 1.00    2 0.00    3 0.00       0.00   1   1   1
   2  P      147.36    -0.00000    2 1.00    1 0.00    3 0.00       0.00   1   1   1
   3  P      151.64    -0.00000    3 1.00    2 0.00    1 0.00       0.00   1   1   1
   4  P      280.13    -3.08177    4 1.00    2 0.00    3 0.00       0.00   1   1   1
   5  P      296.03    -0.00000    5 1.00    2 0.00    3 0.00       0.00   1   1   1
   6  P      396.85    14.76374    6 1.00    2 0.00    3 0.00       0.00   1   1   1
   7  P      400.12    -0.00000    7 1.00    2 0.00    3 0.00       0.00   1   1   1
   8  P      466.30    11.59960    8 1.00    2 0.00    3 0.00       0.00   1   1   1
   9  P      554.36   -13.17682    9 1.00    2 0.00    3 0.00       0.00   1   1   1
  10  P      554.85    -0.00000   10 1.00    2 0.00    3 0.00       0.00   1   1   1
  11  P      615.30     9.92300   11 1.00    2 0.00    3 0.00       0.00   1   1   1
  12  P      671.03     0.00000   12 1.00    2 0.00    3 0.00       0.00   1   1   1
  13  P      744.61     8.30486   13 1.00    2 0.00    3 0.00       0.00   1   1   1
  14  P      773.56     0.00000   14 1.00    2 0.00    3 0.00       0.00   1   1   1
  15  P      779.89    -0.00000   15 1.00    2 0.00    3 0.00       0.00   1   1   1
  16  P      816.26    -9.48319   16 1.00    2 0.00    3 0.00       0.00   1   1   1
  17  P      928.47    -0.00000   17 1.00    2 0.00    3 0.00       0.00   1   1   1
  18  P      980.69     3.98842   18 1.00    2 0.00    3 0.00       0.00   1   1   1
  19  P     1033.75    -5.44679   19 1.00    2 0.00    3 0.00       0.00   1   1   1
  20  P     1079.15     0.00000   20 1.00    2 0.00    3 0.00       0.00   1   1   1
  21  P     1172.72    -3.96991   21 1.00    2 0.00    3 0.00       0.00   1   1   1
  22  P     1216.27     6.25627   22 1.00    2 0.00    3 0.00       0.00   1   1   1
  23  P     1248.90     7.75694   23 1.00    2 0.00    3 0.00       0.00   1   1   1
  24  P     1390.60   -12.12725   24 1.00    2 0.00    3 0.00       0.00   1   1   1
  25  P     1424.56    -1.64566   25 1.00    2 0.00    3 0.00       0.00   1   1   1
  26  P     1435.12    -0.28514   26 1.00    2 0.00    3 0.00       0.00   1   1   1
  27  P     1448.09     1.68442   27 1.00    2 0.00    3 0.00       0.00   1   1   1
  28  P     1476.81    -0.00000   28 1.00    2 0.00    3 0.00       0.00   1   1   1
  29  P     1501.54     2.31618   29 1.00    2 0.00    3 0.00       0.00   1   1   1
  30  P     1524.18     3.95425   30 1.00    2 0.00    3 0.00       0.00   1   1   1
  31  P     1740.45   -10.83056   31 1.00    2 0.00    3 0.00       0.00   1   1   1
  32  P     1797.57    -6.25960   32 1.00    2 0.00    3 0.00       0.00   1   1   1
  33  P     1836.23     2.99504   33 1.00    2 0.00    3 0.00       0.00   1   1   1
  34  P     3060.43    -0.42375   34 1.00    2 0.00    3 0.00       0.00   1   1   1
  35  P     3120.43    -0.00000   35 1.00    2 0.00    3 0.00       0.00   1   1   1
  36  P     3138.37    -0.17131   36 1.00    2 0.00    3 0.00       0.00   1   1   1
  37  P     3217.67    -0.87117   37 1.00    2 0.00    3 0.00       0.00   1   1   1
  38  P     3623.82    -0.20572   38 1.00    2 0.00    3 0.00       0.00   1   1   1
  39  P     3667.33     0.33156   39 1.00    2 0.00    3 0.00       0.00   1   1   1
   
 *********************************************************** 
  
  AVERAGE MAX PROJECTION     1.000000    St Dev   0.000000
  AVERAGE FREQ DIFF          0.000000    St Dev   0.000000
  AVERAGE ABS FREQ DIFF      0.000000    St Dev   0.000000
  AVERAGE ABS DISPLACE       0.151170    St Dev   5.758024
  SUM DISPL**2            1293.930021
  
 *********************************************************** 
  



                 ASSIGNMENTS AND ANALYSIS OF 2 WITH RESPECT TO 1
 STATE 2                              MODES STATE 1
IND DEF    FREQUENCY     SHIFT    I11 C11  I12 C12   I13 C13     FR(I11)  I90 I95 I99
   1  P      108.58    -0.00000    1 1.00    2 0.00    3 0.00       0.00   1   1   1
   2  P      147.36     0.00000    2 1.00    1 0.00    3 0.00       0.00   1   1   1
   3  P      151.64     0.00000    3 1.00    2 0.00    1 0.00       0.00   1   1   1
   4  P      280.13     3.08177    4 1.00    2 0.00    3 0.00       0.00   1   1   1
   5  P      296.03     0.00000    5 1.00    2 0.00    3 0.00       0.00   1   1   1
   6  P      396.85   -14.76374    6 1.00    2 0.00    3 0.00       0.00   1   1   1
   7  P      400.12     0.00000    7 1.00    2 0.00    3 0.00       0.00   1   1   1
   8  P      466.30   -11.59960    8 1.00    2 0.00    3 0.00       0.00   1   1   1
   9  P      554.36    13.17682    9 1.00    2 0.00    3 0.00       0.00   1   1   1
  10  P      554.85     0.00000   10 1.00    2 0.00    3 0.00       0.00   1   1   1
  11  P      615.30    -9.92300   11 1.00    2 0.00    3 0.00       0.00   1   1   1
  12  P      671.03    -0.00000   12 1.00    2 0.00    3 0.00       0.00   1   1   1
  13  P      744.61    -8.30486   13 1.00    2 0.00    3 0.00       0.00   1   1   1
  14  P      773.56    -0.00000   14 1.00    2 0.00    3 0.00       0.00   1   1   1
  15  P      779.89     0.00000   15 1.00    2 0.00    3 0.00       0.00   1   1   1
  16  P      816.26     9.48319   16 1.00    2 0.00    3 0.00       0.00   1   1   1
  17  P      928.47     0.00000   17 1.00    2 0.00    3 0.00       0.00   1   1   1
  18  P      980.69    -3.98842   18 1.00    2 0.00    3 0.00       0.00   1   1   1
  19  P     1033.75     5.44679   19 1.00    2 0.00    3 0.00       0.00   1   1   1
  20  P     1079.15    -0.00000   20 1.00    2 0.00    3 0.00       0.00   1   1   1
  21  P     1172.72     3.96991   21 1.00    2 0.00    3 0.00       0.00   1   1   1
  22  P     1216.27    -6.25627   22 1.00    2 0.00    3 0.00       0.00   1   1   1
  23  P     1248.90    -7.75694   23 1.00    2 0.00    3 0.00       0.00   1   1   1
  24  P     1390.60    12.12725   24 1.00    2 0.00    3 0.00       0.00   1   1   1
  25  P     1424.56     1.64566   25 1.00    2 0.00    3 0.00       0.00   1   1   1
  26  P     1435.12     0.28514   26 1.00    2 0.00    3 0.00       0.00   1   1   1
  27  P     1448.09    -1.68442   27 1.00    2 0.00    3 0.00       0.00   1   1   1
  28  P     1476.81     0.00000   28 1.00    2 0.00    3 0.00       0.00   1   1   1
  29  P     1501.54    -2.31618   29 1.00    2 0.00    3 0.00       0.00   1   1   1
  30  P     1524.18    -3.95425   30 1.00    2 0.00    3 0.00       0.00   1   1   1
  31  P     1740.45    10.83056   31 1.00    2 0.00    3 0.00       0.00   1   1   1
  32  P     1797.57     6.25960   32 1.00    2 0.00    3 0.00       0.00   1   1   1
  33  P     1836.23    -2.99504   33 1.00    2 0.00    3 0.00       0.00   1   1   1
  34  P     3060.43     0.42375   34 1.00    2 0.00    3 0.00       0.00   1   1   1
  35  P     3120.43     0.00000   35 1.00    2 0.00    3 0.00       0.00   1   1   1
  36  P     3138.37     0.17131   36 1.00    2 0.00    3 0.00       0.00   1   1   1
  37  P     3217.67     0.87117   37 1.00    2 0.00    3 0.00       0.00   1   1   1
  38  P     3623.82     0.20572   38 1.00    2 0.00    3 0.00       0.00   1   1   1
  39  P     3667.33    -0.33156   39 1.00    2 0.00    3 0.00       0.00   1   1   1
   
 *********************************************************** 
  
  AVERAGE MAX PROJECTION     1.000000    St Dev   0.000000
  AVERAGE FREQ DIFF          0.000000    St Dev   0.000000
  AVERAGE ABS FREQ DIFF      0.000000    St Dev   0.000000
  AVERAGE ABS DISPLACE      -0.151170    St Dev   5.758024
  SUM DISPL**2            1293.930021
  
 *********************************************************** 
  

 ADDITIONAL ANALYSIS ON DUSCHINSKY MATRIX
 ----------------------------------------
  Determinant:     1.0000

  ** A = GM·GMT **
  Det(A)     :     1.0000
  Trace(A)   :    39.0000
  Det(A-I)   :     0.0000
  Trace(A-I) :     0.0000
 ----------------------------------------

   
   
 STATE1 MODES SORTED BY DECREASING DIMENSIONLESS SHIFT
   IND    MODE    FREQUENCY DIMENSIONLESS SHIFT
     1      24    1390.60174      -0.96532E+00
     2      31    1740.45362      -0.96447E+00
     3       9     554.35596      -0.66224E+00
     4       6     396.84793       0.62779E+00
     5      23    1248.90316       0.58514E+00
     6      16     816.25979      -0.57833E+00
     7      32    1797.57259      -0.56650E+00
     8       8     466.30408       0.53467E+00
     9      11     615.30215       0.52541E+00
    10      13     744.60520       0.48373E+00
    11      22    1216.27150       0.46573E+00
    12      19    1033.75068      -0.37381E+00
    13      30    1524.18193       0.32953E+00
    14      21    1172.72192      -0.29019E+00
    15      33    1836.22777       0.27395E+00
    16      18     980.69450       0.26661E+00
    17      29    1501.54376       0.19158E+00
    18      27    1448.09392       0.13682E+00
    19      25    1424.55890      -0.13258E+00
    20       4     280.12801      -0.11010E+00
    21      37    3217.67255      -0.10548E+00
    22      34    3060.43265      -0.50039E-01
    23      39    3667.32725       0.42859E-01
    24      38    3623.81582      -0.26435E-01
    25      26    1435.11683      -0.23057E-01
    26      36    3138.36607      -0.20485E-01
    27       3     151.64402      -0.27697E-09
    28       2     147.35940      -0.14064E-09
    29       7     400.11563      -0.11701E-09
    30       1     108.57705       0.92576E-10
    31      10     554.84763      -0.56122E-10
    32       5     296.02786      -0.22173E-10
    33      28    1476.81320      -0.95440E-11
    34      17     928.47159      -0.87327E-11
    35      20    1079.14556       0.86165E-11
    36      15     779.88785      -0.55675E-11
    37      14     773.56315       0.14407E-11
    38      12     671.02835       0.62561E-12
    39      35    3120.42538      -0.31650E-12
   
   
 MODES OF STATE1 IN ORDER OF DECREASING FR COUPL
 ESTIMATED BY THE MAGNITUDE OF THE 0-0 INTEGRAL
   IND    MODE1  FREQ   MODE2 FR    FR. SHIFT INV0-0
     1     1   108.57705         1   108.57705         0.00000         1.00000
     2     2   147.35940         2   147.35940         0.00000         1.00000
     3     3   151.64402         3   151.64402         0.00000         1.00000
     4     4   280.12801         4   280.12801         0.00000         1.00000
     5     5   296.02786         5   296.02786         0.00000         1.00000
     6     6   396.84793         6   396.84793         0.00000         1.00000
     7     7   400.11563         7   400.11563         0.00000         1.00000
     8     8   466.30408         8   466.30408         0.00000         1.00000
     9     9   554.35596         9   554.35596         0.00000         1.00000
    10    10   554.84763        10   554.84763         0.00000         1.00000
    11    11   615.30215        11   615.30215         0.00000         1.00000
    12    12   671.02835        12   671.02835         0.00000         1.00000
    13    13   744.60520        13   744.60520         0.00000         1.00000
    14    14   773.56315        14   773.56315         0.00000         1.00000
    15    15   779.88785        15   779.88785         0.00000         1.00000
    16    16   816.25979        16   816.25979         0.00000         1.00000
    17    17   928.47159        17   928.47159         0.00000         1.00000
    18    18   980.69450        18   980.69450         0.00000         1.00000
    19    19  1033.75068        19  1033.75068         0.00000         1.00000
    20    20  1079.14556        20  1079.14556         0.00000         1.00000
    21    21  1172.72192        21  1172.72192         0.00000         1.00000
    22    22  1216.27150        22  1216.27150         0.00000         1.00000
    23    23  1248.90316        23  1248.90316         0.00000         1.00000
    24    24  1390.60174        24  1390.60174         0.00000         1.00000
    25    25  1424.55890        25  1424.55890         0.00000         1.00000
    26    26  1435.11683        26  1435.11683         0.00000         1.00000
    27    27  1448.09392        27  1448.09392         0.00000         1.00000
    28    28  1476.81320        28  1476.81320         0.00000         1.00000
    29    29  1501.54376        29  1501.54376         0.00000         1.00000
    30    30  1524.18193        30  1524.18193         0.00000         1.00000
    31    31  1740.45362        31  1740.45362         0.00000         1.00000
    32    32  1797.57259        32  1797.57259         0.00000         1.00000
    33    33  1836.22777        33  1836.22777         0.00000         1.00000
    34    34  3060.43265        34  3060.43265         0.00000         1.00000
    35    35  3120.42538        35  3120.42538         0.00000         1.00000
    36    36  3138.36607        36  3138.36607         0.00000         1.00000
    37    37  3217.67255        37  3217.67255         0.00000         1.00000
    38    38  3623.81582        38  3623.81582         0.00000         1.00000
    39    39  3667.32725        39  3667.32725         0.00000         1.00000
   
   
   
   
 STATE2 MODES SORTED BY DECREASING DIMENSIONLESS SHIFT
   IND    MODE    FREQUENCY DIMENSIONLESS SHIFT
     1      24    1390.60174       0.96532E+00
     2      31    1740.45362       0.96447E+00
     3       9     554.35596       0.66224E+00
     4       6     396.84793      -0.62779E+00
     5      23    1248.90316      -0.58514E+00
     6      16     816.25979       0.57833E+00
     7      32    1797.57259       0.56650E+00
     8       8     466.30408      -0.53467E+00
     9      11     615.30215      -0.52541E+00
    10      13     744.60520      -0.48373E+00
    11      22    1216.27150      -0.46573E+00
    12      19    1033.75068       0.37381E+00
    13      30    1524.18193      -0.32953E+00
    14      21    1172.72192       0.29019E+00
    15      33    1836.22777      -0.27395E+00
    16      18     980.69450      -0.26661E+00
    17      29    1501.54376      -0.19158E+00
    18      27    1448.09392      -0.13682E+00
    19      25    1424.55890       0.13258E+00
    20       4     280.12801       0.11010E+00
    21      37    3217.67255       0.10548E+00
    22      34    3060.43265       0.50039E-01
    23      39    3667.32725      -0.42859E-01
    24      38    3623.81582       0.26435E-01
    25      26    1435.11683       0.23057E-01
    26      36    3138.36607       0.20485E-01
    27       3     151.64402       0.27697E-09
    28       2     147.35940       0.14064E-09
    29       7     400.11563       0.11701E-09
    30       1     108.57705      -0.92576E-10
    31      10     554.84763       0.56122E-10
    32       5     296.02786       0.22173E-10
    33      28    1476.81320       0.95440E-11
    34      17     928.47159       0.87327E-11
    35      20    1079.14556      -0.86165E-11
    36      15     779.88785       0.55675E-11
    37      14     773.56315      -0.14407E-11
    38      12     671.02835      -0.62561E-12
    39      35    3120.42538       0.31650E-12
   
   
 MODES OF STATE2 IN ORDER OF DECREASING FR COUPL
 ESTIMATED BY THE MAGNITUDE OF THE 0-0 INTEGRAL
   IND    MODE2  FREQ   MODE1 FR    FR. SHIFT INV0-0
     1     1   108.57705         1   108.57705         0.00000         1.00000
     2     2   147.35940         2   147.35940         0.00000         1.00000
     3     3   151.64402         3   151.64402         0.00000         1.00000
     4     4   280.12801         4   280.12801         0.00000         1.00000
     5     5   296.02786         5   296.02786         0.00000         1.00000
     6     6   396.84793         6   396.84793         0.00000         1.00000
     7     7   400.11563         7   400.11563         0.00000         1.00000
     8     8   466.30408         8   466.30408         0.00000         1.00000
     9     9   554.35596         9   554.35596         0.00000         1.00000
    10    10   554.84763        10   554.84763         0.00000         1.00000
    11    11   615.30215        11   615.30215         0.00000         1.00000
    12    12   671.02835        12   671.02835         0.00000         1.00000
    13    13   744.60520        13   744.60520         0.00000         1.00000
    14    14   773.56315        14   773.56315         0.00000         1.00000
    15    15   779.88785        15   779.88785         0.00000         1.00000
    16    16   816.25979        16   816.25979         0.00000         1.00000
    17    17   928.47159        17   928.47159         0.00000         1.00000
    18    18   980.69450        18   980.69450         0.00000         1.00000
    19    19  1033.75068        19  1033.75068         0.00000         1.00000
    20    20  1079.14556        20  1079.14556         0.00000         1.00000
    21    21  1172.72192        21  1172.72192         0.00000         1.00000
    22    22  1216.27150        22  1216.27150         0.00000         1.00000
    23    23  1248.90316        23  1248.90316         0.00000         1.00000
    24    24  1390.60174        24  1390.60174         0.00000         1.00000
    25    25  1424.55890        25  1424.55890         0.00000         1.00000
    26    26  1435.11683        26  1435.11683         0.00000         1.00000
    27    27  1448.09392        27  1448.09392         0.00000         1.00000
    28    28  1476.81320        28  1476.81320         0.00000         1.00000
    29    29  1501.54376        29  1501.54376         0.00000         1.00000
    30    30  1524.18193        30  1524.18193         0.00000         1.00000
    31    31  1740.45362        31  1740.45362         0.00000         1.00000
    32    32  1797.57259        32  1797.57259         0.00000         1.00000
    33    33  1836.22777        33  1836.22777         0.00000         1.00000
    34    34  3060.43265        34  3060.43265         0.00000         1.00000
    35    35  3120.42538        35  3120.42538         0.00000         1.00000
    36    36  3138.36607        36  3138.36607         0.00000         1.00000
    37    37  3217.67255        37  3217.67255         0.00000         1.00000
    38    38  3623.81582        38  3623.81582         0.00000         1.00000
    39    39  3667.32725        39  3667.32725         0.00000         1.00000
   
   
  
  
 DIMENSIONLESS SHIFTS 
   IND     STATE1       STATE2
     1     0.92576E-10    -0.92576E-10
     2    -0.14064E-09     0.14064E-09
     3    -0.27697E-09     0.27697E-09
     4    -0.11010E+00     0.11010E+00
     5    -0.22173E-10     0.22173E-10
     6     0.62779E+00    -0.62779E+00
     7    -0.11701E-09     0.11701E-09
     8     0.53467E+00    -0.53467E+00
     9    -0.66224E+00     0.66224E+00
    10    -0.56122E-10     0.56122E-10
    11     0.52541E+00    -0.52541E+00
    12     0.62561E-12    -0.62561E-12
    13     0.48373E+00    -0.48373E+00
    14     0.14407E-11    -0.14407E-11
    15    -0.55675E-11     0.55675E-11
    16    -0.57833E+00     0.57833E+00
    17    -0.87327E-11     0.87327E-11
    18     0.26661E+00    -0.26661E+00
    19    -0.37381E+00     0.37381E+00
    20     0.86165E-11    -0.86165E-11
    21    -0.29019E+00     0.29019E+00
    22     0.46573E+00    -0.46573E+00
    23     0.58514E+00    -0.58514E+00
    24    -0.96532E+00     0.96532E+00
    25    -0.13258E+00     0.13258E+00
    26    -0.23057E-01     0.23057E-01
    27     0.13682E+00    -0.13682E+00
    28    -0.95440E-11     0.95440E-11
    29     0.19158E+00    -0.19158E+00
    30     0.32953E+00    -0.32953E+00
    31    -0.96447E+00     0.96447E+00
    32    -0.56650E+00     0.56650E+00
    33     0.27395E+00    -0.27395E+00
    34    -0.50039E-01     0.50039E-01
    35    -0.31650E-12     0.31650E-12
    36    -0.20485E-01     0.20485E-01
    37    -0.10548E+00     0.10548E+00
    38    -0.26435E-01     0.26435E-01
    39     0.42859E-01    -0.42859E-01
  SUM SQUARED DIMENSIONLESS DISPL STATE1        5.2862
  SUM SQUARED DIMENSIONLESS DISPL STATE2        5.2862
  VALUE STATE1 GROUND VIB WAVEFUN AT GEO2       0.0711
  VALUE STATE2 GROUND VIB WAVEFUN AT GEO1       0.0711
  VALUE STATE1 GROUND VIB WAVEFUN AT (GEO1+GEO2)/2      0.5164
  VALUE STATE2 GROUND VIB WAVEFUN AT (GEO1+GEO2)/2      0.5164

 Printing Duschinski matrix to 'duschinsky.dat'


 Printing Shift vector to 'displacement.dat'


NOTE: DE read from input:   5.314 (eV)                                                                    
 


 ===========================
  REORGANIZATION ENERGY
 ===========================
     0.013930  (Hartree)
     0.379066  (eV)


 ------------------------------------------------------
 Extrapolation form (generalized) vertical point:
 ------------------------------------------------------
 Extrapolated vertical energy:        5.31440  (eV)
 Extrapolated adiabatic energy:       5.31440  (eV)
 Extrapolated reorg. energy   :       0.00000  (eV)
 ------------------------------------------------------



 ===============================
  ZERO-POINT ENERGY CORRECTIONS 
 ===============================


                    ZERO POINT ENERGY IN CM-1
    E01=     25410.01    E02=     25410.01


                    0-0 ENERGY DIFFERENCE
       4.93534 eV


                    ADIABATIC ENERGY     
       4.93534 eV




 ====================

  TRANSITION DIPOLES 

 ====================
 Model for tr. dipoles: HTi
 Reading electric dipole file: eldip_Thymine6311-es2_fchk
 
 
 Dipole derivatives read in Cartesian coordinates
 

 Dipole derivatives transformed to MWC
     
        0-ORDER TRANSITION ELECTRIC DIPOLE MOMENT components and its module
At Geo State 1           -0.25649736    1.18446218    0.00000000        1.21191648
At Geo State 2           -0.25649736    1.18446218    0.00000000        1.21191648
   
          TRANS EL DIP MOMENT DERIVATIVES IN MWC COORD
         ATOM  COORD.        Ddipx/Dq    Ddipy/Dq    Ddipz/Dq
           1      x            -0.00033    -0.00239    -0.00000
           1      y            -0.00350     0.00120    -0.00000
           1      z             0.00000    -0.00000    -0.00021
           2      x             0.00354     0.00374     0.00000
           2      y             0.00421    -0.00063     0.00000
           2      z            -0.00000     0.00000     0.00004
           3      x             0.00047     0.00017     0.00000
           3      y            -0.00530     0.00016    -0.00000
           3      z             0.00000    -0.00000    -0.00020
           4      x            -0.00106    -0.00169    -0.00000
           4      y            -0.00376    -0.00301    -0.00000
           4      z             0.00000    -0.00000     0.00059
           5      x             0.00199     0.00072     0.00000
           5      y            -0.00232     0.00640     0.00000
           5      z             0.00000    -0.00000     0.00161
           6      x            -0.00148     0.00210     0.00000
           6      y             0.00369    -0.00577    -0.00000
           6      z            -0.00000     0.00000    -0.00251
           7      x            -0.00239    -0.00197     0.00000
           7      y             0.00073     0.00058     0.00000
           7      z             0.00000    -0.00000    -0.00011
           8      x             0.00015    -0.00022    -0.00000
           8      y             0.00555     0.00116     0.00000
           8      z            -0.00000     0.00000     0.00019
           9      x            -0.00042    -0.00001     0.00000
           9      y             0.00147    -0.00093    -0.00000
           9      z             0.00000    -0.00000     0.00017
          10      x             0.00083    -0.00089    -0.00000
          10      y             0.00083    -0.00082     0.00000
          10      z             0.00000    -0.00000     0.00007
          11      x            -0.00139     0.00031     0.00000
          11      y             0.00039    -0.00054     0.00000
          11      z            -0.00000     0.00000    -0.00036
          12      x            -0.00180     0.00006    -0.00000
          12      y            -0.00003    -0.00019     0.00000
          12      z             0.00000    -0.00000     0.00138
          13      x             0.00095     0.00035     0.00000
          13      y             0.00063     0.00088     0.00000
          13      z            -0.00000     0.00000    -0.00000
          14      x             0.00165    -0.00021    -0.00006
          14      y            -0.00135     0.00066     0.00033
          14      z            -0.00121     0.00033     0.00089
          15      x             0.00165    -0.00021     0.00006
          15      y            -0.00135     0.00066    -0.00033
          15      z             0.00121    -0.00033     0.00089
 
 Tr. dipoles at GEO1
Electric:    -0.256497    1.184462    0.000000
Magnetic:    -0.256497    1.184462    0.000000
 Tr. dipoles extrapolated at GEO2
Electric:    -0.221660    1.355157    0.000000
Magnetic:    -0.221660    1.355157    0.000000

 TR DIPOLE DERIVATIVES IN NORMAL COORDINATES STATE1 
     1       0.0000000  -0.0000000  -0.0005372           0.0000000  -0.0000000  -0.0005372
     2      -0.0000000   0.0000000   0.0000551          -0.0000000   0.0000000   0.0000551
     3      -0.0000000   0.0000000   0.0000763          -0.0000000   0.0000000   0.0000763
     4      -0.0002569   0.0003025   0.0000000          -0.0002569   0.0003025   0.0000000
     5      -0.0000000   0.0000000  -0.0004433          -0.0000000   0.0000000  -0.0004433
     6      -0.0002982   0.0003720   0.0000000          -0.0002982   0.0003720   0.0000000
     7      -0.0000000   0.0000000   0.0013260          -0.0000000   0.0000000   0.0013260
     8       0.0012826  -0.0004944  -0.0000000           0.0012826  -0.0004944  -0.0000000
     9       0.0009073   0.0000440   0.0000000           0.0009073   0.0000440   0.0000000
    10       0.0000000  -0.0000000   0.0005625           0.0000000  -0.0000000   0.0005625
    11       0.0002018   0.0003086  -0.0000000           0.0002018   0.0003086  -0.0000000
    12       0.0000000   0.0000000   0.0004336           0.0000000   0.0000000   0.0004336
    13       0.0002039  -0.0008959   0.0000000           0.0002039  -0.0008959   0.0000000
    14      -0.0000000   0.0000000   0.0001099          -0.0000000   0.0000000   0.0001099
    15       0.0000000  -0.0000000  -0.0005789           0.0000000  -0.0000000  -0.0005789
    16      -0.0003826   0.0001608  -0.0000000          -0.0003826   0.0001608  -0.0000000
    17      -0.0000000   0.0000000  -0.0023954          -0.0000000   0.0000000  -0.0023954
    18      -0.0003630   0.0010521   0.0000000          -0.0003630   0.0010521   0.0000000
    19       0.0009992  -0.0005069   0.0000000           0.0009992  -0.0005069   0.0000000
    20      -0.0000000   0.0000000  -0.0013067          -0.0000000   0.0000000  -0.0013067
    21       0.0002502  -0.0014887  -0.0000000           0.0002502  -0.0014887  -0.0000000
    22       0.0037405  -0.0002585  -0.0000000           0.0037405  -0.0002585  -0.0000000
    23       0.0033992   0.0027368   0.0000000           0.0033992   0.0027368   0.0000000
    24      -0.0025896  -0.0035973  -0.0000000          -0.0025896  -0.0035973  -0.0000000
    25      -0.0026707  -0.0007412  -0.0000000          -0.0026707  -0.0007412  -0.0000000
    26       0.0037523  -0.0003526  -0.0000000           0.0037523  -0.0003526  -0.0000000
    27      -0.0048277  -0.0002295  -0.0000000          -0.0048277  -0.0002295  -0.0000000
    28       0.0000000  -0.0000000   0.0000206           0.0000000  -0.0000000   0.0000206
    29       0.0000154   0.0005300  -0.0000000           0.0000154   0.0005300  -0.0000000
    30       0.0016285  -0.0001074  -0.0000000           0.0016285  -0.0001074  -0.0000000
    31       0.0066094  -0.0071206   0.0000000           0.0066094  -0.0071206   0.0000000
    32      -0.0046935  -0.0052299  -0.0000000          -0.0046935  -0.0052299  -0.0000000
    33      -0.0001744  -0.0036704  -0.0000000          -0.0001744  -0.0036704  -0.0000000
    34       0.0030291  -0.0003986   0.0000000           0.0030291  -0.0003986   0.0000000
    35       0.0000000  -0.0000000   0.0013359           0.0000000  -0.0000000   0.0013359
    36       0.0003590  -0.0012206  -0.0000000           0.0003590  -0.0012206  -0.0000000
    37       0.0017660  -0.0006974   0.0000000           0.0017660  -0.0006974   0.0000000
    38       0.0017907  -0.0012273  -0.0000000           0.0017907  -0.0012273  -0.0000000
    39      -0.0023465   0.0012359   0.0000000          -0.0023465   0.0012359   0.0000000
   
   

 TR DIPOLE DERIVATIVES IN NORMAL COORDINATES STATE2 
  (these will be the ones used for spectrum calculation)
     1       0.0000000  -0.0000000  -0.0005372           0.0000000  -0.0000000  -0.0005372
     2      -0.0000000   0.0000000   0.0000551          -0.0000000   0.0000000   0.0000551
     3      -0.0000000   0.0000000   0.0000763          -0.0000000   0.0000000   0.0000763
     4      -0.0002569   0.0003025   0.0000000          -0.0002569   0.0003025   0.0000000
     5      -0.0000000   0.0000000  -0.0004433          -0.0000000   0.0000000  -0.0004433
     6      -0.0002982   0.0003720   0.0000000          -0.0002982   0.0003720   0.0000000
     7      -0.0000000   0.0000000   0.0013260          -0.0000000   0.0000000   0.0013260
     8       0.0012826  -0.0004944  -0.0000000           0.0012826  -0.0004944  -0.0000000
     9       0.0009073   0.0000440   0.0000000           0.0009073   0.0000440   0.0000000
    10       0.0000000  -0.0000000   0.0005625           0.0000000  -0.0000000   0.0005625
    11       0.0002018   0.0003086  -0.0000000           0.0002018   0.0003086  -0.0000000
    12       0.0000000   0.0000000   0.0004336           0.0000000   0.0000000   0.0004336
    13       0.0002039  -0.0008959   0.0000000           0.0002039  -0.0008959   0.0000000
    14      -0.0000000   0.0000000   0.0001099          -0.0000000   0.0000000   0.0001099
    15       0.0000000  -0.0000000  -0.0005789           0.0000000  -0.0000000  -0.0005789
    16      -0.0003826   0.0001608  -0.0000000          -0.0003826   0.0001608  -0.0000000
    17      -0.0000000   0.0000000  -0.0023954          -0.0000000   0.0000000  -0.0023954
    18      -0.0003630   0.0010521   0.0000000          -0.0003630   0.0010521   0.0000000
    19       0.0009992  -0.0005069   0.0000000           0.0009992  -0.0005069   0.0000000
    20      -0.0000000   0.0000000  -0.0013067          -0.0000000   0.0000000  -0.0013067
    21       0.0002502  -0.0014887  -0.0000000           0.0002502  -0.0014887  -0.0000000
    22       0.0037405  -0.0002585  -0.0000000           0.0037405  -0.0002585  -0.0000000
    23       0.0033992   0.0027368   0.0000000           0.0033992   0.0027368   0.0000000
    24      -0.0025896  -0.0035973  -0.0000000          -0.0025896  -0.0035973  -0.0000000
    25      -0.0026707  -0.0007412  -0.0000000          -0.0026707  -0.0007412  -0.0000000
    26       0.0037523  -0.0003526  -0.0000000           0.0037523  -0.0003526  -0.0000000
    27      -0.0048277  -0.0002295  -0.0000000          -0.0048277  -0.0002295  -0.0000000
    28       0.0000000  -0.0000000   0.0000206           0.0000000  -0.0000000   0.0000206
    29       0.0000154   0.0005300  -0.0000000           0.0000154   0.0005300  -0.0000000
    30       0.0016285  -0.0001074  -0.0000000           0.0016285  -0.0001074  -0.0000000
    31       0.0066094  -0.0071206   0.0000000           0.0066094  -0.0071206   0.0000000
    32      -0.0046935  -0.0052299  -0.0000000          -0.0046935  -0.0052299  -0.0000000
    33      -0.0001744  -0.0036704  -0.0000000          -0.0001744  -0.0036704  -0.0000000
    34       0.0030291  -0.0003986   0.0000000           0.0030291  -0.0003986   0.0000000
    35       0.0000000  -0.0000000   0.0013359           0.0000000  -0.0000000   0.0013359
    36       0.0003590  -0.0012206  -0.0000000           0.0003590  -0.0012206  -0.0000000
    37       0.0017660  -0.0006974   0.0000000           0.0017660  -0.0006974   0.0000000
    38       0.0017907  -0.0012273  -0.0000000           0.0017907  -0.0012273  -0.0000000
    39      -0.0023465   0.0012359   0.0000000          -0.0023465   0.0012359   0.0000000
   
   
                    TR DIPOLE DERIVATIVES IN N. MODES STATE2  WEIGHTED BY 1/(SQRT[FREQ])
                        AND CONTRIBUTION TO HT INTENSITY IN DECREASING ORDER
                    DERIVATIVES EL DIPOLE (au)                 DERIVATIVES MAG DIPOLE (au)            HT ROT STREGTH (10**-40 cgs)
                   x        y        z       mod              x        y        z       mod             VALUE     SUM       SUM(ABS)
    1      31   0.0525  -0.0565   0.0000   0.0771     31   0.0525  -0.0565   0.0000   0.0771     31   2.805637   0.281E+01   0.281E+01
    2      32  -0.0367  -0.0409  -0.0000   0.0549     32  -0.0367  -0.0409  -0.0000   0.0549     32   1.421192   0.423E+01   0.423E+01
    3      27  -0.0420  -0.0020  -0.0000   0.0421     27  -0.0420  -0.0020  -0.0000   0.0421     27   0.834533   0.506E+01   0.506E+01
    4      23   0.0319   0.0257   0.0000   0.0409     23   0.0319   0.0257   0.0000   0.0409     23   0.788914   0.585E+01   0.585E+01
    5      24  -0.0230  -0.0320  -0.0000   0.0394     24  -0.0230  -0.0320  -0.0000   0.0394     24   0.730902   0.658E+01   0.658E+01
    6      22   0.0355  -0.0025  -0.0000   0.0356     22   0.0355  -0.0025  -0.0000   0.0356     22   0.597966   0.718E+01   0.718E+01
    7      26   0.0328  -0.0031  -0.0000   0.0330     26   0.0328  -0.0031  -0.0000   0.0330     26   0.512054   0.769E+01   0.769E+01
    8      33  -0.0013  -0.0284  -0.0000   0.0284     33  -0.0013  -0.0284  -0.0000   0.0284     33   0.380427   0.807E+01   0.807E+01
    9      17  -0.0000   0.0000  -0.0260   0.0260     17  -0.0000   0.0000  -0.0260   0.0260     17   0.319720   0.839E+01   0.839E+01
   10      25  -0.0234  -0.0065  -0.0000   0.0243     25  -0.0234  -0.0065  -0.0000   0.0243     25   0.278991   0.867E+01   0.867E+01
   11       7  -0.0000   0.0000   0.0220   0.0220      7  -0.0000   0.0000   0.0220   0.0220      7   0.227348   0.890E+01   0.890E+01
   12       8   0.0197  -0.0076  -0.0000   0.0211      8   0.0197  -0.0076  -0.0000   0.0211      8   0.209615   0.911E+01   0.911E+01
   13      34   0.0181  -0.0024   0.0000   0.0183     34   0.0181  -0.0024   0.0000   0.0183     34   0.157787   0.927E+01   0.927E+01
   14       1   0.0000  -0.0000  -0.0171   0.0171      1   0.0000  -0.0000  -0.0171   0.0171      1   0.137498   0.940E+01   0.940E+01
   15      21   0.0024  -0.0144  -0.0000   0.0146     21   0.0024  -0.0144  -0.0000   0.0146     21   0.100535   0.950E+01   0.950E+01
   16      39  -0.0128   0.0068   0.0000   0.0145     39  -0.0128   0.0068   0.0000   0.0145     39   0.099219   0.960E+01   0.960E+01
   17      30   0.0138  -0.0009  -0.0000   0.0138     30   0.0138  -0.0009  -0.0000   0.0138     30   0.090414   0.969E+01   0.969E+01
   18      20  -0.0000   0.0000  -0.0132   0.0132     20  -0.0000   0.0000  -0.0132   0.0132     20   0.081851   0.977E+01   0.977E+01
   19       9   0.0128   0.0006   0.0000   0.0128      9   0.0128   0.0006   0.0000   0.0128      9   0.076997   0.985E+01   0.985E+01
   20      38   0.0099  -0.0068  -0.0000   0.0119     38   0.0099  -0.0068  -0.0000   0.0119     38   0.067281   0.992E+01   0.992E+01
   21      18  -0.0038   0.0111   0.0000   0.0118     18  -0.0038   0.0111   0.0000   0.0118     18   0.065344   0.998E+01   0.998E+01
   22      19   0.0103  -0.0052   0.0000   0.0115     19   0.0103  -0.0052   0.0000   0.0115     19   0.062823   0.100E+02   0.100E+02
   23      13   0.0025  -0.0109   0.0000   0.0112     13   0.0025  -0.0109   0.0000   0.0112     13   0.058652   0.101E+02   0.101E+02
   24      37   0.0103  -0.0041   0.0000   0.0111     37   0.0103  -0.0041   0.0000   0.0111     37   0.057962   0.102E+02   0.102E+02
   25       5  -0.0000   0.0000  -0.0085   0.0085      5  -0.0000   0.0000  -0.0085   0.0085      5   0.034346   0.102E+02   0.102E+02
   26       6  -0.0050   0.0062   0.0000   0.0079      6  -0.0050   0.0062   0.0000   0.0079      6   0.029630   0.102E+02   0.102E+02
   27      35   0.0000  -0.0000   0.0079   0.0079     35   0.0000  -0.0000   0.0079   0.0079     35   0.029588   0.103E+02   0.103E+02
   28      10   0.0000  -0.0000   0.0079   0.0079     10   0.0000  -0.0000   0.0079   0.0079     10   0.029506   0.103E+02   0.103E+02
   29       4  -0.0051   0.0060   0.0000   0.0079      4  -0.0051   0.0060   0.0000   0.0079      4   0.029088   0.103E+02   0.103E+02
   30      36   0.0021  -0.0072  -0.0000   0.0075     36   0.0021  -0.0072  -0.0000   0.0075     36   0.026686   0.103E+02   0.103E+02
   31      15   0.0000  -0.0000  -0.0069   0.0069     15   0.0000  -0.0000  -0.0069   0.0069     15   0.022232   0.104E+02   0.104E+02
   32      12   0.0000   0.0000   0.0055   0.0055     12   0.0000   0.0000   0.0055   0.0055     12   0.014495   0.104E+02   0.104E+02
   33      11   0.0027   0.0041  -0.0000   0.0049     11   0.0027   0.0041  -0.0000   0.0049     11   0.011433   0.104E+02   0.104E+02
   34      16  -0.0044   0.0019  -0.0000   0.0048     16  -0.0044   0.0019  -0.0000   0.0048     16   0.010916   0.104E+02   0.104E+02
   35      29   0.0001   0.0045  -0.0000   0.0045     29   0.0001   0.0045  -0.0000   0.0045     29   0.009688   0.104E+02   0.104E+02
   36       3  -0.0000   0.0000   0.0021   0.0021      3  -0.0000   0.0000   0.0021   0.0021      3   0.001985   0.104E+02   0.104E+02
   37       2  -0.0000   0.0000   0.0015   0.0015      2  -0.0000   0.0000   0.0015   0.0015      2   0.001064   0.104E+02   0.104E+02
   38      14  -0.0000   0.0000   0.0013   0.0013     14  -0.0000   0.0000   0.0013   0.0013     14   0.000807   0.104E+02   0.104E+02
   39      28   0.0000  -0.0000   0.0002   0.0002     28   0.0000  -0.0000   0.0002   0.0002     28   0.000015   0.104E+02   0.104E+02
   
   
     
 TRANSITION DIPOLE MOMENTS AT INITIAL-STATE
  GEOMETRY OBTAINED BY LINEAR INTERPOLATION IN NORMAL COORDINATES
     
 ORIGINAL TRANSITION ELECTRIC DIPOLE at GEO1 
At Geo State 1           -0.25649736    1.18446218    0.00000000        1.21191648
 INTERP. TRANSITION ELECTRIC DIPOLE at GEO1 
At Geo State 1           -0.29133511    1.01376703   -0.00000000        1.05479844
  error component x -3.483775671900891E-002
  error component y -0.170695149467018     
  error component z -2.007972727868323E-012
 angle between the two vectors in degrees   3.81469350045763     
  
 ORIGINAL TRANSITION MAGNETIC DIPOLE at GEO1 
At Geo State 1           -0.25649736    1.18446218    0.00000000        1.21191648
 INTERP. TRANSITION MAGNETIC DIPOLE at GEO1 
At Geo State 1           -0.29133511    1.01376703   -0.00000000        1.05479844
  error component x -3.483775671900891E-002
  error component y -0.170695149467018     
  error component z -2.007972727868323E-012
 angle between the two vectors in degrees   3.81469350045763     
     
     
 angle between the interp. elec. and magn. dip   0.000000000000000E+000
     
 TRANSITION DIPOLE MOMENTS AT FINAL-STATE
  GEOMETRY OBTAINED BY LINEAR INTERPOLATION IN NORMAL COORDINATES
 ORIGINAL TRANSITION ELECTRIC DIPOLE at GEO2 
At Geo State 2           -0.25649736    1.18446218    0.00000000        1.21191648
 INTERP. TRANSITION ELECTRIC DIPOLE at GEO2 
At Geo State 2           -0.22165960    1.35515733    0.00000000        1.37316582
  error component x  3.483775671900885E-002
  error component y  0.170695149467018     
  error component z  2.007972727868323E-012
 angle between the two vectors in degrees   2.92937158372670     
  
 ORIGINAL TRANSITION MAGNETIC DIPOLE at GEO2 
At Geo State 2           -0.25649736    1.18446218    0.00000000        1.21191648
 INTERP. TRANSITION MAGNETIC DIPOLE at GEO2 
At Geo State 2           -0.22165960    1.35515733    0.00000000        1.37316582
  error component x  3.483775671900885E-002
  error component y  0.170695149467018     
  error component z  2.007972727868323E-012
 angle between the two vectors in degrees   2.92937158372670     
     
     
 angle between the interp. elec. and magn. dip   0.000000000000000E+000
 IF RUNNING ABS/EMI THEN IN SUBSEQUENT EMI/ABS CALCULATION
 USE THE INTERPOLATED VALUES AT GEO2/GEO1LIKE INITIAL-STATE DATA
 TO OBTAIN COHERENT HERZBERG-TELLER RESULTS
 WITH HTi OPTION
  FINAL STATE DIP0 AND DIPM0 ACTUALLY USED IN CALCULATIONS
  dip0(1)= -0.2216596    dipm0(1)= -0.2216596
  dip0(2)=  1.3551573    dipm0(2)=  1.3551573
  dip0(3)=  0.0000000    dipm0(3)=  0.0000000
 FC part of total intensity   1.46874154999834     
 TOTAL INTENSITY 0K   1.46904742142805     
    
     1       0.0000000  -0.0000000  -0.0005372           0.0000000  -0.0000000  -0.0005372
     2      -0.0000000   0.0000000   0.0000551          -0.0000000   0.0000000   0.0000551
     3      -0.0000000   0.0000000   0.0000763          -0.0000000   0.0000000   0.0000763
     4      -0.0002569   0.0003025   0.0000000          -0.0002569   0.0003025   0.0000000
     5      -0.0000000   0.0000000  -0.0004433          -0.0000000   0.0000000  -0.0004433
     6      -0.0002982   0.0003720   0.0000000          -0.0002982   0.0003720   0.0000000
     7      -0.0000000   0.0000000   0.0013260          -0.0000000   0.0000000   0.0013260
     8       0.0012826  -0.0004944  -0.0000000           0.0012826  -0.0004944  -0.0000000
     9       0.0009073   0.0000440   0.0000000           0.0009073   0.0000440   0.0000000
    10       0.0000000  -0.0000000   0.0005625           0.0000000  -0.0000000   0.0005625
    11       0.0002018   0.0003086  -0.0000000           0.0002018   0.0003086  -0.0000000
    12       0.0000000   0.0000000   0.0004336           0.0000000   0.0000000   0.0004336
    13       0.0002039  -0.0008959   0.0000000           0.0002039  -0.0008959   0.0000000
    14      -0.0000000   0.0000000   0.0001099          -0.0000000   0.0000000   0.0001099
    15       0.0000000  -0.0000000  -0.0005789           0.0000000  -0.0000000  -0.0005789
    16      -0.0003826   0.0001608  -0.0000000          -0.0003826   0.0001608  -0.0000000
    17      -0.0000000   0.0000000  -0.0023954          -0.0000000   0.0000000  -0.0023954
    18      -0.0003630   0.0010521   0.0000000          -0.0003630   0.0010521   0.0000000
    19       0.0009992  -0.0005069   0.0000000           0.0009992  -0.0005069   0.0000000
    20      -0.0000000   0.0000000  -0.0013067          -0.0000000   0.0000000  -0.0013067
    21       0.0002502  -0.0014887  -0.0000000           0.0002502  -0.0014887  -0.0000000
    22       0.0037405  -0.0002585  -0.0000000           0.0037405  -0.0002585  -0.0000000
    23       0.0033992   0.0027368   0.0000000           0.0033992   0.0027368   0.0000000
    24      -0.0025896  -0.0035973  -0.0000000          -0.0025896  -0.0035973  -0.0000000
    25      -0.0026707  -0.0007412  -0.0000000          -0.0026707  -0.0007412  -0.0000000
    26       0.0037523  -0.0003526  -0.0000000           0.0037523  -0.0003526  -0.0000000
    27      -0.0048277  -0.0002295  -0.0000000          -0.0048277  -0.0002295  -0.0000000
    28       0.0000000  -0.0000000   0.0000206           0.0000000  -0.0000000   0.0000206
    29       0.0000154   0.0005300  -0.0000000           0.0000154   0.0005300  -0.0000000
    30       0.0016285  -0.0001074  -0.0000000           0.0016285  -0.0001074  -0.0000000
    31       0.0066094  -0.0071206   0.0000000           0.0066094  -0.0071206   0.0000000
    32      -0.0046935  -0.0052299  -0.0000000          -0.0046935  -0.0052299  -0.0000000
    33      -0.0001744  -0.0036704  -0.0000000          -0.0001744  -0.0036704  -0.0000000
    34       0.0030291  -0.0003986   0.0000000           0.0030291  -0.0003986   0.0000000
    35       0.0000000  -0.0000000   0.0013359           0.0000000  -0.0000000   0.0013359
    36       0.0003590  -0.0012206  -0.0000000           0.0003590  -0.0012206  -0.0000000
    37       0.0017660  -0.0006974   0.0000000           0.0017660  -0.0006974   0.0000000
    38       0.0017907  -0.0012273  -0.0000000           0.0017907  -0.0012273  -0.0000000
    39      -0.0023465   0.0012359   0.0000000          -0.0023465   0.0012359   0.0000000


 FC(GEO1 from input) contribution to total Intensity   1.46874154999834     
   
   
 TOTAL INTENSITY 0K final estimate   1.49083357337018     
      
 *******************************************
   
   
                    TR DIPOLE DERIVATIVES IN N. MODES STATE1  WEIGHTED BY 1/(SQRT[FREQ])
                        AND CONTRIBUTION TO HT INTENSITY IN DECREASING ORDER
                    DERIVATIVES EL DIPOLE (au)                 DERIVATIVES MAG DIPOLE (au)            HT ROT STREGTH (10**-40 cgs)
                   x        y        z       mod              x        y        z       mod             VALUE     SUM       SUM(ABS)
    1      31   0.0525  -0.0565   0.0000   0.0771     31   0.0525  -0.0565   0.0000   0.0771     31   2.805637   0.281E+01   0.281E+01
    2      32  -0.0367  -0.0409  -0.0000   0.0549     32  -0.0367  -0.0409  -0.0000   0.0549     32   1.421192   0.423E+01   0.423E+01
    3      27  -0.0420  -0.0020  -0.0000   0.0421     27  -0.0420  -0.0020  -0.0000   0.0421     27   0.834533   0.506E+01   0.506E+01
    4      23   0.0319   0.0257   0.0000   0.0409     23   0.0319   0.0257   0.0000   0.0409     23   0.788914   0.585E+01   0.585E+01
    5      24  -0.0230  -0.0320  -0.0000   0.0394     24  -0.0230  -0.0320  -0.0000   0.0394     24   0.730902   0.658E+01   0.658E+01
    6      22   0.0355  -0.0025  -0.0000   0.0356     22   0.0355  -0.0025  -0.0000   0.0356     22   0.597966   0.718E+01   0.718E+01
    7      26   0.0328  -0.0031  -0.0000   0.0330     26   0.0328  -0.0031  -0.0000   0.0330     26   0.512054   0.769E+01   0.769E+01
    8      33  -0.0013  -0.0284  -0.0000   0.0284     33  -0.0013  -0.0284  -0.0000   0.0284     33   0.380427   0.807E+01   0.807E+01
    9      17  -0.0000   0.0000  -0.0260   0.0260     17  -0.0000   0.0000  -0.0260   0.0260     17   0.319720   0.839E+01   0.839E+01
   10      25  -0.0234  -0.0065  -0.0000   0.0243     25  -0.0234  -0.0065  -0.0000   0.0243     25   0.278991   0.867E+01   0.867E+01
   11       7  -0.0000   0.0000   0.0220   0.0220      7  -0.0000   0.0000   0.0220   0.0220      7   0.227348   0.890E+01   0.890E+01
   12       8   0.0197  -0.0076  -0.0000   0.0211      8   0.0197  -0.0076  -0.0000   0.0211      8   0.209615   0.911E+01   0.911E+01
   13      34   0.0181  -0.0024   0.0000   0.0183     34   0.0181  -0.0024   0.0000   0.0183     34   0.157787   0.927E+01   0.927E+01
   14       1   0.0000  -0.0000  -0.0171   0.0171      1   0.0000  -0.0000  -0.0171   0.0171      1   0.137498   0.940E+01   0.940E+01
   15      21   0.0024  -0.0144  -0.0000   0.0146     21   0.0024  -0.0144  -0.0000   0.0146     21   0.100535   0.950E+01   0.950E+01
   16      39  -0.0128   0.0068   0.0000   0.0145     39  -0.0128   0.0068   0.0000   0.0145     39   0.099219   0.960E+01   0.960E+01
   17      30   0.0138  -0.0009  -0.0000   0.0138     30   0.0138  -0.0009  -0.0000   0.0138     30   0.090414   0.969E+01   0.969E+01
   18      20  -0.0000   0.0000  -0.0132   0.0132     20  -0.0000   0.0000  -0.0132   0.0132     20   0.081851   0.977E+01   0.977E+01
   19       9   0.0128   0.0006   0.0000   0.0128      9   0.0128   0.0006   0.0000   0.0128      9   0.076997   0.985E+01   0.985E+01
   20      38   0.0099  -0.0068  -0.0000   0.0119     38   0.0099  -0.0068  -0.0000   0.0119     38   0.067281   0.992E+01   0.992E+01
   21      18  -0.0038   0.0111   0.0000   0.0118     18  -0.0038   0.0111   0.0000   0.0118     18   0.065344   0.998E+01   0.998E+01
   22      19   0.0103  -0.0052   0.0000   0.0115     19   0.0103  -0.0052   0.0000   0.0115     19   0.062823   0.100E+02   0.100E+02
   23      13   0.0025  -0.0109   0.0000   0.0112     13   0.0025  -0.0109   0.0000   0.0112     13   0.058652   0.101E+02   0.101E+02
   24      37   0.0103  -0.0041   0.0000   0.0111     37   0.0103  -0.0041   0.0000   0.0111     37   0.057962   0.102E+02   0.102E+02
   25       5  -0.0000   0.0000  -0.0085   0.0085      5  -0.0000   0.0000  -0.0085   0.0085      5   0.034346   0.102E+02   0.102E+02
   26       6  -0.0050   0.0062   0.0000   0.0079      6  -0.0050   0.0062   0.0000   0.0079      6   0.029630   0.102E+02   0.102E+02
   27      35   0.0000  -0.0000   0.0079   0.0079     35   0.0000  -0.0000   0.0079   0.0079     35   0.029588   0.103E+02   0.103E+02
   28      10   0.0000  -0.0000   0.0079   0.0079     10   0.0000  -0.0000   0.0079   0.0079     10   0.029506   0.103E+02   0.103E+02
   29       4  -0.0051   0.0060   0.0000   0.0079      4  -0.0051   0.0060   0.0000   0.0079      4   0.029088   0.103E+02   0.103E+02
   30      36   0.0021  -0.0072  -0.0000   0.0075     36   0.0021  -0.0072  -0.0000   0.0075     36   0.026686   0.103E+02   0.103E+02
   31      15   0.0000  -0.0000  -0.0069   0.0069     15   0.0000  -0.0000  -0.0069   0.0069     15   0.022232   0.104E+02   0.104E+02
   32      12   0.0000   0.0000   0.0055   0.0055     12   0.0000   0.0000   0.0055   0.0055     12   0.014495   0.104E+02   0.104E+02
   33      11   0.0027   0.0041  -0.0000   0.0049     11   0.0027   0.0041  -0.0000   0.0049     11   0.011433   0.104E+02   0.104E+02
   34      16  -0.0044   0.0019  -0.0000   0.0048     16  -0.0044   0.0019  -0.0000   0.0048     16   0.010916   0.104E+02   0.104E+02
   35      29   0.0001   0.0045  -0.0000   0.0045     29   0.0001   0.0045  -0.0000   0.0045     29   0.009688   0.104E+02   0.104E+02
   36       3  -0.0000   0.0000   0.0021   0.0021      3  -0.0000   0.0000   0.0021   0.0021      3   0.001985   0.104E+02   0.104E+02
   37       2  -0.0000   0.0000   0.0015   0.0015      2  -0.0000   0.0000   0.0015   0.0015      2   0.001064   0.104E+02   0.104E+02
   38      14  -0.0000   0.0000   0.0013   0.0013     14  -0.0000   0.0000   0.0013   0.0013     14   0.000807   0.104E+02   0.104E+02
   39      28   0.0000  -0.0000   0.0002   0.0002     28   0.0000  -0.0000   0.0002   0.0002     28   0.000015   0.104E+02   0.104E+02
   
   
 *******************************************
 GENERALIZED OSC. STRENGTH INCLUDING HT EFFECT   0.000000000000000E+000
 ***********************************************
 ANALYTICAL MOMENTS OF THE SPECTRUM
 ZERO-TH MOMENT
 FC zeroth moment   1.46874154999834     
 FCHT zeroth moment T=0K   1.49083357337018     
 FCHT zeroth moment input T   1.49083357337018     
 
 FIRST MOMENT
 evert  0.000000000000000E+000  0.000000000000000E+000
 aaafc   1.46874154999834     
  FC component (eV)    -1.49128957344415     
  FC-HT component (eV)   -1.071932066769782E-005
  HT component (eV)   -6.506014438018558E+075
  FIRST MOMENT (eV)   -6.506014438018558E+075
    
  FC VARIANCE (eV**2)     3.01996801847541     
  FC Gradient contr.    (eV**2)    2.611341279844029E-004
  FC Freq. shift contr. (eV**2)    2.595440402146098E-004
  FC Duschinsky  contr. (eV**2)     3.01944734030721     
  FWHM (eV)   4.09221926820882     
  FWHM (cm-1)   33005.9783379006     
 ***********************************************
  
  


 ================= 
  TRANSITION INFO  
 ================= 
            DATA FOR VERTICAL TRANSITION 
  electric transition dipoles (au) at initial GEO 1
           -0.25649736    1.18446218    0.00000000
  electric transition dipoles (au) at initial GEO 2
           -0.25649736    1.18446218    0.00000000
  Square tr dipoles: geo1  1.46874155  geo2   1.46874155  Diff (d1-d2)/d1    0.0000 %
   
 ------------------
  State2 -> State1
 ------------------
 Reorganization Energy (eV) on State1        0.379066
 Vertical emission energy (eV)               4.556270
 Fluorescence lifetime from minimum (ns)  6.771278E+00
 ********************************************** 
   
 ------------------
  State1 -> State2
 ------------------
 Reorganization Energy on State2 (eV)        0.379066
 Vertical absorption energy (eV)             5.314403
 Absorption oscillator strength           1.912308E-01
 ********************************************** 
   

NOTE: Spectra resolution set to:  0.00400                                                                 
 

NOTE: To ensure exact match of TI and TD resuls, final spectral range reset to:    4.0000-                
       9.0000(eV)                                                                                         
 

 ----------------------------------------
 Refined spectral range for simulations: 
  nene       =      1251
  From E(eV) =    4.0000
  To   E(eV) =    9.0000
 
 Related time-domain parameters
 (with energy shift & extended range):
  ntime =          652
  dt    =       0.7929
  tfin  =     516.5620
 Shift info (for external FT)
  dE_ext=  0.104000    
  Eshift=   3.89600    
 ----------------------------------------


NOTE: Changing Ead to optimize TD method before entering the spectrum calculation.Ead(original)=          
        4.935 (eV); Ead(shifted )=   1.039 (eV)                                                           
 


 ____________________________________________
  ============================================
  PROGRAM: td_onephoton
   Compute vibronic spectra with a harmonic 
   TD formulation                           
                                            
  References:                               
   Comput Theoret Chem, 1040--1041, 186-194 (2014)
 ____________________________________________
  ============================================
 
 SUMMARY OF CALCULATION OPTIONS
 -------------------------------
 Adiabatic Energy (eV)  :   1.0393

 Tipe of transition     : ABS-ECDNO

 Dipole aproximation    : HT-HTi
 El. dipole at ref geom :   -0.222        1.36       0.201E-11

 Numerical evaluation of xi(t)
         Total time (fs):   516.562
         Nr data points : 652
         Time step (fs) :  0.793    

 Broad. function        : GAU  
 Broad. exponent        :    7.794E-07
 Broad. order           : 2
 -------------------------------

 Computing correlation functions over 652 points

 Calling FFT with 1304 points


 Entering in fft_calc subroutine (FFTW)
 Ndata: 1304
 tini and tfin  -516.562     516.562

 df  9.671957840330411E-004
 dt  0.792881005380783     
 =========== tdspectra finished ===========  
 Timing...
  CPU (s) for tdspectra :       0.225
 ==========================================
                                           



===============================

 SUMMARY OF NOTES AND WARNINGS

===============================
 ---------------------------------
 6 notes raised along the run
 Look for NOTE in the output
 ---------------------------------

 
 ****************** FCclasses finished *******************
 Timing...   
  CPU (s)       0.259
 *********************************************************
 
 FCclasses finished successfully
