 
                                                    \ /               
                                              ..-'''-*-               
                                              \.-'''\ \               
      _____ _____      _                             | |              
     |  ___/  __ \    | |                         __/ /               
     | |_  | /  \/ ___| | __ _ ___ ___  ___  ___ |_  '.               
     |  _| | |    / __| |/ _` / __/ __|/ _ \/ __|   `.  \             
     | |   | \__/\ (__| | (_| \__ \__ \  __/\__ \     \ '.            
     \_|    \____/\___|_|\__,_|___/___/\___||___/      , |            
                                                       | |            
                                                      / ,'            
                                              -....--'  /             
                                              `.. __..-'              
                                                                      
 ********************************************************* 
   FCCLASSES3:                                             
   A code for vibronic simulations                         
                                                           
                                                           
 ********************************************************* 


 GIT VERSION INFO
  Commit id  : v3-1.0-2-g78ec1d1-dirty
  Commit date: 2022-07-22 10:24:13 +0200

 CURRENT RUN INFO
  Date&Time  : 2023-01-18, 11:45:01
  Input file : STDIN
  Input type : NEW



 INPUT OPTIONS:
-------------------------------
$$$
;GENERAL OPTIONS:
; NAT        = (read from structure files)
; NVIB       = (determined vibrational analysis)
PROPERTY     =   OPA   
MODEL        =   VG   
DIPOLE       =   FC   
DIPDER_COORD =   CARTESIAN  
TEMP         =     0.00
DE           =   5.53340
BROADFUN     =   VOI  
HWHM         =   0.1200
HWHM2        =   0.0400
RESOL        =   0.0120  ; (default: HWHM/10)
METHOD       =   TD   
ROT          =   1
SPCMIN       =     4.000
SPCMAX       =     9.000
;VIBRATIONAL ANALYSIS
NORMALMODES  =   COMPUTE  
RM_COORD     =   NONE    
COORDS       =   CARTESIAN  
FORCE_REAL   =   YES  
;INPUT DATA FILES
STATE1_FILE  =   ../../../../Thymine6311-freq-solv.fcc
STATE2_FILE  =   ../../../../Thymine6311-freq-solv-ES2.fcc
MASS_FILE    =   
ELDIP_FILE   =   ../../../../eldip_Thymine6311-freq-solv-ES2_fchk
MAGDIP_FILE  =   ../../../../magdip_Thymine6311-freq-solv-ES2_fchk
NAC_FILE     =   
NRCOUP_FILE  =   ../../../../eldip_Thymine6311-freq-solv-ES2_fchk
HESS1_FILE   =   ../../../../Thymine6311-freq-solv.fcc
HESS2_FILE   =   ../../../../Thymine6311-freq-solv.fcc
GRAD1_FILE   =   ../../../../Thymine6311-freq-solv.fcc
GRAD2_COORD  =   CARTESIAN
GRAD2_FILE   =   ../../../../Thymine6311-freq-solv-ES2.fcc
;VERBOSE LEVEL
VERBOSE      =   1
  
-------------------------------



 ==> State 1 <==

 Geometry file: ../../../../Thymine6311-freq-solv.fcc


 Gradient file: ../../../../Thymine6311-freq-solv.fcc

NOTE: The calculation for this State will assume stationary point since the gradient is                   
      small (maximum atomic gradient:   0.000096 a.u.)                                                    
 
 Hessian file: ../../../../Thymine6311-freq-solv.fcc



 ---------------------------------------
  Check effect of symmetry operations
  on Hessian elements (or gs^t\beta)
 ---------------------------------------

 Using input geometry instead of rotating to principal axis of intertia to detect symmetry


NOTE: Cannot determine symmetry. Set to C1 (no symmetric atoms)                                           
 
 
 ---------------------------------------



 =========================
  ANALYSIS OF DOFs
 =========================

 => STATE 1 <=
 Geometry (Angstroms)
 27    # Nr. of atoms
   Atom       X         Y         Z      Mass
N         -0.2312   -0.0351   -0.1877   14.0031
C          1.0964   -0.3620   -0.1381   12.0000
N          1.9435    0.6930    0.0003   14.0031
C          1.5071    1.9884    0.0940   12.0000
C          0.2030    2.3185    0.0627   12.0000
C         -0.7580    1.2420   -0.0795   12.0000
H         -0.8888   -0.8134   -0.3333    1.0078
O          1.4937   -1.5266   -0.2121   15.9949
H          2.9379    0.4607    0.0320    1.0078
H          2.2898    2.7278    0.1993    1.0078
O         -1.9758    1.4124   -0.1084   15.9949
C         -0.2989    3.7236    0.1709   12.0000
H         -0.8775    4.0006   -0.7127    1.0078
H         -0.9551    3.8378    1.0362    1.0078
H          0.5319    4.4213    0.2727    1.0078
O         -2.1570   -2.1894   -0.5455   15.9949
H          0.5350   -3.0516    0.4137    1.0078
O          4.2198   -1.0042    0.0523   15.9949
H         -3.3501    0.3297    0.1412    1.0078
H         -2.9566   -1.6966   -0.2488    1.0078
H         -2.3375   -2.4933   -1.4413    1.0078
O         -0.1161   -3.7123    0.6992   15.9949
H         -0.9538   -3.3454    0.3749    1.0078
H          3.4377   -1.5548   -0.1250    1.0078
H          4.8712   -1.2270   -0.6198    1.0078
O         -4.0085   -0.3948    0.1898   15.9949
H         -4.4169   -0.3444    1.0594    1.0078
 

 ------------------------------------------------
   INERTIA TENSOR (to be multiplied by 10**5)
 ------------------------------------------------

             1           2           3
  
    1    14.66310     0.08981    -0.07241
    2     0.08981    17.11093     0.09566
    3    -0.07241     0.09566    30.99913
 ------------------------------------------------


 ------------------------------------------------
   ROTATIONAL CONSTANTS (AND ROTATION MATRIX)
 ------------------------------------------------

 ROOT NO.    1           2           3

    ************************************
  
    1     0.99931    -0.03679     0.00464
    2     0.03682     0.99930    -0.00669
    3    -0.00439     0.00686     0.99997
 ------------------------------------------------

  Rotational constants (GHz)
     0.62843     0.53831     0.29718
  Rotational temperatures (K)
     0.03016     0.02584     0.01426


 -------------------
  DOF   Dimension
 -------------------
  Vib    75
  Rot    3
  Tra    3
 -------------------


 Translating State1 to its Center of Mass
 Initial COM:       0.0108     -0.0061     -0.0002


 ================================
  VIBRATIONAL ANALYSIS ON STATE1
 ================================

 ----------------------------------
   Redundant Frequencies (cm-1)
 ----------------------------------
     1    -0.00004
     2    -0.00002
     3    -0.00001
     4    -0.00001
     5     0.00002
     6     0.00003
 ----------------------------------


 ------------------------
   FREQUENCIES (cm-1)
 ------------------------
     1    23.69974
     2    40.65179
     3    53.95450
     4    62.86303
     5    69.58869
     6   101.74424
     7   118.24849
     8   138.70959
     9   149.17880
    10   159.84401
    11   167.95916
    12   175.73912
    13   183.57321
    14   192.13269
    15   224.44720
    16   254.12597
    17   282.03509
    18   305.98207
    19   309.81395
    20   325.04437
    21   344.14249
    22   395.85587
    23   415.63683
    24   431.58477
    25   438.62883
    26   465.49205
    27   482.38648
    28   531.93025
    29   567.09932
    30   608.95937
    31   625.23999
    32   636.24816
    33   684.26382
    34   762.32586
    35   766.64929
    36   783.20792
    37   809.45174
    38   825.09175
    39   882.38654
    40   912.20864
    41   956.44998
    42  1012.27687
    43  1051.79755
    44  1080.68994
    45  1201.81909
    46  1248.77884
    47  1270.75603
    48  1397.03683
    49  1429.49342
    50  1470.79230
    51  1478.72870
    52  1492.25552
    53  1504.55820
    54  1552.32927
    55  1594.80728
    56  1606.29315
    57  1633.11156
    58  1669.25026
    59  1710.05140
    60  1726.46970
    61  1749.67539
    62  3059.84823
    63  3117.01805
    64  3144.55363
    65  3234.98493
    66  3295.07493
    67  3410.56671
    68  3434.60240
    69  3523.21779
    70  3668.48097
    71  3695.20246
    72  3734.81060
    73  3879.33554
    74  3892.89116
    75  3896.99602
 ------------------------

 =====================
  THERMOCHEMISTRY     
 =====================
  Temperature (K):    0.00
  Pressure (atm) :    1.00
 
  Rotational constants (GHz)
     0.62843     0.53831     0.29718
  Rotational temperatures (K)
     0.03016     0.02584     0.01426
 
  Partition Functions
  qt =      0.000    
  qr =      0.000    
  qv =      0.000    
 
  Contributions to entropy
  St (cm-1/K) = -Infinity
  Sr (cm-1/K) = -Infinity
  Sv (cm-1/K) =       NaN
 
  Thermal corrections (AU)
  Zero Point Energy =   0.215362    
  Internal Energy   =   0.215362    
  Enthalpy          =   0.215362    
  Gibbs Free Energy =            NaN
 
  Thermal corrections (AU) - vibrational only
  Number of vibrations:      75
  V-internal Energy   =   0.215362    
  V-enthalpy          =   0.215362    
  V-gibbs Free Energy =            NaN


 ==> State 2 <==

 Geometry file: ../../../../Thymine6311-freq-solv-ES2.fcc


 Gradient file: ../../../../Thymine6311-freq-solv-ES2.fcc

NOTE: The calculation for this State will assume non-stationary point since the gradient                  
      is not negligible (maximum atomic gradient:   0.118658 a.u.)                                        
 
 Hessian file: ../../../../Thymine6311-freq-solv.fcc


 Combination abs/ECDNO
 A standard one-photon absorption calculation  will be performed


 =========================
  ANALYSIS OF DOFs
 =========================

 => STATE 2 <=
 Geometry (Angstroms)
 27    # Nr. of atoms
   Atom       X         Y         Z      Mass
N         -0.2312   -0.0351   -0.1877   14.0031
C          1.0964   -0.3620   -0.1381   12.0000
N          1.9435    0.6930    0.0003   14.0031
C          1.5071    1.9884    0.0940   12.0000
C          0.2030    2.3185    0.0627   12.0000
C         -0.7580    1.2420   -0.0795   12.0000
H         -0.8888   -0.8134   -0.3333    1.0078
O          1.4937   -1.5266   -0.2121   15.9949
H          2.9379    0.4607    0.0320    1.0078
H          2.2898    2.7278    0.1993    1.0078
O         -1.9758    1.4124   -0.1084   15.9949
C         -0.2989    3.7236    0.1709   12.0000
H         -0.8775    4.0006   -0.7127    1.0078
H         -0.9551    3.8378    1.0362    1.0078
H          0.5319    4.4213    0.2727    1.0078
O         -2.1570   -2.1894   -0.5455   15.9949
H          0.5350   -3.0516    0.4137    1.0078
O          4.2198   -1.0042    0.0523   15.9949
H         -3.3501    0.3297    0.1412    1.0078
H         -2.9566   -1.6966   -0.2488    1.0078
H         -2.3375   -2.4933   -1.4413    1.0078
O         -0.1161   -3.7123    0.6992   15.9949
H         -0.9538   -3.3454    0.3749    1.0078
H          3.4377   -1.5548   -0.1250    1.0078
H          4.8712   -1.2270   -0.6198    1.0078
O         -4.0085   -0.3948    0.1898   15.9949
H         -4.4169   -0.3444    1.0594    1.0078
 

 ------------------------------------------------
   INERTIA TENSOR (to be multiplied by 10**5)
 ------------------------------------------------

             1           2           3
  
    1    14.66310     0.08981    -0.07241
    2     0.08981    17.11093     0.09566
    3    -0.07241     0.09566    30.99913
 ------------------------------------------------


 ------------------------------------------------
   ROTATIONAL CONSTANTS (AND ROTATION MATRIX)
 ------------------------------------------------

 ROOT NO.    1           2           3

    ************************************
  
    1     0.99931    -0.03679     0.00464
    2     0.03682     0.99930    -0.00669
    3    -0.00439     0.00686     0.99997
 ------------------------------------------------

  Rotational constants (GHz)
     0.62843     0.53831     0.29718
  Rotational temperatures (K)
     0.03016     0.02584     0.01426


 -------------------
  DOF   Dimension
 -------------------
  Vib    75
  Rot    3
  Tra    3
 -------------------


 Translating State2 to its Center of Mass
 Initial COM:       0.0108     -0.0061     -0.0002


 ================================
  VIBRATIONAL ANALYSIS ON STATE2
 ================================

Normal modes read from State1 for VG


 ------------------------
   FREQUENCIES (cm-1)
 ------------------------
     1    23.69974
     2    40.65179
     3    53.95450
     4    62.86303
     5    69.58869
     6   101.74424
     7   118.24849
     8   138.70959
     9   149.17880
    10   159.84401
    11   167.95916
    12   175.73912
    13   183.57321
    14   192.13269
    15   224.44720
    16   254.12597
    17   282.03509
    18   305.98207
    19   309.81395
    20   325.04437
    21   344.14249
    22   395.85587
    23   415.63683
    24   431.58477
    25   438.62883
    26   465.49205
    27   482.38648
    28   531.93025
    29   567.09932
    30   608.95937
    31   625.23999
    32   636.24816
    33   684.26382
    34   762.32586
    35   766.64929
    36   783.20792
    37   809.45174
    38   825.09175
    39   882.38654
    40   912.20864
    41   956.44998
    42  1012.27687
    43  1051.79755
    44  1080.68994
    45  1201.81909
    46  1248.77884
    47  1270.75603
    48  1397.03683
    49  1429.49342
    50  1470.79230
    51  1478.72870
    52  1492.25552
    53  1504.55820
    54  1552.32927
    55  1594.80728
    56  1606.29315
    57  1633.11156
    58  1669.25026
    59  1710.05140
    60  1726.46970
    61  1749.67539
    62  3059.84823
    63  3117.01805
    64  3144.55363
    65  3234.98493
    66  3295.07493
    67  3410.56671
    68  3434.60240
    69  3523.21779
    70  3668.48097
    71  3695.20246
    72  3734.81060
    73  3879.33554
    74  3892.89116
    75  3896.99602
 ------------------------


 -------------------------------------
   State2 Gradient (Q1-space) x1e5
 -------------------------------------
     1     0.29154
     2    -0.28097
     3     0.26362
     4    -0.38290
     5    -0.39183
     6     1.50647
     7    -0.56680
     8     0.50953
     9     0.27483
    10     0.48769
    11    -3.14660
    12    -0.52271
    13    -0.15620
    14     1.42916
    15    -0.22960
    16    -0.56445
    17    -0.56127
    18     2.30646
    19     1.38638
    20    -0.53135
    21     0.60784
    22    -3.24951
    23     0.98014
    24    -2.52759
    25     1.21446
    26     1.18731
    27    -3.92584
    28    -0.24035
    29    -1.03428
    30    -0.27194
    31    -3.10083
    32    -2.39160
    33     6.83929
    34    -0.68228
    35    -7.14303
    36     0.85506
    37     0.11178
    38    -2.30293
    39     2.93219
    40    -8.17131
    41     0.09654
    42     4.87869
    43     2.60780
    44     0.03802
    45   -10.13985
    46    15.56583
    47   -12.58741
    48     1.09425
    49     2.59494
    50    -0.09180
    51    12.93638
    52   -10.45629
    53   -31.94761
    54    11.91353
    55    -3.25257
    56     1.74548
    57     6.49167
    58    22.97158
    59   -84.45172
    60     0.93489
    61    35.56610
    62     1.55141
    63     0.11137
    64    -1.16623
    65    -6.96273
    66   -15.39972
    67   -10.61120
    68    11.43633
    69    29.81679
    70    -0.07774
    71    -0.01750
    72     1.23932
    73     0.44768
    74    -5.38740
    75    -0.00480
 -------------------------------------




                 ASSIGNMENTS AND ANALYSIS OF 1 WITH RESPECT TO 2
 STATE 1                              MODES STATE 2
IND DEF    FREQUENCY     SHIFT    I21 C21  I22 C22   I23 C23     FR(I21)  I90 I95 I99
   1  P       23.70  -250.02448    1 1.00    2 0.00    3 0.00       0.00   1   1   1
   2  P       40.65    81.89662    2 1.00    1 0.00    3 0.00       0.00   1   1   1
   3  P       53.95   -43.62033    3 1.00    2 0.00    1 0.00       0.00   1   1   1
   4  P       62.86    46.67245    4 1.00    2 0.00    3 0.00       0.00   1   1   1
   5  P       69.59    38.97532    5 1.00    2 0.00    3 0.00       0.00   1   1   1
   6  P      101.74   -70.09856    6 1.00    2 0.00    3 0.00       0.00   1   1   1
   7  P      118.25    19.52581    7 1.00    2 0.00    3 0.00       0.00   1   1   1
   8  P      138.71   -12.75642    8 1.00    2 0.00    3 0.00       0.00   1   1   1
   9  P      149.18    -5.94860    9 1.00    2 0.00    3 0.00       0.00   1   1   1
  10  P      159.84    -9.19426   10 1.00    2 0.00    3 0.00       0.00   1   1   1
  11  P      167.96    53.72831   11 1.00    2 0.00    3 0.00       0.00   1   1   1
  12  P      175.74     8.15255   12 1.00    2 0.00    3 0.00       0.00   1   1   1
  13  P      183.57     2.23268   13 1.00    2 0.00    3 0.00       0.00   1   1   1
  14  P      192.13   -18.64860   14 1.00    2 0.00    3 0.00       0.00   1   1   1
  15  P      224.45     2.19540   15 1.00    2 0.00    3 0.00       0.00   1   1   1
  16  P      254.13     4.21013   16 1.00    2 0.00    3 0.00       0.00   1   1   1
  17  P      282.04     3.39885   17 1.00    2 0.00    3 0.00       0.00   1   1   1
  18  P      305.98   -11.86649   18 1.00    2 0.00    3 0.00       0.00   1   1   1
  19  P      309.81    -6.95742   19 1.00    2 0.00    3 0.00       0.00   1   1   1
  20  P      325.04     2.42250   20 1.00    2 0.00    3 0.00       0.00   1   1   1
  21  P      344.14    -2.47218   21 1.00    2 0.00    3 0.00       0.00   1   1   1
  22  P      395.86     9.98877   22 1.00    2 0.00    3 0.00       0.00   1   1   1
  23  P      415.64    -2.73294   23 1.00    2 0.00    3 0.00       0.00   1   1   1
  24  P      431.58     6.53646   24 1.00    2 0.00    3 0.00       0.00   1   1   1
  25  P      438.63    -3.04060   25 1.00    2 0.00    3 0.00       0.00   1   1   1
  26  P      465.49    -2.63941   26 1.00    2 0.00    3 0.00       0.00   1   1   1
  27  P      482.39     8.12663   27 1.00    2 0.00    3 0.00       0.00   1   1   1
  28  P      531.93     0.40918   28 1.00    2 0.00    3 0.00       0.00   1   1   1
  29  P      567.10     1.54913   29 1.00    2 0.00    3 0.00       0.00   1   1   1
  30  P      608.96     0.35324   30 1.00    2 0.00    3 0.00       0.00   1   1   1
  31  P      625.24     3.82079   31 1.00    2 0.00    3 0.00       0.00   1   1   1
  32  P      636.25     2.84580   32 1.00    2 0.00    3 0.00       0.00   1   1   1
  33  P      684.26    -7.03610   33 1.00    2 0.00    3 0.00       0.00   1   1   1
  34  P      762.33     0.56552   34 1.00    2 0.00    3 0.00       0.00   1   1   1
  35  P      766.65     5.85407   35 1.00    2 0.00    3 0.00       0.00   1   1   1
  36  P      783.21    -0.67145   36 1.00    2 0.00    3 0.00       0.00   1   1   1
  37  P      809.45    -0.08218   37 1.00    2 0.00    3 0.00       0.00   1   1   1
  38  P      825.09     1.62946   38 1.00    2 0.00    3 0.00       0.00   1   1   1
  39  P      882.39    -1.81403   39 1.00    2 0.00    3 0.00       0.00   1   1   1
  40  P      912.21     4.73012   40 1.00    2 0.00    3 0.00       0.00   1   1   1
  41  P      956.45    -0.05084   41 1.00    2 0.00    3 0.00       0.00   1   1   1
  42  P     1012.28    -2.29337   42 1.00    2 0.00    3 0.00       0.00   1   1   1
  43  P     1051.80    -1.13548   43 1.00    2 0.00    3 0.00       0.00   1   1   1
  44  P     1080.69    -0.01568   44 1.00    2 0.00    3 0.00       0.00   1   1   1
  45  P     1201.82     3.38160   45 1.00    2 0.00    3 0.00       0.00   1   1   1
  46  P     1248.78    -4.80806   46 1.00    2 0.00    3 0.00       0.00   1   1   1
  47  P     1270.76     3.75475   47 1.00    2 0.00    3 0.00       0.00   1   1   1
  48  P     1397.04    -0.27007   48 1.00    2 0.00    3 0.00       0.00   1   1   1
  49  P     1429.49    -0.61169   49 1.00    2 0.00    3 0.00       0.00   1   1   1
  50  P     1470.79     0.02044   50 1.00    2 0.00    3 0.00       0.00   1   1   1
  51  P     1478.73    -2.84973   51 1.00    2 0.00    3 0.00       0.00   1   1   1
  52  P     1492.26     2.26183   52 1.00    2 0.00    3 0.00       0.00   1   1   1
  53  P     1504.56     6.79812   53 1.00    2 0.00    3 0.00       0.00   1   1   1
  54  P     1552.33    -2.38145   54 1.00    2 0.00    3 0.00       0.00   1   1   1
  55  P     1594.81     0.61600   55 1.00    2 0.00    3 0.00       0.00   1   1   1
  56  P     1606.29    -0.32586   56 1.00    2 0.00    3 0.00       0.00   1   1   1
  57  P     1633.11    -1.17245   57 1.00    2 0.00    3 0.00       0.00   1   1   1
  58  P     1669.25    -3.97115   58 1.00    2 0.00    3 0.00       0.00   1   1   1
  59  P     1710.05    13.91102   59 1.00    2 0.00    3 0.00       0.00   1   1   1
  60  P     1726.47    -0.15108   60 1.00    2 0.00    3 0.00       0.00   1   1   1
  61  P     1749.68    -5.59616   61 1.00    2 0.00    3 0.00       0.00   1   1   1
  62  P     3059.85    -0.07982   62 1.00    2 0.00    3 0.00       0.00   1   1   1
  63  P     3117.02    -0.00552   63 1.00    2 0.00    3 0.00       0.00   1   1   1
  64  P     3144.55     0.05681   64 1.00    2 0.00    3 0.00       0.00   1   1   1
  65  P     3234.98     0.32048   65 1.00    2 0.00    3 0.00       0.00   1   1   1
  66  P     3295.07     0.68320   66 1.00    2 0.00    3 0.00       0.00   1   1   1
  67  P     3410.57     0.43942   67 1.00    2 0.00    3 0.00       0.00   1   1   1
  68  P     3434.60    -0.46698   68 1.00    2 0.00    3 0.00       0.00   1   1   1
  69  P     3523.22    -1.15705   69 1.00    2 0.00    3 0.00       0.00   1   1   1
  70  P     3668.48     0.00278   70 1.00    2 0.00    3 0.00       0.00   1   1   1
  71  P     3695.20     0.00062   71 1.00    2 0.00    3 0.00       0.00   1   1   1
  72  P     3734.81    -0.04280   72 1.00    2 0.00    3 0.00       0.00   1   1   1
  73  P     3879.34    -0.01433   73 1.00    2 0.00    3 0.00       0.00   1   1   1
  74  P     3892.89     0.17124   74 1.00    2 0.00    3 0.00       0.00   1   1   1
  75  P     3897.00     0.00015   75 1.00    2 0.00    3 0.00       0.00   1   1   1
   
 *********************************************************** 
  
  AVERAGE MAX PROJECTION     1.000000    St Dev   0.000000
  AVERAGE FREQ DIFF          0.000000    St Dev   0.000000
  AVERAGE ABS FREQ DIFF      0.000000    St Dev   0.000000
  AVERAGE ABS DISPLACE      -1.796872    St Dev  33.552413
  SUM DISPL**2           84674.487058
  
 *********************************************************** 
  



                 ASSIGNMENTS AND ANALYSIS OF 2 WITH RESPECT TO 1
 STATE 2                              MODES STATE 1
IND DEF    FREQUENCY     SHIFT    I11 C11  I12 C12   I13 C13     FR(I11)  I90 I95 I99
   1  P       23.70   250.02448    1 1.00    2 0.00    3 0.00       0.00   1   1   1
   2  P       40.65   -81.89662    2 1.00    1 0.00    3 0.00       0.00   1   1   1
   3  P       53.95    43.62033    3 1.00    2 0.00    1 0.00       0.00   1   1   1
   4  P       62.86   -46.67245    4 1.00    2 0.00    3 0.00       0.00   1   1   1
   5  P       69.59   -38.97532    5 1.00    2 0.00    3 0.00       0.00   1   1   1
   6  P      101.74    70.09856    6 1.00    2 0.00    3 0.00       0.00   1   1   1
   7  P      118.25   -19.52581    7 1.00    2 0.00    3 0.00       0.00   1   1   1
   8  P      138.71    12.75642    8 1.00    2 0.00    3 0.00       0.00   1   1   1
   9  P      149.18     5.94860    9 1.00    2 0.00    3 0.00       0.00   1   1   1
  10  P      159.84     9.19426   10 1.00    2 0.00    3 0.00       0.00   1   1   1
  11  P      167.96   -53.72831   11 1.00    2 0.00    3 0.00       0.00   1   1   1
  12  P      175.74    -8.15255   12 1.00    2 0.00    3 0.00       0.00   1   1   1
  13  P      183.57    -2.23268   13 1.00    2 0.00    3 0.00       0.00   1   1   1
  14  P      192.13    18.64860   14 1.00    2 0.00    3 0.00       0.00   1   1   1
  15  P      224.45    -2.19540   15 1.00    2 0.00    3 0.00       0.00   1   1   1
  16  P      254.13    -4.21013   16 1.00    2 0.00    3 0.00       0.00   1   1   1
  17  P      282.04    -3.39885   17 1.00    2 0.00    3 0.00       0.00   1   1   1
  18  P      305.98    11.86649   18 1.00    2 0.00    3 0.00       0.00   1   1   1
  19  P      309.81     6.95742   19 1.00    2 0.00    3 0.00       0.00   1   1   1
  20  P      325.04    -2.42250   20 1.00    2 0.00    3 0.00       0.00   1   1   1
  21  P      344.14     2.47218   21 1.00    2 0.00    3 0.00       0.00   1   1   1
  22  P      395.86    -9.98877   22 1.00    2 0.00    3 0.00       0.00   1   1   1
  23  P      415.64     2.73294   23 1.00    2 0.00    3 0.00       0.00   1   1   1
  24  P      431.58    -6.53646   24 1.00    2 0.00    3 0.00       0.00   1   1   1
  25  P      438.63     3.04060   25 1.00    2 0.00    3 0.00       0.00   1   1   1
  26  P      465.49     2.63941   26 1.00    2 0.00    3 0.00       0.00   1   1   1
  27  P      482.39    -8.12663   27 1.00    2 0.00    3 0.00       0.00   1   1   1
  28  P      531.93    -0.40918   28 1.00    2 0.00    3 0.00       0.00   1   1   1
  29  P      567.10    -1.54913   29 1.00    2 0.00    3 0.00       0.00   1   1   1
  30  P      608.96    -0.35324   30 1.00    2 0.00    3 0.00       0.00   1   1   1
  31  P      625.24    -3.82079   31 1.00    2 0.00    3 0.00       0.00   1   1   1
  32  P      636.25    -2.84580   32 1.00    2 0.00    3 0.00       0.00   1   1   1
  33  P      684.26     7.03610   33 1.00    2 0.00    3 0.00       0.00   1   1   1
  34  P      762.33    -0.56552   34 1.00    2 0.00    3 0.00       0.00   1   1   1
  35  P      766.65    -5.85407   35 1.00    2 0.00    3 0.00       0.00   1   1   1
  36  P      783.21     0.67145   36 1.00    2 0.00    3 0.00       0.00   1   1   1
  37  P      809.45     0.08218   37 1.00    2 0.00    3 0.00       0.00   1   1   1
  38  P      825.09    -1.62946   38 1.00    2 0.00    3 0.00       0.00   1   1   1
  39  P      882.39     1.81403   39 1.00    2 0.00    3 0.00       0.00   1   1   1
  40  P      912.21    -4.73012   40 1.00    2 0.00    3 0.00       0.00   1   1   1
  41  P      956.45     0.05084   41 1.00    2 0.00    3 0.00       0.00   1   1   1
  42  P     1012.28     2.29337   42 1.00    2 0.00    3 0.00       0.00   1   1   1
  43  P     1051.80     1.13548   43 1.00    2 0.00    3 0.00       0.00   1   1   1
  44  P     1080.69     0.01568   44 1.00    2 0.00    3 0.00       0.00   1   1   1
  45  P     1201.82    -3.38160   45 1.00    2 0.00    3 0.00       0.00   1   1   1
  46  P     1248.78     4.80806   46 1.00    2 0.00    3 0.00       0.00   1   1   1
  47  P     1270.76    -3.75475   47 1.00    2 0.00    3 0.00       0.00   1   1   1
  48  P     1397.04     0.27007   48 1.00    2 0.00    3 0.00       0.00   1   1   1
  49  P     1429.49     0.61169   49 1.00    2 0.00    3 0.00       0.00   1   1   1
  50  P     1470.79    -0.02044   50 1.00    2 0.00    3 0.00       0.00   1   1   1
  51  P     1478.73     2.84973   51 1.00    2 0.00    3 0.00       0.00   1   1   1
  52  P     1492.26    -2.26183   52 1.00    2 0.00    3 0.00       0.00   1   1   1
  53  P     1504.56    -6.79812   53 1.00    2 0.00    3 0.00       0.00   1   1   1
  54  P     1552.33     2.38145   54 1.00    2 0.00    3 0.00       0.00   1   1   1
  55  P     1594.81    -0.61600   55 1.00    2 0.00    3 0.00       0.00   1   1   1
  56  P     1606.29     0.32586   56 1.00    2 0.00    3 0.00       0.00   1   1   1
  57  P     1633.11     1.17245   57 1.00    2 0.00    3 0.00       0.00   1   1   1
  58  P     1669.25     3.97115   58 1.00    2 0.00    3 0.00       0.00   1   1   1
  59  P     1710.05   -13.91102   59 1.00    2 0.00    3 0.00       0.00   1   1   1
  60  P     1726.47     0.15108   60 1.00    2 0.00    3 0.00       0.00   1   1   1
  61  P     1749.68     5.59616   61 1.00    2 0.00    3 0.00       0.00   1   1   1
  62  P     3059.85     0.07982   62 1.00    2 0.00    3 0.00       0.00   1   1   1
  63  P     3117.02     0.00552   63 1.00    2 0.00    3 0.00       0.00   1   1   1
  64  P     3144.55    -0.05681   64 1.00    2 0.00    3 0.00       0.00   1   1   1
  65  P     3234.98    -0.32048   65 1.00    2 0.00    3 0.00       0.00   1   1   1
  66  P     3295.07    -0.68320   66 1.00    2 0.00    3 0.00       0.00   1   1   1
  67  P     3410.57    -0.43942   67 1.00    2 0.00    3 0.00       0.00   1   1   1
  68  P     3434.60     0.46698   68 1.00    2 0.00    3 0.00       0.00   1   1   1
  69  P     3523.22     1.15705   69 1.00    2 0.00    3 0.00       0.00   1   1   1
  70  P     3668.48    -0.00278   70 1.00    2 0.00    3 0.00       0.00   1   1   1
  71  P     3695.20    -0.00062   71 1.00    2 0.00    3 0.00       0.00   1   1   1
  72  P     3734.81     0.04280   72 1.00    2 0.00    3 0.00       0.00   1   1   1
  73  P     3879.34     0.01433   73 1.00    2 0.00    3 0.00       0.00   1   1   1
  74  P     3892.89    -0.17124   74 1.00    2 0.00    3 0.00       0.00   1   1   1
  75  P     3897.00    -0.00015   75 1.00    2 0.00    3 0.00       0.00   1   1   1
   
 *********************************************************** 
  
  AVERAGE MAX PROJECTION     1.000000    St Dev   0.000000
  AVERAGE FREQ DIFF          0.000000    St Dev   0.000000
  AVERAGE ABS FREQ DIFF      0.000000    St Dev   0.000000
  AVERAGE ABS DISPLACE       1.796872    St Dev  33.552413
  SUM DISPL**2           84674.487058
  
 *********************************************************** 
  

 ADDITIONAL ANALYSIS ON DUSCHINSKY MATRIX
 ----------------------------------------
  Determinant:     1.0000

  ** A = GM·GMT **
  Det(A)     :     1.0000
  Trace(A)   :    75.0000
  Det(A-I)   :     0.0000
  Trace(A-I) :     0.0000
 ----------------------------------------

   
   
 STATE1 MODES SORTED BY DECREASING DIMENSIONLESS SHIFT
   IND    MODE    FREQUENCY DIMENSIONLESS SHIFT
     1       1      23.69974      -0.25981E+01
     2       6     101.74424      -0.15093E+01
     3      11     167.95916       0.14863E+01
     4      59    1710.05140       0.12279E+01
     5       2      40.65179       0.11146E+01
     6       4      62.86303       0.78989E+00
     7       5      69.58869       0.69401E+00
     8       3      53.95450      -0.68393E+00
     9      53    1504.55820       0.56286E+00
    10      14     192.13269      -0.55177E+00
    11      61    1749.67539      -0.49966E+00
    12       7     118.24849       0.45323E+00
    13      18     305.98207      -0.44308E+00
    14      22     395.85587       0.42422E+00
    15      33     684.26382      -0.39287E+00
    16      27     482.38648       0.38099E+00
    17      46    1248.77884      -0.36268E+00
    18      58    1669.25026      -0.34633E+00
    19      35     766.64929       0.34599E+00
    20       8     138.70959      -0.32069E+00
    21      40     912.20864       0.30495E+00
    22      24     431.58477       0.28986E+00
    23      47    1270.75603       0.28571E+00
    24      19     309.81395      -0.26140E+00
    25      45    1201.81909       0.25024E+00
    26      10     159.84401      -0.24813E+00
    27      51    1478.72870      -0.23391E+00
    28      12     175.73912       0.23069E+00
    29      31     625.23999       0.20393E+00
    30      54    1552.32927      -0.20028E+00
    31      52    1492.25552       0.18650E+00
    32      42    1012.27687      -0.15575E+00
    33       9     149.17880      -0.15509E+00
    34      32     636.24816       0.15322E+00
    35      69    3523.21779      -0.14660E+00
    36      16     254.12597       0.14326E+00
    37      25     438.62883      -0.13593E+00
    38      17     282.03509       0.12184E+00
    39      26     465.49205      -0.12155E+00
    40      23     415.63683      -0.11893E+00
    41      39     882.38654      -0.11502E+00
    42      57    1633.11156      -0.10114E+00
    43      38     825.09175       0.99909E-01
    44      21     344.14249      -0.97894E-01
    45      20     325.04437       0.93227E-01
    46      66    3295.07493       0.83713E-01
    47      29     567.09932       0.78746E-01
    48      43    1051.79755      -0.78605E-01
    49      15     224.44720       0.70207E-01
    50      13     183.57321       0.64571E-01
    51      68    3434.60240      -0.58418E-01
    52      67    3410.56671       0.54777E-01
    53      55    1594.80728       0.52510E-01
    54      49    1429.49342      -0.49366E-01
    55      36     783.20792      -0.40111E-01
    56      65    3234.98493       0.38909E-01
    57      34     762.32586       0.33329E-01
    58      56    1606.29315      -0.27878E-01
    59      74    3892.89116       0.22806E-01
    60      48    1397.03683      -0.21547E-01
    61      28     531.93025       0.20144E-01
    62      30     608.95937       0.18607E-01
    63      60    1726.46970      -0.13400E-01
    64      62    3059.84823      -0.94244E-02
    65      64    3144.55363       0.68002E-02
    66      72    3734.81060      -0.55828E-02
    67      37     809.45174      -0.49905E-02
    68      41     956.44998      -0.33559E-02
    69      73    3879.33554      -0.19050E-02
    70      50    1470.79230       0.16735E-02
    71      44    1080.68994      -0.11005E-02
    72      63    3117.01805      -0.65800E-03
    73      70    3668.48097       0.35972E-03
    74      71    3695.20246       0.80088E-04
    75      75    3896.99602       0.20280E-04
   
   
 MODES OF STATE1 IN ORDER OF DECREASING FR COUPL
 ESTIMATED BY THE MAGNITUDE OF THE 0-0 INTEGRAL
   IND    MODE1  FREQ   MODE2 FR    FR. SHIFT INV0-0
     1     1    23.69974         1    23.69974         0.00000         1.00000
     2     2    40.65179         2    40.65179         0.00000         1.00000
     3     3    53.95450         3    53.95450         0.00000         1.00000
     4     4    62.86303         4    62.86303         0.00000         1.00000
     5     5    69.58869         5    69.58869         0.00000         1.00000
     6     6   101.74424         6   101.74424         0.00000         1.00000
     7     7   118.24849         7   118.24849         0.00000         1.00000
     8     8   138.70959         8   138.70959         0.00000         1.00000
     9     9   149.17880         9   149.17880         0.00000         1.00000
    10    10   159.84401        10   159.84401         0.00000         1.00000
    11    11   167.95916        11   167.95916         0.00000         1.00000
    12    12   175.73912        12   175.73912         0.00000         1.00000
    13    13   183.57321        13   183.57321         0.00000         1.00000
    14    14   192.13269        14   192.13269         0.00000         1.00000
    15    15   224.44720        15   224.44720         0.00000         1.00000
    16    16   254.12597        16   254.12597         0.00000         1.00000
    17    17   282.03509        17   282.03509         0.00000         1.00000
    18    18   305.98207        18   305.98207         0.00000         1.00000
    19    19   309.81395        19   309.81395         0.00000         1.00000
    20    20   325.04437        20   325.04437         0.00000         1.00000
    21    21   344.14249        21   344.14249         0.00000         1.00000
    22    22   395.85587        22   395.85587         0.00000         1.00000
    23    23   415.63683        23   415.63683         0.00000         1.00000
    24    24   431.58477        24   431.58477         0.00000         1.00000
    25    25   438.62883        25   438.62883         0.00000         1.00000
    26    26   465.49205        26   465.49205         0.00000         1.00000
    27    27   482.38648        27   482.38648         0.00000         1.00000
    28    28   531.93025        28   531.93025         0.00000         1.00000
    29    29   567.09932        29   567.09932         0.00000         1.00000
    30    30   608.95937        30   608.95937         0.00000         1.00000
    31    31   625.23999        31   625.23999         0.00000         1.00000
    32    32   636.24816        32   636.24816         0.00000         1.00000
    33    33   684.26382        33   684.26382         0.00000         1.00000
    34    34   762.32586        34   762.32586         0.00000         1.00000
    35    35   766.64929        35   766.64929         0.00000         1.00000
    36    36   783.20792        36   783.20792         0.00000         1.00000
    37    37   809.45174        37   809.45174         0.00000         1.00000
    38    38   825.09175        38   825.09175         0.00000         1.00000
    39    39   882.38654        39   882.38654         0.00000         1.00000
    40    40   912.20864        40   912.20864         0.00000         1.00000
    41    41   956.44998        41   956.44998         0.00000         1.00000
    42    42  1012.27687        42  1012.27687         0.00000         1.00000
    43    43  1051.79755        43  1051.79755         0.00000         1.00000
    44    44  1080.68994        44  1080.68994         0.00000         1.00000
    45    45  1201.81909        45  1201.81909         0.00000         1.00000
    46    46  1248.77884        46  1248.77884         0.00000         1.00000
    47    47  1270.75603        47  1270.75603         0.00000         1.00000
    48    48  1397.03683        48  1397.03683         0.00000         1.00000
    49    49  1429.49342        49  1429.49342         0.00000         1.00000
    50    50  1470.79230        50  1470.79230         0.00000         1.00000
    51    51  1478.72870        51  1478.72870         0.00000         1.00000
    52    52  1492.25552        52  1492.25552         0.00000         1.00000
    53    53  1504.55820        53  1504.55820         0.00000         1.00000
    54    54  1552.32927        54  1552.32927         0.00000         1.00000
    55    55  1594.80728        55  1594.80728         0.00000         1.00000
    56    56  1606.29315        56  1606.29315         0.00000         1.00000
    57    57  1633.11156        57  1633.11156         0.00000         1.00000
    58    58  1669.25026        58  1669.25026         0.00000         1.00000
    59    59  1710.05140        59  1710.05140         0.00000         1.00000
    60    60  1726.46970        60  1726.46970         0.00000         1.00000
    61    61  1749.67539        61  1749.67539         0.00000         1.00000
    62    62  3059.84823        62  3059.84823         0.00000         1.00000
    63    63  3117.01805        63  3117.01805         0.00000         1.00000
    64    64  3144.55363        64  3144.55363         0.00000         1.00000
    65    65  3234.98493        65  3234.98493         0.00000         1.00000
    66    66  3295.07493        66  3295.07493         0.00000         1.00000
    67    67  3410.56671        67  3410.56671         0.00000         1.00000
    68    68  3434.60240        68  3434.60240         0.00000         1.00000
    69    69  3523.21779        69  3523.21779         0.00000         1.00000
    70    70  3668.48097        70  3668.48097         0.00000         1.00000
    71    71  3695.20246        71  3695.20246         0.00000         1.00000
    72    72  3734.81060        72  3734.81060         0.00000         1.00000
    73    73  3879.33554        73  3879.33554         0.00000         1.00000
    74    74  3892.89116        74  3892.89116         0.00000         1.00000
    75    75  3896.99602        75  3896.99602         0.00000         1.00000
   
   
   
   
 STATE2 MODES SORTED BY DECREASING DIMENSIONLESS SHIFT
   IND    MODE    FREQUENCY DIMENSIONLESS SHIFT
     1       1      23.69974       0.25981E+01
     2       6     101.74424       0.15093E+01
     3      11     167.95916      -0.14863E+01
     4      59    1710.05140      -0.12279E+01
     5       2      40.65179      -0.11146E+01
     6       4      62.86303      -0.78989E+00
     7       5      69.58869      -0.69401E+00
     8       3      53.95450       0.68393E+00
     9      53    1504.55820      -0.56286E+00
    10      14     192.13269       0.55177E+00
    11      61    1749.67539       0.49966E+00
    12       7     118.24849      -0.45323E+00
    13      18     305.98207       0.44308E+00
    14      22     395.85587      -0.42422E+00
    15      33     684.26382       0.39287E+00
    16      27     482.38648      -0.38099E+00
    17      46    1248.77884       0.36268E+00
    18      58    1669.25026       0.34633E+00
    19      35     766.64929      -0.34599E+00
    20       8     138.70959       0.32069E+00
    21      40     912.20864      -0.30495E+00
    22      24     431.58477      -0.28986E+00
    23      47    1270.75603      -0.28571E+00
    24      19     309.81395       0.26140E+00
    25      45    1201.81909      -0.25024E+00
    26      10     159.84401       0.24813E+00
    27      51    1478.72870       0.23391E+00
    28      12     175.73912      -0.23069E+00
    29      31     625.23999      -0.20393E+00
    30      54    1552.32927       0.20028E+00
    31      52    1492.25552      -0.18650E+00
    32      42    1012.27687       0.15575E+00
    33       9     149.17880       0.15509E+00
    34      32     636.24816      -0.15322E+00
    35      69    3523.21779       0.14660E+00
    36      16     254.12597      -0.14326E+00
    37      25     438.62883       0.13593E+00
    38      17     282.03509      -0.12184E+00
    39      26     465.49205       0.12155E+00
    40      23     415.63683       0.11893E+00
    41      39     882.38654       0.11502E+00
    42      57    1633.11156       0.10114E+00
    43      38     825.09175      -0.99909E-01
    44      21     344.14249       0.97894E-01
    45      20     325.04437      -0.93227E-01
    46      66    3295.07493      -0.83713E-01
    47      29     567.09932      -0.78746E-01
    48      43    1051.79755       0.78605E-01
    49      15     224.44720      -0.70207E-01
    50      13     183.57321      -0.64571E-01
    51      68    3434.60240       0.58418E-01
    52      67    3410.56671      -0.54777E-01
    53      55    1594.80728      -0.52510E-01
    54      49    1429.49342       0.49366E-01
    55      36     783.20792       0.40111E-01
    56      65    3234.98493      -0.38909E-01
    57      34     762.32586      -0.33329E-01
    58      56    1606.29315       0.27878E-01
    59      74    3892.89116      -0.22806E-01
    60      48    1397.03683       0.21547E-01
    61      28     531.93025      -0.20144E-01
    62      30     608.95937      -0.18607E-01
    63      60    1726.46970       0.13400E-01
    64      62    3059.84823       0.94244E-02
    65      64    3144.55363      -0.68002E-02
    66      72    3734.81060       0.55828E-02
    67      37     809.45174       0.49905E-02
    68      41     956.44998       0.33559E-02
    69      73    3879.33554       0.19050E-02
    70      50    1470.79230      -0.16735E-02
    71      44    1080.68994       0.11005E-02
    72      63    3117.01805       0.65800E-03
    73      70    3668.48097      -0.35972E-03
    74      71    3695.20246      -0.80088E-04
    75      75    3896.99602      -0.20280E-04
   
   
 MODES OF STATE2 IN ORDER OF DECREASING FR COUPL
 ESTIMATED BY THE MAGNITUDE OF THE 0-0 INTEGRAL
   IND    MODE2  FREQ   MODE1 FR    FR. SHIFT INV0-0
     1     1    23.69974         1    23.69974         0.00000         1.00000
     2     2    40.65179         2    40.65179         0.00000         1.00000
     3     3    53.95450         3    53.95450         0.00000         1.00000
     4     4    62.86303         4    62.86303         0.00000         1.00000
     5     5    69.58869         5    69.58869         0.00000         1.00000
     6     6   101.74424         6   101.74424         0.00000         1.00000
     7     7   118.24849         7   118.24849         0.00000         1.00000
     8     8   138.70959         8   138.70959         0.00000         1.00000
     9     9   149.17880         9   149.17880         0.00000         1.00000
    10    10   159.84401        10   159.84401         0.00000         1.00000
    11    11   167.95916        11   167.95916         0.00000         1.00000
    12    12   175.73912        12   175.73912         0.00000         1.00000
    13    13   183.57321        13   183.57321         0.00000         1.00000
    14    14   192.13269        14   192.13269         0.00000         1.00000
    15    15   224.44720        15   224.44720         0.00000         1.00000
    16    16   254.12597        16   254.12597         0.00000         1.00000
    17    17   282.03509        17   282.03509         0.00000         1.00000
    18    18   305.98207        18   305.98207         0.00000         1.00000
    19    19   309.81395        19   309.81395         0.00000         1.00000
    20    20   325.04437        20   325.04437         0.00000         1.00000
    21    21   344.14249        21   344.14249         0.00000         1.00000
    22    22   395.85587        22   395.85587         0.00000         1.00000
    23    23   415.63683        23   415.63683         0.00000         1.00000
    24    24   431.58477        24   431.58477         0.00000         1.00000
    25    25   438.62883        25   438.62883         0.00000         1.00000
    26    26   465.49205        26   465.49205         0.00000         1.00000
    27    27   482.38648        27   482.38648         0.00000         1.00000
    28    28   531.93025        28   531.93025         0.00000         1.00000
    29    29   567.09932        29   567.09932         0.00000         1.00000
    30    30   608.95937        30   608.95937         0.00000         1.00000
    31    31   625.23999        31   625.23999         0.00000         1.00000
    32    32   636.24816        32   636.24816         0.00000         1.00000
    33    33   684.26382        33   684.26382         0.00000         1.00000
    34    34   762.32586        34   762.32586         0.00000         1.00000
    35    35   766.64929        35   766.64929         0.00000         1.00000
    36    36   783.20792        36   783.20792         0.00000         1.00000
    37    37   809.45174        37   809.45174         0.00000         1.00000
    38    38   825.09175        38   825.09175         0.00000         1.00000
    39    39   882.38654        39   882.38654         0.00000         1.00000
    40    40   912.20864        40   912.20864         0.00000         1.00000
    41    41   956.44998        41   956.44998         0.00000         1.00000
    42    42  1012.27687        42  1012.27687         0.00000         1.00000
    43    43  1051.79755        43  1051.79755         0.00000         1.00000
    44    44  1080.68994        44  1080.68994         0.00000         1.00000
    45    45  1201.81909        45  1201.81909         0.00000         1.00000
    46    46  1248.77884        46  1248.77884         0.00000         1.00000
    47    47  1270.75603        47  1270.75603         0.00000         1.00000
    48    48  1397.03683        48  1397.03683         0.00000         1.00000
    49    49  1429.49342        49  1429.49342         0.00000         1.00000
    50    50  1470.79230        50  1470.79230         0.00000         1.00000
    51    51  1478.72870        51  1478.72870         0.00000         1.00000
    52    52  1492.25552        52  1492.25552         0.00000         1.00000
    53    53  1504.55820        53  1504.55820         0.00000         1.00000
    54    54  1552.32927        54  1552.32927         0.00000         1.00000
    55    55  1594.80728        55  1594.80728         0.00000         1.00000
    56    56  1606.29315        56  1606.29315         0.00000         1.00000
    57    57  1633.11156        57  1633.11156         0.00000         1.00000
    58    58  1669.25026        58  1669.25026         0.00000         1.00000
    59    59  1710.05140        59  1710.05140         0.00000         1.00000
    60    60  1726.46970        60  1726.46970         0.00000         1.00000
    61    61  1749.67539        61  1749.67539         0.00000         1.00000
    62    62  3059.84823        62  3059.84823         0.00000         1.00000
    63    63  3117.01805        63  3117.01805         0.00000         1.00000
    64    64  3144.55363        64  3144.55363         0.00000         1.00000
    65    65  3234.98493        65  3234.98493         0.00000         1.00000
    66    66  3295.07493        66  3295.07493         0.00000         1.00000
    67    67  3410.56671        67  3410.56671         0.00000         1.00000
    68    68  3434.60240        68  3434.60240         0.00000         1.00000
    69    69  3523.21779        69  3523.21779         0.00000         1.00000
    70    70  3668.48097        70  3668.48097         0.00000         1.00000
    71    71  3695.20246        71  3695.20246         0.00000         1.00000
    72    72  3734.81060        72  3734.81060         0.00000         1.00000
    73    73  3879.33554        73  3879.33554         0.00000         1.00000
    74    74  3892.89116        74  3892.89116         0.00000         1.00000
    75    75  3896.99602        75  3896.99602         0.00000         1.00000
   
   
  
  
 DIMENSIONLESS SHIFTS 
   IND     STATE1       STATE2
     1    -0.25981E+01     0.25981E+01
     2     0.11146E+01    -0.11146E+01
     3    -0.68393E+00     0.68393E+00
     4     0.78989E+00    -0.78989E+00
     5     0.69401E+00    -0.69401E+00
     6    -0.15093E+01     0.15093E+01
     7     0.45323E+00    -0.45323E+00
     8    -0.32069E+00     0.32069E+00
     9    -0.15509E+00     0.15509E+00
    10    -0.24813E+00     0.24813E+00
    11     0.14863E+01    -0.14863E+01
    12     0.23069E+00    -0.23069E+00
    13     0.64571E-01    -0.64571E-01
    14    -0.55177E+00     0.55177E+00
    15     0.70207E-01    -0.70207E-01
    16     0.14326E+00    -0.14326E+00
    17     0.12184E+00    -0.12184E+00
    18    -0.44308E+00     0.44308E+00
    19    -0.26140E+00     0.26140E+00
    20     0.93227E-01    -0.93227E-01
    21    -0.97894E-01     0.97894E-01
    22     0.42422E+00    -0.42422E+00
    23    -0.11893E+00     0.11893E+00
    24     0.28986E+00    -0.28986E+00
    25    -0.13593E+00     0.13593E+00
    26    -0.12155E+00     0.12155E+00
    27     0.38099E+00    -0.38099E+00
    28     0.20144E-01    -0.20144E-01
    29     0.78746E-01    -0.78746E-01
    30     0.18607E-01    -0.18607E-01
    31     0.20393E+00    -0.20393E+00
    32     0.15322E+00    -0.15322E+00
    33    -0.39287E+00     0.39287E+00
    34     0.33329E-01    -0.33329E-01
    35     0.34599E+00    -0.34599E+00
    36    -0.40111E-01     0.40111E-01
    37    -0.49905E-02     0.49905E-02
    38     0.99909E-01    -0.99909E-01
    39    -0.11502E+00     0.11502E+00
    40     0.30495E+00    -0.30495E+00
    41    -0.33559E-02     0.33559E-02
    42    -0.15575E+00     0.15575E+00
    43    -0.78605E-01     0.78605E-01
    44    -0.11005E-02     0.11005E-02
    45     0.25024E+00    -0.25024E+00
    46    -0.36268E+00     0.36268E+00
    47     0.28571E+00    -0.28571E+00
    48    -0.21547E-01     0.21547E-01
    49    -0.49366E-01     0.49366E-01
    50     0.16735E-02    -0.16735E-02
    51    -0.23391E+00     0.23391E+00
    52     0.18650E+00    -0.18650E+00
    53     0.56286E+00    -0.56286E+00
    54    -0.20028E+00     0.20028E+00
    55     0.52510E-01    -0.52510E-01
    56    -0.27878E-01     0.27878E-01
    57    -0.10114E+00     0.10114E+00
    58    -0.34633E+00     0.34633E+00
    59     0.12279E+01    -0.12279E+01
    60    -0.13400E-01     0.13400E-01
    61    -0.49966E+00     0.49966E+00
    62    -0.94244E-02     0.94244E-02
    63    -0.65800E-03     0.65800E-03
    64     0.68002E-02    -0.68002E-02
    65     0.38909E-01    -0.38909E-01
    66     0.83713E-01    -0.83713E-01
    67     0.54777E-01    -0.54777E-01
    68    -0.58418E-01     0.58418E-01
    69    -0.14660E+00     0.14660E+00
    70     0.35972E-03    -0.35972E-03
    71     0.80088E-04    -0.80088E-04
    72    -0.55828E-02     0.55828E-02
    73    -0.19050E-02     0.19050E-02
    74     0.22806E-01    -0.22806E-01
    75     0.20280E-04    -0.20280E-04
  SUM SQUARED DIMENSIONLESS DISPL STATE1       18.7376
  SUM SQUARED DIMENSIONLESS DISPL STATE2       18.7376
  VALUE STATE1 GROUND VIB WAVEFUN AT GEO2       0.0001
  VALUE STATE2 GROUND VIB WAVEFUN AT GEO1       0.0001
  VALUE STATE1 GROUND VIB WAVEFUN AT (GEO1+GEO2)/2      0.0961
  VALUE STATE2 GROUND VIB WAVEFUN AT (GEO1+GEO2)/2      0.0961

 Printing Duschinski matrix to 'duschinsky.dat'


 Printing Shift vector to 'displacement.dat'


NOTE: DE read from input:   5.533 (eV)                                                                    
 


 ===========================
  REORGANIZATION ENERGY
 ===========================
     0.013883  (Hartree)
     0.377768  (eV)


 ------------------------------------------------------
 Extrapolation form (generalized) vertical point:
 ------------------------------------------------------
 Extrapolated vertical energy:        5.53340  (eV)
 Extrapolated adiabatic energy:       5.53340  (eV)
 Extrapolated reorg. energy   :       0.00000  (eV)
 ------------------------------------------------------



 ===============================
  ZERO-POINT ENERGY CORRECTIONS 
 ===============================


                    ZERO POINT ENERGY IN CM-1
    E01=     47266.57    E02=     47266.57


                    0-0 ENERGY DIFFERENCE
       5.15563 eV


                    ADIABATIC ENERGY     
       5.15563 eV




 ====================

  TRANSITION DIPOLES 

 ====================
 Model for tr. dipoles: FC
 Reading electric dipole file: ../../../../eldip_Thymine6311-freq-solv-ES2_fchk
 


 ================= 
  TRANSITION INFO  
 ================= 
            DATA FOR VERTICAL TRANSITION 
  electric transition dipoles (au) at initial GEO 1
            0.02862196    0.00744268    0.01147626
  electric transition dipoles (au) at initial GEO 2
            0.02862196    0.00744268    0.01147626
  Square tr dipoles: geo1  0.00100631  geo2   0.00100631  Diff (d1-d2)/d1    0.0000 %
   
 ------------------
  State2 -> State1
 ------------------
 Reorganization Energy (eV) on State1        0.377768
 Vertical emission energy (eV)               4.777867
 Fluorescence lifetime from minimum (ns)  8.570541E+03
 ********************************************** 
   
 ------------------
  State1 -> State2
 ------------------
 Reorganization Energy on State2 (eV)        0.377768
 Vertical absorption energy (eV)             5.533403
 Absorption oscillator strength           1.364219E-04
 ********************************************** 
   

NOTE: Spectra resolution set to:  0.01200                                                                 
 

NOTE: To ensure exact match of TI and TD resuls, final spectral range reset to:    4.0000-                
       9.0040(eV)                                                                                         
 

 ----------------------------------------
 Refined spectral range for simulations: 
  nene       =       418
  From E(eV) =    4.0000
  To   E(eV) =    9.0040
 
 Related time-domain parameters
 (with energy shift & extended range):
  ntime =          218
  dt    =       0.7905
  tfin  =     171.9242
 Shift info (for external FT)
  dE_ext=  0.108000    
  Eshift=   3.89200    
 ----------------------------------------


NOTE: Changing Ead to optimize TD method before entering the spectrum calculation.Ead(original)=          
        5.156 (eV); Ead(shifted )=   1.264 (eV)                                                           
 


 ____________________________________________
  ============================================
  PROGRAM: td_onephoton
   Compute vibronic spectra with a harmonic 
   TD formulation                           
                                            
  References:                               
   Comput Theoret Chem, 1040--1041, 186-194 (2014)
 ____________________________________________
  ============================================
 
 SUMMARY OF CALCULATION OPTIONS
 -------------------------------
 Adiabatic Energy (eV)  :   1.2636

 Tipe of transition     : ABS-ECDNO

 Dipole aproximation    : FC-FC
 El. dipole at ref geom :    0.286E-01   0.744E-02   0.115E-01

 Numerical evaluation of xi(t)
         Total time (fs):   171.924
         Nr data points : 218
         Time step (fs) :  0.790    

 Broad. function        : VOI  
 Broad. exponent (Gau)  :    7.014E-06
 Broad. order (Gau)     : 2
 Broad. exponent (Lor)  :    1.470E-03
 Broad. order (Lor)     : 1
 -------------------------------

 Computing correlation functions over 218 points

 Calling FFT with 436 points


 Entering in fft_calc subroutine (FFTW)
 Ndata: 436
 tini and tfin  -171.924     171.924

 df  2.901587352099123E-003
 dt  0.790456292826101     
 =========== tdspectra finished ===========  
 Timing...
  CPU (s) for tdspectra :       0.323
 ==========================================
                                           



===============================

 SUMMARY OF NOTES AND WARNINGS

===============================
 ---------------------------------
 7 notes raised along the run
 Look for NOTE in the output
 ---------------------------------

 
 ****************** FCclasses finished *******************
 Timing...   
  CPU (s)       0.383
 *********************************************************
 
 FCclasses finished successfully
