 
                                                    \ /               
                                              ..-'''-*-               
                                              \.-'''\ \               
      _____ _____      _                             | |              
     |  ___/  __ \    | |                         __/ /               
     | |_  | /  \/ ___| | __ _ ___ ___  ___  ___ |_  '.               
     |  _| | |    / __| |/ _` / __/ __|/ _ \/ __|   `.  \             
     | |   | \__/\ (__| | (_| \__ \__ \  __/\__ \     \ '.            
     \_|    \____/\___|_|\__,_|___/___/\___||___/      , |            
                                                       | |            
                                                      / ,'            
                                              -....--'  /             
                                              `.. __..-'              
                                                                      
 ********************************************************* 
   FCCLASSES3:                                             
   A code for vibronic simulations                         
                                                           
                                                           
 ********************************************************* 


 GIT VERSION INFO
  Commit id  : v3-1.0-2-g78ec1d1-dirty
  Commit date: 2022-07-22 10:24:13 +0200

 CURRENT RUN INFO
  Date&Time  : 2022-11-23, 18:41:54
  Input file : STDIN
  Input type : NEW



 INPUT OPTIONS:
-------------------------------
$$$
;GENERAL OPTIONS:
; NAT        = (read from structure files)
; NVIB       = (determined vibrational analysis)
PROPERTY     =   OPA   
MODEL        =   VG   
DIPOLE       =   HTf  
DIPDER_COORD =   CARTESIAN  
TEMP         =     0.00
DE           =   5.31440
BROADFUN     =   GAU  
HWHM         =   0.0400
RESOL        =   0.0040  ; (default: HWHM/10)
METHOD       =   TD   
ROT          =   1
SPCMIN       =     4.000
SPCMAX       =     9.000
;VIBRATIONAL ANALYSIS
NORMALMODES  =   COMPUTE  
RM_COORD     =   NONE    
COORDS       =   CARTESIAN  
FORCE_REAL   =   YES  
;INPUT DATA FILES
STATE1_FILE  =   Thymine6311-tddft.fchk
STATE2_FILE  =   Thymine6311-es2.fchk
MASS_FILE    =   
ELDIP_FILE   =   eldip_Thymine6311-es2_fchk
MAGDIP_FILE  =   magdip_Thymine6311-es2_fchk
NAC_FILE     =   
NRCOUP_FILE  =   eldip_Thymine6311-es2_fchk
HESS1_FILE   =   Thymine6311-tddft.fchk
HESS2_FILE   =   Thymine6311-tddft.fchk
GRAD1_FILE   =   Thymine6311-tddft.fchk
GRAD2_COORD  =   CARTESIAN
GRAD2_FILE   =   Thymine6311-es2.fchk
;VERBOSE LEVEL
VERBOSE      =   1
  
-------------------------------



 ==> State 1 <==

 Geometry file: Thymine6311-tddft.fchk


 Gradient file: Thymine6311-tddft.fchk

NOTE: The calculation for this State will assume non-stationary point since the gradient                  
      is not negligible (maximum atomic gradient:   0.156785 a.u.)                                        
 
 Hessian file: Thymine6311-tddft.fchk



 ---------------------------------------
  Check effect of symmetry operations
  on Hessian elements (or gs^t\beta)
 ---------------------------------------

 Using input geometry instead of rotating to principal axis of intertia to detect symmetry

 
 Sigma(xy) symmetry element found
 
 Symmetry operation  : 1
 Max abs difference  :   0.000000
    original value   :   0.000000
    transformed value:  -0.000000
    Rel difference(%): 200.000000

 ---------------------------------------



 =========================
  ANALYSIS OF DOFs
 =========================

 => STATE 1 <=
 Geometry (Angstroms)
 15    # Nr. of atoms
   Atom       X         Y         Z      Mass
N          0.1557   -1.6591    0.0000   14.0031
C          1.3560   -0.9789    0.0000   12.0000
N          1.1960    0.3911    0.0000   14.0031
C         -0.0000    1.1154    0.0000   12.0000
C         -1.2143    0.2959    0.0000   12.0000
C         -1.0736   -1.0373    0.0000   12.0000
O          2.4311   -1.5306    0.0000   15.9949
O          0.0176    2.3262    0.0000   15.9949
H          0.2303   -2.6642    0.0000    1.0078
H          2.0498    0.9339    0.0000    1.0078
C         -2.5334    1.0003    0.0000   12.0000
H         -1.9250   -1.7061    0.0000    1.0078
H         -3.3581    0.2865    0.0000    1.0078
H         -2.6281    1.6447    0.8761    1.0078
H         -2.6281    1.6447   -0.8761    1.0078
 

 ------------------------------------------------
   INERTIA TENSOR (to be multiplied by 10**5)
 ------------------------------------------------

             1           2           3
  
    1     4.28660     1.79131     0.00000
    2     1.79131     5.10120     0.00000
    3     0.00000     0.00000     9.33139
 ------------------------------------------------


 ------------------------------------------------
   ROTATIONAL CONSTANTS (AND ROTATION MATRIX)
 ------------------------------------------------

 ROOT NO.    1           2           3

    ************************************
  
    1    -0.78157     0.62381     0.00000
    2     0.62381     0.78157     0.00000
    3     0.00000     0.00000     1.00000
 ------------------------------------------------

  Rotational constants (GHz)
     3.22468     1.41060     0.98726
  Rotational temperatures (K)
     0.15476     0.06770     0.04738


 -------------------
  DOF   Dimension
 -------------------
  Vib    39
  Rot    3
  Tra    3
 -------------------


 Translating State1 to its Center of Mass
 Initial COM:       0.0649     -0.0012      0.0000


 ================================
  VIBRATIONAL ANALYSIS ON STATE1
 ================================

 ----------------------------------
   Redundant Frequencies (cm-1)
 ----------------------------------
     1    -0.00002
     2    -0.00001
     3     0.00001
     4     0.00001
     5     0.00001
     6     0.00002
 ----------------------------------


 ------------------------
   FREQUENCIES (cm-1)
 ------------------------
     1  -518.51921
     2  -117.39375
     3    62.24782
     4   100.72237
     5   109.29754
     6   230.53281
     7   307.67445
     8   404.81970
     9   432.64705
    10   456.00351
    11   493.40991
    12   505.07162
    13   565.55397
    14   567.49492
    15   710.26219
    16   742.55410
    17   800.31176
    18   935.91078
    19  1018.38352
    20  1059.59691
    21  1150.16154
    22  1194.43848
    23  1239.27168
    24  1273.90673
    25  1386.44944
    26  1432.20220
    27  1459.24971
    28  1475.27722
    29  1506.51330
    30  1514.01276
    31  1678.62617
    32  1751.28624
    33  1831.11327
    34  3057.10719
    35  3108.94545
    36  3140.09696
    37  3211.02331
    38  3619.77138
    39  3666.85142
 ------------------------

 =====================
  THERMOCHEMISTRY     
 =====================
  Temperature (K):    0.00
  Pressure (atm) :    1.00
 
  Rotational constants (GHz)
     3.22468     1.41060     0.98726
  Rotational temperatures (K)
     0.15476     0.06770     0.04738
 
           1  -518.519205012535     

WARNING: Imaginary frequency ignored                                                                         
 
           2  -117.393745960870     

WARNING: Imaginary frequency ignored                                                                         
 
  Partition Functions
  qt =      0.000    
  qr =      0.000    
  qv =      0.000    
 
  Contributions to entropy
  St (cm-1/K) = -Infinity
  Sr (cm-1/K) = -Infinity
  Sv (cm-1/K) =       NaN
 
  Thermal corrections (AU)
  Zero Point Energy =   0.109805    
  Internal Energy   =   0.109805    
  Enthalpy          =   0.109805    
  Gibbs Free Energy =            NaN
 
  Thermal corrections (AU) - vibrational only
  Number of vibrations:      39
  V-internal Energy   =   0.109805    
  V-enthalpy          =   0.109805    
  V-gibbs Free Energy =            NaN


 ==> State 2 <==

 Geometry file: Thymine6311-es2.fchk


 Gradient file: Thymine6311-es2.fchk

NOTE: The calculation for this State will assume non-stationary point since the gradient                  
      is not negligible (maximum atomic gradient:   0.101315 a.u.)                                        
 
 Hessian file: Thymine6311-tddft.fchk


 Combination abs/ECDNO
 A standard one-photon absorption calculation  will be performed


 =========================
  ANALYSIS OF DOFs
 =========================

 => STATE 2 <=
 Geometry (Angstroms)
 15    # Nr. of atoms
   Atom       X         Y         Z      Mass
N          0.1557   -1.6591    0.0000   14.0031
C          1.3560   -0.9789    0.0000   12.0000
N          1.1960    0.3911    0.0000   14.0031
C         -0.0000    1.1154    0.0000   12.0000
C         -1.2143    0.2959    0.0000   12.0000
C         -1.0736   -1.0373    0.0000   12.0000
O          2.4311   -1.5306    0.0000   15.9949
O          0.0176    2.3262    0.0000   15.9949
H          0.2303   -2.6642    0.0000    1.0078
H          2.0498    0.9339    0.0000    1.0078
C         -2.5334    1.0003    0.0000   12.0000
H         -1.9250   -1.7061    0.0000    1.0078
H         -3.3581    0.2865    0.0000    1.0078
H         -2.6281    1.6447    0.8761    1.0078
H         -2.6281    1.6447   -0.8761    1.0078
 

 ------------------------------------------------
   INERTIA TENSOR (to be multiplied by 10**5)
 ------------------------------------------------

             1           2           3
  
    1     4.28660     1.79131     0.00000
    2     1.79131     5.10120     0.00000
    3     0.00000     0.00000     9.33139
 ------------------------------------------------


 ------------------------------------------------
   ROTATIONAL CONSTANTS (AND ROTATION MATRIX)
 ------------------------------------------------

 ROOT NO.    1           2           3

    ************************************
  
    1    -0.78157     0.62381     0.00000
    2     0.62381     0.78157     0.00000
    3     0.00000     0.00000     1.00000
 ------------------------------------------------

  Rotational constants (GHz)
     3.22468     1.41060     0.98726
  Rotational temperatures (K)
     0.15476     0.06770     0.04738


 -------------------
  DOF   Dimension
 -------------------
  Vib    39
  Rot    3
  Tra    3
 -------------------


 Translating State2 to its Center of Mass
 Initial COM:       0.0649     -0.0012      0.0000


 ================================
  VIBRATIONAL ANALYSIS ON STATE2
 ================================

Normal modes read from State1 for VG


 ------------------------
   FREQUENCIES (cm-1)
 ------------------------
     1  -518.51921
     2  -117.39375
     3    62.24782
     4   100.72237
     5   109.29754
     6   230.53281
     7   307.67445
     8   404.81970
     9   432.64705
    10   456.00351
    11   493.40991
    12   505.07162
    13   565.55397
    14   567.49492
    15   710.26219
    16   742.55410
    17   800.31176
    18   935.91078
    19  1018.38352
    20  1059.59691
    21  1150.16154
    22  1194.43848
    23  1239.27168
    24  1273.90673
    25  1386.44944
    26  1432.20220
    27  1459.24971
    28  1475.27722
    29  1506.51330
    30  1514.01276
    31  1678.62617
    32  1751.28624
    33  1831.11327
    34  3057.10719
    35  3108.94545
    36  3140.09696
    37  3211.02331
    38  3619.77138
    39  3666.85142
 ------------------------


 -------------------------------------
   State2 Gradient (Q1-space) x1e5
 -------------------------------------
     1    -0.00000
     2     0.00000
     3    -0.00000
     4     0.00000
     5     4.37805
     6    -0.00000
     7    -1.56348
     8     0.00000
     9     0.00000
    10    -0.07409
    11    -0.00000
    12   -15.17701
    13     4.28290
    14    -0.00000
    15    -1.69314
    16    -0.00000
    17   -11.84946
    18   -19.80409
    19    15.91221
    20     0.00000
    21     5.39928
    22    30.30747
    23   -23.22051
    24    18.21223
    25   -44.26529
    26    -0.15371
    27    -6.73114
    28     0.00000
    29   -14.19549
    30   -11.50375
    31    48.21707
    32    57.87213
    33   -26.95305
    34     8.36193
    35    -0.00000
    36     2.81327
    37    17.84673
    38     5.79720
    39    -9.03409
 -------------------------------------




                 ASSIGNMENTS AND ANALYSIS OF 1 WITH RESPECT TO 2
 STATE 1                              MODES STATE 2
IND DEF    FREQUENCY     SHIFT    I21 C21  I22 C22   I23 C23     FR(I21)  I90 I95 I99
   1  P     -518.52    -0.00000    1 1.00    2 0.00    3 0.00       0.00   1   1   1
   2  P     -117.39     0.00000    2 1.00    1 0.00    3 0.00       0.00   1   1   1
   3  P       62.25     0.00000    3 1.00    2 0.00    1 0.00       0.00   1   1   1
   4  P      100.72    -0.00000    4 1.00    2 0.00    3 0.00       0.00   1   1   1
   5  P      109.30  -176.53398    5 1.00    2 0.00    3 0.00       0.00   1   1   1
   6  P      230.53     0.00000    6 1.00    2 0.00    3 0.00       0.00   1   1   1
   7  P      307.67     7.95568    7 1.00    2 0.00    3 0.00       0.00   1   1   1
   8  P      404.82    -0.00000    8 1.00    2 0.00    3 0.00       0.00   1   1   1
   9  P      432.65    -0.00000    9 1.00    2 0.00    3 0.00       0.00   1   1   1
  10  P      456.00     0.17163   10 1.00    2 0.00    3 0.00       0.00   1   1   1
  11  P      493.41     0.00000   11 1.00    2 0.00    3 0.00       0.00   1   1   1
  12  P      505.07    28.65820   12 1.00    2 0.00    3 0.00       0.00   1   1   1
  13  P      565.55    -6.44997   13 1.00    2 0.00    3 0.00       0.00   1   1   1
  14  P      567.49     0.00000   14 1.00    2 0.00    3 0.00       0.00   1   1   1
  15  P      710.26     1.61668   15 1.00    2 0.00    3 0.00       0.00   1   1   1
  16  P      742.55     0.00000   16 1.00    2 0.00    3 0.00       0.00   1   1   1
  17  P      800.31     8.91146   17 1.00    2 0.00    3 0.00       0.00   1   1   1
  18  P      935.91    10.89067   18 1.00    2 0.00    3 0.00       0.00   1   1   1
  19  P     1018.38    -7.39054   19 1.00    2 0.00    3 0.00       0.00   1   1   1
  20  P     1059.60    -0.00000   20 1.00    2 0.00    3 0.00       0.00   1   1   1
  21  P     1150.16    -1.96601   21 1.00    2 0.00    3 0.00       0.00   1   1   1
  22  P     1194.44   -10.23271   22 1.00    2 0.00    3 0.00       0.00   1   1   1
  23  P     1239.27     7.28295   23 1.00    2 0.00    3 0.00       0.00   1   1   1
  24  P     1273.91    -5.40576   24 1.00    2 0.00    3 0.00       0.00   1   1   1
  25  P     1386.45    11.09236   25 1.00    2 0.00    3 0.00       0.00   1   1   1
  26  P     1432.20     0.03610   26 1.00    2 0.00    3 0.00       0.00   1   1   1
  27  P     1459.25     1.52264   27 1.00    2 0.00    3 0.00       0.00   1   1   1
  28  P     1475.28    -0.00000   28 1.00    2 0.00    3 0.00       0.00   1   1   1
  29  P     1506.51     3.01282   29 1.00    2 0.00    3 0.00       0.00   1   1   1
  30  P     1514.01     2.41740   30 1.00    2 0.00    3 0.00       0.00   1   1   1
  31  P     1678.63    -8.24255   31 1.00    2 0.00    3 0.00       0.00   1   1   1
  32  P     1751.29    -9.08916   32 1.00    2 0.00    3 0.00       0.00   1   1   1
  33  P     1831.11     3.87210   33 1.00    2 0.00    3 0.00       0.00   1   1   1
  34  P     3057.11    -0.43098   34 1.00    2 0.00    3 0.00       0.00   1   1   1
  35  P     3108.95     0.00000   35 1.00    2 0.00    3 0.00       0.00   1   1   1
  36  P     3140.10    -0.13743   36 1.00    2 0.00    3 0.00       0.00   1   1   1
  37  P     3211.02    -0.83376   37 1.00    2 0.00    3 0.00       0.00   1   1   1
  38  P     3619.77    -0.21312   38 1.00    2 0.00    3 0.00       0.00   1   1   1
  39  P     3666.85     0.32364   39 1.00    2 0.00    3 0.00       0.00   1   1   1
   
 *********************************************************** 
  
  AVERAGE MAX PROJECTION     1.000000    St Dev   0.000000
  AVERAGE FREQ DIFF          0.000000    St Dev   0.000000
  AVERAGE ABS FREQ DIFF      0.000000    St Dev   0.000000
  AVERAGE ABS DISPLACE      -3.568248    St Dev  28.799426
  SUM DISPL**2           32843.433078
  
 *********************************************************** 
  



                 ASSIGNMENTS AND ANALYSIS OF 2 WITH RESPECT TO 1
 STATE 2                              MODES STATE 1
IND DEF    FREQUENCY     SHIFT    I11 C11  I12 C12   I13 C13     FR(I11)  I90 I95 I99
   1  P     -518.52     0.00000    1 1.00    2 0.00    3 0.00       0.00   1   1   1
   2  P     -117.39    -0.00000    2 1.00    1 0.00    3 0.00       0.00   1   1   1
   3  P       62.25    -0.00000    3 1.00    2 0.00    1 0.00       0.00   1   1   1
   4  P      100.72     0.00000    4 1.00    2 0.00    3 0.00       0.00   1   1   1
   5  P      109.30   176.53398    5 1.00    2 0.00    3 0.00       0.00   1   1   1
   6  P      230.53    -0.00000    6 1.00    2 0.00    3 0.00       0.00   1   1   1
   7  P      307.67    -7.95568    7 1.00    2 0.00    3 0.00       0.00   1   1   1
   8  P      404.82     0.00000    8 1.00    2 0.00    3 0.00       0.00   1   1   1
   9  P      432.65     0.00000    9 1.00    2 0.00    3 0.00       0.00   1   1   1
  10  P      456.00    -0.17163   10 1.00    2 0.00    3 0.00       0.00   1   1   1
  11  P      493.41    -0.00000   11 1.00    2 0.00    3 0.00       0.00   1   1   1
  12  P      505.07   -28.65820   12 1.00    2 0.00    3 0.00       0.00   1   1   1
  13  P      565.55     6.44997   13 1.00    2 0.00    3 0.00       0.00   1   1   1
  14  P      567.49    -0.00000   14 1.00    2 0.00    3 0.00       0.00   1   1   1
  15  P      710.26    -1.61668   15 1.00    2 0.00    3 0.00       0.00   1   1   1
  16  P      742.55    -0.00000   16 1.00    2 0.00    3 0.00       0.00   1   1   1
  17  P      800.31    -8.91146   17 1.00    2 0.00    3 0.00       0.00   1   1   1
  18  P      935.91   -10.89067   18 1.00    2 0.00    3 0.00       0.00   1   1   1
  19  P     1018.38     7.39054   19 1.00    2 0.00    3 0.00       0.00   1   1   1
  20  P     1059.60     0.00000   20 1.00    2 0.00    3 0.00       0.00   1   1   1
  21  P     1150.16     1.96601   21 1.00    2 0.00    3 0.00       0.00   1   1   1
  22  P     1194.44    10.23271   22 1.00    2 0.00    3 0.00       0.00   1   1   1
  23  P     1239.27    -7.28295   23 1.00    2 0.00    3 0.00       0.00   1   1   1
  24  P     1273.91     5.40576   24 1.00    2 0.00    3 0.00       0.00   1   1   1
  25  P     1386.45   -11.09236   25 1.00    2 0.00    3 0.00       0.00   1   1   1
  26  P     1432.20    -0.03610   26 1.00    2 0.00    3 0.00       0.00   1   1   1
  27  P     1459.25    -1.52264   27 1.00    2 0.00    3 0.00       0.00   1   1   1
  28  P     1475.28     0.00000   28 1.00    2 0.00    3 0.00       0.00   1   1   1
  29  P     1506.51    -3.01282   29 1.00    2 0.00    3 0.00       0.00   1   1   1
  30  P     1514.01    -2.41740   30 1.00    2 0.00    3 0.00       0.00   1   1   1
  31  P     1678.63     8.24255   31 1.00    2 0.00    3 0.00       0.00   1   1   1
  32  P     1751.29     9.08916   32 1.00    2 0.00    3 0.00       0.00   1   1   1
  33  P     1831.11    -3.87210   33 1.00    2 0.00    3 0.00       0.00   1   1   1
  34  P     3057.11     0.43098   34 1.00    2 0.00    3 0.00       0.00   1   1   1
  35  P     3108.95    -0.00000   35 1.00    2 0.00    3 0.00       0.00   1   1   1
  36  P     3140.10     0.13743   36 1.00    2 0.00    3 0.00       0.00   1   1   1
  37  P     3211.02     0.83376   37 1.00    2 0.00    3 0.00       0.00   1   1   1
  38  P     3619.77     0.21312   38 1.00    2 0.00    3 0.00       0.00   1   1   1
  39  P     3666.85    -0.32364   39 1.00    2 0.00    3 0.00       0.00   1   1   1
   
 *********************************************************** 
  
  AVERAGE MAX PROJECTION     1.000000    St Dev   0.000000
  AVERAGE FREQ DIFF          0.000000    St Dev   0.000000
  AVERAGE ABS FREQ DIFF      0.000000    St Dev   0.000000
  AVERAGE ABS DISPLACE       3.568248    St Dev  28.799426
  SUM DISPL**2           32843.433078
  
 *********************************************************** 
  

 ADDITIONAL ANALYSIS ON DUSCHINSKY MATRIX
 ----------------------------------------
  Determinant:     1.0000

  ** A = GM·GMT **
  Det(A)     :     1.0000
  Trace(A)   :    39.0000
  Det(A-I)   :     0.0000
  Trace(A-I) :     0.0000
 ----------------------------------------

   
   
 STATE1 MODES SORTED BY DECREASING DIMENSIONLESS SHIFT
   IND    MODE    FREQUENCY DIMENSIONLESS SHIFT
     1       1    -518.51921               NaN
     2       2    -117.39375               NaN
     3       5     109.29754      -0.39395E+01
     4      12     505.07162       0.13748E+01
     5      25    1386.44944       0.88162E+00
     6      32    1751.28624      -0.81191E+00
     7      22    1194.43848      -0.75488E+00
     8      31    1678.62617      -0.72085E+00
     9      18     935.91078       0.71118E+00
    10      23    1239.27168       0.54727E+00
    11      17     800.31176       0.53813E+00
    12      19    1018.38352      -0.50343E+00
    13      24    1273.90673      -0.41184E+00
    14      33    1831.11327       0.35368E+00
    15      13     565.55397      -0.32742E+00
    16       7     307.67445       0.29787E+00
    17      29    1506.51330       0.24961E+00
    18      30    1514.01276       0.20078E+00
    19      21    1150.16154      -0.14232E+00
    20      27    1459.24971       0.12416E+00
    21      37    3211.02331      -0.10085E+00
    22      15     710.26219       0.91969E-01
    23      34    3057.10719      -0.50865E-01
    24      39    3666.85142       0.41833E-01
    25      38    3619.77138      -0.27370E-01
    26      36    3140.09696      -0.16439E-01
    27      10     456.00351       0.78232E-02
    28      26    1432.20220       0.29159E-02
    29       4     100.72237      -0.13600E-07
    30       9     432.64705      -0.22001E-08
    31      11     493.40991       0.21230E-08
    32       3      62.24782       0.40312E-09
    33      14     567.49492       0.38476E-09
    34       8     404.81970      -0.31977E-09
    35      20    1059.59691      -0.20849E-09
    36      16     742.55410       0.18795E-09
    37      28    1475.27722      -0.60334E-10
    38       6     230.53281       0.22813E-10
    39      35    3108.94545       0.17232E-11
   
   
 MODES OF STATE1 IN ORDER OF DECREASING FR COUPL
 ESTIMATED BY THE MAGNITUDE OF THE 0-0 INTEGRAL
   IND    MODE1  FREQ   MODE2 FR    FR. SHIFT INV0-0
     1     1  -518.51921         1  -518.51921         0.00000         1.00000
     2     2  -117.39375         2  -117.39375         0.00000         1.00000
     3     3    62.24782         3    62.24782         0.00000         1.00000
     4     4   100.72237         4   100.72237         0.00000         1.00000
     5     5   109.29754         5   109.29754         0.00000         1.00000
     6     6   230.53281         6   230.53281         0.00000         1.00000
     7     7   307.67445         7   307.67445         0.00000         1.00000
     8     8   404.81970         8   404.81970         0.00000         1.00000
     9     9   432.64705         9   432.64705         0.00000         1.00000
    10    10   456.00351        10   456.00351         0.00000         1.00000
    11    11   493.40991        11   493.40991         0.00000         1.00000
    12    12   505.07162        12   505.07162         0.00000         1.00000
    13    13   565.55397        13   565.55397         0.00000         1.00000
    14    14   567.49492        14   567.49492         0.00000         1.00000
    15    15   710.26219        15   710.26219         0.00000         1.00000
    16    16   742.55410        16   742.55410         0.00000         1.00000
    17    17   800.31176        17   800.31176         0.00000         1.00000
    18    18   935.91078        18   935.91078         0.00000         1.00000
    19    19  1018.38352        19  1018.38352         0.00000         1.00000
    20    20  1059.59691        20  1059.59691         0.00000         1.00000
    21    21  1150.16154        21  1150.16154         0.00000         1.00000
    22    22  1194.43848        22  1194.43848         0.00000         1.00000
    23    23  1239.27168        23  1239.27168         0.00000         1.00000
    24    24  1273.90673        24  1273.90673         0.00000         1.00000
    25    25  1386.44944        25  1386.44944         0.00000         1.00000
    26    26  1432.20220        26  1432.20220         0.00000         1.00000
    27    27  1459.24971        27  1459.24971         0.00000         1.00000
    28    28  1475.27722        28  1475.27722         0.00000         1.00000
    29    29  1506.51330        29  1506.51330         0.00000         1.00000
    30    30  1514.01276        30  1514.01276         0.00000         1.00000
    31    31  1678.62617        31  1678.62617         0.00000         1.00000
    32    32  1751.28624        32  1751.28624         0.00000         1.00000
    33    33  1831.11327        33  1831.11327         0.00000         1.00000
    34    34  3057.10719        34  3057.10719         0.00000         1.00000
    35    35  3108.94545        35  3108.94545         0.00000         1.00000
    36    36  3140.09696        36  3140.09696         0.00000         1.00000
    37    37  3211.02331        37  3211.02331         0.00000         1.00000
    38    38  3619.77138        38  3619.77138         0.00000         1.00000
    39    39  3666.85142        39  3666.85142         0.00000         1.00000
   
   
   
   
 STATE2 MODES SORTED BY DECREASING DIMENSIONLESS SHIFT
   IND    MODE    FREQUENCY DIMENSIONLESS SHIFT
     1       1    -518.51921               NaN
     2       2    -117.39375               NaN
     3       5     109.29754       0.39395E+01
     4      12     505.07162      -0.13748E+01
     5      25    1386.44944      -0.88162E+00
     6      32    1751.28624       0.81191E+00
     7      22    1194.43848       0.75488E+00
     8      31    1678.62617       0.72085E+00
     9      18     935.91078      -0.71118E+00
    10      23    1239.27168      -0.54727E+00
    11      17     800.31176      -0.53813E+00
    12      19    1018.38352       0.50343E+00
    13      24    1273.90673       0.41184E+00
    14      33    1831.11327      -0.35368E+00
    15      13     565.55397       0.32742E+00
    16       7     307.67445      -0.29787E+00
    17      29    1506.51330      -0.24961E+00
    18      30    1514.01276      -0.20078E+00
    19      21    1150.16154       0.14232E+00
    20      27    1459.24971      -0.12416E+00
    21      37    3211.02331       0.10085E+00
    22      15     710.26219      -0.91969E-01
    23      34    3057.10719       0.50865E-01
    24      39    3666.85142      -0.41833E-01
    25      38    3619.77138       0.27370E-01
    26      36    3140.09696       0.16439E-01
    27      10     456.00351      -0.78232E-02
    28      26    1432.20220      -0.29159E-02
    29       4     100.72237       0.13600E-07
    30       9     432.64705       0.22001E-08
    31      11     493.40991      -0.21230E-08
    32       3      62.24782      -0.40312E-09
    33      14     567.49492      -0.38476E-09
    34       8     404.81970       0.31977E-09
    35      20    1059.59691       0.20849E-09
    36      16     742.55410      -0.18795E-09
    37      28    1475.27722       0.60334E-10
    38       6     230.53281      -0.22813E-10
    39      35    3108.94545      -0.17232E-11
   
   
 MODES OF STATE2 IN ORDER OF DECREASING FR COUPL
 ESTIMATED BY THE MAGNITUDE OF THE 0-0 INTEGRAL
   IND    MODE2  FREQ   MODE1 FR    FR. SHIFT INV0-0
     1     1  -518.51921         1  -518.51921         0.00000         1.00000
     2     2  -117.39375         2  -117.39375         0.00000         1.00000
     3     3    62.24782         3    62.24782         0.00000         1.00000
     4     4   100.72237         4   100.72237         0.00000         1.00000
     5     5   109.29754         5   109.29754         0.00000         1.00000
     6     6   230.53281         6   230.53281         0.00000         1.00000
     7     7   307.67445         7   307.67445         0.00000         1.00000
     8     8   404.81970         8   404.81970         0.00000         1.00000
     9     9   432.64705         9   432.64705         0.00000         1.00000
    10    10   456.00351        10   456.00351         0.00000         1.00000
    11    11   493.40991        11   493.40991         0.00000         1.00000
    12    12   505.07162        12   505.07162         0.00000         1.00000
    13    13   565.55397        13   565.55397         0.00000         1.00000
    14    14   567.49492        14   567.49492         0.00000         1.00000
    15    15   710.26219        15   710.26219         0.00000         1.00000
    16    16   742.55410        16   742.55410         0.00000         1.00000
    17    17   800.31176        17   800.31176         0.00000         1.00000
    18    18   935.91078        18   935.91078         0.00000         1.00000
    19    19  1018.38352        19  1018.38352         0.00000         1.00000
    20    20  1059.59691        20  1059.59691         0.00000         1.00000
    21    21  1150.16154        21  1150.16154         0.00000         1.00000
    22    22  1194.43848        22  1194.43848         0.00000         1.00000
    23    23  1239.27168        23  1239.27168         0.00000         1.00000
    24    24  1273.90673        24  1273.90673         0.00000         1.00000
    25    25  1386.44944        25  1386.44944         0.00000         1.00000
    26    26  1432.20220        26  1432.20220         0.00000         1.00000
    27    27  1459.24971        27  1459.24971         0.00000         1.00000
    28    28  1475.27722        28  1475.27722         0.00000         1.00000
    29    29  1506.51330        29  1506.51330         0.00000         1.00000
    30    30  1514.01276        30  1514.01276         0.00000         1.00000
    31    31  1678.62617        31  1678.62617         0.00000         1.00000
    32    32  1751.28624        32  1751.28624         0.00000         1.00000
    33    33  1831.11327        33  1831.11327         0.00000         1.00000
    34    34  3057.10719        34  3057.10719         0.00000         1.00000
    35    35  3108.94545        35  3108.94545         0.00000         1.00000
    36    36  3140.09696        36  3140.09696         0.00000         1.00000
    37    37  3211.02331        37  3211.02331         0.00000         1.00000
    38    38  3619.77138        38  3619.77138         0.00000         1.00000
    39    39  3666.85142        39  3666.85142         0.00000         1.00000
   
   
  
  
 DIMENSIONLESS SHIFTS 
   IND     STATE1       STATE2
     1             NaN             NaN
     2             NaN             NaN
     3     0.40312E-09    -0.40312E-09
     4    -0.13600E-07     0.13600E-07
     5    -0.39395E+01     0.39395E+01
     6     0.22813E-10    -0.22813E-10
     7     0.29787E+00    -0.29787E+00
     8    -0.31977E-09     0.31977E-09
     9    -0.22001E-08     0.22001E-08
    10     0.78232E-02    -0.78232E-02
    11     0.21230E-08    -0.21230E-08
    12     0.13748E+01    -0.13748E+01
    13    -0.32742E+00     0.32742E+00
    14     0.38476E-09    -0.38476E-09
    15     0.91969E-01    -0.91969E-01
    16     0.18795E-09    -0.18795E-09
    17     0.53813E+00    -0.53813E+00
    18     0.71118E+00    -0.71118E+00
    19    -0.50343E+00     0.50343E+00
    20    -0.20849E-09     0.20849E-09
    21    -0.14232E+00     0.14232E+00
    22    -0.75488E+00     0.75488E+00
    23     0.54727E+00    -0.54727E+00
    24    -0.41184E+00     0.41184E+00
    25     0.88162E+00    -0.88162E+00
    26     0.29159E-02    -0.29159E-02
    27     0.12416E+00    -0.12416E+00
    28    -0.60334E-10     0.60334E-10
    29     0.24961E+00    -0.24961E+00
    30     0.20078E+00    -0.20078E+00
    31    -0.72085E+00     0.72085E+00
    32    -0.81191E+00     0.81191E+00
    33     0.35368E+00    -0.35368E+00
    34    -0.50865E-01     0.50865E-01
    35     0.17232E-11    -0.17232E-11
    36    -0.16439E-01     0.16439E-01
    37    -0.10085E+00     0.10085E+00
    38    -0.27370E-01     0.27370E-01
    39     0.41833E-01    -0.41833E-01
  SUM SQUARED DIMENSIONLESS DISPL STATE1       21.9369
  SUM SQUARED DIMENSIONLESS DISPL STATE2       21.9369
  VALUE STATE1 GROUND VIB WAVEFUN AT GEO2       0.0000
  VALUE STATE2 GROUND VIB WAVEFUN AT GEO1       0.0000
  VALUE STATE1 GROUND VIB WAVEFUN AT (GEO1+GEO2)/2      0.0644
  VALUE STATE2 GROUND VIB WAVEFUN AT (GEO1+GEO2)/2      0.0644

 Printing Duschinski matrix to 'duschinsky.dat'


 Printing Shift vector to 'displacement.dat'


WARNING: An imaginary frequency found on State 1:     -518.519
         It is turned real,                   
         which will cause artefacts.                                                                         
 

WARNING: An imaginary frequency found on State 2:     -518.519
         It is turned real,                   
         which will cause artefacts.                                                                         
 

WARNING: An imaginary frequency found on State 1:     -117.394
         It is turned real,                   
         which will cause artefacts.                                                                         
 

WARNING: An imaginary frequency found on State 2:     -117.394
         It is turned real,                   
         which will cause artefacts.                                                                         
 

NOTE: DE read from input:   5.314 (eV)                                                                    
 


 ===========================
  REORGANIZATION ENERGY
 ===========================
     0.019502  (Hartree)
     0.530689  (eV)


 ------------------------------------------------------
 Extrapolation form (generalized) vertical point:
 ------------------------------------------------------
 Extrapolated vertical energy:        5.31440  (eV)
 Extrapolated adiabatic energy:       5.31440  (eV)
 Extrapolated reorg. energy   :       0.00000  (eV)
 ------------------------------------------------------



 ===============================
  ZERO-POINT ENERGY CORRECTIONS 
 ===============================


                    ZERO POINT ENERGY IN CM-1
    E01=     24417.36    E02=     24417.36


                    0-0 ENERGY DIFFERENCE
       4.78371 eV


                    ADIABATIC ENERGY     
       4.78371 eV




 ====================

  TRANSITION DIPOLES 

 ====================
 Model for tr. dipoles: HTf

NOTE: Combination of vertical model PES with HTf tr. dipoles might be inconsistent.                       
 
 Reading electric dipole file: eldip_Thymine6311-es2_fchk
 
 
 Dipole derivatives read in Cartesian coordinates
 

 Dipole derivatives transformed to MWC
     
        0-ORDER TRANSITION ELECTRIC DIPOLE MOMENT components and its module
At Geo State 1           -0.25649736    1.18446218    0.00000000        1.21191648
At Geo State 2           -0.25649736    1.18446218    0.00000000        1.21191648
   
          TRANS EL DIP MOMENT DERIVATIVES IN MWC COORD
         ATOM  COORD.        Ddipx/Dq    Ddipy/Dq    Ddipz/Dq
           1      x            -0.00033    -0.00239    -0.00000
           1      y            -0.00350     0.00120    -0.00000
           1      z             0.00000    -0.00000    -0.00021
           2      x             0.00354     0.00374     0.00000
           2      y             0.00421    -0.00063     0.00000
           2      z            -0.00000     0.00000     0.00004
           3      x             0.00047     0.00017     0.00000
           3      y            -0.00530     0.00016    -0.00000
           3      z             0.00000    -0.00000    -0.00020
           4      x            -0.00106    -0.00169    -0.00000
           4      y            -0.00376    -0.00301    -0.00000
           4      z             0.00000    -0.00000     0.00059
           5      x             0.00199     0.00072     0.00000
           5      y            -0.00232     0.00640     0.00000
           5      z             0.00000    -0.00000     0.00161
           6      x            -0.00148     0.00210     0.00000
           6      y             0.00369    -0.00577    -0.00000
           6      z            -0.00000     0.00000    -0.00251
           7      x            -0.00239    -0.00197     0.00000
           7      y             0.00073     0.00058     0.00000
           7      z             0.00000    -0.00000    -0.00011
           8      x             0.00015    -0.00022    -0.00000
           8      y             0.00555     0.00116     0.00000
           8      z            -0.00000     0.00000     0.00019
           9      x            -0.00042    -0.00001     0.00000
           9      y             0.00147    -0.00093    -0.00000
           9      z             0.00000    -0.00000     0.00017
          10      x             0.00083    -0.00089    -0.00000
          10      y             0.00083    -0.00082     0.00000
          10      z             0.00000    -0.00000     0.00007
          11      x            -0.00139     0.00031     0.00000
          11      y             0.00039    -0.00054     0.00000
          11      z            -0.00000     0.00000    -0.00036
          12      x            -0.00180     0.00006    -0.00000
          12      y            -0.00003    -0.00019     0.00000
          12      z             0.00000    -0.00000     0.00138
          13      x             0.00095     0.00035     0.00000
          13      y             0.00063     0.00088     0.00000
          13      z            -0.00000     0.00000    -0.00000
          14      x             0.00165    -0.00021    -0.00006
          14      y            -0.00135     0.00066     0.00033
          14      z            -0.00121     0.00033     0.00089
          15      x             0.00165    -0.00021     0.00006
          15      y            -0.00135     0.00066    -0.00033
          15      z             0.00121    -0.00033     0.00089
 

 TR DIPOLE DERIVATIVES IN NORMAL COORDINATES STATE1 
     1       0.0000000  -0.0000000   0.0012685           0.0000000  -0.0000000   0.0012685
     2      -0.0000000   0.0000000  -0.0005528          -0.0000000   0.0000000  -0.0005528
     3       0.0000000  -0.0000000  -0.0003449           0.0000000  -0.0000000  -0.0003449
     4      -0.0000000   0.0000000  -0.0003286          -0.0000000   0.0000000  -0.0003286
     5       0.0000669   0.0001269   0.0000000           0.0000669   0.0001269   0.0000000
     6      -0.0000000   0.0000000  -0.0005506          -0.0000000   0.0000000  -0.0005506
     7      -0.0004566   0.0003023   0.0000000          -0.0004566   0.0003023   0.0000000
     8       0.0000000  -0.0000000  -0.0000850           0.0000000  -0.0000000  -0.0000850
     9       0.0000000  -0.0000000  -0.0006442           0.0000000  -0.0000000  -0.0006442
    10       0.0017369  -0.0005756  -0.0000000           0.0017369  -0.0005756  -0.0000000
    11       0.0000000  -0.0000000   0.0006366           0.0000000  -0.0000000   0.0006366
    12      -0.0003018   0.0001275   0.0000000          -0.0003018   0.0001275   0.0000000
    13      -0.0003918  -0.0001330   0.0000000          -0.0003918  -0.0001330   0.0000000
    14       0.0000000  -0.0000000   0.0025549           0.0000000  -0.0000000   0.0025549
    15       0.0010493  -0.0015340   0.0000000           0.0010493  -0.0015340   0.0000000
    16      -0.0000000   0.0000000   0.0005598          -0.0000000   0.0000000   0.0005598
    17       0.0006296  -0.0001621   0.0000000           0.0006296  -0.0001621   0.0000000
    18      -0.0014996   0.0015226  -0.0000000          -0.0014996   0.0015226  -0.0000000
    19       0.0015947  -0.0007180   0.0000000           0.0015947  -0.0007180   0.0000000
    20      -0.0000000   0.0000000  -0.0006853          -0.0000000   0.0000000  -0.0006853
    21       0.0027311  -0.0003497   0.0000000           0.0027311  -0.0003497   0.0000000
    22       0.0036731  -0.0016731   0.0000000           0.0036731  -0.0016731   0.0000000
    23       0.0028519  -0.0003399  -0.0000000           0.0028519  -0.0003399  -0.0000000
    24      -0.0050052  -0.0020586  -0.0000000          -0.0050052  -0.0020586  -0.0000000
    25       0.0037002   0.0031797   0.0000000           0.0037002   0.0031797   0.0000000
    26      -0.0021945   0.0006057   0.0000000          -0.0021945   0.0006057   0.0000000
    27       0.0024685   0.0008459   0.0000000           0.0024685   0.0008459   0.0000000
    28       0.0000000  -0.0000000  -0.0000969           0.0000000  -0.0000000  -0.0000969
    29       0.0010036   0.0006106  -0.0000000           0.0010036   0.0006106  -0.0000000
    30       0.0030453   0.0001479  -0.0000000           0.0030453   0.0001479  -0.0000000
    31       0.0067624  -0.0047682   0.0000000           0.0067624  -0.0047682   0.0000000
    32      -0.0022655  -0.0079832  -0.0000000          -0.0022655  -0.0079832  -0.0000000
    33       0.0001813  -0.0026751  -0.0000000           0.0001813  -0.0026751  -0.0000000
    34       0.0030500  -0.0004507   0.0000000           0.0030500  -0.0004507   0.0000000
    35       0.0000000  -0.0000000   0.0013198           0.0000000  -0.0000000   0.0013198
    36       0.0002290  -0.0011711   0.0000000           0.0002290  -0.0011711   0.0000000
    37       0.0016737  -0.0006289   0.0000000           0.0016737  -0.0006289   0.0000000
    38       0.0018321  -0.0012595  -0.0000000           0.0018321  -0.0012595  -0.0000000
    39      -0.0022708   0.0012097   0.0000000          -0.0022708   0.0012097   0.0000000
   
   

 TR DIPOLE DERIVATIVES IN NORMAL COORDINATES STATE2 
  (these will be the ones used for spectrum calculation)
     1       0.0000000  -0.0000000   0.0012685           0.0000000  -0.0000000   0.0012685
     2      -0.0000000   0.0000000  -0.0005528          -0.0000000   0.0000000  -0.0005528
     3       0.0000000  -0.0000000  -0.0003449           0.0000000  -0.0000000  -0.0003449
     4      -0.0000000   0.0000000  -0.0003286          -0.0000000   0.0000000  -0.0003286
     5       0.0000669   0.0001269   0.0000000           0.0000669   0.0001269   0.0000000
     6      -0.0000000   0.0000000  -0.0005506          -0.0000000   0.0000000  -0.0005506
     7      -0.0004566   0.0003023   0.0000000          -0.0004566   0.0003023   0.0000000
     8       0.0000000  -0.0000000  -0.0000850           0.0000000  -0.0000000  -0.0000850
     9       0.0000000  -0.0000000  -0.0006442           0.0000000  -0.0000000  -0.0006442
    10       0.0017369  -0.0005756  -0.0000000           0.0017369  -0.0005756  -0.0000000
    11       0.0000000  -0.0000000   0.0006366           0.0000000  -0.0000000   0.0006366
    12      -0.0003018   0.0001275   0.0000000          -0.0003018   0.0001275   0.0000000
    13      -0.0003918  -0.0001330   0.0000000          -0.0003918  -0.0001330   0.0000000
    14       0.0000000  -0.0000000   0.0025549           0.0000000  -0.0000000   0.0025549
    15       0.0010493  -0.0015340   0.0000000           0.0010493  -0.0015340   0.0000000
    16      -0.0000000   0.0000000   0.0005598          -0.0000000   0.0000000   0.0005598
    17       0.0006296  -0.0001621   0.0000000           0.0006296  -0.0001621   0.0000000
    18      -0.0014996   0.0015226  -0.0000000          -0.0014996   0.0015226  -0.0000000
    19       0.0015947  -0.0007180   0.0000000           0.0015947  -0.0007180   0.0000000
    20      -0.0000000   0.0000000  -0.0006853          -0.0000000   0.0000000  -0.0006853
    21       0.0027311  -0.0003497   0.0000000           0.0027311  -0.0003497   0.0000000
    22       0.0036731  -0.0016731   0.0000000           0.0036731  -0.0016731   0.0000000
    23       0.0028519  -0.0003399  -0.0000000           0.0028519  -0.0003399  -0.0000000
    24      -0.0050052  -0.0020586  -0.0000000          -0.0050052  -0.0020586  -0.0000000
    25       0.0037002   0.0031797   0.0000000           0.0037002   0.0031797   0.0000000
    26      -0.0021945   0.0006057   0.0000000          -0.0021945   0.0006057   0.0000000
    27       0.0024685   0.0008459   0.0000000           0.0024685   0.0008459   0.0000000
    28       0.0000000  -0.0000000  -0.0000969           0.0000000  -0.0000000  -0.0000969
    29       0.0010036   0.0006106  -0.0000000           0.0010036   0.0006106  -0.0000000
    30       0.0030453   0.0001479  -0.0000000           0.0030453   0.0001479  -0.0000000
    31       0.0067624  -0.0047682   0.0000000           0.0067624  -0.0047682   0.0000000
    32      -0.0022655  -0.0079832  -0.0000000          -0.0022655  -0.0079832  -0.0000000
    33       0.0001813  -0.0026751  -0.0000000           0.0001813  -0.0026751  -0.0000000
    34       0.0030500  -0.0004507   0.0000000           0.0030500  -0.0004507   0.0000000
    35       0.0000000  -0.0000000   0.0013198           0.0000000  -0.0000000   0.0013198
    36       0.0002290  -0.0011711   0.0000000           0.0002290  -0.0011711   0.0000000
    37       0.0016737  -0.0006289   0.0000000           0.0016737  -0.0006289   0.0000000
    38       0.0018321  -0.0012595  -0.0000000           0.0018321  -0.0012595  -0.0000000
    39      -0.0022708   0.0012097   0.0000000          -0.0022708   0.0012097   0.0000000
   
   
                    TR DIPOLE DERIVATIVES IN N. MODES STATE2  WEIGHTED BY 1/(SQRT[FREQ])
                        AND CONTRIBUTION TO HT INTENSITY IN DECREASING ORDER
                    DERIVATIVES EL DIPOLE (au)                 DERIVATIVES MAG DIPOLE (au)            HT ROT STREGTH (10**-40 cgs)
                   x        y        z       mod              x        y        z       mod             VALUE     SUM       SUM(ABS)
    1      31   0.0547  -0.0386   0.0000   0.0669     31   0.0547  -0.0386   0.0000   0.0669     31   2.110082   0.211E+01   0.211E+01
    2      32  -0.0179  -0.0632  -0.0000   0.0657     32  -0.0179  -0.0632  -0.0000   0.0657     32   2.034302   0.414E+01   0.414E+01
    3      24  -0.0465  -0.0191  -0.0000   0.0502     24  -0.0465  -0.0191  -0.0000   0.0502     24   1.189505   0.533E+01   0.533E+01
    4      25   0.0329   0.0283   0.0000   0.0434     25   0.0329   0.0283   0.0000   0.0434     25   0.888165   0.622E+01   0.622E+01
    5      22   0.0352  -0.0160   0.0000   0.0387     22   0.0352  -0.0160   0.0000   0.0387     22   0.705621   0.693E+01   0.693E+01
    6      14   0.0000  -0.0000   0.0355   0.0355     14   0.0000  -0.0000   0.0355   0.0355     14   0.595090   0.752E+01   0.752E+01
    7      10   0.0269  -0.0089  -0.0000   0.0284     10   0.0269  -0.0089  -0.0000   0.0284     10   0.379844   0.790E+01   0.790E+01
    8      23   0.0268  -0.0032  -0.0000   0.0270     23   0.0268  -0.0032  -0.0000   0.0270     23   0.344364   0.825E+01   0.825E+01
    9      21   0.0267  -0.0034   0.0000   0.0269     21   0.0267  -0.0034   0.0000   0.0269     21   0.341001   0.859E+01   0.859E+01
   10      30   0.0259   0.0013  -0.0000   0.0260     30   0.0259   0.0013  -0.0000   0.0260     30   0.317638   0.891E+01   0.891E+01
   11      18  -0.0162   0.0165  -0.0000   0.0231     18  -0.0162   0.0165  -0.0000   0.0231     18   0.252452   0.916E+01   0.916E+01
   12      15   0.0130  -0.0191   0.0000   0.0231     15   0.0130  -0.0191   0.0000   0.0231     15   0.251603   0.941E+01   0.941E+01
   13      27   0.0214   0.0073   0.0000   0.0226     27   0.0214   0.0073   0.0000   0.0226     27   0.241396   0.965E+01   0.965E+01
   14      33   0.0014  -0.0207  -0.0000   0.0208     33   0.0014  -0.0207  -0.0000   0.0208     33   0.203114   0.985E+01   0.985E+01
   15      26  -0.0192   0.0053   0.0000   0.0199     26  -0.0192   0.0053   0.0000   0.0199     26   0.187215   0.100E+02   0.100E+02
   16      34   0.0183  -0.0027   0.0000   0.0185     34   0.0183  -0.0027   0.0000   0.0185     34   0.160860   0.102E+02   0.102E+02
   17       1   0.0000  -0.0000   0.0185   0.0185      1   0.0000  -0.0000   0.0185   0.0185      1   0.160536   0.104E+02   0.104E+02
   18      19   0.0166  -0.0075   0.0000   0.0182     19   0.0166  -0.0075   0.0000   0.0182     19   0.155384   0.105E+02   0.105E+02
   19       2  -0.0000   0.0000  -0.0169   0.0169      2  -0.0000   0.0000  -0.0169   0.0169      2   0.134663   0.107E+02   0.107E+02
   20       3   0.0000  -0.0000  -0.0145   0.0145      3   0.0000  -0.0000  -0.0145   0.0145      3   0.098887   0.108E+02   0.108E+02
   21      39  -0.0124   0.0066   0.0000   0.0141     39  -0.0124   0.0066   0.0000   0.0141     39   0.093403   0.108E+02   0.108E+02
   22      38   0.0101  -0.0069  -0.0000   0.0122     38   0.0101  -0.0069  -0.0000   0.0122     38   0.070647   0.109E+02   0.109E+02
   23       6  -0.0000   0.0000  -0.0120   0.0120      6  -0.0000   0.0000  -0.0120   0.0120      6   0.068036   0.110E+02   0.110E+02
   24       4  -0.0000   0.0000  -0.0108   0.0108      4  -0.0000   0.0000  -0.0108   0.0108      4   0.055466   0.110E+02   0.110E+02
   25      37   0.0098  -0.0037   0.0000   0.0105     37   0.0098  -0.0037   0.0000   0.0105     37   0.051507   0.111E+02   0.111E+02
   26       7  -0.0086   0.0057   0.0000   0.0103      7  -0.0086   0.0057   0.0000   0.0103      7   0.050413   0.111E+02   0.111E+02
   27       9   0.0000  -0.0000  -0.0103   0.0103      9   0.0000  -0.0000  -0.0103   0.0103      9   0.049626   0.112E+02   0.112E+02
   28      29   0.0086   0.0052  -0.0000   0.0100     29   0.0086   0.0052  -0.0000   0.0100     29   0.047396   0.112E+02   0.112E+02
   29      11   0.0000  -0.0000   0.0095   0.0095     11   0.0000  -0.0000   0.0095   0.0095     11   0.042496   0.113E+02   0.113E+02
   30      35   0.0000  -0.0000   0.0078   0.0078     35   0.0000  -0.0000   0.0078   0.0078     35   0.028986   0.113E+02   0.113E+02
   31      17   0.0074  -0.0019   0.0000   0.0076     17   0.0074  -0.0019   0.0000   0.0076     17   0.027325   0.113E+02   0.113E+02
   32      36   0.0014  -0.0069   0.0000   0.0071     36   0.0014  -0.0069   0.0000   0.0071     36   0.023460   0.114E+02   0.114E+02
   33      20  -0.0000   0.0000  -0.0070   0.0070     20  -0.0000   0.0000  -0.0070   0.0070     20   0.022932   0.114E+02   0.114E+02
   34      16  -0.0000   0.0000   0.0068   0.0068     16  -0.0000   0.0000   0.0068   0.0068     16   0.021830   0.114E+02   0.114E+02
   35      13  -0.0055  -0.0019   0.0000   0.0058     13  -0.0055  -0.0019   0.0000   0.0058     13   0.015660   0.114E+02   0.114E+02
   36      12  -0.0044   0.0019   0.0000   0.0048     12  -0.0044   0.0019   0.0000   0.0048     12   0.010994   0.114E+02   0.114E+02
   37       5   0.0021   0.0040   0.0000   0.0045      5   0.0021   0.0040   0.0000   0.0045      5   0.009741   0.114E+02   0.114E+02
   38       8   0.0000  -0.0000  -0.0014   0.0014      8   0.0000  -0.0000  -0.0014   0.0014      8   0.000924   0.114E+02   0.114E+02
   39      28   0.0000  -0.0000  -0.0008   0.0008     28   0.0000  -0.0000  -0.0008   0.0008     28   0.000329   0.114E+02   0.114E+02
   
   
     
 TRANSITION DIPOLE MOMENTS AT INITIAL-STATE
  GEOMETRY OBTAINED BY LINEAR INTERPOLATION IN NORMAL COORDINATES
     
 ORIGINAL TRANSITION ELECTRIC DIPOLE at GEO1 
At Geo State 1           -0.25649736    1.18446218    0.00000000        1.21191648
 INTERP. TRANSITION ELECTRIC DIPOLE at GEO1 
At Geo State 1           -0.23608867    1.01380041   -0.00000000        1.04092705
  error component x  2.040868599150425E-002
  error component y -0.170661774558781     
  error component z -1.364327500281091E-010
 angle between the two vectors in degrees  0.890276381202032     
  
 ORIGINAL TRANSITION MAGNETIC DIPOLE at GEO1 
At Geo State 1           -0.25649736    1.18446218    0.00000000        1.21191648
 INTERP. TRANSITION MAGNETIC DIPOLE at GEO1 
At Geo State 1           -0.23608867    1.01380041   -0.00000000        1.04092705
  error component x  2.040868599150425E-002
  error component y -0.170661774558781     
  error component z -1.364327500281091E-010
 angle between the two vectors in degrees  0.890276381202032     
     
     
 angle between the interp. elec. and magn. dip   0.000000000000000E+000
     
 TRANSITION DIPOLE MOMENTS AT FINAL-STATE
  GEOMETRY OBTAINED BY LINEAR INTERPOLATION IN NORMAL COORDINATES
 ORIGINAL TRANSITION ELECTRIC DIPOLE at GEO2 
At Geo State 2           -0.25649736    1.18446218    0.00000000        1.21191648
 INTERP. TRANSITION ELECTRIC DIPOLE at GEO2 
At Geo State 2           -0.27690604    1.35512395    0.00000000        1.38312613
  error component x -2.040868599150419E-002
  error component y  0.170661774558781     
  error component z  1.364327500281092E-010
 angle between the two vectors in degrees  0.670001511146741     
  
 ORIGINAL TRANSITION MAGNETIC DIPOLE at GEO2 
At Geo State 2           -0.25649736    1.18446218    0.00000000        1.21191648
 INTERP. TRANSITION MAGNETIC DIPOLE at GEO2 
At Geo State 2           -0.27690604    1.35512395    0.00000000        1.38312613
  error component x -2.040868599150419E-002
  error component y  0.170661774558781     
  error component z  1.364327500281092E-010
 angle between the two vectors in degrees  0.670001511146741     
     
     
 angle between the interp. elec. and magn. dip   0.000000000000000E+000
 dip0 dipm0 -0.256497357000000      -0.256497357000000     
 dip0 dipm0   1.18446218000000        1.18446218000000     
 dip0 dipm0  1.204961320000000E-015  1.204961320000000E-015
 IF RUNNING ABS/EMI THEN IN SUBSEQUENT EMI/ABS CALCULATION
 USE THE INTERPOLATED VALUES AT GEO2/GEO1 LIKE INITIAL-STATE DATA
 TO OBTAIN COHERENT HERZBERG-TELLER RESULTS
 WITH HTi OPTION
  FINAL STATE DIP0 AND DIPM0 ACTUALLY USED IN CALCULATIONS
  dip0(1)= -0.2564974    dipm0(1)= -0.2564974
  dip0(2)=  1.1844622    dipm0(2)=  1.1844622
  dip0(3)=  0.0000000    dipm0(3)=  0.0000000
 FC part of total intensity   1.08352912265134     
 TOTAL INTENSITY 0K   1.08383499408105     
    
     1       0.0000000  -0.0000000   0.0012685           0.0000000  -0.0000000   0.0012685
     2      -0.0000000   0.0000000  -0.0005528          -0.0000000   0.0000000  -0.0005528
     3       0.0000000  -0.0000000  -0.0003449           0.0000000  -0.0000000  -0.0003449
     4      -0.0000000   0.0000000  -0.0003286          -0.0000000   0.0000000  -0.0003286
     5       0.0000669   0.0001269   0.0000000           0.0000669   0.0001269   0.0000000
     6      -0.0000000   0.0000000  -0.0005506          -0.0000000   0.0000000  -0.0005506
     7      -0.0004566   0.0003023   0.0000000          -0.0004566   0.0003023   0.0000000
     8       0.0000000  -0.0000000  -0.0000850           0.0000000  -0.0000000  -0.0000850
     9       0.0000000  -0.0000000  -0.0006442           0.0000000  -0.0000000  -0.0006442
    10       0.0017369  -0.0005756  -0.0000000           0.0017369  -0.0005756  -0.0000000
    11       0.0000000  -0.0000000   0.0006366           0.0000000  -0.0000000   0.0006366
    12      -0.0003018   0.0001275   0.0000000          -0.0003018   0.0001275   0.0000000
    13      -0.0003918  -0.0001330   0.0000000          -0.0003918  -0.0001330   0.0000000
    14       0.0000000  -0.0000000   0.0025549           0.0000000  -0.0000000   0.0025549
    15       0.0010493  -0.0015340   0.0000000           0.0010493  -0.0015340   0.0000000
    16      -0.0000000   0.0000000   0.0005598          -0.0000000   0.0000000   0.0005598
    17       0.0006296  -0.0001621   0.0000000           0.0006296  -0.0001621   0.0000000
    18      -0.0014996   0.0015226  -0.0000000          -0.0014996   0.0015226  -0.0000000
    19       0.0015947  -0.0007180   0.0000000           0.0015947  -0.0007180   0.0000000
    20      -0.0000000   0.0000000  -0.0006853          -0.0000000   0.0000000  -0.0006853
    21       0.0027311  -0.0003497   0.0000000           0.0027311  -0.0003497   0.0000000
    22       0.0036731  -0.0016731   0.0000000           0.0036731  -0.0016731   0.0000000
    23       0.0028519  -0.0003399  -0.0000000           0.0028519  -0.0003399  -0.0000000
    24      -0.0050052  -0.0020586  -0.0000000          -0.0050052  -0.0020586  -0.0000000
    25       0.0037002   0.0031797   0.0000000           0.0037002   0.0031797   0.0000000
    26      -0.0021945   0.0006057   0.0000000          -0.0021945   0.0006057   0.0000000
    27       0.0024685   0.0008459   0.0000000           0.0024685   0.0008459   0.0000000
    28       0.0000000  -0.0000000  -0.0000969           0.0000000  -0.0000000  -0.0000969
    29       0.0010036   0.0006106  -0.0000000           0.0010036   0.0006106  -0.0000000
    30       0.0030453   0.0001479  -0.0000000           0.0030453   0.0001479  -0.0000000
    31       0.0067624  -0.0047682   0.0000000           0.0067624  -0.0047682   0.0000000
    32      -0.0022655  -0.0079832  -0.0000000          -0.0022655  -0.0079832  -0.0000000
    33       0.0001813  -0.0026751  -0.0000000           0.0001813  -0.0026751  -0.0000000
    34       0.0030500  -0.0004507   0.0000000           0.0030500  -0.0004507   0.0000000
    35       0.0000000  -0.0000000   0.0013198           0.0000000  -0.0000000   0.0013198
    36       0.0002290  -0.0011711   0.0000000           0.0002290  -0.0011711   0.0000000
    37       0.0016737  -0.0006289   0.0000000           0.0016737  -0.0006289   0.0000000
    38       0.0018321  -0.0012595  -0.0000000           0.0018321  -0.0012595  -0.0000000
    39      -0.0022708   0.0012097   0.0000000          -0.0022708   0.0012097   0.0000000


 FC(GEO1 interpolated) contribution to total Intensity   1.08352912265134     
   
   
 TOTAL INTENSITY 0K final estimate   1.10780115332297     
      
 *******************************************
   
   
                    TR DIPOLE DERIVATIVES IN N. MODES STATE1  WEIGHTED BY 1/(SQRT[FREQ])
                        AND CONTRIBUTION TO HT INTENSITY IN DECREASING ORDER
                    DERIVATIVES EL DIPOLE (au)                 DERIVATIVES MAG DIPOLE (au)            HT ROT STREGTH (10**-40 cgs)
                   x        y        z       mod              x        y        z       mod             VALUE     SUM       SUM(ABS)
    1      31   0.0547  -0.0386   0.0000   0.0669     31   0.0547  -0.0386   0.0000   0.0669     31   2.110082   0.211E+01   0.211E+01
    2      32  -0.0179  -0.0632  -0.0000   0.0657     32  -0.0179  -0.0632  -0.0000   0.0657     32   2.034302   0.414E+01   0.414E+01
    3      24  -0.0465  -0.0191  -0.0000   0.0502     24  -0.0465  -0.0191  -0.0000   0.0502     24   1.189505   0.533E+01   0.533E+01
    4      25   0.0329   0.0283   0.0000   0.0434     25   0.0329   0.0283   0.0000   0.0434     25   0.888165   0.622E+01   0.622E+01
    5      22   0.0352  -0.0160   0.0000   0.0387     22   0.0352  -0.0160   0.0000   0.0387     22   0.705621   0.693E+01   0.693E+01
    6      14   0.0000  -0.0000   0.0355   0.0355     14   0.0000  -0.0000   0.0355   0.0355     14   0.595090   0.752E+01   0.752E+01
    7      10   0.0269  -0.0089  -0.0000   0.0284     10   0.0269  -0.0089  -0.0000   0.0284     10   0.379844   0.790E+01   0.790E+01
    8      23   0.0268  -0.0032  -0.0000   0.0270     23   0.0268  -0.0032  -0.0000   0.0270     23   0.344364   0.825E+01   0.825E+01
    9      21   0.0267  -0.0034   0.0000   0.0269     21   0.0267  -0.0034   0.0000   0.0269     21   0.341001   0.859E+01   0.859E+01
   10      30   0.0259   0.0013  -0.0000   0.0260     30   0.0259   0.0013  -0.0000   0.0260     30   0.317638   0.891E+01   0.891E+01
   11      18  -0.0162   0.0165  -0.0000   0.0231     18  -0.0162   0.0165  -0.0000   0.0231     18   0.252452   0.916E+01   0.916E+01
   12      15   0.0130  -0.0191   0.0000   0.0231     15   0.0130  -0.0191   0.0000   0.0231     15   0.251603   0.941E+01   0.941E+01
   13      27   0.0214   0.0073   0.0000   0.0226     27   0.0214   0.0073   0.0000   0.0226     27   0.241396   0.965E+01   0.965E+01
   14      33   0.0014  -0.0207  -0.0000   0.0208     33   0.0014  -0.0207  -0.0000   0.0208     33   0.203114   0.985E+01   0.985E+01
   15      26  -0.0192   0.0053   0.0000   0.0199     26  -0.0192   0.0053   0.0000   0.0199     26   0.187215   0.100E+02   0.100E+02
   16      34   0.0183  -0.0027   0.0000   0.0185     34   0.0183  -0.0027   0.0000   0.0185     34   0.160860   0.102E+02   0.102E+02
   17       1   0.0000  -0.0000   0.0185   0.0185      1   0.0000  -0.0000   0.0185   0.0185      1   0.160536   0.104E+02   0.104E+02
   18      19   0.0166  -0.0075   0.0000   0.0182     19   0.0166  -0.0075   0.0000   0.0182     19   0.155384   0.105E+02   0.105E+02
   19       2  -0.0000   0.0000  -0.0169   0.0169      2  -0.0000   0.0000  -0.0169   0.0169      2   0.134663   0.107E+02   0.107E+02
   20       3   0.0000  -0.0000  -0.0145   0.0145      3   0.0000  -0.0000  -0.0145   0.0145      3   0.098887   0.108E+02   0.108E+02
   21      39  -0.0124   0.0066   0.0000   0.0141     39  -0.0124   0.0066   0.0000   0.0141     39   0.093403   0.108E+02   0.108E+02
   22      38   0.0101  -0.0069  -0.0000   0.0122     38   0.0101  -0.0069  -0.0000   0.0122     38   0.070647   0.109E+02   0.109E+02
   23       6  -0.0000   0.0000  -0.0120   0.0120      6  -0.0000   0.0000  -0.0120   0.0120      6   0.068036   0.110E+02   0.110E+02
   24       4  -0.0000   0.0000  -0.0108   0.0108      4  -0.0000   0.0000  -0.0108   0.0108      4   0.055466   0.110E+02   0.110E+02
   25      37   0.0098  -0.0037   0.0000   0.0105     37   0.0098  -0.0037   0.0000   0.0105     37   0.051507   0.111E+02   0.111E+02
   26       7  -0.0086   0.0057   0.0000   0.0103      7  -0.0086   0.0057   0.0000   0.0103      7   0.050413   0.111E+02   0.111E+02
   27       9   0.0000  -0.0000  -0.0103   0.0103      9   0.0000  -0.0000  -0.0103   0.0103      9   0.049626   0.112E+02   0.112E+02
   28      29   0.0086   0.0052  -0.0000   0.0100     29   0.0086   0.0052  -0.0000   0.0100     29   0.047396   0.112E+02   0.112E+02
   29      11   0.0000  -0.0000   0.0095   0.0095     11   0.0000  -0.0000   0.0095   0.0095     11   0.042496   0.113E+02   0.113E+02
   30      35   0.0000  -0.0000   0.0078   0.0078     35   0.0000  -0.0000   0.0078   0.0078     35   0.028986   0.113E+02   0.113E+02
   31      17   0.0074  -0.0019   0.0000   0.0076     17   0.0074  -0.0019   0.0000   0.0076     17   0.027325   0.113E+02   0.113E+02
   32      36   0.0014  -0.0069   0.0000   0.0071     36   0.0014  -0.0069   0.0000   0.0071     36   0.023460   0.114E+02   0.114E+02
   33      20  -0.0000   0.0000  -0.0070   0.0070     20  -0.0000   0.0000  -0.0070   0.0070     20   0.022932   0.114E+02   0.114E+02
   34      16  -0.0000   0.0000   0.0068   0.0068     16  -0.0000   0.0000   0.0068   0.0068     16   0.021830   0.114E+02   0.114E+02
   35      13  -0.0055  -0.0019   0.0000   0.0058     13  -0.0055  -0.0019   0.0000   0.0058     13   0.015660   0.114E+02   0.114E+02
   36      12  -0.0044   0.0019   0.0000   0.0048     12  -0.0044   0.0019   0.0000   0.0048     12   0.010994   0.114E+02   0.114E+02
   37       5   0.0021   0.0040   0.0000   0.0045      5   0.0021   0.0040   0.0000   0.0045      5   0.009741   0.114E+02   0.114E+02
   38       8   0.0000  -0.0000  -0.0014   0.0014      8   0.0000  -0.0000  -0.0014   0.0014      8   0.000924   0.114E+02   0.114E+02
   39      28   0.0000  -0.0000  -0.0008   0.0008     28   0.0000  -0.0000  -0.0008   0.0008     28   0.000329   0.114E+02   0.114E+02
   
   
 *******************************************
 GENERALIZED OSC. STRENGTH INCLUDING HT EFFECT   0.000000000000000E+000
 ***********************************************
 ANALYTICAL MOMENTS OF THE SPECTRUM
 ZERO-TH MOMENT
 FC zeroth moment   1.08352912265134     
 FCHT zeroth moment T=0K   1.10780115332297     
 FCHT zeroth moment input T   1.10780115332297     
 
 FIRST MOMENT
 evert  0.000000000000000E+000  0.000000000000000E+000
 aaafc   1.08352912265134     
  FC component (eV)    -1.34135279549161     
  FC-HT component (eV)   -3.043750826092424E-006
  HT component (eV)   -4.783962140645627E+078
  FIRST MOMENT (eV)   -4.783962140645627E+078
    
  FC VARIANCE (eV**2)     3.04736226774746     
  FC Gradient contr.    (eV**2)    2.683075203330622E-004
  FC Freq. shift contr. (eV**2)    2.566285232715257E-004
  FC Duschinsky  contr. (eV**2)     3.04683733170386     
  FWHM (eV)   4.11073770900934     
  FWHM (cm-1)   33155.3396540603     
 ***********************************************
  
  


 ================= 
  TRANSITION INFO  
 ================= 
            DATA FOR VERTICAL TRANSITION 
  electric transition dipoles (au) at initial GEO 1
           -0.25649736    1.18446218    0.00000000
  electric transition dipoles (au) at initial GEO 2
           -0.25649736    1.18446218    0.00000000
  Square tr dipoles: geo1  1.46874155  geo2   1.46874155  Diff (d1-d2)/d1    0.0000 %
   
 ------------------
  State2 -> State1
 ------------------
 Reorganization Energy (eV) on State1        0.530689
 Vertical emission energy (eV)               4.253025
 Fluorescence lifetime from minimum (ns)  8.325401E+00
 ********************************************** 
   
 ------------------
  State1 -> State2
 ------------------
 Reorganization Energy on State2 (eV)        0.530689
 Vertical absorption energy (eV)             5.314403
 Absorption oscillator strength           1.912308E-01
 ********************************************** 
   

NOTE: Spectra resolution set to:  0.00400                                                                 
 

NOTE: To ensure exact match of TI and TD resuls, final spectral range reset to:    4.0000-                
       9.0000(eV)                                                                                         
 

 ----------------------------------------
 Refined spectral range for simulations: 
  nene       =      1251
  From E(eV) =    4.0000
  To   E(eV) =    9.0000
 
 Related time-domain parameters
 (with energy shift & extended range):
  ntime =          652
  dt    =       0.7929
  tfin  =     516.5620
 Shift info (for external FT)
  dE_ext=  0.104000    
  Eshift=   3.89600    
 ----------------------------------------


NOTE: Changing Ead to optimize TD method before entering the spectrum calculation.Ead(original)=          
        4.784 (eV); Ead(shifted )=   0.888 (eV)                                                           
 


 ____________________________________________
  ============================================
  PROGRAM: td_onephoton
   Compute vibronic spectra with a harmonic 
   TD formulation                           
                                            
  References:                               
   Comput Theoret Chem, 1040--1041, 186-194 (2014)
 ____________________________________________
  ============================================
 
 SUMMARY OF CALCULATION OPTIONS
 -------------------------------
 Adiabatic Energy (eV)  :   0.8877

 Tipe of transition     : ABS-ECDNO

 Dipole aproximation    : HT-HTf
 El. dipole at ref geom :   -0.256        1.18       0.120E-14

 Numerical evaluation of xi(t)
         Total time (fs):   516.562
         Nr data points : 652
         Time step (fs) :  0.793    

 Broad. function        : GAU  
 Broad. exponent        :    7.794E-07
 Broad. order           : 2
 -------------------------------

 Computing correlation functions over 652 points

 Calling FFT with 1304 points


 Entering in fft_calc subroutine (FFTW)
 Ndata: 1304
 tini and tfin  -516.562     516.562

 df  9.671957840330411E-004
 dt  0.792881005380783     
 =========== tdspectra finished ===========  
 Timing...
  CPU (s) for tdspectra :       0.186
 ==========================================
                                           



===============================

 SUMMARY OF NOTES AND WARNINGS

===============================
 ---------------------------------
 7 notes raised along the run
 Look for NOTE in the output
 ---------------------------------

 ---------------------------------
 6 warnings raised along the run
 Look for WARNING in the output
 ---------------------------------

 
 ****************** FCclasses finished *******************
 Timing...   
  CPU (s)       0.315
 *********************************************************
 
 FCclasses finished with warnings
