 
                                                    \ /               
                                              ..-'''-*-               
                                              \.-'''\ \               
      _____ _____      _                             | |              
     |  ___/  __ \    | |                         __/ /               
     | |_  | /  \/ ___| | __ _ ___ ___  ___  ___ |_  '.               
     |  _| | |    / __| |/ _` / __/ __|/ _ \/ __|   `.  \             
     | |   | \__/\ (__| | (_| \__ \__ \  __/\__ \     \ '.            
     \_|    \____/\___|_|\__,_|___/___/\___||___/      , |            
                                                       | |            
                                                      / ,'            
                                              -....--'  /             
                                              `.. __..-'              
                                                                      
 ********************************************************* 
   FCCLASSES3:                                             
   A code for vibronic simulations                         
                                                           
                                                           
 ********************************************************* 


 GIT VERSION INFO
  Commit id  : v3-1.0-2-g78ec1d1-dirty
  Commit date: 2022-07-22 10:24:13 +0200

 CURRENT RUN INFO
  Date&Time  : 2022-11-23, 18:42:18
  Input file : STDIN
  Input type : NEW



 INPUT OPTIONS:
-------------------------------
$$$
;GENERAL OPTIONS:
; NAT        = (read from structure files)
; NVIB       = (determined vibrational analysis)
PROPERTY     =   OPA   
MODEL        =   VG   
DIPOLE       =   HTf  
DIPDER_COORD =   CARTESIAN  
TEMP         =     0.00
DE           =   5.50120
BROADFUN     =   GAU  
HWHM         =   0.0400
RESOL        =   0.0040  ; (default: HWHM/10)
METHOD       =   TD   
ROT          =   1
SPCMIN       =     4.000
SPCMAX       =     9.000
;VIBRATIONAL ANALYSIS
NORMALMODES  =   COMPUTE  
RM_COORD     =   NONE    
COORDS       =   CARTESIAN  
FORCE_REAL   =   YES  
;INPUT DATA FILES
STATE1_FILE  =   Uracil6311-tddft.fchk
STATE2_FILE  =   Uracil6311-es2.fchk
MASS_FILE    =   
ELDIP_FILE   =   eldip_Uracil6311-es2_fchk
MAGDIP_FILE  =   magdip_Uracil6311-es2_fchk
NAC_FILE     =   
NRCOUP_FILE  =   eldip_Uracil6311-es2_fchk
HESS1_FILE   =   Uracil6311-tddft.fchk
HESS2_FILE   =   Uracil6311-tddft.fchk
GRAD1_FILE   =   Uracil6311-tddft.fchk
GRAD2_COORD  =   CARTESIAN
GRAD2_FILE   =   Uracil6311-es2.fchk
;VERBOSE LEVEL
VERBOSE      =   1
  
-------------------------------



 ==> State 1 <==

 Geometry file: Uracil6311-tddft.fchk


 Gradient file: Uracil6311-tddft.fchk

NOTE: The calculation for this State will assume non-stationary point since the gradient                  
      is not negligible (maximum atomic gradient:   0.162122 a.u.)                                        
 
 Hessian file: Uracil6311-tddft.fchk



 ---------------------------------------
  Check effect of symmetry operations
  on Hessian elements (or gs^t\beta)
 ---------------------------------------

 Using input geometry instead of rotating to principal axis of intertia to detect symmetry

 
 Sigma(xy) symmetry element found
 
 Symmetry operation  : 1
 Max abs difference  :   0.000000
    original value   :   0.000000
    transformed value:  -0.000000
    Rel difference(%): 200.000000

 ---------------------------------------



 =========================
  ANALYSIS OF DOFs
 =========================

 => STATE 1 <=
 Geometry (Angstroms)
 12    # Nr. of atoms
   Atom       X         Y         Z      Mass
C         -1.2281    0.3618   -0.0000   12.0000
C          0.0553   -1.6997    0.0000   12.0000
C          1.2344   -1.0649    0.0000   12.0000
C          1.2703    0.3910    0.0000   12.0000
N         -0.0000    0.9867    0.0000   14.0031
H         -0.0262   -2.7787    0.0000    1.0078
H          2.1726   -1.5969    0.0000    1.0078
O          2.2664    1.0766    0.0000   15.9949
O         -2.2837    0.9476   -0.0000   15.9949
N         -1.1370   -1.0205   -0.0000   14.0031
H         -2.0191   -1.5085   -0.0000    1.0078
H         -0.0219    1.9984   -0.0000    1.0078
 

 ------------------------------------------------
   INERTIA TENSOR (to be multiplied by 10**5)
 ------------------------------------------------

             1           2           3
  
    1     2.35763    -0.07279    -0.00000
    2    -0.07279     4.52671    -0.00000
    3    -0.00000    -0.00000     6.88434
 ------------------------------------------------


 ------------------------------------------------
   ROTATIONAL CONSTANTS (AND ROTATION MATRIX)
 ------------------------------------------------

 ROOT NO.    1           2           3

    ************************************
  
    1     0.99944     0.03350     0.00000
    2    -0.03350     0.99944     0.00000
    3     0.00000     0.00000     1.00000
 ------------------------------------------------

  Rotational constants (GHz)
     3.91157     2.03405     1.33818
  Rotational temperatures (K)
     0.18773     0.09762     0.06422


 -------------------
  DOF   Dimension
 -------------------
  Vib    30
  Rot    3
  Tra    3
 -------------------


 Translating State1 to its Center of Mass
 Initial COM:      -0.0010      0.0343      0.0000


 ================================
  VIBRATIONAL ANALYSIS ON STATE1
 ================================

 ----------------------------------
   Redundant Frequencies (cm-1)
 ----------------------------------
     1    -0.00004
     2    -0.00003
     3    -0.00002
     4    -0.00001
     5     0.00001
     6     0.00003
 ----------------------------------


 ------------------------
   FREQUENCIES (cm-1)
 ------------------------
     1  -449.83570
     2   -97.13769
     3    99.34420
     4   140.91169
     5   407.61365
     6   417.09147
     7   473.73846
     8   499.37555
     9   515.24423
    10   564.74517
    11   600.10922
    12   737.71886
    13   755.78028
    14   823.63858
    15   924.77505
    16   979.50760
    17  1094.43471
    18  1157.81002
    19  1235.25912
    20  1286.92773
    21  1399.05612
    22  1459.82564
    23  1519.08871
    24  1649.23953
    25  1756.89777
    26  1836.60674
    27  3217.40126
    28  3260.07618
    29  3618.70595
    30  3664.51132
 ------------------------

 =====================
  THERMOCHEMISTRY     
 =====================
  Temperature (K):    0.00
  Pressure (atm) :    1.00
 
  Rotational constants (GHz)
     3.91157     2.03405     1.33818
  Rotational temperatures (K)
     0.18773     0.09762     0.06422
 
           1  -449.835704568516     

WARNING: Imaginary frequency ignored                                                                         
 
           2  -97.1376900773746     

WARNING: Imaginary frequency ignored                                                                         
 
  Partition Functions
  qt =      0.000    
  qr =      0.000    
  qv =      0.000    
 
  Contributions to entropy
  St (cm-1/K) = -Infinity
  Sr (cm-1/K) = -Infinity
  Sv (cm-1/K) =       NaN
 
  Thermal corrections (AU)
  Zero Point Energy =   0.822315E-01
  Internal Energy   =   0.822315E-01
  Enthalpy          =   0.822315E-01
  Gibbs Free Energy =            NaN
 
  Thermal corrections (AU) - vibrational only
  Number of vibrations:      30
  V-internal Energy   =   0.822315E-01
  V-enthalpy          =   0.822315E-01
  V-gibbs Free Energy =            NaN


 ==> State 2 <==

 Geometry file: Uracil6311-es2.fchk


 Gradient file: Uracil6311-es2.fchk

NOTE: The calculation for this State will assume non-stationary point since the gradient                  
      is not negligible (maximum atomic gradient:   0.101855 a.u.)                                        
 
 Hessian file: Uracil6311-tddft.fchk


 Combination abs/ECDNO
 A standard one-photon absorption calculation  will be performed


 =========================
  ANALYSIS OF DOFs
 =========================

 => STATE 2 <=
 Geometry (Angstroms)
 12    # Nr. of atoms
   Atom       X         Y         Z      Mass
C         -1.2281    0.3618   -0.0000   12.0000
C          0.0553   -1.6997    0.0000   12.0000
C          1.2344   -1.0649    0.0000   12.0000
C          1.2703    0.3910    0.0000   12.0000
N         -0.0000    0.9867    0.0000   14.0031
H         -0.0262   -2.7787    0.0000    1.0078
H          2.1726   -1.5969    0.0000    1.0078
O          2.2664    1.0766    0.0000   15.9949
O         -2.2837    0.9476   -0.0000   15.9949
N         -1.1370   -1.0205   -0.0000   14.0031
H         -2.0191   -1.5085   -0.0000    1.0078
H         -0.0219    1.9984   -0.0000    1.0078
 

 ------------------------------------------------
   INERTIA TENSOR (to be multiplied by 10**5)
 ------------------------------------------------

             1           2           3
  
    1     2.35763    -0.07279    -0.00000
    2    -0.07279     4.52671    -0.00000
    3    -0.00000    -0.00000     6.88434
 ------------------------------------------------


 ------------------------------------------------
   ROTATIONAL CONSTANTS (AND ROTATION MATRIX)
 ------------------------------------------------

 ROOT NO.    1           2           3

    ************************************
  
    1     0.99944     0.03350     0.00000
    2    -0.03350     0.99944     0.00000
    3     0.00000     0.00000     1.00000
 ------------------------------------------------

  Rotational constants (GHz)
     3.91157     2.03405     1.33818
  Rotational temperatures (K)
     0.18773     0.09762     0.06422


 -------------------
  DOF   Dimension
 -------------------
  Vib    30
  Rot    3
  Tra    3
 -------------------


 Translating State2 to its Center of Mass
 Initial COM:      -0.0010      0.0343      0.0000


 ================================
  VIBRATIONAL ANALYSIS ON STATE2
 ================================

Normal modes read from State1 for VG


 ------------------------
   FREQUENCIES (cm-1)
 ------------------------
     1  -449.83570
     2   -97.13769
     3    99.34420
     4   140.91169
     5   407.61365
     6   417.09147
     7   473.73846
     8   499.37555
     9   515.24423
    10   564.74517
    11   600.10922
    12   737.71886
    13   755.78028
    14   823.63858
    15   924.77505
    16   979.50760
    17  1094.43471
    18  1157.81002
    19  1235.25912
    20  1286.92773
    21  1399.05612
    22  1459.82564
    23  1519.08871
    24  1649.23953
    25  1756.89777
    26  1836.60674
    27  3217.40126
    28  3260.07618
    29  3618.70595
    30  3664.51132
 ------------------------


 -------------------------------------
   State2 Gradient (Q1-space) x1e5
 -------------------------------------
     1    -0.00000
     2     0.00000
     3     0.00000
     4     5.26259
     5    -0.00000
     6     0.00000
     7    -8.26926
     8     0.00000
     9    -0.13092
    10    11.66017
    11     0.00000
    12     0.00000
    13    -7.68633
    14     0.00000
    15   -25.73233
    16     9.84554
    17   -15.52255
    18   -28.37020
    19    24.26770
    20    15.03159
    21    38.23063
    22     1.43788
    23   -20.56529
    24    54.03035
    25   -45.58042
    26    32.55019
    27   -18.53140
    28     6.87633
    29     5.23626
    30    -9.88520
 -------------------------------------




                 ASSIGNMENTS AND ANALYSIS OF 1 WITH RESPECT TO 2
 STATE 1                              MODES STATE 2
IND DEF    FREQUENCY     SHIFT    I21 C21  I22 C22   I23 C23     FR(I21)  I90 I95 I99
   1  P     -449.84    -0.00000    1 1.00    2 0.00    3 0.00       0.00   1   1   1
   2  P      -97.14     0.00000    2 1.00    1 0.00    3 0.00       0.00   1   1   1
   3  P       99.34    -0.00000    3 1.00    2 0.00    1 0.00       0.00   1   1   1
   4  P      140.91  -127.66559    4 1.00    2 0.00    3 0.00       0.00   1   1   1
   5  P      407.61     0.00000    5 1.00    2 0.00    3 0.00       0.00   1   1   1
   6  P      417.09    -0.00000    6 1.00    2 0.00    3 0.00       0.00   1   1   1
   7  P      473.74    17.74836    7 1.00    2 0.00    3 0.00       0.00   1   1   1
   8  P      499.38    -0.00000    8 1.00    2 0.00    3 0.00       0.00   1   1   1
   9  P      515.24     0.23755    9 1.00    2 0.00    3 0.00       0.00   1   1   1
  10  P      564.75   -17.61037   10 1.00    2 0.00    3 0.00       0.00   1   1   1
  11  P      600.11    -0.00000   11 1.00    2 0.00    3 0.00       0.00   1   1   1
  12  P      737.72    -0.00000   12 1.00    2 0.00    3 0.00       0.00   1   1   1
  13  P      755.78     6.48181   13 1.00    2 0.00    3 0.00       0.00   1   1   1
  14  P      823.64    -0.00000   14 1.00    2 0.00    3 0.00       0.00   1   1   1
  15  P      924.78    14.49357   15 1.00    2 0.00    3 0.00       0.00   1   1   1
  16  P      979.51    -4.94302   16 1.00    2 0.00    3 0.00       0.00   1   1   1
  17  P     1094.43     6.24241   17 1.00    2 0.00    3 0.00       0.00   1   1   1
  18  P     1157.81    10.19428   18 1.00    2 0.00    3 0.00       0.00   1   1   1
  19  P     1235.26    -7.66092   19 1.00    2 0.00    3 0.00       0.00   1   1   1
  20  P     1286.93    -4.37185   20 1.00    2 0.00    3 0.00       0.00   1   1   1
  21  P     1399.06    -9.40827   21 1.00    2 0.00    3 0.00       0.00   1   1   1
  22  P     1459.83    -0.32500   22 1.00    2 0.00    3 0.00       0.00   1   1   1
  23  P     1519.09     4.29277   23 1.00    2 0.00    3 0.00       0.00   1   1   1
  24  P     1649.24    -9.56839   24 1.00    2 0.00    3 0.00       0.00   1   1   1
  25  P     1756.90     7.11302   25 1.00    2 0.00    3 0.00       0.00   1   1   1
  26  P     1836.61    -4.64825   26 1.00    2 0.00    3 0.00       0.00   1   1   1
  27  P     3217.40     0.86232   27 1.00    2 0.00    3 0.00       0.00   1   1   1
  28  P     3260.08    -0.31165   28 1.00    2 0.00    3 0.00       0.00   1   1   1
  29  P     3618.71    -0.19261   29 1.00    2 0.00    3 0.00       0.00   1   1   1
  30  P     3664.51     0.35459   30 1.00    2 0.00    3 0.00       0.00   1   1   1
   
 *********************************************************** 
  
  AVERAGE MAX PROJECTION     1.000000    St Dev   0.000000
  AVERAGE FREQ DIFF          0.000000    St Dev   0.000000
  AVERAGE ABS FREQ DIFF      0.000000    St Dev   0.000000
  AVERAGE ABS DISPLACE      -3.956176    St Dev  23.960497
  SUM DISPL**2           17692.702612
  
 *********************************************************** 
  



                 ASSIGNMENTS AND ANALYSIS OF 2 WITH RESPECT TO 1
 STATE 2                              MODES STATE 1
IND DEF    FREQUENCY     SHIFT    I11 C11  I12 C12   I13 C13     FR(I11)  I90 I95 I99
   1  P     -449.84     0.00000    1 1.00    2 0.00    3 0.00       0.00   1   1   1
   2  P      -97.14    -0.00000    2 1.00    1 0.00    3 0.00       0.00   1   1   1
   3  P       99.34     0.00000    3 1.00    2 0.00    1 0.00       0.00   1   1   1
   4  P      140.91   127.66559    4 1.00    2 0.00    3 0.00       0.00   1   1   1
   5  P      407.61    -0.00000    5 1.00    2 0.00    3 0.00       0.00   1   1   1
   6  P      417.09     0.00000    6 1.00    2 0.00    3 0.00       0.00   1   1   1
   7  P      473.74   -17.74836    7 1.00    2 0.00    3 0.00       0.00   1   1   1
   8  P      499.38     0.00000    8 1.00    2 0.00    3 0.00       0.00   1   1   1
   9  P      515.24    -0.23755    9 1.00    2 0.00    3 0.00       0.00   1   1   1
  10  P      564.75    17.61037   10 1.00    2 0.00    3 0.00       0.00   1   1   1
  11  P      600.11     0.00000   11 1.00    2 0.00    3 0.00       0.00   1   1   1
  12  P      737.72     0.00000   12 1.00    2 0.00    3 0.00       0.00   1   1   1
  13  P      755.78    -6.48181   13 1.00    2 0.00    3 0.00       0.00   1   1   1
  14  P      823.64     0.00000   14 1.00    2 0.00    3 0.00       0.00   1   1   1
  15  P      924.78   -14.49357   15 1.00    2 0.00    3 0.00       0.00   1   1   1
  16  P      979.51     4.94302   16 1.00    2 0.00    3 0.00       0.00   1   1   1
  17  P     1094.43    -6.24241   17 1.00    2 0.00    3 0.00       0.00   1   1   1
  18  P     1157.81   -10.19428   18 1.00    2 0.00    3 0.00       0.00   1   1   1
  19  P     1235.26     7.66092   19 1.00    2 0.00    3 0.00       0.00   1   1   1
  20  P     1286.93     4.37185   20 1.00    2 0.00    3 0.00       0.00   1   1   1
  21  P     1399.06     9.40827   21 1.00    2 0.00    3 0.00       0.00   1   1   1
  22  P     1459.83     0.32500   22 1.00    2 0.00    3 0.00       0.00   1   1   1
  23  P     1519.09    -4.29277   23 1.00    2 0.00    3 0.00       0.00   1   1   1
  24  P     1649.24     9.56839   24 1.00    2 0.00    3 0.00       0.00   1   1   1
  25  P     1756.90    -7.11302   25 1.00    2 0.00    3 0.00       0.00   1   1   1
  26  P     1836.61     4.64825   26 1.00    2 0.00    3 0.00       0.00   1   1   1
  27  P     3217.40    -0.86232   27 1.00    2 0.00    3 0.00       0.00   1   1   1
  28  P     3260.08     0.31165   28 1.00    2 0.00    3 0.00       0.00   1   1   1
  29  P     3618.71     0.19261   29 1.00    2 0.00    3 0.00       0.00   1   1   1
  30  P     3664.51    -0.35459   30 1.00    2 0.00    3 0.00       0.00   1   1   1
   
 *********************************************************** 
  
  AVERAGE MAX PROJECTION     1.000000    St Dev   0.000000
  AVERAGE FREQ DIFF          0.000000    St Dev   0.000000
  AVERAGE ABS FREQ DIFF      0.000000    St Dev   0.000000
  AVERAGE ABS DISPLACE       3.956176    St Dev  23.960497
  SUM DISPL**2           17692.702612
  
 *********************************************************** 
  

 ADDITIONAL ANALYSIS ON DUSCHINSKY MATRIX
 ----------------------------------------
  Determinant:     1.0000

  ** A = GM·GMT **
  Det(A)     :     1.0000
  Trace(A)   :    30.0000
  Det(A-I)   :     0.0000
  Trace(A-I) :     0.0000
 ----------------------------------------

   
   
 STATE1 MODES SORTED BY DECREASING DIMENSIONLESS SHIFT
   IND    MODE    FREQUENCY DIMENSIONLESS SHIFT
     1       1    -449.83570               NaN
     2       2     -97.13769               NaN
     3       4     140.91169      -0.32349E+01
     4      15     924.77505       0.94081E+00
     5      10     564.74517      -0.89331E+00
     6      24    1649.23953      -0.82945E+00
     7       7     473.73846       0.82458E+00
     8      21    1399.05612      -0.75116E+00
     9      18    1157.81002       0.74043E+00
    10      25    1756.89777       0.63641E+00
    11      19    1235.25912      -0.57474E+00
    12      17    1094.43471       0.44081E+00
    13      26    1836.60674      -0.42521E+00
    14      13     755.78028       0.38037E+00
    15      23    1519.08871       0.35714E+00
    16      20    1286.92773      -0.33477E+00
    17      16     979.50760      -0.33022E+00
    18      27    3217.40126       0.10441E+00
    19      30    3664.51132       0.45818E-01
    20      28    3260.07618      -0.37983E-01
    21      22    1459.82564      -0.26506E-01
    22      29    3618.70595      -0.24733E-01
    23       9     515.24423       0.11510E-01
    24       3      99.34420      -0.42399E-11
    25       6     417.09147      -0.13104E-11
    26       5     407.61365       0.85813E-12
    27      12     737.71886      -0.25983E-12
    28      11     600.10922      -0.24933E-12
    29      14     823.63858      -0.20895E-12
    30       8     499.37555      -0.19132E-12
   
   
 MODES OF STATE1 IN ORDER OF DECREASING FR COUPL
 ESTIMATED BY THE MAGNITUDE OF THE 0-0 INTEGRAL
   IND    MODE1  FREQ   MODE2 FR    FR. SHIFT INV0-0
     1     1  -449.83570         1  -449.83570         0.00000         1.00000
     2     2   -97.13769         2   -97.13769         0.00000         1.00000
     3     3    99.34420         3    99.34420         0.00000         1.00000
     4     4   140.91169         4   140.91169         0.00000         1.00000
     5     5   407.61365         5   407.61365         0.00000         1.00000
     6     6   417.09147         6   417.09147         0.00000         1.00000
     7     7   473.73846         7   473.73846         0.00000         1.00000
     8     8   499.37555         8   499.37555         0.00000         1.00000
     9     9   515.24423         9   515.24423         0.00000         1.00000
    10    10   564.74517        10   564.74517         0.00000         1.00000
    11    11   600.10922        11   600.10922         0.00000         1.00000
    12    12   737.71886        12   737.71886         0.00000         1.00000
    13    13   755.78028        13   755.78028         0.00000         1.00000
    14    14   823.63858        14   823.63858         0.00000         1.00000
    15    15   924.77505        15   924.77505         0.00000         1.00000
    16    16   979.50760        16   979.50760         0.00000         1.00000
    17    17  1094.43471        17  1094.43471         0.00000         1.00000
    18    18  1157.81002        18  1157.81002         0.00000         1.00000
    19    19  1235.25912        19  1235.25912         0.00000         1.00000
    20    20  1286.92773        20  1286.92773         0.00000         1.00000
    21    21  1399.05612        21  1399.05612         0.00000         1.00000
    22    22  1459.82564        22  1459.82564         0.00000         1.00000
    23    23  1519.08871        23  1519.08871         0.00000         1.00000
    24    24  1649.23953        24  1649.23953         0.00000         1.00000
    25    25  1756.89777        25  1756.89777         0.00000         1.00000
    26    26  1836.60674        26  1836.60674         0.00000         1.00000
    27    27  3217.40126        27  3217.40126         0.00000         1.00000
    28    28  3260.07618        28  3260.07618         0.00000         1.00000
    29    29  3618.70595        29  3618.70595         0.00000         1.00000
    30    30  3664.51132        30  3664.51132         0.00000         1.00000
   
   
   
   
 STATE2 MODES SORTED BY DECREASING DIMENSIONLESS SHIFT
   IND    MODE    FREQUENCY DIMENSIONLESS SHIFT
     1       1    -449.83570               NaN
     2       2     -97.13769               NaN
     3       4     140.91169       0.32349E+01
     4      15     924.77505      -0.94081E+00
     5      10     564.74517       0.89331E+00
     6      24    1649.23953       0.82945E+00
     7       7     473.73846      -0.82458E+00
     8      21    1399.05612       0.75116E+00
     9      18    1157.81002      -0.74043E+00
    10      25    1756.89777      -0.63641E+00
    11      19    1235.25912       0.57474E+00
    12      17    1094.43471      -0.44081E+00
    13      26    1836.60674       0.42521E+00
    14      13     755.78028      -0.38037E+00
    15      23    1519.08871      -0.35714E+00
    16      20    1286.92773       0.33477E+00
    17      16     979.50760       0.33022E+00
    18      27    3217.40126      -0.10441E+00
    19      30    3664.51132      -0.45818E-01
    20      28    3260.07618       0.37983E-01
    21      22    1459.82564       0.26506E-01
    22      29    3618.70595       0.24733E-01
    23       9     515.24423      -0.11510E-01
    24       3      99.34420       0.42399E-11
    25       6     417.09147       0.13104E-11
    26       5     407.61365      -0.85813E-12
    27      12     737.71886       0.25983E-12
    28      11     600.10922       0.24933E-12
    29      14     823.63858       0.20895E-12
    30       8     499.37555       0.19132E-12
   
   
 MODES OF STATE2 IN ORDER OF DECREASING FR COUPL
 ESTIMATED BY THE MAGNITUDE OF THE 0-0 INTEGRAL
   IND    MODE2  FREQ   MODE1 FR    FR. SHIFT INV0-0
     1     1  -449.83570         1  -449.83570         0.00000         1.00000
     2     2   -97.13769         2   -97.13769         0.00000         1.00000
     3     3    99.34420         3    99.34420         0.00000         1.00000
     4     4   140.91169         4   140.91169         0.00000         1.00000
     5     5   407.61365         5   407.61365         0.00000         1.00000
     6     6   417.09147         6   417.09147         0.00000         1.00000
     7     7   473.73846         7   473.73846         0.00000         1.00000
     8     8   499.37555         8   499.37555         0.00000         1.00000
     9     9   515.24423         9   515.24423         0.00000         1.00000
    10    10   564.74517        10   564.74517         0.00000         1.00000
    11    11   600.10922        11   600.10922         0.00000         1.00000
    12    12   737.71886        12   737.71886         0.00000         1.00000
    13    13   755.78028        13   755.78028         0.00000         1.00000
    14    14   823.63858        14   823.63858         0.00000         1.00000
    15    15   924.77505        15   924.77505         0.00000         1.00000
    16    16   979.50760        16   979.50760         0.00000         1.00000
    17    17  1094.43471        17  1094.43471         0.00000         1.00000
    18    18  1157.81002        18  1157.81002         0.00000         1.00000
    19    19  1235.25912        19  1235.25912         0.00000         1.00000
    20    20  1286.92773        20  1286.92773         0.00000         1.00000
    21    21  1399.05612        21  1399.05612         0.00000         1.00000
    22    22  1459.82564        22  1459.82564         0.00000         1.00000
    23    23  1519.08871        23  1519.08871         0.00000         1.00000
    24    24  1649.23953        24  1649.23953         0.00000         1.00000
    25    25  1756.89777        25  1756.89777         0.00000         1.00000
    26    26  1836.60674        26  1836.60674         0.00000         1.00000
    27    27  3217.40126        27  3217.40126         0.00000         1.00000
    28    28  3260.07618        28  3260.07618         0.00000         1.00000
    29    29  3618.70595        29  3618.70595         0.00000         1.00000
    30    30  3664.51132        30  3664.51132         0.00000         1.00000
   
   
  
  
 DIMENSIONLESS SHIFTS 
   IND     STATE1       STATE2
     1             NaN             NaN
     2             NaN             NaN
     3    -0.42399E-11     0.42399E-11
     4    -0.32349E+01     0.32349E+01
     5     0.85813E-12    -0.85813E-12
     6    -0.13104E-11     0.13104E-11
     7     0.82458E+00    -0.82458E+00
     8    -0.19132E-12     0.19132E-12
     9     0.11510E-01    -0.11510E-01
    10    -0.89331E+00     0.89331E+00
    11    -0.24933E-12     0.24933E-12
    12    -0.25983E-12     0.25983E-12
    13     0.38037E+00    -0.38037E+00
    14    -0.20895E-12     0.20895E-12
    15     0.94081E+00    -0.94081E+00
    16    -0.33022E+00     0.33022E+00
    17     0.44081E+00    -0.44081E+00
    18     0.74043E+00    -0.74043E+00
    19    -0.57474E+00     0.57474E+00
    20    -0.33477E+00     0.33477E+00
    21    -0.75116E+00     0.75116E+00
    22    -0.26506E-01     0.26506E-01
    23     0.35714E+00    -0.35714E+00
    24    -0.82945E+00     0.82945E+00
    25     0.63641E+00    -0.63641E+00
    26    -0.42521E+00     0.42521E+00
    27     0.10441E+00    -0.10441E+00
    28    -0.37983E-01     0.37983E-01
    29    -0.24733E-01     0.24733E-01
    30     0.45818E-01    -0.45818E-01
  SUM SQUARED DIMENSIONLESS DISPL STATE1       16.2475
  SUM SQUARED DIMENSIONLESS DISPL STATE2       16.2475
  VALUE STATE1 GROUND VIB WAVEFUN AT GEO2       0.0003
  VALUE STATE2 GROUND VIB WAVEFUN AT GEO1       0.0003
  VALUE STATE1 GROUND VIB WAVEFUN AT (GEO1+GEO2)/2      0.1312
  VALUE STATE2 GROUND VIB WAVEFUN AT (GEO1+GEO2)/2      0.1312

 Printing Duschinski matrix to 'duschinsky.dat'


 Printing Shift vector to 'displacement.dat'


WARNING: An imaginary frequency found on State 1:     -449.836
         It is turned real,                   
         which will cause artefacts.                                                                         
 

WARNING: An imaginary frequency found on State 2:     -449.836
         It is turned real,                   
         which will cause artefacts.                                                                         
 

WARNING: An imaginary frequency found on State 1:      -97.138
         It is turned real,                   
         which will cause artefacts.                                                                         
 

WARNING: An imaginary frequency found on State 2:      -97.138
         It is turned real,                   
         which will cause artefacts.                                                                         
 

NOTE: DE read from input:   5.501 (eV)                                                                    
 


 ===========================
  REORGANIZATION ENERGY
 ===========================
     0.017984  (Hartree)
     0.489361  (eV)


 ------------------------------------------------------
 Extrapolation form (generalized) vertical point:
 ------------------------------------------------------
 Extrapolated vertical energy:        5.50120  (eV)
 Extrapolated adiabatic energy:       5.50120  (eV)
 Extrapolated reorg. energy   :       0.00000  (eV)
 ------------------------------------------------------



 ===============================
  ZERO-POINT ENERGY CORRECTIONS 
 ===============================


                    ZERO POINT ENERGY IN CM-1
    E01=     18321.20    E02=     18321.20


                    0-0 ENERGY DIFFERENCE
       5.01184 eV


                    ADIABATIC ENERGY     
       5.01184 eV




 ====================

  TRANSITION DIPOLES 

 ====================
 Model for tr. dipoles: HTf

NOTE: Combination of vertical model PES with HTf tr. dipoles might be inconsistent.                       
 
 Reading electric dipole file: eldip_Uracil6311-es2_fchk
 
 
 Dipole derivatives read in Cartesian coordinates
 

 Dipole derivatives transformed to MWC
     
        0-ORDER TRANSITION ELECTRIC DIPOLE MOMENT components and its module
At Geo State 1           -1.09286635   -0.46630705   -0.00000000        1.18819154
At Geo State 2           -1.09286635   -0.46630705   -0.00000000        1.18819154
   
          TRANS EL DIP MOMENT DERIVATIVES IN MWC COORD
         ATOM  COORD.        Ddipx/Dq    Ddipy/Dq    Ddipz/Dq
           1      x             0.00276     0.00068    -0.00000
           1      y            -0.00065    -0.00597    -0.00000
           1      z             0.00000    -0.00000    -0.00011
           2      x             0.00614     0.00059    -0.00000
           2      y             0.00138     0.00045     0.00000
           2      z             0.00000     0.00000     0.00290
           3      x            -0.00459    -0.00038     0.00000
           3      y            -0.00325    -0.00371    -0.00000
           3      z             0.00000     0.00000    -0.00259
           4      x             0.00071     0.00282     0.00000
           4      y             0.00165     0.00530    -0.00000
           4      z            -0.00000    -0.00000    -0.00094
           5      x            -0.00177     0.00424    -0.00000
           5      y            -0.00124     0.00171     0.00000
           5      z             0.00000     0.00000     0.00045
           6      x             0.00047    -0.00069     0.00000
           6      y            -0.00072     0.00126    -0.00000
           6      z             0.00000     0.00000    -0.00140
           7      x            -0.00033     0.00029    -0.00000
           7      y             0.00023    -0.00015     0.00000
           7      z             0.00000     0.00000     0.00129
           8      x             0.00046    -0.00455    -0.00000
           8      y             0.00060    -0.00312    -0.00000
           8      z             0.00000     0.00000    -0.00006
           9      x            -0.00062    -0.00313     0.00000
           9      y             0.00070     0.00232    -0.00000
           9      z            -0.00000     0.00000     0.00012
          10      x            -0.00321     0.00093     0.00000
          10      y             0.00011     0.00259     0.00000
          10      z            -0.00000    -0.00000     0.00025
          11      x             0.00147    -0.00091     0.00000
          11      y             0.00072    -0.00008    -0.00000
          11      z            -0.00000    -0.00000    -0.00025
          12      x             0.00030    -0.00014    -0.00000
          12      y             0.00183    -0.00029     0.00000
          12      z             0.00000    -0.00000     0.00002
 

 TR DIPOLE DERIVATIVES IN NORMAL COORDINATES STATE1 
     1      -0.0000000  -0.0000000  -0.0016143          -0.0000000  -0.0000000  -0.0016143
     2      -0.0000000  -0.0000000  -0.0010704          -0.0000000  -0.0000000  -0.0010704
     3       0.0000000  -0.0000000   0.0003206           0.0000000  -0.0000000   0.0003206
     4       0.0000615  -0.0001971   0.0000000           0.0000615  -0.0001971   0.0000000
     5      -0.0000000   0.0000000   0.0009139          -0.0000000   0.0000000   0.0009139
     6       0.0000000  -0.0000000  -0.0017751           0.0000000  -0.0000000  -0.0017751
     7      -0.0014402   0.0012309  -0.0000000          -0.0014402   0.0012309  -0.0000000
     8       0.0000000  -0.0000000   0.0005019           0.0000000  -0.0000000   0.0005019
     9       0.0001308  -0.0003346   0.0000000           0.0001308  -0.0003346   0.0000000
    10      -0.0005719   0.0005921  -0.0000000          -0.0005719   0.0005921  -0.0000000
    11      -0.0000000  -0.0000000   0.0019153          -0.0000000  -0.0000000   0.0019153
    12      -0.0000000  -0.0000000  -0.0002120          -0.0000000  -0.0000000  -0.0002120
    13       0.0012690   0.0002352  -0.0000000           0.0012690   0.0002352  -0.0000000
    14      -0.0000000  -0.0000000  -0.0026881          -0.0000000  -0.0000000  -0.0026881
    15      -0.0014285  -0.0011342  -0.0000000          -0.0014285  -0.0011342  -0.0000000
    16       0.0000540   0.0005133  -0.0000000           0.0000540   0.0005133  -0.0000000
    17      -0.0007446   0.0017885   0.0000000          -0.0007446   0.0017885   0.0000000
    18      -0.0024774   0.0025244  -0.0000000          -0.0024774   0.0025244  -0.0000000
    19      -0.0012810   0.0038908   0.0000000          -0.0012810   0.0038908   0.0000000
    20      -0.0000437   0.0055050   0.0000000          -0.0000437   0.0055050   0.0000000
    21       0.0016932   0.0040885  -0.0000000           0.0016932   0.0040885  -0.0000000
    22      -0.0004941   0.0027481   0.0000000          -0.0004941   0.0027481   0.0000000
    23       0.0004315  -0.0032837  -0.0000000           0.0004315  -0.0032837  -0.0000000
    24       0.0069687  -0.0011259  -0.0000000           0.0069687  -0.0011259  -0.0000000
    25      -0.0048292  -0.0079844  -0.0000000          -0.0048292  -0.0079844  -0.0000000
    26      -0.0021893  -0.0012045   0.0000000          -0.0021893  -0.0012045   0.0000000
    27      -0.0011689   0.0009160  -0.0000000          -0.0011689   0.0009160  -0.0000000
    28       0.0006915  -0.0002391  -0.0000000           0.0006915  -0.0002391  -0.0000000
    29       0.0021666  -0.0007491   0.0000000           0.0021666  -0.0007491   0.0000000
    30      -0.0022123   0.0013135  -0.0000000          -0.0022123   0.0013135  -0.0000000
   
   

 TR DIPOLE DERIVATIVES IN NORMAL COORDINATES STATE2 
  (these will be the ones used for spectrum calculation)
     1      -0.0000000  -0.0000000  -0.0016143          -0.0000000  -0.0000000  -0.0016143
     2      -0.0000000  -0.0000000  -0.0010704          -0.0000000  -0.0000000  -0.0010704
     3       0.0000000  -0.0000000   0.0003206           0.0000000  -0.0000000   0.0003206
     4       0.0000615  -0.0001971   0.0000000           0.0000615  -0.0001971   0.0000000
     5      -0.0000000   0.0000000   0.0009139          -0.0000000   0.0000000   0.0009139
     6       0.0000000  -0.0000000  -0.0017751           0.0000000  -0.0000000  -0.0017751
     7      -0.0014402   0.0012309  -0.0000000          -0.0014402   0.0012309  -0.0000000
     8       0.0000000  -0.0000000   0.0005019           0.0000000  -0.0000000   0.0005019
     9       0.0001308  -0.0003346   0.0000000           0.0001308  -0.0003346   0.0000000
    10      -0.0005719   0.0005921  -0.0000000          -0.0005719   0.0005921  -0.0000000
    11      -0.0000000  -0.0000000   0.0019153          -0.0000000  -0.0000000   0.0019153
    12      -0.0000000  -0.0000000  -0.0002120          -0.0000000  -0.0000000  -0.0002120
    13       0.0012690   0.0002352  -0.0000000           0.0012690   0.0002352  -0.0000000
    14      -0.0000000  -0.0000000  -0.0026881          -0.0000000  -0.0000000  -0.0026881
    15      -0.0014285  -0.0011342  -0.0000000          -0.0014285  -0.0011342  -0.0000000
    16       0.0000540   0.0005133  -0.0000000           0.0000540   0.0005133  -0.0000000
    17      -0.0007446   0.0017885   0.0000000          -0.0007446   0.0017885   0.0000000
    18      -0.0024774   0.0025244  -0.0000000          -0.0024774   0.0025244  -0.0000000
    19      -0.0012810   0.0038908   0.0000000          -0.0012810   0.0038908   0.0000000
    20      -0.0000437   0.0055050   0.0000000          -0.0000437   0.0055050   0.0000000
    21       0.0016932   0.0040885  -0.0000000           0.0016932   0.0040885  -0.0000000
    22      -0.0004941   0.0027481   0.0000000          -0.0004941   0.0027481   0.0000000
    23       0.0004315  -0.0032837  -0.0000000           0.0004315  -0.0032837  -0.0000000
    24       0.0069687  -0.0011259  -0.0000000           0.0069687  -0.0011259  -0.0000000
    25      -0.0048292  -0.0079844  -0.0000000          -0.0048292  -0.0079844  -0.0000000
    26      -0.0021893  -0.0012045   0.0000000          -0.0021893  -0.0012045   0.0000000
    27      -0.0011689   0.0009160  -0.0000000          -0.0011689   0.0009160  -0.0000000
    28       0.0006915  -0.0002391  -0.0000000           0.0006915  -0.0002391  -0.0000000
    29       0.0021666  -0.0007491   0.0000000           0.0021666  -0.0007491   0.0000000
    30      -0.0022123   0.0013135  -0.0000000          -0.0022123   0.0013135  -0.0000000
   
   
                    TR DIPOLE DERIVATIVES IN N. MODES STATE2  WEIGHTED BY 1/(SQRT[FREQ])
                        AND CONTRIBUTION TO HT INTENSITY IN DECREASING ORDER
                    DERIVATIVES EL DIPOLE (au)                 DERIVATIVES MAG DIPOLE (au)            HT ROT STREGTH (10**-40 cgs)
                   x        y        z       mod              x        y        z       mod             VALUE     SUM       SUM(ABS)
    1      25  -0.0382  -0.0631  -0.0000   0.0737     25  -0.0382  -0.0631  -0.0000   0.0737     25   2.563997   0.256E+01   0.256E+01
    2      24   0.0568  -0.0092  -0.0000   0.0576     24   0.0568  -0.0092  -0.0000   0.0576     24   1.563137   0.413E+01   0.413E+01
    3      20  -0.0004   0.0508   0.0000   0.0508     20  -0.0004   0.0508   0.0000   0.0508     20   1.218344   0.535E+01   0.535E+01
    4      21   0.0150   0.0362  -0.0000   0.0392     21   0.0150   0.0362  -0.0000   0.0392     21   0.724132   0.607E+01   0.607E+01
    5      19  -0.0121   0.0367   0.0000   0.0386     19  -0.0121   0.0367   0.0000   0.0386     19   0.702755   0.677E+01   0.677E+01
    6       2  -0.0000  -0.0000  -0.0360   0.0360      2  -0.0000  -0.0000  -0.0360   0.0360      2   0.610196   0.738E+01   0.738E+01
    7      18  -0.0241   0.0246  -0.0000   0.0344     18  -0.0241   0.0246  -0.0000   0.0344     18   0.558998   0.794E+01   0.794E+01
    8      14  -0.0000  -0.0000  -0.0310   0.0310     14  -0.0000  -0.0000  -0.0310   0.0310     14   0.453873   0.840E+01   0.840E+01
    9       7  -0.0219   0.0187  -0.0000   0.0288      7  -0.0219   0.0187  -0.0000   0.0288      7   0.391976   0.879E+01   0.879E+01
   10       6   0.0000  -0.0000  -0.0288   0.0288      6   0.0000  -0.0000  -0.0288   0.0288      6   0.390837   0.918E+01   0.918E+01
   11      23   0.0037  -0.0279  -0.0000   0.0281     23   0.0037  -0.0279  -0.0000   0.0281     23   0.373568   0.955E+01   0.955E+01
   12      11  -0.0000  -0.0000   0.0259   0.0259     11  -0.0000  -0.0000   0.0259   0.0259     11   0.316261   0.987E+01   0.987E+01
   13       1  -0.0000  -0.0000  -0.0252   0.0252      1  -0.0000  -0.0000  -0.0252   0.0252      1   0.299710   0.102E+02   0.102E+02
   14      22  -0.0043   0.0238   0.0000   0.0242     22  -0.0043   0.0238   0.0000   0.0242     22   0.276284   0.104E+02   0.104E+02
   15      15  -0.0156  -0.0124  -0.0000   0.0199     15  -0.0156  -0.0124  -0.0000   0.0199     15   0.186124   0.106E+02   0.106E+02
   16      17  -0.0075   0.0179   0.0000   0.0194     17  -0.0075   0.0179   0.0000   0.0194     17   0.177425   0.108E+02   0.108E+02
   17      26  -0.0169  -0.0093   0.0000   0.0193     26  -0.0169  -0.0093   0.0000   0.0193     26   0.175878   0.110E+02   0.110E+02
   18      13   0.0153   0.0028  -0.0000   0.0156     13   0.0153   0.0028  -0.0000   0.0156     13   0.114024   0.111E+02   0.111E+02
   19       5  -0.0000   0.0000   0.0150   0.0150      5  -0.0000   0.0000   0.0150   0.0150      5   0.106003   0.112E+02   0.112E+02
   20      30  -0.0121   0.0072  -0.0000   0.0141     30  -0.0121   0.0072  -0.0000   0.0141     30   0.093453   0.113E+02   0.113E+02
   21      29   0.0119  -0.0041   0.0000   0.0126     29   0.0119  -0.0041   0.0000   0.0126     29   0.075134   0.114E+02   0.114E+02
   22      10  -0.0080   0.0083  -0.0000   0.0115     10  -0.0080   0.0083  -0.0000   0.0115     10   0.062079   0.114E+02   0.114E+02
   23       3   0.0000  -0.0000   0.0107   0.0107      3   0.0000  -0.0000   0.0107   0.0107      3   0.053527   0.115E+02   0.115E+02
   24      27  -0.0068   0.0053  -0.0000   0.0087     27  -0.0068   0.0053  -0.0000   0.0087     27   0.035461   0.115E+02   0.115E+02
   25       8   0.0000  -0.0000   0.0074   0.0074      8   0.0000  -0.0000   0.0074   0.0074      8   0.026094   0.115E+02   0.115E+02
   26       4   0.0017  -0.0055   0.0000   0.0058      4   0.0017  -0.0055   0.0000   0.0058      4   0.015657   0.116E+02   0.116E+02
   27      16   0.0006   0.0054  -0.0000   0.0055     16   0.0006   0.0054  -0.0000   0.0055     16   0.014068   0.116E+02   0.116E+02
   28       9   0.0019  -0.0049   0.0000   0.0052      9   0.0019  -0.0049   0.0000   0.0052      9   0.012959   0.116E+02   0.116E+02
   29      28   0.0040  -0.0014  -0.0000   0.0042     28   0.0040  -0.0014  -0.0000   0.0042     28   0.008496   0.116E+02   0.116E+02
   30      12  -0.0000  -0.0000  -0.0026   0.0026     12  -0.0000  -0.0000  -0.0026   0.0026     12   0.003153   0.116E+02   0.116E+02
   
   
     
 TRANSITION DIPOLE MOMENTS AT INITIAL-STATE
  GEOMETRY OBTAINED BY LINEAR INTERPOLATION IN NORMAL COORDINATES
     
 ORIGINAL TRANSITION ELECTRIC DIPOLE at GEO1 
At Geo State 1           -1.09286635   -0.46630705   -0.00000000        1.18819154
 INTERP. TRANSITION ELECTRIC DIPOLE at GEO1 
At Geo State 1           -0.92971491   -0.37598568    0.00000000        1.00286342
  error component x  0.163151441199533     
  error component y  9.032137105954152E-002
  error component z  6.522045730941781E-013
 angle between the two vectors in degrees   1.08821578692041     
  
 ORIGINAL TRANSITION MAGNETIC DIPOLE at GEO1 
At Geo State 1           -1.09286635   -0.46630705   -0.00000000        1.18819154
 INTERP. TRANSITION MAGNETIC DIPOLE at GEO1 
At Geo State 1           -0.92971491   -0.37598568    0.00000000        1.00286342
  error component x  0.163151441199533     
  error component y  9.032137105954152E-002
  error component z  6.522045730941781E-013
 angle between the two vectors in degrees   1.08821578692041     
     
     
 angle between the interp. elec. and magn. dip   0.000000000000000E+000
     
 TRANSITION DIPOLE MOMENTS AT FINAL-STATE
  GEOMETRY OBTAINED BY LINEAR INTERPOLATION IN NORMAL COORDINATES
 ORIGINAL TRANSITION ELECTRIC DIPOLE at GEO2 
At Geo State 2           -1.09286635   -0.46630705   -0.00000000        1.18819154
 INTERP. TRANSITION ELECTRIC DIPOLE at GEO2 
At Geo State 2           -1.25601779   -0.55662842   -0.00000000        1.37383256
  error component x -0.163151441199533     
  error component y -9.032137105954141E-002
  error component z -6.522045730941782E-013
 angle between the two vectors in degrees  0.794348009050176     
  
 ORIGINAL TRANSITION MAGNETIC DIPOLE at GEO2 
At Geo State 2           -1.09286635   -0.46630705   -0.00000000        1.18819154
 INTERP. TRANSITION MAGNETIC DIPOLE at GEO2 
At Geo State 2           -1.25601779   -0.55662842   -0.00000000        1.37383256
  error component x -0.163151441199533     
  error component y -9.032137105954141E-002
  error component z -6.522045730941782E-013
 angle between the two vectors in degrees  0.794348009050176     
     
     
 angle between the interp. elec. and magn. dip   0.000000000000000E+000
 dip0 dipm0  -1.09286635000000       -1.09286635000000     
 dip0 dipm0 -0.466307052000000      -0.466307052000000     
 dip0 dipm0 -1.225063040000000E-015 -1.225063040000000E-015
 IF RUNNING ABS/EMI THEN IN SUBSEQUENT EMI/ABS CALCULATION
 USE THE INTERPOLATED VALUES AT GEO2/GEO1 LIKE INITIAL-STATE DATA
 TO OBTAIN COHERENT HERZBERG-TELLER RESULTS
 WITH HTi OPTION
  FINAL STATE DIP0 AND DIPM0 ACTUALLY USED IN CALCULATIONS
  dip0(1)= -1.0928663    dipm0(1)= -1.0928663
  dip0(2)= -0.4663071    dipm0(2)= -0.4663071
  dip0(3)= -0.0000000    dipm0(3)= -0.0000000
 FC part of total intensity   1.00573504391812     
 TOTAL INTENSITY 0K   1.00602323313419     
    
     1      -0.0000000  -0.0000000  -0.0016143          -0.0000000  -0.0000000  -0.0016143
     2      -0.0000000  -0.0000000  -0.0010704          -0.0000000  -0.0000000  -0.0010704
     3       0.0000000  -0.0000000   0.0003206           0.0000000  -0.0000000   0.0003206
     4       0.0000615  -0.0001971   0.0000000           0.0000615  -0.0001971   0.0000000
     5      -0.0000000   0.0000000   0.0009139          -0.0000000   0.0000000   0.0009139
     6       0.0000000  -0.0000000  -0.0017751           0.0000000  -0.0000000  -0.0017751
     7      -0.0014402   0.0012309  -0.0000000          -0.0014402   0.0012309  -0.0000000
     8       0.0000000  -0.0000000   0.0005019           0.0000000  -0.0000000   0.0005019
     9       0.0001308  -0.0003346   0.0000000           0.0001308  -0.0003346   0.0000000
    10      -0.0005719   0.0005921  -0.0000000          -0.0005719   0.0005921  -0.0000000
    11      -0.0000000  -0.0000000   0.0019153          -0.0000000  -0.0000000   0.0019153
    12      -0.0000000  -0.0000000  -0.0002120          -0.0000000  -0.0000000  -0.0002120
    13       0.0012690   0.0002352  -0.0000000           0.0012690   0.0002352  -0.0000000
    14      -0.0000000  -0.0000000  -0.0026881          -0.0000000  -0.0000000  -0.0026881
    15      -0.0014285  -0.0011342  -0.0000000          -0.0014285  -0.0011342  -0.0000000
    16       0.0000540   0.0005133  -0.0000000           0.0000540   0.0005133  -0.0000000
    17      -0.0007446   0.0017885   0.0000000          -0.0007446   0.0017885   0.0000000
    18      -0.0024774   0.0025244  -0.0000000          -0.0024774   0.0025244  -0.0000000
    19      -0.0012810   0.0038908   0.0000000          -0.0012810   0.0038908   0.0000000
    20      -0.0000437   0.0055050   0.0000000          -0.0000437   0.0055050   0.0000000
    21       0.0016932   0.0040885  -0.0000000           0.0016932   0.0040885  -0.0000000
    22      -0.0004941   0.0027481   0.0000000          -0.0004941   0.0027481   0.0000000
    23       0.0004315  -0.0032837  -0.0000000           0.0004315  -0.0032837  -0.0000000
    24       0.0069687  -0.0011259  -0.0000000           0.0069687  -0.0011259  -0.0000000
    25      -0.0048292  -0.0079844  -0.0000000          -0.0048292  -0.0079844  -0.0000000
    26      -0.0021893  -0.0012045   0.0000000          -0.0021893  -0.0012045   0.0000000
    27      -0.0011689   0.0009160  -0.0000000          -0.0011689   0.0009160  -0.0000000
    28       0.0006915  -0.0002391  -0.0000000           0.0006915  -0.0002391  -0.0000000
    29       0.0021666  -0.0007491   0.0000000           0.0021666  -0.0007491   0.0000000
    30      -0.0022123   0.0013135  -0.0000000          -0.0022123   0.0013135  -0.0000000


 FC(GEO1 interpolated) contribution to total Intensity   1.00573504391812     
   
   
 TOTAL INTENSITY 0K final estimate   1.03034796143924     
      
 *******************************************
   
   
                    TR DIPOLE DERIVATIVES IN N. MODES STATE1  WEIGHTED BY 1/(SQRT[FREQ])
                        AND CONTRIBUTION TO HT INTENSITY IN DECREASING ORDER
                    DERIVATIVES EL DIPOLE (au)                 DERIVATIVES MAG DIPOLE (au)            HT ROT STREGTH (10**-40 cgs)
                   x        y        z       mod              x        y        z       mod             VALUE     SUM       SUM(ABS)
    1      25  -0.0382  -0.0631  -0.0000   0.0737     25  -0.0382  -0.0631  -0.0000   0.0737     25   2.563997   0.256E+01   0.256E+01
    2      24   0.0568  -0.0092  -0.0000   0.0576     24   0.0568  -0.0092  -0.0000   0.0576     24   1.563137   0.413E+01   0.413E+01
    3      20  -0.0004   0.0508   0.0000   0.0508     20  -0.0004   0.0508   0.0000   0.0508     20   1.218344   0.535E+01   0.535E+01
    4      21   0.0150   0.0362  -0.0000   0.0392     21   0.0150   0.0362  -0.0000   0.0392     21   0.724132   0.607E+01   0.607E+01
    5      19  -0.0121   0.0367   0.0000   0.0386     19  -0.0121   0.0367   0.0000   0.0386     19   0.702755   0.677E+01   0.677E+01
    6       2  -0.0000  -0.0000  -0.0360   0.0360      2  -0.0000  -0.0000  -0.0360   0.0360      2   0.610196   0.738E+01   0.738E+01
    7      18  -0.0241   0.0246  -0.0000   0.0344     18  -0.0241   0.0246  -0.0000   0.0344     18   0.558998   0.794E+01   0.794E+01
    8      14  -0.0000  -0.0000  -0.0310   0.0310     14  -0.0000  -0.0000  -0.0310   0.0310     14   0.453873   0.840E+01   0.840E+01
    9       7  -0.0219   0.0187  -0.0000   0.0288      7  -0.0219   0.0187  -0.0000   0.0288      7   0.391976   0.879E+01   0.879E+01
   10       6   0.0000  -0.0000  -0.0288   0.0288      6   0.0000  -0.0000  -0.0288   0.0288      6   0.390837   0.918E+01   0.918E+01
   11      23   0.0037  -0.0279  -0.0000   0.0281     23   0.0037  -0.0279  -0.0000   0.0281     23   0.373568   0.955E+01   0.955E+01
   12      11  -0.0000  -0.0000   0.0259   0.0259     11  -0.0000  -0.0000   0.0259   0.0259     11   0.316261   0.987E+01   0.987E+01
   13       1  -0.0000  -0.0000  -0.0252   0.0252      1  -0.0000  -0.0000  -0.0252   0.0252      1   0.299710   0.102E+02   0.102E+02
   14      22  -0.0043   0.0238   0.0000   0.0242     22  -0.0043   0.0238   0.0000   0.0242     22   0.276284   0.104E+02   0.104E+02
   15      15  -0.0156  -0.0124  -0.0000   0.0199     15  -0.0156  -0.0124  -0.0000   0.0199     15   0.186124   0.106E+02   0.106E+02
   16      17  -0.0075   0.0179   0.0000   0.0194     17  -0.0075   0.0179   0.0000   0.0194     17   0.177425   0.108E+02   0.108E+02
   17      26  -0.0169  -0.0093   0.0000   0.0193     26  -0.0169  -0.0093   0.0000   0.0193     26   0.175878   0.110E+02   0.110E+02
   18      13   0.0153   0.0028  -0.0000   0.0156     13   0.0153   0.0028  -0.0000   0.0156     13   0.114024   0.111E+02   0.111E+02
   19       5  -0.0000   0.0000   0.0150   0.0150      5  -0.0000   0.0000   0.0150   0.0150      5   0.106003   0.112E+02   0.112E+02
   20      30  -0.0121   0.0072  -0.0000   0.0141     30  -0.0121   0.0072  -0.0000   0.0141     30   0.093453   0.113E+02   0.113E+02
   21      29   0.0119  -0.0041   0.0000   0.0126     29   0.0119  -0.0041   0.0000   0.0126     29   0.075134   0.114E+02   0.114E+02
   22      10  -0.0080   0.0083  -0.0000   0.0115     10  -0.0080   0.0083  -0.0000   0.0115     10   0.062079   0.114E+02   0.114E+02
   23       3   0.0000  -0.0000   0.0107   0.0107      3   0.0000  -0.0000   0.0107   0.0107      3   0.053527   0.115E+02   0.115E+02
   24      27  -0.0068   0.0053  -0.0000   0.0087     27  -0.0068   0.0053  -0.0000   0.0087     27   0.035461   0.115E+02   0.115E+02
   25       8   0.0000  -0.0000   0.0074   0.0074      8   0.0000  -0.0000   0.0074   0.0074      8   0.026094   0.115E+02   0.115E+02
   26       4   0.0017  -0.0055   0.0000   0.0058      4   0.0017  -0.0055   0.0000   0.0058      4   0.015657   0.116E+02   0.116E+02
   27      16   0.0006   0.0054  -0.0000   0.0055     16   0.0006   0.0054  -0.0000   0.0055     16   0.014068   0.116E+02   0.116E+02
   28       9   0.0019  -0.0049   0.0000   0.0052      9   0.0019  -0.0049   0.0000   0.0052      9   0.012959   0.116E+02   0.116E+02
   29      28   0.0040  -0.0014  -0.0000   0.0042     28   0.0040  -0.0014  -0.0000   0.0042     28   0.008496   0.116E+02   0.116E+02
   30      12  -0.0000  -0.0000  -0.0026   0.0026     12  -0.0000  -0.0000  -0.0026   0.0026     12   0.003153   0.116E+02   0.116E+02
   
   
 *******************************************
 GENERALIZED OSC. STRENGTH INCLUDING HT EFFECT   0.000000000000000E+000
 ***********************************************
 ANALYTICAL MOMENTS OF THE SPECTRUM
 ZERO-TH MOMENT
 FC zeroth moment   1.00573504391812     
 FCHT zeroth moment T=0K   1.03034796143924     
 FCHT zeroth moment input T   1.03034796143924     
 
 FIRST MOMENT
 evert  0.000000000000000E+000  0.000000000000000E+000
 aaafc   1.00573504391812     
  FC component (eV)    -1.39364857406959     
  FC-HT component (eV)   -1.285174030791751E+199
  HT component (eV)   -4.159407838068304E+056
  FIRST MOMENT (eV)   -1.285174030791751E+199
    
  FC VARIANCE (eV**2)                  Infinity
  FC Gradient contr.    (eV**2)                  Infinity
  FC Freq. shift contr. (eV**2)    2.044884784897337E-004
  FC Duschinsky  contr. (eV**2)     1.34042667308845     
  FWHM (eV)                Infinity
  FWHM (cm-1)                Infinity
 ***********************************************
  
  


 ================= 
  TRANSITION INFO  
 ================= 
            DATA FOR VERTICAL TRANSITION 
  electric transition dipoles (au) at initial GEO 1
           -1.09286635   -0.46630705   -0.00000000
  electric transition dipoles (au) at initial GEO 2
           -1.09286635   -0.46630705   -0.00000000
  Square tr dipoles: geo1  1.41179913  geo2   1.41179913  Diff (d1-d2)/d1    0.0000 %
   
 ------------------
  State2 -> State1
 ------------------
 Reorganization Energy (eV) on State1        0.489362
 Vertical emission energy (eV)               4.522480
 Fluorescence lifetime from minimum (ns)  7.203467E+00
 ********************************************** 
   
 ------------------
  State1 -> State2
 ------------------
 Reorganization Energy on State2 (eV)        0.489362
 Vertical absorption energy (eV)             5.501203
 Absorption oscillator strength           1.902780E-01
 ********************************************** 
   

NOTE: Spectra resolution set to:  0.00400                                                                 
 

NOTE: To ensure exact match of TI and TD resuls, final spectral range reset to:    4.0000-                
       9.0000(eV)                                                                                         
 

 ----------------------------------------
 Refined spectral range for simulations: 
  nene       =      1251
  From E(eV) =    4.0000
  To   E(eV) =    9.0000
 
 Related time-domain parameters
 (with energy shift & extended range):
  ntime =          652
  dt    =       0.7929
  tfin  =     516.5620
 Shift info (for external FT)
  dE_ext=  0.104000    
  Eshift=   3.89600    
 ----------------------------------------


NOTE: Changing Ead to optimize TD method before entering the spectrum calculation.Ead(original)=          
        5.012 (eV); Ead(shifted )=   1.116 (eV)                                                           
 


 ____________________________________________
  ============================================
  PROGRAM: td_onephoton
   Compute vibronic spectra with a harmonic 
   TD formulation                           
                                            
  References:                               
   Comput Theoret Chem, 1040--1041, 186-194 (2014)
 ____________________________________________
  ============================================
 
 SUMMARY OF CALCULATION OPTIONS
 -------------------------------
 Adiabatic Energy (eV)  :   1.1158

 Tipe of transition     : ABS-ECDNO

 Dipole aproximation    : HT-HTf
 El. dipole at ref geom :    -1.09      -0.466      -0.123E-14

 Numerical evaluation of xi(t)
         Total time (fs):   516.562
         Nr data points : 652
         Time step (fs) :  0.793    

 Broad. function        : GAU  
 Broad. exponent        :    7.794E-07
 Broad. order           : 2
 -------------------------------

 Computing correlation functions over 652 points

 Calling FFT with 1304 points


 Entering in fft_calc subroutine (FFTW)
 Ndata: 1304
 tini and tfin  -516.562     516.562

 df  9.671957840330411E-004
 dt  0.792881005380783     
 =========== tdspectra finished ===========  
 Timing...
  CPU (s) for tdspectra :       0.107
 ==========================================
                                           



===============================

 SUMMARY OF NOTES AND WARNINGS

===============================
 ---------------------------------
 7 notes raised along the run
 Look for NOTE in the output
 ---------------------------------

 ---------------------------------
 6 warnings raised along the run
 Look for WARNING in the output
 ---------------------------------

 
 ****************** FCclasses finished *******************
 Timing...   
  CPU (s)       0.205
 *********************************************************
 
 FCclasses finished with warnings
