 
                                                    \ /               
                                              ..-'''-*-               
                                              \.-'''\ \               
      _____ _____      _                             | |              
     |  ___/  __ \    | |                         __/ /               
     | |_  | /  \/ ___| | __ _ ___ ___  ___  ___ |_  '.               
     |  _| | |    / __| |/ _` / __/ __|/ _ \/ __|   `.  \             
     | |   | \__/\ (__| | (_| \__ \__ \  __/\__ \     \ '.            
     \_|    \____/\___|_|\__,_|___/___/\___||___/      , |            
                                                       | |            
                                                      / ,'            
                                              -....--'  /             
                                              `.. __..-'              
                                                                      
 ********************************************************* 
   FCCLASSES3:                                             
   A code for vibronic simulations                         
                                                           
                                                           
 ********************************************************* 


 GIT VERSION INFO
  Commit id  : v3-1.0-2-g78ec1d1-dirty
  Commit date: 2022-07-22 10:24:13 +0200

 CURRENT RUN INFO
  Date&Time  : 2022-11-25, 10:30:33
  Input file : STDIN
  Input type : NEW



 INPUT OPTIONS:
-------------------------------
$$$
;GENERAL OPTIONS:
; NAT        = (read from structure files)
; NVIB       = (determined vibrational analysis)
PROPERTY     =   OPA   
MODEL        =   VG   
DIPOLE       =   HTi  
DIPDER_COORD =   CARTESIAN  
TEMP         =     0.00
DE           =   5.18470
BROADFUN     =   GAU  
HWHM         =   0.0400
RESOL        =   0.0040  ; (default: HWHM/10)
METHOD       =   TD   
ROT          =   2
SPCMIN       =     4.000
SPCMAX       =     9.000
;VIBRATIONAL ANALYSIS
NORMALMODES  =   COMPUTE  
RM_COORD     =   NONE    
COORDS       =   CARTESIAN  
FORCE_REAL   =   YES  
;INPUT DATA FILES
STATE1_FILE  =   Guanine6311-freq.fcc
STATE2_FILE  =   Guanine6311-es1.fcc
MASS_FILE    =   
ELDIP_FILE   =   eldip_Guanine6311-es1_fchk
MAGDIP_FILE  =   magdip_Guanine6311-es1_fchk
NAC_FILE     =   
NRCOUP_FILE  =   eldip_Guanine6311-es1_fchk
HESS1_FILE   =   Guanine6311-freq.fcc
HESS2_FILE   =   Guanine6311-freq.fcc
GRAD1_FILE   =   Guanine6311-freq.fcc
GRAD2_COORD  =   CARTESIAN
GRAD2_FILE   =   Guanine6311-es1.fcc
;VERBOSE LEVEL
VERBOSE      =   1
  
-------------------------------



 ==> State 1 <==

 Geometry file: Guanine6311-freq.fcc


 Gradient file: Guanine6311-freq.fcc

NOTE: The calculation for this State will assume non-stationary point since the gradient                  
      is not negligible (maximum atomic gradient:   0.000428 a.u.)                                        
 
 Hessian file: Guanine6311-freq.fcc



 ---------------------------------------
  Check effect of symmetry operations
  on Hessian elements (or gs^t\beta)
 ---------------------------------------

 Using input geometry instead of rotating to principal axis of intertia to detect symmetry

 
 Sigma(xy) symmetry element found
 
 Symmetry operation  : 1
 Max abs difference  :   0.000000
    original value   :  -0.000000
    transformed value:   0.000000
    Rel difference(%): 200.000000

 ---------------------------------------



 =========================
  ANALYSIS OF DOFs
 =========================

 => STATE 1 <=
 Geometry (Angstroms)
 16    # Nr. of atoms
   Atom       X         Y         Z      Mass
N          2.1645    0.7294    0.0000   14.0031
C          1.8237    2.0662    0.0000   12.0000
N          0.5409    2.2539    0.0000   14.0031
C          0.0000    0.9876    0.0000   12.0000
C         -1.3686    0.5580    0.0000   12.0000
O         -2.4004    1.1861    0.0000   15.9949
N         -1.4242   -0.8697    0.0000   14.0031
C         -0.3567   -1.7230    0.0000   12.0000
N         -0.6275   -3.0532    0.0000   14.0031
N          0.8821   -1.3208    0.0000   14.0031
C          0.9962    0.0281    0.0000   12.0000
H          2.5732    2.8426    0.0000    1.0078
H         -2.3676   -1.2327    0.0000    1.0078
H         -1.5618   -3.4186    0.0000    1.0078
H          0.1520   -3.6873    0.0000    1.0078
H          3.0889    0.3287    0.0000    1.0078
 

 ------------------------------------------------
   INERTIA TENSOR (to be multiplied by 10**5)
 ------------------------------------------------

             1           2           3
  
    1     7.36518    -1.48524     0.00000
    2    -1.48524     5.59437     0.00000
    3     0.00000     0.00000    12.95954
 ------------------------------------------------


 ------------------------------------------------
   ROTATIONAL CONSTANTS (AND ROTATION MATRIX)
 ------------------------------------------------

 ROOT NO.    1           2           3

    ************************************
  
    1    -0.49394    -0.86950     0.00000
    2    -0.86950     0.49394     0.00000
    3     0.00000     0.00000     1.00000
 ------------------------------------------------

  Rotational constants (GHz)
     1.93921     1.12226     0.71087
  Rotational temperatures (K)
     0.09307     0.05386     0.03412


 -------------------
  DOF   Dimension
 -------------------
  Vib    42
  Rot    3
  Tra    3
 -------------------


 Translating State1 to its Center of Mass
 Initial COM:      -0.0123      0.0339      0.0000


 ================================
  VIBRATIONAL ANALYSIS ON STATE1
 ================================

 ----------------------------------
   Redundant Frequencies (cm-1)
 ----------------------------------
     1    -0.00002
     2    -0.00002
     3     0.00001
     4     0.00003
     5     0.00003
     6     0.00008
 ----------------------------------


 ------------------------
   FREQUENCIES (cm-1)
 ------------------------
     1  -318.83492
     2   137.63529
     3   158.66065
     4   196.95202
     5   323.36646
     6   341.41152
     7   359.47064
     8   410.89356
     9   494.35289
    10   535.12067
    11   550.36713
    12   602.96535
    13   637.14847
    14   671.81249
    15   674.63193
    16   713.31874
    17   749.79602
    18   797.71487
    19   847.96522
    20   853.42690
    21   963.58164
    22  1041.38266
    23  1083.03554
    24  1087.35235
    25  1145.59964
    26  1192.74708
    27  1324.79663
    28  1351.17460
    29  1380.34785
    30  1409.67709
    31  1465.82181
    32  1549.38783
    33  1585.86439
    34  1630.46016
    35  1645.70466
    36  1683.80057
    37  1831.16756
    38  3262.70436
    39  3622.45676
    40  3651.90241
    41  3678.04898
    42  3779.36487
 ------------------------

 =====================
  THERMOCHEMISTRY     
 =====================
  Temperature (K):    0.00
  Pressure (atm) :    1.00
 
  Rotational constants (GHz)
     1.93921     1.12226     0.71087
  Rotational temperatures (K)
     0.09307     0.05386     0.03412
 
           1  -318.834923840535     

WARNING: Imaginary frequency ignored                                                                         
 
  Partition Functions
  qt =      0.000    
  qr =      0.000    
  qv =      0.000    
 
  Contributions to entropy
  St (cm-1/K) = -Infinity
  Sr (cm-1/K) = -Infinity
  Sv (cm-1/K) =       NaN
 
  Thermal corrections (AU)
  Zero Point Energy =   0.117151    
  Internal Energy   =   0.117151    
  Enthalpy          =   0.117151    
  Gibbs Free Energy =            NaN
 
  Thermal corrections (AU) - vibrational only
  Number of vibrations:      42
  V-internal Energy   =   0.117151    
  V-enthalpy          =   0.117151    
  V-gibbs Free Energy =            NaN


 ==> State 2 <==

 Geometry file: Guanine6311-es1.fcc


 Gradient file: Guanine6311-es1.fcc

NOTE: The calculation for this State will assume non-stationary point since the gradient                  
      is not negligible (maximum atomic gradient:   0.086544 a.u.)                                        
 
 Hessian file: Guanine6311-freq.fcc


 Combination abs/ECDNO
 A standard one-photon absorption calculation  will be performed


 =========================
  ANALYSIS OF DOFs
 =========================

 => STATE 2 <=
 Geometry (Angstroms)
 16    # Nr. of atoms
   Atom       X         Y         Z      Mass
N          2.1645    0.7294    0.0000   14.0031
C          1.8237    2.0662    0.0000   12.0000
N          0.5409    2.2539    0.0000   14.0031
C          0.0000    0.9876    0.0000   12.0000
C         -1.3686    0.5580    0.0000   12.0000
O         -2.4004    1.1861    0.0000   15.9949
N         -1.4242   -0.8697    0.0000   14.0031
C         -0.3567   -1.7230    0.0000   12.0000
N         -0.6275   -3.0532    0.0000   14.0031
N          0.8821   -1.3208    0.0000   14.0031
C          0.9962    0.0281    0.0000   12.0000
H          2.5732    2.8426    0.0000    1.0078
H         -2.3676   -1.2327    0.0000    1.0078
H         -1.5618   -3.4186    0.0000    1.0078
H          0.1520   -3.6873    0.0000    1.0078
H          3.0889    0.3287    0.0000    1.0078
 

 ------------------------------------------------
   INERTIA TENSOR (to be multiplied by 10**5)
 ------------------------------------------------

             1           2           3
  
    1     7.36518    -1.48524     0.00000
    2    -1.48524     5.59437     0.00000
    3     0.00000     0.00000    12.95954
 ------------------------------------------------


 ------------------------------------------------
   ROTATIONAL CONSTANTS (AND ROTATION MATRIX)
 ------------------------------------------------

 ROOT NO.    1           2           3

    ************************************
  
    1    -0.49394    -0.86950     0.00000
    2    -0.86950     0.49394     0.00000
    3     0.00000     0.00000     1.00000
 ------------------------------------------------

  Rotational constants (GHz)
     1.93921     1.12226     0.71087
  Rotational temperatures (K)
     0.09307     0.05386     0.03412


 -------------------
  DOF   Dimension
 -------------------
  Vib    42
  Rot    3
  Tra    3
 -------------------


 Translating State2 to its Center of Mass
 Initial COM:      -0.0123      0.0339      0.0000


 ================================
  VIBRATIONAL ANALYSIS ON STATE2
 ================================

Normal modes read from State1 for VG


 ------------------------
   FREQUENCIES (cm-1)
 ------------------------
     1  -318.83492
     2   137.63529
     3   158.66065
     4   196.95202
     5   323.36646
     6   341.41152
     7   359.47064
     8   410.89356
     9   494.35289
    10   535.12067
    11   550.36713
    12   602.96535
    13   637.14847
    14   671.81249
    15   674.63193
    16   713.31874
    17   749.79602
    18   797.71487
    19   847.96522
    20   853.42690
    21   963.58164
    22  1041.38266
    23  1083.03554
    24  1087.35235
    25  1145.59964
    26  1192.74708
    27  1324.79663
    28  1351.17460
    29  1380.34785
    30  1409.67709
    31  1465.82181
    32  1549.38783
    33  1585.86439
    34  1630.46016
    35  1645.70466
    36  1683.80057
    37  1831.16756
    38  3262.70436
    39  3622.45676
    40  3651.90241
    41  3678.04898
    42  3779.36487
 ------------------------


 -------------------------------------
   State2 Gradient (Q1-space) x1e5
 -------------------------------------
     1     0.00000
     2     0.00000
     3     0.00000
     4    -0.00000
     5     0.36069
     6    -2.84185
     7     0.00000
     8     0.00000
     9     0.53161
    10   -10.79603
    11     0.00000
    12    -0.00000
    13   -12.07640
    14    -0.00000
    15    -0.13198
    16    -0.00000
    17     0.00000
    18     0.00000
    19    -3.31128
    20     0.00000
    21    20.53148
    22   -11.17522
    23    -2.52410
    24     0.25205
    25   -21.74542
    26    19.38460
    27   -11.72015
    28   -11.71078
    29    18.71087
    30    -5.96389
    31   -26.62038
    32    31.09481
    33    25.62045
    34     4.91145
    35   -61.06663
    36    18.98277
    37    30.62762
    38     1.95971
    39    -9.49223
    40    -2.47575
    41    -5.57505
    42    -0.45288
 -------------------------------------




                 ASSIGNMENTS AND ANALYSIS OF 1 WITH RESPECT TO 2
 STATE 1                              MODES STATE 2
IND DEF    FREQUENCY     SHIFT    I21 C21  I22 C22   I23 C23     FR(I21)  I90 I95 I99
   1  P     -318.83     0.00000    1 1.00    2 0.00    3 0.00       0.00   1   1   1
   2  P      137.64    -0.00000    2 1.00    1 0.00    3 0.00       0.00   1   1   1
   3  P      158.66    -0.00000    3 1.00    2 0.00    1 0.00       0.00   1   1   1
   4  P      196.95     0.00000    4 1.00    2 0.00    3 0.00       0.00   1   1   1
   5  P      323.37    -1.66154    5 1.00    2 0.00    3 0.00       0.00   1   1   1
   6  P      341.41    11.74393    6 1.00    2 0.00    3 0.00       0.00   1   1   1
   7  P      359.47    -0.00000    7 1.00    2 0.00    3 0.00       0.00   1   1   1
   8  P      410.89    -0.00000    8 1.00    2 0.00    3 0.00       0.00   1   1   1
   9  P      494.35    -1.04782    9 1.00    2 0.00    3 0.00       0.00   1   1   1
  10  P      535.12    18.16057   10 1.00    2 0.00    3 0.00       0.00   1   1   1
  11  P      550.37    -0.00000   11 1.00    2 0.00    3 0.00       0.00   1   1   1
  12  P      602.97     0.00000   12 1.00    2 0.00    3 0.00       0.00   1   1   1
  13  P      637.15    14.32930   13 1.00    2 0.00    3 0.00       0.00   1   1   1
  14  P      671.81     0.00000   14 1.00    2 0.00    3 0.00       0.00   1   1   1
  15  P      674.63     0.13969   15 1.00    2 0.00    3 0.00       0.00   1   1   1
  16  P      713.32     0.00000   16 1.00    2 0.00    3 0.00       0.00   1   1   1
  17  P      749.80    -0.00000   17 1.00    2 0.00    3 0.00       0.00   1   1   1
  18  P      797.71    -0.00000   18 1.00    2 0.00    3 0.00       0.00   1   1   1
  19  P      847.97     2.21824   19 1.00    2 0.00    3 0.00       0.00   1   1   1
  20  P      853.43    -0.00000   20 1.00    2 0.00    3 0.00       0.00   1   1   1
  21  P      963.58   -10.65152   21 1.00    2 0.00    3 0.00       0.00   1   1   1
  22  P     1041.38     4.96368   22 1.00    2 0.00    3 0.00       0.00   1   1   1
  23  P     1083.04     1.03655   23 1.00    2 0.00    3 0.00       0.00   1   1   1
  24  P     1087.35    -0.10269   24 1.00    2 0.00    3 0.00       0.00   1   1   1
  25  P     1145.60     7.98125   25 1.00    2 0.00    3 0.00       0.00   1   1   1
  26  P     1192.75    -6.56340   26 1.00    2 0.00    3 0.00       0.00   1   1   1
  27  P     1324.80     3.21665   27 1.00    2 0.00    3 0.00       0.00   1   1   1
  28  P     1351.17     3.08981   28 1.00    2 0.00    3 0.00       0.00   1   1   1
  29  P     1380.35    -4.73027   29 1.00    2 0.00    3 0.00       0.00   1   1   1
  30  P     1409.68     1.44564   30 1.00    2 0.00    3 0.00       0.00   1   1   1
  31  P     1465.82     5.96789   31 1.00    2 0.00    3 0.00       0.00   1   1   1
  32  P     1549.39    -6.23931   32 1.00    2 0.00    3 0.00       0.00   1   1   1
  33  P     1585.86    -4.90708   33 1.00    2 0.00    3 0.00       0.00   1   1   1
  34  P     1630.46    -0.88993   34 1.00    2 0.00    3 0.00       0.00   1   1   1
  35  P     1645.70    10.86097   35 1.00    2 0.00    3 0.00       0.00   1   1   1
  36  P     1683.80    -3.22513   36 1.00    2 0.00    3 0.00       0.00   1   1   1
  37  P     1831.17    -4.39973   37 1.00    2 0.00    3 0.00       0.00   1   1   1
  38  P     3262.70    -0.08868   38 1.00    2 0.00    3 0.00       0.00   1   1   1
  39  P     3622.46     0.34844   39 1.00    2 0.00    3 0.00       0.00   1   1   1
  40  P     3651.90     0.08942   40 1.00    2 0.00    3 0.00       0.00   1   1   1
  41  P     3678.05     0.19851   41 1.00    2 0.00    3 0.00       0.00   1   1   1
  42  P     3779.36     0.01527   42 1.00    2 0.00    3 0.00       0.00   1   1   1
   
 *********************************************************** 
  
  AVERAGE MAX PROJECTION     1.000000    St Dev   0.000000
  AVERAGE FREQ DIFF          0.000000    St Dev   0.000000
  AVERAGE ABS FREQ DIFF      0.000000    St Dev   0.000000
  AVERAGE ABS DISPLACE       0.983302    St Dev   5.297962
  SUM DISPL**2            1219.481871
  
 *********************************************************** 
  



                 ASSIGNMENTS AND ANALYSIS OF 2 WITH RESPECT TO 1
 STATE 2                              MODES STATE 1
IND DEF    FREQUENCY     SHIFT    I11 C11  I12 C12   I13 C13     FR(I11)  I90 I95 I99
   1  P     -318.83    -0.00000    1 1.00    2 0.00    3 0.00       0.00   1   1   1
   2  P      137.64     0.00000    2 1.00    1 0.00    3 0.00       0.00   1   1   1
   3  P      158.66     0.00000    3 1.00    2 0.00    1 0.00       0.00   1   1   1
   4  P      196.95    -0.00000    4 1.00    2 0.00    3 0.00       0.00   1   1   1
   5  P      323.37     1.66154    5 1.00    2 0.00    3 0.00       0.00   1   1   1
   6  P      341.41   -11.74393    6 1.00    2 0.00    3 0.00       0.00   1   1   1
   7  P      359.47     0.00000    7 1.00    2 0.00    3 0.00       0.00   1   1   1
   8  P      410.89     0.00000    8 1.00    2 0.00    3 0.00       0.00   1   1   1
   9  P      494.35     1.04782    9 1.00    2 0.00    3 0.00       0.00   1   1   1
  10  P      535.12   -18.16057   10 1.00    2 0.00    3 0.00       0.00   1   1   1
  11  P      550.37     0.00000   11 1.00    2 0.00    3 0.00       0.00   1   1   1
  12  P      602.97    -0.00000   12 1.00    2 0.00    3 0.00       0.00   1   1   1
  13  P      637.15   -14.32930   13 1.00    2 0.00    3 0.00       0.00   1   1   1
  14  P      671.81    -0.00000   14 1.00    2 0.00    3 0.00       0.00   1   1   1
  15  P      674.63    -0.13969   15 1.00    2 0.00    3 0.00       0.00   1   1   1
  16  P      713.32    -0.00000   16 1.00    2 0.00    3 0.00       0.00   1   1   1
  17  P      749.80     0.00000   17 1.00    2 0.00    3 0.00       0.00   1   1   1
  18  P      797.71     0.00000   18 1.00    2 0.00    3 0.00       0.00   1   1   1
  19  P      847.97    -2.21824   19 1.00    2 0.00    3 0.00       0.00   1   1   1
  20  P      853.43     0.00000   20 1.00    2 0.00    3 0.00       0.00   1   1   1
  21  P      963.58    10.65152   21 1.00    2 0.00    3 0.00       0.00   1   1   1
  22  P     1041.38    -4.96368   22 1.00    2 0.00    3 0.00       0.00   1   1   1
  23  P     1083.04    -1.03655   23 1.00    2 0.00    3 0.00       0.00   1   1   1
  24  P     1087.35     0.10269   24 1.00    2 0.00    3 0.00       0.00   1   1   1
  25  P     1145.60    -7.98125   25 1.00    2 0.00    3 0.00       0.00   1   1   1
  26  P     1192.75     6.56340   26 1.00    2 0.00    3 0.00       0.00   1   1   1
  27  P     1324.80    -3.21665   27 1.00    2 0.00    3 0.00       0.00   1   1   1
  28  P     1351.17    -3.08981   28 1.00    2 0.00    3 0.00       0.00   1   1   1
  29  P     1380.35     4.73027   29 1.00    2 0.00    3 0.00       0.00   1   1   1
  30  P     1409.68    -1.44564   30 1.00    2 0.00    3 0.00       0.00   1   1   1
  31  P     1465.82    -5.96789   31 1.00    2 0.00    3 0.00       0.00   1   1   1
  32  P     1549.39     6.23931   32 1.00    2 0.00    3 0.00       0.00   1   1   1
  33  P     1585.86     4.90708   33 1.00    2 0.00    3 0.00       0.00   1   1   1
  34  P     1630.46     0.88993   34 1.00    2 0.00    3 0.00       0.00   1   1   1
  35  P     1645.70   -10.86097   35 1.00    2 0.00    3 0.00       0.00   1   1   1
  36  P     1683.80     3.22513   36 1.00    2 0.00    3 0.00       0.00   1   1   1
  37  P     1831.17     4.39973   37 1.00    2 0.00    3 0.00       0.00   1   1   1
  38  P     3262.70     0.08868   38 1.00    2 0.00    3 0.00       0.00   1   1   1
  39  P     3622.46    -0.34844   39 1.00    2 0.00    3 0.00       0.00   1   1   1
  40  P     3651.90    -0.08942   40 1.00    2 0.00    3 0.00       0.00   1   1   1
  41  P     3678.05    -0.19851   41 1.00    2 0.00    3 0.00       0.00   1   1   1
  42  P     3779.36    -0.01527   42 1.00    2 0.00    3 0.00       0.00   1   1   1
   
 *********************************************************** 
  
  AVERAGE MAX PROJECTION     1.000000    St Dev   0.000000
  AVERAGE FREQ DIFF          0.000000    St Dev   0.000000
  AVERAGE ABS FREQ DIFF      0.000000    St Dev   0.000000
  AVERAGE ABS DISPLACE      -0.983302    St Dev   5.297962
  SUM DISPL**2            1219.481871
  
 *********************************************************** 
  

 ADDITIONAL ANALYSIS ON DUSCHINSKY MATRIX
 ----------------------------------------
  Determinant:     1.0000

  ** A = GM·GMT **
  Det(A)     :     1.0000
  Trace(A)   :    42.0000
  Det(A-I)   :     0.0000
  Trace(A-I) :     0.0000
 ----------------------------------------

   
   
 STATE1 MODES SORTED BY DECREASING DIMENSIONLESS SHIFT
   IND    MODE    FREQUENCY DIMENSIONLESS SHIFT
     1       1    -318.83492               NaN
     2      35    1645.70466       0.94049E+00
     3      10     535.12067       0.89673E+00
     4      13     637.14847       0.77206E+00
     5      21     963.58164      -0.70577E+00
     6      25    1145.59964       0.57663E+00
     7      32    1549.38783      -0.52423E+00
     8      31    1465.82181       0.48772E+00
     9      26    1192.74708      -0.48385E+00
    10       6     341.41152       0.46319E+00
    11      33    1585.86439      -0.41712E+00
    12      37    1831.16756      -0.40188E+00
    13      29    1380.34785      -0.37514E+00
    14      22    1041.38266       0.34191E+00
    15      36    1683.80057      -0.28249E+00
    16      27    1324.79663       0.24991E+00
    17      28    1351.17460       0.24243E+00
    18      19     847.96522       0.13788E+00
    19      30    1409.67709       0.11586E+00
    20      34    1630.46016      -0.76704E-01
    21      23    1083.03554       0.72815E-01
    22       5     323.36646      -0.63777E-01
    23       9     494.35289      -0.49730E-01
    24      39    3622.45676       0.44765E-01
    25      41    3678.04898       0.25698E-01
    26      40    3651.90241       0.11535E-01
    27      38    3262.70436      -0.10812E-01
    28      15     674.63193       0.77445E-02
    29      24    1087.35235      -0.72278E-02
    30      42    3779.36487       0.20042E-02
    31       8     410.89356      -0.15752E-12
    32       3     158.66065      -0.13058E-12
    33       7     359.47064      -0.12197E-12
    34      11     550.36713      -0.10828E-12
    35       2     137.63529      -0.86620E-13
    36      16     713.31874       0.46064E-13
    37      12     602.96535       0.37196E-13
    38      18     797.71487      -0.30421E-13
    39      17     749.79602      -0.25939E-13
    40      14     671.81249       0.23736E-13
    41       4     196.95202       0.21516E-13
    42      20     853.42690      -0.94679E-14
   
   
 MODES OF STATE1 IN ORDER OF DECREASING FR COUPL
 ESTIMATED BY THE MAGNITUDE OF THE 0-0 INTEGRAL
   IND    MODE1  FREQ   MODE2 FR    FR. SHIFT INV0-0
     1     1  -318.83492         1  -318.83492         0.00000         1.00000
     2     2   137.63529         2   137.63529         0.00000         1.00000
     3     3   158.66065         3   158.66065         0.00000         1.00000
     4     4   196.95202         4   196.95202         0.00000         1.00000
     5     5   323.36646         5   323.36646         0.00000         1.00000
     6     6   341.41152         6   341.41152         0.00000         1.00000
     7     7   359.47064         7   359.47064         0.00000         1.00000
     8     8   410.89356         8   410.89356         0.00000         1.00000
     9     9   494.35289         9   494.35289         0.00000         1.00000
    10    10   535.12067        10   535.12067         0.00000         1.00000
    11    11   550.36713        11   550.36713         0.00000         1.00000
    12    12   602.96535        12   602.96535         0.00000         1.00000
    13    13   637.14847        13   637.14847         0.00000         1.00000
    14    14   671.81249        14   671.81249         0.00000         1.00000
    15    15   674.63193        15   674.63193         0.00000         1.00000
    16    16   713.31874        16   713.31874         0.00000         1.00000
    17    17   749.79602        17   749.79602         0.00000         1.00000
    18    18   797.71487        18   797.71487         0.00000         1.00000
    19    19   847.96522        19   847.96522         0.00000         1.00000
    20    20   853.42690        20   853.42690         0.00000         1.00000
    21    21   963.58164        21   963.58164         0.00000         1.00000
    22    22  1041.38266        22  1041.38266         0.00000         1.00000
    23    23  1083.03554        23  1083.03554         0.00000         1.00000
    24    24  1087.35235        24  1087.35235         0.00000         1.00000
    25    25  1145.59964        25  1145.59964         0.00000         1.00000
    26    26  1192.74708        26  1192.74708         0.00000         1.00000
    27    27  1324.79663        27  1324.79663         0.00000         1.00000
    28    28  1351.17460        28  1351.17460         0.00000         1.00000
    29    29  1380.34785        29  1380.34785         0.00000         1.00000
    30    30  1409.67709        30  1409.67709         0.00000         1.00000
    31    31  1465.82181        31  1465.82181         0.00000         1.00000
    32    32  1549.38783        32  1549.38783         0.00000         1.00000
    33    33  1585.86439        33  1585.86439         0.00000         1.00000
    34    34  1630.46016        34  1630.46016         0.00000         1.00000
    35    35  1645.70466        35  1645.70466         0.00000         1.00000
    36    36  1683.80057        36  1683.80057         0.00000         1.00000
    37    37  1831.16756        37  1831.16756         0.00000         1.00000
    38    38  3262.70436        38  3262.70436         0.00000         1.00000
    39    39  3622.45676        39  3622.45676         0.00000         1.00000
    40    40  3651.90241        40  3651.90241         0.00000         1.00000
    41    41  3678.04898        41  3678.04898         0.00000         1.00000
    42    42  3779.36487        42  3779.36487         0.00000         1.00000
   
   
   
   
 STATE2 MODES SORTED BY DECREASING DIMENSIONLESS SHIFT
   IND    MODE    FREQUENCY DIMENSIONLESS SHIFT
     1       1    -318.83492               NaN
     2      35    1645.70466      -0.94049E+00
     3      10     535.12067      -0.89673E+00
     4      13     637.14847      -0.77206E+00
     5      21     963.58164       0.70577E+00
     6      25    1145.59964      -0.57663E+00
     7      32    1549.38783       0.52423E+00
     8      31    1465.82181      -0.48772E+00
     9      26    1192.74708       0.48385E+00
    10       6     341.41152      -0.46319E+00
    11      33    1585.86439       0.41712E+00
    12      37    1831.16756       0.40188E+00
    13      29    1380.34785       0.37514E+00
    14      22    1041.38266      -0.34191E+00
    15      36    1683.80057       0.28249E+00
    16      27    1324.79663      -0.24991E+00
    17      28    1351.17460      -0.24243E+00
    18      19     847.96522      -0.13788E+00
    19      30    1409.67709      -0.11586E+00
    20      34    1630.46016       0.76704E-01
    21      23    1083.03554      -0.72815E-01
    22       5     323.36646       0.63777E-01
    23       9     494.35289       0.49730E-01
    24      39    3622.45676      -0.44765E-01
    25      41    3678.04898      -0.25698E-01
    26      40    3651.90241      -0.11535E-01
    27      38    3262.70436       0.10812E-01
    28      15     674.63193      -0.77445E-02
    29      24    1087.35235       0.72278E-02
    30      42    3779.36487      -0.20042E-02
    31       8     410.89356       0.15752E-12
    32       3     158.66065       0.13058E-12
    33       7     359.47064       0.12197E-12
    34      11     550.36713       0.10828E-12
    35       2     137.63529       0.86620E-13
    36      16     713.31874      -0.46064E-13
    37      12     602.96535      -0.37196E-13
    38      18     797.71487       0.30421E-13
    39      17     749.79602       0.25939E-13
    40      14     671.81249      -0.23736E-13
    41       4     196.95202      -0.21516E-13
    42      20     853.42690       0.94679E-14
   
   
 MODES OF STATE2 IN ORDER OF DECREASING FR COUPL
 ESTIMATED BY THE MAGNITUDE OF THE 0-0 INTEGRAL
   IND    MODE2  FREQ   MODE1 FR    FR. SHIFT INV0-0
     1     1  -318.83492         1  -318.83492         0.00000         1.00000
     2     2   137.63529         2   137.63529         0.00000         1.00000
     3     3   158.66065         3   158.66065         0.00000         1.00000
     4     4   196.95202         4   196.95202         0.00000         1.00000
     5     5   323.36646         5   323.36646         0.00000         1.00000
     6     6   341.41152         6   341.41152         0.00000         1.00000
     7     7   359.47064         7   359.47064         0.00000         1.00000
     8     8   410.89356         8   410.89356         0.00000         1.00000
     9     9   494.35289         9   494.35289         0.00000         1.00000
    10    10   535.12067        10   535.12067         0.00000         1.00000
    11    11   550.36713        11   550.36713         0.00000         1.00000
    12    12   602.96535        12   602.96535         0.00000         1.00000
    13    13   637.14847        13   637.14847         0.00000         1.00000
    14    14   671.81249        14   671.81249         0.00000         1.00000
    15    15   674.63193        15   674.63193         0.00000         1.00000
    16    16   713.31874        16   713.31874         0.00000         1.00000
    17    17   749.79602        17   749.79602         0.00000         1.00000
    18    18   797.71487        18   797.71487         0.00000         1.00000
    19    19   847.96522        19   847.96522         0.00000         1.00000
    20    20   853.42690        20   853.42690         0.00000         1.00000
    21    21   963.58164        21   963.58164         0.00000         1.00000
    22    22  1041.38266        22  1041.38266         0.00000         1.00000
    23    23  1083.03554        23  1083.03554         0.00000         1.00000
    24    24  1087.35235        24  1087.35235         0.00000         1.00000
    25    25  1145.59964        25  1145.59964         0.00000         1.00000
    26    26  1192.74708        26  1192.74708         0.00000         1.00000
    27    27  1324.79663        27  1324.79663         0.00000         1.00000
    28    28  1351.17460        28  1351.17460         0.00000         1.00000
    29    29  1380.34785        29  1380.34785         0.00000         1.00000
    30    30  1409.67709        30  1409.67709         0.00000         1.00000
    31    31  1465.82181        31  1465.82181         0.00000         1.00000
    32    32  1549.38783        32  1549.38783         0.00000         1.00000
    33    33  1585.86439        33  1585.86439         0.00000         1.00000
    34    34  1630.46016        34  1630.46016         0.00000         1.00000
    35    35  1645.70466        35  1645.70466         0.00000         1.00000
    36    36  1683.80057        36  1683.80057         0.00000         1.00000
    37    37  1831.16756        37  1831.16756         0.00000         1.00000
    38    38  3262.70436        38  3262.70436         0.00000         1.00000
    39    39  3622.45676        39  3622.45676         0.00000         1.00000
    40    40  3651.90241        40  3651.90241         0.00000         1.00000
    41    41  3678.04898        41  3678.04898         0.00000         1.00000
    42    42  3779.36487        42  3779.36487         0.00000         1.00000
   
   
  
  
 DIMENSIONLESS SHIFTS 
   IND     STATE1       STATE2
     1             NaN             NaN
     2    -0.86620E-13     0.86620E-13
     3    -0.13058E-12     0.13058E-12
     4     0.21516E-13    -0.21516E-13
     5    -0.63777E-01     0.63777E-01
     6     0.46319E+00    -0.46319E+00
     7    -0.12197E-12     0.12197E-12
     8    -0.15752E-12     0.15752E-12
     9    -0.49730E-01     0.49730E-01
    10     0.89673E+00    -0.89673E+00
    11    -0.10828E-12     0.10828E-12
    12     0.37196E-13    -0.37196E-13
    13     0.77206E+00    -0.77206E+00
    14     0.23736E-13    -0.23736E-13
    15     0.77445E-02    -0.77445E-02
    16     0.46064E-13    -0.46064E-13
    17    -0.25939E-13     0.25939E-13
    18    -0.30421E-13     0.30421E-13
    19     0.13788E+00    -0.13788E+00
    20    -0.94679E-14     0.94679E-14
    21    -0.70577E+00     0.70577E+00
    22     0.34191E+00    -0.34191E+00
    23     0.72815E-01    -0.72815E-01
    24    -0.72278E-02     0.72278E-02
    25     0.57663E+00    -0.57663E+00
    26    -0.48385E+00     0.48385E+00
    27     0.24991E+00    -0.24991E+00
    28     0.24243E+00    -0.24243E+00
    29    -0.37514E+00     0.37514E+00
    30     0.11586E+00    -0.11586E+00
    31     0.48772E+00    -0.48772E+00
    32    -0.52423E+00     0.52423E+00
    33    -0.41712E+00     0.41712E+00
    34    -0.76704E-01     0.76704E-01
    35     0.94049E+00    -0.94049E+00
    36    -0.28249E+00     0.28249E+00
    37    -0.40188E+00     0.40188E+00
    38    -0.10812E-01     0.10812E-01
    39     0.44765E-01    -0.44765E-01
    40     0.11535E-01    -0.11535E-01
    41     0.25698E-01    -0.25698E-01
    42     0.20042E-02    -0.20042E-02
  SUM SQUARED DIMENSIONLESS DISPL STATE1        4.9240
  SUM SQUARED DIMENSIONLESS DISPL STATE2        4.9240
  VALUE STATE1 GROUND VIB WAVEFUN AT GEO2       0.0853
  VALUE STATE2 GROUND VIB WAVEFUN AT GEO1       0.0853
  VALUE STATE1 GROUND VIB WAVEFUN AT (GEO1+GEO2)/2      0.5404
  VALUE STATE2 GROUND VIB WAVEFUN AT (GEO1+GEO2)/2      0.5404

 Printing Duschinski matrix to 'duschinsky.dat'


 Printing Shift vector to 'displacement.dat'


WARNING: An imaginary frequency found on State 1:     -318.835
         It is turned real,                   
         which will cause artefacts.                                                                         
 

WARNING: An imaginary frequency found on State 2:     -318.835
         It is turned real,                   
         which will cause artefacts.                                                                         
 

NOTE: DE read from input:   5.185 (eV)                                                                    
 


 ===========================
  REORGANIZATION ENERGY
 ===========================
     0.012533  (Hartree)
     0.341041  (eV)


 ------------------------------------------------------
 Extrapolation form (generalized) vertical point:
 ------------------------------------------------------
 Extrapolated vertical energy:        5.18470  (eV)
 Extrapolated adiabatic energy:       5.18470  (eV)
 Extrapolated reorg. energy   :       0.00000  (eV)
 ------------------------------------------------------



 ===============================
  ZERO-POINT ENERGY CORRECTIONS 
 ===============================


                    ZERO POINT ENERGY IN CM-1
    E01=     25871.11    E02=     25871.11


                    0-0 ENERGY DIFFERENCE
       4.84366 eV


                    ADIABATIC ENERGY     
       4.84366 eV




 ====================

  TRANSITION DIPOLES 

 ====================
 Model for tr. dipoles: HTi
 Reading electric dipole file: eldip_Guanine6311-es1_fchk
 
 
 Dipole derivatives read in Cartesian coordinates
 

 Dipole derivatives transformed to MWC
     
        0-ORDER TRANSITION ELECTRIC DIPOLE MOMENT components and its module
At Geo State 1            0.21011682   -1.14711334   -0.00000000        1.16619814
At Geo State 2            0.21011682   -1.14711334   -0.00000000        1.16619814
   
          TRANS EL DIP MOMENT DERIVATIVES IN MWC COORD
         ATOM  COORD.        Ddipx/Dq    Ddipy/Dq    Ddipz/Dq
           1      x            -0.00757    -0.00665    -0.00000
           1      y            -0.00122    -0.00255     0.00000
           1      z            -0.00000     0.00000    -0.00280
           2      x             0.00285     0.00181     0.00000
           2      y            -0.00354    -0.00001     0.00000
           2      z             0.00000     0.00000    -0.00043
           3      x             0.00071     0.00078    -0.00000
           3      y             0.00372     0.00253    -0.00000
           3      z            -0.00000    -0.00000     0.00060
           4      x            -0.00849    -0.00218     0.00000
           4      y            -0.00679    -0.00525     0.00000
           4      z             0.00000     0.00000    -0.00441
           5      x             0.01853     0.00853     0.00000
           5      y             0.00667     0.00276     0.00000
           5      z            -0.00000     0.00000    -0.00467
           6      x            -0.01354    -0.00666    -0.00000
           6      y             0.00601     0.00253     0.00000
           6      z             0.00000    -0.00000     0.00084
           7      x             0.00562     0.00345    -0.00000
           7      y            -0.01619    -0.00807     0.00000
           7      z             0.00000    -0.00000     0.00451
           8      x             0.00419     0.00168    -0.00000
           8      y             0.00478     0.00325    -0.00000
           8      z            -0.00000     0.00000    -0.01566
           9      x             0.00191     0.00019     0.00000
           9      y             0.00643     0.00287     0.00000
           9      z             0.00000     0.00000     0.00043
          10      x            -0.01114    -0.00495    -0.00000
          10      y            -0.01500    -0.00970    -0.00000
          10      z            -0.00000    -0.00000     0.00186
          11      x             0.00886     0.00526    -0.00000
          11      y             0.01595     0.01261    -0.00000
          11      z             0.00000    -0.00000     0.01298
          12      x             0.00091     0.00055     0.00000
          12      y            -0.00116    -0.00109    -0.00000
          12      z             0.00000     0.00000    -0.00044
          13      x            -0.00023    -0.00166     0.00000
          13      y            -0.00107    -0.00104    -0.00000
          13      z             0.00000    -0.00000     0.00962
          14      x            -0.00081     0.00037    -0.00000
          14      y             0.00222     0.00157    -0.00000
          14      z             0.00000    -0.00000     0.00728
          15      x             0.00196     0.00029    -0.00000
          15      y             0.00033     0.00111     0.00000
          15      z             0.00000    -0.00000     0.00445
          16      x             0.00162     0.00160     0.00000
          16      y            -0.00021    -0.00114     0.00000
          16      z             0.00000    -0.00000     0.00068
 
 Tr. dipoles at GEO1
Electric:     0.210117   -1.147113   -0.000000
Magnetic:     0.210117   -1.147113   -0.000000
 Tr. dipoles extrapolated at GEO2
Electric:     0.071827   -1.352128   -0.000000
Magnetic:     0.071827   -1.352128   -0.000000

 TR DIPOLE DERIVATIVES IN NORMAL COORDINATES STATE1 
     1      -0.0000000   0.0000000  -0.0056413          -0.0000000   0.0000000  -0.0056413
     2      -0.0000000  -0.0000000   0.0007922          -0.0000000  -0.0000000   0.0007922
     3       0.0000000  -0.0000000  -0.0000273           0.0000000  -0.0000000  -0.0000273
     4       0.0000000  -0.0000000   0.0024315           0.0000000  -0.0000000   0.0024315
     5       0.0029100   0.0015299   0.0000000           0.0029100   0.0015299   0.0000000
     6      -0.0003430  -0.0010033   0.0000000          -0.0003430  -0.0010033   0.0000000
     7       0.0000000  -0.0000000   0.0049032           0.0000000  -0.0000000   0.0049032
     8       0.0000000  -0.0000000   0.0046569           0.0000000  -0.0000000   0.0046569
     9      -0.0022811  -0.0009573   0.0000000          -0.0022811  -0.0009573   0.0000000
    10      -0.0024852  -0.0015343  -0.0000000          -0.0024852  -0.0015343  -0.0000000
    11       0.0000000  -0.0000000   0.0015590           0.0000000  -0.0000000   0.0015590
    12      -0.0000000   0.0000000  -0.0092876          -0.0000000   0.0000000  -0.0092876
    13       0.0003559  -0.0004451   0.0000000           0.0003559  -0.0004451   0.0000000
    14      -0.0000000   0.0000000  -0.0036020          -0.0000000   0.0000000  -0.0036020
    15       0.0002995   0.0004719  -0.0000000           0.0002995   0.0004719  -0.0000000
    16      -0.0000000   0.0000000  -0.0178852          -0.0000000   0.0000000  -0.0178852
    17      -0.0000000   0.0000000  -0.0118743          -0.0000000   0.0000000  -0.0118743
    18       0.0000000  -0.0000000   0.0016782           0.0000000  -0.0000000   0.0016782
    19      -0.0048577  -0.0039987  -0.0000000          -0.0048577  -0.0039987  -0.0000000
    20       0.0000000  -0.0000000   0.0020056           0.0000000  -0.0000000   0.0020056
    21      -0.0020823   0.0000076   0.0000000          -0.0020823   0.0000076   0.0000000
    22      -0.0031339  -0.0014953   0.0000000          -0.0031339  -0.0014953   0.0000000
    23       0.0040480   0.0001350   0.0000000           0.0040480   0.0001350   0.0000000
    24      -0.0148060  -0.0068614  -0.0000000          -0.0148060  -0.0068614  -0.0000000
    25       0.0040592   0.0024810  -0.0000000           0.0040592   0.0024810  -0.0000000
    26      -0.0004395   0.0022569  -0.0000000          -0.0004395   0.0022569  -0.0000000
    27       0.0083317   0.0039642   0.0000000           0.0083317   0.0039642   0.0000000
    28       0.0020768   0.0005467  -0.0000000           0.0020768   0.0005467  -0.0000000
    29       0.0042740   0.0033485  -0.0000000           0.0042740   0.0033485  -0.0000000
    30      -0.0070535  -0.0030493   0.0000000          -0.0070535  -0.0030493   0.0000000
    31       0.0114197   0.0062741  -0.0000000           0.0114197   0.0062741  -0.0000000
    32       0.0030594   0.0032500  -0.0000000           0.0030594   0.0032500  -0.0000000
    33      -0.0020321  -0.0006721  -0.0000000          -0.0020321  -0.0006721  -0.0000000
    34      -0.0088285  -0.0033293   0.0000000          -0.0088285  -0.0033293   0.0000000
    35      -0.0242756  -0.0175912   0.0000000          -0.0242756  -0.0175912   0.0000000
    36       0.0103426   0.0053702  -0.0000000           0.0103426   0.0053702  -0.0000000
    37      -0.0225560  -0.0102821  -0.0000000          -0.0225560  -0.0102821  -0.0000000
    38       0.0000810   0.0007913   0.0000000           0.0000810   0.0007913   0.0000000
    39      -0.0002796  -0.0020212   0.0000000          -0.0002796  -0.0020212   0.0000000
    40       0.0022432  -0.0002144  -0.0000000           0.0022432  -0.0002144  -0.0000000
    41      -0.0034444  -0.0033125  -0.0000000          -0.0034444  -0.0033125  -0.0000000
    42      -0.0005074  -0.0003818   0.0000000          -0.0005074  -0.0003818   0.0000000
   
   

 TR DIPOLE DERIVATIVES IN NORMAL COORDINATES STATE2 
  (these will be the ones used for spectrum calculation)
     1      -0.0000000   0.0000000  -0.0056413          -0.0000000   0.0000000  -0.0056413
     2      -0.0000000  -0.0000000   0.0007922          -0.0000000  -0.0000000   0.0007922
     3       0.0000000  -0.0000000  -0.0000273           0.0000000  -0.0000000  -0.0000273
     4       0.0000000  -0.0000000   0.0024315           0.0000000  -0.0000000   0.0024315
     5       0.0029100   0.0015299   0.0000000           0.0029100   0.0015299   0.0000000
     6      -0.0003430  -0.0010033   0.0000000          -0.0003430  -0.0010033   0.0000000
     7       0.0000000  -0.0000000   0.0049032           0.0000000  -0.0000000   0.0049032
     8       0.0000000  -0.0000000   0.0046569           0.0000000  -0.0000000   0.0046569
     9      -0.0022811  -0.0009573   0.0000000          -0.0022811  -0.0009573   0.0000000
    10      -0.0024852  -0.0015343  -0.0000000          -0.0024852  -0.0015343  -0.0000000
    11       0.0000000  -0.0000000   0.0015590           0.0000000  -0.0000000   0.0015590
    12      -0.0000000   0.0000000  -0.0092876          -0.0000000   0.0000000  -0.0092876
    13       0.0003559  -0.0004451   0.0000000           0.0003559  -0.0004451   0.0000000
    14      -0.0000000   0.0000000  -0.0036020          -0.0000000   0.0000000  -0.0036020
    15       0.0002995   0.0004719  -0.0000000           0.0002995   0.0004719  -0.0000000
    16      -0.0000000   0.0000000  -0.0178852          -0.0000000   0.0000000  -0.0178852
    17      -0.0000000   0.0000000  -0.0118743          -0.0000000   0.0000000  -0.0118743
    18       0.0000000  -0.0000000   0.0016782           0.0000000  -0.0000000   0.0016782
    19      -0.0048577  -0.0039987  -0.0000000          -0.0048577  -0.0039987  -0.0000000
    20       0.0000000  -0.0000000   0.0020056           0.0000000  -0.0000000   0.0020056
    21      -0.0020823   0.0000076   0.0000000          -0.0020823   0.0000076   0.0000000
    22      -0.0031339  -0.0014953   0.0000000          -0.0031339  -0.0014953   0.0000000
    23       0.0040480   0.0001350   0.0000000           0.0040480   0.0001350   0.0000000
    24      -0.0148060  -0.0068614  -0.0000000          -0.0148060  -0.0068614  -0.0000000
    25       0.0040592   0.0024810  -0.0000000           0.0040592   0.0024810  -0.0000000
    26      -0.0004395   0.0022569  -0.0000000          -0.0004395   0.0022569  -0.0000000
    27       0.0083317   0.0039642   0.0000000           0.0083317   0.0039642   0.0000000
    28       0.0020768   0.0005467  -0.0000000           0.0020768   0.0005467  -0.0000000
    29       0.0042740   0.0033485  -0.0000000           0.0042740   0.0033485  -0.0000000
    30      -0.0070535  -0.0030493   0.0000000          -0.0070535  -0.0030493   0.0000000
    31       0.0114197   0.0062741  -0.0000000           0.0114197   0.0062741  -0.0000000
    32       0.0030594   0.0032500  -0.0000000           0.0030594   0.0032500  -0.0000000
    33      -0.0020321  -0.0006721  -0.0000000          -0.0020321  -0.0006721  -0.0000000
    34      -0.0088285  -0.0033293   0.0000000          -0.0088285  -0.0033293   0.0000000
    35      -0.0242756  -0.0175912   0.0000000          -0.0242756  -0.0175912   0.0000000
    36       0.0103426   0.0053702  -0.0000000           0.0103426   0.0053702  -0.0000000
    37      -0.0225560  -0.0102821  -0.0000000          -0.0225560  -0.0102821  -0.0000000
    38       0.0000810   0.0007913   0.0000000           0.0000810   0.0007913   0.0000000
    39      -0.0002796  -0.0020212   0.0000000          -0.0002796  -0.0020212   0.0000000
    40       0.0022432  -0.0002144  -0.0000000           0.0022432  -0.0002144  -0.0000000
    41      -0.0034444  -0.0033125  -0.0000000          -0.0034444  -0.0033125  -0.0000000
    42      -0.0005074  -0.0003818   0.0000000          -0.0005074  -0.0003818   0.0000000
   
   
                    TR DIPOLE DERIVATIVES IN N. MODES STATE2  WEIGHTED BY 1/(SQRT[FREQ])
                        AND CONTRIBUTION TO HT INTENSITY IN DECREASING ORDER
                    DERIVATIVES EL DIPOLE (au)                 DERIVATIVES MAG DIPOLE (au)            HT ROT STREGTH (10**-40 cgs)
                   x        y        z       mod              x        y        z       mod             VALUE     SUM       SUM(ABS)
    1      35  -0.1982  -0.1436   0.0000   0.2448     35  -0.1982  -0.1436   0.0000   0.2448     35  28.253593   0.283E+02   0.283E+02
    2      16  -0.0000   0.0000  -0.2218   0.2218     16  -0.0000   0.0000  -0.2218   0.2218     16  23.200075   0.515E+02   0.515E+02
    3      37  -0.1746  -0.0796  -0.0000   0.1919     37  -0.1746  -0.0796  -0.0000   0.1919     37  17.361042   0.688E+02   0.688E+02
    4      24  -0.1487  -0.0689  -0.0000   0.1639     24  -0.1487  -0.0689  -0.0000   0.1639     24  12.670067   0.815E+02   0.815E+02
    5      17  -0.0000   0.0000  -0.1437   0.1437     17  -0.0000   0.0000  -0.1437   0.1437     17   9.728715   0.912E+02   0.912E+02
    6      12  -0.0000   0.0000  -0.1253   0.1253     12  -0.0000   0.0000  -0.1253   0.1253     12   7.401075   0.986E+02   0.986E+02
    7      31   0.0988   0.0543  -0.0000   0.1127     31   0.0988   0.0543  -0.0000   0.1127     31   5.992074   0.105E+03   0.105E+03
    8       1  -0.0000   0.0000  -0.1047   0.1047      1  -0.0000   0.0000  -0.1047   0.1047      1   5.163962   0.110E+03   0.110E+03
    9      36   0.0835   0.0434  -0.0000   0.0941     36   0.0835   0.0434  -0.0000   0.0941     36   4.172693   0.114E+03   0.114E+03
   10       7   0.0000  -0.0000   0.0857   0.0857      7   0.0000  -0.0000   0.0857   0.0857      7   3.459994   0.117E+03   0.117E+03
   11      27   0.0758   0.0361   0.0000   0.0840     27   0.0758   0.0361   0.0000   0.0840     27   3.324486   0.121E+03   0.121E+03
   12      34  -0.0724  -0.0273   0.0000   0.0774     34  -0.0724  -0.0273   0.0000   0.0774     34   2.824842   0.124E+03   0.124E+03
   13       8   0.0000  -0.0000   0.0761   0.0761      8   0.0000  -0.0000   0.0761   0.0761      8   2.730574   0.126E+03   0.126E+03
   14      19  -0.0553  -0.0455  -0.0000   0.0716     19  -0.0553  -0.0455  -0.0000   0.0716     19   2.415208   0.129E+03   0.129E+03
   15      30  -0.0622  -0.0269   0.0000   0.0678     30  -0.0622  -0.0269   0.0000   0.0678     30   2.167143   0.131E+03   0.131E+03
   16       5   0.0536   0.0282   0.0000   0.0606      5   0.0536   0.0282   0.0000   0.0606      5   1.729235   0.133E+03   0.133E+03
   17       4   0.0000  -0.0000   0.0574   0.0574      4   0.0000  -0.0000   0.0574   0.0574      4   1.553066   0.134E+03   0.134E+03
   18      29   0.0381   0.0299  -0.0000   0.0484     29   0.0381   0.0299  -0.0000   0.0484     29   1.104869   0.135E+03   0.135E+03
   19      25   0.0397   0.0243  -0.0000   0.0466     25   0.0397   0.0243  -0.0000   0.0466     25   1.022094   0.136E+03   0.136E+03
   20      14  -0.0000   0.0000  -0.0460   0.0460     14  -0.0000   0.0000  -0.0460   0.0460     14   0.999142   0.137E+03   0.137E+03
   21      10  -0.0356  -0.0220  -0.0000   0.0418     10  -0.0356  -0.0220  -0.0000   0.0418     10   0.824671   0.138E+03   0.138E+03
   22      23   0.0407   0.0014   0.0000   0.0408     23   0.0407   0.0014   0.0000   0.0408     23   0.783612   0.139E+03   0.139E+03
   23      32   0.0257   0.0274  -0.0000   0.0376     32   0.0257   0.0274  -0.0000   0.0376     32   0.665227   0.140E+03   0.140E+03
   24       9  -0.0340  -0.0143   0.0000   0.0369      9  -0.0340  -0.0143   0.0000   0.0369      9   0.640472   0.140E+03   0.140E+03
   25      22  -0.0322  -0.0153   0.0000   0.0356     22  -0.0322  -0.0153   0.0000   0.0356     22   0.599012   0.141E+03   0.141E+03
   26      41  -0.0188  -0.0181  -0.0000   0.0261     41  -0.0188  -0.0181  -0.0000   0.0261     41   0.321219   0.141E+03   0.141E+03
   27      20   0.0000  -0.0000   0.0227   0.0227     20   0.0000  -0.0000   0.0227   0.0227     20   0.243850   0.141E+03   0.141E+03
   28       2  -0.0000  -0.0000   0.0224   0.0224      2  -0.0000  -0.0000   0.0224   0.0224      2   0.235879   0.142E+03   0.142E+03
   29      21  -0.0222   0.0001   0.0000   0.0222     21  -0.0222   0.0001   0.0000   0.0222     21   0.232799   0.142E+03   0.142E+03
   30      26  -0.0042   0.0216  -0.0000   0.0221     26  -0.0042   0.0216  -0.0000   0.0221     26   0.229303   0.142E+03   0.142E+03
   31      11   0.0000  -0.0000   0.0220   0.0220     11   0.0000  -0.0000   0.0220   0.0220     11   0.228461   0.142E+03   0.142E+03
   32      18   0.0000  -0.0000   0.0197   0.0197     18   0.0000  -0.0000   0.0197   0.0197     18   0.182646   0.142E+03   0.142E+03
   33      28   0.0187   0.0049  -0.0000   0.0194     28   0.0187   0.0049  -0.0000   0.0194     28   0.176580   0.143E+03   0.143E+03
   34       6  -0.0062  -0.0180   0.0000   0.0190      6  -0.0062  -0.0180   0.0000   0.0190      6   0.170376   0.143E+03   0.143E+03
   35      33  -0.0169  -0.0056  -0.0000   0.0178     33  -0.0169  -0.0056  -0.0000   0.0178     33   0.149442   0.143E+03   0.143E+03
   36      40   0.0123  -0.0012  -0.0000   0.0124     40   0.0123  -0.0012  -0.0000   0.0124     40   0.071937   0.143E+03   0.143E+03
   37      39  -0.0015  -0.0111   0.0000   0.0112     39  -0.0015  -0.0111   0.0000   0.0112     39   0.059458   0.143E+03   0.143E+03
   38      13   0.0047  -0.0058   0.0000   0.0075     13   0.0047  -0.0058   0.0000   0.0075     13   0.026376   0.143E+03   0.143E+03
   39      15   0.0038   0.0060  -0.0000   0.0071     15   0.0038   0.0060  -0.0000   0.0071     15   0.023952   0.143E+03   0.143E+03
   40      38   0.0005   0.0046   0.0000   0.0046     38   0.0005   0.0046   0.0000   0.0046     38   0.010032   0.143E+03   0.143E+03
   41      42  -0.0027  -0.0021   0.0000   0.0034     42  -0.0027  -0.0021   0.0000   0.0034     42   0.005519   0.143E+03   0.143E+03
   42       3   0.0000  -0.0000  -0.0007   0.0007      3   0.0000  -0.0000  -0.0007   0.0007      3   0.000243   0.143E+03   0.143E+03
   
   
     
 TRANSITION DIPOLE MOMENTS AT INITIAL-STATE
  GEOMETRY OBTAINED BY LINEAR INTERPOLATION IN NORMAL COORDINATES
     
 ORIGINAL TRANSITION ELECTRIC DIPOLE at GEO1 
At Geo State 1            0.21011682   -1.14711334   -0.00000000        1.16619814
 INTERP. TRANSITION ELECTRIC DIPOLE at GEO1 
At Geo State 1            0.34840658   -0.94209888    0.00000000        1.00445878
  error component x  0.138289766821052     
  error component y  0.205014464883693     
  error component z  5.111816358379298E-014
 angle between the two vectors in degrees   9.91557245068971     
  
 ORIGINAL TRANSITION MAGNETIC DIPOLE at GEO1 
At Geo State 1            0.21011682   -1.14711334   -0.00000000        1.16619814
 INTERP. TRANSITION MAGNETIC DIPOLE at GEO1 
At Geo State 1            0.34840658   -0.94209888    0.00000000        1.00445878
  error component x  0.138289766821052     
  error component y  0.205014464883693     
  error component z  5.111816358379298E-014
 angle between the two vectors in degrees   9.91557245068971     
     
     
 angle between the interp. elec. and magn. dip   0.000000000000000E+000
     
 TRANSITION DIPOLE MOMENTS AT FINAL-STATE
  GEOMETRY OBTAINED BY LINEAR INTERPOLATION IN NORMAL COORDINATES
 ORIGINAL TRANSITION ELECTRIC DIPOLE at GEO2 
At Geo State 2            0.21011682   -1.14711334   -0.00000000        1.16619814
 INTERP. TRANSITION ELECTRIC DIPOLE at GEO2 
At Geo State 2            0.07182705   -1.35212780   -0.00000000        1.35403424
  error component x -0.138289766821051     
  error component y -0.205014464883693     
  error component z -5.111816358379297E-014
 angle between the two vectors in degrees   7.33902741965944     
  
 ORIGINAL TRANSITION MAGNETIC DIPOLE at GEO2 
At Geo State 2            0.21011682   -1.14711334   -0.00000000        1.16619814
 INTERP. TRANSITION MAGNETIC DIPOLE at GEO2 
At Geo State 2            0.07182705   -1.35212780   -0.00000000        1.35403424
  error component x -0.138289766821051     
  error component y -0.205014464883693     
  error component z -5.111816358379297E-014
 angle between the two vectors in degrees   7.33902741965944     
     
     
 angle between the interp. elec. and magn. dip   0.000000000000000E+000
 IF RUNNING ABS/EMI THEN IN SUBSEQUENT EMI/ABS CALCULATION
 USE THE INTERPOLATED VALUES AT GEO2/GEO1LIKE INITIAL-STATE DATA
 TO OBTAIN COHERENT HERZBERG-TELLER RESULTS
 WITH HTi OPTION
  FINAL STATE DIP0 AND DIPM0 ACTUALLY USED IN CALCULATIONS
  dip0(1)=  0.0718271    dipm0(1)=  0.0718271
  dip0(2)= -1.3521278    dipm0(2)= -1.3521278
  dip0(3)= -0.0000000    dipm0(3)= -0.0000000
 FC part of total intensity   1.36001809159217     
 TOTAL INTENSITY 0K   1.36320914009822     
    
     1      -0.0000000   0.0000000  -0.0056413          -0.0000000   0.0000000  -0.0056413
     2      -0.0000000  -0.0000000   0.0007922          -0.0000000  -0.0000000   0.0007922
     3       0.0000000  -0.0000000  -0.0000273           0.0000000  -0.0000000  -0.0000273
     4       0.0000000  -0.0000000   0.0024315           0.0000000  -0.0000000   0.0024315
     5       0.0029100   0.0015299   0.0000000           0.0029100   0.0015299   0.0000000
     6      -0.0003430  -0.0010033   0.0000000          -0.0003430  -0.0010033   0.0000000
     7       0.0000000  -0.0000000   0.0049032           0.0000000  -0.0000000   0.0049032
     8       0.0000000  -0.0000000   0.0046569           0.0000000  -0.0000000   0.0046569
     9      -0.0022811  -0.0009573   0.0000000          -0.0022811  -0.0009573   0.0000000
    10      -0.0024852  -0.0015343  -0.0000000          -0.0024852  -0.0015343  -0.0000000
    11       0.0000000  -0.0000000   0.0015590           0.0000000  -0.0000000   0.0015590
    12      -0.0000000   0.0000000  -0.0092876          -0.0000000   0.0000000  -0.0092876
    13       0.0003559  -0.0004451   0.0000000           0.0003559  -0.0004451   0.0000000
    14      -0.0000000   0.0000000  -0.0036020          -0.0000000   0.0000000  -0.0036020
    15       0.0002995   0.0004719  -0.0000000           0.0002995   0.0004719  -0.0000000
    16      -0.0000000   0.0000000  -0.0178852          -0.0000000   0.0000000  -0.0178852
    17      -0.0000000   0.0000000  -0.0118743          -0.0000000   0.0000000  -0.0118743
    18       0.0000000  -0.0000000   0.0016782           0.0000000  -0.0000000   0.0016782
    19      -0.0048577  -0.0039987  -0.0000000          -0.0048577  -0.0039987  -0.0000000
    20       0.0000000  -0.0000000   0.0020056           0.0000000  -0.0000000   0.0020056
    21      -0.0020823   0.0000076   0.0000000          -0.0020823   0.0000076   0.0000000
    22      -0.0031339  -0.0014953   0.0000000          -0.0031339  -0.0014953   0.0000000
    23       0.0040480   0.0001350   0.0000000           0.0040480   0.0001350   0.0000000
    24      -0.0148060  -0.0068614  -0.0000000          -0.0148060  -0.0068614  -0.0000000
    25       0.0040592   0.0024810  -0.0000000           0.0040592   0.0024810  -0.0000000
    26      -0.0004395   0.0022569  -0.0000000          -0.0004395   0.0022569  -0.0000000
    27       0.0083317   0.0039642   0.0000000           0.0083317   0.0039642   0.0000000
    28       0.0020768   0.0005467  -0.0000000           0.0020768   0.0005467  -0.0000000
    29       0.0042740   0.0033485  -0.0000000           0.0042740   0.0033485  -0.0000000
    30      -0.0070535  -0.0030493   0.0000000          -0.0070535  -0.0030493   0.0000000
    31       0.0114197   0.0062741  -0.0000000           0.0114197   0.0062741  -0.0000000
    32       0.0030594   0.0032500  -0.0000000           0.0030594   0.0032500  -0.0000000
    33      -0.0020321  -0.0006721  -0.0000000          -0.0020321  -0.0006721  -0.0000000
    34      -0.0088285  -0.0033293   0.0000000          -0.0088285  -0.0033293   0.0000000
    35      -0.0242756  -0.0175912   0.0000000          -0.0242756  -0.0175912   0.0000000
    36       0.0103426   0.0053702  -0.0000000           0.0103426   0.0053702  -0.0000000
    37      -0.0225560  -0.0102821  -0.0000000          -0.0225560  -0.0102821  -0.0000000
    38       0.0000810   0.0007913   0.0000000           0.0000810   0.0007913   0.0000000
    39      -0.0002796  -0.0020212   0.0000000          -0.0002796  -0.0020212   0.0000000
    40       0.0022432  -0.0002144  -0.0000000           0.0022432  -0.0002144  -0.0000000
    41      -0.0034444  -0.0033125  -0.0000000          -0.0034444  -0.0033125  -0.0000000
    42      -0.0005074  -0.0003818   0.0000000          -0.0005074  -0.0003818   0.0000000


 FC(GEO1 from input) contribution to total Intensity   1.36001809159217     
   
   
 TOTAL INTENSITY 0K final estimate   1.66367060754644     
      
 *******************************************
   
   
                    TR DIPOLE DERIVATIVES IN N. MODES STATE1  WEIGHTED BY 1/(SQRT[FREQ])
                        AND CONTRIBUTION TO HT INTENSITY IN DECREASING ORDER
                    DERIVATIVES EL DIPOLE (au)                 DERIVATIVES MAG DIPOLE (au)            HT ROT STREGTH (10**-40 cgs)
                   x        y        z       mod              x        y        z       mod             VALUE     SUM       SUM(ABS)
    1      35  -0.1982  -0.1436   0.0000   0.2448     35  -0.1982  -0.1436   0.0000   0.2448     35  28.253593   0.283E+02   0.283E+02
    2      16  -0.0000   0.0000  -0.2218   0.2218     16  -0.0000   0.0000  -0.2218   0.2218     16  23.200075   0.515E+02   0.515E+02
    3      37  -0.1746  -0.0796  -0.0000   0.1919     37  -0.1746  -0.0796  -0.0000   0.1919     37  17.361042   0.688E+02   0.688E+02
    4      24  -0.1487  -0.0689  -0.0000   0.1639     24  -0.1487  -0.0689  -0.0000   0.1639     24  12.670067   0.815E+02   0.815E+02
    5      17  -0.0000   0.0000  -0.1437   0.1437     17  -0.0000   0.0000  -0.1437   0.1437     17   9.728715   0.912E+02   0.912E+02
    6      12  -0.0000   0.0000  -0.1253   0.1253     12  -0.0000   0.0000  -0.1253   0.1253     12   7.401075   0.986E+02   0.986E+02
    7      31   0.0988   0.0543  -0.0000   0.1127     31   0.0988   0.0543  -0.0000   0.1127     31   5.992074   0.105E+03   0.105E+03
    8       1  -0.0000   0.0000  -0.1047   0.1047      1  -0.0000   0.0000  -0.1047   0.1047      1   5.163962   0.110E+03   0.110E+03
    9      36   0.0835   0.0434  -0.0000   0.0941     36   0.0835   0.0434  -0.0000   0.0941     36   4.172693   0.114E+03   0.114E+03
   10       7   0.0000  -0.0000   0.0857   0.0857      7   0.0000  -0.0000   0.0857   0.0857      7   3.459994   0.117E+03   0.117E+03
   11      27   0.0758   0.0361   0.0000   0.0840     27   0.0758   0.0361   0.0000   0.0840     27   3.324486   0.121E+03   0.121E+03
   12      34  -0.0724  -0.0273   0.0000   0.0774     34  -0.0724  -0.0273   0.0000   0.0774     34   2.824842   0.124E+03   0.124E+03
   13       8   0.0000  -0.0000   0.0761   0.0761      8   0.0000  -0.0000   0.0761   0.0761      8   2.730574   0.126E+03   0.126E+03
   14      19  -0.0553  -0.0455  -0.0000   0.0716     19  -0.0553  -0.0455  -0.0000   0.0716     19   2.415208   0.129E+03   0.129E+03
   15      30  -0.0622  -0.0269   0.0000   0.0678     30  -0.0622  -0.0269   0.0000   0.0678     30   2.167143   0.131E+03   0.131E+03
   16       5   0.0536   0.0282   0.0000   0.0606      5   0.0536   0.0282   0.0000   0.0606      5   1.729235   0.133E+03   0.133E+03
   17       4   0.0000  -0.0000   0.0574   0.0574      4   0.0000  -0.0000   0.0574   0.0574      4   1.553066   0.134E+03   0.134E+03
   18      29   0.0381   0.0299  -0.0000   0.0484     29   0.0381   0.0299  -0.0000   0.0484     29   1.104869   0.135E+03   0.135E+03
   19      25   0.0397   0.0243  -0.0000   0.0466     25   0.0397   0.0243  -0.0000   0.0466     25   1.022094   0.136E+03   0.136E+03
   20      14  -0.0000   0.0000  -0.0460   0.0460     14  -0.0000   0.0000  -0.0460   0.0460     14   0.999142   0.137E+03   0.137E+03
   21      10  -0.0356  -0.0220  -0.0000   0.0418     10  -0.0356  -0.0220  -0.0000   0.0418     10   0.824671   0.138E+03   0.138E+03
   22      23   0.0407   0.0014   0.0000   0.0408     23   0.0407   0.0014   0.0000   0.0408     23   0.783612   0.139E+03   0.139E+03
   23      32   0.0257   0.0274  -0.0000   0.0376     32   0.0257   0.0274  -0.0000   0.0376     32   0.665227   0.140E+03   0.140E+03
   24       9  -0.0340  -0.0143   0.0000   0.0369      9  -0.0340  -0.0143   0.0000   0.0369      9   0.640472   0.140E+03   0.140E+03
   25      22  -0.0322  -0.0153   0.0000   0.0356     22  -0.0322  -0.0153   0.0000   0.0356     22   0.599012   0.141E+03   0.141E+03
   26      41  -0.0188  -0.0181  -0.0000   0.0261     41  -0.0188  -0.0181  -0.0000   0.0261     41   0.321219   0.141E+03   0.141E+03
   27      20   0.0000  -0.0000   0.0227   0.0227     20   0.0000  -0.0000   0.0227   0.0227     20   0.243850   0.141E+03   0.141E+03
   28       2  -0.0000  -0.0000   0.0224   0.0224      2  -0.0000  -0.0000   0.0224   0.0224      2   0.235879   0.142E+03   0.142E+03
   29      21  -0.0222   0.0001   0.0000   0.0222     21  -0.0222   0.0001   0.0000   0.0222     21   0.232799   0.142E+03   0.142E+03
   30      26  -0.0042   0.0216  -0.0000   0.0221     26  -0.0042   0.0216  -0.0000   0.0221     26   0.229303   0.142E+03   0.142E+03
   31      11   0.0000  -0.0000   0.0220   0.0220     11   0.0000  -0.0000   0.0220   0.0220     11   0.228461   0.142E+03   0.142E+03
   32      18   0.0000  -0.0000   0.0197   0.0197     18   0.0000  -0.0000   0.0197   0.0197     18   0.182646   0.142E+03   0.142E+03
   33      28   0.0187   0.0049  -0.0000   0.0194     28   0.0187   0.0049  -0.0000   0.0194     28   0.176580   0.143E+03   0.143E+03
   34       6  -0.0062  -0.0180   0.0000   0.0190      6  -0.0062  -0.0180   0.0000   0.0190      6   0.170376   0.143E+03   0.143E+03
   35      33  -0.0169  -0.0056  -0.0000   0.0178     33  -0.0169  -0.0056  -0.0000   0.0178     33   0.149442   0.143E+03   0.143E+03
   36      40   0.0123  -0.0012  -0.0000   0.0124     40   0.0123  -0.0012  -0.0000   0.0124     40   0.071937   0.143E+03   0.143E+03
   37      39  -0.0015  -0.0111   0.0000   0.0112     39  -0.0015  -0.0111   0.0000   0.0112     39   0.059458   0.143E+03   0.143E+03
   38      13   0.0047  -0.0058   0.0000   0.0075     13   0.0047  -0.0058   0.0000   0.0075     13   0.026376   0.143E+03   0.143E+03
   39      15   0.0038   0.0060  -0.0000   0.0071     15   0.0038   0.0060  -0.0000   0.0071     15   0.023952   0.143E+03   0.143E+03
   40      38   0.0005   0.0046   0.0000   0.0046     38   0.0005   0.0046   0.0000   0.0046     38   0.010032   0.143E+03   0.143E+03
   41      42  -0.0027  -0.0021   0.0000   0.0034     42  -0.0027  -0.0021   0.0000   0.0034     42   0.005519   0.143E+03   0.143E+03
   42       3   0.0000  -0.0000  -0.0007   0.0007      3   0.0000  -0.0000  -0.0007   0.0007      3   0.000243   0.143E+03   0.143E+03
   
   
 *******************************************
 GENERALIZED OSC. STRENGTH INCLUDING HT EFFECT   0.000000000000000E+000
 ***********************************************
 ANALYTICAL MOMENTS OF THE SPECTRUM
 ZERO-TH MOMENT
 FC zeroth moment   1.36001809159217     
 FCHT zeroth moment T=0K   1.66367060754644     
 FCHT zeroth moment input T   1.66367060754644     
 
 FIRST MOMENT
 evert  0.000000000000000E+000  0.000000000000000E+000
 aaafc   1.36001809159217     
  FC component (eV)    -1.29931483387632     
  FC-HT component (eV)   -3.210934701274051E+024
  HT component (eV)   -7.565581277064086E+077
  FIRST MOMENT (eV)   -7.565581277064086E+077
    
  FC VARIANCE (eV**2)    9.025665126800898E+055
  FC Gradient contr.    (eV**2)    9.025665126800898E+055
  FC Freq. shift contr. (eV**2)    2.957987750687041E-004
  FC Duschinsky  contr. (eV**2)     6.79210156258200     
  FWHM (eV)  2.237161475677652E+028
  FWHM (cm-1)  1.804392637956627E+032
 ***********************************************
  
  


 ================= 
  TRANSITION INFO  
 ================= 
            DATA FOR VERTICAL TRANSITION 
  electric transition dipoles (au) at initial GEO 1
            0.21011682   -1.14711334   -0.00000000
  electric transition dipoles (au) at initial GEO 2
            0.21011682   -1.14711334   -0.00000000
  Square tr dipoles: geo1  1.36001809  geo2   1.36001809  Diff (d1-d2)/d1    0.0000 %
   
 ------------------
  State2 -> State1
 ------------------
 Reorganization Energy (eV) on State1        0.341042
 Vertical emission energy (eV)               4.502619
 Fluorescence lifetime from minimum (ns)  7.577116E+00
 ********************************************** 
   
 ------------------
  State1 -> State2
 ------------------
 Reorganization Energy on State2 (eV)        0.341042
 Vertical absorption energy (eV)             5.184703
 Absorption oscillator strength           1.727533E-01
 ********************************************** 
   

NOTE: Spectra resolution set to:  0.00400                                                                 
 

NOTE: To ensure exact match of TI and TD resuls, final spectral range reset to:    4.0000-                
       9.0000(eV)                                                                                         
 

 ----------------------------------------
 Refined spectral range for simulations: 
  nene       =      1251
  From E(eV) =    4.0000
  To   E(eV) =    9.0000
 
 Related time-domain parameters
 (with energy shift & extended range):
  ntime =          652
  dt    =       0.7929
  tfin  =     516.5620
 Shift info (for external FT)
  dE_ext=  0.104000    
  Eshift=   3.89600    
 ----------------------------------------


NOTE: Changing Ead to optimize TD method before entering the spectrum calculation.Ead(original)=          
        4.844 (eV); Ead(shifted )=   0.948 (eV)                                                           
 


 ____________________________________________
  ============================================
  PROGRAM: td_onephoton
   Compute vibronic spectra with a harmonic 
   TD formulation                           
                                            
  References:                               
   Comput Theoret Chem, 1040--1041, 186-194 (2014)
 ____________________________________________
  ============================================
 
 SUMMARY OF CALCULATION OPTIONS
 -------------------------------
 Adiabatic Energy (eV)  :   0.9477

 Tipe of transition     : ABS-ECDNO

 Dipole aproximation    : HT-HTi
 El. dipole at ref geom :    0.718E-01   -1.35      -0.541E-13

 Numerical evaluation of xi(t)
         Total time (fs):   516.562
         Nr data points : 652
         Time step (fs) :  0.793    

 Broad. function        : GAU  
 Broad. exponent        :    7.794E-07
 Broad. order           : 2
 -------------------------------

 Computing correlation functions over 652 points

 Calling FFT with 1304 points


 Entering in fft_calc subroutine (FFTW)
 Ndata: 1304
 tini and tfin  -516.562     516.562

 df  9.671957840330411E-004
 dt  0.792881005380783     
 =========== tdspectra finished ===========  
 Timing...
  CPU (s) for tdspectra :       0.215
 ==========================================
                                           



===============================

 SUMMARY OF NOTES AND WARNINGS

===============================
 ---------------------------------
 6 notes raised along the run
 Look for NOTE in the output
 ---------------------------------

 ---------------------------------
 3 warnings raised along the run
 Look for WARNING in the output
 ---------------------------------

 
 ****************** FCclasses finished *******************
 Timing...   
  CPU (s)       0.239
 *********************************************************
 
 FCclasses finished with warnings
