 
                                                    \ /               
                                              ..-'''-*-               
                                              \.-'''\ \               
      _____ _____      _                             | |              
     |  ___/  __ \    | |                         __/ /               
     | |_  | /  \/ ___| | __ _ ___ ___  ___  ___ |_  '.               
     |  _| | |    / __| |/ _` / __/ __|/ _ \/ __|   `.  \             
     | |   | \__/\ (__| | (_| \__ \__ \  __/\__ \     \ '.            
     \_|    \____/\___|_|\__,_|___/___/\___||___/      , |            
                                                       | |            
                                                      / ,'            
                                              -....--'  /             
                                              `.. __..-'              
                                                                      
 ********************************************************* 
   FCCLASSES3:                                             
   A code for vibronic simulations                         
                                                           
                                                           
 ********************************************************* 


 GIT VERSION INFO
  Commit id  : v3-1.0-2-g78ec1d1-dirty
  Commit date: 2022-07-22 10:24:13 +0200

 CURRENT RUN INFO
  Date&Time  : 2022-11-24, 17:54:03
  Input file : STDIN
  Input type : NEW



 INPUT OPTIONS:
-------------------------------
$$$
;GENERAL OPTIONS:
; NAT        = (read from structure files)
; NVIB       = (determined vibrational analysis)
PROPERTY     =   OPA   
MODEL        =   VG   
DIPOLE       =   FC   
DIPDER_COORD =   CARTESIAN  
TEMP         =     0.00
DE           =   5.38710
BROADFUN     =   GAU  
HWHM         =   0.0400
RESOL        =   0.0040  ; (default: HWHM/10)
METHOD       =   TD   
ROT          =   1
SPCMIN       =     4.000
SPCMAX       =     9.000
;VIBRATIONAL ANALYSIS
NORMALMODES  =   COMPUTE  
RM_COORD     =   NONE    
COORDS       =   CARTESIAN  
FORCE_REAL   =   YES  
;INPUT DATA FILES
STATE1_FILE  =   Adenine6311-freq.fcc
STATE2_FILE  =   Adenine6311-es2.fcc
MASS_FILE    =   
ELDIP_FILE   =   eldip_Adenine6311-es2_fchk
MAGDIP_FILE  =   magdip_Adenine6311-es2_fchk
NAC_FILE     =   
NRCOUP_FILE  =   eldip_Adenine6311-es2_fchk
HESS1_FILE   =   Adenine6311-freq.fcc
HESS2_FILE   =   Adenine6311-freq.fcc
GRAD1_FILE   =   Adenine6311-freq.fcc
GRAD2_COORD  =   CARTESIAN
GRAD2_FILE   =   Adenine6311-es2.fcc
;VERBOSE LEVEL
VERBOSE      =   1
  
-------------------------------



 ==> State 1 <==

 Geometry file: Adenine6311-freq.fcc


 Gradient file: Adenine6311-freq.fcc

NOTE: The calculation for this State will assume stationary point since the gradient is                   
      small (maximum atomic gradient:   0.000255 a.u.)                                                    
 
 Hessian file: Adenine6311-freq.fcc



 ---------------------------------------
  Check effect of symmetry operations
  on Hessian elements (or gs^t\beta)
 ---------------------------------------

 Using input geometry instead of rotating to principal axis of intertia to detect symmetry

 
 Sigma(xy) symmetry element found
 
 Symmetry operation  : 1
 Max abs difference  :   0.000000
    original value   :   0.000000
    transformed value:   0.000000
    Rel difference(%):   0.000000

 ---------------------------------------



 =========================
  ANALYSIS OF DOFs
 =========================

 => STATE 1 <=
 Geometry (Angstroms)
 15    # Nr. of atoms
   Atom       X         Y         Z      Mass
C          0.6646   -2.0218    0.0000   12.0000
N          1.6590   -1.1278    0.0000   14.0031
C          1.3539    0.1713    0.0000   12.0000
C          0.0000    0.5433    0.0000   12.0000
C         -0.9187   -0.4955    0.0000   12.0000
N         -0.6416   -1.7989    0.0000   14.0031
H          0.9735   -3.0620    0.0000    1.0078
N          2.3483    1.0808    0.0000   14.0031
H          3.3017    0.7614    0.0000    1.0078
H          2.1374    2.0637    0.0000    1.0078
N         -0.6332    1.7704    0.0000   14.0031
N         -2.1427    0.1235    0.0000   14.0031
C         -1.8993    1.4766    0.0000   12.0000
H         -3.0384   -0.3378    0.0000    1.0078
H         -2.7054    2.1951    0.0000    1.0078
 

 ------------------------------------------------
   INERTIA TENSOR (to be multiplied by 10**5)
 ------------------------------------------------

             1           2           3
  
    1     4.10006     0.66383     0.00000
    2     0.66383     5.56644     0.00000
    3     0.00000     0.00000     9.66649
 ------------------------------------------------


 ------------------------------------------------
   ROTATIONAL CONSTANTS (AND ROTATION MATRIX)
 ------------------------------------------------

 ROOT NO.    1           2           3

    ************************************
  
    1    -0.93309     0.35965     0.00000
    2     0.35965     0.93309     0.00000
    3     0.00000     0.00000     1.00000
 ------------------------------------------------

  Rotational constants (GHz)
     2.39648     1.58228     0.95303
  Rotational temperatures (K)
     0.11501     0.07594     0.04574


 -------------------
  DOF   Dimension
 -------------------
  Vib    39
  Rot    3
  Tra    3
 -------------------


 Translating State1 to its Center of Mass
 Initial COM:      -0.0049     -0.0119      0.0000


 ================================
  VIBRATIONAL ANALYSIS ON STATE1
 ================================

 ----------------------------------
   Redundant Frequencies (cm-1)
 ----------------------------------
     1    -0.00005
     2    -0.00003
     3     0.00001
     4     0.00002
     5     0.00003
     6     0.00003
 ----------------------------------


 ------------------------
   FREQUENCIES (cm-1)
 ------------------------
     1   156.73708
     2   176.63356
     3   224.63112
     4   278.84954
     5   304.86751
     6   526.71542
     7   532.63472
     8   538.55256
     9   546.30160
    10   583.83469
    11   628.17919
    12   677.83799
    13   703.62628
    14   736.89555
    15   831.95955
    16   884.51010
    17   914.25594
    18   959.86692
    19  1002.48587
    20  1024.52828
    21  1095.39971
    22  1164.08009
    23  1264.67938
    24  1282.98710
    25  1345.42047
    26  1380.85041
    27  1389.21536
    28  1437.02782
    29  1466.02683
    30  1532.05622
    31  1556.38494
    32  1630.87862
    33  1678.21669
    34  1688.23558
    35  3190.53613
    36  3258.32308
    37  3633.27528
    38  3678.90440
    39  3764.97376
 ------------------------

 =====================
  THERMOCHEMISTRY     
 =====================
  Temperature (K):    0.00
  Pressure (atm) :    1.00
 
  Rotational constants (GHz)
     2.39648     1.58228     0.95303
  Rotational temperatures (K)
     0.11501     0.07594     0.04574
 
  Partition Functions
  qt =      0.000    
  qr =      0.000    
  qv =      0.000    
 
  Contributions to entropy
  St (cm-1/K) = -Infinity
  Sr (cm-1/K) = -Infinity
  Sv (cm-1/K) =       NaN
 
  Thermal corrections (AU)
  Zero Point Energy =   0.113160    
  Internal Energy   =   0.113160    
  Enthalpy          =   0.113160    
  Gibbs Free Energy =            NaN
 
  Thermal corrections (AU) - vibrational only
  Number of vibrations:      39
  V-internal Energy   =   0.113160    
  V-enthalpy          =   0.113160    
  V-gibbs Free Energy =            NaN


 ==> State 2 <==

 Geometry file: Adenine6311-es2.fcc


 Gradient file: Adenine6311-es2.fcc

NOTE: The calculation for this State will assume non-stationary point since the gradient                  
      is not negligible (maximum atomic gradient:   0.069714 a.u.)                                        
 
 Hessian file: Adenine6311-freq.fcc


 Combination abs/ECDNO
 A standard one-photon absorption calculation  will be performed


 =========================
  ANALYSIS OF DOFs
 =========================

 => STATE 2 <=
 Geometry (Angstroms)
 15    # Nr. of atoms
   Atom       X         Y         Z      Mass
C          0.6646   -2.0218    0.0000   12.0000
N          1.6590   -1.1278    0.0000   14.0031
C          1.3539    0.1713    0.0000   12.0000
C          0.0000    0.5433    0.0000   12.0000
C         -0.9187   -0.4955    0.0000   12.0000
N         -0.6416   -1.7989    0.0000   14.0031
H          0.9735   -3.0620    0.0000    1.0078
N          2.3483    1.0808    0.0000   14.0031
H          3.3017    0.7614    0.0000    1.0078
H          2.1374    2.0637    0.0000    1.0078
N         -0.6332    1.7704    0.0000   14.0031
N         -2.1427    0.1235    0.0000   14.0031
C         -1.8993    1.4766    0.0000   12.0000
H         -3.0384   -0.3378    0.0000    1.0078
H         -2.7054    2.1951    0.0000    1.0078
 

 ------------------------------------------------
   INERTIA TENSOR (to be multiplied by 10**5)
 ------------------------------------------------

             1           2           3
  
    1     4.10006     0.66383     0.00000
    2     0.66383     5.56644     0.00000
    3     0.00000     0.00000     9.66649
 ------------------------------------------------


 ------------------------------------------------
   ROTATIONAL CONSTANTS (AND ROTATION MATRIX)
 ------------------------------------------------

 ROOT NO.    1           2           3

    ************************************
  
    1    -0.93309     0.35965     0.00000
    2     0.35965     0.93309     0.00000
    3     0.00000     0.00000     1.00000
 ------------------------------------------------

  Rotational constants (GHz)
     2.39648     1.58228     0.95303
  Rotational temperatures (K)
     0.11501     0.07594     0.04574


 -------------------
  DOF   Dimension
 -------------------
  Vib    39
  Rot    3
  Tra    3
 -------------------


 Translating State2 to its Center of Mass
 Initial COM:      -0.0049     -0.0119      0.0000


 ================================
  VIBRATIONAL ANALYSIS ON STATE2
 ================================

Normal modes read from State1 for VG


 ------------------------
   FREQUENCIES (cm-1)
 ------------------------
     1   156.73708
     2   176.63356
     3   224.63112
     4   278.84954
     5   304.86751
     6   526.71542
     7   532.63472
     8   538.55256
     9   546.30160
    10   583.83469
    11   628.17919
    12   677.83799
    13   703.62628
    14   736.89555
    15   831.95955
    16   884.51010
    17   914.25594
    18   959.86692
    19  1002.48587
    20  1024.52828
    21  1095.39971
    22  1164.08009
    23  1264.67938
    24  1282.98710
    25  1345.42047
    26  1380.85041
    27  1389.21536
    28  1437.02782
    29  1466.02683
    30  1532.05622
    31  1556.38494
    32  1630.87862
    33  1678.21669
    34  1688.23558
    35  3190.53613
    36  3258.32308
    37  3633.27528
    38  3678.90440
    39  3764.97376
 ------------------------


 -------------------------------------
   State2 Gradient (Q1-space) x1e5
 -------------------------------------
     1    -0.00000
     2     0.00000
     3    -0.00000
     4    -1.00662
     5    -0.00000
     6    -2.86047
     7    -0.00000
     8    -2.66736
     9    -0.00000
    10     0.00000
    11     8.94539
    12    -0.00000
    13     0.00000
    14     2.51163
    15    -0.00000
    16     0.00000
    17    -4.24419
    18     5.80718
    19    -0.00000
    20     3.53986
    21    -7.78741
    22    -3.84124
    23    21.38854
    24   -18.21112
    25   -32.60051
    26    -1.53186
    27   -41.95724
    28    -1.81890
    29    -2.31718
    30    12.23497
    31    66.16204
    32    11.03689
    33    32.60421
    34   -27.15950
    35    -7.73654
    36   -10.85237
    37   -10.43409
    38     2.25069
    39    -0.04392
 -------------------------------------




                 ASSIGNMENTS AND ANALYSIS OF 1 WITH RESPECT TO 2
 STATE 1                              MODES STATE 2
IND DEF    FREQUENCY     SHIFT    I21 C21  I22 C22   I23 C23     FR(I21)  I90 I95 I99
   1  P      156.74     0.00000    1 1.00    2 0.00    3 0.00       0.00   1   1   1
   2  P      176.63    -0.00000    2 1.00    1 0.00    3 0.00       0.00   1   1   1
   3  P      224.63     0.00000    3 1.00    2 0.00    1 0.00       0.00   1   1   1
   4  P      278.85     6.23584    4 1.00    2 0.00    3 0.00       0.00   1   1   1
   5  P      304.87     0.00000    5 1.00    2 0.00    3 0.00       0.00   1   1   1
   6  P      526.72     4.96654    6 1.00    2 0.00    3 0.00       0.00   1   1   1
   7  P      532.63     0.00000    7 1.00    2 0.00    3 0.00       0.00   1   1   1
   8  P      538.55     4.42991    8 1.00    2 0.00    3 0.00       0.00   1   1   1
   9  P      546.30     0.00000    9 1.00    2 0.00    3 0.00       0.00   1   1   1
  10  P      583.83    -0.00000   10 1.00    2 0.00    3 0.00       0.00   1   1   1
  11  P      628.18   -10.91945   11 1.00    2 0.00    3 0.00       0.00   1   1   1
  12  P      677.84     0.00000   12 1.00    2 0.00    3 0.00       0.00   1   1   1
  13  P      703.63    -0.00000   13 1.00    2 0.00    3 0.00       0.00   1   1   1
  14  P      736.90    -2.22799   14 1.00    2 0.00    3 0.00       0.00   1   1   1
  15  P      831.96     0.00000   15 1.00    2 0.00    3 0.00       0.00   1   1   1
  16  P      884.51    -0.00000   16 1.00    2 0.00    3 0.00       0.00   1   1   1
  17  P      914.26     2.44584   17 1.00    2 0.00    3 0.00       0.00   1   1   1
  18  P      959.87    -3.03607   18 1.00    2 0.00    3 0.00       0.00   1   1   1
  19  P     1002.49     0.00000   19 1.00    2 0.00    3 0.00       0.00   1   1   1
  20  P     1024.53    -1.62445   20 1.00    2 0.00    3 0.00       0.00   1   1   1
  21  P     1095.40     3.12620   21 1.00    2 0.00    3 0.00       0.00   1   1   1
  22  P     1164.08     1.36545   22 1.00    2 0.00    3 0.00       0.00   1   1   1
  23  P     1264.68    -6.44153   23 1.00    2 0.00    3 0.00       0.00   1   1   1
  24  P     1282.99     5.32918   24 1.00    2 0.00    3 0.00       0.00   1   1   1
  25  P     1345.42     8.67515   25 1.00    2 0.00    3 0.00       0.00   1   1   1
  26  P     1380.85     0.38699   26 1.00    2 0.00    3 0.00       0.00   1   1   1
  27  P     1389.22    10.47216   27 1.00    2 0.00    3 0.00       0.00   1   1   1
  28  P     1437.03     0.42427   28 1.00    2 0.00    3 0.00       0.00   1   1   1
  29  P     1466.03     0.51933   29 1.00    2 0.00    3 0.00       0.00   1   1   1
  30  P     1532.06    -2.51086   30 1.00    2 0.00    3 0.00       0.00   1   1   1
  31  P     1556.38   -13.15660   31 1.00    2 0.00    3 0.00       0.00   1   1   1
  32  P     1630.88    -1.99881   32 1.00    2 0.00    3 0.00       0.00   1   1   1
  33  P     1678.22    -5.57630   33 1.00    2 0.00    3 0.00       0.00   1   1   1
  34  P     1688.24     4.59012   34 1.00    2 0.00    3 0.00       0.00   1   1   1
  35  P     3190.54     0.36609   35 1.00    2 0.00    3 0.00       0.00   1   1   1
  36  P     3258.32     0.49238   36 1.00    2 0.00    3 0.00       0.00   1   1   1
  37  P     3633.28     0.38074   37 1.00    2 0.00    3 0.00       0.00   1   1   1
  38  P     3678.90    -0.08010   38 1.00    2 0.00    3 0.00       0.00   1   1   1
  39  P     3764.97     0.00149   39 1.00    2 0.00    3 0.00       0.00   1   1   1
   
 *********************************************************** 
  
  AVERAGE MAX PROJECTION     1.000000    St Dev   0.000000
  AVERAGE FREQ DIFF          0.000000    St Dev   0.000000
  AVERAGE ABS FREQ DIFF      0.000000    St Dev   0.000000
  AVERAGE ABS DISPLACE       0.170142    St Dev   4.318200
  SUM DISPL**2             728.356170
  
 *********************************************************** 
  



                 ASSIGNMENTS AND ANALYSIS OF 2 WITH RESPECT TO 1
 STATE 2                              MODES STATE 1
IND DEF    FREQUENCY     SHIFT    I11 C11  I12 C12   I13 C13     FR(I11)  I90 I95 I99
   1  P      156.74    -0.00000    1 1.00    2 0.00    3 0.00       0.00   1   1   1
   2  P      176.63     0.00000    2 1.00    1 0.00    3 0.00       0.00   1   1   1
   3  P      224.63    -0.00000    3 1.00    2 0.00    1 0.00       0.00   1   1   1
   4  P      278.85    -6.23584    4 1.00    2 0.00    3 0.00       0.00   1   1   1
   5  P      304.87    -0.00000    5 1.00    2 0.00    3 0.00       0.00   1   1   1
   6  P      526.72    -4.96654    6 1.00    2 0.00    3 0.00       0.00   1   1   1
   7  P      532.63    -0.00000    7 1.00    2 0.00    3 0.00       0.00   1   1   1
   8  P      538.55    -4.42991    8 1.00    2 0.00    3 0.00       0.00   1   1   1
   9  P      546.30    -0.00000    9 1.00    2 0.00    3 0.00       0.00   1   1   1
  10  P      583.83     0.00000   10 1.00    2 0.00    3 0.00       0.00   1   1   1
  11  P      628.18    10.91945   11 1.00    2 0.00    3 0.00       0.00   1   1   1
  12  P      677.84    -0.00000   12 1.00    2 0.00    3 0.00       0.00   1   1   1
  13  P      703.63     0.00000   13 1.00    2 0.00    3 0.00       0.00   1   1   1
  14  P      736.90     2.22799   14 1.00    2 0.00    3 0.00       0.00   1   1   1
  15  P      831.96    -0.00000   15 1.00    2 0.00    3 0.00       0.00   1   1   1
  16  P      884.51     0.00000   16 1.00    2 0.00    3 0.00       0.00   1   1   1
  17  P      914.26    -2.44584   17 1.00    2 0.00    3 0.00       0.00   1   1   1
  18  P      959.87     3.03607   18 1.00    2 0.00    3 0.00       0.00   1   1   1
  19  P     1002.49    -0.00000   19 1.00    2 0.00    3 0.00       0.00   1   1   1
  20  P     1024.53     1.62445   20 1.00    2 0.00    3 0.00       0.00   1   1   1
  21  P     1095.40    -3.12620   21 1.00    2 0.00    3 0.00       0.00   1   1   1
  22  P     1164.08    -1.36545   22 1.00    2 0.00    3 0.00       0.00   1   1   1
  23  P     1264.68     6.44153   23 1.00    2 0.00    3 0.00       0.00   1   1   1
  24  P     1282.99    -5.32918   24 1.00    2 0.00    3 0.00       0.00   1   1   1
  25  P     1345.42    -8.67515   25 1.00    2 0.00    3 0.00       0.00   1   1   1
  26  P     1380.85    -0.38699   26 1.00    2 0.00    3 0.00       0.00   1   1   1
  27  P     1389.22   -10.47216   27 1.00    2 0.00    3 0.00       0.00   1   1   1
  28  P     1437.03    -0.42427   28 1.00    2 0.00    3 0.00       0.00   1   1   1
  29  P     1466.03    -0.51933   29 1.00    2 0.00    3 0.00       0.00   1   1   1
  30  P     1532.06     2.51086   30 1.00    2 0.00    3 0.00       0.00   1   1   1
  31  P     1556.38    13.15660   31 1.00    2 0.00    3 0.00       0.00   1   1   1
  32  P     1630.88     1.99881   32 1.00    2 0.00    3 0.00       0.00   1   1   1
  33  P     1678.22     5.57630   33 1.00    2 0.00    3 0.00       0.00   1   1   1
  34  P     1688.24    -4.59012   34 1.00    2 0.00    3 0.00       0.00   1   1   1
  35  P     3190.54    -0.36609   35 1.00    2 0.00    3 0.00       0.00   1   1   1
  36  P     3258.32    -0.49238   36 1.00    2 0.00    3 0.00       0.00   1   1   1
  37  P     3633.28    -0.38074   37 1.00    2 0.00    3 0.00       0.00   1   1   1
  38  P     3678.90     0.08010   38 1.00    2 0.00    3 0.00       0.00   1   1   1
  39  P     3764.97    -0.00149   39 1.00    2 0.00    3 0.00       0.00   1   1   1
   
 *********************************************************** 
  
  AVERAGE MAX PROJECTION     1.000000    St Dev   0.000000
  AVERAGE FREQ DIFF          0.000000    St Dev   0.000000
  AVERAGE ABS FREQ DIFF      0.000000    St Dev   0.000000
  AVERAGE ABS DISPLACE      -0.170142    St Dev   4.318200
  SUM DISPL**2             728.356170
  
 *********************************************************** 
  

 ADDITIONAL ANALYSIS ON DUSCHINSKY MATRIX
 ----------------------------------------
  Determinant:     1.0000

  ** A = GM·GMT **
  Det(A)     :     1.0000
  Trace(A)   :    39.0000
  Det(A-I)   :     0.0000
  Trace(A-I) :     0.0000
 ----------------------------------------

   
   
 STATE1 MODES SORTED BY DECREASING DIMENSIONLESS SHIFT
   IND    MODE    FREQUENCY DIMENSIONLESS SHIFT
     1      31    1556.38494      -0.11079E+01
     2      27    1389.21536       0.83316E+00
     3      25    1345.42047       0.67923E+00
     4      11     628.17919      -0.58419E+00
     5      23    1264.67938      -0.48898E+00
     6      33    1678.21669      -0.48762E+00
     7      24    1282.98710       0.40746E+00
     8      34    1688.23558       0.40258E+00
     9       6     526.71542       0.24330E+00
    10       4     278.84954       0.22227E+00
    11      21    1095.39971       0.22086E+00
    12       8     538.55256       0.21944E+00
    13      30    1532.05622      -0.20978E+00
    14      18     959.86692      -0.20078E+00
    15      32    1630.87862      -0.17230E+00
    16      17     914.25594       0.15786E+00
    17      14     736.89555      -0.12910E+00
    18      20    1024.52828      -0.11099E+00
    19      22    1164.08009       0.99443E-01
    20      36    3258.32308       0.59994E-01
    21      37    3633.27528       0.48987E-01
    22      35    3190.53613       0.44140E-01
    23      29    1466.02683       0.42445E-01
    24      28    1437.02782       0.34331E-01
    25      26    1380.85041       0.30696E-01
    26      38    3678.90440      -0.10371E-01
    27      39    3764.97376       0.19548E-03
    28       2     176.63356      -0.42209E-12
    29       3     224.63112       0.22302E-12
    30      15     831.95955       0.14406E-12
    31      16     884.51010      -0.93796E-13
    32       1     156.73708       0.92335E-13
    33       7     532.63472       0.87647E-13
    34      10     583.83469      -0.65413E-13
    35       5     304.86751       0.34476E-13
    36      19    1002.48587       0.26030E-13
    37      13     703.62628      -0.17444E-13
    38       9     546.30160       0.76377E-14
    39      12     677.83799       0.37384E-14
   
   
 MODES OF STATE1 IN ORDER OF DECREASING FR COUPL
 ESTIMATED BY THE MAGNITUDE OF THE 0-0 INTEGRAL
   IND    MODE1  FREQ   MODE2 FR    FR. SHIFT INV0-0
     1     1   156.73708         1   156.73708         0.00000         1.00000
     2     2   176.63356         2   176.63356         0.00000         1.00000
     3     3   224.63112         3   224.63112         0.00000         1.00000
     4     4   278.84954         4   278.84954         0.00000         1.00000
     5     5   304.86751         5   304.86751         0.00000         1.00000
     6     6   526.71542         6   526.71542         0.00000         1.00000
     7     7   532.63472         7   532.63472         0.00000         1.00000
     8     8   538.55256         8   538.55256         0.00000         1.00000
     9     9   546.30160         9   546.30160         0.00000         1.00000
    10    10   583.83469        10   583.83469         0.00000         1.00000
    11    11   628.17919        11   628.17919         0.00000         1.00000
    12    12   677.83799        12   677.83799         0.00000         1.00000
    13    13   703.62628        13   703.62628         0.00000         1.00000
    14    14   736.89555        14   736.89555         0.00000         1.00000
    15    15   831.95955        15   831.95955         0.00000         1.00000
    16    16   884.51010        16   884.51010         0.00000         1.00000
    17    17   914.25594        17   914.25594         0.00000         1.00000
    18    18   959.86692        18   959.86692         0.00000         1.00000
    19    19  1002.48587        19  1002.48587         0.00000         1.00000
    20    20  1024.52828        20  1024.52828         0.00000         1.00000
    21    21  1095.39971        21  1095.39971         0.00000         1.00000
    22    22  1164.08009        22  1164.08009         0.00000         1.00000
    23    23  1264.67938        23  1264.67938         0.00000         1.00000
    24    24  1282.98710        24  1282.98710         0.00000         1.00000
    25    25  1345.42047        25  1345.42047         0.00000         1.00000
    26    26  1380.85041        26  1380.85041         0.00000         1.00000
    27    27  1389.21536        27  1389.21536         0.00000         1.00000
    28    28  1437.02782        28  1437.02782         0.00000         1.00000
    29    29  1466.02683        29  1466.02683         0.00000         1.00000
    30    30  1532.05622        30  1532.05622         0.00000         1.00000
    31    31  1556.38494        31  1556.38494         0.00000         1.00000
    32    32  1630.87862        32  1630.87862         0.00000         1.00000
    33    33  1678.21669        33  1678.21669         0.00000         1.00000
    34    34  1688.23558        34  1688.23558         0.00000         1.00000
    35    35  3190.53613        35  3190.53613         0.00000         1.00000
    36    36  3258.32308        36  3258.32308         0.00000         1.00000
    37    37  3633.27528        37  3633.27528         0.00000         1.00000
    38    38  3678.90440        38  3678.90440         0.00000         1.00000
    39    39  3764.97376        39  3764.97376         0.00000         1.00000
   
   
   
   
 STATE2 MODES SORTED BY DECREASING DIMENSIONLESS SHIFT
   IND    MODE    FREQUENCY DIMENSIONLESS SHIFT
     1      31    1556.38494       0.11079E+01
     2      27    1389.21536      -0.83316E+00
     3      25    1345.42047      -0.67923E+00
     4      11     628.17919       0.58419E+00
     5      23    1264.67938       0.48898E+00
     6      33    1678.21669       0.48762E+00
     7      24    1282.98710      -0.40746E+00
     8      34    1688.23558      -0.40258E+00
     9       6     526.71542      -0.24330E+00
    10       4     278.84954      -0.22227E+00
    11      21    1095.39971      -0.22086E+00
    12       8     538.55256      -0.21944E+00
    13      30    1532.05622       0.20978E+00
    14      18     959.86692       0.20078E+00
    15      32    1630.87862       0.17230E+00
    16      17     914.25594      -0.15786E+00
    17      14     736.89555       0.12910E+00
    18      20    1024.52828       0.11099E+00
    19      22    1164.08009      -0.99443E-01
    20      36    3258.32308      -0.59994E-01
    21      37    3633.27528      -0.48987E-01
    22      35    3190.53613      -0.44140E-01
    23      29    1466.02683      -0.42445E-01
    24      28    1437.02782      -0.34331E-01
    25      26    1380.85041      -0.30696E-01
    26      38    3678.90440       0.10371E-01
    27      39    3764.97376      -0.19548E-03
    28       2     176.63356       0.42209E-12
    29       3     224.63112      -0.22302E-12
    30      15     831.95955      -0.14406E-12
    31      16     884.51010       0.93796E-13
    32       1     156.73708      -0.92335E-13
    33       7     532.63472      -0.87647E-13
    34      10     583.83469       0.65413E-13
    35       5     304.86751      -0.34476E-13
    36      19    1002.48587      -0.26030E-13
    37      13     703.62628       0.17444E-13
    38       9     546.30160      -0.76377E-14
    39      12     677.83799      -0.37384E-14
   
   
 MODES OF STATE2 IN ORDER OF DECREASING FR COUPL
 ESTIMATED BY THE MAGNITUDE OF THE 0-0 INTEGRAL
   IND    MODE2  FREQ   MODE1 FR    FR. SHIFT INV0-0
     1     1   156.73708         1   156.73708         0.00000         1.00000
     2     2   176.63356         2   176.63356         0.00000         1.00000
     3     3   224.63112         3   224.63112         0.00000         1.00000
     4     4   278.84954         4   278.84954         0.00000         1.00000
     5     5   304.86751         5   304.86751         0.00000         1.00000
     6     6   526.71542         6   526.71542         0.00000         1.00000
     7     7   532.63472         7   532.63472         0.00000         1.00000
     8     8   538.55256         8   538.55256         0.00000         1.00000
     9     9   546.30160         9   546.30160         0.00000         1.00000
    10    10   583.83469        10   583.83469         0.00000         1.00000
    11    11   628.17919        11   628.17919         0.00000         1.00000
    12    12   677.83799        12   677.83799         0.00000         1.00000
    13    13   703.62628        13   703.62628         0.00000         1.00000
    14    14   736.89555        14   736.89555         0.00000         1.00000
    15    15   831.95955        15   831.95955         0.00000         1.00000
    16    16   884.51010        16   884.51010         0.00000         1.00000
    17    17   914.25594        17   914.25594         0.00000         1.00000
    18    18   959.86692        18   959.86692         0.00000         1.00000
    19    19  1002.48587        19  1002.48587         0.00000         1.00000
    20    20  1024.52828        20  1024.52828         0.00000         1.00000
    21    21  1095.39971        21  1095.39971         0.00000         1.00000
    22    22  1164.08009        22  1164.08009         0.00000         1.00000
    23    23  1264.67938        23  1264.67938         0.00000         1.00000
    24    24  1282.98710        24  1282.98710         0.00000         1.00000
    25    25  1345.42047        25  1345.42047         0.00000         1.00000
    26    26  1380.85041        26  1380.85041         0.00000         1.00000
    27    27  1389.21536        27  1389.21536         0.00000         1.00000
    28    28  1437.02782        28  1437.02782         0.00000         1.00000
    29    29  1466.02683        29  1466.02683         0.00000         1.00000
    30    30  1532.05622        30  1532.05622         0.00000         1.00000
    31    31  1556.38494        31  1556.38494         0.00000         1.00000
    32    32  1630.87862        32  1630.87862         0.00000         1.00000
    33    33  1678.21669        33  1678.21669         0.00000         1.00000
    34    34  1688.23558        34  1688.23558         0.00000         1.00000
    35    35  3190.53613        35  3190.53613         0.00000         1.00000
    36    36  3258.32308        36  3258.32308         0.00000         1.00000
    37    37  3633.27528        37  3633.27528         0.00000         1.00000
    38    38  3678.90440        38  3678.90440         0.00000         1.00000
    39    39  3764.97376        39  3764.97376         0.00000         1.00000
   
   
  
  
 DIMENSIONLESS SHIFTS 
   IND     STATE1       STATE2
     1     0.92335E-13    -0.92335E-13
     2    -0.42209E-12     0.42209E-12
     3     0.22302E-12    -0.22302E-12
     4     0.22227E+00    -0.22227E+00
     5     0.34476E-13    -0.34476E-13
     6     0.24330E+00    -0.24330E+00
     7     0.87647E-13    -0.87647E-13
     8     0.21944E+00    -0.21944E+00
     9     0.76377E-14    -0.76377E-14
    10    -0.65413E-13     0.65413E-13
    11    -0.58419E+00     0.58419E+00
    12     0.37384E-14    -0.37384E-14
    13    -0.17444E-13     0.17444E-13
    14    -0.12910E+00     0.12910E+00
    15     0.14406E-12    -0.14406E-12
    16    -0.93796E-13     0.93796E-13
    17     0.15786E+00    -0.15786E+00
    18    -0.20078E+00     0.20078E+00
    19     0.26030E-13    -0.26030E-13
    20    -0.11099E+00     0.11099E+00
    21     0.22086E+00    -0.22086E+00
    22     0.99443E-01    -0.99443E-01
    23    -0.48898E+00     0.48898E+00
    24     0.40746E+00    -0.40746E+00
    25     0.67923E+00    -0.67923E+00
    26     0.30696E-01    -0.30696E-01
    27     0.83316E+00    -0.83316E+00
    28     0.34331E-01    -0.34331E-01
    29     0.42445E-01    -0.42445E-01
    30    -0.20978E+00     0.20978E+00
    31    -0.11079E+01     0.11079E+01
    32    -0.17230E+00     0.17230E+00
    33    -0.48762E+00     0.48762E+00
    34     0.40258E+00    -0.40258E+00
    35     0.44140E-01    -0.44140E-01
    36     0.59994E-01    -0.59994E-01
    37     0.48987E-01    -0.48987E-01
    38    -0.10371E-01     0.10371E-01
    39     0.19548E-03    -0.19548E-03
  SUM SQUARED DIMENSIONLESS DISPL STATE1        3.9245
  SUM SQUARED DIMENSIONLESS DISPL STATE2        3.9245
  VALUE STATE1 GROUND VIB WAVEFUN AT GEO2       0.1405
  VALUE STATE2 GROUND VIB WAVEFUN AT GEO1       0.1405
  VALUE STATE1 GROUND VIB WAVEFUN AT (GEO1+GEO2)/2      0.6123
  VALUE STATE2 GROUND VIB WAVEFUN AT (GEO1+GEO2)/2      0.6123

 Printing Duschinski matrix to 'duschinsky.dat'


 Printing Shift vector to 'displacement.dat'


NOTE: DE read from input:   5.387 (eV)                                                                    
 


 ===========================
  REORGANIZATION ENERGY
 ===========================
     0.012003  (Hartree)
     0.326614  (eV)


 ------------------------------------------------------
 Extrapolation form (generalized) vertical point:
 ------------------------------------------------------
 Extrapolated vertical energy:        5.38710  (eV)
 Extrapolated adiabatic energy:       5.38710  (eV)
 Extrapolated reorg. energy   :       0.00000  (eV)
 ------------------------------------------------------



 ===============================
  ZERO-POINT ENERGY CORRECTIONS 
 ===============================


                    ZERO POINT ENERGY IN CM-1
    E01=     24835.69    E02=     24835.69


                    0-0 ENERGY DIFFERENCE
       5.06049 eV


                    ADIABATIC ENERGY     
       5.06049 eV




 ====================

  TRANSITION DIPOLES 

 ====================
 Model for tr. dipoles: FC
 Reading electric dipole file: eldip_Adenine6311-es2_fchk
 


 ================= 
  TRANSITION INFO  
 ================= 
            DATA FOR VERTICAL TRANSITION 
  electric transition dipoles (au) at initial GEO 1
            1.47000039   -0.05747876   -0.00000000
  electric transition dipoles (au) at initial GEO 2
            1.47000039   -0.05747876   -0.00000000
  Square tr dipoles: geo1  2.16420495  geo2   2.16420495  Diff (d1-d2)/d1    0.0000 %
   
 ------------------
  State2 -> State1
 ------------------
 Reorganization Energy (eV) on State1        0.326614
 Vertical emission energy (eV)               4.733874
 Fluorescence lifetime from minimum (ns)  4.097282E+00
 ********************************************** 
   
 ------------------
  State1 -> State2
 ------------------
 Reorganization Energy on State2 (eV)        0.326614
 Vertical absorption energy (eV)             5.387103
 Absorption oscillator strength           2.856351E-01
 ********************************************** 
   

NOTE: Spectra resolution set to:  0.00400                                                                 
 

NOTE: To ensure exact match of TI and TD resuls, final spectral range reset to:    4.0000-                
       9.0000(eV)                                                                                         
 

 ----------------------------------------
 Refined spectral range for simulations: 
  nene       =      1251
  From E(eV) =    4.0000
  To   E(eV) =    9.0000
 
 Related time-domain parameters
 (with energy shift & extended range):
  ntime =          652
  dt    =       0.7929
  tfin  =     516.5620
 Shift info (for external FT)
  dE_ext=  0.104000    
  Eshift=   3.89600    
 ----------------------------------------


NOTE: Changing Ead to optimize TD method before entering the spectrum calculation.Ead(original)=          
        5.060 (eV); Ead(shifted )=   1.164 (eV)                                                           
 


 ____________________________________________
  ============================================
  PROGRAM: td_onephoton
   Compute vibronic spectra with a harmonic 
   TD formulation                           
                                            
  References:                               
   Comput Theoret Chem, 1040--1041, 186-194 (2014)
 ____________________________________________
  ============================================
 
 SUMMARY OF CALCULATION OPTIONS
 -------------------------------
 Adiabatic Energy (eV)  :   1.1645

 Tipe of transition     : ABS-ECDNO

 Dipole aproximation    : FC-FC
 El. dipole at ref geom :     1.47      -0.575E-01  -0.431E-14

 Numerical evaluation of xi(t)
         Total time (fs):   516.562
         Nr data points : 652
         Time step (fs) :  0.793    

 Broad. function        : GAU  
 Broad. exponent        :    7.794E-07
 Broad. order           : 2
 -------------------------------

 Computing correlation functions over 652 points

 Calling FFT with 1304 points


 Entering in fft_calc subroutine (FFTW)
 Ndata: 1304
 tini and tfin  -516.562     516.562

 df  9.671957840330411E-004
 dt  0.792881005380783     
 =========== tdspectra finished ===========  
 Timing...
  CPU (s) for tdspectra :       0.140
 ==========================================
                                           



===============================

 SUMMARY OF NOTES AND WARNINGS

===============================
 ---------------------------------
 6 notes raised along the run
 Look for NOTE in the output
 ---------------------------------

 
 ****************** FCclasses finished *******************
 Timing...   
  CPU (s)       0.161
 *********************************************************
 
 FCclasses finished successfully
