 
                                                    \ /               
                                              ..-'''-*-               
                                              \.-'''\ \               
      _____ _____      _                             | |              
     |  ___/  __ \    | |                         __/ /               
     | |_  | /  \/ ___| | __ _ ___ ___  ___  ___ |_  '.               
     |  _| | |    / __| |/ _` / __/ __|/ _ \/ __|   `.  \             
     | |   | \__/\ (__| | (_| \__ \__ \  __/\__ \     \ '.            
     \_|    \____/\___|_|\__,_|___/___/\___||___/      , |            
                                                       | |            
                                                      / ,'            
                                              -....--'  /             
                                              `.. __..-'              
                                                                      
 ********************************************************* 
   FCCLASSES3:                                             
   A code for vibronic simulations                         
                                                           
                                                           
 ********************************************************* 


 GIT VERSION INFO
  Commit id  : v3-1.0-2-g78ec1d1-dirty
  Commit date: 2022-07-22 10:24:13 +0200

 CURRENT RUN INFO
  Date&Time  : 2023-01-05, 16:57:59
  Input file : STDIN
  Input type : NEW



 INPUT OPTIONS:
-------------------------------
$$$
;GENERAL OPTIONS:
; NAT        = (read from structure files)
; NVIB       = (determined vibrational analysis)
PROPERTY     =   OPA   
MODEL        =   VG   
DIPOLE       =   FC   
DIPDER_COORD =   CARTESIAN  
TEMP         =     0.00
DE           =   5.03470
BROADFUN     =   GAU  
HWHM         =   0.0400
RESOL        =   0.0040  ; (default: HWHM/10)
METHOD       =   TD   
ROT          =   1
SPCMIN       =     4.000
SPCMAX       =     9.000
;VIBRATIONAL ANALYSIS
NORMALMODES  =   COMPUTE  
RM_COORD     =   NONE    
COORDS       =   CARTESIAN  
FORCE_REAL   =   YES  
;INPUT DATA FILES
STATE1_FILE  =   ../Thymine6311-freq-solv.fcc
STATE2_FILE  =   ../Thymine6311-freq-solv-ES1.fcc
MASS_FILE    =   
ELDIP_FILE   =   ../eldip_Thymine6311-freq-solv-ES1_fchk
MAGDIP_FILE  =   ../magdip_Thymine6311-freq-solv-ES1_fchk
NAC_FILE     =   
NRCOUP_FILE  =   ../eldip_Thymine6311-freq-solv-ES1_fchk
HESS1_FILE   =   ../Thymine6311-freq-solv.fcc
HESS2_FILE   =   ../Thymine6311-freq-solv.fcc
GRAD1_FILE   =   ../Thymine6311-freq-solv.fcc
GRAD2_COORD  =   CARTESIAN
GRAD2_FILE   =   ../Thymine6311-freq-solv-ES1.fcc
;VERBOSE LEVEL
VERBOSE      =   1
  
-------------------------------



 ==> State 1 <==

 Geometry file: ../Thymine6311-freq-solv.fcc


 Gradient file: ../Thymine6311-freq-solv.fcc

NOTE: The calculation for this State will assume stationary point since the gradient is                   
      small (maximum atomic gradient:   0.000096 a.u.)                                                    
 
 Hessian file: ../Thymine6311-freq-solv.fcc



 ---------------------------------------
  Check effect of symmetry operations
  on Hessian elements (or gs^t\beta)
 ---------------------------------------

 Using input geometry instead of rotating to principal axis of intertia to detect symmetry


NOTE: Cannot determine symmetry. Set to C1 (no symmetric atoms)                                           
 
 
 ---------------------------------------



 =========================
  ANALYSIS OF DOFs
 =========================

 => STATE 1 <=
 Geometry (Angstroms)
 27    # Nr. of atoms
   Atom       X         Y         Z      Mass
N         -0.2312   -0.0351   -0.1877   14.0031
C          1.0964   -0.3620   -0.1381   12.0000
N          1.9435    0.6930    0.0003   14.0031
C          1.5071    1.9884    0.0940   12.0000
C          0.2030    2.3185    0.0627   12.0000
C         -0.7580    1.2420   -0.0795   12.0000
H         -0.8888   -0.8134   -0.3333    1.0078
O          1.4937   -1.5266   -0.2121   15.9949
H          2.9379    0.4607    0.0320    1.0078
H          2.2898    2.7278    0.1993    1.0078
O         -1.9758    1.4124   -0.1084   15.9949
C         -0.2989    3.7236    0.1709   12.0000
H         -0.8775    4.0006   -0.7127    1.0078
H         -0.9551    3.8378    1.0362    1.0078
H          0.5319    4.4213    0.2727    1.0078
O         -2.1570   -2.1894   -0.5455   15.9949
H          0.5350   -3.0516    0.4137    1.0078
O          4.2198   -1.0042    0.0523   15.9949
H         -3.3501    0.3297    0.1412    1.0078
H         -2.9566   -1.6966   -0.2488    1.0078
H         -2.3375   -2.4933   -1.4413    1.0078
O         -0.1161   -3.7123    0.6992   15.9949
H         -0.9538   -3.3454    0.3749    1.0078
H          3.4377   -1.5548   -0.1250    1.0078
H          4.8712   -1.2270   -0.6198    1.0078
O         -4.0085   -0.3948    0.1898   15.9949
H         -4.4169   -0.3444    1.0594    1.0078
 

 ------------------------------------------------
   INERTIA TENSOR (to be multiplied by 10**5)
 ------------------------------------------------

             1           2           3
  
    1    14.66310     0.08981    -0.07241
    2     0.08981    17.11093     0.09566
    3    -0.07241     0.09566    30.99913
 ------------------------------------------------


 ------------------------------------------------
   ROTATIONAL CONSTANTS (AND ROTATION MATRIX)
 ------------------------------------------------

 ROOT NO.    1           2           3

    ************************************
  
    1     0.99931    -0.03679     0.00464
    2     0.03682     0.99930    -0.00669
    3    -0.00439     0.00686     0.99997
 ------------------------------------------------

  Rotational constants (GHz)
     0.62843     0.53831     0.29718
  Rotational temperatures (K)
     0.03016     0.02584     0.01426


 -------------------
  DOF   Dimension
 -------------------
  Vib    75
  Rot    3
  Tra    3
 -------------------


 Translating State1 to its Center of Mass
 Initial COM:       0.0108     -0.0061     -0.0002


 ================================
  VIBRATIONAL ANALYSIS ON STATE1
 ================================

 ----------------------------------
   Redundant Frequencies (cm-1)
 ----------------------------------
     1    -0.00004
     2    -0.00002
     3    -0.00001
     4    -0.00001
     5     0.00002
     6     0.00003
 ----------------------------------


 ------------------------
   FREQUENCIES (cm-1)
 ------------------------
     1    23.69974
     2    40.65179
     3    53.95450
     4    62.86303
     5    69.58869
     6   101.74424
     7   118.24849
     8   138.70959
     9   149.17880
    10   159.84401
    11   167.95916
    12   175.73912
    13   183.57321
    14   192.13269
    15   224.44720
    16   254.12597
    17   282.03509
    18   305.98207
    19   309.81395
    20   325.04437
    21   344.14249
    22   395.85587
    23   415.63683
    24   431.58477
    25   438.62883
    26   465.49205
    27   482.38648
    28   531.93025
    29   567.09932
    30   608.95937
    31   625.23999
    32   636.24816
    33   684.26382
    34   762.32586
    35   766.64929
    36   783.20792
    37   809.45174
    38   825.09175
    39   882.38654
    40   912.20864
    41   956.44998
    42  1012.27687
    43  1051.79755
    44  1080.68994
    45  1201.81909
    46  1248.77884
    47  1270.75603
    48  1397.03683
    49  1429.49342
    50  1470.79230
    51  1478.72870
    52  1492.25552
    53  1504.55820
    54  1552.32927
    55  1594.80728
    56  1606.29315
    57  1633.11156
    58  1669.25026
    59  1710.05140
    60  1726.46970
    61  1749.67539
    62  3059.84823
    63  3117.01805
    64  3144.55363
    65  3234.98493
    66  3295.07493
    67  3410.56671
    68  3434.60240
    69  3523.21779
    70  3668.48097
    71  3695.20246
    72  3734.81060
    73  3879.33554
    74  3892.89116
    75  3896.99602
 ------------------------

 =====================
  THERMOCHEMISTRY     
 =====================
  Temperature (K):    0.00
  Pressure (atm) :    1.00
 
  Rotational constants (GHz)
     0.62843     0.53831     0.29718
  Rotational temperatures (K)
     0.03016     0.02584     0.01426
 
  Partition Functions
  qt =      0.000    
  qr =      0.000    
  qv =      0.000    
 
  Contributions to entropy
  St (cm-1/K) = -Infinity
  Sr (cm-1/K) = -Infinity
  Sv (cm-1/K) =       NaN
 
  Thermal corrections (AU)
  Zero Point Energy =   0.215362    
  Internal Energy   =   0.215362    
  Enthalpy          =   0.215362    
  Gibbs Free Energy =            NaN
 
  Thermal corrections (AU) - vibrational only
  Number of vibrations:      75
  V-internal Energy   =   0.215362    
  V-enthalpy          =   0.215362    
  V-gibbs Free Energy =            NaN


 ==> State 2 <==

 Geometry file: ../Thymine6311-freq-solv-ES1.fcc


 Gradient file: ../Thymine6311-freq-solv-ES1.fcc

NOTE: The calculation for this State will assume non-stationary point since the gradient                  
      is not negligible (maximum atomic gradient:   0.100113 a.u.)                                        
 
 Hessian file: ../Thymine6311-freq-solv.fcc


 Combination abs/ECDNO
 A standard one-photon absorption calculation  will be performed


 =========================
  ANALYSIS OF DOFs
 =========================

 => STATE 2 <=
 Geometry (Angstroms)
 27    # Nr. of atoms
   Atom       X         Y         Z      Mass
N         -0.2312   -0.0351   -0.1877   14.0031
C          1.0964   -0.3620   -0.1381   12.0000
N          1.9435    0.6930    0.0003   14.0031
C          1.5071    1.9884    0.0940   12.0000
C          0.2030    2.3185    0.0627   12.0000
C         -0.7580    1.2420   -0.0795   12.0000
H         -0.8888   -0.8134   -0.3333    1.0078
O          1.4937   -1.5266   -0.2121   15.9949
H          2.9379    0.4607    0.0320    1.0078
H          2.2898    2.7278    0.1993    1.0078
O         -1.9758    1.4124   -0.1084   15.9949
C         -0.2989    3.7236    0.1709   12.0000
H         -0.8775    4.0006   -0.7127    1.0078
H         -0.9551    3.8378    1.0362    1.0078
H          0.5319    4.4213    0.2727    1.0078
O         -2.1570   -2.1894   -0.5455   15.9949
H          0.5350   -3.0516    0.4137    1.0078
O          4.2198   -1.0042    0.0523   15.9949
H         -3.3501    0.3297    0.1412    1.0078
H         -2.9566   -1.6966   -0.2488    1.0078
H         -2.3375   -2.4933   -1.4413    1.0078
O         -0.1161   -3.7123    0.6992   15.9949
H         -0.9538   -3.3454    0.3749    1.0078
H          3.4377   -1.5548   -0.1250    1.0078
H          4.8712   -1.2270   -0.6198    1.0078
O         -4.0085   -0.3948    0.1898   15.9949
H         -4.4169   -0.3444    1.0594    1.0078
 

 ------------------------------------------------
   INERTIA TENSOR (to be multiplied by 10**5)
 ------------------------------------------------

             1           2           3
  
    1    14.66310     0.08981    -0.07241
    2     0.08981    17.11093     0.09566
    3    -0.07241     0.09566    30.99913
 ------------------------------------------------


 ------------------------------------------------
   ROTATIONAL CONSTANTS (AND ROTATION MATRIX)
 ------------------------------------------------

 ROOT NO.    1           2           3

    ************************************
  
    1     0.99931    -0.03679     0.00464
    2     0.03682     0.99930    -0.00669
    3    -0.00439     0.00686     0.99997
 ------------------------------------------------

  Rotational constants (GHz)
     0.62843     0.53831     0.29718
  Rotational temperatures (K)
     0.03016     0.02584     0.01426


 -------------------
  DOF   Dimension
 -------------------
  Vib    75
  Rot    3
  Tra    3
 -------------------


 Translating State2 to its Center of Mass
 Initial COM:       0.0108     -0.0061     -0.0002


 ================================
  VIBRATIONAL ANALYSIS ON STATE2
 ================================

Normal modes read from State1 for VG


 ------------------------
   FREQUENCIES (cm-1)
 ------------------------
     1    23.69974
     2    40.65179
     3    53.95450
     4    62.86303
     5    69.58869
     6   101.74424
     7   118.24849
     8   138.70959
     9   149.17880
    10   159.84401
    11   167.95916
    12   175.73912
    13   183.57321
    14   192.13269
    15   224.44720
    16   254.12597
    17   282.03509
    18   305.98207
    19   309.81395
    20   325.04437
    21   344.14249
    22   395.85587
    23   415.63683
    24   431.58477
    25   438.62883
    26   465.49205
    27   482.38648
    28   531.93025
    29   567.09932
    30   608.95937
    31   625.23999
    32   636.24816
    33   684.26382
    34   762.32586
    35   766.64929
    36   783.20792
    37   809.45174
    38   825.09175
    39   882.38654
    40   912.20864
    41   956.44998
    42  1012.27687
    43  1051.79755
    44  1080.68994
    45  1201.81909
    46  1248.77884
    47  1270.75603
    48  1397.03683
    49  1429.49342
    50  1470.79230
    51  1478.72870
    52  1492.25552
    53  1504.55820
    54  1552.32927
    55  1594.80728
    56  1606.29315
    57  1633.11156
    58  1669.25026
    59  1710.05140
    60  1726.46970
    61  1749.67539
    62  3059.84823
    63  3117.01805
    64  3144.55363
    65  3234.98493
    66  3295.07493
    67  3410.56671
    68  3434.60240
    69  3523.21779
    70  3668.48097
    71  3695.20246
    72  3734.81060
    73  3879.33554
    74  3892.89116
    75  3896.99602
 ------------------------


 -------------------------------------
   State2 Gradient (Q1-space) x1e5
 -------------------------------------
     1     0.12092
     2    -0.04173
     3     0.15044
     4    -0.05672
     5    -0.37679
     6    -1.39460
     7     0.39679
     8    -0.45007
     9    -0.19444
    10    -0.05115
    11     0.19424
    12     0.25769
    13     0.04028
    14    -0.30982
    15     0.05611
    16     0.18063
    17     0.23845
    18    -0.46761
    19    -0.56554
    20    -0.29919
    21    -0.97622
    22     0.21452
    23     3.04229
    24    -0.39939
    25    -2.30073
    26     1.51991
    27     5.96546
    28     1.05075
    29    -3.82011
    30     7.25202
    31     2.69722
    32     8.86107
    33     0.78930
    34    -1.63209
    35   -12.11376
    36     1.40093
    37     0.99188
    38   -12.20293
    39    -3.46053
    40     1.99370
    41     0.18333
    42    12.27442
    43     5.19379
    44     0.44963
    45   -18.18958
    46    -4.63484
    47   -34.40473
    48    50.10699
    49     0.79811
    50     0.19413
    51    17.32568
    52    -6.11758
    53   -19.47336
    54     6.13797
    55     3.54185
    56    -5.39701
    57     6.91695
    58    12.48923
    59   -28.76312
    60   -66.15517
    61    21.57731
    62     7.30188
    63     0.01327
    64    -3.54557
    65   -17.83767
    66   -11.74924
    67     5.62853
    68   -11.45117
    69    -6.17111
    70    -3.07042
    71     3.47518
    72    -3.86348
    73    -0.11972
    74     1.05115
    75    -0.96586
 -------------------------------------




                 ASSIGNMENTS AND ANALYSIS OF 1 WITH RESPECT TO 2
 STATE 1                              MODES STATE 2
IND DEF    FREQUENCY     SHIFT    I21 C21  I22 C22   I23 C23     FR(I21)  I90 I95 I99
   1  P       23.70  -103.70219    1 1.00    2 0.00    3 0.00       0.00   1   1   1
   2  P       40.65    12.16285    2 1.00    1 0.00    3 0.00       0.00   1   1   1
   3  P       53.95   -24.89224    3 1.00    2 0.00    1 0.00       0.00   1   1   1
   4  P       62.86     6.91330    4 1.00    2 0.00    3 0.00       0.00   1   1   1
   5  P       69.59    37.47893    5 1.00    2 0.00    3 0.00       0.00   1   1   1
   6  P      101.74    64.89326    6 1.00    2 0.00    3 0.00       0.00   1   1   1
   7  P      118.25   -13.66906    7 1.00    2 0.00    3 0.00       0.00   1   1   1
   8  P      138.71    11.26777    8 1.00    2 0.00    3 0.00       0.00   1   1   1
   9  P      149.18     4.20856    9 1.00    2 0.00    3 0.00       0.00   1   1   1
  10  P      159.84     0.96432   10 1.00    2 0.00    3 0.00       0.00   1   1   1
  11  P      167.96    -3.31671   11 1.00    2 0.00    3 0.00       0.00   1   1   1
  12  P      175.74    -4.01905   12 1.00    2 0.00    3 0.00       0.00   1   1   1
  13  P      183.57    -0.57571   13 1.00    2 0.00    3 0.00       0.00   1   1   1
  14  P      192.13     4.04272   14 1.00    2 0.00    3 0.00       0.00   1   1   1
  15  P      224.45    -0.53654   15 1.00    2 0.00    3 0.00       0.00   1   1   1
  16  P      254.13    -1.34732   16 1.00    2 0.00    3 0.00       0.00   1   1   1
  17  P      282.04    -1.44400   17 1.00    2 0.00    3 0.00       0.00   1   1   1
  18  P      305.98     2.40579   18 1.00    2 0.00    3 0.00       0.00   1   1   1
  19  P      309.81     2.83811   19 1.00    2 0.00    3 0.00       0.00   1   1   1
  20  P      325.04     1.36406   20 1.00    2 0.00    3 0.00       0.00   1   1   1
  21  P      344.14     3.97044   21 1.00    2 0.00    3 0.00       0.00   1   1   1
  22  P      395.86    -0.65943   22 1.00    2 0.00    3 0.00       0.00   1   1   1
  23  P      415.64    -8.48283   23 1.00    2 0.00    3 0.00       0.00   1   1   1
  24  P      431.58     1.03285   24 1.00    2 0.00    3 0.00       0.00   1   1   1
  25  P      438.63     5.76022   25 1.00    2 0.00    3 0.00       0.00   1   1   1
  26  P      465.49    -3.37880   26 1.00    2 0.00    3 0.00       0.00   1   1   1
  27  P      482.39   -12.34873   27 1.00    2 0.00    3 0.00       0.00   1   1   1
  28  P      531.93    -1.78879   28 1.00    2 0.00    3 0.00       0.00   1   1   1
  29  P      567.10     5.72171   29 1.00    2 0.00    3 0.00       0.00   1   1   1
  30  P      608.96    -9.42001   30 1.00    2 0.00    3 0.00       0.00   1   1   1
  31  P      625.24    -3.32346   31 1.00    2 0.00    3 0.00       0.00   1   1   1
  32  P      636.25   -10.54391   32 1.00    2 0.00    3 0.00       0.00   1   1   1
  33  P      684.26    -0.81201   33 1.00    2 0.00    3 0.00       0.00   1   1   1
  34  P      762.33     1.35279   34 1.00    2 0.00    3 0.00       0.00   1   1   1
  35  P      766.65     9.92782   35 1.00    2 0.00    3 0.00       0.00   1   1   1
  36  P      783.21    -1.10010   36 1.00    2 0.00    3 0.00       0.00   1   1   1
  37  P      809.45    -0.72920   37 1.00    2 0.00    3 0.00       0.00   1   1   1
  38  P      825.09     8.63432   38 1.00    2 0.00    3 0.00       0.00   1   1   1
  39  P      882.39     2.14089   39 1.00    2 0.00    3 0.00       0.00   1   1   1
  40  P      912.21    -1.15409   40 1.00    2 0.00    3 0.00       0.00   1   1   1
  41  P      956.45    -0.09653   41 1.00    2 0.00    3 0.00       0.00   1   1   1
  42  P     1012.28    -5.76994   42 1.00    2 0.00    3 0.00       0.00   1   1   1
  43  P     1051.80    -2.26146   43 1.00    2 0.00    3 0.00       0.00   1   1   1
  44  P     1080.69    -0.18545   44 1.00    2 0.00    3 0.00       0.00   1   1   1
  45  P     1201.82     6.06615   45 1.00    2 0.00    3 0.00       0.00   1   1   1
  46  P     1248.78     1.43163   46 1.00    2 0.00    3 0.00       0.00   1   1   1
  47  P     1270.76    10.26272   47 1.00    2 0.00    3 0.00       0.00   1   1   1
  48  P     1397.04   -12.36663   48 1.00    2 0.00    3 0.00       0.00   1   1   1
  49  P     1429.49    -0.18813   49 1.00    2 0.00    3 0.00       0.00   1   1   1
  50  P     1470.79    -0.04323   50 1.00    2 0.00    3 0.00       0.00   1   1   1
  51  P     1478.73    -3.81665   51 1.00    2 0.00    3 0.00       0.00   1   1   1
  52  P     1492.26     1.32331   52 1.00    2 0.00    3 0.00       0.00   1   1   1
  53  P     1504.56     4.14373   53 1.00    2 0.00    3 0.00       0.00   1   1   1
  54  P     1552.33    -1.22695   54 1.00    2 0.00    3 0.00       0.00   1   1   1
  55  P     1594.81    -0.67078   55 1.00    2 0.00    3 0.00       0.00   1   1   1
  56  P     1606.29     1.00756   56 1.00    2 0.00    3 0.00       0.00   1   1   1
  57  P     1633.11    -1.24926   57 1.00    2 0.00    3 0.00       0.00   1   1   1
  58  P     1669.25    -2.15904   58 1.00    2 0.00    3 0.00       0.00   1   1   1
  59  P     1710.05     4.73790   59 1.00    2 0.00    3 0.00       0.00   1   1   1
  60  P     1726.47    10.69091   60 1.00    2 0.00    3 0.00       0.00   1   1   1
  61  P     1749.68    -3.39509   61 1.00    2 0.00    3 0.00       0.00   1   1   1
  62  P     3059.85    -0.37567   62 1.00    2 0.00    3 0.00       0.00   1   1   1
  63  P     3117.02    -0.00066   63 1.00    2 0.00    3 0.00       0.00   1   1   1
  64  P     3144.55     0.17272   64 1.00    2 0.00    3 0.00       0.00   1   1   1
  65  P     3234.98     0.82104   65 1.00    2 0.00    3 0.00       0.00   1   1   1
  66  P     3295.07     0.52125   66 1.00    2 0.00    3 0.00       0.00   1   1   1
  67  P     3410.57    -0.23308   67 1.00    2 0.00    3 0.00       0.00   1   1   1
  68  P     3434.60     0.46759   68 1.00    2 0.00    3 0.00       0.00   1   1   1
  69  P     3523.22     0.23947   69 1.00    2 0.00    3 0.00       0.00   1   1   1
  70  P     3668.48     0.10990   70 1.00    2 0.00    3 0.00       0.00   1   1   1
  71  P     3695.20    -0.12259   71 1.00    2 0.00    3 0.00       0.00   1   1   1
  72  P     3734.81     0.13342   72 1.00    2 0.00    3 0.00       0.00   1   1   1
  73  P     3879.34     0.00383   73 1.00    2 0.00    3 0.00       0.00   1   1   1
  74  P     3892.89    -0.03341   74 1.00    2 0.00    3 0.00       0.00   1   1   1
  75  P     3897.00     0.03064   75 1.00    2 0.00    3 0.00       0.00   1   1   1
   
 *********************************************************** 
  
  AVERAGE MAX PROJECTION     1.000000    St Dev   0.000000
  AVERAGE FREQ DIFF          0.000000    St Dev   0.000000
  AVERAGE ABS FREQ DIFF      0.000000    St Dev   0.000000
  AVERAGE ABS DISPLACE      -0.162590    St Dev  15.842555
  SUM DISPL**2           18825.973016
  
 *********************************************************** 
  



                 ASSIGNMENTS AND ANALYSIS OF 2 WITH RESPECT TO 1
 STATE 2                              MODES STATE 1
IND DEF    FREQUENCY     SHIFT    I11 C11  I12 C12   I13 C13     FR(I11)  I90 I95 I99
   1  P       23.70   103.70219    1 1.00    2 0.00    3 0.00       0.00   1   1   1
   2  P       40.65   -12.16285    2 1.00    1 0.00    3 0.00       0.00   1   1   1
   3  P       53.95    24.89224    3 1.00    2 0.00    1 0.00       0.00   1   1   1
   4  P       62.86    -6.91330    4 1.00    2 0.00    3 0.00       0.00   1   1   1
   5  P       69.59   -37.47893    5 1.00    2 0.00    3 0.00       0.00   1   1   1
   6  P      101.74   -64.89326    6 1.00    2 0.00    3 0.00       0.00   1   1   1
   7  P      118.25    13.66906    7 1.00    2 0.00    3 0.00       0.00   1   1   1
   8  P      138.71   -11.26777    8 1.00    2 0.00    3 0.00       0.00   1   1   1
   9  P      149.18    -4.20856    9 1.00    2 0.00    3 0.00       0.00   1   1   1
  10  P      159.84    -0.96432   10 1.00    2 0.00    3 0.00       0.00   1   1   1
  11  P      167.96     3.31671   11 1.00    2 0.00    3 0.00       0.00   1   1   1
  12  P      175.74     4.01905   12 1.00    2 0.00    3 0.00       0.00   1   1   1
  13  P      183.57     0.57571   13 1.00    2 0.00    3 0.00       0.00   1   1   1
  14  P      192.13    -4.04272   14 1.00    2 0.00    3 0.00       0.00   1   1   1
  15  P      224.45     0.53654   15 1.00    2 0.00    3 0.00       0.00   1   1   1
  16  P      254.13     1.34732   16 1.00    2 0.00    3 0.00       0.00   1   1   1
  17  P      282.04     1.44400   17 1.00    2 0.00    3 0.00       0.00   1   1   1
  18  P      305.98    -2.40579   18 1.00    2 0.00    3 0.00       0.00   1   1   1
  19  P      309.81    -2.83811   19 1.00    2 0.00    3 0.00       0.00   1   1   1
  20  P      325.04    -1.36406   20 1.00    2 0.00    3 0.00       0.00   1   1   1
  21  P      344.14    -3.97044   21 1.00    2 0.00    3 0.00       0.00   1   1   1
  22  P      395.86     0.65943   22 1.00    2 0.00    3 0.00       0.00   1   1   1
  23  P      415.64     8.48283   23 1.00    2 0.00    3 0.00       0.00   1   1   1
  24  P      431.58    -1.03285   24 1.00    2 0.00    3 0.00       0.00   1   1   1
  25  P      438.63    -5.76022   25 1.00    2 0.00    3 0.00       0.00   1   1   1
  26  P      465.49     3.37880   26 1.00    2 0.00    3 0.00       0.00   1   1   1
  27  P      482.39    12.34873   27 1.00    2 0.00    3 0.00       0.00   1   1   1
  28  P      531.93     1.78879   28 1.00    2 0.00    3 0.00       0.00   1   1   1
  29  P      567.10    -5.72171   29 1.00    2 0.00    3 0.00       0.00   1   1   1
  30  P      608.96     9.42001   30 1.00    2 0.00    3 0.00       0.00   1   1   1
  31  P      625.24     3.32346   31 1.00    2 0.00    3 0.00       0.00   1   1   1
  32  P      636.25    10.54391   32 1.00    2 0.00    3 0.00       0.00   1   1   1
  33  P      684.26     0.81201   33 1.00    2 0.00    3 0.00       0.00   1   1   1
  34  P      762.33    -1.35279   34 1.00    2 0.00    3 0.00       0.00   1   1   1
  35  P      766.65    -9.92782   35 1.00    2 0.00    3 0.00       0.00   1   1   1
  36  P      783.21     1.10010   36 1.00    2 0.00    3 0.00       0.00   1   1   1
  37  P      809.45     0.72920   37 1.00    2 0.00    3 0.00       0.00   1   1   1
  38  P      825.09    -8.63432   38 1.00    2 0.00    3 0.00       0.00   1   1   1
  39  P      882.39    -2.14089   39 1.00    2 0.00    3 0.00       0.00   1   1   1
  40  P      912.21     1.15409   40 1.00    2 0.00    3 0.00       0.00   1   1   1
  41  P      956.45     0.09653   41 1.00    2 0.00    3 0.00       0.00   1   1   1
  42  P     1012.28     5.76994   42 1.00    2 0.00    3 0.00       0.00   1   1   1
  43  P     1051.80     2.26146   43 1.00    2 0.00    3 0.00       0.00   1   1   1
  44  P     1080.69     0.18545   44 1.00    2 0.00    3 0.00       0.00   1   1   1
  45  P     1201.82    -6.06615   45 1.00    2 0.00    3 0.00       0.00   1   1   1
  46  P     1248.78    -1.43163   46 1.00    2 0.00    3 0.00       0.00   1   1   1
  47  P     1270.76   -10.26272   47 1.00    2 0.00    3 0.00       0.00   1   1   1
  48  P     1397.04    12.36663   48 1.00    2 0.00    3 0.00       0.00   1   1   1
  49  P     1429.49     0.18813   49 1.00    2 0.00    3 0.00       0.00   1   1   1
  50  P     1470.79     0.04323   50 1.00    2 0.00    3 0.00       0.00   1   1   1
  51  P     1478.73     3.81665   51 1.00    2 0.00    3 0.00       0.00   1   1   1
  52  P     1492.26    -1.32331   52 1.00    2 0.00    3 0.00       0.00   1   1   1
  53  P     1504.56    -4.14373   53 1.00    2 0.00    3 0.00       0.00   1   1   1
  54  P     1552.33     1.22695   54 1.00    2 0.00    3 0.00       0.00   1   1   1
  55  P     1594.81     0.67078   55 1.00    2 0.00    3 0.00       0.00   1   1   1
  56  P     1606.29    -1.00756   56 1.00    2 0.00    3 0.00       0.00   1   1   1
  57  P     1633.11     1.24926   57 1.00    2 0.00    3 0.00       0.00   1   1   1
  58  P     1669.25     2.15904   58 1.00    2 0.00    3 0.00       0.00   1   1   1
  59  P     1710.05    -4.73790   59 1.00    2 0.00    3 0.00       0.00   1   1   1
  60  P     1726.47   -10.69091   60 1.00    2 0.00    3 0.00       0.00   1   1   1
  61  P     1749.68     3.39509   61 1.00    2 0.00    3 0.00       0.00   1   1   1
  62  P     3059.85     0.37567   62 1.00    2 0.00    3 0.00       0.00   1   1   1
  63  P     3117.02     0.00066   63 1.00    2 0.00    3 0.00       0.00   1   1   1
  64  P     3144.55    -0.17272   64 1.00    2 0.00    3 0.00       0.00   1   1   1
  65  P     3234.98    -0.82104   65 1.00    2 0.00    3 0.00       0.00   1   1   1
  66  P     3295.07    -0.52125   66 1.00    2 0.00    3 0.00       0.00   1   1   1
  67  P     3410.57     0.23308   67 1.00    2 0.00    3 0.00       0.00   1   1   1
  68  P     3434.60    -0.46759   68 1.00    2 0.00    3 0.00       0.00   1   1   1
  69  P     3523.22    -0.23947   69 1.00    2 0.00    3 0.00       0.00   1   1   1
  70  P     3668.48    -0.10990   70 1.00    2 0.00    3 0.00       0.00   1   1   1
  71  P     3695.20     0.12259   71 1.00    2 0.00    3 0.00       0.00   1   1   1
  72  P     3734.81    -0.13342   72 1.00    2 0.00    3 0.00       0.00   1   1   1
  73  P     3879.34    -0.00383   73 1.00    2 0.00    3 0.00       0.00   1   1   1
  74  P     3892.89     0.03341   74 1.00    2 0.00    3 0.00       0.00   1   1   1
  75  P     3897.00    -0.03064   75 1.00    2 0.00    3 0.00       0.00   1   1   1
   
 *********************************************************** 
  
  AVERAGE MAX PROJECTION     1.000000    St Dev   0.000000
  AVERAGE FREQ DIFF          0.000000    St Dev   0.000000
  AVERAGE ABS FREQ DIFF      0.000000    St Dev   0.000000
  AVERAGE ABS DISPLACE       0.162590    St Dev  15.842555
  SUM DISPL**2           18825.973016
  
 *********************************************************** 
  

 ADDITIONAL ANALYSIS ON DUSCHINSKY MATRIX
 ----------------------------------------
  Determinant:     1.0000

  ** A = GM·GMT **
  Det(A)     :     1.0000
  Trace(A)   :    75.0000
  Det(A-I)   :     0.0000
  Trace(A-I) :     0.0000
 ----------------------------------------

   
   
 STATE1 MODES SORTED BY DECREASING DIMENSIONLESS SHIFT
   IND    MODE    FREQUENCY DIMENSIONLESS SHIFT
     1       6     101.74424       0.13972E+01
     2       1      23.69974      -0.10776E+01
     3      48    1397.03683      -0.98665E+00
     4      60    1726.46970       0.94820E+00
     5      47    1270.75603       0.78091E+00
     6       5      69.58869       0.66737E+00
     7      35     766.64929       0.58676E+00
     8      27     482.38648      -0.57893E+00
     9      32     636.24816      -0.56771E+00
    10      38     825.09175       0.52940E+00
    11      30     608.95937      -0.49620E+00
    12      45    1201.81909       0.44889E+00
    13      59    1710.05140       0.41821E+00
    14      42    1012.27687      -0.39186E+00
    15       3      53.95450      -0.39029E+00
    16      23     415.63683      -0.36915E+00
    17      53    1504.55820       0.34309E+00
    18       7     118.24849      -0.31728E+00
    19      51    1478.72870      -0.31328E+00
    20      61    1749.67539      -0.30314E+00
    21      29     567.09932       0.29085E+00
    22       8     138.70959       0.28327E+00
    23      25     438.62883       0.25751E+00
    24      58    1669.25026      -0.18829E+00
    25      31     625.23999      -0.17739E+00
    26       2      40.65179       0.16553E+00
    27      21     344.14249       0.15722E+00
    28      43    1051.79755      -0.15655E+00
    29      26     465.49205      -0.15561E+00
    30      39     882.38654       0.13575E+00
    31      14     192.13269       0.11961E+00
    32       4      62.86303       0.11700E+00
    33      12     175.73912      -0.11373E+00
    34       9     149.17880       0.10972E+00
    35      52    1492.25552       0.10912E+00
    36      46    1248.77884       0.10799E+00
    37      57    1633.11156      -0.10776E+00
    38      19     309.81395       0.10663E+00
    39      54    1552.32927      -0.10319E+00
    40      65    3234.98493       0.99680E-01
    41      11     167.95916      -0.91752E-01
    42      18     305.98207       0.89828E-01
    43      28     531.93025      -0.88063E-01
    44      56    1606.29315       0.86197E-01
    45      34     762.32586       0.79728E-01
    46      40     912.20864      -0.74404E-01
    47      36     783.20792      -0.65717E-01
    48      66    3295.07493       0.63869E-01
    49      68    3434.60240       0.58494E-01
    50      55    1594.80728      -0.57180E-01
    51      20     325.04437       0.52494E-01
    52      17     282.03509      -0.51764E-01
    53      16     254.12597      -0.45846E-01
    54      24     431.58477       0.45801E-01
    55      33     684.26382      -0.45340E-01
    56      62    3059.84823      -0.44357E-01
    57      37     809.45174      -0.44284E-01
    58      69    3523.21779       0.30341E-01
    59      67    3410.56671      -0.29056E-01
    60      22     395.85587      -0.28005E-01
    61      10     159.84401       0.26024E-01
    62      64    3144.55363       0.20674E-01
    63      72    3734.81060       0.17404E-01
    64      15     224.44720      -0.17158E-01
    65      13     183.57321      -0.16650E-01
    66      71    3695.20246      -0.15907E-01
    67      49    1429.49342      -0.15183E-01
    68      70    3668.48097       0.14208E-01
    69      44    1080.68994      -0.13013E-01
    70      41     956.44998      -0.63726E-02
    71      74    3892.89116      -0.44497E-02
    72      75    3896.99602       0.40822E-02
    73      50    1470.79230      -0.35386E-02
    74      73    3879.33554       0.50944E-03
    75      63    3117.01805      -0.78395E-04
   
   
 MODES OF STATE1 IN ORDER OF DECREASING FR COUPL
 ESTIMATED BY THE MAGNITUDE OF THE 0-0 INTEGRAL
   IND    MODE1  FREQ   MODE2 FR    FR. SHIFT INV0-0
     1     1    23.69974         1    23.69974         0.00000         1.00000
     2     2    40.65179         2    40.65179         0.00000         1.00000
     3     3    53.95450         3    53.95450         0.00000         1.00000
     4     4    62.86303         4    62.86303         0.00000         1.00000
     5     5    69.58869         5    69.58869         0.00000         1.00000
     6     6   101.74424         6   101.74424         0.00000         1.00000
     7     7   118.24849         7   118.24849         0.00000         1.00000
     8     8   138.70959         8   138.70959         0.00000         1.00000
     9     9   149.17880         9   149.17880         0.00000         1.00000
    10    10   159.84401        10   159.84401         0.00000         1.00000
    11    11   167.95916        11   167.95916         0.00000         1.00000
    12    12   175.73912        12   175.73912         0.00000         1.00000
    13    13   183.57321        13   183.57321         0.00000         1.00000
    14    14   192.13269        14   192.13269         0.00000         1.00000
    15    15   224.44720        15   224.44720         0.00000         1.00000
    16    16   254.12597        16   254.12597         0.00000         1.00000
    17    17   282.03509        17   282.03509         0.00000         1.00000
    18    18   305.98207        18   305.98207         0.00000         1.00000
    19    19   309.81395        19   309.81395         0.00000         1.00000
    20    20   325.04437        20   325.04437         0.00000         1.00000
    21    21   344.14249        21   344.14249         0.00000         1.00000
    22    22   395.85587        22   395.85587         0.00000         1.00000
    23    23   415.63683        23   415.63683         0.00000         1.00000
    24    24   431.58477        24   431.58477         0.00000         1.00000
    25    25   438.62883        25   438.62883         0.00000         1.00000
    26    26   465.49205        26   465.49205         0.00000         1.00000
    27    27   482.38648        27   482.38648         0.00000         1.00000
    28    28   531.93025        28   531.93025         0.00000         1.00000
    29    29   567.09932        29   567.09932         0.00000         1.00000
    30    30   608.95937        30   608.95937         0.00000         1.00000
    31    31   625.23999        31   625.23999         0.00000         1.00000
    32    32   636.24816        32   636.24816         0.00000         1.00000
    33    33   684.26382        33   684.26382         0.00000         1.00000
    34    34   762.32586        34   762.32586         0.00000         1.00000
    35    35   766.64929        35   766.64929         0.00000         1.00000
    36    36   783.20792        36   783.20792         0.00000         1.00000
    37    37   809.45174        37   809.45174         0.00000         1.00000
    38    38   825.09175        38   825.09175         0.00000         1.00000
    39    39   882.38654        39   882.38654         0.00000         1.00000
    40    40   912.20864        40   912.20864         0.00000         1.00000
    41    41   956.44998        41   956.44998         0.00000         1.00000
    42    42  1012.27687        42  1012.27687         0.00000         1.00000
    43    43  1051.79755        43  1051.79755         0.00000         1.00000
    44    44  1080.68994        44  1080.68994         0.00000         1.00000
    45    45  1201.81909        45  1201.81909         0.00000         1.00000
    46    46  1248.77884        46  1248.77884         0.00000         1.00000
    47    47  1270.75603        47  1270.75603         0.00000         1.00000
    48    48  1397.03683        48  1397.03683         0.00000         1.00000
    49    49  1429.49342        49  1429.49342         0.00000         1.00000
    50    50  1470.79230        50  1470.79230         0.00000         1.00000
    51    51  1478.72870        51  1478.72870         0.00000         1.00000
    52    52  1492.25552        52  1492.25552         0.00000         1.00000
    53    53  1504.55820        53  1504.55820         0.00000         1.00000
    54    54  1552.32927        54  1552.32927         0.00000         1.00000
    55    55  1594.80728        55  1594.80728         0.00000         1.00000
    56    56  1606.29315        56  1606.29315         0.00000         1.00000
    57    57  1633.11156        57  1633.11156         0.00000         1.00000
    58    58  1669.25026        58  1669.25026         0.00000         1.00000
    59    59  1710.05140        59  1710.05140         0.00000         1.00000
    60    60  1726.46970        60  1726.46970         0.00000         1.00000
    61    61  1749.67539        61  1749.67539         0.00000         1.00000
    62    62  3059.84823        62  3059.84823         0.00000         1.00000
    63    63  3117.01805        63  3117.01805         0.00000         1.00000
    64    64  3144.55363        64  3144.55363         0.00000         1.00000
    65    65  3234.98493        65  3234.98493         0.00000         1.00000
    66    66  3295.07493        66  3295.07493         0.00000         1.00000
    67    67  3410.56671        67  3410.56671         0.00000         1.00000
    68    68  3434.60240        68  3434.60240         0.00000         1.00000
    69    69  3523.21779        69  3523.21779         0.00000         1.00000
    70    70  3668.48097        70  3668.48097         0.00000         1.00000
    71    71  3695.20246        71  3695.20246         0.00000         1.00000
    72    72  3734.81060        72  3734.81060         0.00000         1.00000
    73    73  3879.33554        73  3879.33554         0.00000         1.00000
    74    74  3892.89116        74  3892.89116         0.00000         1.00000
    75    75  3896.99602        75  3896.99602         0.00000         1.00000
   
   
   
   
 STATE2 MODES SORTED BY DECREASING DIMENSIONLESS SHIFT
   IND    MODE    FREQUENCY DIMENSIONLESS SHIFT
     1       6     101.74424      -0.13972E+01
     2       1      23.69974       0.10776E+01
     3      48    1397.03683       0.98665E+00
     4      60    1726.46970      -0.94820E+00
     5      47    1270.75603      -0.78091E+00
     6       5      69.58869      -0.66737E+00
     7      35     766.64929      -0.58676E+00
     8      27     482.38648       0.57893E+00
     9      32     636.24816       0.56771E+00
    10      38     825.09175      -0.52940E+00
    11      30     608.95937       0.49620E+00
    12      45    1201.81909      -0.44889E+00
    13      59    1710.05140      -0.41821E+00
    14      42    1012.27687       0.39186E+00
    15       3      53.95450       0.39029E+00
    16      23     415.63683       0.36915E+00
    17      53    1504.55820      -0.34309E+00
    18       7     118.24849       0.31728E+00
    19      51    1478.72870       0.31328E+00
    20      61    1749.67539       0.30314E+00
    21      29     567.09932      -0.29085E+00
    22       8     138.70959      -0.28327E+00
    23      25     438.62883      -0.25751E+00
    24      58    1669.25026       0.18829E+00
    25      31     625.23999       0.17739E+00
    26       2      40.65179      -0.16553E+00
    27      21     344.14249      -0.15722E+00
    28      43    1051.79755       0.15655E+00
    29      26     465.49205       0.15561E+00
    30      39     882.38654      -0.13575E+00
    31      14     192.13269      -0.11961E+00
    32       4      62.86303      -0.11700E+00
    33      12     175.73912       0.11373E+00
    34       9     149.17880      -0.10972E+00
    35      52    1492.25552      -0.10912E+00
    36      46    1248.77884      -0.10799E+00
    37      57    1633.11156       0.10776E+00
    38      19     309.81395      -0.10663E+00
    39      54    1552.32927       0.10319E+00
    40      65    3234.98493      -0.99680E-01
    41      11     167.95916       0.91752E-01
    42      18     305.98207      -0.89828E-01
    43      28     531.93025       0.88063E-01
    44      56    1606.29315      -0.86197E-01
    45      34     762.32586      -0.79728E-01
    46      40     912.20864       0.74404E-01
    47      36     783.20792       0.65717E-01
    48      66    3295.07493      -0.63869E-01
    49      68    3434.60240      -0.58494E-01
    50      55    1594.80728       0.57180E-01
    51      20     325.04437      -0.52494E-01
    52      17     282.03509       0.51764E-01
    53      16     254.12597       0.45846E-01
    54      24     431.58477      -0.45801E-01
    55      33     684.26382       0.45340E-01
    56      62    3059.84823       0.44357E-01
    57      37     809.45174       0.44284E-01
    58      69    3523.21779      -0.30341E-01
    59      67    3410.56671       0.29056E-01
    60      22     395.85587       0.28005E-01
    61      10     159.84401      -0.26024E-01
    62      64    3144.55363      -0.20674E-01
    63      72    3734.81060      -0.17404E-01
    64      15     224.44720       0.17158E-01
    65      13     183.57321       0.16650E-01
    66      71    3695.20246       0.15907E-01
    67      49    1429.49342       0.15183E-01
    68      70    3668.48097      -0.14208E-01
    69      44    1080.68994       0.13013E-01
    70      41     956.44998       0.63726E-02
    71      74    3892.89116       0.44497E-02
    72      75    3896.99602      -0.40822E-02
    73      50    1470.79230       0.35386E-02
    74      73    3879.33554      -0.50944E-03
    75      63    3117.01805       0.78395E-04
   
   
 MODES OF STATE2 IN ORDER OF DECREASING FR COUPL
 ESTIMATED BY THE MAGNITUDE OF THE 0-0 INTEGRAL
   IND    MODE2  FREQ   MODE1 FR    FR. SHIFT INV0-0
     1     1    23.69974         1    23.69974         0.00000         1.00000
     2     2    40.65179         2    40.65179         0.00000         1.00000
     3     3    53.95450         3    53.95450         0.00000         1.00000
     4     4    62.86303         4    62.86303         0.00000         1.00000
     5     5    69.58869         5    69.58869         0.00000         1.00000
     6     6   101.74424         6   101.74424         0.00000         1.00000
     7     7   118.24849         7   118.24849         0.00000         1.00000
     8     8   138.70959         8   138.70959         0.00000         1.00000
     9     9   149.17880         9   149.17880         0.00000         1.00000
    10    10   159.84401        10   159.84401         0.00000         1.00000
    11    11   167.95916        11   167.95916         0.00000         1.00000
    12    12   175.73912        12   175.73912         0.00000         1.00000
    13    13   183.57321        13   183.57321         0.00000         1.00000
    14    14   192.13269        14   192.13269         0.00000         1.00000
    15    15   224.44720        15   224.44720         0.00000         1.00000
    16    16   254.12597        16   254.12597         0.00000         1.00000
    17    17   282.03509        17   282.03509         0.00000         1.00000
    18    18   305.98207        18   305.98207         0.00000         1.00000
    19    19   309.81395        19   309.81395         0.00000         1.00000
    20    20   325.04437        20   325.04437         0.00000         1.00000
    21    21   344.14249        21   344.14249         0.00000         1.00000
    22    22   395.85587        22   395.85587         0.00000         1.00000
    23    23   415.63683        23   415.63683         0.00000         1.00000
    24    24   431.58477        24   431.58477         0.00000         1.00000
    25    25   438.62883        25   438.62883         0.00000         1.00000
    26    26   465.49205        26   465.49205         0.00000         1.00000
    27    27   482.38648        27   482.38648         0.00000         1.00000
    28    28   531.93025        28   531.93025         0.00000         1.00000
    29    29   567.09932        29   567.09932         0.00000         1.00000
    30    30   608.95937        30   608.95937         0.00000         1.00000
    31    31   625.23999        31   625.23999         0.00000         1.00000
    32    32   636.24816        32   636.24816         0.00000         1.00000
    33    33   684.26382        33   684.26382         0.00000         1.00000
    34    34   762.32586        34   762.32586         0.00000         1.00000
    35    35   766.64929        35   766.64929         0.00000         1.00000
    36    36   783.20792        36   783.20792         0.00000         1.00000
    37    37   809.45174        37   809.45174         0.00000         1.00000
    38    38   825.09175        38   825.09175         0.00000         1.00000
    39    39   882.38654        39   882.38654         0.00000         1.00000
    40    40   912.20864        40   912.20864         0.00000         1.00000
    41    41   956.44998        41   956.44998         0.00000         1.00000
    42    42  1012.27687        42  1012.27687         0.00000         1.00000
    43    43  1051.79755        43  1051.79755         0.00000         1.00000
    44    44  1080.68994        44  1080.68994         0.00000         1.00000
    45    45  1201.81909        45  1201.81909         0.00000         1.00000
    46    46  1248.77884        46  1248.77884         0.00000         1.00000
    47    47  1270.75603        47  1270.75603         0.00000         1.00000
    48    48  1397.03683        48  1397.03683         0.00000         1.00000
    49    49  1429.49342        49  1429.49342         0.00000         1.00000
    50    50  1470.79230        50  1470.79230         0.00000         1.00000
    51    51  1478.72870        51  1478.72870         0.00000         1.00000
    52    52  1492.25552        52  1492.25552         0.00000         1.00000
    53    53  1504.55820        53  1504.55820         0.00000         1.00000
    54    54  1552.32927        54  1552.32927         0.00000         1.00000
    55    55  1594.80728        55  1594.80728         0.00000         1.00000
    56    56  1606.29315        56  1606.29315         0.00000         1.00000
    57    57  1633.11156        57  1633.11156         0.00000         1.00000
    58    58  1669.25026        58  1669.25026         0.00000         1.00000
    59    59  1710.05140        59  1710.05140         0.00000         1.00000
    60    60  1726.46970        60  1726.46970         0.00000         1.00000
    61    61  1749.67539        61  1749.67539         0.00000         1.00000
    62    62  3059.84823        62  3059.84823         0.00000         1.00000
    63    63  3117.01805        63  3117.01805         0.00000         1.00000
    64    64  3144.55363        64  3144.55363         0.00000         1.00000
    65    65  3234.98493        65  3234.98493         0.00000         1.00000
    66    66  3295.07493        66  3295.07493         0.00000         1.00000
    67    67  3410.56671        67  3410.56671         0.00000         1.00000
    68    68  3434.60240        68  3434.60240         0.00000         1.00000
    69    69  3523.21779        69  3523.21779         0.00000         1.00000
    70    70  3668.48097        70  3668.48097         0.00000         1.00000
    71    71  3695.20246        71  3695.20246         0.00000         1.00000
    72    72  3734.81060        72  3734.81060         0.00000         1.00000
    73    73  3879.33554        73  3879.33554         0.00000         1.00000
    74    74  3892.89116        74  3892.89116         0.00000         1.00000
    75    75  3896.99602        75  3896.99602         0.00000         1.00000
   
   
  
  
 DIMENSIONLESS SHIFTS 
   IND     STATE1       STATE2
     1    -0.10776E+01     0.10776E+01
     2     0.16553E+00    -0.16553E+00
     3    -0.39029E+00     0.39029E+00
     4     0.11700E+00    -0.11700E+00
     5     0.66737E+00    -0.66737E+00
     6     0.13972E+01    -0.13972E+01
     7    -0.31728E+00     0.31728E+00
     8     0.28327E+00    -0.28327E+00
     9     0.10972E+00    -0.10972E+00
    10     0.26024E-01    -0.26024E-01
    11    -0.91752E-01     0.91752E-01
    12    -0.11373E+00     0.11373E+00
    13    -0.16650E-01     0.16650E-01
    14     0.11961E+00    -0.11961E+00
    15    -0.17158E-01     0.17158E-01
    16    -0.45846E-01     0.45846E-01
    17    -0.51764E-01     0.51764E-01
    18     0.89828E-01    -0.89828E-01
    19     0.10663E+00    -0.10663E+00
    20     0.52494E-01    -0.52494E-01
    21     0.15722E+00    -0.15722E+00
    22    -0.28005E-01     0.28005E-01
    23    -0.36915E+00     0.36915E+00
    24     0.45801E-01    -0.45801E-01
    25     0.25751E+00    -0.25751E+00
    26    -0.15561E+00     0.15561E+00
    27    -0.57893E+00     0.57893E+00
    28    -0.88063E-01     0.88063E-01
    29     0.29085E+00    -0.29085E+00
    30    -0.49620E+00     0.49620E+00
    31    -0.17739E+00     0.17739E+00
    32    -0.56771E+00     0.56771E+00
    33    -0.45340E-01     0.45340E-01
    34     0.79728E-01    -0.79728E-01
    35     0.58676E+00    -0.58676E+00
    36    -0.65717E-01     0.65717E-01
    37    -0.44284E-01     0.44284E-01
    38     0.52940E+00    -0.52940E+00
    39     0.13575E+00    -0.13575E+00
    40    -0.74404E-01     0.74404E-01
    41    -0.63726E-02     0.63726E-02
    42    -0.39186E+00     0.39186E+00
    43    -0.15655E+00     0.15655E+00
    44    -0.13013E-01     0.13013E-01
    45     0.44889E+00    -0.44889E+00
    46     0.10799E+00    -0.10799E+00
    47     0.78091E+00    -0.78091E+00
    48    -0.98665E+00     0.98665E+00
    49    -0.15183E-01     0.15183E-01
    50    -0.35386E-02     0.35386E-02
    51    -0.31328E+00     0.31328E+00
    52     0.10912E+00    -0.10912E+00
    53     0.34309E+00    -0.34309E+00
    54    -0.10319E+00     0.10319E+00
    55    -0.57180E-01     0.57180E-01
    56     0.86197E-01    -0.86197E-01
    57    -0.10776E+00     0.10776E+00
    58    -0.18829E+00     0.18829E+00
    59     0.41821E+00    -0.41821E+00
    60     0.94820E+00    -0.94820E+00
    61    -0.30314E+00     0.30314E+00
    62    -0.44357E-01     0.44357E-01
    63    -0.78395E-04     0.78395E-04
    64     0.20674E-01    -0.20674E-01
    65     0.99680E-01    -0.99680E-01
    66     0.63869E-01    -0.63869E-01
    67    -0.29056E-01     0.29056E-01
    68     0.58494E-01    -0.58494E-01
    69     0.30341E-01    -0.30341E-01
    70     0.14208E-01    -0.14208E-01
    71    -0.15907E-01     0.15907E-01
    72     0.17404E-01    -0.17404E-01
    73     0.50944E-03    -0.50944E-03
    74    -0.44497E-02     0.44497E-02
    75     0.40822E-02    -0.40822E-02
  SUM SQUARED DIMENSIONLESS DISPL STATE1        9.4136
  SUM SQUARED DIMENSIONLESS DISPL STATE2        9.4136
  VALUE STATE1 GROUND VIB WAVEFUN AT GEO2       0.0090
  VALUE STATE2 GROUND VIB WAVEFUN AT GEO1       0.0090
  VALUE STATE1 GROUND VIB WAVEFUN AT (GEO1+GEO2)/2      0.3083
  VALUE STATE2 GROUND VIB WAVEFUN AT (GEO1+GEO2)/2      0.3083

 Printing Duschinski matrix to 'duschinsky.dat'


 Printing Shift vector to 'displacement.dat'


NOTE: DE read from input:   5.035 (eV)                                                                    
 


 ===========================
  REORGANIZATION ENERGY
 ===========================
     0.015129  (Hartree)
     0.411692  (eV)


 ------------------------------------------------------
 Extrapolation form (generalized) vertical point:
 ------------------------------------------------------
 Extrapolated vertical energy:        5.03470  (eV)
 Extrapolated adiabatic energy:       5.03470  (eV)
 Extrapolated reorg. energy   :       0.00000  (eV)
 ------------------------------------------------------



 ===============================
  ZERO-POINT ENERGY CORRECTIONS 
 ===============================


                    ZERO POINT ENERGY IN CM-1
    E01=     47266.57    E02=     47266.57


                    0-0 ENERGY DIFFERENCE
       4.62301 eV


                    ADIABATIC ENERGY     
       4.62301 eV




 ====================

  TRANSITION DIPOLES 

 ====================
 Model for tr. dipoles: FC
 Reading electric dipole file: ../eldip_Thymine6311-freq-solv-ES1_fchk
 


 ================= 
  TRANSITION INFO  
 ================= 
            DATA FOR VERTICAL TRANSITION 
  electric transition dipoles (au) at initial GEO 1
           -1.68338565    0.47957701   -0.02958662
  electric transition dipoles (au) at initial GEO 2
           -1.68338565    0.47957701   -0.02958662
  Square tr dipoles: geo1  3.06465672  geo2   3.06465672  Diff (d1-d2)/d1    0.0000 %
   
 ------------------
  State2 -> State1
 ------------------
 Reorganization Energy (eV) on State1        0.411692
 Vertical emission energy (eV)               4.211318
 Fluorescence lifetime from minimum (ns)  4.109684E+00
 ********************************************** 
   
 ------------------
  State1 -> State2
 ------------------
 Reorganization Energy on State2 (eV)        0.411692
 Vertical absorption energy (eV)             5.034702
 Absorption oscillator strength           3.780189E-01
 ********************************************** 
   

NOTE: Spectra resolution set to:  0.00400                                                                 
 

NOTE: To ensure exact match of TI and TD resuls, final spectral range reset to:    4.0000-                
       9.0000(eV)                                                                                         
 

 ----------------------------------------
 Refined spectral range for simulations: 
  nene       =      1251
  From E(eV) =    4.0000
  To   E(eV) =    9.0000
 
 Related time-domain parameters
 (with energy shift & extended range):
  ntime =          652
  dt    =       0.7929
  tfin  =     516.5620
 Shift info (for external FT)
  dE_ext=  0.104000    
  Eshift=   3.89600    
 ----------------------------------------


NOTE: Changing Ead to optimize TD method before entering the spectrum calculation.Ead(original)=          
        4.623 (eV); Ead(shifted )=   0.727 (eV)                                                           
 


 ____________________________________________
  ============================================
  PROGRAM: td_onephoton
   Compute vibronic spectra with a harmonic 
   TD formulation                           
                                            
  References:                               
   Comput Theoret Chem, 1040--1041, 186-194 (2014)
 ____________________________________________
  ============================================
 
 SUMMARY OF CALCULATION OPTIONS
 -------------------------------
 Adiabatic Energy (eV)  :   0.7270

 Tipe of transition     : ABS-ECDNO

 Dipole aproximation    : FC-FC
 El. dipole at ref geom :    -1.68       0.480      -0.296E-01

 Numerical evaluation of xi(t)
         Total time (fs):   516.562
         Nr data points : 652
         Time step (fs) :  0.793    

 Broad. function        : GAU  
 Broad. exponent        :    7.794E-07
 Broad. order           : 2
 -------------------------------

 Computing correlation functions over 652 points

 Calling FFT with 1304 points


 Entering in fft_calc subroutine (FFTW)
 Ndata: 1304
 tini and tfin  -516.562     516.562

 df  9.671957840330411E-004
 dt  0.792881005380783     
 =========== tdspectra finished ===========  
 Timing...
  CPU (s) for tdspectra :       0.896
 ==========================================
                                           



===============================

 SUMMARY OF NOTES AND WARNINGS

===============================
 ---------------------------------
 7 notes raised along the run
 Look for NOTE in the output
 ---------------------------------

 
 ****************** FCclasses finished *******************
 Timing...   
  CPU (s)       0.943
 *********************************************************
 
 FCclasses finished successfully
