 
                                                    \ /               
                                              ..-'''-*-               
                                              \.-'''\ \               
      _____ _____      _                             | |              
     |  ___/  __ \    | |                         __/ /               
     | |_  | /  \/ ___| | __ _ ___ ___  ___  ___ |_  '.               
     |  _| | |    / __| |/ _` / __/ __|/ _ \/ __|   `.  \             
     | |   | \__/\ (__| | (_| \__ \__ \  __/\__ \     \ '.            
     \_|    \____/\___|_|\__,_|___/___/\___||___/      , |            
                                                       | |            
                                                      / ,'            
                                              -....--'  /             
                                              `.. __..-'              
                                                                      
 ********************************************************* 
   FCCLASSES3:                                             
   A code for vibronic simulations                         
                                                           
                                                           
 ********************************************************* 


 GIT VERSION INFO
  Commit id  : v3-1.0-2-g78ec1d1-dirty
  Commit date: 2022-07-22 10:24:13 +0200

 CURRENT RUN INFO
  Date&Time  : 2023-01-11, 15:41:23
  Input file : STDIN
  Input type : NEW



 INPUT OPTIONS:
-------------------------------
$$$
;GENERAL OPTIONS:
; NAT        = (read from structure files)
; NVIB       = (determined vibrational analysis)
PROPERTY     =   RR    
MODEL        =   VG   
DIPOLE       =   FC   
DIPDER_COORD =   CARTESIAN  
TEMP         =     0.00
DE           =   6.27260
BROADFUN     =   LOR  
HWHM         =   0.0400
RESOL        =   0.0040  ; (default: HWHM/10)
METHOD       =   TD   
ROT          =   1
SPCMIN       =     4.000
SPCMAX       =     9.000
;RESONANCE RAMAN
RR_NFIELD        =   1001
RR_FIELDMIN      =   4.000
RR_FIELDMAX      =   9.000
RR_POLAR         =   W
RR_SPEED         =   Y
RR_SINGLE_MAXEXC =   1
RR_DOUBLE_MAXEXC =   1
;VIBRATIONAL ANALYSIS
NORMALMODES  =   COMPUTE  
RM_COORD     =   NONE    
COORDS       =   CARTESIAN  
FORCE_REAL   =   YES  
;INPUT DATA FILES
STATE1_FILE  =   ../../Thymine6311-freq-solv.fcc
STATE2_FILE  =   ../../Thymine6311-freq-solv-ES3.fcc
MASS_FILE    =   
ELDIP_FILE   =   ../../../eldip_Thymine6311-freq-solv-ES3_fchk
MAGDIP_FILE  =   ../../../magdip_Thymine6311-freq-solv-ES3_fchk
NAC_FILE     =   
NRCOUP_FILE  =   ../../../eldip_Thymine6311-freq-solv-ES3_fchk
HESS1_FILE   =   ../../Thymine6311-freq-solv.fcc
HESS2_FILE   =   ../../Thymine6311-freq-solv.fcc
GRAD1_FILE   =   ../../Thymine6311-freq-solv.fcc
GRAD2_COORD  =   CARTESIAN
GRAD2_FILE   =   ../../Thymine6311-freq-solv-ES3.fcc
;VERBOSE LEVEL
VERBOSE      =   1
  
-------------------------------



 ==> State 1 <==

 Geometry file: ../../Thymine6311-freq-solv.fcc


 Gradient file: ../../Thymine6311-freq-solv.fcc

NOTE: The calculation for this State will assume stationary point since the gradient is                   
      small (maximum atomic gradient:   0.000096 a.u.)                                                    
 
 Hessian file: ../../Thymine6311-freq-solv.fcc



 ---------------------------------------
  Check effect of symmetry operations
  on Hessian elements (or gs^t\beta)
 ---------------------------------------

 Using input geometry instead of rotating to principal axis of intertia to detect symmetry


NOTE: Cannot determine symmetry. Set to C1 (no symmetric atoms)                                           
 
 
 ---------------------------------------



 =========================
  ANALYSIS OF DOFs
 =========================

 => STATE 1 <=
 Geometry (Angstroms)
 15    # Nr. of atoms
   Atom       X         Y         Z      Mass
N         -0.2312   -0.0351   -0.1877   14.0031
C          1.0964   -0.3620   -0.1381   12.0000
N          1.9435    0.6930    0.0003   14.0031
C          1.5071    1.9884    0.0940   12.0000
C          0.2030    2.3185    0.0627   12.0000
C         -0.7580    1.2420   -0.0795   12.0000
H         -0.8888   -0.8134   -0.3333    1.0078
O          1.4937   -1.5266   -0.2121   15.9949
H          2.9379    0.4607    0.0320    1.0078
H          2.2898    2.7278    0.1993    1.0078
O         -1.9758    1.4124   -0.1084   15.9949
C         -0.2989    3.7236    0.1709   12.0000
H         -0.8775    4.0006   -0.7127    1.0078
H         -0.9551    3.8378    1.0362    1.0078
H          0.5319    4.4213    0.2727    1.0078
 

 ------------------------------------------------
   INERTIA TENSOR (to be multiplied by 10**5)
 ------------------------------------------------

             1           2           3
  
    1     5.55981     1.59870    -0.03008
    2     1.59870     3.81930    -0.42153
    3    -0.03008    -0.42153     9.24233
 ------------------------------------------------


 ------------------------------------------------
   ROTATIONAL CONSTANTS (AND ROTATION MATRIX)
 ------------------------------------------------

 ROOT NO.    1           2           3

    ************************************
  
    1    -0.50699     0.86024     0.05434
    2     0.86067     0.50180     0.08623
    3    -0.04690    -0.09049     0.99479
 ------------------------------------------------

  Rotational constants (GHz)
     3.23194     1.41973     0.99250
  Rotational temperatures (K)
     0.15511     0.06814     0.04763


 -------------------
  DOF   Dimension
 -------------------
  Vib    39
  Rot    3
  Tra    3
 -------------------


 Translating State1 to its Center of Mass
 Initial COM:       0.3199      1.0239     -0.0471


 ================================
  VIBRATIONAL ANALYSIS ON STATE1
 ================================

 ----------------------------------
   Redundant Frequencies (cm-1)
 ----------------------------------
     1    -0.00003
     2    -0.00001
     3     0.00001
     4     0.00002
     5     0.00002
     6     0.00002
 ----------------------------------


 ------------------------
   FREQUENCIES (cm-1)
 ------------------------
     1   134.20283
     2   160.41452
     3   196.22253
     4   302.96622
     5   314.07372
     6   428.07115
     7   432.89773
     8   481.64471
     9   574.28197
    10   635.11563
    11   759.35041
    12   765.25945
    13   782.45961
    14   804.97193
    15   824.89053
    16   880.92171
    17   956.39401
    18  1011.03147
    19  1050.49457
    20  1080.68471
    21  1201.11516
    22  1248.26176
    23  1270.66076
    24  1397.05755
    25  1429.50353
    26  1470.79227
    27  1478.65893
    28  1492.29025
    29  1504.09295
    30  1551.74094
    31  1702.40105
    32  1725.76303
    33  1742.73714
    34  3059.84937
    35  3117.01805
    36  3144.55442
    37  3234.98488
    38  3303.50187
    39  3435.88052
 ------------------------

 =====================
  THERMOCHEMISTRY     
 =====================
  Temperature (K):    0.00
  Pressure (atm) :    1.00
 
  Rotational constants (GHz)
     3.23194     1.41973     0.99250
  Rotational temperatures (K)
     0.15511     0.06814     0.04763
 
  Partition Functions
  qt =      0.000    
  qr =      0.000    
  qv =      0.000    
 
  Contributions to entropy
  St (cm-1/K) = -Infinity
  Sr (cm-1/K) = -Infinity
  Sv (cm-1/K) =       NaN
 
  Thermal corrections (AU)
  Zero Point Energy =   0.116385    
  Internal Energy   =   0.116385    
  Enthalpy          =   0.116385    
  Gibbs Free Energy =            NaN
 
  Thermal corrections (AU) - vibrational only
  Number of vibrations:      39
  V-internal Energy   =   0.116385    
  V-enthalpy          =   0.116385    
  V-gibbs Free Energy =            NaN


 ==> State 2 <==

 Geometry file: ../../Thymine6311-freq-solv-ES3.fcc


 Gradient file: ../../Thymine6311-freq-solv-ES3.fcc

NOTE: The calculation for this State will assume non-stationary point since the gradient                  
      is not negligible (maximum atomic gradient:   0.093994 a.u.)                                        
 
 Hessian file: ../../Thymine6311-freq-solv.fcc


 A RR calculation  will be performed
 RESETTING OPTRANS TO ABS
 RESETTING OPTRANS1 TO ECDNO


 =========================
  ANALYSIS OF DOFs
 =========================

 => STATE 2 <=
 Geometry (Angstroms)
 15    # Nr. of atoms
   Atom       X         Y         Z      Mass
N         -0.2312   -0.0351   -0.1877   14.0031
C          1.0964   -0.3620   -0.1381   12.0000
N          1.9435    0.6930    0.0003   14.0031
C          1.5071    1.9884    0.0940   12.0000
C          0.2030    2.3185    0.0627   12.0000
C         -0.7580    1.2420   -0.0795   12.0000
H         -0.8888   -0.8134   -0.3333    1.0078
O          1.4937   -1.5266   -0.2121   15.9949
H          2.9379    0.4607    0.0320    1.0078
H          2.2898    2.7278    0.1993    1.0078
O         -1.9758    1.4124   -0.1084   15.9949
C         -0.2989    3.7236    0.1709   12.0000
H         -0.8775    4.0006   -0.7127    1.0078
H         -0.9551    3.8378    1.0362    1.0078
H          0.5319    4.4213    0.2727    1.0078
 

 ------------------------------------------------
   INERTIA TENSOR (to be multiplied by 10**5)
 ------------------------------------------------

             1           2           3
  
    1     5.55981     1.59870    -0.03008
    2     1.59870     3.81930    -0.42153
    3    -0.03008    -0.42153     9.24233
 ------------------------------------------------


 ------------------------------------------------
   ROTATIONAL CONSTANTS (AND ROTATION MATRIX)
 ------------------------------------------------

 ROOT NO.    1           2           3

    ************************************
  
    1    -0.50699     0.86024     0.05434
    2     0.86067     0.50180     0.08623
    3    -0.04690    -0.09049     0.99479
 ------------------------------------------------

  Rotational constants (GHz)
     3.23194     1.41973     0.99250
  Rotational temperatures (K)
     0.15511     0.06814     0.04763


 -------------------
  DOF   Dimension
 -------------------
  Vib    39
  Rot    3
  Tra    3
 -------------------


 Translating State2 to its Center of Mass
 Initial COM:       0.3199      1.0239     -0.0471


 ================================
  VIBRATIONAL ANALYSIS ON STATE2
 ================================

Normal modes read from State1 for VG


 ------------------------
   FREQUENCIES (cm-1)
 ------------------------
     1   134.20283
     2   160.41452
     3   196.22253
     4   302.96622
     5   314.07372
     6   428.07115
     7   432.89773
     8   481.64471
     9   574.28197
    10   635.11563
    11   759.35041
    12   765.25945
    13   782.45961
    14   804.97193
    15   824.89053
    16   880.92171
    17   956.39401
    18  1011.03147
    19  1050.49457
    20  1080.68471
    21  1201.11516
    22  1248.26176
    23  1270.66076
    24  1397.05755
    25  1429.50353
    26  1470.79227
    27  1478.65893
    28  1492.29025
    29  1504.09295
    30  1551.74094
    31  1702.40105
    32  1725.76303
    33  1742.73714
    34  3059.84937
    35  3117.01805
    36  3144.55442
    37  3234.98488
    38  3303.50187
    39  3435.88052
 ------------------------


 -------------------------------------
   State2 Gradient (Q1-space) x1e5
 -------------------------------------
     1    -0.21706
     2     0.06713
     3     0.39672
     4    -0.07313
     5     0.89999
     6     4.38779
     7    -5.43217
     8    -4.80315
     9     1.44586
    10     3.77918
    11    -3.52421
    12    20.29864
    13    -2.03782
    14    -0.21619
    15    17.93032
    16    -0.00201
    17    -0.19190
    18   -13.02152
    19   -12.35230
    20     0.46004
    21    -1.83594
    22    31.37868
    23     8.93756
    24    19.46280
    25     3.49911
    26     0.10240
    27    24.26090
    28     9.90201
    29    53.63572
    30   -80.65836
    31     0.82630
    32   -44.85195
    33   -21.08514
    34     9.91011
    35    -0.46086
    36    -6.83511
    37     3.23125
    38    -4.88584
    39     5.41169
 -------------------------------------




                 ASSIGNMENTS AND ANALYSIS OF 1 WITH RESPECT TO 2
 STATE 1                              MODES STATE 2
IND DEF    FREQUENCY     SHIFT    I21 C21  I22 C22   I23 C23     FR(I21)  I90 I95 I99
   1  P      134.20     5.80524    1 1.00    2 0.00    3 0.00       0.00   1   1   1
   2  P      160.41    -1.25669    2 1.00    1 0.00    3 0.00       0.00   1   1   1
   3  P      196.22    -4.96309    3 1.00    2 0.00    1 0.00       0.00   1   1   1
   4  P      302.97     0.38378    4 1.00    2 0.00    3 0.00       0.00   1   1   1
   5  P      314.07    -4.39485    5 1.00    2 0.00    3 0.00       0.00   1   1   1
   6  P      428.07   -11.53406    6 1.00    2 0.00    3 0.00       0.00   1   1   1
   7  P      432.90    13.96277    7 1.00    2 0.00    3 0.00       0.00   1   1   1
   8  P      481.64     9.97335    8 1.00    2 0.00    3 0.00       0.00   1   1   1
   9  P      574.28    -2.11176    9 1.00    2 0.00    3 0.00       0.00   1   1   1
  10  P      635.12    -4.51296   10 1.00    2 0.00    3 0.00       0.00   1   1   1
  11  P      759.35     2.94405   11 1.00    2 0.00    3 0.00       0.00   1   1   1
  12  P      765.26   -16.69622   12 1.00    2 0.00    3 0.00       0.00   1   1   1
  13  P      782.46     1.60329   13 1.00    2 0.00    3 0.00       0.00   1   1   1
  14  P      804.97     0.16071   14 1.00    2 0.00    3 0.00       0.00   1   1   1
  15  P      824.89   -12.69299   15 1.00    2 0.00    3 0.00       0.00   1   1   1
  16  P      880.92     0.00125   16 1.00    2 0.00    3 0.00       0.00   1   1   1
  17  P      956.39     0.10106   17 1.00    2 0.00    3 0.00       0.00   1   1   1
  18  P     1011.03     6.13622   18 1.00    2 0.00    3 0.00       0.00   1   1   1
  19  P     1050.49     5.39174   19 1.00    2 0.00    3 0.00       0.00   1   1   1
  20  P     1080.68    -0.18974   20 1.00    2 0.00    3 0.00       0.00   1   1   1
  21  P     1201.12     0.61300   21 1.00    2 0.00    3 0.00       0.00   1   1   1
  22  P     1248.26    -9.70045   22 1.00    2 0.00    3 0.00       0.00   1   1   1
  23  P     1270.66    -2.66642   23 1.00    2 0.00    3 0.00       0.00   1   1   1
  24  P     1397.06    -4.80336   24 1.00    2 0.00    3 0.00       0.00   1   1   1
  25  P     1429.50    -0.82481   25 1.00    2 0.00    3 0.00       0.00   1   1   1
  26  P     1470.79    -0.02280   26 1.00    2 0.00    3 0.00       0.00   1   1   1
  27  P     1478.66    -5.34490   27 1.00    2 0.00    3 0.00       0.00   1   1   1
  28  P     1492.29    -2.14183   28 1.00    2 0.00    3 0.00       0.00   1   1   1
  29  P     1504.09   -11.42019   29 1.00    2 0.00    3 0.00       0.00   1   1   1
  30  P     1551.74    16.13540   30 1.00    2 0.00    3 0.00       0.00   1   1   1
  31  P     1702.40    -0.13734   31 1.00    2 0.00    3 0.00       0.00   1   1   1
  32  P     1725.76     7.25417   32 1.00    2 0.00    3 0.00       0.00   1   1   1
  33  P     1742.74     3.34412   33 1.00    2 0.00    3 0.00       0.00   1   1   1
  34  P     3059.85    -0.50986   34 1.00    2 0.00    3 0.00       0.00   1   1   1
  35  P     3117.02     0.02285   35 1.00    2 0.00    3 0.00       0.00   1   1   1
  36  P     3144.55     0.33296   36 1.00    2 0.00    3 0.00       0.00   1   1   1
  37  P     3234.98    -0.14873   37 1.00    2 0.00    3 0.00       0.00   1   1   1
  38  P     3303.50     0.21565   38 1.00    2 0.00    3 0.00       0.00   1   1   1
  39  P     3435.88    -0.22081   39 1.00    2 0.00    3 0.00       0.00   1   1   1
   
 *********************************************************** 
  
  AVERAGE MAX PROJECTION     1.000000    St Dev   0.000000
  AVERAGE FREQ DIFF          0.000000    St Dev   0.000000
  AVERAGE ABS FREQ DIFF      0.000000    St Dev   0.000000
  AVERAGE ABS DISPLACE      -0.561853    St Dev   6.506089
  SUM DISPL**2            1663.150022
  
 *********************************************************** 
  



                 ASSIGNMENTS AND ANALYSIS OF 2 WITH RESPECT TO 1
 STATE 2                              MODES STATE 1
IND DEF    FREQUENCY     SHIFT    I11 C11  I12 C12   I13 C13     FR(I11)  I90 I95 I99
   1  P      134.20    -5.80524    1 1.00    2 0.00    3 0.00       0.00   1   1   1
   2  P      160.41     1.25669    2 1.00    1 0.00    3 0.00       0.00   1   1   1
   3  P      196.22     4.96309    3 1.00    2 0.00    1 0.00       0.00   1   1   1
   4  P      302.97    -0.38378    4 1.00    2 0.00    3 0.00       0.00   1   1   1
   5  P      314.07     4.39485    5 1.00    2 0.00    3 0.00       0.00   1   1   1
   6  P      428.07    11.53406    6 1.00    2 0.00    3 0.00       0.00   1   1   1
   7  P      432.90   -13.96277    7 1.00    2 0.00    3 0.00       0.00   1   1   1
   8  P      481.64    -9.97335    8 1.00    2 0.00    3 0.00       0.00   1   1   1
   9  P      574.28     2.11176    9 1.00    2 0.00    3 0.00       0.00   1   1   1
  10  P      635.12     4.51296   10 1.00    2 0.00    3 0.00       0.00   1   1   1
  11  P      759.35    -2.94405   11 1.00    2 0.00    3 0.00       0.00   1   1   1
  12  P      765.26    16.69622   12 1.00    2 0.00    3 0.00       0.00   1   1   1
  13  P      782.46    -1.60329   13 1.00    2 0.00    3 0.00       0.00   1   1   1
  14  P      804.97    -0.16071   14 1.00    2 0.00    3 0.00       0.00   1   1   1
  15  P      824.89    12.69299   15 1.00    2 0.00    3 0.00       0.00   1   1   1
  16  P      880.92    -0.00125   16 1.00    2 0.00    3 0.00       0.00   1   1   1
  17  P      956.39    -0.10106   17 1.00    2 0.00    3 0.00       0.00   1   1   1
  18  P     1011.03    -6.13622   18 1.00    2 0.00    3 0.00       0.00   1   1   1
  19  P     1050.49    -5.39174   19 1.00    2 0.00    3 0.00       0.00   1   1   1
  20  P     1080.68     0.18974   20 1.00    2 0.00    3 0.00       0.00   1   1   1
  21  P     1201.12    -0.61300   21 1.00    2 0.00    3 0.00       0.00   1   1   1
  22  P     1248.26     9.70045   22 1.00    2 0.00    3 0.00       0.00   1   1   1
  23  P     1270.66     2.66642   23 1.00    2 0.00    3 0.00       0.00   1   1   1
  24  P     1397.06     4.80336   24 1.00    2 0.00    3 0.00       0.00   1   1   1
  25  P     1429.50     0.82481   25 1.00    2 0.00    3 0.00       0.00   1   1   1
  26  P     1470.79     0.02280   26 1.00    2 0.00    3 0.00       0.00   1   1   1
  27  P     1478.66     5.34490   27 1.00    2 0.00    3 0.00       0.00   1   1   1
  28  P     1492.29     2.14183   28 1.00    2 0.00    3 0.00       0.00   1   1   1
  29  P     1504.09    11.42019   29 1.00    2 0.00    3 0.00       0.00   1   1   1
  30  P     1551.74   -16.13540   30 1.00    2 0.00    3 0.00       0.00   1   1   1
  31  P     1702.40     0.13734   31 1.00    2 0.00    3 0.00       0.00   1   1   1
  32  P     1725.76    -7.25417   32 1.00    2 0.00    3 0.00       0.00   1   1   1
  33  P     1742.74    -3.34412   33 1.00    2 0.00    3 0.00       0.00   1   1   1
  34  P     3059.85     0.50986   34 1.00    2 0.00    3 0.00       0.00   1   1   1
  35  P     3117.02    -0.02285   35 1.00    2 0.00    3 0.00       0.00   1   1   1
  36  P     3144.55    -0.33296   36 1.00    2 0.00    3 0.00       0.00   1   1   1
  37  P     3234.98     0.14873   37 1.00    2 0.00    3 0.00       0.00   1   1   1
  38  P     3303.50    -0.21565   38 1.00    2 0.00    3 0.00       0.00   1   1   1
  39  P     3435.88     0.22081   39 1.00    2 0.00    3 0.00       0.00   1   1   1
   
 *********************************************************** 
  
  AVERAGE MAX PROJECTION     1.000000    St Dev   0.000000
  AVERAGE FREQ DIFF          0.000000    St Dev   0.000000
  AVERAGE ABS FREQ DIFF      0.000000    St Dev   0.000000
  AVERAGE ABS DISPLACE       0.561853    St Dev   6.506089
  SUM DISPL**2            1663.150022
  
 *********************************************************** 
  

 ADDITIONAL ANALYSIS ON DUSCHINSKY MATRIX
 ----------------------------------------
  Determinant:     1.0000

  ** A = GM·GMT **
  Det(A)     :     1.0000
  Trace(A)   :    39.0000
  Det(A-I)   :     0.0000
  Trace(A-I) :     0.0000
 ----------------------------------------

   
   
 STATE1 MODES SORTED BY DECREASING DIMENSIONLESS SHIFT
   IND    MODE    FREQUENCY DIMENSIONLESS SHIFT
     1      30    1551.74094       0.13567E+01
     2      12     765.25945      -0.98589E+00
     3      29    1504.09295      -0.94541E+00
     4      15     824.89053      -0.77816E+00
     5      22    1248.26176      -0.73156E+00
     6      32    1725.76303       0.64326E+00
     7       7     432.89773       0.62011E+00
     8       6     428.07115      -0.50939E+00
     9       8     481.64471       0.46721E+00
    10      27    1478.65893      -0.43871E+00
    11      18    1011.03147       0.41648E+00
    12      24    1397.05755      -0.38323E+00
    13      19    1050.49457       0.37302E+00
    14      33    1742.73714       0.29799E+00
    15      10     635.11563      -0.24277E+00
    16      23    1270.66076      -0.20289E+00
    17      28    1492.29025      -0.17661E+00
    18      11     759.35041       0.17317E+00
    19       5     314.07372      -0.16625E+00
    20       3     196.22253      -0.14840E+00
    21       1     134.20283       0.14355E+00
    22       9     574.28197      -0.10802E+00
    23      13     782.45961       0.95730E-01
    24      25    1429.50353      -0.66567E-01
    25      34    3059.84937      -0.60201E-01
    26      21    1201.11516       0.45348E-01
    27      36    3144.55442       0.39855E-01
    28       2     160.41452      -0.33975E-01
    29      39    3435.88052      -0.27628E-01
    30      38    3303.50187       0.26458E-01
    31      37    3234.98488      -0.18057E-01
    32       4     302.96622       0.14259E-01
    33      20    1080.68471      -0.13314E-01
    34      31    1702.40105      -0.12095E-01
    35      14     804.97193       0.97329E-02
    36      17     956.39401       0.66709E-02
    37      35    3117.01805       0.27229E-02
    38      26    1470.79227      -0.18666E-02
    39      16     880.92171       0.79006E-04
   
   
 MODES OF STATE1 IN ORDER OF DECREASING FR COUPL
 ESTIMATED BY THE MAGNITUDE OF THE 0-0 INTEGRAL
   IND    MODE1  FREQ   MODE2 FR    FR. SHIFT INV0-0
     1     1   134.20283         1   134.20283         0.00000         1.00000
     2     2   160.41452         2   160.41452         0.00000         1.00000
     3     3   196.22253         3   196.22253         0.00000         1.00000
     4     4   302.96622         4   302.96622         0.00000         1.00000
     5     5   314.07372         5   314.07372         0.00000         1.00000
     6     6   428.07115         6   428.07115         0.00000         1.00000
     7     7   432.89773         7   432.89773         0.00000         1.00000
     8     8   481.64471         8   481.64471         0.00000         1.00000
     9     9   574.28197         9   574.28197         0.00000         1.00000
    10    10   635.11563        10   635.11563         0.00000         1.00000
    11    11   759.35041        11   759.35041         0.00000         1.00000
    12    12   765.25945        12   765.25945         0.00000         1.00000
    13    13   782.45961        13   782.45961         0.00000         1.00000
    14    14   804.97193        14   804.97193         0.00000         1.00000
    15    15   824.89053        15   824.89053         0.00000         1.00000
    16    16   880.92171        16   880.92171         0.00000         1.00000
    17    17   956.39401        17   956.39401         0.00000         1.00000
    18    18  1011.03147        18  1011.03147         0.00000         1.00000
    19    19  1050.49457        19  1050.49457         0.00000         1.00000
    20    20  1080.68471        20  1080.68471         0.00000         1.00000
    21    21  1201.11516        21  1201.11516         0.00000         1.00000
    22    22  1248.26176        22  1248.26176         0.00000         1.00000
    23    23  1270.66076        23  1270.66076         0.00000         1.00000
    24    24  1397.05755        24  1397.05755         0.00000         1.00000
    25    25  1429.50353        25  1429.50353         0.00000         1.00000
    26    26  1470.79227        26  1470.79227         0.00000         1.00000
    27    27  1478.65893        27  1478.65893         0.00000         1.00000
    28    28  1492.29025        28  1492.29025         0.00000         1.00000
    29    29  1504.09295        29  1504.09295         0.00000         1.00000
    30    30  1551.74094        30  1551.74094         0.00000         1.00000
    31    31  1702.40105        31  1702.40105         0.00000         1.00000
    32    32  1725.76303        32  1725.76303         0.00000         1.00000
    33    33  1742.73714        33  1742.73714         0.00000         1.00000
    34    34  3059.84937        34  3059.84937         0.00000         1.00000
    35    35  3117.01805        35  3117.01805         0.00000         1.00000
    36    36  3144.55442        36  3144.55442         0.00000         1.00000
    37    37  3234.98488        37  3234.98488         0.00000         1.00000
    38    38  3303.50187        38  3303.50187         0.00000         1.00000
    39    39  3435.88052        39  3435.88052         0.00000         1.00000
   
   
   
   
 STATE2 MODES SORTED BY DECREASING DIMENSIONLESS SHIFT
   IND    MODE    FREQUENCY DIMENSIONLESS SHIFT
     1      30    1551.74094      -0.13567E+01
     2      12     765.25945       0.98589E+00
     3      29    1504.09295       0.94541E+00
     4      15     824.89053       0.77816E+00
     5      22    1248.26176       0.73156E+00
     6      32    1725.76303      -0.64326E+00
     7       7     432.89773      -0.62011E+00
     8       6     428.07115       0.50939E+00
     9       8     481.64471      -0.46721E+00
    10      27    1478.65893       0.43871E+00
    11      18    1011.03147      -0.41648E+00
    12      24    1397.05755       0.38323E+00
    13      19    1050.49457      -0.37302E+00
    14      33    1742.73714      -0.29799E+00
    15      10     635.11563       0.24277E+00
    16      23    1270.66076       0.20289E+00
    17      28    1492.29025       0.17661E+00
    18      11     759.35041      -0.17317E+00
    19       5     314.07372       0.16625E+00
    20       3     196.22253       0.14840E+00
    21       1     134.20283      -0.14355E+00
    22       9     574.28197       0.10802E+00
    23      13     782.45961      -0.95730E-01
    24      25    1429.50353       0.66567E-01
    25      34    3059.84937       0.60201E-01
    26      21    1201.11516      -0.45348E-01
    27      36    3144.55442      -0.39855E-01
    28       2     160.41452       0.33975E-01
    29      39    3435.88052       0.27628E-01
    30      38    3303.50187      -0.26458E-01
    31      37    3234.98488       0.18057E-01
    32       4     302.96622      -0.14259E-01
    33      20    1080.68471       0.13314E-01
    34      31    1702.40105       0.12095E-01
    35      14     804.97193      -0.97329E-02
    36      17     956.39401      -0.66709E-02
    37      35    3117.01805      -0.27229E-02
    38      26    1470.79227       0.18666E-02
    39      16     880.92171      -0.79006E-04
   
   
 MODES OF STATE2 IN ORDER OF DECREASING FR COUPL
 ESTIMATED BY THE MAGNITUDE OF THE 0-0 INTEGRAL
   IND    MODE2  FREQ   MODE1 FR    FR. SHIFT INV0-0
     1     1   134.20283         1   134.20283         0.00000         1.00000
     2     2   160.41452         2   160.41452         0.00000         1.00000
     3     3   196.22253         3   196.22253         0.00000         1.00000
     4     4   302.96622         4   302.96622         0.00000         1.00000
     5     5   314.07372         5   314.07372         0.00000         1.00000
     6     6   428.07115         6   428.07115         0.00000         1.00000
     7     7   432.89773         7   432.89773         0.00000         1.00000
     8     8   481.64471         8   481.64471         0.00000         1.00000
     9     9   574.28197         9   574.28197         0.00000         1.00000
    10    10   635.11563        10   635.11563         0.00000         1.00000
    11    11   759.35041        11   759.35041         0.00000         1.00000
    12    12   765.25945        12   765.25945         0.00000         1.00000
    13    13   782.45961        13   782.45961         0.00000         1.00000
    14    14   804.97193        14   804.97193         0.00000         1.00000
    15    15   824.89053        15   824.89053         0.00000         1.00000
    16    16   880.92171        16   880.92171         0.00000         1.00000
    17    17   956.39401        17   956.39401         0.00000         1.00000
    18    18  1011.03147        18  1011.03147         0.00000         1.00000
    19    19  1050.49457        19  1050.49457         0.00000         1.00000
    20    20  1080.68471        20  1080.68471         0.00000         1.00000
    21    21  1201.11516        21  1201.11516         0.00000         1.00000
    22    22  1248.26176        22  1248.26176         0.00000         1.00000
    23    23  1270.66076        23  1270.66076         0.00000         1.00000
    24    24  1397.05755        24  1397.05755         0.00000         1.00000
    25    25  1429.50353        25  1429.50353         0.00000         1.00000
    26    26  1470.79227        26  1470.79227         0.00000         1.00000
    27    27  1478.65893        27  1478.65893         0.00000         1.00000
    28    28  1492.29025        28  1492.29025         0.00000         1.00000
    29    29  1504.09295        29  1504.09295         0.00000         1.00000
    30    30  1551.74094        30  1551.74094         0.00000         1.00000
    31    31  1702.40105        31  1702.40105         0.00000         1.00000
    32    32  1725.76303        32  1725.76303         0.00000         1.00000
    33    33  1742.73714        33  1742.73714         0.00000         1.00000
    34    34  3059.84937        34  3059.84937         0.00000         1.00000
    35    35  3117.01805        35  3117.01805         0.00000         1.00000
    36    36  3144.55442        36  3144.55442         0.00000         1.00000
    37    37  3234.98488        37  3234.98488         0.00000         1.00000
    38    38  3303.50187        38  3303.50187         0.00000         1.00000
    39    39  3435.88052        39  3435.88052         0.00000         1.00000
   
   
  
  
 DIMENSIONLESS SHIFTS 
   IND     STATE1       STATE2
     1     0.14355E+00    -0.14355E+00
     2    -0.33975E-01     0.33975E-01
     3    -0.14840E+00     0.14840E+00
     4     0.14259E-01    -0.14259E-01
     5    -0.16625E+00     0.16625E+00
     6    -0.50939E+00     0.50939E+00
     7     0.62011E+00    -0.62011E+00
     8     0.46721E+00    -0.46721E+00
     9    -0.10802E+00     0.10802E+00
    10    -0.24277E+00     0.24277E+00
    11     0.17317E+00    -0.17317E+00
    12    -0.98589E+00     0.98589E+00
    13     0.95730E-01    -0.95730E-01
    14     0.97329E-02    -0.97329E-02
    15    -0.77816E+00     0.77816E+00
    16     0.79006E-04    -0.79006E-04
    17     0.66709E-02    -0.66709E-02
    18     0.41648E+00    -0.41648E+00
    19     0.37302E+00    -0.37302E+00
    20    -0.13314E-01     0.13314E-01
    21     0.45348E-01    -0.45348E-01
    22    -0.73156E+00     0.73156E+00
    23    -0.20289E+00     0.20289E+00
    24    -0.38323E+00     0.38323E+00
    25    -0.66567E-01     0.66567E-01
    26    -0.18666E-02     0.18666E-02
    27    -0.43871E+00     0.43871E+00
    28    -0.17661E+00     0.17661E+00
    29    -0.94541E+00     0.94541E+00
    30     0.13567E+01    -0.13567E+01
    31    -0.12095E-01     0.12095E-01
    32     0.64326E+00    -0.64326E+00
    33     0.29799E+00    -0.29799E+00
    34    -0.60201E-01     0.60201E-01
    35     0.27229E-02    -0.27229E-02
    36     0.39855E-01    -0.39855E-01
    37    -0.18057E-01     0.18057E-01
    38     0.26458E-01    -0.26458E-01
    39    -0.27628E-01     0.27628E-01
  SUM SQUARED DIMENSIONLESS DISPL STATE1        7.1318
  SUM SQUARED DIMENSIONLESS DISPL STATE2        7.1318
  VALUE STATE1 GROUND VIB WAVEFUN AT GEO2       0.0283
  VALUE STATE2 GROUND VIB WAVEFUN AT GEO1       0.0283
  VALUE STATE1 GROUND VIB WAVEFUN AT (GEO1+GEO2)/2      0.4101
  VALUE STATE2 GROUND VIB WAVEFUN AT (GEO1+GEO2)/2      0.4101

 Printing Duschinski matrix to 'duschinsky.dat'


 Printing Shift vector to 'displacement.dat'


NOTE: DE read from input:   6.273 (eV)                                                                    
 


 ===========================
  REORGANIZATION ENERGY
 ===========================
     0.019126  (Hartree)
     0.520444  (eV)


 ------------------------------------------------------
 Extrapolation form (generalized) vertical point:
 ------------------------------------------------------
 Extrapolated vertical energy:        6.27260  (eV)
 Extrapolated adiabatic energy:       6.27260  (eV)
 Extrapolated reorg. energy   :       0.00000  (eV)
 ------------------------------------------------------



 ===============================
  ZERO-POINT ENERGY CORRECTIONS 
 ===============================


                    ZERO POINT ENERGY IN CM-1
    E01=     25543.61    E02=     25543.61


                    0-0 ENERGY DIFFERENCE
       5.75216 eV


                    ADIABATIC ENERGY     
       5.75216 eV




 ====================

  TRANSITION DIPOLES 

 ====================
 Model for tr. dipoles: FC
 Reading electric dipole file: ../../../eldip_Thymine6311-freq-solv-ES3_fchk
 


 ================= 
  TRANSITION INFO  
 ================= 
            DATA FOR VERTICAL TRANSITION 
  electric transition dipoles (au) at initial GEO 1
           -0.22581881   -1.60528982   -0.14015585
  electric transition dipoles (au) at initial GEO 2
           -0.22581881   -1.60528982   -0.14015585
  Square tr dipoles: geo1  2.64759320  geo2   2.64759320  Diff (d1-d2)/d1    0.0000 %
   
 ------------------
  State2 -> State1
 ------------------
 Reorganization Energy (eV) on State1        0.520444
 Vertical emission energy (eV)               5.231714
 Fluorescence lifetime from minimum (ns)  2.481196E+00
 ********************************************** 
   
 ------------------
  State1 -> State2
 ------------------
 Reorganization Energy on State2 (eV)        0.520444
 Vertical absorption energy (eV)             6.272603
 Absorption oscillator strength           4.068712E-01
 ********************************************** 
   

NOTE: Spectra resolution set to:  0.00400                                                                 
 

NOTE: Resolution changed matching points of RR-TI grid. Updated value:  0.00500eV                         
 
 Resol(TI) =  0.00500eV

NOTE: To ensure exact match of TI and TD resuls, final spectral range reset to:    4.0000-                
       9.0000(eV)                                                                                         
 

 ----------------------------------------
 Refined spectral range for simulations: 
  nene(RR-TI)=      1001
  nene       =      1001
  From E(eV) =    4.0000
  To   E(eV) =    9.0000
 
 Related time-domain parameters
 (with energy shift & extended range):
  ntime =          522
  dt    =       0.7923
  tfin  =     413.1706
 Shift info (for external FT)
  dE_ext=  0.105000    
  Eshift=   3.89500    
 ----------------------------------------


NOTE: Changing Ead to optimize TD method before entering the spectrum calculation.Ead(original)=          
        5.752 (eV); Ead(shifted )=   1.857 (eV)                                                           
 


Computing RR 2D spectrum (TD)
-----------------------------

 SUMMARY OF CALCULATION OPTIONS
 -------------------------------
 Adiabatic Energy (eV)  :   5.7522
 Shifted Ad. Energy (eV):   1.8572

 Tipe of transition     : ABS-ECDNO

 Dipole aproximation    : FC-FC
 El. dipole at ref geom :   -0.226       -1.61      -0.140    

 Numerical evaluation of xi(t)
         Total time (fs):   413.171
         Nr data points : 522
         Time step (fs) :  0.792    

 Broad. function        : LOR  
 Broad. exponent        :    1.470E-03
 Broad. order           : 1
 -------------------------------

 Computing correlation functions over 522 points



RAILEIGH BAND
-------------------

 Final osc. energy (cm-1) =     0.000


 ____________________________________________
  ============================================
  PROGRAM: td_rr_00
   RR 0->0 band at 0K with a harmonic 
   TD formulation                           
 ____________________________________________
  ============================================
 


* (rho,sigma = 1 1) *
 Calling FFT with 1044 points

 Fourie-Transform with: fft_calc subroutine (FFTW)
 =========== tdspectra finished ===========  
 Timing...
  CPU (s) for tdspectra :       0.179
 ==========================================
                                           

NOTE: FOUND POINT OF THE SCAN CLOSEST TO THE ABS MAX                                                      
 
 Ebest(eV) =     6.28
 Evert(eV) =     6.27



FUNDAMENTAL BANDS
-------------------



** Computing band for mode 1 **
 Final osc. energy (cm-1) =   134.203


 ____________________________________________
  ============================================
  PROGRAM: td_rr_1k
   RR fundamentals at 0K with a harmonic 
   TD formulation                           
 ____________________________________________
  ============================================
 


* (rho,sigma = 1 1) *
 Calling FFT with 1044 points

 Fourie-Transform with: fft_calc subroutine (FFTW)
 =========== tdspectra finished ===========  
 Timing...
  CPU (s) for tdspectra :       0.149
 ==========================================
                                           


** Computing band for mode 2 **
 Final osc. energy (cm-1) =   160.415


 ____________________________________________
  ============================================
  PROGRAM: td_rr_1k
   RR fundamentals at 0K with a harmonic 
   TD formulation                           
 ____________________________________________
  ============================================
 


* (rho,sigma = 1 1) *
 Calling FFT with 1044 points

 Fourie-Transform with: fft_calc subroutine (FFTW)
 =========== tdspectra finished ===========  
 Timing...
  CPU (s) for tdspectra :       0.149
 ==========================================
                                           


** Computing band for mode 3 **
 Final osc. energy (cm-1) =   196.223


 ____________________________________________
  ============================================
  PROGRAM: td_rr_1k
   RR fundamentals at 0K with a harmonic 
   TD formulation                           
 ____________________________________________
  ============================================
 


* (rho,sigma = 1 1) *
 Calling FFT with 1044 points

 Fourie-Transform with: fft_calc subroutine (FFTW)
 =========== tdspectra finished ===========  
 Timing...
  CPU (s) for tdspectra :       0.149
 ==========================================
                                           


** Computing band for mode 4 **
 Final osc. energy (cm-1) =   302.966


 ____________________________________________
  ============================================
  PROGRAM: td_rr_1k
   RR fundamentals at 0K with a harmonic 
   TD formulation                           
 ____________________________________________
  ============================================
 


* (rho,sigma = 1 1) *
 Calling FFT with 1044 points

 Fourie-Transform with: fft_calc subroutine (FFTW)
 =========== tdspectra finished ===========  
 Timing...
  CPU (s) for tdspectra :       0.150
 ==========================================
                                           


** Computing band for mode 5 **
 Final osc. energy (cm-1) =   314.074


 ____________________________________________
  ============================================
  PROGRAM: td_rr_1k
   RR fundamentals at 0K with a harmonic 
   TD formulation                           
 ____________________________________________
  ============================================
 


* (rho,sigma = 1 1) *
 Calling FFT with 1044 points

 Fourie-Transform with: fft_calc subroutine (FFTW)
 =========== tdspectra finished ===========  
 Timing...
  CPU (s) for tdspectra :       0.149
 ==========================================
                                           


** Computing band for mode 6 **
 Final osc. energy (cm-1) =   428.071


 ____________________________________________
  ============================================
  PROGRAM: td_rr_1k
   RR fundamentals at 0K with a harmonic 
   TD formulation                           
 ____________________________________________
  ============================================
 


* (rho,sigma = 1 1) *
 Calling FFT with 1044 points

 Fourie-Transform with: fft_calc subroutine (FFTW)
 =========== tdspectra finished ===========  
 Timing...
  CPU (s) for tdspectra :       0.149
 ==========================================
                                           


** Computing band for mode 7 **
 Final osc. energy (cm-1) =   432.898


 ____________________________________________
  ============================================
  PROGRAM: td_rr_1k
   RR fundamentals at 0K with a harmonic 
   TD formulation                           
 ____________________________________________
  ============================================
 


* (rho,sigma = 1 1) *
 Calling FFT with 1044 points

 Fourie-Transform with: fft_calc subroutine (FFTW)
 =========== tdspectra finished ===========  
 Timing...
  CPU (s) for tdspectra :       0.150
 ==========================================
                                           


** Computing band for mode 8 **
 Final osc. energy (cm-1) =   481.645


 ____________________________________________
  ============================================
  PROGRAM: td_rr_1k
   RR fundamentals at 0K with a harmonic 
   TD formulation                           
 ____________________________________________
  ============================================
 


* (rho,sigma = 1 1) *
 Calling FFT with 1044 points

 Fourie-Transform with: fft_calc subroutine (FFTW)
 =========== tdspectra finished ===========  
 Timing...
  CPU (s) for tdspectra :       0.149
 ==========================================
                                           


** Computing band for mode 9 **
 Final osc. energy (cm-1) =   574.282


 ____________________________________________
  ============================================
  PROGRAM: td_rr_1k
   RR fundamentals at 0K with a harmonic 
   TD formulation                           
 ____________________________________________
  ============================================
 


* (rho,sigma = 1 1) *
 Calling FFT with 1044 points

 Fourie-Transform with: fft_calc subroutine (FFTW)
 =========== tdspectra finished ===========  
 Timing...
  CPU (s) for tdspectra :       0.149
 ==========================================
                                           


** Computing band for mode 10 **
 Final osc. energy (cm-1) =   635.116


 ____________________________________________
  ============================================
  PROGRAM: td_rr_1k
   RR fundamentals at 0K with a harmonic 
   TD formulation                           
 ____________________________________________
  ============================================
 


* (rho,sigma = 1 1) *
 Calling FFT with 1044 points

 Fourie-Transform with: fft_calc subroutine (FFTW)
 =========== tdspectra finished ===========  
 Timing...
  CPU (s) for tdspectra :       0.149
 ==========================================
                                           


** Computing band for mode 11 **
 Final osc. energy (cm-1) =   759.350


 ____________________________________________
  ============================================
  PROGRAM: td_rr_1k
   RR fundamentals at 0K with a harmonic 
   TD formulation                           
 ____________________________________________
  ============================================
 


* (rho,sigma = 1 1) *
 Calling FFT with 1044 points

 Fourie-Transform with: fft_calc subroutine (FFTW)
 =========== tdspectra finished ===========  
 Timing...
  CPU (s) for tdspectra :       0.149
 ==========================================
                                           


** Computing band for mode 12 **
 Final osc. energy (cm-1) =   765.259


 ____________________________________________
  ============================================
  PROGRAM: td_rr_1k
   RR fundamentals at 0K with a harmonic 
   TD formulation                           
 ____________________________________________
  ============================================
 


* (rho,sigma = 1 1) *
 Calling FFT with 1044 points

 Fourie-Transform with: fft_calc subroutine (FFTW)
 =========== tdspectra finished ===========  
 Timing...
  CPU (s) for tdspectra :       0.149
 ==========================================
                                           


** Computing band for mode 13 **
 Final osc. energy (cm-1) =   782.460


 ____________________________________________
  ============================================
  PROGRAM: td_rr_1k
   RR fundamentals at 0K with a harmonic 
   TD formulation                           
 ____________________________________________
  ============================================
 


* (rho,sigma = 1 1) *
 Calling FFT with 1044 points

 Fourie-Transform with: fft_calc subroutine (FFTW)
 =========== tdspectra finished ===========  
 Timing...
  CPU (s) for tdspectra :       0.149
 ==========================================
                                           


** Computing band for mode 14 **
 Final osc. energy (cm-1) =   804.972


 ____________________________________________
  ============================================
  PROGRAM: td_rr_1k
   RR fundamentals at 0K with a harmonic 
   TD formulation                           
 ____________________________________________
  ============================================
 


* (rho,sigma = 1 1) *
 Calling FFT with 1044 points

 Fourie-Transform with: fft_calc subroutine (FFTW)
 =========== tdspectra finished ===========  
 Timing...
  CPU (s) for tdspectra :       0.149
 ==========================================
                                           


** Computing band for mode 15 **
 Final osc. energy (cm-1) =   824.891


 ____________________________________________
  ============================================
  PROGRAM: td_rr_1k
   RR fundamentals at 0K with a harmonic 
   TD formulation                           
 ____________________________________________
  ============================================
 


* (rho,sigma = 1 1) *
 Calling FFT with 1044 points

 Fourie-Transform with: fft_calc subroutine (FFTW)
 =========== tdspectra finished ===========  
 Timing...
  CPU (s) for tdspectra :       0.150
 ==========================================
                                           


** Computing band for mode 16 **
 Final osc. energy (cm-1) =   880.922


 ____________________________________________
  ============================================
  PROGRAM: td_rr_1k
   RR fundamentals at 0K with a harmonic 
   TD formulation                           
 ____________________________________________
  ============================================
 


* (rho,sigma = 1 1) *
 Calling FFT with 1044 points

 Fourie-Transform with: fft_calc subroutine (FFTW)
 =========== tdspectra finished ===========  
 Timing...
  CPU (s) for tdspectra :       0.134
 ==========================================
                                           


** Computing band for mode 17 **
 Final osc. energy (cm-1) =   956.394


 ____________________________________________
  ============================================
  PROGRAM: td_rr_1k
   RR fundamentals at 0K with a harmonic 
   TD formulation                           
 ____________________________________________
  ============================================
 


* (rho,sigma = 1 1) *
 Calling FFT with 1044 points

 Fourie-Transform with: fft_calc subroutine (FFTW)
 =========== tdspectra finished ===========  
 Timing...
  CPU (s) for tdspectra :       0.134
 ==========================================
                                           


** Computing band for mode 18 **
 Final osc. energy (cm-1) =  1011.031


 ____________________________________________
  ============================================
  PROGRAM: td_rr_1k
   RR fundamentals at 0K with a harmonic 
   TD formulation                           
 ____________________________________________
  ============================================
 


* (rho,sigma = 1 1) *
 Calling FFT with 1044 points

 Fourie-Transform with: fft_calc subroutine (FFTW)
 =========== tdspectra finished ===========  
 Timing...
  CPU (s) for tdspectra :       0.134
 ==========================================
                                           


** Computing band for mode 19 **
 Final osc. energy (cm-1) =  1050.495


 ____________________________________________
  ============================================
  PROGRAM: td_rr_1k
   RR fundamentals at 0K with a harmonic 
   TD formulation                           
 ____________________________________________
  ============================================
 


* (rho,sigma = 1 1) *
 Calling FFT with 1044 points

 Fourie-Transform with: fft_calc subroutine (FFTW)
 =========== tdspectra finished ===========  
 Timing...
  CPU (s) for tdspectra :       0.134
 ==========================================
                                           


** Computing band for mode 20 **
 Final osc. energy (cm-1) =  1080.685


 ____________________________________________
  ============================================
  PROGRAM: td_rr_1k
   RR fundamentals at 0K with a harmonic 
   TD formulation                           
 ____________________________________________
  ============================================
 


* (rho,sigma = 1 1) *
 Calling FFT with 1044 points

 Fourie-Transform with: fft_calc subroutine (FFTW)
 =========== tdspectra finished ===========  
 Timing...
  CPU (s) for tdspectra :       0.134
 ==========================================
                                           


** Computing band for mode 21 **
 Final osc. energy (cm-1) =  1201.115


 ____________________________________________
  ============================================
  PROGRAM: td_rr_1k
   RR fundamentals at 0K with a harmonic 
   TD formulation                           
 ____________________________________________
  ============================================
 


* (rho,sigma = 1 1) *
 Calling FFT with 1044 points

 Fourie-Transform with: fft_calc subroutine (FFTW)
 =========== tdspectra finished ===========  
 Timing...
  CPU (s) for tdspectra :       0.134
 ==========================================
                                           


** Computing band for mode 22 **
 Final osc. energy (cm-1) =  1248.262


 ____________________________________________
  ============================================
  PROGRAM: td_rr_1k
   RR fundamentals at 0K with a harmonic 
   TD formulation                           
 ____________________________________________
  ============================================
 


* (rho,sigma = 1 1) *
 Calling FFT with 1044 points

 Fourie-Transform with: fft_calc subroutine (FFTW)
 =========== tdspectra finished ===========  
 Timing...
  CPU (s) for tdspectra :       0.134
 ==========================================
                                           


** Computing band for mode 23 **
 Final osc. energy (cm-1) =  1270.661


 ____________________________________________
  ============================================
  PROGRAM: td_rr_1k
   RR fundamentals at 0K with a harmonic 
   TD formulation                           
 ____________________________________________
  ============================================
 


* (rho,sigma = 1 1) *
 Calling FFT with 1044 points

 Fourie-Transform with: fft_calc subroutine (FFTW)
 =========== tdspectra finished ===========  
 Timing...
  CPU (s) for tdspectra :       0.134
 ==========================================
                                           


** Computing band for mode 24 **
 Final osc. energy (cm-1) =  1397.058


 ____________________________________________
  ============================================
  PROGRAM: td_rr_1k
   RR fundamentals at 0K with a harmonic 
   TD formulation                           
 ____________________________________________
  ============================================
 


* (rho,sigma = 1 1) *
 Calling FFT with 1044 points

 Fourie-Transform with: fft_calc subroutine (FFTW)
 =========== tdspectra finished ===========  
 Timing...
  CPU (s) for tdspectra :       0.135
 ==========================================
                                           


** Computing band for mode 25 **
 Final osc. energy (cm-1) =  1429.504


 ____________________________________________
  ============================================
  PROGRAM: td_rr_1k
   RR fundamentals at 0K with a harmonic 
   TD formulation                           
 ____________________________________________
  ============================================
 


* (rho,sigma = 1 1) *
 Calling FFT with 1044 points

 Fourie-Transform with: fft_calc subroutine (FFTW)
 =========== tdspectra finished ===========  
 Timing...
  CPU (s) for tdspectra :       0.134
 ==========================================
                                           


** Computing band for mode 26 **
 Final osc. energy (cm-1) =  1470.792


 ____________________________________________
  ============================================
  PROGRAM: td_rr_1k
   RR fundamentals at 0K with a harmonic 
   TD formulation                           
 ____________________________________________
  ============================================
 


* (rho,sigma = 1 1) *
 Calling FFT with 1044 points

 Fourie-Transform with: fft_calc subroutine (FFTW)
 =========== tdspectra finished ===========  
 Timing...
  CPU (s) for tdspectra :       0.135
 ==========================================
                                           


** Computing band for mode 27 **
 Final osc. energy (cm-1) =  1478.659


 ____________________________________________
  ============================================
  PROGRAM: td_rr_1k
   RR fundamentals at 0K with a harmonic 
   TD formulation                           
 ____________________________________________
  ============================================
 


* (rho,sigma = 1 1) *
 Calling FFT with 1044 points

 Fourie-Transform with: fft_calc subroutine (FFTW)
 =========== tdspectra finished ===========  
 Timing...
  CPU (s) for tdspectra :       0.134
 ==========================================
                                           


** Computing band for mode 28 **
 Final osc. energy (cm-1) =  1492.290


 ____________________________________________
  ============================================
  PROGRAM: td_rr_1k
   RR fundamentals at 0K with a harmonic 
   TD formulation                           
 ____________________________________________
  ============================================
 


* (rho,sigma = 1 1) *
 Calling FFT with 1044 points

 Fourie-Transform with: fft_calc subroutine (FFTW)
 =========== tdspectra finished ===========  
 Timing...
  CPU (s) for tdspectra :       0.134
 ==========================================
                                           


** Computing band for mode 29 **
 Final osc. energy (cm-1) =  1504.093


 ____________________________________________
  ============================================
  PROGRAM: td_rr_1k
   RR fundamentals at 0K with a harmonic 
   TD formulation                           
 ____________________________________________
  ============================================
 


* (rho,sigma = 1 1) *
 Calling FFT with 1044 points

 Fourie-Transform with: fft_calc subroutine (FFTW)
 =========== tdspectra finished ===========  
 Timing...
  CPU (s) for tdspectra :       0.134
 ==========================================
                                           


** Computing band for mode 30 **
 Final osc. energy (cm-1) =  1551.741


 ____________________________________________
  ============================================
  PROGRAM: td_rr_1k
   RR fundamentals at 0K with a harmonic 
   TD formulation                           
 ____________________________________________
  ============================================
 


* (rho,sigma = 1 1) *
 Calling FFT with 1044 points

 Fourie-Transform with: fft_calc subroutine (FFTW)
 =========== tdspectra finished ===========  
 Timing...
  CPU (s) for tdspectra :       0.134
 ==========================================
                                           


** Computing band for mode 31 **
 Final osc. energy (cm-1) =  1702.401


 ____________________________________________
  ============================================
  PROGRAM: td_rr_1k
   RR fundamentals at 0K with a harmonic 
   TD formulation                           
 ____________________________________________
  ============================================
 


* (rho,sigma = 1 1) *
 Calling FFT with 1044 points

 Fourie-Transform with: fft_calc subroutine (FFTW)
 =========== tdspectra finished ===========  
 Timing...
  CPU (s) for tdspectra :       0.134
 ==========================================
                                           


** Computing band for mode 32 **
 Final osc. energy (cm-1) =  1725.763


 ____________________________________________
  ============================================
  PROGRAM: td_rr_1k
   RR fundamentals at 0K with a harmonic 
   TD formulation                           
 ____________________________________________
  ============================================
 


* (rho,sigma = 1 1) *
 Calling FFT with 1044 points

 Fourie-Transform with: fft_calc subroutine (FFTW)
 =========== tdspectra finished ===========  
 Timing...
  CPU (s) for tdspectra :       0.135
 ==========================================
                                           


** Computing band for mode 33 **
 Final osc. energy (cm-1) =  1742.737


 ____________________________________________
  ============================================
  PROGRAM: td_rr_1k
   RR fundamentals at 0K with a harmonic 
   TD formulation                           
 ____________________________________________
  ============================================
 


* (rho,sigma = 1 1) *
 Calling FFT with 1044 points

 Fourie-Transform with: fft_calc subroutine (FFTW)
 =========== tdspectra finished ===========  
 Timing...
  CPU (s) for tdspectra :       0.134
 ==========================================
                                           


** Computing band for mode 34 **
 Final osc. energy (cm-1) =  3059.849


 ____________________________________________
  ============================================
  PROGRAM: td_rr_1k
   RR fundamentals at 0K with a harmonic 
   TD formulation                           
 ____________________________________________
  ============================================
 


* (rho,sigma = 1 1) *
 Calling FFT with 1044 points

 Fourie-Transform with: fft_calc subroutine (FFTW)
 =========== tdspectra finished ===========  
 Timing...
  CPU (s) for tdspectra :       0.136
 ==========================================
                                           


** Computing band for mode 35 **
 Final osc. energy (cm-1) =  3117.018


 ____________________________________________
  ============================================
  PROGRAM: td_rr_1k
   RR fundamentals at 0K with a harmonic 
   TD formulation                           
 ____________________________________________
  ============================================
 


* (rho,sigma = 1 1) *
 Calling FFT with 1044 points

 Fourie-Transform with: fft_calc subroutine (FFTW)
 =========== tdspectra finished ===========  
 Timing...
  CPU (s) for tdspectra :       0.134
 ==========================================
                                           


** Computing band for mode 36 **
 Final osc. energy (cm-1) =  3144.554


 ____________________________________________
  ============================================
  PROGRAM: td_rr_1k
   RR fundamentals at 0K with a harmonic 
   TD formulation                           
 ____________________________________________
  ============================================
 


* (rho,sigma = 1 1) *
 Calling FFT with 1044 points

 Fourie-Transform with: fft_calc subroutine (FFTW)
 =========== tdspectra finished ===========  
 Timing...
  CPU (s) for tdspectra :       0.134
 ==========================================
                                           


** Computing band for mode 37 **
 Final osc. energy (cm-1) =  3234.985


 ____________________________________________
  ============================================
  PROGRAM: td_rr_1k
   RR fundamentals at 0K with a harmonic 
   TD formulation                           
 ____________________________________________
  ============================================
 


* (rho,sigma = 1 1) *
 Calling FFT with 1044 points

 Fourie-Transform with: fft_calc subroutine (FFTW)
 =========== tdspectra finished ===========  
 Timing...
  CPU (s) for tdspectra :       0.134
 ==========================================
                                           


** Computing band for mode 38 **
 Final osc. energy (cm-1) =  3303.502


 ____________________________________________
  ============================================
  PROGRAM: td_rr_1k
   RR fundamentals at 0K with a harmonic 
   TD formulation                           
 ____________________________________________
  ============================================
 


* (rho,sigma = 1 1) *
 Calling FFT with 1044 points

 Fourie-Transform with: fft_calc subroutine (FFTW)
 =========== tdspectra finished ===========  
 Timing...
  CPU (s) for tdspectra :       0.134
 ==========================================
                                           


** Computing band for mode 39 **
 Final osc. energy (cm-1) =  3435.881


 ____________________________________________
  ============================================
  PROGRAM: td_rr_1k
   RR fundamentals at 0K with a harmonic 
   TD formulation                           
 ____________________________________________
  ============================================
 


* (rho,sigma = 1 1) *
 Calling FFT with 1044 points

 Fourie-Transform with: fft_calc subroutine (FFTW)
 =========== tdspectra finished ===========  
 Timing...
  CPU (s) for tdspectra :       0.135
 ==========================================
                                           
 =========== compRR_TD finished ===========  
 Timing...
  CPU (s) for compRR_TD :       6.897
 ==========================================




===============================

 SUMMARY OF NOTES AND WARNINGS

===============================
 ---------------------------------
 9 notes raised along the run
 Look for NOTE in the output
 ---------------------------------

 
 ****************** FCclasses finished *******************
 Timing...   
  CPU (s)       6.918
 *********************************************************
 
 FCclasses finished successfully
