 
                                                    \ /               
                                              ..-'''-*-               
                                              \.-'''\ \               
      _____ _____      _                             | |              
     |  ___/  __ \    | |                         __/ /               
     | |_  | /  \/ ___| | __ _ ___ ___  ___  ___ |_  '.               
     |  _| | |    / __| |/ _` / __/ __|/ _ \/ __|   `.  \             
     | |   | \__/\ (__| | (_| \__ \__ \  __/\__ \     \ '.            
     \_|    \____/\___|_|\__,_|___/___/\___||___/      , |            
                                                       | |            
                                                      / ,'            
                                              -....--'  /             
                                              `.. __..-'              
                                                                      
 ********************************************************* 
   FCCLASSES3:                                             
   A code for vibronic simulations                         
                                                           
                                                           
 ********************************************************* 


 GIT VERSION INFO
  Commit id  : v3-1.0-2-g78ec1d1-dirty
  Commit date: 2022-07-22 10:24:13 +0200

 CURRENT RUN INFO
  Date&Time  : 2023-01-18, 15:17:09
  Input file : STDIN
  Input type : NEW



 INPUT OPTIONS:
-------------------------------
$$$
;GENERAL OPTIONS:
; NAT        = (read from structure files)
; NVIB       = (determined vibrational analysis)
PROPERTY     =   OPA   
MODEL        =   VG   
DIPOLE       =   FC   
DIPDER_COORD =   CARTESIAN  
TEMP         =     0.00
DE           =   6.48110
BROADFUN     =   VOI  
HWHM         =   0.1200
HWHM2        =   0.0400
RESOL        =   0.0120  ; (default: HWHM/10)
METHOD       =   TD   
ROT          =   1
SPCMIN       =     4.000
SPCMAX       =     9.000
;VIBRATIONAL ANALYSIS
NORMALMODES  =   COMPUTE  
RM_COORD     =   NONE    
COORDS       =   CARTESIAN  
FORCE_REAL   =   YES  
;INPUT DATA FILES
STATE1_FILE  =   ../../../../Thymine6311-freq-solv.fcc
STATE2_FILE  =   ../../../../Thymine6311-freq-solv-ES4.fcc
MASS_FILE    =   
ELDIP_FILE   =   ../../../../../eldip_Thymine6311-freq-solv-ES4_fchk
MAGDIP_FILE  =   ../../../../../magdip_Thymine6311-freq-solv-ES4_fchk
NAC_FILE     =   
NRCOUP_FILE  =   ../../../../../eldip_Thymine6311-freq-solv-ES4_fchk
HESS1_FILE   =   ../../../../Thymine6311-freq-solv.fcc
HESS2_FILE   =   ../../../../Thymine6311-freq-solv.fcc
GRAD1_FILE   =   ../../../../Thymine6311-freq-solv.fcc
GRAD2_COORD  =   CARTESIAN
GRAD2_FILE   =   ../../../../Thymine6311-freq-solv-ES4.fcc
;VERBOSE LEVEL
VERBOSE      =   1
  
-------------------------------



 ==> State 1 <==

 Geometry file: ../../../../Thymine6311-freq-solv.fcc


 Gradient file: ../../../../Thymine6311-freq-solv.fcc

NOTE: The calculation for this State will assume stationary point since the gradient is                   
      small (maximum atomic gradient:   0.000096 a.u.)                                                    
 
 Hessian file: ../../../../Thymine6311-freq-solv.fcc



 ---------------------------------------
  Check effect of symmetry operations
  on Hessian elements (or gs^t\beta)
 ---------------------------------------

 Using input geometry instead of rotating to principal axis of intertia to detect symmetry


NOTE: Cannot determine symmetry. Set to C1 (no symmetric atoms)                                           
 
 
 ---------------------------------------



 =========================
  ANALYSIS OF DOFs
 =========================

 => STATE 1 <=
 Geometry (Angstroms)
 15    # Nr. of atoms
   Atom       X         Y         Z      Mass
N         -0.2312   -0.0351   -0.1877   14.0031
C          1.0964   -0.3620   -0.1381   12.0000
N          1.9435    0.6930    0.0003   14.0031
C          1.5071    1.9884    0.0940   12.0000
C          0.2030    2.3185    0.0627   12.0000
C         -0.7580    1.2420   -0.0795   12.0000
H         -0.8888   -0.8134   -0.3333    1.0078
O          1.4937   -1.5266   -0.2121   15.9949
H          2.9379    0.4607    0.0320    1.0078
H          2.2898    2.7278    0.1993    1.0078
O         -1.9758    1.4124   -0.1084   15.9949
C         -0.2989    3.7236    0.1709   12.0000
H         -0.8775    4.0006   -0.7127    1.0078
H         -0.9551    3.8378    1.0362    1.0078
H          0.5319    4.4213    0.2727    1.0078
 

 ------------------------------------------------
   INERTIA TENSOR (to be multiplied by 10**5)
 ------------------------------------------------

             1           2           3
  
    1     5.55981     1.59870    -0.03008
    2     1.59870     3.81930    -0.42153
    3    -0.03008    -0.42153     9.24233
 ------------------------------------------------


 ------------------------------------------------
   ROTATIONAL CONSTANTS (AND ROTATION MATRIX)
 ------------------------------------------------

 ROOT NO.    1           2           3

    ************************************
  
    1    -0.50699     0.86024     0.05434
    2     0.86067     0.50180     0.08623
    3    -0.04690    -0.09049     0.99479
 ------------------------------------------------

  Rotational constants (GHz)
     3.23194     1.41973     0.99250
  Rotational temperatures (K)
     0.15511     0.06814     0.04763


 -------------------
  DOF   Dimension
 -------------------
  Vib    39
  Rot    3
  Tra    3
 -------------------


 Translating State1 to its Center of Mass
 Initial COM:       0.3199      1.0239     -0.0471


 ================================
  VIBRATIONAL ANALYSIS ON STATE1
 ================================

 ----------------------------------
   Redundant Frequencies (cm-1)
 ----------------------------------
     1    -0.00003
     2    -0.00001
     3     0.00001
     4     0.00002
     5     0.00002
     6     0.00002
 ----------------------------------


 ------------------------
   FREQUENCIES (cm-1)
 ------------------------
     1   134.20283
     2   160.41452
     3   196.22253
     4   302.96622
     5   314.07372
     6   428.07115
     7   432.89773
     8   481.64471
     9   574.28197
    10   635.11563
    11   759.35041
    12   765.25945
    13   782.45961
    14   804.97193
    15   824.89053
    16   880.92171
    17   956.39401
    18  1011.03147
    19  1050.49457
    20  1080.68471
    21  1201.11516
    22  1248.26176
    23  1270.66076
    24  1397.05755
    25  1429.50353
    26  1470.79227
    27  1478.65893
    28  1492.29025
    29  1504.09295
    30  1551.74094
    31  1702.40105
    32  1725.76303
    33  1742.73714
    34  3059.84937
    35  3117.01805
    36  3144.55442
    37  3234.98488
    38  3303.50187
    39  3435.88052
 ------------------------

 =====================
  THERMOCHEMISTRY     
 =====================
  Temperature (K):    0.00
  Pressure (atm) :    1.00
 
  Rotational constants (GHz)
     3.23194     1.41973     0.99250
  Rotational temperatures (K)
     0.15511     0.06814     0.04763
 
  Partition Functions
  qt =      0.000    
  qr =      0.000    
  qv =      0.000    
 
  Contributions to entropy
  St (cm-1/K) = -Infinity
  Sr (cm-1/K) = -Infinity
  Sv (cm-1/K) =       NaN
 
  Thermal corrections (AU)
  Zero Point Energy =   0.116385    
  Internal Energy   =   0.116385    
  Enthalpy          =   0.116385    
  Gibbs Free Energy =            NaN
 
  Thermal corrections (AU) - vibrational only
  Number of vibrations:      39
  V-internal Energy   =   0.116385    
  V-enthalpy          =   0.116385    
  V-gibbs Free Energy =            NaN


 ==> State 2 <==

 Geometry file: ../../../../Thymine6311-freq-solv-ES4.fcc


 Gradient file: ../../../../Thymine6311-freq-solv-ES4.fcc

NOTE: The calculation for this State will assume non-stationary point since the gradient                  
      is not negligible (maximum atomic gradient:   0.077565 a.u.)                                        
 
 Hessian file: ../../../../Thymine6311-freq-solv.fcc


 Combination abs/ECDNO
 A standard one-photon absorption calculation  will be performed


 =========================
  ANALYSIS OF DOFs
 =========================

 => STATE 2 <=
 Geometry (Angstroms)
 15    # Nr. of atoms
   Atom       X         Y         Z      Mass
N         -0.2312   -0.0351   -0.1877   14.0031
C          1.0964   -0.3620   -0.1381   12.0000
N          1.9435    0.6930    0.0003   14.0031
C          1.5071    1.9884    0.0940   12.0000
C          0.2030    2.3185    0.0627   12.0000
C         -0.7580    1.2420   -0.0795   12.0000
H         -0.8888   -0.8134   -0.3333    1.0078
O          1.4937   -1.5266   -0.2121   15.9949
H          2.9379    0.4607    0.0320    1.0078
H          2.2898    2.7278    0.1993    1.0078
O         -1.9758    1.4124   -0.1084   15.9949
C         -0.2989    3.7236    0.1709   12.0000
H         -0.8775    4.0006   -0.7127    1.0078
H         -0.9551    3.8378    1.0362    1.0078
H          0.5319    4.4213    0.2727    1.0078
 

 ------------------------------------------------
   INERTIA TENSOR (to be multiplied by 10**5)
 ------------------------------------------------

             1           2           3
  
    1     5.55981     1.59870    -0.03008
    2     1.59870     3.81930    -0.42153
    3    -0.03008    -0.42153     9.24233
 ------------------------------------------------


 ------------------------------------------------
   ROTATIONAL CONSTANTS (AND ROTATION MATRIX)
 ------------------------------------------------

 ROOT NO.    1           2           3

    ************************************
  
    1    -0.50699     0.86024     0.05434
    2     0.86067     0.50180     0.08623
    3    -0.04690    -0.09049     0.99479
 ------------------------------------------------

  Rotational constants (GHz)
     3.23194     1.41973     0.99250
  Rotational temperatures (K)
     0.15511     0.06814     0.04763


 -------------------
  DOF   Dimension
 -------------------
  Vib    39
  Rot    3
  Tra    3
 -------------------


 Translating State2 to its Center of Mass
 Initial COM:       0.3199      1.0239     -0.0471


 ================================
  VIBRATIONAL ANALYSIS ON STATE2
 ================================

Normal modes read from State1 for VG


 ------------------------
   FREQUENCIES (cm-1)
 ------------------------
     1   134.20283
     2   160.41452
     3   196.22253
     4   302.96622
     5   314.07372
     6   428.07115
     7   432.89773
     8   481.64471
     9   574.28197
    10   635.11563
    11   759.35041
    12   765.25945
    13   782.45961
    14   804.97193
    15   824.89053
    16   880.92171
    17   956.39401
    18  1011.03147
    19  1050.49457
    20  1080.68471
    21  1201.11516
    22  1248.26176
    23  1270.66076
    24  1397.05755
    25  1429.50353
    26  1470.79227
    27  1478.65893
    28  1492.29025
    29  1504.09295
    30  1551.74094
    31  1702.40105
    32  1725.76303
    33  1742.73714
    34  3059.84937
    35  3117.01805
    36  3144.55442
    37  3234.98488
    38  3303.50187
    39  3435.88052
 ------------------------


 -------------------------------------
   State2 Gradient (Q1-space) x1e5
 -------------------------------------
     1     0.03896
     2    -0.18477
     3     0.11644
     4     1.14255
     5    -0.21734
     6     4.01913
     7    -4.75423
     8    -6.52888
     9     8.55486
    10     3.25070
    11     0.44552
    12     4.64668
    13     0.09380
    14     1.46982
    15    -1.10355
    16    -0.36853
    17    -0.15775
    18     3.18985
    19    -5.13845
    20    -0.30210
    21    11.77424
    22    14.37537
    23    -4.66315
    24    23.97704
    25     6.61835
    26     0.03972
    27    24.53210
    28     2.39515
    29    21.38946
    30   -23.04640
    31    14.75746
    32   -65.31640
    33    18.73281
    34     7.45552
    35     0.73247
    36    -7.45273
    37     8.75173
    38     9.84291
    39    30.56783
 -------------------------------------




                 ASSIGNMENTS AND ANALYSIS OF 1 WITH RESPECT TO 2
 STATE 1                              MODES STATE 2
IND DEF    FREQUENCY     SHIFT    I21 C21  I22 C22   I23 C23     FR(I21)  I90 I95 I99
   1  P      134.20    -1.04192    1 1.00    2 0.00    3 0.00       0.00   1   1   1
   2  P      160.41     3.45876    2 1.00    1 0.00    3 0.00       0.00   1   1   1
   3  P      196.22    -1.45672    3 1.00    2 0.00    1 0.00       0.00   1   1   1
   4  P      302.97    -5.99593    4 1.00    2 0.00    3 0.00       0.00   1   1   1
   5  P      314.07     1.06130    5 1.00    2 0.00    3 0.00       0.00   1   1   1
   6  P      428.07   -10.56498    6 1.00    2 0.00    3 0.00       0.00   1   1   1
   7  P      432.90    12.22020    7 1.00    2 0.00    3 0.00       0.00   1   1   1
   8  P      481.64    13.55670    8 1.00    2 0.00    3 0.00       0.00   1   1   1
   9  P      574.28   -12.49486    9 1.00    2 0.00    3 0.00       0.00   1   1   1
  10  P      635.12    -3.88186   10 1.00    2 0.00    3 0.00       0.00   1   1   1
  11  P      759.35    -0.37218   11 1.00    2 0.00    3 0.00       0.00   1   1   1
  12  P      765.26    -3.82203   12 1.00    2 0.00    3 0.00       0.00   1   1   1
  13  P      782.46    -0.07379   13 1.00    2 0.00    3 0.00       0.00   1   1   1
  14  P      804.97    -1.09263   14 1.00    2 0.00    3 0.00       0.00   1   1   1
  15  P      824.89     0.78121   15 1.00    2 0.00    3 0.00       0.00   1   1   1
  16  P      880.92     0.22875   16 1.00    2 0.00    3 0.00       0.00   1   1   1
  17  P      956.39     0.08307   17 1.00    2 0.00    3 0.00       0.00   1   1   1
  18  P     1011.03    -1.50318   18 1.00    2 0.00    3 0.00       0.00   1   1   1
  19  P     1050.49     2.24292   19 1.00    2 0.00    3 0.00       0.00   1   1   1
  20  P     1080.68     0.12460   20 1.00    2 0.00    3 0.00       0.00   1   1   1
  21  P     1201.12    -3.93126   21 1.00    2 0.00    3 0.00       0.00   1   1   1
  22  P     1248.26    -4.44402   22 1.00    2 0.00    3 0.00       0.00   1   1   1
  23  P     1270.66     1.39120   23 1.00    2 0.00    3 0.00       0.00   1   1   1
  24  P     1397.06    -5.91746   24 1.00    2 0.00    3 0.00       0.00   1   1   1
  25  P     1429.50    -1.56008   25 1.00    2 0.00    3 0.00       0.00   1   1   1
  26  P     1470.79    -0.00884   26 1.00    2 0.00    3 0.00       0.00   1   1   1
  27  P     1478.66    -5.40465   27 1.00    2 0.00    3 0.00       0.00   1   1   1
  28  P     1492.29    -0.51808   28 1.00    2 0.00    3 0.00       0.00   1   1   1
  29  P     1504.09    -4.55427   29 1.00    2 0.00    3 0.00       0.00   1   1   1
  30  P     1551.74     4.61034   30 1.00    2 0.00    3 0.00       0.00   1   1   1
  31  P     1702.40    -2.45277   31 1.00    2 0.00    3 0.00       0.00   1   1   1
  32  P     1725.76    10.56400   32 1.00    2 0.00    3 0.00       0.00   1   1   1
  33  P     1742.74    -2.97104   33 1.00    2 0.00    3 0.00       0.00   1   1   1
  34  P     3059.85    -0.38357   34 1.00    2 0.00    3 0.00       0.00   1   1   1
  35  P     3117.02    -0.03631   35 1.00    2 0.00    3 0.00       0.00   1   1   1
  36  P     3144.55     0.36305   36 1.00    2 0.00    3 0.00       0.00   1   1   1
  37  P     3234.98    -0.40283   37 1.00    2 0.00    3 0.00       0.00   1   1   1
  38  P     3303.50    -0.43445   38 1.00    2 0.00    3 0.00       0.00   1   1   1
  39  P     3435.88    -1.24726   39 1.00    2 0.00    3 0.00       0.00   1   1   1
   
 *********************************************************** 
  
  AVERAGE MAX PROJECTION     1.000000    St Dev   0.000000
  AVERAGE FREQ DIFF          0.000000    St Dev   0.000000
  AVERAGE ABS FREQ DIFF      0.000000    St Dev   0.000000
  AVERAGE ABS DISPLACE      -0.663612    St Dev   4.934479
  SUM DISPL**2             966.789160
  
 *********************************************************** 
  



                 ASSIGNMENTS AND ANALYSIS OF 2 WITH RESPECT TO 1
 STATE 2                              MODES STATE 1
IND DEF    FREQUENCY     SHIFT    I11 C11  I12 C12   I13 C13     FR(I11)  I90 I95 I99
   1  P      134.20     1.04192    1 1.00    2 0.00    3 0.00       0.00   1   1   1
   2  P      160.41    -3.45876    2 1.00    1 0.00    3 0.00       0.00   1   1   1
   3  P      196.22     1.45672    3 1.00    2 0.00    1 0.00       0.00   1   1   1
   4  P      302.97     5.99593    4 1.00    2 0.00    3 0.00       0.00   1   1   1
   5  P      314.07    -1.06130    5 1.00    2 0.00    3 0.00       0.00   1   1   1
   6  P      428.07    10.56498    6 1.00    2 0.00    3 0.00       0.00   1   1   1
   7  P      432.90   -12.22020    7 1.00    2 0.00    3 0.00       0.00   1   1   1
   8  P      481.64   -13.55670    8 1.00    2 0.00    3 0.00       0.00   1   1   1
   9  P      574.28    12.49486    9 1.00    2 0.00    3 0.00       0.00   1   1   1
  10  P      635.12     3.88186   10 1.00    2 0.00    3 0.00       0.00   1   1   1
  11  P      759.35     0.37218   11 1.00    2 0.00    3 0.00       0.00   1   1   1
  12  P      765.26     3.82203   12 1.00    2 0.00    3 0.00       0.00   1   1   1
  13  P      782.46     0.07379   13 1.00    2 0.00    3 0.00       0.00   1   1   1
  14  P      804.97     1.09263   14 1.00    2 0.00    3 0.00       0.00   1   1   1
  15  P      824.89    -0.78121   15 1.00    2 0.00    3 0.00       0.00   1   1   1
  16  P      880.92    -0.22875   16 1.00    2 0.00    3 0.00       0.00   1   1   1
  17  P      956.39    -0.08307   17 1.00    2 0.00    3 0.00       0.00   1   1   1
  18  P     1011.03     1.50318   18 1.00    2 0.00    3 0.00       0.00   1   1   1
  19  P     1050.49    -2.24292   19 1.00    2 0.00    3 0.00       0.00   1   1   1
  20  P     1080.68    -0.12460   20 1.00    2 0.00    3 0.00       0.00   1   1   1
  21  P     1201.12     3.93126   21 1.00    2 0.00    3 0.00       0.00   1   1   1
  22  P     1248.26     4.44402   22 1.00    2 0.00    3 0.00       0.00   1   1   1
  23  P     1270.66    -1.39120   23 1.00    2 0.00    3 0.00       0.00   1   1   1
  24  P     1397.06     5.91746   24 1.00    2 0.00    3 0.00       0.00   1   1   1
  25  P     1429.50     1.56008   25 1.00    2 0.00    3 0.00       0.00   1   1   1
  26  P     1470.79     0.00884   26 1.00    2 0.00    3 0.00       0.00   1   1   1
  27  P     1478.66     5.40465   27 1.00    2 0.00    3 0.00       0.00   1   1   1
  28  P     1492.29     0.51808   28 1.00    2 0.00    3 0.00       0.00   1   1   1
  29  P     1504.09     4.55427   29 1.00    2 0.00    3 0.00       0.00   1   1   1
  30  P     1551.74    -4.61034   30 1.00    2 0.00    3 0.00       0.00   1   1   1
  31  P     1702.40     2.45277   31 1.00    2 0.00    3 0.00       0.00   1   1   1
  32  P     1725.76   -10.56400   32 1.00    2 0.00    3 0.00       0.00   1   1   1
  33  P     1742.74     2.97104   33 1.00    2 0.00    3 0.00       0.00   1   1   1
  34  P     3059.85     0.38357   34 1.00    2 0.00    3 0.00       0.00   1   1   1
  35  P     3117.02     0.03631   35 1.00    2 0.00    3 0.00       0.00   1   1   1
  36  P     3144.55    -0.36305   36 1.00    2 0.00    3 0.00       0.00   1   1   1
  37  P     3234.98     0.40283   37 1.00    2 0.00    3 0.00       0.00   1   1   1
  38  P     3303.50     0.43445   38 1.00    2 0.00    3 0.00       0.00   1   1   1
  39  P     3435.88     1.24726   39 1.00    2 0.00    3 0.00       0.00   1   1   1
   
 *********************************************************** 
  
  AVERAGE MAX PROJECTION     1.000000    St Dev   0.000000
  AVERAGE FREQ DIFF          0.000000    St Dev   0.000000
  AVERAGE ABS FREQ DIFF      0.000000    St Dev   0.000000
  AVERAGE ABS DISPLACE       0.663612    St Dev   4.934479
  SUM DISPL**2             966.789160
  
 *********************************************************** 
  

 ADDITIONAL ANALYSIS ON DUSCHINSKY MATRIX
 ----------------------------------------
  Determinant:     1.0000

  ** A = GM·GMT **
  Det(A)     :     1.0000
  Trace(A)   :    39.0000
  Det(A-I)   :     0.0000
  Trace(A-I) :     0.0000
 ----------------------------------------

   
   
 STATE1 MODES SORTED BY DECREASING DIMENSIONLESS SHIFT
   IND    MODE    FREQUENCY DIMENSIONLESS SHIFT
     1      32    1725.76303       0.93676E+00
     2       9     574.28197      -0.63915E+00
     3       8     481.64471       0.63508E+00
     4       7     432.89773       0.54272E+00
     5      24    1397.05755      -0.47212E+00
     6       6     428.07115      -0.46659E+00
     7      27    1478.65893      -0.44362E+00
     8      30    1551.74094       0.38766E+00
     9      29    1504.09295      -0.37702E+00
    10      22    1248.26176      -0.33515E+00
    11      21    1201.11516      -0.29083E+00
    12      33    1742.73714      -0.26475E+00
    13      12     765.25945      -0.22569E+00
    14       4     302.96622      -0.22277E+00
    15      31    1702.40105      -0.21602E+00
    16      10     635.11563      -0.20882E+00
    17      39    3435.88052      -0.15606E+00
    18      19    1050.49457       0.15517E+00
    19      25    1429.50353      -0.12591E+00
    20      23    1270.66076       0.10586E+00
    21      18    1011.03147      -0.10202E+00
    22       2     160.41452       0.93508E-01
    23      14     804.97193      -0.66171E-01
    24      38    3303.50187      -0.53301E-01
    25      37    3234.98488      -0.48906E-01
    26      15     824.89053       0.47893E-01
    27      34    3059.84937      -0.45290E-01
    28       3     196.22253      -0.43557E-01
    29      36    3144.55442       0.43456E-01
    30      28    1492.29025      -0.42720E-01
    31       5     314.07372       0.40148E-01
    32       1     134.20283      -0.25765E-01
    33      11     759.35041      -0.21892E-01
    34      16     880.92171       0.14492E-01
    35      20    1080.68471       0.87435E-02
    36      17     956.39401       0.54839E-02
    37      13     782.45961      -0.44062E-02
    38      35    3117.01805      -0.43277E-02
    39      26    1470.79227      -0.72395E-03
   
   
 MODES OF STATE1 IN ORDER OF DECREASING FR COUPL
 ESTIMATED BY THE MAGNITUDE OF THE 0-0 INTEGRAL
   IND    MODE1  FREQ   MODE2 FR    FR. SHIFT INV0-0
     1     1   134.20283         1   134.20283         0.00000         1.00000
     2     2   160.41452         2   160.41452         0.00000         1.00000
     3     3   196.22253         3   196.22253         0.00000         1.00000
     4     4   302.96622         4   302.96622         0.00000         1.00000
     5     5   314.07372         5   314.07372         0.00000         1.00000
     6     6   428.07115         6   428.07115         0.00000         1.00000
     7     7   432.89773         7   432.89773         0.00000         1.00000
     8     8   481.64471         8   481.64471         0.00000         1.00000
     9     9   574.28197         9   574.28197         0.00000         1.00000
    10    10   635.11563        10   635.11563         0.00000         1.00000
    11    11   759.35041        11   759.35041         0.00000         1.00000
    12    12   765.25945        12   765.25945         0.00000         1.00000
    13    13   782.45961        13   782.45961         0.00000         1.00000
    14    14   804.97193        14   804.97193         0.00000         1.00000
    15    15   824.89053        15   824.89053         0.00000         1.00000
    16    16   880.92171        16   880.92171         0.00000         1.00000
    17    17   956.39401        17   956.39401         0.00000         1.00000
    18    18  1011.03147        18  1011.03147         0.00000         1.00000
    19    19  1050.49457        19  1050.49457         0.00000         1.00000
    20    20  1080.68471        20  1080.68471         0.00000         1.00000
    21    21  1201.11516        21  1201.11516         0.00000         1.00000
    22    22  1248.26176        22  1248.26176         0.00000         1.00000
    23    23  1270.66076        23  1270.66076         0.00000         1.00000
    24    24  1397.05755        24  1397.05755         0.00000         1.00000
    25    25  1429.50353        25  1429.50353         0.00000         1.00000
    26    26  1470.79227        26  1470.79227         0.00000         1.00000
    27    27  1478.65893        27  1478.65893         0.00000         1.00000
    28    28  1492.29025        28  1492.29025         0.00000         1.00000
    29    29  1504.09295        29  1504.09295         0.00000         1.00000
    30    30  1551.74094        30  1551.74094         0.00000         1.00000
    31    31  1702.40105        31  1702.40105         0.00000         1.00000
    32    32  1725.76303        32  1725.76303         0.00000         1.00000
    33    33  1742.73714        33  1742.73714         0.00000         1.00000
    34    34  3059.84937        34  3059.84937         0.00000         1.00000
    35    35  3117.01805        35  3117.01805         0.00000         1.00000
    36    36  3144.55442        36  3144.55442         0.00000         1.00000
    37    37  3234.98488        37  3234.98488         0.00000         1.00000
    38    38  3303.50187        38  3303.50187         0.00000         1.00000
    39    39  3435.88052        39  3435.88052         0.00000         1.00000
   
   
   
   
 STATE2 MODES SORTED BY DECREASING DIMENSIONLESS SHIFT
   IND    MODE    FREQUENCY DIMENSIONLESS SHIFT
     1      32    1725.76303      -0.93676E+00
     2       9     574.28197       0.63915E+00
     3       8     481.64471      -0.63508E+00
     4       7     432.89773      -0.54272E+00
     5      24    1397.05755       0.47212E+00
     6       6     428.07115       0.46659E+00
     7      27    1478.65893       0.44362E+00
     8      30    1551.74094      -0.38766E+00
     9      29    1504.09295       0.37702E+00
    10      22    1248.26176       0.33515E+00
    11      21    1201.11516       0.29083E+00
    12      33    1742.73714       0.26475E+00
    13      12     765.25945       0.22569E+00
    14       4     302.96622       0.22277E+00
    15      31    1702.40105       0.21602E+00
    16      10     635.11563       0.20882E+00
    17      39    3435.88052       0.15606E+00
    18      19    1050.49457      -0.15517E+00
    19      25    1429.50353       0.12591E+00
    20      23    1270.66076      -0.10586E+00
    21      18    1011.03147       0.10202E+00
    22       2     160.41452      -0.93508E-01
    23      14     804.97193       0.66171E-01
    24      38    3303.50187       0.53301E-01
    25      37    3234.98488       0.48906E-01
    26      15     824.89053      -0.47893E-01
    27      34    3059.84937       0.45290E-01
    28       3     196.22253       0.43557E-01
    29      36    3144.55442      -0.43456E-01
    30      28    1492.29025       0.42720E-01
    31       5     314.07372      -0.40148E-01
    32       1     134.20283       0.25765E-01
    33      11     759.35041       0.21892E-01
    34      16     880.92171      -0.14492E-01
    35      20    1080.68471      -0.87435E-02
    36      17     956.39401      -0.54839E-02
    37      13     782.45961       0.44062E-02
    38      35    3117.01805       0.43277E-02
    39      26    1470.79227       0.72395E-03
   
   
 MODES OF STATE2 IN ORDER OF DECREASING FR COUPL
 ESTIMATED BY THE MAGNITUDE OF THE 0-0 INTEGRAL
   IND    MODE2  FREQ   MODE1 FR    FR. SHIFT INV0-0
     1     1   134.20283         1   134.20283         0.00000         1.00000
     2     2   160.41452         2   160.41452         0.00000         1.00000
     3     3   196.22253         3   196.22253         0.00000         1.00000
     4     4   302.96622         4   302.96622         0.00000         1.00000
     5     5   314.07372         5   314.07372         0.00000         1.00000
     6     6   428.07115         6   428.07115         0.00000         1.00000
     7     7   432.89773         7   432.89773         0.00000         1.00000
     8     8   481.64471         8   481.64471         0.00000         1.00000
     9     9   574.28197         9   574.28197         0.00000         1.00000
    10    10   635.11563        10   635.11563         0.00000         1.00000
    11    11   759.35041        11   759.35041         0.00000         1.00000
    12    12   765.25945        12   765.25945         0.00000         1.00000
    13    13   782.45961        13   782.45961         0.00000         1.00000
    14    14   804.97193        14   804.97193         0.00000         1.00000
    15    15   824.89053        15   824.89053         0.00000         1.00000
    16    16   880.92171        16   880.92171         0.00000         1.00000
    17    17   956.39401        17   956.39401         0.00000         1.00000
    18    18  1011.03147        18  1011.03147         0.00000         1.00000
    19    19  1050.49457        19  1050.49457         0.00000         1.00000
    20    20  1080.68471        20  1080.68471         0.00000         1.00000
    21    21  1201.11516        21  1201.11516         0.00000         1.00000
    22    22  1248.26176        22  1248.26176         0.00000         1.00000
    23    23  1270.66076        23  1270.66076         0.00000         1.00000
    24    24  1397.05755        24  1397.05755         0.00000         1.00000
    25    25  1429.50353        25  1429.50353         0.00000         1.00000
    26    26  1470.79227        26  1470.79227         0.00000         1.00000
    27    27  1478.65893        27  1478.65893         0.00000         1.00000
    28    28  1492.29025        28  1492.29025         0.00000         1.00000
    29    29  1504.09295        29  1504.09295         0.00000         1.00000
    30    30  1551.74094        30  1551.74094         0.00000         1.00000
    31    31  1702.40105        31  1702.40105         0.00000         1.00000
    32    32  1725.76303        32  1725.76303         0.00000         1.00000
    33    33  1742.73714        33  1742.73714         0.00000         1.00000
    34    34  3059.84937        34  3059.84937         0.00000         1.00000
    35    35  3117.01805        35  3117.01805         0.00000         1.00000
    36    36  3144.55442        36  3144.55442         0.00000         1.00000
    37    37  3234.98488        37  3234.98488         0.00000         1.00000
    38    38  3303.50187        38  3303.50187         0.00000         1.00000
    39    39  3435.88052        39  3435.88052         0.00000         1.00000
   
   
  
  
 DIMENSIONLESS SHIFTS 
   IND     STATE1       STATE2
     1    -0.25765E-01     0.25765E-01
     2     0.93508E-01    -0.93508E-01
     3    -0.43557E-01     0.43557E-01
     4    -0.22277E+00     0.22277E+00
     5     0.40148E-01    -0.40148E-01
     6    -0.46659E+00     0.46659E+00
     7     0.54272E+00    -0.54272E+00
     8     0.63508E+00    -0.63508E+00
     9    -0.63915E+00     0.63915E+00
    10    -0.20882E+00     0.20882E+00
    11    -0.21892E-01     0.21892E-01
    12    -0.22569E+00     0.22569E+00
    13    -0.44062E-02     0.44062E-02
    14    -0.66171E-01     0.66171E-01
    15     0.47893E-01    -0.47893E-01
    16     0.14492E-01    -0.14492E-01
    17     0.54839E-02    -0.54839E-02
    18    -0.10202E+00     0.10202E+00
    19     0.15517E+00    -0.15517E+00
    20     0.87435E-02    -0.87435E-02
    21    -0.29083E+00     0.29083E+00
    22    -0.33515E+00     0.33515E+00
    23     0.10586E+00    -0.10586E+00
    24    -0.47212E+00     0.47212E+00
    25    -0.12591E+00     0.12591E+00
    26    -0.72395E-03     0.72395E-03
    27    -0.44362E+00     0.44362E+00
    28    -0.42720E-01     0.42720E-01
    29    -0.37702E+00     0.37702E+00
    30     0.38766E+00    -0.38766E+00
    31    -0.21602E+00     0.21602E+00
    32     0.93676E+00    -0.93676E+00
    33    -0.26475E+00     0.26475E+00
    34    -0.45290E-01     0.45290E-01
    35    -0.43277E-02     0.43277E-02
    36     0.43456E-01    -0.43456E-01
    37    -0.48906E-01     0.48906E-01
    38    -0.53301E-01     0.53301E-01
    39    -0.15606E+00     0.15606E+00
  SUM SQUARED DIMENSIONLESS DISPL STATE1        3.4889
  SUM SQUARED DIMENSIONLESS DISPL STATE2        3.4889
  VALUE STATE1 GROUND VIB WAVEFUN AT GEO2       0.1747
  VALUE STATE2 GROUND VIB WAVEFUN AT GEO1       0.1747
  VALUE STATE1 GROUND VIB WAVEFUN AT (GEO1+GEO2)/2      0.6465
  VALUE STATE2 GROUND VIB WAVEFUN AT (GEO1+GEO2)/2      0.6465

 Printing Duschinski matrix to 'duschinsky.dat'


 Printing Shift vector to 'displacement.dat'


NOTE: DE read from input:   6.481 (eV)                                                                    
 


 ===========================
  REORGANIZATION ENERGY
 ===========================
     0.008966  (Hartree)
     0.243964  (eV)


 ------------------------------------------------------
 Extrapolation form (generalized) vertical point:
 ------------------------------------------------------
 Extrapolated vertical energy:        6.48110  (eV)
 Extrapolated adiabatic energy:       6.48110  (eV)
 Extrapolated reorg. energy   :       0.00000  (eV)
 ------------------------------------------------------



 ===============================
  ZERO-POINT ENERGY CORRECTIONS 
 ===============================


                    ZERO POINT ENERGY IN CM-1
    E01=     25543.61    E02=     25543.61


                    0-0 ENERGY DIFFERENCE
       6.23714 eV


                    ADIABATIC ENERGY     
       6.23714 eV




 ====================

  TRANSITION DIPOLES 

 ====================
 Model for tr. dipoles: FC
 Reading electric dipole file: 
 ../../../../../eldip_Thymine6311-freq-solv-ES4_fchk
 


 ================= 
  TRANSITION INFO  
 ================= 
            DATA FOR VERTICAL TRANSITION 
  electric transition dipoles (au) at initial GEO 1
            0.00289143    0.05961935   -0.15249028
  electric transition dipoles (au) at initial GEO 2
            0.00289143    0.05961935   -0.15249028
  Square tr dipoles: geo1  0.02681611  geo2   0.02681611  Diff (d1-d2)/d1    0.0000 %
   
 ------------------
  State2 -> State1
 ------------------
 Reorganization Energy (eV) on State1        0.243964
 Vertical emission energy (eV)               5.993175
 Fluorescence lifetime from minimum (ns)  1.629587E+02
 ********************************************** 
   
 ------------------
  State1 -> State2
 ------------------
 Reorganization Energy on State2 (eV)        0.243964
 Vertical absorption energy (eV)             6.481103
 Absorption oscillator strength           4.257971E-03
 ********************************************** 
   

NOTE: Spectra resolution set to:  0.01200                                                                 
 

NOTE: To ensure exact match of TI and TD resuls, final spectral range reset to:    4.0000-                
       9.0040(eV)                                                                                         
 

 ----------------------------------------
 Refined spectral range for simulations: 
  nene       =       418
  From E(eV) =    4.0000
  To   E(eV) =    9.0040
 
 Related time-domain parameters
 (with energy shift & extended range):
  ntime =          218
  dt    =       0.7905
  tfin  =     171.9242
 Shift info (for external FT)
  dE_ext=  0.108000    
  Eshift=   3.89200    
 ----------------------------------------


NOTE: Changing Ead to optimize TD method before entering the spectrum calculation.Ead(original)=          
        6.237 (eV); Ead(shifted )=   2.345 (eV)                                                           
 


 ____________________________________________
  ============================================
  PROGRAM: td_onephoton
   Compute vibronic spectra with a harmonic 
   TD formulation                           
                                            
  References:                               
   Comput Theoret Chem, 1040--1041, 186-194 (2014)
 ____________________________________________
  ============================================
 
 SUMMARY OF CALCULATION OPTIONS
 -------------------------------
 Adiabatic Energy (eV)  :   2.3451

 Tipe of transition     : ABS-ECDNO

 Dipole aproximation    : FC-FC
 El. dipole at ref geom :    0.289E-02   0.596E-01  -0.152    

 Numerical evaluation of xi(t)
         Total time (fs):   171.924
         Nr data points : 218
         Time step (fs) :  0.790    

 Broad. function        : VOI  
 Broad. exponent (Gau)  :    7.014E-06
 Broad. order (Gau)     : 2
 Broad. exponent (Lor)  :    1.470E-03
 Broad. order (Lor)     : 1
 -------------------------------

 Computing correlation functions over 218 points

 Calling FFT with 436 points


 Entering in fft_calc subroutine (FFTW)
 Ndata: 436
 tini and tfin  -171.924     171.924

 df  2.901587352099123E-003
 dt  0.790456292826101     
 =========== tdspectra finished ===========  
 Timing...
  CPU (s) for tdspectra :       0.073
 ==========================================
                                           



===============================

 SUMMARY OF NOTES AND WARNINGS

===============================
 ---------------------------------
 7 notes raised along the run
 Look for NOTE in the output
 ---------------------------------

 
 ****************** FCclasses finished *******************
 Timing...   
  CPU (s)       0.098
 *********************************************************
 
 FCclasses finished successfully
