 
                                                    \ /               
                                              ..-'''-*-               
                                              \.-'''\ \               
      _____ _____      _                             | |              
     |  ___/  __ \    | |                         __/ /               
     | |_  | /  \/ ___| | __ _ ___ ___  ___  ___ |_  '.               
     |  _| | |    / __| |/ _` / __/ __|/ _ \/ __|   `.  \             
     | |   | \__/\ (__| | (_| \__ \__ \  __/\__ \     \ '.            
     \_|    \____/\___|_|\__,_|___/___/\___||___/      , |            
                                                       | |            
                                                      / ,'            
                                              -....--'  /             
                                              `.. __..-'              
                                                                      
 ********************************************************* 
   FCCLASSES3:                                             
   A code for vibronic simulations                         
                                                           
                                                           
 ********************************************************* 


 GIT VERSION INFO
  Commit id  : v3-1.0-2-g78ec1d1-dirty
  Commit date: 2022-07-22 10:24:13 +0200

 CURRENT RUN INFO
  Date&Time  : 2023-01-18, 11:48:28
  Input file : STDIN
  Input type : NEW



 INPUT OPTIONS:
-------------------------------
$$$
;GENERAL OPTIONS:
; NAT        = (read from structure files)
; NVIB       = (determined vibrational analysis)
PROPERTY     =   OPA   
MODEL        =   VG   
DIPOLE       =   FC   
DIPDER_COORD =   CARTESIAN  
TEMP         =     0.00
DE           =   6.76390
BROADFUN     =   VOI  
HWHM         =   0.1200
HWHM2        =   0.0400
RESOL        =   0.0120  ; (default: HWHM/10)
METHOD       =   TD   
ROT          =   1
SPCMIN       =     4.000
SPCMAX       =     9.000
;VIBRATIONAL ANALYSIS
NORMALMODES  =   COMPUTE  
RM_COORD     =   NONE    
COORDS       =   CARTESIAN  
FORCE_REAL   =   YES  
;INPUT DATA FILES
STATE1_FILE  =   ../../../../Thymine6311-freq-solv.fcc
STATE2_FILE  =   ../../../../Thymine6311-freq-solv-ES5.fcc
MASS_FILE    =   
ELDIP_FILE   =   ../../../../eldip_Thymine6311-freq-solv-ES5_fchk
MAGDIP_FILE  =   ../../../../magdip_Thymine6311-freq-solv-ES5_fchk
NAC_FILE     =   
NRCOUP_FILE  =   ../../../../eldip_Thymine6311-freq-solv-ES5_fchk
HESS1_FILE   =   ../../../../Thymine6311-freq-solv.fcc
HESS2_FILE   =   ../../../../Thymine6311-freq-solv.fcc
GRAD1_FILE   =   ../../../../Thymine6311-freq-solv.fcc
GRAD2_COORD  =   CARTESIAN
GRAD2_FILE   =   ../../../../Thymine6311-freq-solv-ES5.fcc
;VERBOSE LEVEL
VERBOSE      =   1
  
-------------------------------



 ==> State 1 <==

 Geometry file: ../../../../Thymine6311-freq-solv.fcc


 Gradient file: ../../../../Thymine6311-freq-solv.fcc

NOTE: The calculation for this State will assume stationary point since the gradient is                   
      small (maximum atomic gradient:   0.000096 a.u.)                                                    
 
 Hessian file: ../../../../Thymine6311-freq-solv.fcc



 ---------------------------------------
  Check effect of symmetry operations
  on Hessian elements (or gs^t\beta)
 ---------------------------------------

 Using input geometry instead of rotating to principal axis of intertia to detect symmetry


NOTE: Cannot determine symmetry. Set to C1 (no symmetric atoms)                                           
 
 
 ---------------------------------------



 =========================
  ANALYSIS OF DOFs
 =========================

 => STATE 1 <=
 Geometry (Angstroms)
 27    # Nr. of atoms
   Atom       X         Y         Z      Mass
N         -0.2312   -0.0351   -0.1877   14.0031
C          1.0964   -0.3620   -0.1381   12.0000
N          1.9435    0.6930    0.0003   14.0031
C          1.5071    1.9884    0.0940   12.0000
C          0.2030    2.3185    0.0627   12.0000
C         -0.7580    1.2420   -0.0795   12.0000
H         -0.8888   -0.8134   -0.3333    1.0078
O          1.4937   -1.5266   -0.2121   15.9949
H          2.9379    0.4607    0.0320    1.0078
H          2.2898    2.7278    0.1993    1.0078
O         -1.9758    1.4124   -0.1084   15.9949
C         -0.2989    3.7236    0.1709   12.0000
H         -0.8775    4.0006   -0.7127    1.0078
H         -0.9551    3.8378    1.0362    1.0078
H          0.5319    4.4213    0.2727    1.0078
O         -2.1570   -2.1894   -0.5455   15.9949
H          0.5350   -3.0516    0.4137    1.0078
O          4.2198   -1.0042    0.0523   15.9949
H         -3.3501    0.3297    0.1412    1.0078
H         -2.9566   -1.6966   -0.2488    1.0078
H         -2.3375   -2.4933   -1.4413    1.0078
O         -0.1161   -3.7123    0.6992   15.9949
H         -0.9538   -3.3454    0.3749    1.0078
H          3.4377   -1.5548   -0.1250    1.0078
H          4.8712   -1.2270   -0.6198    1.0078
O         -4.0085   -0.3948    0.1898   15.9949
H         -4.4169   -0.3444    1.0594    1.0078
 

 ------------------------------------------------
   INERTIA TENSOR (to be multiplied by 10**5)
 ------------------------------------------------

             1           2           3
  
    1    14.66310     0.08981    -0.07241
    2     0.08981    17.11093     0.09566
    3    -0.07241     0.09566    30.99913
 ------------------------------------------------


 ------------------------------------------------
   ROTATIONAL CONSTANTS (AND ROTATION MATRIX)
 ------------------------------------------------

 ROOT NO.    1           2           3

    ************************************
  
    1     0.99931    -0.03679     0.00464
    2     0.03682     0.99930    -0.00669
    3    -0.00439     0.00686     0.99997
 ------------------------------------------------

  Rotational constants (GHz)
     0.62843     0.53831     0.29718
  Rotational temperatures (K)
     0.03016     0.02584     0.01426


 -------------------
  DOF   Dimension
 -------------------
  Vib    75
  Rot    3
  Tra    3
 -------------------


 Translating State1 to its Center of Mass
 Initial COM:       0.0108     -0.0061     -0.0002


 ================================
  VIBRATIONAL ANALYSIS ON STATE1
 ================================

 ----------------------------------
   Redundant Frequencies (cm-1)
 ----------------------------------
     1    -0.00004
     2    -0.00002
     3    -0.00001
     4    -0.00001
     5     0.00002
     6     0.00003
 ----------------------------------


 ------------------------
   FREQUENCIES (cm-1)
 ------------------------
     1    23.69974
     2    40.65179
     3    53.95450
     4    62.86303
     5    69.58869
     6   101.74424
     7   118.24849
     8   138.70959
     9   149.17880
    10   159.84401
    11   167.95916
    12   175.73912
    13   183.57321
    14   192.13269
    15   224.44720
    16   254.12597
    17   282.03509
    18   305.98207
    19   309.81395
    20   325.04437
    21   344.14249
    22   395.85587
    23   415.63683
    24   431.58477
    25   438.62883
    26   465.49205
    27   482.38648
    28   531.93025
    29   567.09932
    30   608.95937
    31   625.23999
    32   636.24816
    33   684.26382
    34   762.32586
    35   766.64929
    36   783.20792
    37   809.45174
    38   825.09175
    39   882.38654
    40   912.20864
    41   956.44998
    42  1012.27687
    43  1051.79755
    44  1080.68994
    45  1201.81909
    46  1248.77884
    47  1270.75603
    48  1397.03683
    49  1429.49342
    50  1470.79230
    51  1478.72870
    52  1492.25552
    53  1504.55820
    54  1552.32927
    55  1594.80728
    56  1606.29315
    57  1633.11156
    58  1669.25026
    59  1710.05140
    60  1726.46970
    61  1749.67539
    62  3059.84823
    63  3117.01805
    64  3144.55363
    65  3234.98493
    66  3295.07493
    67  3410.56671
    68  3434.60240
    69  3523.21779
    70  3668.48097
    71  3695.20246
    72  3734.81060
    73  3879.33554
    74  3892.89116
    75  3896.99602
 ------------------------

 =====================
  THERMOCHEMISTRY     
 =====================
  Temperature (K):    0.00
  Pressure (atm) :    1.00
 
  Rotational constants (GHz)
     0.62843     0.53831     0.29718
  Rotational temperatures (K)
     0.03016     0.02584     0.01426
 
  Partition Functions
  qt =      0.000    
  qr =      0.000    
  qv =      0.000    
 
  Contributions to entropy
  St (cm-1/K) = -Infinity
  Sr (cm-1/K) = -Infinity
  Sv (cm-1/K) =       NaN
 
  Thermal corrections (AU)
  Zero Point Energy =   0.215362    
  Internal Energy   =   0.215362    
  Enthalpy          =   0.215362    
  Gibbs Free Energy =            NaN
 
  Thermal corrections (AU) - vibrational only
  Number of vibrations:      75
  V-internal Energy   =   0.215362    
  V-enthalpy          =   0.215362    
  V-gibbs Free Energy =            NaN


 ==> State 2 <==

 Geometry file: ../../../../Thymine6311-freq-solv-ES5.fcc


 Gradient file: ../../../../Thymine6311-freq-solv-ES5.fcc

NOTE: The calculation for this State will assume non-stationary point since the gradient                  
      is not negligible (maximum atomic gradient:   0.134063 a.u.)                                        
 
 Hessian file: ../../../../Thymine6311-freq-solv.fcc


 Combination abs/ECDNO
 A standard one-photon absorption calculation  will be performed


 =========================
  ANALYSIS OF DOFs
 =========================

 => STATE 2 <=
 Geometry (Angstroms)
 27    # Nr. of atoms
   Atom       X         Y         Z      Mass
N         -0.2312   -0.0351   -0.1877   14.0031
C          1.0964   -0.3620   -0.1381   12.0000
N          1.9435    0.6930    0.0003   14.0031
C          1.5071    1.9884    0.0940   12.0000
C          0.2030    2.3185    0.0627   12.0000
C         -0.7580    1.2420   -0.0795   12.0000
H         -0.8888   -0.8134   -0.3333    1.0078
O          1.4937   -1.5266   -0.2121   15.9949
H          2.9379    0.4607    0.0320    1.0078
H          2.2898    2.7278    0.1993    1.0078
O         -1.9758    1.4124   -0.1084   15.9949
C         -0.2989    3.7236    0.1709   12.0000
H         -0.8775    4.0006   -0.7127    1.0078
H         -0.9551    3.8378    1.0362    1.0078
H          0.5319    4.4213    0.2727    1.0078
O         -2.1570   -2.1894   -0.5455   15.9949
H          0.5350   -3.0516    0.4137    1.0078
O          4.2198   -1.0042    0.0523   15.9949
H         -3.3501    0.3297    0.1412    1.0078
H         -2.9566   -1.6966   -0.2488    1.0078
H         -2.3375   -2.4933   -1.4413    1.0078
O         -0.1161   -3.7123    0.6992   15.9949
H         -0.9538   -3.3454    0.3749    1.0078
H          3.4377   -1.5548   -0.1250    1.0078
H          4.8712   -1.2270   -0.6198    1.0078
O         -4.0085   -0.3948    0.1898   15.9949
H         -4.4169   -0.3444    1.0594    1.0078
 

 ------------------------------------------------
   INERTIA TENSOR (to be multiplied by 10**5)
 ------------------------------------------------

             1           2           3
  
    1    14.66310     0.08981    -0.07241
    2     0.08981    17.11093     0.09566
    3    -0.07241     0.09566    30.99913
 ------------------------------------------------


 ------------------------------------------------
   ROTATIONAL CONSTANTS (AND ROTATION MATRIX)
 ------------------------------------------------

 ROOT NO.    1           2           3

    ************************************
  
    1     0.99931    -0.03679     0.00464
    2     0.03682     0.99930    -0.00669
    3    -0.00439     0.00686     0.99997
 ------------------------------------------------

  Rotational constants (GHz)
     0.62843     0.53831     0.29718
  Rotational temperatures (K)
     0.03016     0.02584     0.01426


 -------------------
  DOF   Dimension
 -------------------
  Vib    75
  Rot    3
  Tra    3
 -------------------


 Translating State2 to its Center of Mass
 Initial COM:       0.0108     -0.0061     -0.0002


 ================================
  VIBRATIONAL ANALYSIS ON STATE2
 ================================

Normal modes read from State1 for VG


 ------------------------
   FREQUENCIES (cm-1)
 ------------------------
     1    23.69974
     2    40.65179
     3    53.95450
     4    62.86303
     5    69.58869
     6   101.74424
     7   118.24849
     8   138.70959
     9   149.17880
    10   159.84401
    11   167.95916
    12   175.73912
    13   183.57321
    14   192.13269
    15   224.44720
    16   254.12597
    17   282.03509
    18   305.98207
    19   309.81395
    20   325.04437
    21   344.14249
    22   395.85587
    23   415.63683
    24   431.58477
    25   438.62883
    26   465.49205
    27   482.38648
    28   531.93025
    29   567.09932
    30   608.95937
    31   625.23999
    32   636.24816
    33   684.26382
    34   762.32586
    35   766.64929
    36   783.20792
    37   809.45174
    38   825.09175
    39   882.38654
    40   912.20864
    41   956.44998
    42  1012.27687
    43  1051.79755
    44  1080.68994
    45  1201.81909
    46  1248.77884
    47  1270.75603
    48  1397.03683
    49  1429.49342
    50  1470.79230
    51  1478.72870
    52  1492.25552
    53  1504.55820
    54  1552.32927
    55  1594.80728
    56  1606.29315
    57  1633.11156
    58  1669.25026
    59  1710.05140
    60  1726.46970
    61  1749.67539
    62  3059.84823
    63  3117.01805
    64  3144.55363
    65  3234.98493
    66  3295.07493
    67  3410.56671
    68  3434.60240
    69  3523.21779
    70  3668.48097
    71  3695.20246
    72  3734.81060
    73  3879.33554
    74  3892.89116
    75  3896.99602
 ------------------------


 -------------------------------------
   State2 Gradient (Q1-space) x1e5
 -------------------------------------
     1     0.13091
     2    -0.05027
     3     0.21142
     4     0.02305
     5     0.08969
     6    -0.23612
     7    -0.50518
     8     2.13194
     9     1.54738
    10    -0.09525
    11    -1.51570
    12     0.52061
    13     1.01844
    14     0.43716
    15     0.99760
    16    -0.09832
    17     0.45807
    18    -0.17264
    19    -0.76950
    20    -0.35700
    21    -1.83572
    22    -0.66577
    23    -4.89732
    24    -1.51953
    25     4.84368
    26    -0.34403
    27     1.03309
    28     2.81426
    29     5.71618
    30     2.10994
    31     3.54658
    32     7.00574
    33     0.26861
    34    -0.23640
    35    -5.77396
    36     1.04161
    37     1.40148
    38   -11.54540
    39    -3.69061
    40    -2.64213
    41     0.18443
    42    12.87889
    43    -0.15796
    44     0.23256
    45   -22.33974
    46    16.97700
    47   -22.45250
    48    16.53203
    49    -3.43777
    50    -0.10865
    51   -17.34611
    52   -19.67596
    53   -67.87488
    54    46.39631
    55     1.39011
    56    -8.76310
    57     9.43726
    58    22.87453
    59   -68.18219
    60    -6.32305
    61    40.90621
    62     3.51169
    63     0.00957
    64    -0.07368
    65   -13.76716
    66    19.67187
    67    -4.18169
    68     7.53189
    69     2.30892
    70    -6.90277
    71     7.68631
    72    -7.72524
    73     0.37500
    74    -0.40756
    75    -2.12020
 -------------------------------------




                 ASSIGNMENTS AND ANALYSIS OF 1 WITH RESPECT TO 2
 STATE 1                              MODES STATE 2
IND DEF    FREQUENCY     SHIFT    I21 C21  I22 C22   I23 C23     FR(I21)  I90 I95 I99
   1  P       23.70  -112.26672    1 1.00    2 0.00    3 0.00       0.00   1   1   1
   2  P       40.65    14.65349    2 1.00    1 0.00    3 0.00       0.00   1   1   1
   3  P       53.95   -34.98372    3 1.00    2 0.00    1 0.00       0.00   1   1   1
   4  P       62.86    -2.81022    4 1.00    2 0.00    3 0.00       0.00   1   1   1
   5  P       69.59    -8.92179    5 1.00    2 0.00    3 0.00       0.00   1   1   1
   6  P      101.74    10.98685    6 1.00    2 0.00    3 0.00       0.00   1   1   1
   7  P      118.25    17.40285    7 1.00    2 0.00    3 0.00       0.00   1   1   1
   8  P      138.71   -53.37416    8 1.00    2 0.00    3 0.00       0.00   1   1   1
   9  P      149.18   -33.49276    9 1.00    2 0.00    3 0.00       0.00   1   1   1
  10  P      159.84     1.79577   10 1.00    2 0.00    3 0.00       0.00   1   1   1
  11  P      167.96    25.88060   11 1.00    2 0.00    3 0.00       0.00   1   1   1
  12  P      175.74    -8.11971   12 1.00    2 0.00    3 0.00       0.00   1   1   1
  13  P      183.57   -14.55751   13 1.00    2 0.00    3 0.00       0.00   1   1   1
  14  P      192.13    -5.70436   14 1.00    2 0.00    3 0.00       0.00   1   1   1
  15  P      224.45    -9.53885   15 1.00    2 0.00    3 0.00       0.00   1   1   1
  16  P      254.13     0.73334   16 1.00    2 0.00    3 0.00       0.00   1   1   1
  17  P      282.04    -2.77395   17 1.00    2 0.00    3 0.00       0.00   1   1   1
  18  P      305.98     0.88823   18 1.00    2 0.00    3 0.00       0.00   1   1   1
  19  P      309.81     3.86167   19 1.00    2 0.00    3 0.00       0.00   1   1   1
  20  P      325.04     1.62760   20 1.00    2 0.00    3 0.00       0.00   1   1   1
  21  P      344.14     7.46616   21 1.00    2 0.00    3 0.00       0.00   1   1   1
  22  P      395.86     2.04653   22 1.00    2 0.00    3 0.00       0.00   1   1   1
  23  P      415.64    13.65524   23 1.00    2 0.00    3 0.00       0.00   1   1   1
  24  P      431.58     3.92957   24 1.00    2 0.00    3 0.00       0.00   1   1   1
  25  P      438.63   -12.12689   25 1.00    2 0.00    3 0.00       0.00   1   1   1
  26  P      465.49     0.76479   26 1.00    2 0.00    3 0.00       0.00   1   1   1
  27  P      482.39    -2.13854   27 1.00    2 0.00    3 0.00       0.00   1   1   1
  28  P      531.93    -4.79096   28 1.00    2 0.00    3 0.00       0.00   1   1   1
  29  P      567.10    -8.56162   29 1.00    2 0.00    3 0.00       0.00   1   1   1
  30  P      608.96    -2.74070   30 1.00    2 0.00    3 0.00       0.00   1   1   1
  31  P      625.24    -4.37003   31 1.00    2 0.00    3 0.00       0.00   1   1   1
  32  P      636.25    -8.33623   32 1.00    2 0.00    3 0.00       0.00   1   1   1
  33  P      684.26    -0.27634   33 1.00    2 0.00    3 0.00       0.00   1   1   1
  34  P      762.33     0.19594   34 1.00    2 0.00    3 0.00       0.00   1   1   1
  35  P      766.65     4.73205   35 1.00    2 0.00    3 0.00       0.00   1   1   1
  36  P      783.21    -0.81794   36 1.00    2 0.00    3 0.00       0.00   1   1   1
  37  P      809.45    -1.03032   37 1.00    2 0.00    3 0.00       0.00   1   1   1
  38  P      825.09     8.16908   38 1.00    2 0.00    3 0.00       0.00   1   1   1
  39  P      882.39     2.28323   39 1.00    2 0.00    3 0.00       0.00   1   1   1
  40  P      912.21     1.52945   40 1.00    2 0.00    3 0.00       0.00   1   1   1
  41  P      956.45    -0.09711   41 1.00    2 0.00    3 0.00       0.00   1   1   1
  42  P     1012.28    -6.05408   42 1.00    2 0.00    3 0.00       0.00   1   1   1
  43  P     1051.80     0.06878   43 1.00    2 0.00    3 0.00       0.00   1   1   1
  44  P     1080.69    -0.09592   44 1.00    2 0.00    3 0.00       0.00   1   1   1
  45  P     1201.82     7.45021   45 1.00    2 0.00    3 0.00       0.00   1   1   1
  46  P     1248.78    -5.24395   46 1.00    2 0.00    3 0.00       0.00   1   1   1
  47  P     1270.76     6.69744   47 1.00    2 0.00    3 0.00       0.00   1   1   1
  48  P     1397.04    -4.08018   48 1.00    2 0.00    3 0.00       0.00   1   1   1
  49  P     1429.49     0.81037   49 1.00    2 0.00    3 0.00       0.00   1   1   1
  50  P     1470.79     0.02419   50 1.00    2 0.00    3 0.00       0.00   1   1   1
  51  P     1478.73     3.82115   51 1.00    2 0.00    3 0.00       0.00   1   1   1
  52  P     1492.26     4.25616   52 1.00    2 0.00    3 0.00       0.00   1   1   1
  53  P     1504.56    14.44308   53 1.00    2 0.00    3 0.00       0.00   1   1   1
  54  P     1552.33    -9.27437   54 1.00    2 0.00    3 0.00       0.00   1   1   1
  55  P     1594.81    -0.26327   55 1.00    2 0.00    3 0.00       0.00   1   1   1
  56  P     1606.29     1.63598   56 1.00    2 0.00    3 0.00       0.00   1   1   1
  57  P     1633.11    -1.70444   57 1.00    2 0.00    3 0.00       0.00   1   1   1
  58  P     1669.25    -3.95438   58 1.00    2 0.00    3 0.00       0.00   1   1   1
  59  P     1710.05    11.23107   59 1.00    2 0.00    3 0.00       0.00   1   1   1
  60  P     1726.47     1.02183   60 1.00    2 0.00    3 0.00       0.00   1   1   1
  61  P     1749.68    -6.43640   61 1.00    2 0.00    3 0.00       0.00   1   1   1
  62  P     3059.85    -0.18067   62 1.00    2 0.00    3 0.00       0.00   1   1   1
  63  P     3117.02    -0.00047   63 1.00    2 0.00    3 0.00       0.00   1   1   1
  64  P     3144.55     0.00359   64 1.00    2 0.00    3 0.00       0.00   1   1   1
  65  P     3234.98     0.63368   65 1.00    2 0.00    3 0.00       0.00   1   1   1
  66  P     3295.07    -0.87274   66 1.00    2 0.00    3 0.00       0.00   1   1   1
  67  P     3410.57     0.17317   67 1.00    2 0.00    3 0.00       0.00   1   1   1
  68  P     3434.60    -0.30755   68 1.00    2 0.00    3 0.00       0.00   1   1   1
  69  P     3523.22    -0.08960   69 1.00    2 0.00    3 0.00       0.00   1   1   1
  70  P     3668.48     0.24707   70 1.00    2 0.00    3 0.00       0.00   1   1   1
  71  P     3695.20    -0.27115   71 1.00    2 0.00    3 0.00       0.00   1   1   1
  72  P     3734.81     0.26677   72 1.00    2 0.00    3 0.00       0.00   1   1   1
  73  P     3879.34    -0.01200   73 1.00    2 0.00    3 0.00       0.00   1   1   1
  74  P     3892.89     0.01295   74 1.00    2 0.00    3 0.00       0.00   1   1   1
  75  P     3897.00     0.06725   75 1.00    2 0.00    3 0.00       0.00   1   1   1
   
 *********************************************************** 
  
  AVERAGE MAX PROJECTION     1.000000    St Dev   0.000000
  AVERAGE FREQ DIFF          0.000000    St Dev   0.000000
  AVERAGE ABS FREQ DIFF      0.000000    St Dev   0.000000
  AVERAGE ABS DISPLACE      -2.602726    St Dev  16.541870
  SUM DISPL**2           21030.573274
  
 *********************************************************** 
  



                 ASSIGNMENTS AND ANALYSIS OF 2 WITH RESPECT TO 1
 STATE 2                              MODES STATE 1
IND DEF    FREQUENCY     SHIFT    I11 C11  I12 C12   I13 C13     FR(I11)  I90 I95 I99
   1  P       23.70   112.26672    1 1.00    2 0.00    3 0.00       0.00   1   1   1
   2  P       40.65   -14.65349    2 1.00    1 0.00    3 0.00       0.00   1   1   1
   3  P       53.95    34.98372    3 1.00    2 0.00    1 0.00       0.00   1   1   1
   4  P       62.86     2.81022    4 1.00    2 0.00    3 0.00       0.00   1   1   1
   5  P       69.59     8.92179    5 1.00    2 0.00    3 0.00       0.00   1   1   1
   6  P      101.74   -10.98685    6 1.00    2 0.00    3 0.00       0.00   1   1   1
   7  P      118.25   -17.40285    7 1.00    2 0.00    3 0.00       0.00   1   1   1
   8  P      138.71    53.37416    8 1.00    2 0.00    3 0.00       0.00   1   1   1
   9  P      149.18    33.49276    9 1.00    2 0.00    3 0.00       0.00   1   1   1
  10  P      159.84    -1.79577   10 1.00    2 0.00    3 0.00       0.00   1   1   1
  11  P      167.96   -25.88060   11 1.00    2 0.00    3 0.00       0.00   1   1   1
  12  P      175.74     8.11971   12 1.00    2 0.00    3 0.00       0.00   1   1   1
  13  P      183.57    14.55751   13 1.00    2 0.00    3 0.00       0.00   1   1   1
  14  P      192.13     5.70436   14 1.00    2 0.00    3 0.00       0.00   1   1   1
  15  P      224.45     9.53885   15 1.00    2 0.00    3 0.00       0.00   1   1   1
  16  P      254.13    -0.73334   16 1.00    2 0.00    3 0.00       0.00   1   1   1
  17  P      282.04     2.77395   17 1.00    2 0.00    3 0.00       0.00   1   1   1
  18  P      305.98    -0.88823   18 1.00    2 0.00    3 0.00       0.00   1   1   1
  19  P      309.81    -3.86167   19 1.00    2 0.00    3 0.00       0.00   1   1   1
  20  P      325.04    -1.62760   20 1.00    2 0.00    3 0.00       0.00   1   1   1
  21  P      344.14    -7.46616   21 1.00    2 0.00    3 0.00       0.00   1   1   1
  22  P      395.86    -2.04653   22 1.00    2 0.00    3 0.00       0.00   1   1   1
  23  P      415.64   -13.65524   23 1.00    2 0.00    3 0.00       0.00   1   1   1
  24  P      431.58    -3.92957   24 1.00    2 0.00    3 0.00       0.00   1   1   1
  25  P      438.63    12.12689   25 1.00    2 0.00    3 0.00       0.00   1   1   1
  26  P      465.49    -0.76479   26 1.00    2 0.00    3 0.00       0.00   1   1   1
  27  P      482.39     2.13854   27 1.00    2 0.00    3 0.00       0.00   1   1   1
  28  P      531.93     4.79096   28 1.00    2 0.00    3 0.00       0.00   1   1   1
  29  P      567.10     8.56162   29 1.00    2 0.00    3 0.00       0.00   1   1   1
  30  P      608.96     2.74070   30 1.00    2 0.00    3 0.00       0.00   1   1   1
  31  P      625.24     4.37003   31 1.00    2 0.00    3 0.00       0.00   1   1   1
  32  P      636.25     8.33623   32 1.00    2 0.00    3 0.00       0.00   1   1   1
  33  P      684.26     0.27634   33 1.00    2 0.00    3 0.00       0.00   1   1   1
  34  P      762.33    -0.19594   34 1.00    2 0.00    3 0.00       0.00   1   1   1
  35  P      766.65    -4.73205   35 1.00    2 0.00    3 0.00       0.00   1   1   1
  36  P      783.21     0.81794   36 1.00    2 0.00    3 0.00       0.00   1   1   1
  37  P      809.45     1.03032   37 1.00    2 0.00    3 0.00       0.00   1   1   1
  38  P      825.09    -8.16908   38 1.00    2 0.00    3 0.00       0.00   1   1   1
  39  P      882.39    -2.28323   39 1.00    2 0.00    3 0.00       0.00   1   1   1
  40  P      912.21    -1.52945   40 1.00    2 0.00    3 0.00       0.00   1   1   1
  41  P      956.45     0.09711   41 1.00    2 0.00    3 0.00       0.00   1   1   1
  42  P     1012.28     6.05408   42 1.00    2 0.00    3 0.00       0.00   1   1   1
  43  P     1051.80    -0.06878   43 1.00    2 0.00    3 0.00       0.00   1   1   1
  44  P     1080.69     0.09592   44 1.00    2 0.00    3 0.00       0.00   1   1   1
  45  P     1201.82    -7.45021   45 1.00    2 0.00    3 0.00       0.00   1   1   1
  46  P     1248.78     5.24395   46 1.00    2 0.00    3 0.00       0.00   1   1   1
  47  P     1270.76    -6.69744   47 1.00    2 0.00    3 0.00       0.00   1   1   1
  48  P     1397.04     4.08018   48 1.00    2 0.00    3 0.00       0.00   1   1   1
  49  P     1429.49    -0.81037   49 1.00    2 0.00    3 0.00       0.00   1   1   1
  50  P     1470.79    -0.02419   50 1.00    2 0.00    3 0.00       0.00   1   1   1
  51  P     1478.73    -3.82115   51 1.00    2 0.00    3 0.00       0.00   1   1   1
  52  P     1492.26    -4.25616   52 1.00    2 0.00    3 0.00       0.00   1   1   1
  53  P     1504.56   -14.44308   53 1.00    2 0.00    3 0.00       0.00   1   1   1
  54  P     1552.33     9.27437   54 1.00    2 0.00    3 0.00       0.00   1   1   1
  55  P     1594.81     0.26327   55 1.00    2 0.00    3 0.00       0.00   1   1   1
  56  P     1606.29    -1.63598   56 1.00    2 0.00    3 0.00       0.00   1   1   1
  57  P     1633.11     1.70444   57 1.00    2 0.00    3 0.00       0.00   1   1   1
  58  P     1669.25     3.95438   58 1.00    2 0.00    3 0.00       0.00   1   1   1
  59  P     1710.05   -11.23107   59 1.00    2 0.00    3 0.00       0.00   1   1   1
  60  P     1726.47    -1.02183   60 1.00    2 0.00    3 0.00       0.00   1   1   1
  61  P     1749.68     6.43640   61 1.00    2 0.00    3 0.00       0.00   1   1   1
  62  P     3059.85     0.18067   62 1.00    2 0.00    3 0.00       0.00   1   1   1
  63  P     3117.02     0.00047   63 1.00    2 0.00    3 0.00       0.00   1   1   1
  64  P     3144.55    -0.00359   64 1.00    2 0.00    3 0.00       0.00   1   1   1
  65  P     3234.98    -0.63368   65 1.00    2 0.00    3 0.00       0.00   1   1   1
  66  P     3295.07     0.87274   66 1.00    2 0.00    3 0.00       0.00   1   1   1
  67  P     3410.57    -0.17317   67 1.00    2 0.00    3 0.00       0.00   1   1   1
  68  P     3434.60     0.30755   68 1.00    2 0.00    3 0.00       0.00   1   1   1
  69  P     3523.22     0.08960   69 1.00    2 0.00    3 0.00       0.00   1   1   1
  70  P     3668.48    -0.24707   70 1.00    2 0.00    3 0.00       0.00   1   1   1
  71  P     3695.20     0.27115   71 1.00    2 0.00    3 0.00       0.00   1   1   1
  72  P     3734.81    -0.26677   72 1.00    2 0.00    3 0.00       0.00   1   1   1
  73  P     3879.34     0.01200   73 1.00    2 0.00    3 0.00       0.00   1   1   1
  74  P     3892.89    -0.01295   74 1.00    2 0.00    3 0.00       0.00   1   1   1
  75  P     3897.00    -0.06725   75 1.00    2 0.00    3 0.00       0.00   1   1   1
   
 *********************************************************** 
  
  AVERAGE MAX PROJECTION     1.000000    St Dev   0.000000
  AVERAGE FREQ DIFF          0.000000    St Dev   0.000000
  AVERAGE ABS FREQ DIFF      0.000000    St Dev   0.000000
  AVERAGE ABS DISPLACE       2.602726    St Dev  16.541870
  SUM DISPL**2           21030.573274
  
 *********************************************************** 
  

 ADDITIONAL ANALYSIS ON DUSCHINSKY MATRIX
 ----------------------------------------
  Determinant:     1.0000

  ** A = GM·GMT **
  Det(A)     :     1.0000
  Trace(A)   :    75.0000
  Det(A-I)   :     0.0000
  Trace(A-I) :     0.0000
 ----------------------------------------

   
   
 STATE1 MODES SORTED BY DECREASING DIMENSIONLESS SHIFT
   IND    MODE    FREQUENCY DIMENSIONLESS SHIFT
     1       8     138.70959      -0.13418E+01
     2      53    1504.55820       0.11958E+01
     3       1      23.69974      -0.11666E+01
     4      59    1710.05140       0.99137E+00
     5       9     149.17880      -0.87320E+00
     6      54    1552.32927      -0.77998E+00
     7      11     167.95916       0.71595E+00
     8      23     415.63683       0.59424E+00
     9      61    1749.67539      -0.57468E+00
    10      45    1201.81909       0.55131E+00
    11       3      53.95450      -0.54851E+00
    12      25     438.62883      -0.54213E+00
    13      47    1270.75603       0.50962E+00
    14      38     825.09175       0.50088E+00
    15      32     636.24816      -0.44884E+00
    16      29     567.09932      -0.43520E+00
    17      13     183.57321      -0.42102E+00
    18      42    1012.27687      -0.41116E+00
    19       7     118.24849       0.40395E+00
    20      46    1248.77884      -0.39556E+00
    21      52    1492.25552       0.35095E+00
    22      58    1669.25026      -0.34486E+00
    23      48    1397.03683      -0.32553E+00
    24      51    1478.72870       0.31365E+00
    25      15     224.44720      -0.30504E+00
    26      21     344.14249       0.29565E+00
    27      35     766.64929       0.27968E+00
    28       6     101.74424       0.23656E+00
    29      28     531.93025      -0.23586E+00
    30      31     625.23999      -0.23325E+00
    31      12     175.73912      -0.22976E+00
    32       2      40.65179       0.19943E+00
    33      24     431.58477       0.17426E+00
    34      14     192.13269      -0.16878E+00
    35       5      69.58869      -0.15887E+00
    36      57    1633.11156      -0.14703E+00
    37      19     309.81395       0.14509E+00
    38      39     882.38654       0.14477E+00
    39      30     608.95937      -0.14437E+00
    40      56    1606.29315       0.13996E+00
    41      66    3295.07493      -0.10694E+00
    42      27     482.38648      -0.10026E+00
    43      17     282.03509      -0.99439E-01
    44      40     912.20864       0.98603E-01
    45      60    1726.46970       0.90628E-01
    46      22     395.85587       0.86915E-01
    47      65    3234.98493       0.76933E-01
    48      49    1429.49342       0.65400E-01
    49      20     325.04437       0.62637E-01
    50      37     809.45174      -0.62571E-01
    51      36     783.20792      -0.48862E-01
    52      10     159.84401       0.48462E-01
    53       4      62.86303      -0.47560E-01
    54      68    3434.60240      -0.38474E-01
    55      26     465.49205       0.35221E-01
    56      71    3695.20246      -0.35183E-01
    57      72    3734.81060       0.34801E-01
    58      18     305.98207       0.33165E-01
    59      70    3668.48097       0.31943E-01
    60      16     254.12597       0.24954E-01
    61      55    1594.80728      -0.22442E-01
    62      67    3410.56671       0.21587E-01
    63      62    3059.84823      -0.21333E-01
    64      33     684.26382      -0.15430E-01
    65      34     762.32586       0.11548E-01
    66      69    3523.21779      -0.11352E-01
    67      75    3896.99602       0.89611E-02
    68      44    1080.68994      -0.67307E-02
    69      41     956.44998      -0.64108E-02
    70      43    1051.79755       0.47613E-02
    71      50    1470.79230       0.19805E-02
    72      74    3892.89116       0.17253E-02
    73      73    3879.33554      -0.15958E-02
    74      64    3144.55363       0.42964E-03
    75      63    3117.01805      -0.56543E-04
   
   
 MODES OF STATE1 IN ORDER OF DECREASING FR COUPL
 ESTIMATED BY THE MAGNITUDE OF THE 0-0 INTEGRAL
   IND    MODE1  FREQ   MODE2 FR    FR. SHIFT INV0-0
     1     1    23.69974         1    23.69974         0.00000         1.00000
     2     2    40.65179         2    40.65179         0.00000         1.00000
     3     3    53.95450         3    53.95450         0.00000         1.00000
     4     4    62.86303         4    62.86303         0.00000         1.00000
     5     5    69.58869         5    69.58869         0.00000         1.00000
     6     6   101.74424         6   101.74424         0.00000         1.00000
     7     7   118.24849         7   118.24849         0.00000         1.00000
     8     8   138.70959         8   138.70959         0.00000         1.00000
     9     9   149.17880         9   149.17880         0.00000         1.00000
    10    10   159.84401        10   159.84401         0.00000         1.00000
    11    11   167.95916        11   167.95916         0.00000         1.00000
    12    12   175.73912        12   175.73912         0.00000         1.00000
    13    13   183.57321        13   183.57321         0.00000         1.00000
    14    14   192.13269        14   192.13269         0.00000         1.00000
    15    15   224.44720        15   224.44720         0.00000         1.00000
    16    16   254.12597        16   254.12597         0.00000         1.00000
    17    17   282.03509        17   282.03509         0.00000         1.00000
    18    18   305.98207        18   305.98207         0.00000         1.00000
    19    19   309.81395        19   309.81395         0.00000         1.00000
    20    20   325.04437        20   325.04437         0.00000         1.00000
    21    21   344.14249        21   344.14249         0.00000         1.00000
    22    22   395.85587        22   395.85587         0.00000         1.00000
    23    23   415.63683        23   415.63683         0.00000         1.00000
    24    24   431.58477        24   431.58477         0.00000         1.00000
    25    25   438.62883        25   438.62883         0.00000         1.00000
    26    26   465.49205        26   465.49205         0.00000         1.00000
    27    27   482.38648        27   482.38648         0.00000         1.00000
    28    28   531.93025        28   531.93025         0.00000         1.00000
    29    29   567.09932        29   567.09932         0.00000         1.00000
    30    30   608.95937        30   608.95937         0.00000         1.00000
    31    31   625.23999        31   625.23999         0.00000         1.00000
    32    32   636.24816        32   636.24816         0.00000         1.00000
    33    33   684.26382        33   684.26382         0.00000         1.00000
    34    34   762.32586        34   762.32586         0.00000         1.00000
    35    35   766.64929        35   766.64929         0.00000         1.00000
    36    36   783.20792        36   783.20792         0.00000         1.00000
    37    37   809.45174        37   809.45174         0.00000         1.00000
    38    38   825.09175        38   825.09175         0.00000         1.00000
    39    39   882.38654        39   882.38654         0.00000         1.00000
    40    40   912.20864        40   912.20864         0.00000         1.00000
    41    41   956.44998        41   956.44998         0.00000         1.00000
    42    42  1012.27687        42  1012.27687         0.00000         1.00000
    43    43  1051.79755        43  1051.79755         0.00000         1.00000
    44    44  1080.68994        44  1080.68994         0.00000         1.00000
    45    45  1201.81909        45  1201.81909         0.00000         1.00000
    46    46  1248.77884        46  1248.77884         0.00000         1.00000
    47    47  1270.75603        47  1270.75603         0.00000         1.00000
    48    48  1397.03683        48  1397.03683         0.00000         1.00000
    49    49  1429.49342        49  1429.49342         0.00000         1.00000
    50    50  1470.79230        50  1470.79230         0.00000         1.00000
    51    51  1478.72870        51  1478.72870         0.00000         1.00000
    52    52  1492.25552        52  1492.25552         0.00000         1.00000
    53    53  1504.55820        53  1504.55820         0.00000         1.00000
    54    54  1552.32927        54  1552.32927         0.00000         1.00000
    55    55  1594.80728        55  1594.80728         0.00000         1.00000
    56    56  1606.29315        56  1606.29315         0.00000         1.00000
    57    57  1633.11156        57  1633.11156         0.00000         1.00000
    58    58  1669.25026        58  1669.25026         0.00000         1.00000
    59    59  1710.05140        59  1710.05140         0.00000         1.00000
    60    60  1726.46970        60  1726.46970         0.00000         1.00000
    61    61  1749.67539        61  1749.67539         0.00000         1.00000
    62    62  3059.84823        62  3059.84823         0.00000         1.00000
    63    63  3117.01805        63  3117.01805         0.00000         1.00000
    64    64  3144.55363        64  3144.55363         0.00000         1.00000
    65    65  3234.98493        65  3234.98493         0.00000         1.00000
    66    66  3295.07493        66  3295.07493         0.00000         1.00000
    67    67  3410.56671        67  3410.56671         0.00000         1.00000
    68    68  3434.60240        68  3434.60240         0.00000         1.00000
    69    69  3523.21779        69  3523.21779         0.00000         1.00000
    70    70  3668.48097        70  3668.48097         0.00000         1.00000
    71    71  3695.20246        71  3695.20246         0.00000         1.00000
    72    72  3734.81060        72  3734.81060         0.00000         1.00000
    73    73  3879.33554        73  3879.33554         0.00000         1.00000
    74    74  3892.89116        74  3892.89116         0.00000         1.00000
    75    75  3896.99602        75  3896.99602         0.00000         1.00000
   
   
   
   
 STATE2 MODES SORTED BY DECREASING DIMENSIONLESS SHIFT
   IND    MODE    FREQUENCY DIMENSIONLESS SHIFT
     1       8     138.70959       0.13418E+01
     2      53    1504.55820      -0.11958E+01
     3       1      23.69974       0.11666E+01
     4      59    1710.05140      -0.99137E+00
     5       9     149.17880       0.87320E+00
     6      54    1552.32927       0.77998E+00
     7      11     167.95916      -0.71595E+00
     8      23     415.63683      -0.59424E+00
     9      61    1749.67539       0.57468E+00
    10      45    1201.81909      -0.55131E+00
    11       3      53.95450       0.54851E+00
    12      25     438.62883       0.54213E+00
    13      47    1270.75603      -0.50962E+00
    14      38     825.09175      -0.50088E+00
    15      32     636.24816       0.44884E+00
    16      29     567.09932       0.43520E+00
    17      13     183.57321       0.42102E+00
    18      42    1012.27687       0.41116E+00
    19       7     118.24849      -0.40395E+00
    20      46    1248.77884       0.39556E+00
    21      52    1492.25552      -0.35095E+00
    22      58    1669.25026       0.34486E+00
    23      48    1397.03683       0.32553E+00
    24      51    1478.72870      -0.31365E+00
    25      15     224.44720       0.30504E+00
    26      21     344.14249      -0.29565E+00
    27      35     766.64929      -0.27968E+00
    28       6     101.74424      -0.23656E+00
    29      28     531.93025       0.23586E+00
    30      31     625.23999       0.23325E+00
    31      12     175.73912       0.22976E+00
    32       2      40.65179      -0.19943E+00
    33      24     431.58477      -0.17426E+00
    34      14     192.13269       0.16878E+00
    35       5      69.58869       0.15887E+00
    36      57    1633.11156       0.14703E+00
    37      19     309.81395      -0.14509E+00
    38      39     882.38654      -0.14477E+00
    39      30     608.95937       0.14437E+00
    40      56    1606.29315      -0.13996E+00
    41      66    3295.07493       0.10694E+00
    42      27     482.38648       0.10026E+00
    43      17     282.03509       0.99439E-01
    44      40     912.20864      -0.98603E-01
    45      60    1726.46970      -0.90628E-01
    46      22     395.85587      -0.86915E-01
    47      65    3234.98493      -0.76933E-01
    48      49    1429.49342      -0.65400E-01
    49      20     325.04437      -0.62637E-01
    50      37     809.45174       0.62571E-01
    51      36     783.20792       0.48862E-01
    52      10     159.84401      -0.48462E-01
    53       4      62.86303       0.47560E-01
    54      68    3434.60240       0.38474E-01
    55      26     465.49205      -0.35221E-01
    56      71    3695.20246       0.35183E-01
    57      72    3734.81060      -0.34801E-01
    58      18     305.98207      -0.33165E-01
    59      70    3668.48097      -0.31943E-01
    60      16     254.12597      -0.24954E-01
    61      55    1594.80728       0.22442E-01
    62      67    3410.56671      -0.21587E-01
    63      62    3059.84823       0.21333E-01
    64      33     684.26382       0.15430E-01
    65      34     762.32586      -0.11548E-01
    66      69    3523.21779       0.11352E-01
    67      75    3896.99602      -0.89611E-02
    68      44    1080.68994       0.67307E-02
    69      41     956.44998       0.64108E-02
    70      43    1051.79755      -0.47613E-02
    71      50    1470.79230      -0.19805E-02
    72      74    3892.89116      -0.17253E-02
    73      73    3879.33554       0.15958E-02
    74      64    3144.55363      -0.42964E-03
    75      63    3117.01805       0.56543E-04
   
   
 MODES OF STATE2 IN ORDER OF DECREASING FR COUPL
 ESTIMATED BY THE MAGNITUDE OF THE 0-0 INTEGRAL
   IND    MODE2  FREQ   MODE1 FR    FR. SHIFT INV0-0
     1     1    23.69974         1    23.69974         0.00000         1.00000
     2     2    40.65179         2    40.65179         0.00000         1.00000
     3     3    53.95450         3    53.95450         0.00000         1.00000
     4     4    62.86303         4    62.86303         0.00000         1.00000
     5     5    69.58869         5    69.58869         0.00000         1.00000
     6     6   101.74424         6   101.74424         0.00000         1.00000
     7     7   118.24849         7   118.24849         0.00000         1.00000
     8     8   138.70959         8   138.70959         0.00000         1.00000
     9     9   149.17880         9   149.17880         0.00000         1.00000
    10    10   159.84401        10   159.84401         0.00000         1.00000
    11    11   167.95916        11   167.95916         0.00000         1.00000
    12    12   175.73912        12   175.73912         0.00000         1.00000
    13    13   183.57321        13   183.57321         0.00000         1.00000
    14    14   192.13269        14   192.13269         0.00000         1.00000
    15    15   224.44720        15   224.44720         0.00000         1.00000
    16    16   254.12597        16   254.12597         0.00000         1.00000
    17    17   282.03509        17   282.03509         0.00000         1.00000
    18    18   305.98207        18   305.98207         0.00000         1.00000
    19    19   309.81395        19   309.81395         0.00000         1.00000
    20    20   325.04437        20   325.04437         0.00000         1.00000
    21    21   344.14249        21   344.14249         0.00000         1.00000
    22    22   395.85587        22   395.85587         0.00000         1.00000
    23    23   415.63683        23   415.63683         0.00000         1.00000
    24    24   431.58477        24   431.58477         0.00000         1.00000
    25    25   438.62883        25   438.62883         0.00000         1.00000
    26    26   465.49205        26   465.49205         0.00000         1.00000
    27    27   482.38648        27   482.38648         0.00000         1.00000
    28    28   531.93025        28   531.93025         0.00000         1.00000
    29    29   567.09932        29   567.09932         0.00000         1.00000
    30    30   608.95937        30   608.95937         0.00000         1.00000
    31    31   625.23999        31   625.23999         0.00000         1.00000
    32    32   636.24816        32   636.24816         0.00000         1.00000
    33    33   684.26382        33   684.26382         0.00000         1.00000
    34    34   762.32586        34   762.32586         0.00000         1.00000
    35    35   766.64929        35   766.64929         0.00000         1.00000
    36    36   783.20792        36   783.20792         0.00000         1.00000
    37    37   809.45174        37   809.45174         0.00000         1.00000
    38    38   825.09175        38   825.09175         0.00000         1.00000
    39    39   882.38654        39   882.38654         0.00000         1.00000
    40    40   912.20864        40   912.20864         0.00000         1.00000
    41    41   956.44998        41   956.44998         0.00000         1.00000
    42    42  1012.27687        42  1012.27687         0.00000         1.00000
    43    43  1051.79755        43  1051.79755         0.00000         1.00000
    44    44  1080.68994        44  1080.68994         0.00000         1.00000
    45    45  1201.81909        45  1201.81909         0.00000         1.00000
    46    46  1248.77884        46  1248.77884         0.00000         1.00000
    47    47  1270.75603        47  1270.75603         0.00000         1.00000
    48    48  1397.03683        48  1397.03683         0.00000         1.00000
    49    49  1429.49342        49  1429.49342         0.00000         1.00000
    50    50  1470.79230        50  1470.79230         0.00000         1.00000
    51    51  1478.72870        51  1478.72870         0.00000         1.00000
    52    52  1492.25552        52  1492.25552         0.00000         1.00000
    53    53  1504.55820        53  1504.55820         0.00000         1.00000
    54    54  1552.32927        54  1552.32927         0.00000         1.00000
    55    55  1594.80728        55  1594.80728         0.00000         1.00000
    56    56  1606.29315        56  1606.29315         0.00000         1.00000
    57    57  1633.11156        57  1633.11156         0.00000         1.00000
    58    58  1669.25026        58  1669.25026         0.00000         1.00000
    59    59  1710.05140        59  1710.05140         0.00000         1.00000
    60    60  1726.46970        60  1726.46970         0.00000         1.00000
    61    61  1749.67539        61  1749.67539         0.00000         1.00000
    62    62  3059.84823        62  3059.84823         0.00000         1.00000
    63    63  3117.01805        63  3117.01805         0.00000         1.00000
    64    64  3144.55363        64  3144.55363         0.00000         1.00000
    65    65  3234.98493        65  3234.98493         0.00000         1.00000
    66    66  3295.07493        66  3295.07493         0.00000         1.00000
    67    67  3410.56671        67  3410.56671         0.00000         1.00000
    68    68  3434.60240        68  3434.60240         0.00000         1.00000
    69    69  3523.21779        69  3523.21779         0.00000         1.00000
    70    70  3668.48097        70  3668.48097         0.00000         1.00000
    71    71  3695.20246        71  3695.20246         0.00000         1.00000
    72    72  3734.81060        72  3734.81060         0.00000         1.00000
    73    73  3879.33554        73  3879.33554         0.00000         1.00000
    74    74  3892.89116        74  3892.89116         0.00000         1.00000
    75    75  3896.99602        75  3896.99602         0.00000         1.00000
   
   
  
  
 DIMENSIONLESS SHIFTS 
   IND     STATE1       STATE2
     1    -0.11666E+01     0.11666E+01
     2     0.19943E+00    -0.19943E+00
     3    -0.54851E+00     0.54851E+00
     4    -0.47560E-01     0.47560E-01
     5    -0.15887E+00     0.15887E+00
     6     0.23656E+00    -0.23656E+00
     7     0.40395E+00    -0.40395E+00
     8    -0.13418E+01     0.13418E+01
     9    -0.87320E+00     0.87320E+00
    10     0.48462E-01    -0.48462E-01
    11     0.71595E+00    -0.71595E+00
    12    -0.22976E+00     0.22976E+00
    13    -0.42102E+00     0.42102E+00
    14    -0.16878E+00     0.16878E+00
    15    -0.30504E+00     0.30504E+00
    16     0.24954E-01    -0.24954E-01
    17    -0.99439E-01     0.99439E-01
    18     0.33165E-01    -0.33165E-01
    19     0.14509E+00    -0.14509E+00
    20     0.62637E-01    -0.62637E-01
    21     0.29565E+00    -0.29565E+00
    22     0.86915E-01    -0.86915E-01
    23     0.59424E+00    -0.59424E+00
    24     0.17426E+00    -0.17426E+00
    25    -0.54213E+00     0.54213E+00
    26     0.35221E-01    -0.35221E-01
    27    -0.10026E+00     0.10026E+00
    28    -0.23586E+00     0.23586E+00
    29    -0.43520E+00     0.43520E+00
    30    -0.14437E+00     0.14437E+00
    31    -0.23325E+00     0.23325E+00
    32    -0.44884E+00     0.44884E+00
    33    -0.15430E-01     0.15430E-01
    34     0.11548E-01    -0.11548E-01
    35     0.27968E+00    -0.27968E+00
    36    -0.48862E-01     0.48862E-01
    37    -0.62571E-01     0.62571E-01
    38     0.50088E+00    -0.50088E+00
    39     0.14477E+00    -0.14477E+00
    40     0.98603E-01    -0.98603E-01
    41    -0.64108E-02     0.64108E-02
    42    -0.41116E+00     0.41116E+00
    43     0.47613E-02    -0.47613E-02
    44    -0.67307E-02     0.67307E-02
    45     0.55131E+00    -0.55131E+00
    46    -0.39556E+00     0.39556E+00
    47     0.50962E+00    -0.50962E+00
    48    -0.32553E+00     0.32553E+00
    49     0.65400E-01    -0.65400E-01
    50     0.19805E-02    -0.19805E-02
    51     0.31365E+00    -0.31365E+00
    52     0.35095E+00    -0.35095E+00
    53     0.11958E+01    -0.11958E+01
    54    -0.77998E+00     0.77998E+00
    55    -0.22442E-01     0.22442E-01
    56     0.13996E+00    -0.13996E+00
    57    -0.14703E+00     0.14703E+00
    58    -0.34486E+00     0.34486E+00
    59     0.99137E+00    -0.99137E+00
    60     0.90628E-01    -0.90628E-01
    61    -0.57468E+00     0.57468E+00
    62    -0.21333E-01     0.21333E-01
    63    -0.56543E-04     0.56543E-04
    64     0.42964E-03    -0.42964E-03
    65     0.76933E-01    -0.76933E-01
    66    -0.10694E+00     0.10694E+00
    67     0.21587E-01    -0.21587E-01
    68    -0.38474E-01     0.38474E-01
    69    -0.11352E-01     0.11352E-01
    70     0.31943E-01    -0.31943E-01
    71    -0.35183E-01     0.35183E-01
    72     0.34801E-01    -0.34801E-01
    73    -0.15958E-02     0.15958E-02
    74     0.17253E-02    -0.17253E-02
    75     0.89611E-02    -0.89611E-02
  SUM SQUARED DIMENSIONLESS DISPL STATE1       11.8510
  SUM SQUARED DIMENSIONLESS DISPL STATE2       11.8510
  VALUE STATE1 GROUND VIB WAVEFUN AT GEO2       0.0027
  VALUE STATE2 GROUND VIB WAVEFUN AT GEO1       0.0027
  VALUE STATE1 GROUND VIB WAVEFUN AT (GEO1+GEO2)/2      0.2273
  VALUE STATE2 GROUND VIB WAVEFUN AT (GEO1+GEO2)/2      0.2273

 Printing Duschinski matrix to 'duschinsky.dat'


 Printing Shift vector to 'displacement.dat'


NOTE: DE read from input:   6.764 (eV)                                                                    
 


 ===========================
  REORGANIZATION ENERGY
 ===========================
     0.020056  (Hartree)
     0.545756  (eV)


 ------------------------------------------------------
 Extrapolation form (generalized) vertical point:
 ------------------------------------------------------
 Extrapolated vertical energy:        6.76390  (eV)
 Extrapolated adiabatic energy:       6.76390  (eV)
 Extrapolated reorg. energy   :       0.00000  (eV)
 ------------------------------------------------------



 ===============================
  ZERO-POINT ENERGY CORRECTIONS 
 ===============================


                    ZERO POINT ENERGY IN CM-1
    E01=     47266.57    E02=     47266.57


                    0-0 ENERGY DIFFERENCE
       6.21815 eV


                    ADIABATIC ENERGY     
       6.21815 eV




 ====================

  TRANSITION DIPOLES 

 ====================
 Model for tr. dipoles: FC
 Reading electric dipole file: ../../../../eldip_Thymine6311-freq-solv-ES5_fchk
 


 ================= 
  TRANSITION INFO  
 ================= 
            DATA FOR VERTICAL TRANSITION 
  electric transition dipoles (au) at initial GEO 1
           -0.81482528    0.81475439    0.03935284
  electric transition dipoles (au) at initial GEO 2
           -0.81482528    0.81475439    0.03935284
  Square tr dipoles: geo1  1.32931361  geo2   1.32931361  Diff (d1-d2)/d1    0.0000 %
   
 ------------------
  State2 -> State1
 ------------------
 Reorganization Energy (eV) on State1        0.545756
 Vertical emission energy (eV)               5.672391
 Fluorescence lifetime from minimum (ns)  3.877201E+00
 ********************************************** 
   
 ------------------
  State1 -> State2
 ------------------
 Reorganization Energy on State2 (eV)        0.545756
 Vertical absorption energy (eV)             6.763903
 Absorption oscillator strength           2.202839E-01
 ********************************************** 
   

NOTE: Spectra resolution set to:  0.01200                                                                 
 

NOTE: To ensure exact match of TI and TD resuls, final spectral range reset to:    4.0000-                
       9.0040(eV)                                                                                         
 

 ----------------------------------------
 Refined spectral range for simulations: 
  nene       =       418
  From E(eV) =    4.0000
  To   E(eV) =    9.0040
 
 Related time-domain parameters
 (with energy shift & extended range):
  ntime =          218
  dt    =       0.7905
  tfin  =     171.9242
 Shift info (for external FT)
  dE_ext=  0.108000    
  Eshift=   3.89200    
 ----------------------------------------


NOTE: Changing Ead to optimize TD method before entering the spectrum calculation.Ead(original)=          
        6.218 (eV); Ead(shifted )=   2.326 (eV)                                                           
 


 ____________________________________________
  ============================================
  PROGRAM: td_onephoton
   Compute vibronic spectra with a harmonic 
   TD formulation                           
                                            
  References:                               
   Comput Theoret Chem, 1040--1041, 186-194 (2014)
 ____________________________________________
  ============================================
 
 SUMMARY OF CALCULATION OPTIONS
 -------------------------------
 Adiabatic Energy (eV)  :   2.3261

 Tipe of transition     : ABS-ECDNO

 Dipole aproximation    : FC-FC
 El. dipole at ref geom :   -0.815       0.815       0.394E-01

 Numerical evaluation of xi(t)
         Total time (fs):   171.924
         Nr data points : 218
         Time step (fs) :  0.790    

 Broad. function        : VOI  
 Broad. exponent (Gau)  :    7.014E-06
 Broad. order (Gau)     : 2
 Broad. exponent (Lor)  :    1.470E-03
 Broad. order (Lor)     : 1
 -------------------------------

 Computing correlation functions over 218 points

 Calling FFT with 436 points


 Entering in fft_calc subroutine (FFTW)
 Ndata: 436
 tini and tfin  -171.924     171.924

 df  2.901587352099123E-003
 dt  0.790456292826101     
 =========== tdspectra finished ===========  
 Timing...
  CPU (s) for tdspectra :       0.317
 ==========================================
                                           



===============================

 SUMMARY OF NOTES AND WARNINGS

===============================
 ---------------------------------
 7 notes raised along the run
 Look for NOTE in the output
 ---------------------------------

 
 ****************** FCclasses finished *******************
 Timing...   
  CPU (s)       0.368
 *********************************************************
 
 FCclasses finished successfully
