 
                                                    \ /               
                                              ..-'''-*-               
                                              \.-'''\ \               
      _____ _____      _                             | |              
     |  ___/  __ \    | |                         __/ /               
     | |_  | /  \/ ___| | __ _ ___ ___  ___  ___ |_  '.               
     |  _| | |    / __| |/ _` / __/ __|/ _ \/ __|   `.  \             
     | |   | \__/\ (__| | (_| \__ \__ \  __/\__ \     \ '.            
     \_|    \____/\___|_|\__,_|___/___/\___||___/      , |            
                                                       | |            
                                                      / ,'            
                                              -....--'  /             
                                              `.. __..-'              
                                                                      
 ********************************************************* 
   FCCLASSES3:                                             
   A code for vibronic simulations                         
                                                           
                                                           
 ********************************************************* 


 GIT VERSION INFO
  Commit id  : v3-1.0-2-g78ec1d1-dirty
  Commit date: 2022-07-22 10:24:13 +0200

 CURRENT RUN INFO
  Date&Time  : 2023-01-11, 15:42:53
  Input file : STDIN
  Input type : NEW



 INPUT OPTIONS:
-------------------------------
$$$
;GENERAL OPTIONS:
; NAT        = (read from structure files)
; NVIB       = (determined vibrational analysis)
PROPERTY     =   RR    
MODEL        =   VG   
DIPOLE       =   FC   
DIPDER_COORD =   CARTESIAN  
TEMP         =     0.00
DE           =   6.76390
BROADFUN     =   LOR  
HWHM         =   0.0400
RESOL        =   0.0040  ; (default: HWHM/10)
METHOD       =   TD   
ROT          =   1
SPCMIN       =     4.000
SPCMAX       =     9.000
;RESONANCE RAMAN
RR_NFIELD        =   1001
RR_FIELDMIN      =   4.000
RR_FIELDMAX      =   9.000
RR_POLAR         =   W
RR_SPEED         =   Y
RR_SINGLE_MAXEXC =   1
RR_DOUBLE_MAXEXC =   1
;VIBRATIONAL ANALYSIS
NORMALMODES  =   COMPUTE  
RM_COORD     =   NONE    
COORDS       =   CARTESIAN  
FORCE_REAL   =   YES  
;INPUT DATA FILES
STATE1_FILE  =   ../../Thymine6311-freq-solv.fcc
STATE2_FILE  =   ../../Thymine6311-freq-solv-ES5.fcc
MASS_FILE    =   
ELDIP_FILE   =   ../../../eldip_Thymine6311-freq-solv-ES5_fchk
MAGDIP_FILE  =   ../../../magdip_Thymine6311-freq-solv-ES5_fchk
NAC_FILE     =   
NRCOUP_FILE  =   ../../../eldip_Thymine6311-freq-solv-ES5_fchk
HESS1_FILE   =   ../../Thymine6311-freq-solv.fcc
HESS2_FILE   =   ../../Thymine6311-freq-solv.fcc
GRAD1_FILE   =   ../../Thymine6311-freq-solv.fcc
GRAD2_COORD  =   CARTESIAN
GRAD2_FILE   =   ../../Thymine6311-freq-solv-ES5.fcc
;VERBOSE LEVEL
VERBOSE      =   1
  
-------------------------------



 ==> State 1 <==

 Geometry file: ../../Thymine6311-freq-solv.fcc


 Gradient file: ../../Thymine6311-freq-solv.fcc

NOTE: The calculation for this State will assume stationary point since the gradient is                   
      small (maximum atomic gradient:   0.000096 a.u.)                                                    
 
 Hessian file: ../../Thymine6311-freq-solv.fcc



 ---------------------------------------
  Check effect of symmetry operations
  on Hessian elements (or gs^t\beta)
 ---------------------------------------

 Using input geometry instead of rotating to principal axis of intertia to detect symmetry


NOTE: Cannot determine symmetry. Set to C1 (no symmetric atoms)                                           
 
 
 ---------------------------------------



 =========================
  ANALYSIS OF DOFs
 =========================

 => STATE 1 <=
 Geometry (Angstroms)
 15    # Nr. of atoms
   Atom       X         Y         Z      Mass
N         -0.2312   -0.0351   -0.1877   14.0031
C          1.0964   -0.3620   -0.1381   12.0000
N          1.9435    0.6930    0.0003   14.0031
C          1.5071    1.9884    0.0940   12.0000
C          0.2030    2.3185    0.0627   12.0000
C         -0.7580    1.2420   -0.0795   12.0000
H         -0.8888   -0.8134   -0.3333    1.0078
O          1.4937   -1.5266   -0.2121   15.9949
H          2.9379    0.4607    0.0320    1.0078
H          2.2898    2.7278    0.1993    1.0078
O         -1.9758    1.4124   -0.1084   15.9949
C         -0.2989    3.7236    0.1709   12.0000
H         -0.8775    4.0006   -0.7127    1.0078
H         -0.9551    3.8378    1.0362    1.0078
H          0.5319    4.4213    0.2727    1.0078
 

 ------------------------------------------------
   INERTIA TENSOR (to be multiplied by 10**5)
 ------------------------------------------------

             1           2           3
  
    1     5.55981     1.59870    -0.03008
    2     1.59870     3.81930    -0.42153
    3    -0.03008    -0.42153     9.24233
 ------------------------------------------------


 ------------------------------------------------
   ROTATIONAL CONSTANTS (AND ROTATION MATRIX)
 ------------------------------------------------

 ROOT NO.    1           2           3

    ************************************
  
    1    -0.50699     0.86024     0.05434
    2     0.86067     0.50180     0.08623
    3    -0.04690    -0.09049     0.99479
 ------------------------------------------------

  Rotational constants (GHz)
     3.23194     1.41973     0.99250
  Rotational temperatures (K)
     0.15511     0.06814     0.04763


 -------------------
  DOF   Dimension
 -------------------
  Vib    39
  Rot    3
  Tra    3
 -------------------


 Translating State1 to its Center of Mass
 Initial COM:       0.3199      1.0239     -0.0471


 ================================
  VIBRATIONAL ANALYSIS ON STATE1
 ================================

 ----------------------------------
   Redundant Frequencies (cm-1)
 ----------------------------------
     1    -0.00003
     2    -0.00001
     3     0.00001
     4     0.00002
     5     0.00002
     6     0.00002
 ----------------------------------


 ------------------------
   FREQUENCIES (cm-1)
 ------------------------
     1   134.20283
     2   160.41452
     3   196.22253
     4   302.96622
     5   314.07372
     6   428.07115
     7   432.89773
     8   481.64471
     9   574.28197
    10   635.11563
    11   759.35041
    12   765.25945
    13   782.45961
    14   804.97193
    15   824.89053
    16   880.92171
    17   956.39401
    18  1011.03147
    19  1050.49457
    20  1080.68471
    21  1201.11516
    22  1248.26176
    23  1270.66076
    24  1397.05755
    25  1429.50353
    26  1470.79227
    27  1478.65893
    28  1492.29025
    29  1504.09295
    30  1551.74094
    31  1702.40105
    32  1725.76303
    33  1742.73714
    34  3059.84937
    35  3117.01805
    36  3144.55442
    37  3234.98488
    38  3303.50187
    39  3435.88052
 ------------------------

 =====================
  THERMOCHEMISTRY     
 =====================
  Temperature (K):    0.00
  Pressure (atm) :    1.00
 
  Rotational constants (GHz)
     3.23194     1.41973     0.99250
  Rotational temperatures (K)
     0.15511     0.06814     0.04763
 
  Partition Functions
  qt =      0.000    
  qr =      0.000    
  qv =      0.000    
 
  Contributions to entropy
  St (cm-1/K) = -Infinity
  Sr (cm-1/K) = -Infinity
  Sv (cm-1/K) =       NaN
 
  Thermal corrections (AU)
  Zero Point Energy =   0.116385    
  Internal Energy   =   0.116385    
  Enthalpy          =   0.116385    
  Gibbs Free Energy =            NaN
 
  Thermal corrections (AU) - vibrational only
  Number of vibrations:      39
  V-internal Energy   =   0.116385    
  V-enthalpy          =   0.116385    
  V-gibbs Free Energy =            NaN


 ==> State 2 <==

 Geometry file: ../../Thymine6311-freq-solv-ES5.fcc


 Gradient file: ../../Thymine6311-freq-solv-ES5.fcc

NOTE: The calculation for this State will assume non-stationary point since the gradient                  
      is not negligible (maximum atomic gradient:   0.134063 a.u.)                                        
 
 Hessian file: ../../Thymine6311-freq-solv.fcc


 A RR calculation  will be performed
 RESETTING OPTRANS TO ABS
 RESETTING OPTRANS1 TO ECDNO


 =========================
  ANALYSIS OF DOFs
 =========================

 => STATE 2 <=
 Geometry (Angstroms)
 15    # Nr. of atoms
   Atom       X         Y         Z      Mass
N         -0.2312   -0.0351   -0.1877   14.0031
C          1.0964   -0.3620   -0.1381   12.0000
N          1.9435    0.6930    0.0003   14.0031
C          1.5071    1.9884    0.0940   12.0000
C          0.2030    2.3185    0.0627   12.0000
C         -0.7580    1.2420   -0.0795   12.0000
H         -0.8888   -0.8134   -0.3333    1.0078
O          1.4937   -1.5266   -0.2121   15.9949
H          2.9379    0.4607    0.0320    1.0078
H          2.2898    2.7278    0.1993    1.0078
O         -1.9758    1.4124   -0.1084   15.9949
C         -0.2989    3.7236    0.1709   12.0000
H         -0.8775    4.0006   -0.7127    1.0078
H         -0.9551    3.8378    1.0362    1.0078
H          0.5319    4.4213    0.2727    1.0078
 

 ------------------------------------------------
   INERTIA TENSOR (to be multiplied by 10**5)
 ------------------------------------------------

             1           2           3
  
    1     5.55981     1.59870    -0.03008
    2     1.59870     3.81930    -0.42153
    3    -0.03008    -0.42153     9.24233
 ------------------------------------------------


 ------------------------------------------------
   ROTATIONAL CONSTANTS (AND ROTATION MATRIX)
 ------------------------------------------------

 ROOT NO.    1           2           3

    ************************************
  
    1    -0.50699     0.86024     0.05434
    2     0.86067     0.50180     0.08623
    3    -0.04690    -0.09049     0.99479
 ------------------------------------------------

  Rotational constants (GHz)
     3.23194     1.41973     0.99250
  Rotational temperatures (K)
     0.15511     0.06814     0.04763


 -------------------
  DOF   Dimension
 -------------------
  Vib    39
  Rot    3
  Tra    3
 -------------------


 Translating State2 to its Center of Mass
 Initial COM:       0.3199      1.0239     -0.0471


 ================================
  VIBRATIONAL ANALYSIS ON STATE2
 ================================

Normal modes read from State1 for VG


 ------------------------
   FREQUENCIES (cm-1)
 ------------------------
     1   134.20283
     2   160.41452
     3   196.22253
     4   302.96622
     5   314.07372
     6   428.07115
     7   432.89773
     8   481.64471
     9   574.28197
    10   635.11563
    11   759.35041
    12   765.25945
    13   782.45961
    14   804.97193
    15   824.89053
    16   880.92171
    17   956.39401
    18  1011.03147
    19  1050.49457
    20  1080.68471
    21  1201.11516
    22  1248.26176
    23  1270.66076
    24  1397.05755
    25  1429.50353
    26  1470.79227
    27  1478.65893
    28  1492.29025
    29  1504.09295
    30  1551.74094
    31  1702.40105
    32  1725.76303
    33  1742.73714
    34  3059.84937
    35  3117.01805
    36  3144.55442
    37  3234.98488
    38  3303.50187
    39  3435.88052
 ------------------------


 -------------------------------------
   State2 Gradient (Q1-space) x1e5
 -------------------------------------
     1    -0.12120
     2    -0.05041
     3    -0.00673
     4    -1.29311
     5    -0.18366
     6    -4.53579
     7     4.67200
     8    -1.00135
     9    -5.36389
    10     7.89272
    11    -0.18101
    12     5.86295
    13    -1.01412
    14    -1.14154
    15    11.47314
    16    -4.35156
    17    -0.12758
    18   -13.02438
    19     0.27274
    20    -0.24141
    21    21.94905
    22   -17.57845
    23   -22.46252
    24    16.73038
    25    -3.49531
    26    -0.11282
    27   -18.27559
    28   -19.31273
    29   -67.39237
    30    47.66852
    31   -67.98018
    32     4.51195
    33   -48.08103
    34     3.50338
    35     0.00951
    36    -0.07525
    37    13.77815
    38    20.20855
    39    -6.92186
 -------------------------------------




                 ASSIGNMENTS AND ANALYSIS OF 1 WITH RESPECT TO 2
 STATE 1                              MODES STATE 2
IND DEF    FREQUENCY     SHIFT    I21 C21  I22 C22   I23 C23     FR(I21)  I90 I95 I99
   1  P      134.20     3.24154    1 1.00    2 0.00    3 0.00       0.00   1   1   1
   2  P      160.41     0.94362    2 1.00    1 0.00    3 0.00       0.00   1   1   1
   3  P      196.22     0.08419    3 1.00    2 0.00    1 0.00       0.00   1   1   1
   4  P      302.97     6.78603    4 1.00    2 0.00    3 0.00       0.00   1   1   1
   5  P      314.07     0.89687    5 1.00    2 0.00    3 0.00       0.00   1   1   1
   6  P      428.07    11.92311    6 1.00    2 0.00    3 0.00       0.00   1   1   1
   7  P      432.90   -12.00884    7 1.00    2 0.00    3 0.00       0.00   1   1   1
   8  P      481.64     2.07922    8 1.00    2 0.00    3 0.00       0.00   1   1   1
   9  P      574.28     7.83426    9 1.00    2 0.00    3 0.00       0.00   1   1   1
  10  P      635.12    -9.42519   10 1.00    2 0.00    3 0.00       0.00   1   1   1
  11  P      759.35     0.15122   11 1.00    2 0.00    3 0.00       0.00   1   1   1
  12  P      765.26    -4.82245   12 1.00    2 0.00    3 0.00       0.00   1   1   1
  13  P      782.46     0.79787   13 1.00    2 0.00    3 0.00       0.00   1   1   1
  14  P      804.97     0.84859   14 1.00    2 0.00    3 0.00       0.00   1   1   1
  15  P      824.89    -8.12191   15 1.00    2 0.00    3 0.00       0.00   1   1   1
  16  P      880.92     2.70109   16 1.00    2 0.00    3 0.00       0.00   1   1   1
  17  P      956.39     0.06719   17 1.00    2 0.00    3 0.00       0.00   1   1   1
  18  P     1011.03     6.13757   18 1.00    2 0.00    3 0.00       0.00   1   1   1
  19  P     1050.49    -0.11905   19 1.00    2 0.00    3 0.00       0.00   1   1   1
  20  P     1080.68     0.09957   20 1.00    2 0.00    3 0.00       0.00   1   1   1
  21  P     1201.12    -7.32850   21 1.00    2 0.00    3 0.00       0.00   1   1   1
  22  P     1248.26     5.43423   22 1.00    2 0.00    3 0.00       0.00   1   1   1
  23  P     1270.66     6.70144   23 1.00    2 0.00    3 0.00       0.00   1   1   1
  24  P     1397.06    -4.12901   24 1.00    2 0.00    3 0.00       0.00   1   1   1
  25  P     1429.50     0.82392   25 1.00    2 0.00    3 0.00       0.00   1   1   1
  26  P     1470.79     0.02512   26 1.00    2 0.00    3 0.00       0.00   1   1   1
  27  P     1478.66     4.02628   27 1.00    2 0.00    3 0.00       0.00   1   1   1
  28  P     1492.29     4.17740   28 1.00    2 0.00    3 0.00       0.00   1   1   1
  29  P     1504.09    14.34928   29 1.00    2 0.00    3 0.00       0.00   1   1   1
  30  P     1551.74    -9.53590   30 1.00    2 0.00    3 0.00       0.00   1   1   1
  31  P     1702.40    11.29867   31 1.00    2 0.00    3 0.00       0.00   1   1   1
  32  P     1725.76    -0.72974   32 1.00    2 0.00    3 0.00       0.00   1   1   1
  33  P     1742.74     7.62568   33 1.00    2 0.00    3 0.00       0.00   1   1   1
  34  P     3059.85    -0.18024   34 1.00    2 0.00    3 0.00       0.00   1   1   1
  35  P     3117.02    -0.00047   35 1.00    2 0.00    3 0.00       0.00   1   1   1
  36  P     3144.55     0.00367   36 1.00    2 0.00    3 0.00       0.00   1   1   1
  37  P     3234.98    -0.63418   37 1.00    2 0.00    3 0.00       0.00   1   1   1
  38  P     3303.50    -0.89198   38 1.00    2 0.00    3 0.00       0.00   1   1   1
  39  P     3435.88     0.28243   39 1.00    2 0.00    3 0.00       0.00   1   1   1
   
 *********************************************************** 
  
  AVERAGE MAX PROJECTION     1.000000    St Dev   0.000000
  AVERAGE FREQ DIFF          0.000000    St Dev   0.000000
  AVERAGE ABS FREQ DIFF      0.000000    St Dev   0.000000
  AVERAGE ABS DISPLACE       1.061860    St Dev   5.672271
  SUM DISPL**2            1298.785968
  
 *********************************************************** 
  



                 ASSIGNMENTS AND ANALYSIS OF 2 WITH RESPECT TO 1
 STATE 2                              MODES STATE 1
IND DEF    FREQUENCY     SHIFT    I11 C11  I12 C12   I13 C13     FR(I11)  I90 I95 I99
   1  P      134.20    -3.24154    1 1.00    2 0.00    3 0.00       0.00   1   1   1
   2  P      160.41    -0.94362    2 1.00    1 0.00    3 0.00       0.00   1   1   1
   3  P      196.22    -0.08419    3 1.00    2 0.00    1 0.00       0.00   1   1   1
   4  P      302.97    -6.78603    4 1.00    2 0.00    3 0.00       0.00   1   1   1
   5  P      314.07    -0.89687    5 1.00    2 0.00    3 0.00       0.00   1   1   1
   6  P      428.07   -11.92311    6 1.00    2 0.00    3 0.00       0.00   1   1   1
   7  P      432.90    12.00884    7 1.00    2 0.00    3 0.00       0.00   1   1   1
   8  P      481.64    -2.07922    8 1.00    2 0.00    3 0.00       0.00   1   1   1
   9  P      574.28    -7.83426    9 1.00    2 0.00    3 0.00       0.00   1   1   1
  10  P      635.12     9.42519   10 1.00    2 0.00    3 0.00       0.00   1   1   1
  11  P      759.35    -0.15122   11 1.00    2 0.00    3 0.00       0.00   1   1   1
  12  P      765.26     4.82245   12 1.00    2 0.00    3 0.00       0.00   1   1   1
  13  P      782.46    -0.79787   13 1.00    2 0.00    3 0.00       0.00   1   1   1
  14  P      804.97    -0.84859   14 1.00    2 0.00    3 0.00       0.00   1   1   1
  15  P      824.89     8.12191   15 1.00    2 0.00    3 0.00       0.00   1   1   1
  16  P      880.92    -2.70109   16 1.00    2 0.00    3 0.00       0.00   1   1   1
  17  P      956.39    -0.06719   17 1.00    2 0.00    3 0.00       0.00   1   1   1
  18  P     1011.03    -6.13757   18 1.00    2 0.00    3 0.00       0.00   1   1   1
  19  P     1050.49     0.11905   19 1.00    2 0.00    3 0.00       0.00   1   1   1
  20  P     1080.68    -0.09957   20 1.00    2 0.00    3 0.00       0.00   1   1   1
  21  P     1201.12     7.32850   21 1.00    2 0.00    3 0.00       0.00   1   1   1
  22  P     1248.26    -5.43423   22 1.00    2 0.00    3 0.00       0.00   1   1   1
  23  P     1270.66    -6.70144   23 1.00    2 0.00    3 0.00       0.00   1   1   1
  24  P     1397.06     4.12901   24 1.00    2 0.00    3 0.00       0.00   1   1   1
  25  P     1429.50    -0.82392   25 1.00    2 0.00    3 0.00       0.00   1   1   1
  26  P     1470.79    -0.02512   26 1.00    2 0.00    3 0.00       0.00   1   1   1
  27  P     1478.66    -4.02628   27 1.00    2 0.00    3 0.00       0.00   1   1   1
  28  P     1492.29    -4.17740   28 1.00    2 0.00    3 0.00       0.00   1   1   1
  29  P     1504.09   -14.34928   29 1.00    2 0.00    3 0.00       0.00   1   1   1
  30  P     1551.74     9.53590   30 1.00    2 0.00    3 0.00       0.00   1   1   1
  31  P     1702.40   -11.29867   31 1.00    2 0.00    3 0.00       0.00   1   1   1
  32  P     1725.76     0.72974   32 1.00    2 0.00    3 0.00       0.00   1   1   1
  33  P     1742.74    -7.62568   33 1.00    2 0.00    3 0.00       0.00   1   1   1
  34  P     3059.85     0.18024   34 1.00    2 0.00    3 0.00       0.00   1   1   1
  35  P     3117.02     0.00047   35 1.00    2 0.00    3 0.00       0.00   1   1   1
  36  P     3144.55    -0.00367   36 1.00    2 0.00    3 0.00       0.00   1   1   1
  37  P     3234.98     0.63418   37 1.00    2 0.00    3 0.00       0.00   1   1   1
  38  P     3303.50     0.89198   38 1.00    2 0.00    3 0.00       0.00   1   1   1
  39  P     3435.88    -0.28243   39 1.00    2 0.00    3 0.00       0.00   1   1   1
   
 *********************************************************** 
  
  AVERAGE MAX PROJECTION     1.000000    St Dev   0.000000
  AVERAGE FREQ DIFF          0.000000    St Dev   0.000000
  AVERAGE ABS FREQ DIFF      0.000000    St Dev   0.000000
  AVERAGE ABS DISPLACE      -1.061860    St Dev   5.672271
  SUM DISPL**2            1298.785968
  
 *********************************************************** 
  

 ADDITIONAL ANALYSIS ON DUSCHINSKY MATRIX
 ----------------------------------------
  Determinant:     1.0000

  ** A = GM·GMT **
  Det(A)     :     1.0000
  Trace(A)   :    39.0000
  Det(A-I)   :     0.0000
  Trace(A-I) :     0.0000
 ----------------------------------------

   
   
 STATE1 MODES SORTED BY DECREASING DIMENSIONLESS SHIFT
   IND    MODE    FREQUENCY DIMENSIONLESS SHIFT
     1      29    1504.09295       0.11879E+01
     2      31    1702.40105       0.99510E+00
     3      30    1551.74094      -0.80182E+00
     4      33    1742.73714       0.67952E+00
     5      21    1201.11516      -0.54214E+00
     6       7     432.89773      -0.53334E+00
     7       6     428.07115       0.52657E+00
     8      23    1270.66076       0.50991E+00
     9      10     635.11563      -0.50702E+00
    10      15     824.89053      -0.49793E+00
    11      18    1011.03147       0.41657E+00
    12      22    1248.26176       0.40983E+00
    13       9     574.28197       0.40075E+00
    14      28    1492.29025       0.34446E+00
    15      27    1478.65893       0.33048E+00
    16      24    1397.05755      -0.32943E+00
    17      12     765.25945      -0.28476E+00
    18       4     302.96622       0.25213E+00
    19      16     880.92171       0.17113E+00
    20      38    3303.50187      -0.10943E+00
    21       8     481.64471       0.97403E-01
    22       1     134.20283       0.80157E-01
    23      37    3234.98488      -0.76994E-01
    24      25    1429.50353       0.66494E-01
    25      32    1725.76303      -0.64710E-01
    26      14     804.97193       0.51392E-01
    27      13     782.45961       0.47640E-01
    28      39    3435.88052       0.35338E-01
    29       5     314.07372       0.33928E-01
    30       2     160.41452       0.25511E-01
    31      34    3059.84937      -0.21282E-01
    32      11     759.35041       0.88946E-02
    33      19    1050.49457      -0.82362E-02
    34      20    1080.68471       0.69870E-02
    35      17     956.39401       0.44352E-02
    36       3     196.22253       0.25173E-02
    37      26    1470.79227       0.20565E-02
    38      36    3144.55442       0.43879E-03
    39      35    3117.01805      -0.56191E-04
   
   
 MODES OF STATE1 IN ORDER OF DECREASING FR COUPL
 ESTIMATED BY THE MAGNITUDE OF THE 0-0 INTEGRAL
   IND    MODE1  FREQ   MODE2 FR    FR. SHIFT INV0-0
     1     1   134.20283         1   134.20283         0.00000         1.00000
     2     2   160.41452         2   160.41452         0.00000         1.00000
     3     3   196.22253         3   196.22253         0.00000         1.00000
     4     4   302.96622         4   302.96622         0.00000         1.00000
     5     5   314.07372         5   314.07372         0.00000         1.00000
     6     6   428.07115         6   428.07115         0.00000         1.00000
     7     7   432.89773         7   432.89773         0.00000         1.00000
     8     8   481.64471         8   481.64471         0.00000         1.00000
     9     9   574.28197         9   574.28197         0.00000         1.00000
    10    10   635.11563        10   635.11563         0.00000         1.00000
    11    11   759.35041        11   759.35041         0.00000         1.00000
    12    12   765.25945        12   765.25945         0.00000         1.00000
    13    13   782.45961        13   782.45961         0.00000         1.00000
    14    14   804.97193        14   804.97193         0.00000         1.00000
    15    15   824.89053        15   824.89053         0.00000         1.00000
    16    16   880.92171        16   880.92171         0.00000         1.00000
    17    17   956.39401        17   956.39401         0.00000         1.00000
    18    18  1011.03147        18  1011.03147         0.00000         1.00000
    19    19  1050.49457        19  1050.49457         0.00000         1.00000
    20    20  1080.68471        20  1080.68471         0.00000         1.00000
    21    21  1201.11516        21  1201.11516         0.00000         1.00000
    22    22  1248.26176        22  1248.26176         0.00000         1.00000
    23    23  1270.66076        23  1270.66076         0.00000         1.00000
    24    24  1397.05755        24  1397.05755         0.00000         1.00000
    25    25  1429.50353        25  1429.50353         0.00000         1.00000
    26    26  1470.79227        26  1470.79227         0.00000         1.00000
    27    27  1478.65893        27  1478.65893         0.00000         1.00000
    28    28  1492.29025        28  1492.29025         0.00000         1.00000
    29    29  1504.09295        29  1504.09295         0.00000         1.00000
    30    30  1551.74094        30  1551.74094         0.00000         1.00000
    31    31  1702.40105        31  1702.40105         0.00000         1.00000
    32    32  1725.76303        32  1725.76303         0.00000         1.00000
    33    33  1742.73714        33  1742.73714         0.00000         1.00000
    34    34  3059.84937        34  3059.84937         0.00000         1.00000
    35    35  3117.01805        35  3117.01805         0.00000         1.00000
    36    36  3144.55442        36  3144.55442         0.00000         1.00000
    37    37  3234.98488        37  3234.98488         0.00000         1.00000
    38    38  3303.50187        38  3303.50187         0.00000         1.00000
    39    39  3435.88052        39  3435.88052         0.00000         1.00000
   
   
   
   
 STATE2 MODES SORTED BY DECREASING DIMENSIONLESS SHIFT
   IND    MODE    FREQUENCY DIMENSIONLESS SHIFT
     1      29    1504.09295      -0.11879E+01
     2      31    1702.40105      -0.99510E+00
     3      30    1551.74094       0.80182E+00
     4      33    1742.73714      -0.67952E+00
     5      21    1201.11516       0.54214E+00
     6       7     432.89773       0.53334E+00
     7       6     428.07115      -0.52657E+00
     8      23    1270.66076      -0.50991E+00
     9      10     635.11563       0.50702E+00
    10      15     824.89053       0.49793E+00
    11      18    1011.03147      -0.41657E+00
    12      22    1248.26176      -0.40983E+00
    13       9     574.28197      -0.40075E+00
    14      28    1492.29025      -0.34446E+00
    15      27    1478.65893      -0.33048E+00
    16      24    1397.05755       0.32943E+00
    17      12     765.25945       0.28476E+00
    18       4     302.96622      -0.25213E+00
    19      16     880.92171      -0.17113E+00
    20      38    3303.50187       0.10943E+00
    21       8     481.64471      -0.97403E-01
    22       1     134.20283      -0.80157E-01
    23      37    3234.98488       0.76994E-01
    24      25    1429.50353      -0.66494E-01
    25      32    1725.76303       0.64710E-01
    26      14     804.97193      -0.51392E-01
    27      13     782.45961      -0.47640E-01
    28      39    3435.88052      -0.35338E-01
    29       5     314.07372      -0.33928E-01
    30       2     160.41452      -0.25511E-01
    31      34    3059.84937       0.21282E-01
    32      11     759.35041      -0.88946E-02
    33      19    1050.49457       0.82362E-02
    34      20    1080.68471      -0.69870E-02
    35      17     956.39401      -0.44352E-02
    36       3     196.22253      -0.25173E-02
    37      26    1470.79227      -0.20565E-02
    38      36    3144.55442      -0.43879E-03
    39      35    3117.01805       0.56191E-04
   
   
 MODES OF STATE2 IN ORDER OF DECREASING FR COUPL
 ESTIMATED BY THE MAGNITUDE OF THE 0-0 INTEGRAL
   IND    MODE2  FREQ   MODE1 FR    FR. SHIFT INV0-0
     1     1   134.20283         1   134.20283         0.00000         1.00000
     2     2   160.41452         2   160.41452         0.00000         1.00000
     3     3   196.22253         3   196.22253         0.00000         1.00000
     4     4   302.96622         4   302.96622         0.00000         1.00000
     5     5   314.07372         5   314.07372         0.00000         1.00000
     6     6   428.07115         6   428.07115         0.00000         1.00000
     7     7   432.89773         7   432.89773         0.00000         1.00000
     8     8   481.64471         8   481.64471         0.00000         1.00000
     9     9   574.28197         9   574.28197         0.00000         1.00000
    10    10   635.11563        10   635.11563         0.00000         1.00000
    11    11   759.35041        11   759.35041         0.00000         1.00000
    12    12   765.25945        12   765.25945         0.00000         1.00000
    13    13   782.45961        13   782.45961         0.00000         1.00000
    14    14   804.97193        14   804.97193         0.00000         1.00000
    15    15   824.89053        15   824.89053         0.00000         1.00000
    16    16   880.92171        16   880.92171         0.00000         1.00000
    17    17   956.39401        17   956.39401         0.00000         1.00000
    18    18  1011.03147        18  1011.03147         0.00000         1.00000
    19    19  1050.49457        19  1050.49457         0.00000         1.00000
    20    20  1080.68471        20  1080.68471         0.00000         1.00000
    21    21  1201.11516        21  1201.11516         0.00000         1.00000
    22    22  1248.26176        22  1248.26176         0.00000         1.00000
    23    23  1270.66076        23  1270.66076         0.00000         1.00000
    24    24  1397.05755        24  1397.05755         0.00000         1.00000
    25    25  1429.50353        25  1429.50353         0.00000         1.00000
    26    26  1470.79227        26  1470.79227         0.00000         1.00000
    27    27  1478.65893        27  1478.65893         0.00000         1.00000
    28    28  1492.29025        28  1492.29025         0.00000         1.00000
    29    29  1504.09295        29  1504.09295         0.00000         1.00000
    30    30  1551.74094        30  1551.74094         0.00000         1.00000
    31    31  1702.40105        31  1702.40105         0.00000         1.00000
    32    32  1725.76303        32  1725.76303         0.00000         1.00000
    33    33  1742.73714        33  1742.73714         0.00000         1.00000
    34    34  3059.84937        34  3059.84937         0.00000         1.00000
    35    35  3117.01805        35  3117.01805         0.00000         1.00000
    36    36  3144.55442        36  3144.55442         0.00000         1.00000
    37    37  3234.98488        37  3234.98488         0.00000         1.00000
    38    38  3303.50187        38  3303.50187         0.00000         1.00000
    39    39  3435.88052        39  3435.88052         0.00000         1.00000
   
   
  
  
 DIMENSIONLESS SHIFTS 
   IND     STATE1       STATE2
     1     0.80157E-01    -0.80157E-01
     2     0.25511E-01    -0.25511E-01
     3     0.25173E-02    -0.25173E-02
     4     0.25213E+00    -0.25213E+00
     5     0.33928E-01    -0.33928E-01
     6     0.52657E+00    -0.52657E+00
     7    -0.53334E+00     0.53334E+00
     8     0.97403E-01    -0.97403E-01
     9     0.40075E+00    -0.40075E+00
    10    -0.50702E+00     0.50702E+00
    11     0.88946E-02    -0.88946E-02
    12    -0.28476E+00     0.28476E+00
    13     0.47640E-01    -0.47640E-01
    14     0.51392E-01    -0.51392E-01
    15    -0.49793E+00     0.49793E+00
    16     0.17113E+00    -0.17113E+00
    17     0.44352E-02    -0.44352E-02
    18     0.41657E+00    -0.41657E+00
    19    -0.82362E-02     0.82362E-02
    20     0.69870E-02    -0.69870E-02
    21    -0.54214E+00     0.54214E+00
    22     0.40983E+00    -0.40983E+00
    23     0.50991E+00    -0.50991E+00
    24    -0.32943E+00     0.32943E+00
    25     0.66494E-01    -0.66494E-01
    26     0.20565E-02    -0.20565E-02
    27     0.33048E+00    -0.33048E+00
    28     0.34446E+00    -0.34446E+00
    29     0.11879E+01    -0.11879E+01
    30    -0.80182E+00     0.80182E+00
    31     0.99510E+00    -0.99510E+00
    32    -0.64710E-01     0.64710E-01
    33     0.67952E+00    -0.67952E+00
    34    -0.21282E-01     0.21282E-01
    35    -0.56191E-04     0.56191E-04
    36     0.43879E-03    -0.43879E-03
    37    -0.76994E-01     0.76994E-01
    38    -0.10943E+00     0.10943E+00
    39     0.35338E-01    -0.35338E-01
  SUM SQUARED DIMENSIONLESS DISPL STATE1        6.1901
  SUM SQUARED DIMENSIONLESS DISPL STATE2        6.1901
  VALUE STATE1 GROUND VIB WAVEFUN AT GEO2       0.0453
  VALUE STATE2 GROUND VIB WAVEFUN AT GEO1       0.0453
  VALUE STATE1 GROUND VIB WAVEFUN AT (GEO1+GEO2)/2      0.4613
  VALUE STATE2 GROUND VIB WAVEFUN AT (GEO1+GEO2)/2      0.4613

 Printing Duschinski matrix to 'duschinsky.dat'


 Printing Shift vector to 'displacement.dat'


NOTE: DE read from input:   6.764 (eV)                                                                    
 


 ===========================
  REORGANIZATION ENERGY
 ===========================
     0.018376  (Hartree)
     0.500035  (eV)


 ------------------------------------------------------
 Extrapolation form (generalized) vertical point:
 ------------------------------------------------------
 Extrapolated vertical energy:        6.76390  (eV)
 Extrapolated adiabatic energy:       6.76390  (eV)
 Extrapolated reorg. energy   :       0.00000  (eV)
 ------------------------------------------------------



 ===============================
  ZERO-POINT ENERGY CORRECTIONS 
 ===============================


                    ZERO POINT ENERGY IN CM-1
    E01=     25543.61    E02=     25543.61


                    0-0 ENERGY DIFFERENCE
       6.26387 eV


                    ADIABATIC ENERGY     
       6.26387 eV




 ====================

  TRANSITION DIPOLES 

 ====================
 Model for tr. dipoles: FC
 Reading electric dipole file: ../../../eldip_Thymine6311-freq-solv-ES5_fchk
 


 ================= 
  TRANSITION INFO  
 ================= 
            DATA FOR VERTICAL TRANSITION 
  electric transition dipoles (au) at initial GEO 1
           -0.81482528    0.81475439    0.03935284
  electric transition dipoles (au) at initial GEO 2
           -0.81482528    0.81475439    0.03935284
  Square tr dipoles: geo1  1.32931361  geo2   1.32931361  Diff (d1-d2)/d1    0.0000 %
   
 ------------------
  State2 -> State1
 ------------------
 Reorganization Energy (eV) on State1        0.500035
 Vertical emission energy (eV)               5.763834
 Fluorescence lifetime from minimum (ns)  3.695580E+00
 ********************************************** 
   
 ------------------
  State1 -> State2
 ------------------
 Reorganization Energy on State2 (eV)        0.500035
 Vertical absorption energy (eV)             6.763903
 Absorption oscillator strength           2.202839E-01
 ********************************************** 
   

NOTE: Spectra resolution set to:  0.00400                                                                 
 

NOTE: Resolution changed matching points of RR-TI grid. Updated value:  0.00500eV                         
 
 Resol(TI) =  0.00500eV

NOTE: To ensure exact match of TI and TD resuls, final spectral range reset to:    4.0000-                
       9.0000(eV)                                                                                         
 

 ----------------------------------------
 Refined spectral range for simulations: 
  nene(RR-TI)=      1001
  nene       =      1001
  From E(eV) =    4.0000
  To   E(eV) =    9.0000
 
 Related time-domain parameters
 (with energy shift & extended range):
  ntime =          522
  dt    =       0.7923
  tfin  =     413.1706
 Shift info (for external FT)
  dE_ext=  0.105000    
  Eshift=   3.89500    
 ----------------------------------------


NOTE: Changing Ead to optimize TD method before entering the spectrum calculation.Ead(original)=          
        6.264 (eV); Ead(shifted )=   2.369 (eV)                                                           
 


Computing RR 2D spectrum (TD)
-----------------------------

 SUMMARY OF CALCULATION OPTIONS
 -------------------------------
 Adiabatic Energy (eV)  :   6.2639
 Shifted Ad. Energy (eV):   2.3689

 Tipe of transition     : ABS-ECDNO

 Dipole aproximation    : FC-FC
 El. dipole at ref geom :   -0.815       0.815       0.394E-01

 Numerical evaluation of xi(t)
         Total time (fs):   413.171
         Nr data points : 522
         Time step (fs) :  0.792    

 Broad. function        : LOR  
 Broad. exponent        :    1.470E-03
 Broad. order           : 1
 -------------------------------

 Computing correlation functions over 522 points



RAILEIGH BAND
-------------------

 Final osc. energy (cm-1) =     0.000


 ____________________________________________
  ============================================
  PROGRAM: td_rr_00
   RR 0->0 band at 0K with a harmonic 
   TD formulation                           
 ____________________________________________
  ============================================
 


* (rho,sigma = 1 1) *
 Calling FFT with 1044 points

 Fourie-Transform with: fft_calc subroutine (FFTW)
 =========== tdspectra finished ===========  
 Timing...
  CPU (s) for tdspectra :       0.170
 ==========================================
                                           

NOTE: FOUND POINT OF THE SCAN CLOSEST TO THE ABS MAX                                                      
 
 Ebest(eV) =     6.77
 Evert(eV) =     6.76



FUNDAMENTAL BANDS
-------------------



** Computing band for mode 1 **
 Final osc. energy (cm-1) =   134.203


 ____________________________________________
  ============================================
  PROGRAM: td_rr_1k
   RR fundamentals at 0K with a harmonic 
   TD formulation                           
 ____________________________________________
  ============================================
 


* (rho,sigma = 1 1) *
 Calling FFT with 1044 points

 Fourie-Transform with: fft_calc subroutine (FFTW)
 =========== tdspectra finished ===========  
 Timing...
  CPU (s) for tdspectra :       0.149
 ==========================================
                                           


** Computing band for mode 2 **
 Final osc. energy (cm-1) =   160.415


 ____________________________________________
  ============================================
  PROGRAM: td_rr_1k
   RR fundamentals at 0K with a harmonic 
   TD formulation                           
 ____________________________________________
  ============================================
 


* (rho,sigma = 1 1) *
 Calling FFT with 1044 points

 Fourie-Transform with: fft_calc subroutine (FFTW)
 =========== tdspectra finished ===========  
 Timing...
  CPU (s) for tdspectra :       0.149
 ==========================================
                                           


** Computing band for mode 3 **
 Final osc. energy (cm-1) =   196.223


 ____________________________________________
  ============================================
  PROGRAM: td_rr_1k
   RR fundamentals at 0K with a harmonic 
   TD formulation                           
 ____________________________________________
  ============================================
 


* (rho,sigma = 1 1) *
 Calling FFT with 1044 points

 Fourie-Transform with: fft_calc subroutine (FFTW)
 =========== tdspectra finished ===========  
 Timing...
  CPU (s) for tdspectra :       0.149
 ==========================================
                                           


** Computing band for mode 4 **
 Final osc. energy (cm-1) =   302.966


 ____________________________________________
  ============================================
  PROGRAM: td_rr_1k
   RR fundamentals at 0K with a harmonic 
   TD formulation                           
 ____________________________________________
  ============================================
 


* (rho,sigma = 1 1) *
 Calling FFT with 1044 points

 Fourie-Transform with: fft_calc subroutine (FFTW)
 =========== tdspectra finished ===========  
 Timing...
  CPU (s) for tdspectra :       0.149
 ==========================================
                                           


** Computing band for mode 5 **
 Final osc. energy (cm-1) =   314.074


 ____________________________________________
  ============================================
  PROGRAM: td_rr_1k
   RR fundamentals at 0K with a harmonic 
   TD formulation                           
 ____________________________________________
  ============================================
 


* (rho,sigma = 1 1) *
 Calling FFT with 1044 points

 Fourie-Transform with: fft_calc subroutine (FFTW)
 =========== tdspectra finished ===========  
 Timing...
  CPU (s) for tdspectra :       0.150
 ==========================================
                                           


** Computing band for mode 6 **
 Final osc. energy (cm-1) =   428.071


 ____________________________________________
  ============================================
  PROGRAM: td_rr_1k
   RR fundamentals at 0K with a harmonic 
   TD formulation                           
 ____________________________________________
  ============================================
 


* (rho,sigma = 1 1) *
 Calling FFT with 1044 points

 Fourie-Transform with: fft_calc subroutine (FFTW)
 =========== tdspectra finished ===========  
 Timing...
  CPU (s) for tdspectra :       0.149
 ==========================================
                                           


** Computing band for mode 7 **
 Final osc. energy (cm-1) =   432.898


 ____________________________________________
  ============================================
  PROGRAM: td_rr_1k
   RR fundamentals at 0K with a harmonic 
   TD formulation                           
 ____________________________________________
  ============================================
 


* (rho,sigma = 1 1) *
 Calling FFT with 1044 points

 Fourie-Transform with: fft_calc subroutine (FFTW)
 =========== tdspectra finished ===========  
 Timing...
  CPU (s) for tdspectra :       0.149
 ==========================================
                                           


** Computing band for mode 8 **
 Final osc. energy (cm-1) =   481.645


 ____________________________________________
  ============================================
  PROGRAM: td_rr_1k
   RR fundamentals at 0K with a harmonic 
   TD formulation                           
 ____________________________________________
  ============================================
 


* (rho,sigma = 1 1) *
 Calling FFT with 1044 points

 Fourie-Transform with: fft_calc subroutine (FFTW)
 =========== tdspectra finished ===========  
 Timing...
  CPU (s) for tdspectra :       0.150
 ==========================================
                                           


** Computing band for mode 9 **
 Final osc. energy (cm-1) =   574.282


 ____________________________________________
  ============================================
  PROGRAM: td_rr_1k
   RR fundamentals at 0K with a harmonic 
   TD formulation                           
 ____________________________________________
  ============================================
 


* (rho,sigma = 1 1) *
 Calling FFT with 1044 points

 Fourie-Transform with: fft_calc subroutine (FFTW)
 =========== tdspectra finished ===========  
 Timing...
  CPU (s) for tdspectra :       0.150
 ==========================================
                                           


** Computing band for mode 10 **
 Final osc. energy (cm-1) =   635.116


 ____________________________________________
  ============================================
  PROGRAM: td_rr_1k
   RR fundamentals at 0K with a harmonic 
   TD formulation                           
 ____________________________________________
  ============================================
 


* (rho,sigma = 1 1) *
 Calling FFT with 1044 points

 Fourie-Transform with: fft_calc subroutine (FFTW)
 =========== tdspectra finished ===========  
 Timing...
  CPU (s) for tdspectra :       0.149
 ==========================================
                                           


** Computing band for mode 11 **
 Final osc. energy (cm-1) =   759.350


 ____________________________________________
  ============================================
  PROGRAM: td_rr_1k
   RR fundamentals at 0K with a harmonic 
   TD formulation                           
 ____________________________________________
  ============================================
 


* (rho,sigma = 1 1) *
 Calling FFT with 1044 points

 Fourie-Transform with: fft_calc subroutine (FFTW)
 =========== tdspectra finished ===========  
 Timing...
  CPU (s) for tdspectra :       0.144
 ==========================================
                                           


** Computing band for mode 12 **
 Final osc. energy (cm-1) =   765.259


 ____________________________________________
  ============================================
  PROGRAM: td_rr_1k
   RR fundamentals at 0K with a harmonic 
   TD formulation                           
 ____________________________________________
  ============================================
 


* (rho,sigma = 1 1) *
 Calling FFT with 1044 points

 Fourie-Transform with: fft_calc subroutine (FFTW)
 =========== tdspectra finished ===========  
 Timing...
  CPU (s) for tdspectra :       0.135
 ==========================================
                                           


** Computing band for mode 13 **
 Final osc. energy (cm-1) =   782.460


 ____________________________________________
  ============================================
  PROGRAM: td_rr_1k
   RR fundamentals at 0K with a harmonic 
   TD formulation                           
 ____________________________________________
  ============================================
 


* (rho,sigma = 1 1) *
 Calling FFT with 1044 points

 Fourie-Transform with: fft_calc subroutine (FFTW)
 =========== tdspectra finished ===========  
 Timing...
  CPU (s) for tdspectra :       0.134
 ==========================================
                                           


** Computing band for mode 14 **
 Final osc. energy (cm-1) =   804.972


 ____________________________________________
  ============================================
  PROGRAM: td_rr_1k
   RR fundamentals at 0K with a harmonic 
   TD formulation                           
 ____________________________________________
  ============================================
 


* (rho,sigma = 1 1) *
 Calling FFT with 1044 points

 Fourie-Transform with: fft_calc subroutine (FFTW)
 =========== tdspectra finished ===========  
 Timing...
  CPU (s) for tdspectra :       0.135
 ==========================================
                                           


** Computing band for mode 15 **
 Final osc. energy (cm-1) =   824.891


 ____________________________________________
  ============================================
  PROGRAM: td_rr_1k
   RR fundamentals at 0K with a harmonic 
   TD formulation                           
 ____________________________________________
  ============================================
 


* (rho,sigma = 1 1) *
 Calling FFT with 1044 points

 Fourie-Transform with: fft_calc subroutine (FFTW)
 =========== tdspectra finished ===========  
 Timing...
  CPU (s) for tdspectra :       0.135
 ==========================================
                                           


** Computing band for mode 16 **
 Final osc. energy (cm-1) =   880.922


 ____________________________________________
  ============================================
  PROGRAM: td_rr_1k
   RR fundamentals at 0K with a harmonic 
   TD formulation                           
 ____________________________________________
  ============================================
 


* (rho,sigma = 1 1) *
 Calling FFT with 1044 points

 Fourie-Transform with: fft_calc subroutine (FFTW)
 =========== tdspectra finished ===========  
 Timing...
  CPU (s) for tdspectra :       0.135
 ==========================================
                                           


** Computing band for mode 17 **
 Final osc. energy (cm-1) =   956.394


 ____________________________________________
  ============================================
  PROGRAM: td_rr_1k
   RR fundamentals at 0K with a harmonic 
   TD formulation                           
 ____________________________________________
  ============================================
 


* (rho,sigma = 1 1) *
 Calling FFT with 1044 points

 Fourie-Transform with: fft_calc subroutine (FFTW)
 =========== tdspectra finished ===========  
 Timing...
  CPU (s) for tdspectra :       0.135
 ==========================================
                                           


** Computing band for mode 18 **
 Final osc. energy (cm-1) =  1011.031


 ____________________________________________
  ============================================
  PROGRAM: td_rr_1k
   RR fundamentals at 0K with a harmonic 
   TD formulation                           
 ____________________________________________
  ============================================
 


* (rho,sigma = 1 1) *
 Calling FFT with 1044 points

 Fourie-Transform with: fft_calc subroutine (FFTW)
 =========== tdspectra finished ===========  
 Timing...
  CPU (s) for tdspectra :       0.135
 ==========================================
                                           


** Computing band for mode 19 **
 Final osc. energy (cm-1) =  1050.495


 ____________________________________________
  ============================================
  PROGRAM: td_rr_1k
   RR fundamentals at 0K with a harmonic 
   TD formulation                           
 ____________________________________________
  ============================================
 


* (rho,sigma = 1 1) *
 Calling FFT with 1044 points

 Fourie-Transform with: fft_calc subroutine (FFTW)
 =========== tdspectra finished ===========  
 Timing...
  CPU (s) for tdspectra :       0.135
 ==========================================
                                           


** Computing band for mode 20 **
 Final osc. energy (cm-1) =  1080.685


 ____________________________________________
  ============================================
  PROGRAM: td_rr_1k
   RR fundamentals at 0K with a harmonic 
   TD formulation                           
 ____________________________________________
  ============================================
 


* (rho,sigma = 1 1) *
 Calling FFT with 1044 points

 Fourie-Transform with: fft_calc subroutine (FFTW)
 =========== tdspectra finished ===========  
 Timing...
  CPU (s) for tdspectra :       0.135
 ==========================================
                                           


** Computing band for mode 21 **
 Final osc. energy (cm-1) =  1201.115


 ____________________________________________
  ============================================
  PROGRAM: td_rr_1k
   RR fundamentals at 0K with a harmonic 
   TD formulation                           
 ____________________________________________
  ============================================
 


* (rho,sigma = 1 1) *
 Calling FFT with 1044 points

 Fourie-Transform with: fft_calc subroutine (FFTW)
 =========== tdspectra finished ===========  
 Timing...
  CPU (s) for tdspectra :       0.135
 ==========================================
                                           


** Computing band for mode 22 **
 Final osc. energy (cm-1) =  1248.262


 ____________________________________________
  ============================================
  PROGRAM: td_rr_1k
   RR fundamentals at 0K with a harmonic 
   TD formulation                           
 ____________________________________________
  ============================================
 


* (rho,sigma = 1 1) *
 Calling FFT with 1044 points

 Fourie-Transform with: fft_calc subroutine (FFTW)
 =========== tdspectra finished ===========  
 Timing...
  CPU (s) for tdspectra :       0.135
 ==========================================
                                           


** Computing band for mode 23 **
 Final osc. energy (cm-1) =  1270.661


 ____________________________________________
  ============================================
  PROGRAM: td_rr_1k
   RR fundamentals at 0K with a harmonic 
   TD formulation                           
 ____________________________________________
  ============================================
 


* (rho,sigma = 1 1) *
 Calling FFT with 1044 points

 Fourie-Transform with: fft_calc subroutine (FFTW)
 =========== tdspectra finished ===========  
 Timing...
  CPU (s) for tdspectra :       0.135
 ==========================================
                                           


** Computing band for mode 24 **
 Final osc. energy (cm-1) =  1397.058


 ____________________________________________
  ============================================
  PROGRAM: td_rr_1k
   RR fundamentals at 0K with a harmonic 
   TD formulation                           
 ____________________________________________
  ============================================
 


* (rho,sigma = 1 1) *
 Calling FFT with 1044 points

 Fourie-Transform with: fft_calc subroutine (FFTW)
 =========== tdspectra finished ===========  
 Timing...
  CPU (s) for tdspectra :       0.135
 ==========================================
                                           


** Computing band for mode 25 **
 Final osc. energy (cm-1) =  1429.504


 ____________________________________________
  ============================================
  PROGRAM: td_rr_1k
   RR fundamentals at 0K with a harmonic 
   TD formulation                           
 ____________________________________________
  ============================================
 


* (rho,sigma = 1 1) *
 Calling FFT with 1044 points

 Fourie-Transform with: fft_calc subroutine (FFTW)
 =========== tdspectra finished ===========  
 Timing...
  CPU (s) for tdspectra :       0.135
 ==========================================
                                           


** Computing band for mode 26 **
 Final osc. energy (cm-1) =  1470.792


 ____________________________________________
  ============================================
  PROGRAM: td_rr_1k
   RR fundamentals at 0K with a harmonic 
   TD formulation                           
 ____________________________________________
  ============================================
 


* (rho,sigma = 1 1) *
 Calling FFT with 1044 points

 Fourie-Transform with: fft_calc subroutine (FFTW)
 =========== tdspectra finished ===========  
 Timing...
  CPU (s) for tdspectra :       0.135
 ==========================================
                                           


** Computing band for mode 27 **
 Final osc. energy (cm-1) =  1478.659


 ____________________________________________
  ============================================
  PROGRAM: td_rr_1k
   RR fundamentals at 0K with a harmonic 
   TD formulation                           
 ____________________________________________
  ============================================
 


* (rho,sigma = 1 1) *
 Calling FFT with 1044 points

 Fourie-Transform with: fft_calc subroutine (FFTW)
 =========== tdspectra finished ===========  
 Timing...
  CPU (s) for tdspectra :       0.135
 ==========================================
                                           


** Computing band for mode 28 **
 Final osc. energy (cm-1) =  1492.290


 ____________________________________________
  ============================================
  PROGRAM: td_rr_1k
   RR fundamentals at 0K with a harmonic 
   TD formulation                           
 ____________________________________________
  ============================================
 


* (rho,sigma = 1 1) *
 Calling FFT with 1044 points

 Fourie-Transform with: fft_calc subroutine (FFTW)
 =========== tdspectra finished ===========  
 Timing...
  CPU (s) for tdspectra :       0.135
 ==========================================
                                           


** Computing band for mode 29 **
 Final osc. energy (cm-1) =  1504.093


 ____________________________________________
  ============================================
  PROGRAM: td_rr_1k
   RR fundamentals at 0K with a harmonic 
   TD formulation                           
 ____________________________________________
  ============================================
 


* (rho,sigma = 1 1) *
 Calling FFT with 1044 points

 Fourie-Transform with: fft_calc subroutine (FFTW)
 =========== tdspectra finished ===========  
 Timing...
  CPU (s) for tdspectra :       0.135
 ==========================================
                                           


** Computing band for mode 30 **
 Final osc. energy (cm-1) =  1551.741


 ____________________________________________
  ============================================
  PROGRAM: td_rr_1k
   RR fundamentals at 0K with a harmonic 
   TD formulation                           
 ____________________________________________
  ============================================
 


* (rho,sigma = 1 1) *
 Calling FFT with 1044 points

 Fourie-Transform with: fft_calc subroutine (FFTW)
 =========== tdspectra finished ===========  
 Timing...
  CPU (s) for tdspectra :       0.135
 ==========================================
                                           


** Computing band for mode 31 **
 Final osc. energy (cm-1) =  1702.401


 ____________________________________________
  ============================================
  PROGRAM: td_rr_1k
   RR fundamentals at 0K with a harmonic 
   TD formulation                           
 ____________________________________________
  ============================================
 


* (rho,sigma = 1 1) *
 Calling FFT with 1044 points

 Fourie-Transform with: fft_calc subroutine (FFTW)
 =========== tdspectra finished ===========  
 Timing...
  CPU (s) for tdspectra :       0.135
 ==========================================
                                           


** Computing band for mode 32 **
 Final osc. energy (cm-1) =  1725.763


 ____________________________________________
  ============================================
  PROGRAM: td_rr_1k
   RR fundamentals at 0K with a harmonic 
   TD formulation                           
 ____________________________________________
  ============================================
 


* (rho,sigma = 1 1) *
 Calling FFT with 1044 points

 Fourie-Transform with: fft_calc subroutine (FFTW)
 =========== tdspectra finished ===========  
 Timing...
  CPU (s) for tdspectra :       0.134
 ==========================================
                                           


** Computing band for mode 33 **
 Final osc. energy (cm-1) =  1742.737


 ____________________________________________
  ============================================
  PROGRAM: td_rr_1k
   RR fundamentals at 0K with a harmonic 
   TD formulation                           
 ____________________________________________
  ============================================
 


* (rho,sigma = 1 1) *
 Calling FFT with 1044 points

 Fourie-Transform with: fft_calc subroutine (FFTW)
 =========== tdspectra finished ===========  
 Timing...
  CPU (s) for tdspectra :       0.135
 ==========================================
                                           


** Computing band for mode 34 **
 Final osc. energy (cm-1) =  3059.849


 ____________________________________________
  ============================================
  PROGRAM: td_rr_1k
   RR fundamentals at 0K with a harmonic 
   TD formulation                           
 ____________________________________________
  ============================================
 


* (rho,sigma = 1 1) *
 Calling FFT with 1044 points

 Fourie-Transform with: fft_calc subroutine (FFTW)
 =========== tdspectra finished ===========  
 Timing...
  CPU (s) for tdspectra :       0.135
 ==========================================
                                           


** Computing band for mode 35 **
 Final osc. energy (cm-1) =  3117.018


 ____________________________________________
  ============================================
  PROGRAM: td_rr_1k
   RR fundamentals at 0K with a harmonic 
   TD formulation                           
 ____________________________________________
  ============================================
 


* (rho,sigma = 1 1) *
 Calling FFT with 1044 points

 Fourie-Transform with: fft_calc subroutine (FFTW)
 =========== tdspectra finished ===========  
 Timing...
  CPU (s) for tdspectra :       0.135
 ==========================================
                                           


** Computing band for mode 36 **
 Final osc. energy (cm-1) =  3144.554


 ____________________________________________
  ============================================
  PROGRAM: td_rr_1k
   RR fundamentals at 0K with a harmonic 
   TD formulation                           
 ____________________________________________
  ============================================
 


* (rho,sigma = 1 1) *
 Calling FFT with 1044 points

 Fourie-Transform with: fft_calc subroutine (FFTW)
 =========== tdspectra finished ===========  
 Timing...
  CPU (s) for tdspectra :       0.135
 ==========================================
                                           


** Computing band for mode 37 **
 Final osc. energy (cm-1) =  3234.985


 ____________________________________________
  ============================================
  PROGRAM: td_rr_1k
   RR fundamentals at 0K with a harmonic 
   TD formulation                           
 ____________________________________________
  ============================================
 


* (rho,sigma = 1 1) *
 Calling FFT with 1044 points

 Fourie-Transform with: fft_calc subroutine (FFTW)
 =========== tdspectra finished ===========  
 Timing...
  CPU (s) for tdspectra :       0.134
 ==========================================
                                           


** Computing band for mode 38 **
 Final osc. energy (cm-1) =  3303.502


 ____________________________________________
  ============================================
  PROGRAM: td_rr_1k
   RR fundamentals at 0K with a harmonic 
   TD formulation                           
 ____________________________________________
  ============================================
 


* (rho,sigma = 1 1) *
 Calling FFT with 1044 points

 Fourie-Transform with: fft_calc subroutine (FFTW)
 =========== tdspectra finished ===========  
 Timing...
  CPU (s) for tdspectra :       0.134
 ==========================================
                                           


** Computing band for mode 39 **
 Final osc. energy (cm-1) =  3435.881


 ____________________________________________
  ============================================
  PROGRAM: td_rr_1k
   RR fundamentals at 0K with a harmonic 
   TD formulation                           
 ____________________________________________
  ============================================
 


* (rho,sigma = 1 1) *
 Calling FFT with 1044 points

 Fourie-Transform with: fft_calc subroutine (FFTW)
 =========== tdspectra finished ===========  
 Timing...
  CPU (s) for tdspectra :       0.135
 ==========================================
                                           
 =========== compRR_TD finished ===========  
 Timing...
  CPU (s) for compRR_TD :       6.813
 ==========================================




===============================

 SUMMARY OF NOTES AND WARNINGS

===============================
 ---------------------------------
 9 notes raised along the run
 Look for NOTE in the output
 ---------------------------------

 
 ****************** FCclasses finished *******************
 Timing...   
  CPU (s)       6.834
 *********************************************************
 
 FCclasses finished successfully
