 
                                                    \ /               
                                              ..-'''-*-               
                                              \.-'''\ \               
      _____ _____      _                             | |              
     |  ___/  __ \    | |                         __/ /               
     | |_  | /  \/ ___| | __ _ ___ ___  ___  ___ |_  '.               
     |  _| | |    / __| |/ _` / __/ __|/ _ \/ __|   `.  \             
     | |   | \__/\ (__| | (_| \__ \__ \  __/\__ \     \ '.            
     \_|    \____/\___|_|\__,_|___/___/\___||___/      , |            
                                                       | |            
                                                      / ,'            
                                              -....--'  /             
                                              `.. __..-'              
                                                                      
 ********************************************************* 
   FCCLASSES3:                                             
   A code for vibronic simulations                         
                                                           
                                                           
 ********************************************************* 


 GIT VERSION INFO
  Commit id  : v3-1.0-2-g78ec1d1-dirty
  Commit date: 2022-07-22 10:24:13 +0200

 CURRENT RUN INFO
  Date&Time  : 2022-11-24, 17:47:04
  Input file : STDIN
  Input type : NEW



 INPUT OPTIONS:
-------------------------------
$$$
;GENERAL OPTIONS:
; NAT        = (read from structure files)
; NVIB       = (determined vibrational analysis)
PROPERTY     =   OPA   
MODEL        =   VG   
DIPOLE       =   FC   
DIPDER_COORD =   CARTESIAN  
TEMP         =     0.00
DE           =   5.93870
BROADFUN     =   GAU  
HWHM         =   0.0400
RESOL        =   0.0040  ; (default: HWHM/10)
METHOD       =   TD   
ROT          =   1
SPCMIN       =     4.000
SPCMAX       =     9.000
;VIBRATIONAL ANALYSIS
NORMALMODES  =   COMPUTE  
RM_COORD     =   NONE    
COORDS       =   CARTESIAN  
FORCE_REAL   =   YES  
;INPUT DATA FILES
STATE1_FILE  =   Cytosine6311-freq.fcc
STATE2_FILE  =   Cytosine6311-es5.fcc
MASS_FILE    =   
ELDIP_FILE   =   eldip_Cytosine6311-es5_fchk
MAGDIP_FILE  =   magdip_Cytosine6311-es5_fchk
NAC_FILE     =   
NRCOUP_FILE  =   eldip_Cytosine6311-es5_fchk
HESS1_FILE   =   Cytosine6311-freq.fcc
HESS2_FILE   =   Cytosine6311-freq.fcc
GRAD1_FILE   =   Cytosine6311-freq.fcc
GRAD2_COORD  =   CARTESIAN
GRAD2_FILE   =   Cytosine6311-es5.fcc
;VERBOSE LEVEL
VERBOSE      =   1
  
-------------------------------



 ==> State 1 <==

 Geometry file: Cytosine6311-freq.fcc


 Gradient file: Cytosine6311-freq.fcc

NOTE: The calculation for this State will assume stationary point since the gradient is                   
      small (maximum atomic gradient:   0.000330 a.u.)                                                    
 
 Hessian file: Cytosine6311-freq.fcc



 ---------------------------------------
  Check effect of symmetry operations
  on Hessian elements (or gs^t\beta)
 ---------------------------------------

 Using input geometry instead of rotating to principal axis of intertia to detect symmetry

 
 Sigma(xy) symmetry element found
 
 Symmetry operation  : 1
 Max abs difference  :   0.000000
    original value   :  -0.000000
    transformed value:   0.000000
    Rel difference(%): 200.000000

 ---------------------------------------



 =========================
  ANALYSIS OF DOFs
 =========================

 => STATE 1 <=
 Geometry (Angstroms)
 13    # Nr. of atoms
   Atom       X         Y         Z      Mass
C         -0.0665   -1.7145    0.0000   12.0000
C         -1.2190    0.4315    0.0000   12.0000
C          1.1015    0.3407    0.0000   12.0000
C          1.1319   -1.0971    0.0000   12.0000
N         -1.2037   -0.9852    0.0000   14.0031
N          0.0000    1.0476    0.0000   14.0031
N          2.2717    1.0190    0.0000   14.0031
O         -2.2907    0.9949    0.0000   15.9949
H         -2.1124   -1.4236    0.0000    1.0078
H          2.0570   -1.6537    0.0000    1.0078
H         -0.1766   -2.7915    0.0000    1.0078
H          3.1595    0.5513    0.0000    1.0078
H          2.2353    2.0251    0.0000    1.0078
 

 ------------------------------------------------
   INERTIA TENSOR (to be multiplied by 10**5)
 ------------------------------------------------

             1           2           3
  
    1     2.36378    -0.06912     0.00000
    2    -0.06912     4.51998     0.00000
    3     0.00000     0.00000     6.88376
 ------------------------------------------------


 ------------------------------------------------
   ROTATIONAL CONSTANTS (AND ROTATION MATRIX)
 ------------------------------------------------

 ROOT NO.    1           2           3

    ************************************
  
    1    -0.99949    -0.03201     0.00000
    2    -0.03201     0.99949     0.00000
    3     0.00000     0.00000     1.00000
 ------------------------------------------------

  Rotational constants (GHz)
     3.90101     2.03718     1.33829
  Rotational temperatures (K)
     0.18722     0.09777     0.06423


 -------------------
  DOF   Dimension
 -------------------
  Vib    33
  Rot    3
  Tra    3
 -------------------


 Translating State1 to its Center of Mass
 Initial COM:      -0.0460      0.0294      0.0000


 ================================
  VIBRATIONAL ANALYSIS ON STATE1
 ================================

 ----------------------------------
   Redundant Frequencies (cm-1)
 ----------------------------------
     1    -0.00003
     2    -0.00002
     3    -0.00001
     4     0.00002
     5     0.00003
     6     0.00004
 ----------------------------------


 ------------------------
   FREQUENCIES (cm-1)
 ------------------------
     1    75.77369
     2   132.41346
     3   201.24627
     4   363.55147
     5   405.28338
     6   539.70429
     7   540.60727
     8   549.83047
     9   585.18023
    10   630.46674
    11   734.29265
    12   783.09798
    13   784.07770
    14   796.36479
    15   939.23710
    16   988.84759
    17   998.69662
    18  1103.26524
    19  1138.58540
    20  1225.83688
    21  1284.56877
    22  1371.35109
    23  1461.69814
    24  1522.73485
    25  1601.35086
    26  1642.78788
    27  1722.05132
    28  1806.85265
    29  3217.09448
    30  3243.25437
    31  3632.80468
    32  3649.64779
    33  3768.25591
 ------------------------

 =====================
  THERMOCHEMISTRY     
 =====================
  Temperature (K):    0.00
  Pressure (atm) :    1.00
 
  Rotational constants (GHz)
     3.90101     2.03718     1.33829
  Rotational temperatures (K)
     0.18722     0.09777     0.06423
 
  Partition Functions
  qt =      0.000    
  qr =      0.000    
  qv =      0.000    
 
  Contributions to entropy
  St (cm-1/K) = -Infinity
  Sr (cm-1/K) = -Infinity
  Sv (cm-1/K) =       NaN
 
  Thermal corrections (AU)
  Zero Point Energy =   0.989655E-01
  Internal Energy   =   0.989655E-01
  Enthalpy          =   0.989655E-01
  Gibbs Free Energy =            NaN
 
  Thermal corrections (AU) - vibrational only
  Number of vibrations:      33
  V-internal Energy   =   0.989655E-01
  V-enthalpy          =   0.989655E-01
  V-gibbs Free Energy =            NaN


 ==> State 2 <==

 Geometry file: Cytosine6311-es5.fcc


 Gradient file: Cytosine6311-es5.fcc

NOTE: The calculation for this State will assume non-stationary point since the gradient                  
      is not negligible (maximum atomic gradient:   0.106163 a.u.)                                        
 
 Hessian file: Cytosine6311-freq.fcc


 Combination abs/ECDNO
 A standard one-photon absorption calculation  will be performed


 =========================
  ANALYSIS OF DOFs
 =========================

 => STATE 2 <=
 Geometry (Angstroms)
 13    # Nr. of atoms
   Atom       X         Y         Z      Mass
C         -0.0665   -1.7145    0.0000   12.0000
C         -1.2190    0.4315    0.0000   12.0000
C          1.1015    0.3407    0.0000   12.0000
C          1.1319   -1.0971    0.0000   12.0000
N         -1.2037   -0.9852    0.0000   14.0031
N          0.0000    1.0476    0.0000   14.0031
N          2.2717    1.0190    0.0000   14.0031
O         -2.2907    0.9949    0.0000   15.9949
H         -2.1124   -1.4236    0.0000    1.0078
H          2.0570   -1.6537    0.0000    1.0078
H         -0.1766   -2.7915    0.0000    1.0078
H          3.1595    0.5513    0.0000    1.0078
H          2.2353    2.0251    0.0000    1.0078
 

 ------------------------------------------------
   INERTIA TENSOR (to be multiplied by 10**5)
 ------------------------------------------------

             1           2           3
  
    1     2.36378    -0.06912     0.00000
    2    -0.06912     4.51998     0.00000
    3     0.00000     0.00000     6.88376
 ------------------------------------------------


 ------------------------------------------------
   ROTATIONAL CONSTANTS (AND ROTATION MATRIX)
 ------------------------------------------------

 ROOT NO.    1           2           3

    ************************************
  
    1    -0.99949    -0.03201     0.00000
    2    -0.03201     0.99949     0.00000
    3     0.00000     0.00000     1.00000
 ------------------------------------------------

  Rotational constants (GHz)
     3.90101     2.03718     1.33829
  Rotational temperatures (K)
     0.18722     0.09777     0.06423


 -------------------
  DOF   Dimension
 -------------------
  Vib    33
  Rot    3
  Tra    3
 -------------------


 Translating State2 to its Center of Mass
 Initial COM:      -0.0460      0.0294      0.0000


 ================================
  VIBRATIONAL ANALYSIS ON STATE2
 ================================

Normal modes read from State1 for VG


 ------------------------
   FREQUENCIES (cm-1)
 ------------------------
     1    75.77369
     2   132.41346
     3   201.24627
     4   363.55147
     5   405.28338
     6   539.70429
     7   540.60727
     8   549.83047
     9   585.18023
    10   630.46674
    11   734.29265
    12   783.09798
    13   784.07770
    14   796.36479
    15   939.23710
    16   988.84759
    17   998.69662
    18  1103.26524
    19  1138.58540
    20  1225.83688
    21  1284.56877
    22  1371.35109
    23  1461.69814
    24  1522.73485
    25  1601.35086
    26  1642.78788
    27  1722.05132
    28  1806.85265
    29  3217.09448
    30  3243.25437
    31  3632.80468
    32  3649.64779
    33  3768.25591
 ------------------------


 -------------------------------------
   State2 Gradient (Q1-space) x1e5
 -------------------------------------
     1     0.00000
     2     0.00000
     3     0.00000
     4     8.22704
     5     0.00000
     6     0.00000
     7     2.12162
     8    10.34733
     9    -1.22070
    10    -0.00000
    11    -0.00000
    12    14.19716
    13     0.00000
    14     0.00000
    15     7.15115
    16     0.00000
    17     4.55584
    18   -11.34817
    19    23.14227
    20     2.39842
    21    -2.30585
    22    -2.65277
    23    37.90770
    24    -2.89313
    25    92.88024
    26     1.55919
    27     8.81754
    28    -9.89820
    29   -17.48202
    30    -7.12420
    31    17.93067
    32     1.22371
    33    -2.92191
 -------------------------------------




                 ASSIGNMENTS AND ANALYSIS OF 1 WITH RESPECT TO 2
 STATE 1                              MODES STATE 2
IND DEF    FREQUENCY     SHIFT    I21 C21  I22 C22   I23 C23     FR(I21)  I90 I95 I99
   1  P       75.77    -0.00000    1 1.00    2 0.00    3 0.00       0.00   1   1   1
   2  P      132.41    -0.00000    2 1.00    1 0.00    3 0.00       0.00   1   1   1
   3  P      201.25    -0.00000    3 1.00    2 0.00    1 0.00       0.00   1   1   1
   4  P      363.55   -29.98337    4 1.00    2 0.00    3 0.00       0.00   1   1   1
   5  P      405.28    -0.00000    5 1.00    2 0.00    3 0.00       0.00   1   1   1
   6  P      539.70    -0.00000    6 1.00    2 0.00    3 0.00       0.00   1   1   1
   7  P      540.61    -3.49682    7 1.00    2 0.00    3 0.00       0.00   1   1   1
   8  P      549.83   -16.48692    8 1.00    2 0.00    3 0.00       0.00   1   1   1
   9  P      585.18     1.71711    9 1.00    2 0.00    3 0.00       0.00   1   1   1
  10  P      630.47     0.00000   10 1.00    2 0.00    3 0.00       0.00   1   1   1
  11  P      734.29     0.00000   11 1.00    2 0.00    3 0.00       0.00   1   1   1
  12  P      783.10   -11.15162   12 1.00    2 0.00    3 0.00       0.00   1   1   1
  13  P      784.08    -0.00000   13 1.00    2 0.00    3 0.00       0.00   1   1   1
  14  P      796.36    -0.00000   14 1.00    2 0.00    3 0.00       0.00   1   1   1
  15  P      939.24    -3.90476   15 1.00    2 0.00    3 0.00       0.00   1   1   1
  16  P      988.85    -0.00000   16 1.00    2 0.00    3 0.00       0.00   1   1   1
  17  P      998.70    -2.20024   17 1.00    2 0.00    3 0.00       0.00   1   1   1
  18  P     1103.27     4.49091   18 1.00    2 0.00    3 0.00       0.00   1   1   1
  19  P     1138.59    -8.59891   19 1.00    2 0.00    3 0.00       0.00   1   1   1
  20  P     1225.84    -0.76883   20 1.00    2 0.00    3 0.00       0.00   1   1   1
  21  P     1284.57     0.67311   21 1.00    2 0.00    3 0.00       0.00   1   1   1
  22  P     1371.35     0.67947   22 1.00    2 0.00    3 0.00       0.00   1   1   1
  23  P     1461.70    -8.54635   23 1.00    2 0.00    3 0.00       0.00   1   1   1
  24  P     1522.73     0.60102   24 1.00    2 0.00    3 0.00       0.00   1   1   1
  25  P     1601.35   -17.44693   25 1.00    2 0.00    3 0.00       0.00   1   1   1
  26  P     1642.79    -0.27829   26 1.00    2 0.00    3 0.00       0.00   1   1   1
  27  P     1722.05    -1.43227   27 1.00    2 0.00    3 0.00       0.00   1   1   1
  28  P     1806.85     1.46042   28 1.00    2 0.00    3 0.00       0.00   1   1   1
  29  P     3217.09     0.81364   29 1.00    2 0.00    3 0.00       0.00   1   1   1
  30  P     3243.25     0.32624   30 1.00    2 0.00    3 0.00       0.00   1   1   1
  31  P     3632.80    -0.65446   31 1.00    2 0.00    3 0.00       0.00   1   1   1
  32  P     3649.65    -0.04425   32 1.00    2 0.00    3 0.00       0.00   1   1   1
  33  P     3768.26     0.09912   33 1.00    2 0.00    3 0.00       0.00   1   1   1
   
 *********************************************************** 
  
  AVERAGE MAX PROJECTION     1.000000    St Dev   0.000000
  AVERAGE FREQ DIFF          0.000000    St Dev   0.000000
  AVERAGE ABS FREQ DIFF      0.000000    St Dev   0.000000
  AVERAGE ABS DISPLACE      -2.852514    St Dev   6.833098
  SUM DISPL**2            1809.326164
  
 *********************************************************** 
  



                 ASSIGNMENTS AND ANALYSIS OF 2 WITH RESPECT TO 1
 STATE 2                              MODES STATE 1
IND DEF    FREQUENCY     SHIFT    I11 C11  I12 C12   I13 C13     FR(I11)  I90 I95 I99
   1  P       75.77     0.00000    1 1.00    2 0.00    3 0.00       0.00   1   1   1
   2  P      132.41     0.00000    2 1.00    1 0.00    3 0.00       0.00   1   1   1
   3  P      201.25     0.00000    3 1.00    2 0.00    1 0.00       0.00   1   1   1
   4  P      363.55    29.98337    4 1.00    2 0.00    3 0.00       0.00   1   1   1
   5  P      405.28     0.00000    5 1.00    2 0.00    3 0.00       0.00   1   1   1
   6  P      539.70     0.00000    6 1.00    2 0.00    3 0.00       0.00   1   1   1
   7  P      540.61     3.49682    7 1.00    2 0.00    3 0.00       0.00   1   1   1
   8  P      549.83    16.48692    8 1.00    2 0.00    3 0.00       0.00   1   1   1
   9  P      585.18    -1.71711    9 1.00    2 0.00    3 0.00       0.00   1   1   1
  10  P      630.47    -0.00000   10 1.00    2 0.00    3 0.00       0.00   1   1   1
  11  P      734.29    -0.00000   11 1.00    2 0.00    3 0.00       0.00   1   1   1
  12  P      783.10    11.15162   12 1.00    2 0.00    3 0.00       0.00   1   1   1
  13  P      784.08     0.00000   13 1.00    2 0.00    3 0.00       0.00   1   1   1
  14  P      796.36     0.00000   14 1.00    2 0.00    3 0.00       0.00   1   1   1
  15  P      939.24     3.90476   15 1.00    2 0.00    3 0.00       0.00   1   1   1
  16  P      988.85     0.00000   16 1.00    2 0.00    3 0.00       0.00   1   1   1
  17  P      998.70     2.20024   17 1.00    2 0.00    3 0.00       0.00   1   1   1
  18  P     1103.27    -4.49091   18 1.00    2 0.00    3 0.00       0.00   1   1   1
  19  P     1138.59     8.59891   19 1.00    2 0.00    3 0.00       0.00   1   1   1
  20  P     1225.84     0.76883   20 1.00    2 0.00    3 0.00       0.00   1   1   1
  21  P     1284.57    -0.67311   21 1.00    2 0.00    3 0.00       0.00   1   1   1
  22  P     1371.35    -0.67947   22 1.00    2 0.00    3 0.00       0.00   1   1   1
  23  P     1461.70     8.54635   23 1.00    2 0.00    3 0.00       0.00   1   1   1
  24  P     1522.73    -0.60102   24 1.00    2 0.00    3 0.00       0.00   1   1   1
  25  P     1601.35    17.44693   25 1.00    2 0.00    3 0.00       0.00   1   1   1
  26  P     1642.79     0.27829   26 1.00    2 0.00    3 0.00       0.00   1   1   1
  27  P     1722.05     1.43227   27 1.00    2 0.00    3 0.00       0.00   1   1   1
  28  P     1806.85    -1.46042   28 1.00    2 0.00    3 0.00       0.00   1   1   1
  29  P     3217.09    -0.81364   29 1.00    2 0.00    3 0.00       0.00   1   1   1
  30  P     3243.25    -0.32624   30 1.00    2 0.00    3 0.00       0.00   1   1   1
  31  P     3632.80     0.65446   31 1.00    2 0.00    3 0.00       0.00   1   1   1
  32  P     3649.65     0.04425   32 1.00    2 0.00    3 0.00       0.00   1   1   1
  33  P     3768.26    -0.09912   33 1.00    2 0.00    3 0.00       0.00   1   1   1
   
 *********************************************************** 
  
  AVERAGE MAX PROJECTION     1.000000    St Dev   0.000000
  AVERAGE FREQ DIFF          0.000000    St Dev   0.000000
  AVERAGE ABS FREQ DIFF      0.000000    St Dev   0.000000
  AVERAGE ABS DISPLACE       2.852514    St Dev   6.833098
  SUM DISPL**2            1809.326164
  
 *********************************************************** 
  

 ADDITIONAL ANALYSIS ON DUSCHINSKY MATRIX
 ----------------------------------------
  Determinant:     1.0000

  ** A = GM·GMT **
  Det(A)     :     1.0000
  Trace(A)   :    33.0000
  Det(A-I)   :     0.0000
  Trace(A-I) :     0.0000
 ----------------------------------------

   
   
 STATE1 MODES SORTED BY DECREASING DIMENSIONLESS SHIFT
   IND    MODE    FREQUENCY DIMENSIONLESS SHIFT
     1      25    1601.35086      -0.14903E+01
     2       4     363.55147      -0.12203E+01
     3       8     549.83047      -0.82520E+00
     4      23    1461.69814      -0.69746E+00
     5      12     783.09798      -0.66612E+00
     6      19    1138.58540      -0.61935E+00
     7      18    1103.26524       0.31841E+00
     8      15     939.23710      -0.25544E+00
     9       7     540.60727      -0.17355E+00
    10      17     998.69662      -0.14842E+00
    11      28    1806.85265       0.13251E+00
    12      27    1722.05132      -0.12687E+00
    13      29    3217.09448       0.98508E-01
    14       9     585.18023       0.88665E-01
    15      31    3632.80468      -0.84200E-01
    16      20    1225.83688      -0.57458E-01
    17      22    1371.35109       0.53710E-01
    18      21    1284.56877       0.51496E-01
    19      24    1522.73485       0.50062E-01
    20      30    3243.25437       0.39659E-01
    21      26    1642.78788      -0.24077E-01
    22      33    3768.25591       0.12988E-01
    23      32    3649.64779      -0.57066E-02
    24       1      75.77369      -0.15474E-12
    25      10     630.46674       0.93685E-13
    26       2     132.41346      -0.87075E-13
    27      13     784.07770      -0.76278E-13
    28      14     796.36479      -0.34010E-13
    29       6     539.70429      -0.32547E-13
    30       5     405.28338      -0.31070E-13
    31       3     201.24627      -0.26558E-13
    32      16     988.84759      -0.21274E-13
    33      11     734.29265       0.10471E-13
   
   
 MODES OF STATE1 IN ORDER OF DECREASING FR COUPL
 ESTIMATED BY THE MAGNITUDE OF THE 0-0 INTEGRAL
   IND    MODE1  FREQ   MODE2 FR    FR. SHIFT INV0-0
     1     1    75.77369         1    75.77369         0.00000         1.00000
     2     2   132.41346         2   132.41346         0.00000         1.00000
     3     3   201.24627         3   201.24627         0.00000         1.00000
     4     4   363.55147         4   363.55147         0.00000         1.00000
     5     5   405.28338         5   405.28338         0.00000         1.00000
     6     6   539.70429         6   539.70429         0.00000         1.00000
     7     7   540.60727         7   540.60727         0.00000         1.00000
     8     8   549.83047         8   549.83047         0.00000         1.00000
     9     9   585.18023         9   585.18023         0.00000         1.00000
    10    10   630.46674        10   630.46674         0.00000         1.00000
    11    11   734.29265        11   734.29265         0.00000         1.00000
    12    12   783.09798        12   783.09798         0.00000         1.00000
    13    13   784.07770        13   784.07770         0.00000         1.00000
    14    14   796.36479        14   796.36479         0.00000         1.00000
    15    15   939.23710        15   939.23710         0.00000         1.00000
    16    16   988.84759        16   988.84759         0.00000         1.00000
    17    17   998.69662        17   998.69662         0.00000         1.00000
    18    18  1103.26524        18  1103.26524         0.00000         1.00000
    19    19  1138.58540        19  1138.58540         0.00000         1.00000
    20    20  1225.83688        20  1225.83688         0.00000         1.00000
    21    21  1284.56877        21  1284.56877         0.00000         1.00000
    22    22  1371.35109        22  1371.35109         0.00000         1.00000
    23    23  1461.69814        23  1461.69814         0.00000         1.00000
    24    24  1522.73485        24  1522.73485         0.00000         1.00000
    25    25  1601.35086        25  1601.35086         0.00000         1.00000
    26    26  1642.78788        26  1642.78788         0.00000         1.00000
    27    27  1722.05132        27  1722.05132         0.00000         1.00000
    28    28  1806.85265        28  1806.85265         0.00000         1.00000
    29    29  3217.09448        29  3217.09448         0.00000         1.00000
    30    30  3243.25437        30  3243.25437         0.00000         1.00000
    31    31  3632.80468        31  3632.80468         0.00000         1.00000
    32    32  3649.64779        32  3649.64779         0.00000         1.00000
    33    33  3768.25591        33  3768.25591         0.00000         1.00000
   
   
   
   
 STATE2 MODES SORTED BY DECREASING DIMENSIONLESS SHIFT
   IND    MODE    FREQUENCY DIMENSIONLESS SHIFT
     1      25    1601.35086       0.14903E+01
     2       4     363.55147       0.12203E+01
     3       8     549.83047       0.82520E+00
     4      23    1461.69814       0.69746E+00
     5      12     783.09798       0.66612E+00
     6      19    1138.58540       0.61935E+00
     7      18    1103.26524      -0.31841E+00
     8      15     939.23710       0.25544E+00
     9       7     540.60727       0.17355E+00
    10      17     998.69662       0.14842E+00
    11      28    1806.85265      -0.13251E+00
    12      27    1722.05132       0.12687E+00
    13      29    3217.09448      -0.98508E-01
    14       9     585.18023      -0.88665E-01
    15      31    3632.80468       0.84200E-01
    16      20    1225.83688       0.57458E-01
    17      22    1371.35109      -0.53710E-01
    18      21    1284.56877      -0.51496E-01
    19      24    1522.73485      -0.50062E-01
    20      30    3243.25437      -0.39659E-01
    21      26    1642.78788       0.24077E-01
    22      33    3768.25591      -0.12988E-01
    23      32    3649.64779       0.57066E-02
    24       1      75.77369       0.15474E-12
    25      10     630.46674      -0.93685E-13
    26       2     132.41346       0.87075E-13
    27      13     784.07770       0.76278E-13
    28      14     796.36479       0.34010E-13
    29       6     539.70429       0.32547E-13
    30       5     405.28338       0.31070E-13
    31       3     201.24627       0.26558E-13
    32      16     988.84759       0.21274E-13
    33      11     734.29265      -0.10471E-13
   
   
 MODES OF STATE2 IN ORDER OF DECREASING FR COUPL
 ESTIMATED BY THE MAGNITUDE OF THE 0-0 INTEGRAL
   IND    MODE2  FREQ   MODE1 FR    FR. SHIFT INV0-0
     1     1    75.77369         1    75.77369         0.00000         1.00000
     2     2   132.41346         2   132.41346         0.00000         1.00000
     3     3   201.24627         3   201.24627         0.00000         1.00000
     4     4   363.55147         4   363.55147         0.00000         1.00000
     5     5   405.28338         5   405.28338         0.00000         1.00000
     6     6   539.70429         6   539.70429         0.00000         1.00000
     7     7   540.60727         7   540.60727         0.00000         1.00000
     8     8   549.83047         8   549.83047         0.00000         1.00000
     9     9   585.18023         9   585.18023         0.00000         1.00000
    10    10   630.46674        10   630.46674         0.00000         1.00000
    11    11   734.29265        11   734.29265         0.00000         1.00000
    12    12   783.09798        12   783.09798         0.00000         1.00000
    13    13   784.07770        13   784.07770         0.00000         1.00000
    14    14   796.36479        14   796.36479         0.00000         1.00000
    15    15   939.23710        15   939.23710         0.00000         1.00000
    16    16   988.84759        16   988.84759         0.00000         1.00000
    17    17   998.69662        17   998.69662         0.00000         1.00000
    18    18  1103.26524        18  1103.26524         0.00000         1.00000
    19    19  1138.58540        19  1138.58540         0.00000         1.00000
    20    20  1225.83688        20  1225.83688         0.00000         1.00000
    21    21  1284.56877        21  1284.56877         0.00000         1.00000
    22    22  1371.35109        22  1371.35109         0.00000         1.00000
    23    23  1461.69814        23  1461.69814         0.00000         1.00000
    24    24  1522.73485        24  1522.73485         0.00000         1.00000
    25    25  1601.35086        25  1601.35086         0.00000         1.00000
    26    26  1642.78788        26  1642.78788         0.00000         1.00000
    27    27  1722.05132        27  1722.05132         0.00000         1.00000
    28    28  1806.85265        28  1806.85265         0.00000         1.00000
    29    29  3217.09448        29  3217.09448         0.00000         1.00000
    30    30  3243.25437        30  3243.25437         0.00000         1.00000
    31    31  3632.80468        31  3632.80468         0.00000         1.00000
    32    32  3649.64779        32  3649.64779         0.00000         1.00000
    33    33  3768.25591        33  3768.25591         0.00000         1.00000
   
   
  
  
 DIMENSIONLESS SHIFTS 
   IND     STATE1       STATE2
     1    -0.15474E-12     0.15474E-12
     2    -0.87075E-13     0.87075E-13
     3    -0.26558E-13     0.26558E-13
     4    -0.12203E+01     0.12203E+01
     5    -0.31070E-13     0.31070E-13
     6    -0.32547E-13     0.32547E-13
     7    -0.17355E+00     0.17355E+00
     8    -0.82520E+00     0.82520E+00
     9     0.88665E-01    -0.88665E-01
    10     0.93685E-13    -0.93685E-13
    11     0.10471E-13    -0.10471E-13
    12    -0.66612E+00     0.66612E+00
    13    -0.76278E-13     0.76278E-13
    14    -0.34010E-13     0.34010E-13
    15    -0.25544E+00     0.25544E+00
    16    -0.21274E-13     0.21274E-13
    17    -0.14842E+00     0.14842E+00
    18     0.31841E+00    -0.31841E+00
    19    -0.61935E+00     0.61935E+00
    20    -0.57458E-01     0.57458E-01
    21     0.51496E-01    -0.51496E-01
    22     0.53710E-01    -0.53710E-01
    23    -0.69746E+00     0.69746E+00
    24     0.50062E-01    -0.50062E-01
    25    -0.14903E+01     0.14903E+01
    26    -0.24077E-01     0.24077E-01
    27    -0.12687E+00     0.12687E+00
    28     0.13251E+00    -0.13251E+00
    29     0.98508E-01    -0.98508E-01
    30     0.39659E-01    -0.39659E-01
    31    -0.84200E-01     0.84200E-01
    32    -0.57066E-02     0.57066E-02
    33     0.12988E-01    -0.12988E-01
  SUM SQUARED DIMENSIONLESS DISPL STATE1        5.9956
  SUM SQUARED DIMENSIONLESS DISPL STATE2        5.9956
  VALUE STATE1 GROUND VIB WAVEFUN AT GEO2       0.0499
  VALUE STATE2 GROUND VIB WAVEFUN AT GEO1       0.0499
  VALUE STATE1 GROUND VIB WAVEFUN AT (GEO1+GEO2)/2      0.4726
  VALUE STATE2 GROUND VIB WAVEFUN AT (GEO1+GEO2)/2      0.4726

 Printing Duschinski matrix to 'duschinsky.dat'


 Printing Shift vector to 'displacement.dat'


NOTE: DE read from input:   5.939 (eV)                                                                    
 


 ===========================
  REORGANIZATION ENERGY
 ===========================
     0.014403  (Hartree)
     0.391918  (eV)


 ------------------------------------------------------
 Extrapolation form (generalized) vertical point:
 ------------------------------------------------------
 Extrapolated vertical energy:        5.93870  (eV)
 Extrapolated adiabatic energy:       5.93870  (eV)
 Extrapolated reorg. energy   :       0.00000  (eV)
 ------------------------------------------------------



 ===============================
  ZERO-POINT ENERGY CORRECTIONS 
 ===============================


                    ZERO POINT ENERGY IN CM-1
    E01=     21720.41    E02=     21720.41


                    0-0 ENERGY DIFFERENCE
       5.54678 eV


                    ADIABATIC ENERGY     
       5.54678 eV




 ====================

  TRANSITION DIPOLES 

 ====================
 Model for tr. dipoles: FC
 Reading electric dipole file: eldip_Cytosine6311-es5_fchk
 


 ================= 
  TRANSITION INFO  
 ================= 
            DATA FOR VERTICAL TRANSITION 
  electric transition dipoles (au) at initial GEO 1
           -0.89988479   -0.33394451    0.00000000
  electric transition dipoles (au) at initial GEO 2
           -0.89988479   -0.33394451    0.00000000
  Square tr dipoles: geo1  0.92131156  geo2   0.92131156  Diff (d1-d2)/d1    0.0000 %
   
 ------------------
  State2 -> State1
 ------------------
 Reorganization Energy (eV) on State1        0.391918
 Vertical emission energy (eV)               5.154866
 Fluorescence lifetime from minimum (ns)  7.453936E+00
 ********************************************** 
   
 ------------------
  State1 -> State2
 ------------------
 Reorganization Energy on State2 (eV)        0.391918
 Vertical absorption energy (eV)             5.938703
 Absorption oscillator strength           1.340467E-01
 ********************************************** 
   

NOTE: Spectra resolution set to:  0.00400                                                                 
 

NOTE: To ensure exact match of TI and TD resuls, final spectral range reset to:    4.0000-                
       9.0000(eV)                                                                                         
 

 ----------------------------------------
 Refined spectral range for simulations: 
  nene       =      1251
  From E(eV) =    4.0000
  To   E(eV) =    9.0000
 
 Related time-domain parameters
 (with energy shift & extended range):
  ntime =          652
  dt    =       0.7929
  tfin  =     516.5620
 Shift info (for external FT)
  dE_ext=  0.104000    
  Eshift=   3.89600    
 ----------------------------------------


NOTE: Changing Ead to optimize TD method before entering the spectrum calculation.Ead(original)=          
        5.547 (eV); Ead(shifted )=   1.651 (eV)                                                           
 


 ____________________________________________
  ============================================
  PROGRAM: td_onephoton
   Compute vibronic spectra with a harmonic 
   TD formulation                           
                                            
  References:                               
   Comput Theoret Chem, 1040--1041, 186-194 (2014)
 ____________________________________________
  ============================================
 
 SUMMARY OF CALCULATION OPTIONS
 -------------------------------
 Adiabatic Energy (eV)  :   1.6508

 Tipe of transition     : ABS-ECDNO

 Dipole aproximation    : FC-FC
 El. dipole at ref geom :   -0.900      -0.334       0.305E-14

 Numerical evaluation of xi(t)
         Total time (fs):   516.562
         Nr data points : 652
         Time step (fs) :  0.793    

 Broad. function        : GAU  
 Broad. exponent        :    7.794E-07
 Broad. order           : 2
 -------------------------------

 Computing correlation functions over 652 points

 Calling FFT with 1304 points


 Entering in fft_calc subroutine (FFTW)
 Ndata: 1304
 tini and tfin  -516.562     516.562

 df  9.671957840330411E-004
 dt  0.792881005380783     
 =========== tdspectra finished ===========  
 Timing...
  CPU (s) for tdspectra :       0.102
 ==========================================
                                           



===============================

 SUMMARY OF NOTES AND WARNINGS

===============================
 ---------------------------------
 6 notes raised along the run
 Look for NOTE in the output
 ---------------------------------

 
 ****************** FCclasses finished *******************
 Timing...   
  CPU (s)       0.122
 *********************************************************
 
 FCclasses finished successfully
