 
                                                    \ /               
                                              ..-'''-*-               
                                              \.-'''\ \               
      _____ _____      _                             | |              
     |  ___/  __ \    | |                         __/ /               
     | |_  | /  \/ ___| | __ _ ___ ___  ___  ___ |_  '.               
     |  _| | |    / __| |/ _` / __/ __|/ _ \/ __|   `.  \             
     | |   | \__/\ (__| | (_| \__ \__ \  __/\__ \     \ '.            
     \_|    \____/\___|_|\__,_|___/___/\___||___/      , |            
                                                       | |            
                                                      / ,'            
                                              -....--'  /             
                                              `.. __..-'              
                                                                      
 ********************************************************* 
   FCCLASSES3:                                             
   A code for vibronic simulations                         
                                                           
                                                           
 ********************************************************* 


 GIT VERSION INFO
  Commit id  : v3-1.0-2-g78ec1d1-dirty
  Commit date: 2022-07-22 10:24:13 +0200

 CURRENT RUN INFO
  Date&Time  : 2023-01-18, 12:38:19
  Input file : STDIN
  Input type : NEW



 INPUT OPTIONS:
-------------------------------
$$$
;GENERAL OPTIONS:
; NAT        = (read from structure files)
; NVIB       = (determined vibrational analysis)
PROPERTY     =   OPA   
MODEL        =   VG   
DIPOLE       =   FC   
DIPDER_COORD =   CARTESIAN  
TEMP         =     0.00
DE           =   6.79000
BROADFUN     =   VOI  
HWHM         =   0.1200
HWHM2        =   0.0400
RESOL        =   0.0120  ; (default: HWHM/10)
METHOD       =   TD   
ROT          =   1
SPCMIN       =     4.000
SPCMAX       =     9.000
;VIBRATIONAL ANALYSIS
NORMALMODES  =   COMPUTE  
RM_COORD     =   NONE    
COORDS       =   CARTESIAN  
FORCE_REAL   =   YES  
;INPUT DATA FILES
STATE1_FILE  =   ../../../../Thymine6311-freq-solv.fcc
STATE2_FILE  =   ../../../../Thymine6311-freq-solv-ES6.fcc
MASS_FILE    =   
ELDIP_FILE   =   ../../../../../eldip_Thymine6311-freq-solv-ES6_fchk
MAGDIP_FILE  =   ../../../../../magdip_Thymine6311-freq-solv-ES6_fchk
NAC_FILE     =   
NRCOUP_FILE  =   ../../../../../eldip_Thymine6311-freq-solv-ES6_fchk
HESS1_FILE   =   ../../../../Thymine6311-freq-solv.fcc
HESS2_FILE   =   ../../../../Thymine6311-freq-solv.fcc
GRAD1_FILE   =   ../../../../Thymine6311-freq-solv.fcc
GRAD2_COORD  =   CARTESIAN
GRAD2_FILE   =   ../../../../Thymine6311-freq-solv-ES6.fcc
;VERBOSE LEVEL
VERBOSE      =   1
  
-------------------------------



 ==> State 1 <==

 Geometry file: ../../../../Thymine6311-freq-solv.fcc


 Gradient file: ../../../../Thymine6311-freq-solv.fcc

NOTE: The calculation for this State will assume stationary point since the gradient is                   
      small (maximum atomic gradient:   0.000096 a.u.)                                                    
 
 Hessian file: ../../../../Thymine6311-freq-solv.fcc



 ---------------------------------------
  Check effect of symmetry operations
  on Hessian elements (or gs^t\beta)
 ---------------------------------------

 Using input geometry instead of rotating to principal axis of intertia to detect symmetry


NOTE: Cannot determine symmetry. Set to C1 (no symmetric atoms)                                           
 
 
 ---------------------------------------



 =========================
  ANALYSIS OF DOFs
 =========================

 => STATE 1 <=
 Geometry (Angstroms)
 15    # Nr. of atoms
   Atom       X         Y         Z      Mass
N         -0.2312   -0.0351   -0.1877   14.0031
C          1.0964   -0.3620   -0.1381   12.0000
N          1.9435    0.6930    0.0003   14.0031
C          1.5071    1.9884    0.0940   12.0000
C          0.2030    2.3185    0.0627   12.0000
C         -0.7580    1.2420   -0.0795   12.0000
H         -0.8888   -0.8134   -0.3333    1.0078
O          1.4937   -1.5266   -0.2121   15.9949
H          2.9379    0.4607    0.0320    1.0078
H          2.2898    2.7278    0.1993    1.0078
O         -1.9758    1.4124   -0.1084   15.9949
C         -0.2989    3.7236    0.1709   12.0000
H         -0.8775    4.0006   -0.7127    1.0078
H         -0.9551    3.8378    1.0362    1.0078
H          0.5319    4.4213    0.2727    1.0078
 

 ------------------------------------------------
   INERTIA TENSOR (to be multiplied by 10**5)
 ------------------------------------------------

             1           2           3
  
    1     5.55981     1.59870    -0.03008
    2     1.59870     3.81930    -0.42153
    3    -0.03008    -0.42153     9.24233
 ------------------------------------------------


 ------------------------------------------------
   ROTATIONAL CONSTANTS (AND ROTATION MATRIX)
 ------------------------------------------------

 ROOT NO.    1           2           3

    ************************************
  
    1    -0.50699     0.86024     0.05434
    2     0.86067     0.50180     0.08623
    3    -0.04690    -0.09049     0.99479
 ------------------------------------------------

  Rotational constants (GHz)
     3.23194     1.41973     0.99250
  Rotational temperatures (K)
     0.15511     0.06814     0.04763


 -------------------
  DOF   Dimension
 -------------------
  Vib    39
  Rot    3
  Tra    3
 -------------------


 Translating State1 to its Center of Mass
 Initial COM:       0.3199      1.0239     -0.0471


 ================================
  VIBRATIONAL ANALYSIS ON STATE1
 ================================

 ----------------------------------
   Redundant Frequencies (cm-1)
 ----------------------------------
     1    -0.00003
     2    -0.00001
     3     0.00001
     4     0.00002
     5     0.00002
     6     0.00002
 ----------------------------------


 ------------------------
   FREQUENCIES (cm-1)
 ------------------------
     1   134.20283
     2   160.41452
     3   196.22253
     4   302.96622
     5   314.07372
     6   428.07115
     7   432.89773
     8   481.64471
     9   574.28197
    10   635.11563
    11   759.35041
    12   765.25945
    13   782.45961
    14   804.97193
    15   824.89053
    16   880.92171
    17   956.39401
    18  1011.03147
    19  1050.49457
    20  1080.68471
    21  1201.11516
    22  1248.26176
    23  1270.66076
    24  1397.05755
    25  1429.50353
    26  1470.79227
    27  1478.65893
    28  1492.29025
    29  1504.09295
    30  1551.74094
    31  1702.40105
    32  1725.76303
    33  1742.73714
    34  3059.84937
    35  3117.01805
    36  3144.55442
    37  3234.98488
    38  3303.50187
    39  3435.88052
 ------------------------

 =====================
  THERMOCHEMISTRY     
 =====================
  Temperature (K):    0.00
  Pressure (atm) :    1.00
 
  Rotational constants (GHz)
     3.23194     1.41973     0.99250
  Rotational temperatures (K)
     0.15511     0.06814     0.04763
 
  Partition Functions
  qt =      0.000    
  qr =      0.000    
  qv =      0.000    
 
  Contributions to entropy
  St (cm-1/K) = -Infinity
  Sr (cm-1/K) = -Infinity
  Sv (cm-1/K) =       NaN
 
  Thermal corrections (AU)
  Zero Point Energy =   0.116385    
  Internal Energy   =   0.116385    
  Enthalpy          =   0.116385    
  Gibbs Free Energy =            NaN
 
  Thermal corrections (AU) - vibrational only
  Number of vibrations:      39
  V-internal Energy   =   0.116385    
  V-enthalpy          =   0.116385    
  V-gibbs Free Energy =            NaN


 ==> State 2 <==

 Geometry file: ../../../../Thymine6311-freq-solv-ES6.fcc


 Gradient file: ../../../../Thymine6311-freq-solv-ES6.fcc

NOTE: The calculation for this State will assume non-stationary point since the gradient                  
      is not negligible (maximum atomic gradient:   0.125544 a.u.)                                        
 
 Hessian file: ../../../../Thymine6311-freq-solv.fcc


 Combination abs/ECDNO
 A standard one-photon absorption calculation  will be performed


 =========================
  ANALYSIS OF DOFs
 =========================

 => STATE 2 <=
 Geometry (Angstroms)
 15    # Nr. of atoms
   Atom       X         Y         Z      Mass
N         -0.2312   -0.0351   -0.1877   14.0031
C          1.0964   -0.3620   -0.1381   12.0000
N          1.9435    0.6930    0.0003   14.0031
C          1.5071    1.9884    0.0940   12.0000
C          0.2030    2.3185    0.0627   12.0000
C         -0.7580    1.2420   -0.0795   12.0000
H         -0.8888   -0.8134   -0.3333    1.0078
O          1.4937   -1.5266   -0.2121   15.9949
H          2.9379    0.4607    0.0320    1.0078
H          2.2898    2.7278    0.1993    1.0078
O         -1.9758    1.4124   -0.1084   15.9949
C         -0.2989    3.7236    0.1709   12.0000
H         -0.8775    4.0006   -0.7127    1.0078
H         -0.9551    3.8378    1.0362    1.0078
H          0.5319    4.4213    0.2727    1.0078
 

 ------------------------------------------------
   INERTIA TENSOR (to be multiplied by 10**5)
 ------------------------------------------------

             1           2           3
  
    1     5.55981     1.59870    -0.03008
    2     1.59870     3.81930    -0.42153
    3    -0.03008    -0.42153     9.24233
 ------------------------------------------------


 ------------------------------------------------
   ROTATIONAL CONSTANTS (AND ROTATION MATRIX)
 ------------------------------------------------

 ROOT NO.    1           2           3

    ************************************
  
    1    -0.50699     0.86024     0.05434
    2     0.86067     0.50180     0.08623
    3    -0.04690    -0.09049     0.99479
 ------------------------------------------------

  Rotational constants (GHz)
     3.23194     1.41973     0.99250
  Rotational temperatures (K)
     0.15511     0.06814     0.04763


 -------------------
  DOF   Dimension
 -------------------
  Vib    39
  Rot    3
  Tra    3
 -------------------


 Translating State2 to its Center of Mass
 Initial COM:       0.3199      1.0239     -0.0471


 ================================
  VIBRATIONAL ANALYSIS ON STATE2
 ================================

Normal modes read from State1 for VG


 ------------------------
   FREQUENCIES (cm-1)
 ------------------------
     1   134.20283
     2   160.41452
     3   196.22253
     4   302.96622
     5   314.07372
     6   428.07115
     7   432.89773
     8   481.64471
     9   574.28197
    10   635.11563
    11   759.35041
    12   765.25945
    13   782.45961
    14   804.97193
    15   824.89053
    16   880.92171
    17   956.39401
    18  1011.03147
    19  1050.49457
    20  1080.68471
    21  1201.11516
    22  1248.26176
    23  1270.66076
    24  1397.05755
    25  1429.50353
    26  1470.79227
    27  1478.65893
    28  1492.29025
    29  1504.09295
    30  1551.74094
    31  1702.40105
    32  1725.76303
    33  1742.73714
    34  3059.84937
    35  3117.01805
    36  3144.55442
    37  3234.98488
    38  3303.50187
    39  3435.88052
 ------------------------


 -------------------------------------
   State2 Gradient (Q1-space) x1e5
 -------------------------------------
     1     0.67368
     2    -0.12219
     3    -0.36978
     4    -0.50187
     5    -0.03786
     6     0.16271
     7    -1.59215
     8    -3.38157
     9     0.85569
    10    -0.43252
    11    -1.33029
    12    13.12282
    13    -1.57848
    14     0.60388
    15     4.64981
    16    -3.14731
    17    -0.28654
    18   -20.57813
    19   -20.07241
    20     0.13789
    21    10.85861
    22    22.32037
    23    12.81916
    24     8.52264
    25    -2.26596
    26    -0.01817
    27   -46.98271
    28     2.75760
    29     0.96950
    30   -45.91082
    31     6.27720
    32    -1.19462
    33   -91.98631
    34     3.76099
    35     0.09390
    36    -0.29382
    37     0.26090
    38   -16.36218
    39   -11.16393
 -------------------------------------




                 ASSIGNMENTS AND ANALYSIS OF 1 WITH RESPECT TO 2
 STATE 1                              MODES STATE 2
IND DEF    FREQUENCY     SHIFT    I21 C21  I22 C22   I23 C23     FR(I21)  I90 I95 I99
   1  P      134.20   -18.01763    1 1.00    2 0.00    3 0.00       0.00   1   1   1
   2  P      160.41     2.28733    2 1.00    1 0.00    3 0.00       0.00   1   1   1
   3  P      196.22     4.62612    3 1.00    2 0.00    1 0.00       0.00   1   1   1
   4  P      302.97     2.63376    4 1.00    2 0.00    3 0.00       0.00   1   1   1
   5  P      314.07     0.18486    5 1.00    2 0.00    3 0.00       0.00   1   1   1
   6  P      428.07    -0.42772    6 1.00    2 0.00    3 0.00       0.00   1   1   1
   7  P      432.90     4.09245    7 1.00    2 0.00    3 0.00       0.00   1   1   1
   8  P      481.64     7.02155    8 1.00    2 0.00    3 0.00       0.00   1   1   1
   9  P      574.28    -1.24978    9 1.00    2 0.00    3 0.00       0.00   1   1   1
  10  P      635.12     0.51650   10 1.00    2 0.00    3 0.00       0.00   1   1   1
  11  P      759.35     1.11130   11 1.00    2 0.00    3 0.00       0.00   1   1   1
  12  P      765.26   -10.79390   12 1.00    2 0.00    3 0.00       0.00   1   1   1
  13  P      782.46     1.24189   13 1.00    2 0.00    3 0.00       0.00   1   1   1
  14  P      804.97    -0.44891   14 1.00    2 0.00    3 0.00       0.00   1   1   1
  15  P      824.89    -3.29163   15 1.00    2 0.00    3 0.00       0.00   1   1   1
  16  P      880.92     1.95359   16 1.00    2 0.00    3 0.00       0.00   1   1   1
  17  P      956.39     0.15090   17 1.00    2 0.00    3 0.00       0.00   1   1   1
  18  P     1011.03     9.69717   18 1.00    2 0.00    3 0.00       0.00   1   1   1
  19  P     1050.49     8.76154   19 1.00    2 0.00    3 0.00       0.00   1   1   1
  20  P     1080.68    -0.05687   20 1.00    2 0.00    3 0.00       0.00   1   1   1
  21  P     1201.12    -3.62555   21 1.00    2 0.00    3 0.00       0.00   1   1   1
  22  P     1248.26    -6.90015   22 1.00    2 0.00    3 0.00       0.00   1   1   1
  23  P     1270.66    -3.82445   23 1.00    2 0.00    3 0.00       0.00   1   1   1
  24  P     1397.06    -2.10336   24 1.00    2 0.00    3 0.00       0.00   1   1   1
  25  P     1429.50     0.53413   25 1.00    2 0.00    3 0.00       0.00   1   1   1
  26  P     1470.79     0.00405   26 1.00    2 0.00    3 0.00       0.00   1   1   1
  27  P     1478.66    10.35072   27 1.00    2 0.00    3 0.00       0.00   1   1   1
  28  P     1492.29    -0.59648   28 1.00    2 0.00    3 0.00       0.00   1   1   1
  29  P     1504.09    -0.20643   29 1.00    2 0.00    3 0.00       0.00   1   1   1
  30  P     1551.74     9.18428   30 1.00    2 0.00    3 0.00       0.00   1   1   1
  31  P     1702.40    -1.04330   31 1.00    2 0.00    3 0.00       0.00   1   1   1
  32  P     1725.76     0.19321   32 1.00    2 0.00    3 0.00       0.00   1   1   1
  33  P     1742.74    14.58909   33 1.00    2 0.00    3 0.00       0.00   1   1   1
  34  P     3059.85    -0.19350   34 1.00    2 0.00    3 0.00       0.00   1   1   1
  35  P     3117.02    -0.00466   35 1.00    2 0.00    3 0.00       0.00   1   1   1
  36  P     3144.55     0.01431   36 1.00    2 0.00    3 0.00       0.00   1   1   1
  37  P     3234.98    -0.01201   37 1.00    2 0.00    3 0.00       0.00   1   1   1
  38  P     3303.50     0.72221   38 1.00    2 0.00    3 0.00       0.00   1   1   1
  39  P     3435.88     0.45552   39 1.00    2 0.00    3 0.00       0.00   1   1   1
   
 *********************************************************** 
  
  AVERAGE MAX PROJECTION     1.000000    St Dev   0.000000
  AVERAGE FREQ DIFF          0.000000    St Dev   0.000000
  AVERAGE ABS FREQ DIFF      0.000000    St Dev   0.000000
  AVERAGE ABS DISPLACE       0.705902    St Dev   5.543638
  SUM DISPL**2            1217.978470
  
 *********************************************************** 
  



                 ASSIGNMENTS AND ANALYSIS OF 2 WITH RESPECT TO 1
 STATE 2                              MODES STATE 1
IND DEF    FREQUENCY     SHIFT    I11 C11  I12 C12   I13 C13     FR(I11)  I90 I95 I99
   1  P      134.20    18.01763    1 1.00    2 0.00    3 0.00       0.00   1   1   1
   2  P      160.41    -2.28733    2 1.00    1 0.00    3 0.00       0.00   1   1   1
   3  P      196.22    -4.62612    3 1.00    2 0.00    1 0.00       0.00   1   1   1
   4  P      302.97    -2.63376    4 1.00    2 0.00    3 0.00       0.00   1   1   1
   5  P      314.07    -0.18486    5 1.00    2 0.00    3 0.00       0.00   1   1   1
   6  P      428.07     0.42772    6 1.00    2 0.00    3 0.00       0.00   1   1   1
   7  P      432.90    -4.09245    7 1.00    2 0.00    3 0.00       0.00   1   1   1
   8  P      481.64    -7.02155    8 1.00    2 0.00    3 0.00       0.00   1   1   1
   9  P      574.28     1.24978    9 1.00    2 0.00    3 0.00       0.00   1   1   1
  10  P      635.12    -0.51650   10 1.00    2 0.00    3 0.00       0.00   1   1   1
  11  P      759.35    -1.11130   11 1.00    2 0.00    3 0.00       0.00   1   1   1
  12  P      765.26    10.79390   12 1.00    2 0.00    3 0.00       0.00   1   1   1
  13  P      782.46    -1.24189   13 1.00    2 0.00    3 0.00       0.00   1   1   1
  14  P      804.97     0.44891   14 1.00    2 0.00    3 0.00       0.00   1   1   1
  15  P      824.89     3.29163   15 1.00    2 0.00    3 0.00       0.00   1   1   1
  16  P      880.92    -1.95359   16 1.00    2 0.00    3 0.00       0.00   1   1   1
  17  P      956.39    -0.15090   17 1.00    2 0.00    3 0.00       0.00   1   1   1
  18  P     1011.03    -9.69717   18 1.00    2 0.00    3 0.00       0.00   1   1   1
  19  P     1050.49    -8.76154   19 1.00    2 0.00    3 0.00       0.00   1   1   1
  20  P     1080.68     0.05687   20 1.00    2 0.00    3 0.00       0.00   1   1   1
  21  P     1201.12     3.62555   21 1.00    2 0.00    3 0.00       0.00   1   1   1
  22  P     1248.26     6.90015   22 1.00    2 0.00    3 0.00       0.00   1   1   1
  23  P     1270.66     3.82445   23 1.00    2 0.00    3 0.00       0.00   1   1   1
  24  P     1397.06     2.10336   24 1.00    2 0.00    3 0.00       0.00   1   1   1
  25  P     1429.50    -0.53413   25 1.00    2 0.00    3 0.00       0.00   1   1   1
  26  P     1470.79    -0.00405   26 1.00    2 0.00    3 0.00       0.00   1   1   1
  27  P     1478.66   -10.35072   27 1.00    2 0.00    3 0.00       0.00   1   1   1
  28  P     1492.29     0.59648   28 1.00    2 0.00    3 0.00       0.00   1   1   1
  29  P     1504.09     0.20643   29 1.00    2 0.00    3 0.00       0.00   1   1   1
  30  P     1551.74    -9.18428   30 1.00    2 0.00    3 0.00       0.00   1   1   1
  31  P     1702.40     1.04330   31 1.00    2 0.00    3 0.00       0.00   1   1   1
  32  P     1725.76    -0.19321   32 1.00    2 0.00    3 0.00       0.00   1   1   1
  33  P     1742.74   -14.58909   33 1.00    2 0.00    3 0.00       0.00   1   1   1
  34  P     3059.85     0.19350   34 1.00    2 0.00    3 0.00       0.00   1   1   1
  35  P     3117.02     0.00466   35 1.00    2 0.00    3 0.00       0.00   1   1   1
  36  P     3144.55    -0.01431   36 1.00    2 0.00    3 0.00       0.00   1   1   1
  37  P     3234.98     0.01201   37 1.00    2 0.00    3 0.00       0.00   1   1   1
  38  P     3303.50    -0.72221   38 1.00    2 0.00    3 0.00       0.00   1   1   1
  39  P     3435.88    -0.45552   39 1.00    2 0.00    3 0.00       0.00   1   1   1
   
 *********************************************************** 
  
  AVERAGE MAX PROJECTION     1.000000    St Dev   0.000000
  AVERAGE FREQ DIFF          0.000000    St Dev   0.000000
  AVERAGE ABS FREQ DIFF      0.000000    St Dev   0.000000
  AVERAGE ABS DISPLACE      -0.705902    St Dev   5.543638
  SUM DISPL**2            1217.978470
  
 *********************************************************** 
  

 ADDITIONAL ANALYSIS ON DUSCHINSKY MATRIX
 ----------------------------------------
  Determinant:     1.0000

  ** A = GM·GMT **
  Det(A)     :     1.0000
  Trace(A)   :    39.0000
  Det(A-I)   :     0.0000
  Trace(A-I) :     0.0000
 ----------------------------------------

   
   
 STATE1 MODES SORTED BY DECREASING DIMENSIONLESS SHIFT
   IND    MODE    FREQUENCY DIMENSIONLESS SHIFT
     1      33    1742.73714       0.13000E+01
     2      27    1478.65893       0.84960E+00
     3      30    1551.74094       0.77226E+00
     4      18    1011.03147       0.65817E+00
     5      12     765.25945      -0.63737E+00
     6      19    1050.49457       0.60616E+00
     7      22    1248.26176      -0.52038E+00
     8       1     134.20283      -0.44554E+00
     9       8     481.64471       0.32893E+00
    10      23    1270.66076      -0.29100E+00
    11      21    1201.11516      -0.26821E+00
    12      15     824.89053      -0.20180E+00
    13       7     432.89773       0.18175E+00
    14      24    1397.05755      -0.16781E+00
    15       3     196.22253       0.13832E+00
    16      16     880.92171       0.12377E+00
    17       4     302.96622       0.97854E-01
    18      31    1702.40105      -0.91886E-01
    19      38    3303.50187       0.88605E-01
    20      13     782.45961       0.74152E-01
    21      11     759.35041       0.65367E-01
    22       9     574.28197      -0.63930E-01
    23       2     160.41452       0.61839E-01
    24      39    3435.88052       0.56995E-01
    25      28    1492.29025      -0.49185E-01
    26      25    1429.50353       0.43107E-01
    27      10     635.11563       0.27784E-01
    28      14     804.97193      -0.27187E-01
    29      34    3059.84937      -0.22847E-01
    30       6     428.07115      -0.18890E-01
    31      32    1725.76303       0.17133E-01
    32      29    1504.09295      -0.17089E-01
    33      17     956.39401       0.99612E-02
    34       5     314.07372       0.69929E-02
    35      20    1080.68471      -0.39908E-02
    36      36    3144.55442       0.17132E-02
    37      37    3234.98488      -0.14579E-02
    38      35    3117.01805      -0.55480E-03
    39      26    1470.79227       0.33119E-03
   
   
 MODES OF STATE1 IN ORDER OF DECREASING FR COUPL
 ESTIMATED BY THE MAGNITUDE OF THE 0-0 INTEGRAL
   IND    MODE1  FREQ   MODE2 FR    FR. SHIFT INV0-0
     1     1   134.20283         1   134.20283         0.00000         1.00000
     2     2   160.41452         2   160.41452         0.00000         1.00000
     3     3   196.22253         3   196.22253         0.00000         1.00000
     4     4   302.96622         4   302.96622         0.00000         1.00000
     5     5   314.07372         5   314.07372         0.00000         1.00000
     6     6   428.07115         6   428.07115         0.00000         1.00000
     7     7   432.89773         7   432.89773         0.00000         1.00000
     8     8   481.64471         8   481.64471         0.00000         1.00000
     9     9   574.28197         9   574.28197         0.00000         1.00000
    10    10   635.11563        10   635.11563         0.00000         1.00000
    11    11   759.35041        11   759.35041         0.00000         1.00000
    12    12   765.25945        12   765.25945         0.00000         1.00000
    13    13   782.45961        13   782.45961         0.00000         1.00000
    14    14   804.97193        14   804.97193         0.00000         1.00000
    15    15   824.89053        15   824.89053         0.00000         1.00000
    16    16   880.92171        16   880.92171         0.00000         1.00000
    17    17   956.39401        17   956.39401         0.00000         1.00000
    18    18  1011.03147        18  1011.03147         0.00000         1.00000
    19    19  1050.49457        19  1050.49457         0.00000         1.00000
    20    20  1080.68471        20  1080.68471         0.00000         1.00000
    21    21  1201.11516        21  1201.11516         0.00000         1.00000
    22    22  1248.26176        22  1248.26176         0.00000         1.00000
    23    23  1270.66076        23  1270.66076         0.00000         1.00000
    24    24  1397.05755        24  1397.05755         0.00000         1.00000
    25    25  1429.50353        25  1429.50353         0.00000         1.00000
    26    26  1470.79227        26  1470.79227         0.00000         1.00000
    27    27  1478.65893        27  1478.65893         0.00000         1.00000
    28    28  1492.29025        28  1492.29025         0.00000         1.00000
    29    29  1504.09295        29  1504.09295         0.00000         1.00000
    30    30  1551.74094        30  1551.74094         0.00000         1.00000
    31    31  1702.40105        31  1702.40105         0.00000         1.00000
    32    32  1725.76303        32  1725.76303         0.00000         1.00000
    33    33  1742.73714        33  1742.73714         0.00000         1.00000
    34    34  3059.84937        34  3059.84937         0.00000         1.00000
    35    35  3117.01805        35  3117.01805         0.00000         1.00000
    36    36  3144.55442        36  3144.55442         0.00000         1.00000
    37    37  3234.98488        37  3234.98488         0.00000         1.00000
    38    38  3303.50187        38  3303.50187         0.00000         1.00000
    39    39  3435.88052        39  3435.88052         0.00000         1.00000
   
   
   
   
 STATE2 MODES SORTED BY DECREASING DIMENSIONLESS SHIFT
   IND    MODE    FREQUENCY DIMENSIONLESS SHIFT
     1      33    1742.73714      -0.13000E+01
     2      27    1478.65893      -0.84960E+00
     3      30    1551.74094      -0.77226E+00
     4      18    1011.03147      -0.65817E+00
     5      12     765.25945       0.63737E+00
     6      19    1050.49457      -0.60616E+00
     7      22    1248.26176       0.52038E+00
     8       1     134.20283       0.44554E+00
     9       8     481.64471      -0.32893E+00
    10      23    1270.66076       0.29100E+00
    11      21    1201.11516       0.26821E+00
    12      15     824.89053       0.20180E+00
    13       7     432.89773      -0.18175E+00
    14      24    1397.05755       0.16781E+00
    15       3     196.22253      -0.13832E+00
    16      16     880.92171      -0.12377E+00
    17       4     302.96622      -0.97854E-01
    18      31    1702.40105       0.91886E-01
    19      38    3303.50187      -0.88605E-01
    20      13     782.45961      -0.74152E-01
    21      11     759.35041      -0.65367E-01
    22       9     574.28197       0.63930E-01
    23       2     160.41452      -0.61839E-01
    24      39    3435.88052      -0.56995E-01
    25      28    1492.29025       0.49185E-01
    26      25    1429.50353      -0.43107E-01
    27      10     635.11563      -0.27784E-01
    28      14     804.97193       0.27187E-01
    29      34    3059.84937       0.22847E-01
    30       6     428.07115       0.18890E-01
    31      32    1725.76303      -0.17133E-01
    32      29    1504.09295       0.17089E-01
    33      17     956.39401      -0.99612E-02
    34       5     314.07372      -0.69929E-02
    35      20    1080.68471       0.39908E-02
    36      36    3144.55442      -0.17132E-02
    37      37    3234.98488       0.14579E-02
    38      35    3117.01805       0.55480E-03
    39      26    1470.79227      -0.33119E-03
   
   
 MODES OF STATE2 IN ORDER OF DECREASING FR COUPL
 ESTIMATED BY THE MAGNITUDE OF THE 0-0 INTEGRAL
   IND    MODE2  FREQ   MODE1 FR    FR. SHIFT INV0-0
     1     1   134.20283         1   134.20283         0.00000         1.00000
     2     2   160.41452         2   160.41452         0.00000         1.00000
     3     3   196.22253         3   196.22253         0.00000         1.00000
     4     4   302.96622         4   302.96622         0.00000         1.00000
     5     5   314.07372         5   314.07372         0.00000         1.00000
     6     6   428.07115         6   428.07115         0.00000         1.00000
     7     7   432.89773         7   432.89773         0.00000         1.00000
     8     8   481.64471         8   481.64471         0.00000         1.00000
     9     9   574.28197         9   574.28197         0.00000         1.00000
    10    10   635.11563        10   635.11563         0.00000         1.00000
    11    11   759.35041        11   759.35041         0.00000         1.00000
    12    12   765.25945        12   765.25945         0.00000         1.00000
    13    13   782.45961        13   782.45961         0.00000         1.00000
    14    14   804.97193        14   804.97193         0.00000         1.00000
    15    15   824.89053        15   824.89053         0.00000         1.00000
    16    16   880.92171        16   880.92171         0.00000         1.00000
    17    17   956.39401        17   956.39401         0.00000         1.00000
    18    18  1011.03147        18  1011.03147         0.00000         1.00000
    19    19  1050.49457        19  1050.49457         0.00000         1.00000
    20    20  1080.68471        20  1080.68471         0.00000         1.00000
    21    21  1201.11516        21  1201.11516         0.00000         1.00000
    22    22  1248.26176        22  1248.26176         0.00000         1.00000
    23    23  1270.66076        23  1270.66076         0.00000         1.00000
    24    24  1397.05755        24  1397.05755         0.00000         1.00000
    25    25  1429.50353        25  1429.50353         0.00000         1.00000
    26    26  1470.79227        26  1470.79227         0.00000         1.00000
    27    27  1478.65893        27  1478.65893         0.00000         1.00000
    28    28  1492.29025        28  1492.29025         0.00000         1.00000
    29    29  1504.09295        29  1504.09295         0.00000         1.00000
    30    30  1551.74094        30  1551.74094         0.00000         1.00000
    31    31  1702.40105        31  1702.40105         0.00000         1.00000
    32    32  1725.76303        32  1725.76303         0.00000         1.00000
    33    33  1742.73714        33  1742.73714         0.00000         1.00000
    34    34  3059.84937        34  3059.84937         0.00000         1.00000
    35    35  3117.01805        35  3117.01805         0.00000         1.00000
    36    36  3144.55442        36  3144.55442         0.00000         1.00000
    37    37  3234.98488        37  3234.98488         0.00000         1.00000
    38    38  3303.50187        38  3303.50187         0.00000         1.00000
    39    39  3435.88052        39  3435.88052         0.00000         1.00000
   
   
  
  
 DIMENSIONLESS SHIFTS 
   IND     STATE1       STATE2
     1    -0.44554E+00     0.44554E+00
     2     0.61839E-01    -0.61839E-01
     3     0.13832E+00    -0.13832E+00
     4     0.97854E-01    -0.97854E-01
     5     0.69929E-02    -0.69929E-02
     6    -0.18890E-01     0.18890E-01
     7     0.18175E+00    -0.18175E+00
     8     0.32893E+00    -0.32893E+00
     9    -0.63930E-01     0.63930E-01
    10     0.27784E-01    -0.27784E-01
    11     0.65367E-01    -0.65367E-01
    12    -0.63737E+00     0.63737E+00
    13     0.74152E-01    -0.74152E-01
    14    -0.27187E-01     0.27187E-01
    15    -0.20180E+00     0.20180E+00
    16     0.12377E+00    -0.12377E+00
    17     0.99612E-02    -0.99612E-02
    18     0.65817E+00    -0.65817E+00
    19     0.60616E+00    -0.60616E+00
    20    -0.39908E-02     0.39908E-02
    21    -0.26821E+00     0.26821E+00
    22    -0.52038E+00     0.52038E+00
    23    -0.29100E+00     0.29100E+00
    24    -0.16781E+00     0.16781E+00
    25     0.43107E-01    -0.43107E-01
    26     0.33119E-03    -0.33119E-03
    27     0.84960E+00    -0.84960E+00
    28    -0.49185E-01     0.49185E-01
    29    -0.17089E-01     0.17089E-01
    30     0.77226E+00    -0.77226E+00
    31    -0.91886E-01     0.91886E-01
    32     0.17133E-01    -0.17133E-01
    33     0.13000E+01    -0.13000E+01
    34    -0.22847E-01     0.22847E-01
    35    -0.55480E-03     0.55480E-03
    36     0.17132E-02    -0.17132E-02
    37    -0.14579E-02     0.14579E-02
    38     0.88605E-01    -0.88605E-01
    39     0.56995E-01    -0.56995E-01
  SUM SQUARED DIMENSIONLESS DISPL STATE1        5.1398
  SUM SQUARED DIMENSIONLESS DISPL STATE2        5.1398
  VALUE STATE1 GROUND VIB WAVEFUN AT GEO2       0.0765
  VALUE STATE2 GROUND VIB WAVEFUN AT GEO1       0.0765
  VALUE STATE1 GROUND VIB WAVEFUN AT (GEO1+GEO2)/2      0.5260
  VALUE STATE2 GROUND VIB WAVEFUN AT (GEO1+GEO2)/2      0.5260

 Printing Duschinski matrix to 'duschinsky.dat'


 Printing Shift vector to 'displacement.dat'


NOTE: DE read from input:   6.790 (eV)                                                                    
 


 ===========================
  REORGANIZATION ENERGY
 ===========================
     0.015636  (Hartree)
     0.425467  (eV)


 ------------------------------------------------------
 Extrapolation form (generalized) vertical point:
 ------------------------------------------------------
 Extrapolated vertical energy:        6.79000  (eV)
 Extrapolated adiabatic energy:       6.79000  (eV)
 Extrapolated reorg. energy   :       0.00000  (eV)
 ------------------------------------------------------



 ===============================
  ZERO-POINT ENERGY CORRECTIONS 
 ===============================


                    ZERO POINT ENERGY IN CM-1
    E01=     25543.61    E02=     25543.61


                    0-0 ENERGY DIFFERENCE
       6.36454 eV


                    ADIABATIC ENERGY     
       6.36454 eV




 ====================

  TRANSITION DIPOLES 

 ====================
 Model for tr. dipoles: FC
 Reading electric dipole file: 
 ../../../../../eldip_Thymine6311-freq-solv-ES6_fchk
 


 ================= 
  TRANSITION INFO  
 ================= 
            DATA FOR VERTICAL TRANSITION 
  electric transition dipoles (au) at initial GEO 1
           -0.02631404    0.08424361   -0.01757870
  electric transition dipoles (au) at initial GEO 2
           -0.02631404    0.08424361   -0.01757870
  Square tr dipoles: geo1  0.00809843  geo2   0.00809843  Diff (d1-d2)/d1    0.0000 %
   
 ------------------
  State2 -> State1
 ------------------
 Reorganization Energy (eV) on State1        0.425467
 Vertical emission energy (eV)               5.939070
 Fluorescence lifetime from minimum (ns)  5.544833E+02
 ********************************************** 
   
 ------------------
  State1 -> State2
 ------------------
 Reorganization Energy on State2 (eV)        0.425467
 Vertical absorption energy (eV)             6.790003
 Absorption oscillator strength           1.347189E-03
 ********************************************** 
   

NOTE: Spectra resolution set to:  0.01200                                                                 
 

NOTE: To ensure exact match of TI and TD resuls, final spectral range reset to:    4.0000-                
       9.0040(eV)                                                                                         
 

 ----------------------------------------
 Refined spectral range for simulations: 
  nene       =       418
  From E(eV) =    4.0000
  To   E(eV) =    9.0040
 
 Related time-domain parameters
 (with energy shift & extended range):
  ntime =          218
  dt    =       0.7905
  tfin  =     171.9242
 Shift info (for external FT)
  dE_ext=  0.108000    
  Eshift=   3.89200    
 ----------------------------------------


NOTE: Changing Ead to optimize TD method before entering the spectrum calculation.Ead(original)=          
        6.365 (eV); Ead(shifted )=   2.473 (eV)                                                           
 


 ____________________________________________
  ============================================
  PROGRAM: td_onephoton
   Compute vibronic spectra with a harmonic 
   TD formulation                           
                                            
  References:                               
   Comput Theoret Chem, 1040--1041, 186-194 (2014)
 ____________________________________________
  ============================================
 
 SUMMARY OF CALCULATION OPTIONS
 -------------------------------
 Adiabatic Energy (eV)  :   2.4725

 Tipe of transition     : ABS-ECDNO

 Dipole aproximation    : FC-FC
 El. dipole at ref geom :   -0.263E-01   0.842E-01  -0.176E-01

 Numerical evaluation of xi(t)
         Total time (fs):   171.924
         Nr data points : 218
         Time step (fs) :  0.790    

 Broad. function        : VOI  
 Broad. exponent (Gau)  :    7.014E-06
 Broad. order (Gau)     : 2
 Broad. exponent (Lor)  :    1.470E-03
 Broad. order (Lor)     : 1
 -------------------------------

 Computing correlation functions over 218 points

 Calling FFT with 436 points


 Entering in fft_calc subroutine (FFTW)
 Ndata: 436
 tini and tfin  -171.924     171.924

 df  2.901587352099123E-003
 dt  0.790456292826101     
 =========== tdspectra finished ===========  
 Timing...
  CPU (s) for tdspectra :       0.071
 ==========================================
                                           



===============================

 SUMMARY OF NOTES AND WARNINGS

===============================
 ---------------------------------
 7 notes raised along the run
 Look for NOTE in the output
 ---------------------------------

 
 ****************** FCclasses finished *******************
 Timing...   
  CPU (s)       0.097
 *********************************************************
 
 FCclasses finished successfully
