 
                                                    \ /               
                                              ..-'''-*-               
                                              \.-'''\ \               
      _____ _____      _                             | |              
     |  ___/  __ \    | |                         __/ /               
     | |_  | /  \/ ___| | __ _ ___ ___  ___  ___ |_  '.               
     |  _| | |    / __| |/ _` / __/ __|/ _ \/ __|   `.  \             
     | |   | \__/\ (__| | (_| \__ \__ \  __/\__ \     \ '.            
     \_|    \____/\___|_|\__,_|___/___/\___||___/      , |            
                                                       | |            
                                                      / ,'            
                                              -....--'  /             
                                              `.. __..-'              
                                                                      
 ********************************************************* 
   FCCLASSES3:                                             
   A code for vibronic simulations                         
                                                           
                                                           
 ********************************************************* 


 GIT VERSION INFO
  Commit id  : v3-1.0-2-g78ec1d1-dirty
  Commit date: 2022-07-22 10:24:13 +0200

 CURRENT RUN INFO
  Date&Time  : 2022-11-23, 18:41:13
  Input file : STDIN
  Input type : NEW



 INPUT OPTIONS:
-------------------------------
$$$
;GENERAL OPTIONS:
; NAT        = (read from structure files)
; NVIB       = (determined vibrational analysis)
PROPERTY     =   OPA   
MODEL        =   VG   
DIPOLE       =   HTf  
DIPDER_COORD =   CARTESIAN  
TEMP         =     0.00
DE           =   5.93870
BROADFUN     =   GAU  
HWHM         =   0.0400
RESOL        =   0.0040  ; (default: HWHM/10)
METHOD       =   TD   
ROT          =   1
SPCMIN       =     4.000
SPCMAX       =     9.000
;VIBRATIONAL ANALYSIS
NORMALMODES  =   COMPUTE  
RM_COORD     =   NONE    
COORDS       =   CARTESIAN  
FORCE_REAL   =   YES  
;INPUT DATA FILES
STATE1_FILE  =   Cytosine6311-tddft.fchk
STATE2_FILE  =   Cytosine6311-es5.fchk
MASS_FILE    =   
ELDIP_FILE   =   eldip_Cytosine6311-es5_fchk
MAGDIP_FILE  =   magdip_Cytosine6311-es5_fchk
NAC_FILE     =   
NRCOUP_FILE  =   eldip_Cytosine6311-es5_fchk
HESS1_FILE   =   Cytosine6311-tddft.fchk
HESS2_FILE   =   Cytosine6311-tddft.fchk
GRAD1_FILE   =   Cytosine6311-tddft.fchk
GRAD2_COORD  =   CARTESIAN
GRAD2_FILE   =   Cytosine6311-es5.fchk
;VERBOSE LEVEL
VERBOSE      =   1
  
-------------------------------



 ==> State 1 <==

 Geometry file: Cytosine6311-tddft.fchk


 Gradient file: Cytosine6311-tddft.fchk

NOTE: The calculation for this State will assume non-stationary point since the gradient                  
      is not negligible (maximum atomic gradient:   0.085675 a.u.)                                        
 
 Hessian file: Cytosine6311-tddft.fchk



 ---------------------------------------
  Check effect of symmetry operations
  on Hessian elements (or gs^t\beta)
 ---------------------------------------

 Using input geometry instead of rotating to principal axis of intertia to detect symmetry

 
 Sigma(xy) symmetry element found
 
 Symmetry operation  : 1
 Max abs difference  :   0.000000
    original value   :  -0.000000
    transformed value:   0.000000
    Rel difference(%): 200.000000

 ---------------------------------------



 =========================
  ANALYSIS OF DOFs
 =========================

 => STATE 1 <=
 Geometry (Angstroms)
 13    # Nr. of atoms
   Atom       X         Y         Z      Mass
C         -0.0665   -1.7145    0.0000   12.0000
C         -1.2190    0.4315   -0.0000   12.0000
C          1.1015    0.3407   -0.0000   12.0000
C          1.1319   -1.0971    0.0000   12.0000
N         -1.2037   -0.9852    0.0000   14.0031
N         -0.0000    1.0476   -0.0000   14.0031
N          2.2717    1.0190   -0.0000   14.0031
O         -2.2907    0.9949   -0.0000   15.9949
H         -2.1124   -1.4236    0.0000    1.0078
H          2.0570   -1.6537    0.0000    1.0078
H         -0.1766   -2.7915    0.0000    1.0078
H          3.1596    0.5513   -0.0000    1.0078
H          2.2353    2.0251   -0.0000    1.0078
 

 ------------------------------------------------
   INERTIA TENSOR (to be multiplied by 10**5)
 ------------------------------------------------

             1           2           3
  
    1     2.36378    -0.06912    -0.00000
    2    -0.06912     4.51998     0.00000
    3    -0.00000     0.00000     6.88376
 ------------------------------------------------


 ------------------------------------------------
   ROTATIONAL CONSTANTS (AND ROTATION MATRIX)
 ------------------------------------------------

 ROOT NO.    1           2           3

    ************************************
  
    1    -0.99949    -0.03201     0.00000
    2     0.03201    -0.99949     0.00000
    3     0.00000     0.00000     1.00000
 ------------------------------------------------

  Rotational constants (GHz)
     3.90101     2.03718     1.33829
  Rotational temperatures (K)
     0.18722     0.09777     0.06423


 -------------------
  DOF   Dimension
 -------------------
  Vib    33
  Rot    3
  Tra    3
 -------------------


 Translating State1 to its Center of Mass
 Initial COM:      -0.0460      0.0294     -0.0000


 ================================
  VIBRATIONAL ANALYSIS ON STATE1
 ================================

 ----------------------------------
   Redundant Frequencies (cm-1)
 ----------------------------------
     1    -0.00002
     2    -0.00002
     3    -0.00001
     4     0.00002
     5     0.00003
     6     0.00004
 ----------------------------------


 ------------------------
   FREQUENCIES (cm-1)
 ------------------------
     1  -598.76859
     2  -391.87927
     3  -350.21145
     4   -68.65048
     5   179.04186
     6   302.42689
     7   392.05878
     8   435.76410
     9   477.51320
    10   487.31816
    11   517.68413
    12   580.93004
    13   693.30743
    14   697.00344
    15   759.36755
    16   916.43735
    17   979.50368
    18  1018.52628
    19  1104.66132
    20  1179.81321
    21  1222.14427
    22  1348.30876
    23  1465.75409
    24  1497.44586
    25  1536.89716
    26  1642.98466
    27  1656.93741
    28  1720.76466
    29  3212.01233
    30  3248.07203
    31  3633.80323
    32  3645.30819
    33  3766.95928
 ------------------------

 =====================
  THERMOCHEMISTRY     
 =====================
  Temperature (K):    0.00
  Pressure (atm) :    1.00
 
  Rotational constants (GHz)
     3.90101     2.03718     1.33829
  Rotational temperatures (K)
     0.18722     0.09777     0.06423
 
           1  -598.768593663842     

WARNING: Imaginary frequency ignored                                                                         
 
           2  -391.879266132853     

WARNING: Imaginary frequency ignored                                                                         
 
           3  -350.211448233163     

WARNING: Imaginary frequency ignored                                                                         
 
           4  -68.6504831555362     

WARNING: Imaginary frequency ignored                                                                         
 
  Partition Functions
  qt =      0.000    
  qr =      0.000    
  qv =      0.000    
 
  Contributions to entropy
  St (cm-1/K) = -Infinity
  Sr (cm-1/K) = -Infinity
  Sv (cm-1/K) =       NaN
 
  Thermal corrections (AU)
  Zero Point Energy =   0.918529E-01
  Internal Energy   =   0.918529E-01
  Enthalpy          =   0.918529E-01
  Gibbs Free Energy =            NaN
 
  Thermal corrections (AU) - vibrational only
  Number of vibrations:      33
  V-internal Energy   =   0.918529E-01
  V-enthalpy          =   0.918529E-01
  V-gibbs Free Energy =            NaN


 ==> State 2 <==

 Geometry file: Cytosine6311-es5.fchk


 Gradient file: Cytosine6311-es5.fchk

NOTE: The calculation for this State will assume non-stationary point since the gradient                  
      is not negligible (maximum atomic gradient:   0.106163 a.u.)                                        
 
 Hessian file: Cytosine6311-tddft.fchk


 Combination abs/ECDNO
 A standard one-photon absorption calculation  will be performed


 =========================
  ANALYSIS OF DOFs
 =========================

 => STATE 2 <=
 Geometry (Angstroms)
 13    # Nr. of atoms
   Atom       X         Y         Z      Mass
C         -0.0665   -1.7145    0.0000   12.0000
C         -1.2190    0.4315   -0.0000   12.0000
C          1.1015    0.3407   -0.0000   12.0000
C          1.1319   -1.0971    0.0000   12.0000
N         -1.2037   -0.9852    0.0000   14.0031
N         -0.0000    1.0476   -0.0000   14.0031
N          2.2717    1.0190   -0.0000   14.0031
O         -2.2907    0.9949   -0.0000   15.9949
H         -2.1124   -1.4236    0.0000    1.0078
H          2.0570   -1.6537    0.0000    1.0078
H         -0.1766   -2.7915    0.0000    1.0078
H          3.1596    0.5513   -0.0000    1.0078
H          2.2353    2.0251   -0.0000    1.0078
 

 ------------------------------------------------
   INERTIA TENSOR (to be multiplied by 10**5)
 ------------------------------------------------

             1           2           3
  
    1     2.36378    -0.06912    -0.00000
    2    -0.06912     4.51998     0.00000
    3    -0.00000     0.00000     6.88376
 ------------------------------------------------


 ------------------------------------------------
   ROTATIONAL CONSTANTS (AND ROTATION MATRIX)
 ------------------------------------------------

 ROOT NO.    1           2           3

    ************************************
  
    1    -0.99949    -0.03201     0.00000
    2     0.03201    -0.99949     0.00000
    3     0.00000     0.00000     1.00000
 ------------------------------------------------

  Rotational constants (GHz)
     3.90101     2.03718     1.33829
  Rotational temperatures (K)
     0.18722     0.09777     0.06423


 -------------------
  DOF   Dimension
 -------------------
  Vib    33
  Rot    3
  Tra    3
 -------------------


 Translating State2 to its Center of Mass
 Initial COM:      -0.0460      0.0294     -0.0000


 ================================
  VIBRATIONAL ANALYSIS ON STATE2
 ================================

Normal modes read from State1 for VG


 ------------------------
   FREQUENCIES (cm-1)
 ------------------------
     1  -598.76859
     2  -391.87927
     3  -350.21145
     4   -68.65048
     5   179.04186
     6   302.42689
     7   392.05878
     8   435.76410
     9   477.51320
    10   487.31816
    11   517.68413
    12   580.93004
    13   693.30743
    14   697.00344
    15   759.36755
    16   916.43735
    17   979.50368
    18  1018.52628
    19  1104.66132
    20  1179.81321
    21  1222.14427
    22  1348.30876
    23  1465.75409
    24  1497.44586
    25  1536.89716
    26  1642.98466
    27  1656.93741
    28  1720.76466
    29  3212.01233
    30  3248.07203
    31  3633.80323
    32  3645.30819
    33  3766.95928
 ------------------------


 -------------------------------------
   State2 Gradient (Q1-space) x1e5
 -------------------------------------
     1     0.00000
     2    -0.00000
     3    -0.00000
     4    -0.00000
     5    -0.00000
     6   -11.03081
     7     0.00000
     8     0.00000
     9     9.03589
    10    -0.00000
    11    -1.86838
    12    -3.12687
    13    -0.00000
    14    -5.95811
    15     0.00000
    16    -2.49222
    17    -3.27088
    18    44.06034
    19    22.25329
    20     8.34221
    21   -19.12821
    22   -26.42195
    23   -32.90267
    24   -24.26441
    25   -21.42120
    26    61.57601
    27   -40.06418
    28     6.94615
    29   -17.74857
    30     5.58290
    31    17.52374
    32     0.05881
    33    -2.68812
 -------------------------------------




                 ASSIGNMENTS AND ANALYSIS OF 1 WITH RESPECT TO 2
 STATE 1                              MODES STATE 2
IND DEF    FREQUENCY     SHIFT    I21 C21  I22 C22   I23 C23     FR(I21)  I90 I95 I99
   1  P     -598.77     0.00000    1 1.00    2 0.00    3 0.00       0.00   1   1   1
   2  P     -391.88    -0.00000    2 1.00    1 0.00    3 0.00       0.00   1   1   1
   3  P     -350.21    -0.00000    3 1.00    2 0.00    1 0.00       0.00   1   1   1
   4  P      -68.65    -0.00000    4 1.00    2 0.00    3 0.00       0.00   1   1   1
   5  P      179.04     0.00000    5 1.00    2 0.00    3 0.00       0.00   1   1   1
   6  P      302.43    58.09455    6 1.00    2 0.00    3 0.00       0.00   1   1   1
   7  P      392.06    -0.00000    7 1.00    2 0.00    3 0.00       0.00   1   1   1
   8  P      435.76    -0.00000    8 1.00    2 0.00    3 0.00       0.00   1   1   1
   9  P      477.51   -19.08836    9 1.00    2 0.00    3 0.00       0.00   1   1   1
  10  P      487.32     0.00000   10 1.00    2 0.00    3 0.00       0.00   1   1   1
  11  P      517.68     3.35819   11 1.00    2 0.00    3 0.00       0.00   1   1   1
  12  P      580.93     4.46304   12 1.00    2 0.00    3 0.00       0.00   1   1   1
  13  P      693.31     0.00000   13 1.00    2 0.00    3 0.00       0.00   1   1   1
  14  P      697.00     5.90755   14 1.00    2 0.00    3 0.00       0.00   1   1   1
  15  P      759.37    -0.00000   15 1.00    2 0.00    3 0.00       0.00   1   1   1
  16  P      916.44     1.42938   16 1.00    2 0.00    3 0.00       0.00   1   1   1
  17  P      979.50     1.64218   17 1.00    2 0.00    3 0.00       0.00   1   1   1
  18  P     1018.53   -20.45842   18 1.00    2 0.00    3 0.00       0.00   1   1   1
  19  P     1104.66    -8.78425   19 1.00    2 0.00    3 0.00       0.00   1   1   1
  20  P     1179.81    -2.88684   20 1.00    2 0.00    3 0.00       0.00   1   1   1
  21  P     1222.14     6.16876   21 1.00    2 0.00    3 0.00       0.00   1   1   1
  22  P     1348.31     7.00092   22 1.00    2 0.00    3 0.00       0.00   1   1   1
  23  P     1465.75     7.37696   23 1.00    2 0.00    3 0.00       0.00   1   1   1
  24  P     1497.45     5.21238   24 1.00    2 0.00    3 0.00       0.00   1   1   1
  25  P     1536.90     4.36840   25 1.00    2 0.00    3 0.00       0.00   1   1   1
  26  P     1642.98   -10.98786   26 1.00    2 0.00    3 0.00       0.00   1   1   1
  27  P     1656.94     7.02931   27 1.00    2 0.00    3 0.00       0.00   1   1   1
  28  P     1720.76    -1.12998   28 1.00    2 0.00    3 0.00       0.00   1   1   1
  29  P     3212.01     0.82866   29 1.00    2 0.00    3 0.00       0.00   1   1   1
  30  P     3248.07    -0.25490   30 1.00    2 0.00    3 0.00       0.00   1   1   1
  31  P     3633.80    -0.63925   31 1.00    2 0.00    3 0.00       0.00   1   1   1
  32  P     3645.31    -0.00213   32 1.00    2 0.00    3 0.00       0.00   1   1   1
  33  P     3766.96     0.09125   33 1.00    2 0.00    3 0.00       0.00   1   1   1
   
 *********************************************************** 
  
  AVERAGE MAX PROJECTION     1.000000    St Dev   0.000000
  AVERAGE FREQ DIFF          0.000000    St Dev   0.000000
  AVERAGE ABS FREQ DIFF      0.000000    St Dev   0.000000
  AVERAGE ABS DISPLACE       1.476956    St Dev  11.809809
  SUM DISPL**2            4674.548743
  
 *********************************************************** 
  



                 ASSIGNMENTS AND ANALYSIS OF 2 WITH RESPECT TO 1
 STATE 2                              MODES STATE 1
IND DEF    FREQUENCY     SHIFT    I11 C11  I12 C12   I13 C13     FR(I11)  I90 I95 I99
   1  P     -598.77    -0.00000    1 1.00    2 0.00    3 0.00       0.00   1   1   1
   2  P     -391.88     0.00000    2 1.00    1 0.00    3 0.00       0.00   1   1   1
   3  P     -350.21     0.00000    3 1.00    2 0.00    1 0.00       0.00   1   1   1
   4  P      -68.65     0.00000    4 1.00    2 0.00    3 0.00       0.00   1   1   1
   5  P      179.04    -0.00000    5 1.00    2 0.00    3 0.00       0.00   1   1   1
   6  P      302.43   -58.09455    6 1.00    2 0.00    3 0.00       0.00   1   1   1
   7  P      392.06     0.00000    7 1.00    2 0.00    3 0.00       0.00   1   1   1
   8  P      435.76     0.00000    8 1.00    2 0.00    3 0.00       0.00   1   1   1
   9  P      477.51    19.08836    9 1.00    2 0.00    3 0.00       0.00   1   1   1
  10  P      487.32    -0.00000   10 1.00    2 0.00    3 0.00       0.00   1   1   1
  11  P      517.68    -3.35819   11 1.00    2 0.00    3 0.00       0.00   1   1   1
  12  P      580.93    -4.46304   12 1.00    2 0.00    3 0.00       0.00   1   1   1
  13  P      693.31    -0.00000   13 1.00    2 0.00    3 0.00       0.00   1   1   1
  14  P      697.00    -5.90755   14 1.00    2 0.00    3 0.00       0.00   1   1   1
  15  P      759.37     0.00000   15 1.00    2 0.00    3 0.00       0.00   1   1   1
  16  P      916.44    -1.42938   16 1.00    2 0.00    3 0.00       0.00   1   1   1
  17  P      979.50    -1.64218   17 1.00    2 0.00    3 0.00       0.00   1   1   1
  18  P     1018.53    20.45842   18 1.00    2 0.00    3 0.00       0.00   1   1   1
  19  P     1104.66     8.78425   19 1.00    2 0.00    3 0.00       0.00   1   1   1
  20  P     1179.81     2.88684   20 1.00    2 0.00    3 0.00       0.00   1   1   1
  21  P     1222.14    -6.16876   21 1.00    2 0.00    3 0.00       0.00   1   1   1
  22  P     1348.31    -7.00092   22 1.00    2 0.00    3 0.00       0.00   1   1   1
  23  P     1465.75    -7.37696   23 1.00    2 0.00    3 0.00       0.00   1   1   1
  24  P     1497.45    -5.21238   24 1.00    2 0.00    3 0.00       0.00   1   1   1
  25  P     1536.90    -4.36840   25 1.00    2 0.00    3 0.00       0.00   1   1   1
  26  P     1642.98    10.98786   26 1.00    2 0.00    3 0.00       0.00   1   1   1
  27  P     1656.94    -7.02931   27 1.00    2 0.00    3 0.00       0.00   1   1   1
  28  P     1720.76     1.12998   28 1.00    2 0.00    3 0.00       0.00   1   1   1
  29  P     3212.01    -0.82866   29 1.00    2 0.00    3 0.00       0.00   1   1   1
  30  P     3248.07     0.25490   30 1.00    2 0.00    3 0.00       0.00   1   1   1
  31  P     3633.80     0.63925   31 1.00    2 0.00    3 0.00       0.00   1   1   1
  32  P     3645.31     0.00213   32 1.00    2 0.00    3 0.00       0.00   1   1   1
  33  P     3766.96    -0.09125   33 1.00    2 0.00    3 0.00       0.00   1   1   1
   
 *********************************************************** 
  
  AVERAGE MAX PROJECTION     1.000000    St Dev   0.000000
  AVERAGE FREQ DIFF          0.000000    St Dev   0.000000
  AVERAGE ABS FREQ DIFF      0.000000    St Dev   0.000000
  AVERAGE ABS DISPLACE      -1.476956    St Dev  11.809809
  SUM DISPL**2            4674.548743
  
 *********************************************************** 
  

 ADDITIONAL ANALYSIS ON DUSCHINSKY MATRIX
 ----------------------------------------
  Determinant:     1.0000

  ** A = GM·GMT **
  Det(A)     :     1.0000
  Trace(A)   :    33.0000
  Det(A-I)   :     0.0000
  Trace(A-I) :     0.0000
 ----------------------------------------

   
   
 STATE1 MODES SORTED BY DECREASING DIMENSIONLESS SHIFT
   IND    MODE    FREQUENCY DIMENSIONLESS SHIFT
     1       1    -598.76859               NaN
     2       2    -391.87927               NaN
     3       3    -350.21145               NaN
     4       4     -68.65048               NaN
     5       6     302.42689       0.21565E+01
     6      18    1018.52628      -0.13937E+01
     7      26    1642.98466      -0.95069E+00
     8       9     477.51320      -0.89037E+00
     9      19    1104.66132      -0.62320E+00
    10      27    1656.93741       0.61076E+00
    11      23    1465.75409       0.60286E+00
    12      22    1348.30876       0.54873E+00
    13      21    1222.14427       0.46033E+00
    14      24    1497.44586       0.43055E+00
    15      25    1536.89716       0.36556E+00
    16      14     697.00344       0.33291E+00
    17      12     580.93004       0.22962E+00
    18      20    1179.81321      -0.21166E+00
    19      11     517.68413       0.16310E+00
    20      17     979.50368       0.10971E+00
    21      29    3212.01233       0.10025E+00
    22      28    1720.76466      -0.10005E+00
    23      16     916.43735       0.92365E-01
    24      31    3633.80323      -0.82255E-01
    25      30    3248.07203      -0.31010E-01
    26      33    3766.95928       0.11955E-01
    27      32    3645.30819      -0.27475E-03
    28      10     487.31816       0.46250E-11
    29       5     179.04186       0.30889E-11
    30      15     759.36755      -0.15900E-11
    31      13     693.30743       0.84801E-12
    32       8     435.76410      -0.65115E-12
    33       7     392.05878      -0.65648E-14
   
   
 MODES OF STATE1 IN ORDER OF DECREASING FR COUPL
 ESTIMATED BY THE MAGNITUDE OF THE 0-0 INTEGRAL
   IND    MODE1  FREQ   MODE2 FR    FR. SHIFT INV0-0
     1     1  -598.76859         1  -598.76859         0.00000         1.00000
     2     2  -391.87927         2  -391.87927         0.00000         1.00000
     3     3  -350.21145         3  -350.21145         0.00000         1.00000
     4     4   -68.65048         4   -68.65048         0.00000         1.00000
     5     5   179.04186         5   179.04186         0.00000         1.00000
     6     6   302.42689         6   302.42689         0.00000         1.00000
     7     7   392.05878         7   392.05878         0.00000         1.00000
     8     8   435.76410         8   435.76410         0.00000         1.00000
     9     9   477.51320         9   477.51320         0.00000         1.00000
    10    10   487.31816        10   487.31816         0.00000         1.00000
    11    11   517.68413        11   517.68413         0.00000         1.00000
    12    12   580.93004        12   580.93004         0.00000         1.00000
    13    13   693.30743        13   693.30743         0.00000         1.00000
    14    14   697.00344        14   697.00344         0.00000         1.00000
    15    15   759.36755        15   759.36755         0.00000         1.00000
    16    16   916.43735        16   916.43735         0.00000         1.00000
    17    17   979.50368        17   979.50368         0.00000         1.00000
    18    18  1018.52628        18  1018.52628         0.00000         1.00000
    19    19  1104.66132        19  1104.66132         0.00000         1.00000
    20    20  1179.81321        20  1179.81321         0.00000         1.00000
    21    21  1222.14427        21  1222.14427         0.00000         1.00000
    22    22  1348.30876        22  1348.30876         0.00000         1.00000
    23    23  1465.75409        23  1465.75409         0.00000         1.00000
    24    24  1497.44586        24  1497.44586         0.00000         1.00000
    25    25  1536.89716        25  1536.89716         0.00000         1.00000
    26    26  1642.98466        26  1642.98466         0.00000         1.00000
    27    27  1656.93741        27  1656.93741         0.00000         1.00000
    28    28  1720.76466        28  1720.76466         0.00000         1.00000
    29    29  3212.01233        29  3212.01233         0.00000         1.00000
    30    30  3248.07203        30  3248.07203         0.00000         1.00000
    31    31  3633.80323        31  3633.80323         0.00000         1.00000
    32    32  3645.30819        32  3645.30819         0.00000         1.00000
    33    33  3766.95928        33  3766.95928         0.00000         1.00000
   
   
   
   
 STATE2 MODES SORTED BY DECREASING DIMENSIONLESS SHIFT
   IND    MODE    FREQUENCY DIMENSIONLESS SHIFT
     1       1    -598.76859               NaN
     2       2    -391.87927               NaN
     3       3    -350.21145               NaN
     4       4     -68.65048               NaN
     5       6     302.42689      -0.21565E+01
     6      18    1018.52628       0.13937E+01
     7      26    1642.98466       0.95069E+00
     8       9     477.51320       0.89037E+00
     9      19    1104.66132       0.62320E+00
    10      27    1656.93741      -0.61076E+00
    11      23    1465.75409      -0.60286E+00
    12      22    1348.30876      -0.54873E+00
    13      21    1222.14427      -0.46033E+00
    14      24    1497.44586      -0.43055E+00
    15      25    1536.89716      -0.36556E+00
    16      14     697.00344      -0.33291E+00
    17      12     580.93004      -0.22962E+00
    18      20    1179.81321       0.21166E+00
    19      11     517.68413      -0.16310E+00
    20      17     979.50368      -0.10971E+00
    21      29    3212.01233      -0.10025E+00
    22      28    1720.76466       0.10005E+00
    23      16     916.43735      -0.92365E-01
    24      31    3633.80323       0.82255E-01
    25      30    3248.07203       0.31010E-01
    26      33    3766.95928      -0.11955E-01
    27      32    3645.30819       0.27475E-03
    28      10     487.31816      -0.46250E-11
    29       5     179.04186      -0.30889E-11
    30      15     759.36755       0.15900E-11
    31      13     693.30743      -0.84801E-12
    32       8     435.76410       0.65115E-12
    33       7     392.05878       0.65648E-14
   
   
 MODES OF STATE2 IN ORDER OF DECREASING FR COUPL
 ESTIMATED BY THE MAGNITUDE OF THE 0-0 INTEGRAL
   IND    MODE2  FREQ   MODE1 FR    FR. SHIFT INV0-0
     1     1  -598.76859         1  -598.76859         0.00000         1.00000
     2     2  -391.87927         2  -391.87927         0.00000         1.00000
     3     3  -350.21145         3  -350.21145         0.00000         1.00000
     4     4   -68.65048         4   -68.65048         0.00000         1.00000
     5     5   179.04186         5   179.04186         0.00000         1.00000
     6     6   302.42689         6   302.42689         0.00000         1.00000
     7     7   392.05878         7   392.05878         0.00000         1.00000
     8     8   435.76410         8   435.76410         0.00000         1.00000
     9     9   477.51320         9   477.51320         0.00000         1.00000
    10    10   487.31816        10   487.31816         0.00000         1.00000
    11    11   517.68413        11   517.68413         0.00000         1.00000
    12    12   580.93004        12   580.93004         0.00000         1.00000
    13    13   693.30743        13   693.30743         0.00000         1.00000
    14    14   697.00344        14   697.00344         0.00000         1.00000
    15    15   759.36755        15   759.36755         0.00000         1.00000
    16    16   916.43735        16   916.43735         0.00000         1.00000
    17    17   979.50368        17   979.50368         0.00000         1.00000
    18    18  1018.52628        18  1018.52628         0.00000         1.00000
    19    19  1104.66132        19  1104.66132         0.00000         1.00000
    20    20  1179.81321        20  1179.81321         0.00000         1.00000
    21    21  1222.14427        21  1222.14427         0.00000         1.00000
    22    22  1348.30876        22  1348.30876         0.00000         1.00000
    23    23  1465.75409        23  1465.75409         0.00000         1.00000
    24    24  1497.44586        24  1497.44586         0.00000         1.00000
    25    25  1536.89716        25  1536.89716         0.00000         1.00000
    26    26  1642.98466        26  1642.98466         0.00000         1.00000
    27    27  1656.93741        27  1656.93741         0.00000         1.00000
    28    28  1720.76466        28  1720.76466         0.00000         1.00000
    29    29  3212.01233        29  3212.01233         0.00000         1.00000
    30    30  3248.07203        30  3248.07203         0.00000         1.00000
    31    31  3633.80323        31  3633.80323         0.00000         1.00000
    32    32  3645.30819        32  3645.30819         0.00000         1.00000
    33    33  3766.95928        33  3766.95928         0.00000         1.00000
   
   
  
  
 DIMENSIONLESS SHIFTS 
   IND     STATE1       STATE2
     1             NaN             NaN
     2             NaN             NaN
     3             NaN             NaN
     4             NaN             NaN
     5     0.30889E-11    -0.30889E-11
     6     0.21565E+01    -0.21565E+01
     7    -0.65648E-14     0.65648E-14
     8    -0.65115E-12     0.65115E-12
     9    -0.89037E+00     0.89037E+00
    10     0.46250E-11    -0.46250E-11
    11     0.16310E+00    -0.16310E+00
    12     0.22962E+00    -0.22962E+00
    13     0.84801E-12    -0.84801E-12
    14     0.33291E+00    -0.33291E+00
    15    -0.15900E-11     0.15900E-11
    16     0.92365E-01    -0.92365E-01
    17     0.10971E+00    -0.10971E+00
    18    -0.13937E+01     0.13937E+01
    19    -0.62320E+00     0.62320E+00
    20    -0.21166E+00     0.21166E+00
    21     0.46033E+00    -0.46033E+00
    22     0.54873E+00    -0.54873E+00
    23     0.60286E+00    -0.60286E+00
    24     0.43055E+00    -0.43055E+00
    25     0.36556E+00    -0.36556E+00
    26    -0.95069E+00     0.95069E+00
    27     0.61076E+00    -0.61076E+00
    28    -0.10005E+00     0.10005E+00
    29     0.10025E+00    -0.10025E+00
    30    -0.31010E-01     0.31010E-01
    31    -0.82255E-01     0.82255E-01
    32    -0.27475E-03     0.27475E-03
    33     0.11955E-01    -0.11955E-01
  SUM SQUARED DIMENSIONLESS DISPL STATE1       10.5298
  SUM SQUARED DIMENSIONLESS DISPL STATE2       10.5298
  VALUE STATE1 GROUND VIB WAVEFUN AT GEO2       0.0052
  VALUE STATE2 GROUND VIB WAVEFUN AT GEO1       0.0052
  VALUE STATE1 GROUND VIB WAVEFUN AT (GEO1+GEO2)/2      0.2681
  VALUE STATE2 GROUND VIB WAVEFUN AT (GEO1+GEO2)/2      0.2681

 Printing Duschinski matrix to 'duschinsky.dat'


 Printing Shift vector to 'displacement.dat'


WARNING: An imaginary frequency found on State 1:     -598.769
         It is turned real,                   
         which will cause artefacts.                                                                         
 

WARNING: An imaginary frequency found on State 2:     -598.769
         It is turned real,                   
         which will cause artefacts.                                                                         
 

WARNING: An imaginary frequency found on State 1:     -391.879
         It is turned real,                   
         which will cause artefacts.                                                                         
 

WARNING: An imaginary frequency found on State 2:     -391.879
         It is turned real,                   
         which will cause artefacts.                                                                         
 

WARNING: An imaginary frequency found on State 1:     -350.211
         It is turned real,                   
         which will cause artefacts.                                                                         
 

WARNING: An imaginary frequency found on State 2:     -350.211
         It is turned real,                   
         which will cause artefacts.                                                                         
 

WARNING: An imaginary frequency found on State 1:      -68.650
         It is turned real,                   
         which will cause artefacts.                                                                         
 

WARNING: An imaginary frequency found on State 2:      -68.650
         It is turned real,                   
         which will cause artefacts.                                                                         
 

NOTE: DE read from input:   5.939 (eV)                                                                    
 


 ===========================
  REORGANIZATION ENERGY
 ===========================
     0.018790  (Hartree)
     0.511305  (eV)


 ------------------------------------------------------
 Extrapolation form (generalized) vertical point:
 ------------------------------------------------------
 Extrapolated vertical energy:        5.93870  (eV)
 Extrapolated adiabatic energy:       5.93870  (eV)
 Extrapolated reorg. energy   :       0.00000  (eV)
 ------------------------------------------------------



 ===============================
  ZERO-POINT ENERGY CORRECTIONS 
 ===============================


                    ZERO POINT ENERGY IN CM-1
    E01=     20864.13    E02=     20864.13


                    0-0 ENERGY DIFFERENCE
       5.42740 eV


                    ADIABATIC ENERGY     
       5.42740 eV




 ====================

  TRANSITION DIPOLES 

 ====================
 Model for tr. dipoles: HTf

NOTE: Combination of vertical model PES with HTf tr. dipoles might be inconsistent.                       
 
 Reading electric dipole file: eldip_Cytosine6311-es5_fchk
 
 
 Dipole derivatives read in Cartesian coordinates
 

 Dipole derivatives transformed to MWC
     
        0-ORDER TRANSITION ELECTRIC DIPOLE MOMENT components and its module
At Geo State 1           -0.89988479   -0.33394451    0.00000000        0.95984976
At Geo State 2           -0.89988479   -0.33394451    0.00000000        0.95984976
   
          TRANS EL DIP MOMENT DERIVATIVES IN MWC COORD
         ATOM  COORD.        Ddipx/Dq    Ddipy/Dq    Ddipz/Dq
           1      x            -0.01238     0.00090    -0.00000
           1      y             0.00115    -0.00509     0.00000
           1      z            -0.00000     0.00000    -0.00083
           2      x             0.00005    -0.00925    -0.00000
           2      y            -0.00655    -0.00094     0.00000
           2      z            -0.00000     0.00000    -0.00191
           3      x            -0.00126     0.00193    -0.00000
           3      y             0.01361    -0.00045     0.00000
           3      z            -0.00000     0.00000    -0.00093
           4      x             0.00625     0.00108    -0.00000
           4      y            -0.00102     0.00205    -0.00000
           4      z             0.00000    -0.00000     0.00093
           5      x             0.00626     0.00032     0.00000
           5      y            -0.00198     0.00446    -0.00000
           5      z             0.00000    -0.00000     0.00216
           6      x             0.00791     0.00404     0.00000
           6      y            -0.00387     0.00210    -0.00000
           6      z             0.00000    -0.00000     0.00383
           7      x            -0.00250    -0.00235     0.00000
           7      y            -0.00278    -0.00140    -0.00000
           7      z             0.00000    -0.00000    -0.00149
           8      x            -0.00349     0.00323     0.00000
           8      y             0.00234    -0.00132    -0.00000
           8      z            -0.00000     0.00000    -0.00135
           9      x            -0.00049    -0.00078    -0.00000
           9      y            -0.00063     0.00102    -0.00000
           9      z             0.00000    -0.00000     0.00219
          10      x             0.00016    -0.00027     0.00000
          10      y             0.00132     0.00107    -0.00000
          10      z            -0.00000     0.00000    -0.00276
          11      x            -0.00091    -0.00029     0.00000
          11      y            -0.00017     0.00057    -0.00000
          11      z            -0.00000     0.00000    -0.00115
          12      x            -0.00300     0.00004    -0.00000
          12      y             0.00056    -0.00114     0.00000
          12      z             0.00000    -0.00000     0.00123
          13      x            -0.00001    -0.00064     0.00000
          13      y            -0.00302    -0.00019    -0.00000
          13      z            -0.00000     0.00000    -0.00145
 

 TR DIPOLE DERIVATIVES IN NORMAL COORDINATES STATE1 
     1      -0.0000000   0.0000000  -0.0005009          -0.0000000   0.0000000  -0.0005009
     2      -0.0000000  -0.0000000   0.0009738          -0.0000000  -0.0000000   0.0009738
     3      -0.0000000  -0.0000000  -0.0000418          -0.0000000  -0.0000000  -0.0000418
     4      -0.0000000   0.0000000  -0.0015901          -0.0000000   0.0000000  -0.0015901
     5       0.0000000  -0.0000000   0.0035992           0.0000000  -0.0000000   0.0035992
     6      -0.0005893  -0.0007337  -0.0000000          -0.0005893  -0.0007337  -0.0000000
     7       0.0000000  -0.0000000   0.0009453           0.0000000  -0.0000000   0.0009453
     8      -0.0000000   0.0000000  -0.0028218          -0.0000000   0.0000000  -0.0028218
     9       0.0018369  -0.0015911  -0.0000000           0.0018369  -0.0015911  -0.0000000
    10      -0.0000000   0.0000000  -0.0013248          -0.0000000   0.0000000  -0.0013248
    11      -0.0000496   0.0013986  -0.0000000          -0.0000496   0.0013986  -0.0000000
    12      -0.0007808   0.0006742   0.0000000          -0.0007808   0.0006742   0.0000000
    13       0.0000000  -0.0000000   0.0029705           0.0000000  -0.0000000   0.0029705
    14       0.0000707   0.0003268  -0.0000000           0.0000707   0.0003268  -0.0000000
    15      -0.0000000   0.0000000  -0.0031736          -0.0000000   0.0000000  -0.0031736
    16      -0.0032799   0.0002608  -0.0000000          -0.0032799   0.0002608  -0.0000000
    17      -0.0017530   0.0005820  -0.0000000          -0.0017530   0.0005820  -0.0000000
    18      -0.0004438  -0.0059167   0.0000000          -0.0004438  -0.0059167   0.0000000
    19      -0.0016930  -0.0032983   0.0000000          -0.0016930  -0.0032983   0.0000000
    20      -0.0048041  -0.0051147   0.0000000          -0.0048041  -0.0051147   0.0000000
    21      -0.0074185  -0.0003283   0.0000000          -0.0074185  -0.0003283   0.0000000
    22      -0.0111274  -0.0038803  -0.0000000          -0.0111274  -0.0038803  -0.0000000
    23      -0.0073431  -0.0044949  -0.0000000          -0.0073431  -0.0044949  -0.0000000
    24      -0.0074607  -0.0010404  -0.0000000          -0.0074607  -0.0010404  -0.0000000
    25      -0.0067340   0.0026561  -0.0000000          -0.0067340   0.0026561  -0.0000000
    26       0.0073363  -0.0044164   0.0000000           0.0073363  -0.0044164   0.0000000
    27       0.0051097   0.0006885  -0.0000000           0.0051097   0.0006885  -0.0000000
    28      -0.0109116   0.0063487   0.0000000          -0.0109116   0.0063487   0.0000000
    29      -0.0007400   0.0017245   0.0000000          -0.0007400   0.0017245   0.0000000
    30      -0.0023369  -0.0011896   0.0000000          -0.0023369  -0.0011896   0.0000000
    31       0.0034798  -0.0006568   0.0000000           0.0034798  -0.0006568   0.0000000
    32       0.0016310   0.0007891   0.0000000           0.0016310   0.0007891   0.0000000
    33      -0.0006158   0.0006291  -0.0000000          -0.0006158   0.0006291  -0.0000000
   
   

 TR DIPOLE DERIVATIVES IN NORMAL COORDINATES STATE2 
  (these will be the ones used for spectrum calculation)
     1      -0.0000000   0.0000000  -0.0005009          -0.0000000   0.0000000  -0.0005009
     2      -0.0000000  -0.0000000   0.0009738          -0.0000000  -0.0000000   0.0009738
     3      -0.0000000  -0.0000000  -0.0000418          -0.0000000  -0.0000000  -0.0000418
     4      -0.0000000   0.0000000  -0.0015901          -0.0000000   0.0000000  -0.0015901
     5       0.0000000  -0.0000000   0.0035992           0.0000000  -0.0000000   0.0035992
     6      -0.0005893  -0.0007337  -0.0000000          -0.0005893  -0.0007337  -0.0000000
     7       0.0000000  -0.0000000   0.0009453           0.0000000  -0.0000000   0.0009453
     8      -0.0000000   0.0000000  -0.0028218          -0.0000000   0.0000000  -0.0028218
     9       0.0018369  -0.0015911  -0.0000000           0.0018369  -0.0015911  -0.0000000
    10      -0.0000000   0.0000000  -0.0013248          -0.0000000   0.0000000  -0.0013248
    11      -0.0000496   0.0013986  -0.0000000          -0.0000496   0.0013986  -0.0000000
    12      -0.0007808   0.0006742   0.0000000          -0.0007808   0.0006742   0.0000000
    13       0.0000000  -0.0000000   0.0029705           0.0000000  -0.0000000   0.0029705
    14       0.0000707   0.0003268  -0.0000000           0.0000707   0.0003268  -0.0000000
    15      -0.0000000   0.0000000  -0.0031736          -0.0000000   0.0000000  -0.0031736
    16      -0.0032799   0.0002608  -0.0000000          -0.0032799   0.0002608  -0.0000000
    17      -0.0017530   0.0005820  -0.0000000          -0.0017530   0.0005820  -0.0000000
    18      -0.0004438  -0.0059167   0.0000000          -0.0004438  -0.0059167   0.0000000
    19      -0.0016930  -0.0032983   0.0000000          -0.0016930  -0.0032983   0.0000000
    20      -0.0048041  -0.0051147   0.0000000          -0.0048041  -0.0051147   0.0000000
    21      -0.0074185  -0.0003283   0.0000000          -0.0074185  -0.0003283   0.0000000
    22      -0.0111274  -0.0038803  -0.0000000          -0.0111274  -0.0038803  -0.0000000
    23      -0.0073431  -0.0044949  -0.0000000          -0.0073431  -0.0044949  -0.0000000
    24      -0.0074607  -0.0010404  -0.0000000          -0.0074607  -0.0010404  -0.0000000
    25      -0.0067340   0.0026561  -0.0000000          -0.0067340   0.0026561  -0.0000000
    26       0.0073363  -0.0044164   0.0000000           0.0073363  -0.0044164   0.0000000
    27       0.0051097   0.0006885  -0.0000000           0.0051097   0.0006885  -0.0000000
    28      -0.0109116   0.0063487   0.0000000          -0.0109116   0.0063487   0.0000000
    29      -0.0007400   0.0017245   0.0000000          -0.0007400   0.0017245   0.0000000
    30      -0.0023369  -0.0011896   0.0000000          -0.0023369  -0.0011896   0.0000000
    31       0.0034798  -0.0006568   0.0000000           0.0034798  -0.0006568   0.0000000
    32       0.0016310   0.0007891   0.0000000           0.0016310   0.0007891   0.0000000
    33      -0.0006158   0.0006291  -0.0000000          -0.0006158   0.0006291  -0.0000000
   
   
                    TR DIPOLE DERIVATIVES IN N. MODES STATE2  WEIGHTED BY 1/(SQRT[FREQ])
                        AND CONTRIBUTION TO HT INTENSITY IN DECREASING ORDER
                    DERIVATIVES EL DIPOLE (au)                 DERIVATIVES MAG DIPOLE (au)            HT ROT STREGTH (10**-40 cgs)
                   x        y        z       mod              x        y        z       mod             VALUE     SUM       SUM(ABS)
    1      22  -0.1004  -0.0350  -0.0000   0.1063     22  -0.1004  -0.0350  -0.0000   0.1063     22   5.328650   0.533E+01   0.533E+01
    2      28  -0.0871   0.0507   0.0000   0.1008     28  -0.0871   0.0507   0.0000   0.1008     28   4.791417   0.101E+02   0.101E+02
    3       5   0.0000  -0.0000   0.0891   0.0891      5   0.0000  -0.0000   0.0891   0.0891      5   3.743271   0.139E+02   0.139E+02
    4      23  -0.0635  -0.0389  -0.0000   0.0745     23  -0.0635  -0.0389  -0.0000   0.0745     23   2.616299   0.165E+02   0.165E+02
    5      21  -0.0703  -0.0031   0.0000   0.0704     21  -0.0703  -0.0031   0.0000   0.0704     21   2.334241   0.188E+02   0.188E+02
    6      26   0.0600  -0.0361   0.0000   0.0700     26   0.0600  -0.0361   0.0000   0.0700     26   2.308931   0.211E+02   0.211E+02
    7      20  -0.0463  -0.0493   0.0000   0.0677     20  -0.0463  -0.0493   0.0000   0.0677     20   2.159156   0.233E+02   0.233E+02
    8      24  -0.0639  -0.0089  -0.0000   0.0645     24  -0.0639  -0.0089  -0.0000   0.0645     24   1.960427   0.252E+02   0.252E+02
    9       4  -0.0000   0.0000  -0.0636   0.0636      4  -0.0000   0.0000  -0.0636   0.0636      4   1.905347   0.271E+02   0.271E+02
   10      18  -0.0046  -0.0614   0.0000   0.0616     18  -0.0046  -0.0614   0.0000   0.0616     18   1.788171   0.289E+02   0.289E+02
   11      25  -0.0569   0.0224  -0.0000   0.0612     25  -0.0569   0.0224  -0.0000   0.0612     25   1.763914   0.307E+02   0.307E+02
   12       8  -0.0000   0.0000  -0.0448   0.0448      8  -0.0000   0.0000  -0.0448   0.0448      8   0.945319   0.316E+02   0.316E+02
   13      27   0.0416   0.0056  -0.0000   0.0420     27   0.0416   0.0056  -0.0000   0.0420     27   0.830016   0.325E+02   0.325E+02
   14      15  -0.0000   0.0000  -0.0382   0.0382     15  -0.0000   0.0000  -0.0382   0.0382     15   0.686183   0.332E+02   0.332E+02
   15      13   0.0000  -0.0000   0.0374   0.0374     13   0.0000  -0.0000   0.0374   0.0374     13   0.658435   0.338E+02   0.338E+02
   16      19  -0.0169  -0.0329   0.0000   0.0370     19  -0.0169  -0.0329   0.0000   0.0370     19   0.643717   0.345E+02   0.345E+02
   17       9   0.0278  -0.0241  -0.0000   0.0368      9   0.0278  -0.0241  -0.0000   0.0368      9   0.639880   0.351E+02   0.351E+02
   18      16  -0.0359   0.0029  -0.0000   0.0360     16  -0.0359   0.0029  -0.0000   0.0360     16   0.611120   0.357E+02   0.357E+02
   19      11  -0.0007   0.0204  -0.0000   0.0204     11  -0.0007   0.0204  -0.0000   0.0204     11   0.195717   0.359E+02   0.359E+02
   20      10  -0.0000   0.0000  -0.0199   0.0199     10  -0.0000   0.0000  -0.0199   0.0199     10   0.186324   0.361E+02   0.361E+02
   21      17  -0.0186   0.0062  -0.0000   0.0196     17  -0.0186   0.0062  -0.0000   0.0196     17   0.180192   0.363E+02   0.363E+02
   22      31   0.0191  -0.0036   0.0000   0.0195     31   0.0191  -0.0036   0.0000   0.0195     31   0.178536   0.365E+02   0.365E+02
   23       6  -0.0112  -0.0140  -0.0000   0.0179      6  -0.0112  -0.0140  -0.0000   0.0179      6   0.151498   0.366E+02   0.366E+02
   24       2  -0.0000  -0.0000   0.0163   0.0163      2  -0.0000  -0.0000   0.0163   0.0163      2   0.125186   0.367E+02   0.367E+02
   25       7   0.0000  -0.0000   0.0158   0.0158      7   0.0000  -0.0000   0.0158   0.0158      7   0.117906   0.368E+02   0.368E+02
   26      30  -0.0136  -0.0069   0.0000   0.0152     30  -0.0136  -0.0069   0.0000   0.0152     30   0.109520   0.370E+02   0.370E+02
   27      12  -0.0107   0.0093   0.0000   0.0142     12  -0.0107   0.0093   0.0000   0.0142     12   0.094770   0.371E+02   0.371E+02
   28      29  -0.0043   0.0101   0.0000   0.0110     29  -0.0043   0.0101   0.0000   0.0110     29   0.056720   0.371E+02   0.371E+02
   29      32   0.0089   0.0043   0.0000   0.0099     32   0.0089   0.0043   0.0000   0.0099     32   0.046588   0.372E+02   0.372E+02
   30       1  -0.0000   0.0000  -0.0068   0.0068      1  -0.0000   0.0000  -0.0068   0.0068      1   0.021680   0.372E+02   0.372E+02
   31      33  -0.0033   0.0034  -0.0000   0.0048     33  -0.0033   0.0034  -0.0000   0.0048     33   0.010642   0.372E+02   0.372E+02
   32      14   0.0009   0.0041  -0.0000   0.0042     14   0.0009   0.0041  -0.0000   0.0042     14   0.008296   0.372E+02   0.372E+02
   33       3  -0.0000  -0.0000  -0.0007   0.0007      3  -0.0000  -0.0000  -0.0007   0.0007      3   0.000258   0.372E+02   0.372E+02
   
   
     
 TRANSITION DIPOLE MOMENTS AT INITIAL-STATE
  GEOMETRY OBTAINED BY LINEAR INTERPOLATION IN NORMAL COORDINATES
     
 ORIGINAL TRANSITION ELECTRIC DIPOLE at GEO1 
At Geo State 1           -0.89988479   -0.33394451    0.00000000        0.95984976
 INTERP. TRANSITION ELECTRIC DIPOLE at GEO1 
At Geo State 1           -0.57680081   -0.48967345   -0.00000000        0.75662360
  error component x  0.323083972773636     
  error component y -0.155728939090618     
  error component z -1.883810286949371E-012
 angle between the two vectors in degrees   19.9697627285234     
  
 ORIGINAL TRANSITION MAGNETIC DIPOLE at GEO1 
At Geo State 1           -0.89988479   -0.33394451    0.00000000        0.95984976
 INTERP. TRANSITION MAGNETIC DIPOLE at GEO1 
At Geo State 1           -0.57680081   -0.48967345   -0.00000000        0.75662360
  error component x  0.323083972773636     
  error component y -0.155728939090618     
  error component z -1.883810286949371E-012
 angle between the two vectors in degrees   19.9697627285234     
     
     
 angle between the interp. elec. and magn. dip   0.000000000000000E+000
     
 TRANSITION DIPOLE MOMENTS AT FINAL-STATE
  GEOMETRY OBTAINED BY LINEAR INTERPOLATION IN NORMAL COORDINATES
 ORIGINAL TRANSITION ELECTRIC DIPOLE at GEO2 
At Geo State 2           -0.89988479   -0.33394451    0.00000000        0.95984976
 INTERP. TRANSITION ELECTRIC DIPOLE at GEO2 
At Geo State 2           -1.22296876   -0.17821557    0.00000000        1.23588566
  error component x -0.323083972773636     
  error component y  0.155728939090618     
  error component z  1.883810286949371E-012
 angle between the two vectors in degrees   12.0687410875221     
  
 ORIGINAL TRANSITION MAGNETIC DIPOLE at GEO2 
At Geo State 2           -0.89988479   -0.33394451    0.00000000        0.95984976
 INTERP. TRANSITION MAGNETIC DIPOLE at GEO2 
At Geo State 2           -1.22296876   -0.17821557    0.00000000        1.23588566
  error component x -0.323083972773636     
  error component y  0.155728939090618     
  error component z  1.883810286949371E-012
 angle between the two vectors in degrees   12.0687410875221     
     
     
 angle between the interp. elec. and magn. dip   0.000000000000000E+000
 dip0 dipm0 -0.899884786000000      -0.899884786000000     
 dip0 dipm0 -0.333944511000000      -0.333944511000000     
 dip0 dipm0  3.046884570000000E-015  3.046884570000000E-015
 IF RUNNING ABS/EMI THEN IN SUBSEQUENT EMI/ABS CALCULATION
 USE THE INTERPOLATED VALUES AT GEO2/GEO1 LIKE INITIAL-STATE DATA
 TO OBTAIN COHERENT HERZBERG-TELLER RESULTS
 WITH HTi OPTION
  FINAL STATE DIP0 AND DIPM0 ACTUALLY USED IN CALCULATIONS
  dip0(1)= -0.8998848    dipm0(1)= -0.8998848
  dip0(2)= -0.3339445    dipm0(2)= -0.3339445
  dip0(3)=  0.0000000    dipm0(3)=  0.0000000
 FC part of total intensity  0.572479265862244     
 TOTAL INTENSITY 0K  0.573311367329789     
    
     1      -0.0000000   0.0000000  -0.0005009          -0.0000000   0.0000000  -0.0005009
     2      -0.0000000  -0.0000000   0.0009738          -0.0000000  -0.0000000   0.0009738
     3      -0.0000000  -0.0000000  -0.0000418          -0.0000000  -0.0000000  -0.0000418
     4      -0.0000000   0.0000000  -0.0015901          -0.0000000   0.0000000  -0.0015901
     5       0.0000000  -0.0000000   0.0035992           0.0000000  -0.0000000   0.0035992
     6      -0.0005893  -0.0007337  -0.0000000          -0.0005893  -0.0007337  -0.0000000
     7       0.0000000  -0.0000000   0.0009453           0.0000000  -0.0000000   0.0009453
     8      -0.0000000   0.0000000  -0.0028218          -0.0000000   0.0000000  -0.0028218
     9       0.0018369  -0.0015911  -0.0000000           0.0018369  -0.0015911  -0.0000000
    10      -0.0000000   0.0000000  -0.0013248          -0.0000000   0.0000000  -0.0013248
    11      -0.0000496   0.0013986  -0.0000000          -0.0000496   0.0013986  -0.0000000
    12      -0.0007808   0.0006742   0.0000000          -0.0007808   0.0006742   0.0000000
    13       0.0000000  -0.0000000   0.0029705           0.0000000  -0.0000000   0.0029705
    14       0.0000707   0.0003268  -0.0000000           0.0000707   0.0003268  -0.0000000
    15      -0.0000000   0.0000000  -0.0031736          -0.0000000   0.0000000  -0.0031736
    16      -0.0032799   0.0002608  -0.0000000          -0.0032799   0.0002608  -0.0000000
    17      -0.0017530   0.0005820  -0.0000000          -0.0017530   0.0005820  -0.0000000
    18      -0.0004438  -0.0059167   0.0000000          -0.0004438  -0.0059167   0.0000000
    19      -0.0016930  -0.0032983   0.0000000          -0.0016930  -0.0032983   0.0000000
    20      -0.0048041  -0.0051147   0.0000000          -0.0048041  -0.0051147   0.0000000
    21      -0.0074185  -0.0003283   0.0000000          -0.0074185  -0.0003283   0.0000000
    22      -0.0111274  -0.0038803  -0.0000000          -0.0111274  -0.0038803  -0.0000000
    23      -0.0073431  -0.0044949  -0.0000000          -0.0073431  -0.0044949  -0.0000000
    24      -0.0074607  -0.0010404  -0.0000000          -0.0074607  -0.0010404  -0.0000000
    25      -0.0067340   0.0026561  -0.0000000          -0.0067340   0.0026561  -0.0000000
    26       0.0073363  -0.0044164   0.0000000           0.0073363  -0.0044164   0.0000000
    27       0.0051097   0.0006885  -0.0000000           0.0051097   0.0006885  -0.0000000
    28      -0.0109116   0.0063487   0.0000000          -0.0109116   0.0063487   0.0000000
    29      -0.0007400   0.0017245   0.0000000          -0.0007400   0.0017245   0.0000000
    30      -0.0023369  -0.0011896   0.0000000          -0.0023369  -0.0011896   0.0000000
    31       0.0034798  -0.0006568   0.0000000           0.0034798  -0.0006568   0.0000000
    32       0.0016310   0.0007891   0.0000000           0.0016310   0.0007891   0.0000000
    33      -0.0006158   0.0006291  -0.0000000          -0.0006158   0.0006291  -0.0000000


 FC(GEO1 interpolated) contribution to total Intensity  0.572479265862244     
   
   
 TOTAL INTENSITY 0K final estimate  0.651382301828683     
      
 *******************************************
   
   
                    TR DIPOLE DERIVATIVES IN N. MODES STATE1  WEIGHTED BY 1/(SQRT[FREQ])
                        AND CONTRIBUTION TO HT INTENSITY IN DECREASING ORDER
                    DERIVATIVES EL DIPOLE (au)                 DERIVATIVES MAG DIPOLE (au)            HT ROT STREGTH (10**-40 cgs)
                   x        y        z       mod              x        y        z       mod             VALUE     SUM       SUM(ABS)
    1      22  -0.1004  -0.0350  -0.0000   0.1063     22  -0.1004  -0.0350  -0.0000   0.1063     22   5.328650   0.533E+01   0.533E+01
    2      28  -0.0871   0.0507   0.0000   0.1008     28  -0.0871   0.0507   0.0000   0.1008     28   4.791417   0.101E+02   0.101E+02
    3       5   0.0000  -0.0000   0.0891   0.0891      5   0.0000  -0.0000   0.0891   0.0891      5   3.743271   0.139E+02   0.139E+02
    4      23  -0.0635  -0.0389  -0.0000   0.0745     23  -0.0635  -0.0389  -0.0000   0.0745     23   2.616299   0.165E+02   0.165E+02
    5      21  -0.0703  -0.0031   0.0000   0.0704     21  -0.0703  -0.0031   0.0000   0.0704     21   2.334241   0.188E+02   0.188E+02
    6      26   0.0600  -0.0361   0.0000   0.0700     26   0.0600  -0.0361   0.0000   0.0700     26   2.308931   0.211E+02   0.211E+02
    7      20  -0.0463  -0.0493   0.0000   0.0677     20  -0.0463  -0.0493   0.0000   0.0677     20   2.159156   0.233E+02   0.233E+02
    8      24  -0.0639  -0.0089  -0.0000   0.0645     24  -0.0639  -0.0089  -0.0000   0.0645     24   1.960427   0.252E+02   0.252E+02
    9       4  -0.0000   0.0000  -0.0636   0.0636      4  -0.0000   0.0000  -0.0636   0.0636      4   1.905347   0.271E+02   0.271E+02
   10      18  -0.0046  -0.0614   0.0000   0.0616     18  -0.0046  -0.0614   0.0000   0.0616     18   1.788171   0.289E+02   0.289E+02
   11      25  -0.0569   0.0224  -0.0000   0.0612     25  -0.0569   0.0224  -0.0000   0.0612     25   1.763914   0.307E+02   0.307E+02
   12       8  -0.0000   0.0000  -0.0448   0.0448      8  -0.0000   0.0000  -0.0448   0.0448      8   0.945319   0.316E+02   0.316E+02
   13      27   0.0416   0.0056  -0.0000   0.0420     27   0.0416   0.0056  -0.0000   0.0420     27   0.830016   0.325E+02   0.325E+02
   14      15  -0.0000   0.0000  -0.0382   0.0382     15  -0.0000   0.0000  -0.0382   0.0382     15   0.686183   0.332E+02   0.332E+02
   15      13   0.0000  -0.0000   0.0374   0.0374     13   0.0000  -0.0000   0.0374   0.0374     13   0.658435   0.338E+02   0.338E+02
   16      19  -0.0169  -0.0329   0.0000   0.0370     19  -0.0169  -0.0329   0.0000   0.0370     19   0.643717   0.345E+02   0.345E+02
   17       9   0.0278  -0.0241  -0.0000   0.0368      9   0.0278  -0.0241  -0.0000   0.0368      9   0.639880   0.351E+02   0.351E+02
   18      16  -0.0359   0.0029  -0.0000   0.0360     16  -0.0359   0.0029  -0.0000   0.0360     16   0.611120   0.357E+02   0.357E+02
   19      11  -0.0007   0.0204  -0.0000   0.0204     11  -0.0007   0.0204  -0.0000   0.0204     11   0.195717   0.359E+02   0.359E+02
   20      10  -0.0000   0.0000  -0.0199   0.0199     10  -0.0000   0.0000  -0.0199   0.0199     10   0.186324   0.361E+02   0.361E+02
   21      17  -0.0186   0.0062  -0.0000   0.0196     17  -0.0186   0.0062  -0.0000   0.0196     17   0.180192   0.363E+02   0.363E+02
   22      31   0.0191  -0.0036   0.0000   0.0195     31   0.0191  -0.0036   0.0000   0.0195     31   0.178536   0.365E+02   0.365E+02
   23       6  -0.0112  -0.0140  -0.0000   0.0179      6  -0.0112  -0.0140  -0.0000   0.0179      6   0.151498   0.366E+02   0.366E+02
   24       2  -0.0000  -0.0000   0.0163   0.0163      2  -0.0000  -0.0000   0.0163   0.0163      2   0.125186   0.367E+02   0.367E+02
   25       7   0.0000  -0.0000   0.0158   0.0158      7   0.0000  -0.0000   0.0158   0.0158      7   0.117906   0.368E+02   0.368E+02
   26      30  -0.0136  -0.0069   0.0000   0.0152     30  -0.0136  -0.0069   0.0000   0.0152     30   0.109520   0.370E+02   0.370E+02
   27      12  -0.0107   0.0093   0.0000   0.0142     12  -0.0107   0.0093   0.0000   0.0142     12   0.094770   0.371E+02   0.371E+02
   28      29  -0.0043   0.0101   0.0000   0.0110     29  -0.0043   0.0101   0.0000   0.0110     29   0.056720   0.371E+02   0.371E+02
   29      32   0.0089   0.0043   0.0000   0.0099     32   0.0089   0.0043   0.0000   0.0099     32   0.046588   0.372E+02   0.372E+02
   30       1  -0.0000   0.0000  -0.0068   0.0068      1  -0.0000   0.0000  -0.0068   0.0068      1   0.021680   0.372E+02   0.372E+02
   31      33  -0.0033   0.0034  -0.0000   0.0048     33  -0.0033   0.0034  -0.0000   0.0048     33   0.010642   0.372E+02   0.372E+02
   32      14   0.0009   0.0041  -0.0000   0.0042     14   0.0009   0.0041  -0.0000   0.0042     14   0.008296   0.372E+02   0.372E+02
   33       3  -0.0000  -0.0000  -0.0007   0.0007      3  -0.0000  -0.0000  -0.0007   0.0007      3   0.000258   0.372E+02   0.372E+02
   
   
 *******************************************
 GENERALIZED OSC. STRENGTH INCLUDING HT EFFECT   0.000000000000000E+000
 ***********************************************
 ANALYTICAL MOMENTS OF THE SPECTRUM
 ZERO-TH MOMENT
 FC zeroth moment  0.572479265862244     
 FCHT zeroth moment T=0K  0.651382301828683     
 FCHT zeroth moment input T  0.651382301828683     
 
 FIRST MOMENT
 evert  0.000000000000000E+000  0.000000000000000E+000
 aaafc  0.572479265862244     
  FC component (eV)    -1.10318345121590     
  FC-HT component (eV)    4.972169225516849E-007
  HT component (eV)   -1.291115347112367E+066
  FIRST MOMENT (eV)   -1.291115347112367E+066
    
  FC VARIANCE (eV**2)     4.62481490372796     
  FC Gradient contr.    (eV**2)    7.153962750967039E-006
  FC Freq. shift contr. (eV**2)    2.506661348078146E-004
  FC Duschinsky  contr. (eV**2)     4.62455708363040     
  FWHM (eV)   5.06413065481581     
  FWHM (cm-1)   40844.9732866612     
 ***********************************************
  
  


 ================= 
  TRANSITION INFO  
 ================= 
            DATA FOR VERTICAL TRANSITION 
  electric transition dipoles (au) at initial GEO 1
           -0.89988479   -0.33394451    0.00000000
  electric transition dipoles (au) at initial GEO 2
           -0.89988479   -0.33394451    0.00000000
  Square tr dipoles: geo1  0.92131156  geo2   0.92131156  Diff (d1-d2)/d1    0.0000 %
   
 ------------------
  State2 -> State1
 ------------------
 Reorganization Energy (eV) on State1        0.511306
 Vertical emission energy (eV)               4.916092
 Fluorescence lifetime from minimum (ns)  8.593655E+00
 ********************************************** 
   
 ------------------
  State1 -> State2
 ------------------
 Reorganization Energy on State2 (eV)        0.511306
 Vertical absorption energy (eV)             5.938703
 Absorption oscillator strength           1.340467E-01
 ********************************************** 
   

NOTE: Spectra resolution set to:  0.00400                                                                 
 

NOTE: To ensure exact match of TI and TD resuls, final spectral range reset to:    4.0000-                
       9.0000(eV)                                                                                         
 

 ----------------------------------------
 Refined spectral range for simulations: 
  nene       =      1251
  From E(eV) =    4.0000
  To   E(eV) =    9.0000
 
 Related time-domain parameters
 (with energy shift & extended range):
  ntime =          652
  dt    =       0.7929
  tfin  =     516.5620
 Shift info (for external FT)
  dE_ext=  0.104000    
  Eshift=   3.89600    
 ----------------------------------------


NOTE: Changing Ead to optimize TD method before entering the spectrum calculation.Ead(original)=          
        5.427 (eV); Ead(shifted )=   1.531 (eV)                                                           
 


 ____________________________________________
  ============================================
  PROGRAM: td_onephoton
   Compute vibronic spectra with a harmonic 
   TD formulation                           
                                            
  References:                               
   Comput Theoret Chem, 1040--1041, 186-194 (2014)
 ____________________________________________
  ============================================
 
 SUMMARY OF CALCULATION OPTIONS
 -------------------------------
 Adiabatic Energy (eV)  :   1.5314

 Tipe of transition     : ABS-ECDNO

 Dipole aproximation    : HT-HTf
 El. dipole at ref geom :   -0.900      -0.334       0.305E-14

 Numerical evaluation of xi(t)
         Total time (fs):   516.562
         Nr data points : 652
         Time step (fs) :  0.793    

 Broad. function        : GAU  
 Broad. exponent        :    7.794E-07
 Broad. order           : 2
 -------------------------------

 Computing correlation functions over 652 points

 Calling FFT with 1304 points


 Entering in fft_calc subroutine (FFTW)
 Ndata: 1304
 tini and tfin  -516.562     516.562

 df  9.671957840330411E-004
 dt  0.792881005380783     
 =========== tdspectra finished ===========  
 Timing...
  CPU (s) for tdspectra :       0.130
 ==========================================
                                           



===============================

 SUMMARY OF NOTES AND WARNINGS

===============================
 ---------------------------------
 7 notes raised along the run
 Look for NOTE in the output
 ---------------------------------

 ---------------------------------
 12 warnings raised along the run
 Look for WARNING in the output
 ---------------------------------

 
 ****************** FCclasses finished *******************
 Timing...   
  CPU (s)       0.230
 *********************************************************
 
 FCclasses finished with warnings
