 
                                                    \ /               
                                              ..-'''-*-               
                                              \.-'''\ \               
      _____ _____      _                             | |              
     |  ___/  __ \    | |                         __/ /               
     | |_  | /  \/ ___| | __ _ ___ ___  ___  ___ |_  '.               
     |  _| | |    / __| |/ _` / __/ __|/ _ \/ __|   `.  \             
     | |   | \__/\ (__| | (_| \__ \__ \  __/\__ \     \ '.            
     \_|    \____/\___|_|\__,_|___/___/\___||___/      , |            
                                                       | |            
                                                      / ,'            
                                              -....--'  /             
                                              `.. __..-'              
                                                                      
 ********************************************************* 
   FCCLASSES3:                                             
   A code for vibronic simulations                         
                                                           
                                                           
 ********************************************************* 


 GIT VERSION INFO
  Commit id  : v3-1.0-2-g78ec1d1-dirty
  Commit date: 2022-07-22 10:24:13 +0200

 CURRENT RUN INFO
  Date&Time  : 2022-11-25, 10:31:45
  Input file : STDIN
  Input type : NEW



 INPUT OPTIONS:
-------------------------------
$$$
;GENERAL OPTIONS:
; NAT        = (read from structure files)
; NVIB       = (determined vibrational analysis)
PROPERTY     =   OPA   
MODEL        =   VG   
DIPOLE       =   HTf  
DIPDER_COORD =   CARTESIAN  
TEMP         =     0.00
DE           =   5.93870
BROADFUN     =   GAU  
HWHM         =   0.0400
RESOL        =   0.0040  ; (default: HWHM/10)
METHOD       =   TD   
ROT          =   1
SPCMIN       =     4.000
SPCMAX       =     9.000
;VIBRATIONAL ANALYSIS
NORMALMODES  =   COMPUTE  
RM_COORD     =   NONE    
COORDS       =   CARTESIAN  
FORCE_REAL   =   YES  
;INPUT DATA FILES
STATE1_FILE  =   Cytosine6311-freq.fcc
STATE2_FILE  =   Cytosine6311-es5.fcc
MASS_FILE    =   
ELDIP_FILE   =   eldip_Cytosine6311-es5_fchk
MAGDIP_FILE  =   magdip_Cytosine6311-es5_fchk
NAC_FILE     =   
NRCOUP_FILE  =   eldip_Cytosine6311-es5_fchk
HESS1_FILE   =   Cytosine6311-freq.fcc
HESS2_FILE   =   Cytosine6311-freq.fcc
GRAD1_FILE   =   Cytosine6311-freq.fcc
GRAD2_COORD  =   CARTESIAN
GRAD2_FILE   =   Cytosine6311-es5.fcc
;VERBOSE LEVEL
VERBOSE      =   1
  
-------------------------------



 ==> State 1 <==

 Geometry file: Cytosine6311-freq.fcc


 Gradient file: Cytosine6311-freq.fcc

NOTE: The calculation for this State will assume stationary point since the gradient is                   
      small (maximum atomic gradient:   0.000330 a.u.)                                                    
 
 Hessian file: Cytosine6311-freq.fcc



 ---------------------------------------
  Check effect of symmetry operations
  on Hessian elements (or gs^t\beta)
 ---------------------------------------

 Using input geometry instead of rotating to principal axis of intertia to detect symmetry

 
 Sigma(xy) symmetry element found
 
 Symmetry operation  : 1
 Max abs difference  :   0.000000
    original value   :  -0.000000
    transformed value:   0.000000
    Rel difference(%): 200.000000

 ---------------------------------------



 =========================
  ANALYSIS OF DOFs
 =========================

 => STATE 1 <=
 Geometry (Angstroms)
 13    # Nr. of atoms
   Atom       X         Y         Z      Mass
C         -0.0665   -1.7145    0.0000   12.0000
C         -1.2190    0.4315    0.0000   12.0000
C          1.1015    0.3407    0.0000   12.0000
C          1.1319   -1.0971    0.0000   12.0000
N         -1.2037   -0.9852    0.0000   14.0031
N          0.0000    1.0476    0.0000   14.0031
N          2.2717    1.0190    0.0000   14.0031
O         -2.2907    0.9949    0.0000   15.9949
H         -2.1124   -1.4236    0.0000    1.0078
H          2.0570   -1.6537    0.0000    1.0078
H         -0.1766   -2.7915    0.0000    1.0078
H          3.1595    0.5513    0.0000    1.0078
H          2.2353    2.0251    0.0000    1.0078
 

 ------------------------------------------------
   INERTIA TENSOR (to be multiplied by 10**5)
 ------------------------------------------------

             1           2           3
  
    1     2.36378    -0.06912     0.00000
    2    -0.06912     4.51998     0.00000
    3     0.00000     0.00000     6.88376
 ------------------------------------------------


 ------------------------------------------------
   ROTATIONAL CONSTANTS (AND ROTATION MATRIX)
 ------------------------------------------------

 ROOT NO.    1           2           3

    ************************************
  
    1    -0.99949    -0.03201     0.00000
    2    -0.03201     0.99949     0.00000
    3     0.00000     0.00000     1.00000
 ------------------------------------------------

  Rotational constants (GHz)
     3.90101     2.03718     1.33829
  Rotational temperatures (K)
     0.18722     0.09777     0.06423


 -------------------
  DOF   Dimension
 -------------------
  Vib    33
  Rot    3
  Tra    3
 -------------------


 Translating State1 to its Center of Mass
 Initial COM:      -0.0460      0.0294      0.0000


 ================================
  VIBRATIONAL ANALYSIS ON STATE1
 ================================

 ----------------------------------
   Redundant Frequencies (cm-1)
 ----------------------------------
     1    -0.00003
     2    -0.00002
     3    -0.00001
     4     0.00002
     5     0.00003
     6     0.00004
 ----------------------------------


 ------------------------
   FREQUENCIES (cm-1)
 ------------------------
     1    75.77369
     2   132.41346
     3   201.24627
     4   363.55147
     5   405.28338
     6   539.70429
     7   540.60727
     8   549.83047
     9   585.18023
    10   630.46674
    11   734.29265
    12   783.09798
    13   784.07770
    14   796.36479
    15   939.23710
    16   988.84759
    17   998.69662
    18  1103.26524
    19  1138.58540
    20  1225.83688
    21  1284.56877
    22  1371.35109
    23  1461.69814
    24  1522.73485
    25  1601.35086
    26  1642.78788
    27  1722.05132
    28  1806.85265
    29  3217.09448
    30  3243.25437
    31  3632.80468
    32  3649.64779
    33  3768.25591
 ------------------------

 =====================
  THERMOCHEMISTRY     
 =====================
  Temperature (K):    0.00
  Pressure (atm) :    1.00
 
  Rotational constants (GHz)
     3.90101     2.03718     1.33829
  Rotational temperatures (K)
     0.18722     0.09777     0.06423
 
  Partition Functions
  qt =      0.000    
  qr =      0.000    
  qv =      0.000    
 
  Contributions to entropy
  St (cm-1/K) = -Infinity
  Sr (cm-1/K) = -Infinity
  Sv (cm-1/K) =       NaN
 
  Thermal corrections (AU)
  Zero Point Energy =   0.989655E-01
  Internal Energy   =   0.989655E-01
  Enthalpy          =   0.989655E-01
  Gibbs Free Energy =            NaN
 
  Thermal corrections (AU) - vibrational only
  Number of vibrations:      33
  V-internal Energy   =   0.989655E-01
  V-enthalpy          =   0.989655E-01
  V-gibbs Free Energy =            NaN


 ==> State 2 <==

 Geometry file: Cytosine6311-es5.fcc


 Gradient file: Cytosine6311-es5.fcc

NOTE: The calculation for this State will assume non-stationary point since the gradient                  
      is not negligible (maximum atomic gradient:   0.106163 a.u.)                                        
 
 Hessian file: Cytosine6311-freq.fcc


 Combination abs/ECDNO
 A standard one-photon absorption calculation  will be performed


 =========================
  ANALYSIS OF DOFs
 =========================

 => STATE 2 <=
 Geometry (Angstroms)
 13    # Nr. of atoms
   Atom       X         Y         Z      Mass
C         -0.0665   -1.7145    0.0000   12.0000
C         -1.2190    0.4315    0.0000   12.0000
C          1.1015    0.3407    0.0000   12.0000
C          1.1319   -1.0971    0.0000   12.0000
N         -1.2037   -0.9852    0.0000   14.0031
N          0.0000    1.0476    0.0000   14.0031
N          2.2717    1.0190    0.0000   14.0031
O         -2.2907    0.9949    0.0000   15.9949
H         -2.1124   -1.4236    0.0000    1.0078
H          2.0570   -1.6537    0.0000    1.0078
H         -0.1766   -2.7915    0.0000    1.0078
H          3.1595    0.5513    0.0000    1.0078
H          2.2353    2.0251    0.0000    1.0078
 

 ------------------------------------------------
   INERTIA TENSOR (to be multiplied by 10**5)
 ------------------------------------------------

             1           2           3
  
    1     2.36378    -0.06912     0.00000
    2    -0.06912     4.51998     0.00000
    3     0.00000     0.00000     6.88376
 ------------------------------------------------


 ------------------------------------------------
   ROTATIONAL CONSTANTS (AND ROTATION MATRIX)
 ------------------------------------------------

 ROOT NO.    1           2           3

    ************************************
  
    1    -0.99949    -0.03201     0.00000
    2    -0.03201     0.99949     0.00000
    3     0.00000     0.00000     1.00000
 ------------------------------------------------

  Rotational constants (GHz)
     3.90101     2.03718     1.33829
  Rotational temperatures (K)
     0.18722     0.09777     0.06423


 -------------------
  DOF   Dimension
 -------------------
  Vib    33
  Rot    3
  Tra    3
 -------------------


 Translating State2 to its Center of Mass
 Initial COM:      -0.0460      0.0294      0.0000


 ================================
  VIBRATIONAL ANALYSIS ON STATE2
 ================================

Normal modes read from State1 for VG


 ------------------------
   FREQUENCIES (cm-1)
 ------------------------
     1    75.77369
     2   132.41346
     3   201.24627
     4   363.55147
     5   405.28338
     6   539.70429
     7   540.60727
     8   549.83047
     9   585.18023
    10   630.46674
    11   734.29265
    12   783.09798
    13   784.07770
    14   796.36479
    15   939.23710
    16   988.84759
    17   998.69662
    18  1103.26524
    19  1138.58540
    20  1225.83688
    21  1284.56877
    22  1371.35109
    23  1461.69814
    24  1522.73485
    25  1601.35086
    26  1642.78788
    27  1722.05132
    28  1806.85265
    29  3217.09448
    30  3243.25437
    31  3632.80468
    32  3649.64779
    33  3768.25591
 ------------------------


 -------------------------------------
   State2 Gradient (Q1-space) x1e5
 -------------------------------------
     1     0.00000
     2     0.00000
     3     0.00000
     4     8.22704
     5     0.00000
     6     0.00000
     7     2.12162
     8    10.34733
     9    -1.22070
    10    -0.00000
    11    -0.00000
    12    14.19716
    13     0.00000
    14     0.00000
    15     7.15115
    16     0.00000
    17     4.55584
    18   -11.34817
    19    23.14227
    20     2.39842
    21    -2.30585
    22    -2.65277
    23    37.90770
    24    -2.89313
    25    92.88024
    26     1.55919
    27     8.81754
    28    -9.89820
    29   -17.48202
    30    -7.12420
    31    17.93067
    32     1.22371
    33    -2.92191
 -------------------------------------




                 ASSIGNMENTS AND ANALYSIS OF 1 WITH RESPECT TO 2
 STATE 1                              MODES STATE 2
IND DEF    FREQUENCY     SHIFT    I21 C21  I22 C22   I23 C23     FR(I21)  I90 I95 I99
   1  P       75.77    -0.00000    1 1.00    2 0.00    3 0.00       0.00   1   1   1
   2  P      132.41    -0.00000    2 1.00    1 0.00    3 0.00       0.00   1   1   1
   3  P      201.25    -0.00000    3 1.00    2 0.00    1 0.00       0.00   1   1   1
   4  P      363.55   -29.98337    4 1.00    2 0.00    3 0.00       0.00   1   1   1
   5  P      405.28    -0.00000    5 1.00    2 0.00    3 0.00       0.00   1   1   1
   6  P      539.70    -0.00000    6 1.00    2 0.00    3 0.00       0.00   1   1   1
   7  P      540.61    -3.49682    7 1.00    2 0.00    3 0.00       0.00   1   1   1
   8  P      549.83   -16.48692    8 1.00    2 0.00    3 0.00       0.00   1   1   1
   9  P      585.18     1.71711    9 1.00    2 0.00    3 0.00       0.00   1   1   1
  10  P      630.47     0.00000   10 1.00    2 0.00    3 0.00       0.00   1   1   1
  11  P      734.29     0.00000   11 1.00    2 0.00    3 0.00       0.00   1   1   1
  12  P      783.10   -11.15162   12 1.00    2 0.00    3 0.00       0.00   1   1   1
  13  P      784.08    -0.00000   13 1.00    2 0.00    3 0.00       0.00   1   1   1
  14  P      796.36    -0.00000   14 1.00    2 0.00    3 0.00       0.00   1   1   1
  15  P      939.24    -3.90476   15 1.00    2 0.00    3 0.00       0.00   1   1   1
  16  P      988.85    -0.00000   16 1.00    2 0.00    3 0.00       0.00   1   1   1
  17  P      998.70    -2.20024   17 1.00    2 0.00    3 0.00       0.00   1   1   1
  18  P     1103.27     4.49091   18 1.00    2 0.00    3 0.00       0.00   1   1   1
  19  P     1138.59    -8.59891   19 1.00    2 0.00    3 0.00       0.00   1   1   1
  20  P     1225.84    -0.76883   20 1.00    2 0.00    3 0.00       0.00   1   1   1
  21  P     1284.57     0.67311   21 1.00    2 0.00    3 0.00       0.00   1   1   1
  22  P     1371.35     0.67947   22 1.00    2 0.00    3 0.00       0.00   1   1   1
  23  P     1461.70    -8.54635   23 1.00    2 0.00    3 0.00       0.00   1   1   1
  24  P     1522.73     0.60102   24 1.00    2 0.00    3 0.00       0.00   1   1   1
  25  P     1601.35   -17.44693   25 1.00    2 0.00    3 0.00       0.00   1   1   1
  26  P     1642.79    -0.27829   26 1.00    2 0.00    3 0.00       0.00   1   1   1
  27  P     1722.05    -1.43227   27 1.00    2 0.00    3 0.00       0.00   1   1   1
  28  P     1806.85     1.46042   28 1.00    2 0.00    3 0.00       0.00   1   1   1
  29  P     3217.09     0.81364   29 1.00    2 0.00    3 0.00       0.00   1   1   1
  30  P     3243.25     0.32624   30 1.00    2 0.00    3 0.00       0.00   1   1   1
  31  P     3632.80    -0.65446   31 1.00    2 0.00    3 0.00       0.00   1   1   1
  32  P     3649.65    -0.04425   32 1.00    2 0.00    3 0.00       0.00   1   1   1
  33  P     3768.26     0.09912   33 1.00    2 0.00    3 0.00       0.00   1   1   1
   
 *********************************************************** 
  
  AVERAGE MAX PROJECTION     1.000000    St Dev   0.000000
  AVERAGE FREQ DIFF          0.000000    St Dev   0.000000
  AVERAGE ABS FREQ DIFF      0.000000    St Dev   0.000000
  AVERAGE ABS DISPLACE      -2.852514    St Dev   6.833098
  SUM DISPL**2            1809.326164
  
 *********************************************************** 
  



                 ASSIGNMENTS AND ANALYSIS OF 2 WITH RESPECT TO 1
 STATE 2                              MODES STATE 1
IND DEF    FREQUENCY     SHIFT    I11 C11  I12 C12   I13 C13     FR(I11)  I90 I95 I99
   1  P       75.77     0.00000    1 1.00    2 0.00    3 0.00       0.00   1   1   1
   2  P      132.41     0.00000    2 1.00    1 0.00    3 0.00       0.00   1   1   1
   3  P      201.25     0.00000    3 1.00    2 0.00    1 0.00       0.00   1   1   1
   4  P      363.55    29.98337    4 1.00    2 0.00    3 0.00       0.00   1   1   1
   5  P      405.28     0.00000    5 1.00    2 0.00    3 0.00       0.00   1   1   1
   6  P      539.70     0.00000    6 1.00    2 0.00    3 0.00       0.00   1   1   1
   7  P      540.61     3.49682    7 1.00    2 0.00    3 0.00       0.00   1   1   1
   8  P      549.83    16.48692    8 1.00    2 0.00    3 0.00       0.00   1   1   1
   9  P      585.18    -1.71711    9 1.00    2 0.00    3 0.00       0.00   1   1   1
  10  P      630.47    -0.00000   10 1.00    2 0.00    3 0.00       0.00   1   1   1
  11  P      734.29    -0.00000   11 1.00    2 0.00    3 0.00       0.00   1   1   1
  12  P      783.10    11.15162   12 1.00    2 0.00    3 0.00       0.00   1   1   1
  13  P      784.08     0.00000   13 1.00    2 0.00    3 0.00       0.00   1   1   1
  14  P      796.36     0.00000   14 1.00    2 0.00    3 0.00       0.00   1   1   1
  15  P      939.24     3.90476   15 1.00    2 0.00    3 0.00       0.00   1   1   1
  16  P      988.85     0.00000   16 1.00    2 0.00    3 0.00       0.00   1   1   1
  17  P      998.70     2.20024   17 1.00    2 0.00    3 0.00       0.00   1   1   1
  18  P     1103.27    -4.49091   18 1.00    2 0.00    3 0.00       0.00   1   1   1
  19  P     1138.59     8.59891   19 1.00    2 0.00    3 0.00       0.00   1   1   1
  20  P     1225.84     0.76883   20 1.00    2 0.00    3 0.00       0.00   1   1   1
  21  P     1284.57    -0.67311   21 1.00    2 0.00    3 0.00       0.00   1   1   1
  22  P     1371.35    -0.67947   22 1.00    2 0.00    3 0.00       0.00   1   1   1
  23  P     1461.70     8.54635   23 1.00    2 0.00    3 0.00       0.00   1   1   1
  24  P     1522.73    -0.60102   24 1.00    2 0.00    3 0.00       0.00   1   1   1
  25  P     1601.35    17.44693   25 1.00    2 0.00    3 0.00       0.00   1   1   1
  26  P     1642.79     0.27829   26 1.00    2 0.00    3 0.00       0.00   1   1   1
  27  P     1722.05     1.43227   27 1.00    2 0.00    3 0.00       0.00   1   1   1
  28  P     1806.85    -1.46042   28 1.00    2 0.00    3 0.00       0.00   1   1   1
  29  P     3217.09    -0.81364   29 1.00    2 0.00    3 0.00       0.00   1   1   1
  30  P     3243.25    -0.32624   30 1.00    2 0.00    3 0.00       0.00   1   1   1
  31  P     3632.80     0.65446   31 1.00    2 0.00    3 0.00       0.00   1   1   1
  32  P     3649.65     0.04425   32 1.00    2 0.00    3 0.00       0.00   1   1   1
  33  P     3768.26    -0.09912   33 1.00    2 0.00    3 0.00       0.00   1   1   1
   
 *********************************************************** 
  
  AVERAGE MAX PROJECTION     1.000000    St Dev   0.000000
  AVERAGE FREQ DIFF          0.000000    St Dev   0.000000
  AVERAGE ABS FREQ DIFF      0.000000    St Dev   0.000000
  AVERAGE ABS DISPLACE       2.852514    St Dev   6.833098
  SUM DISPL**2            1809.326164
  
 *********************************************************** 
  

 ADDITIONAL ANALYSIS ON DUSCHINSKY MATRIX
 ----------------------------------------
  Determinant:     1.0000

  ** A = GM·GMT **
  Det(A)     :     1.0000
  Trace(A)   :    33.0000
  Det(A-I)   :     0.0000
  Trace(A-I) :     0.0000
 ----------------------------------------

   
   
 STATE1 MODES SORTED BY DECREASING DIMENSIONLESS SHIFT
   IND    MODE    FREQUENCY DIMENSIONLESS SHIFT
     1      25    1601.35086      -0.14903E+01
     2       4     363.55147      -0.12203E+01
     3       8     549.83047      -0.82520E+00
     4      23    1461.69814      -0.69746E+00
     5      12     783.09798      -0.66612E+00
     6      19    1138.58540      -0.61935E+00
     7      18    1103.26524       0.31841E+00
     8      15     939.23710      -0.25544E+00
     9       7     540.60727      -0.17355E+00
    10      17     998.69662      -0.14842E+00
    11      28    1806.85265       0.13251E+00
    12      27    1722.05132      -0.12687E+00
    13      29    3217.09448       0.98508E-01
    14       9     585.18023       0.88665E-01
    15      31    3632.80468      -0.84200E-01
    16      20    1225.83688      -0.57458E-01
    17      22    1371.35109       0.53710E-01
    18      21    1284.56877       0.51496E-01
    19      24    1522.73485       0.50062E-01
    20      30    3243.25437       0.39659E-01
    21      26    1642.78788      -0.24077E-01
    22      33    3768.25591       0.12988E-01
    23      32    3649.64779      -0.57066E-02
    24       1      75.77369      -0.15474E-12
    25      10     630.46674       0.93685E-13
    26       2     132.41346      -0.87075E-13
    27      13     784.07770      -0.76278E-13
    28      14     796.36479      -0.34010E-13
    29       6     539.70429      -0.32547E-13
    30       5     405.28338      -0.31070E-13
    31       3     201.24627      -0.26558E-13
    32      16     988.84759      -0.21274E-13
    33      11     734.29265       0.10471E-13
   
   
 MODES OF STATE1 IN ORDER OF DECREASING FR COUPL
 ESTIMATED BY THE MAGNITUDE OF THE 0-0 INTEGRAL
   IND    MODE1  FREQ   MODE2 FR    FR. SHIFT INV0-0
     1     1    75.77369         1    75.77369         0.00000         1.00000
     2     2   132.41346         2   132.41346         0.00000         1.00000
     3     3   201.24627         3   201.24627         0.00000         1.00000
     4     4   363.55147         4   363.55147         0.00000         1.00000
     5     5   405.28338         5   405.28338         0.00000         1.00000
     6     6   539.70429         6   539.70429         0.00000         1.00000
     7     7   540.60727         7   540.60727         0.00000         1.00000
     8     8   549.83047         8   549.83047         0.00000         1.00000
     9     9   585.18023         9   585.18023         0.00000         1.00000
    10    10   630.46674        10   630.46674         0.00000         1.00000
    11    11   734.29265        11   734.29265         0.00000         1.00000
    12    12   783.09798        12   783.09798         0.00000         1.00000
    13    13   784.07770        13   784.07770         0.00000         1.00000
    14    14   796.36479        14   796.36479         0.00000         1.00000
    15    15   939.23710        15   939.23710         0.00000         1.00000
    16    16   988.84759        16   988.84759         0.00000         1.00000
    17    17   998.69662        17   998.69662         0.00000         1.00000
    18    18  1103.26524        18  1103.26524         0.00000         1.00000
    19    19  1138.58540        19  1138.58540         0.00000         1.00000
    20    20  1225.83688        20  1225.83688         0.00000         1.00000
    21    21  1284.56877        21  1284.56877         0.00000         1.00000
    22    22  1371.35109        22  1371.35109         0.00000         1.00000
    23    23  1461.69814        23  1461.69814         0.00000         1.00000
    24    24  1522.73485        24  1522.73485         0.00000         1.00000
    25    25  1601.35086        25  1601.35086         0.00000         1.00000
    26    26  1642.78788        26  1642.78788         0.00000         1.00000
    27    27  1722.05132        27  1722.05132         0.00000         1.00000
    28    28  1806.85265        28  1806.85265         0.00000         1.00000
    29    29  3217.09448        29  3217.09448         0.00000         1.00000
    30    30  3243.25437        30  3243.25437         0.00000         1.00000
    31    31  3632.80468        31  3632.80468         0.00000         1.00000
    32    32  3649.64779        32  3649.64779         0.00000         1.00000
    33    33  3768.25591        33  3768.25591         0.00000         1.00000
   
   
   
   
 STATE2 MODES SORTED BY DECREASING DIMENSIONLESS SHIFT
   IND    MODE    FREQUENCY DIMENSIONLESS SHIFT
     1      25    1601.35086       0.14903E+01
     2       4     363.55147       0.12203E+01
     3       8     549.83047       0.82520E+00
     4      23    1461.69814       0.69746E+00
     5      12     783.09798       0.66612E+00
     6      19    1138.58540       0.61935E+00
     7      18    1103.26524      -0.31841E+00
     8      15     939.23710       0.25544E+00
     9       7     540.60727       0.17355E+00
    10      17     998.69662       0.14842E+00
    11      28    1806.85265      -0.13251E+00
    12      27    1722.05132       0.12687E+00
    13      29    3217.09448      -0.98508E-01
    14       9     585.18023      -0.88665E-01
    15      31    3632.80468       0.84200E-01
    16      20    1225.83688       0.57458E-01
    17      22    1371.35109      -0.53710E-01
    18      21    1284.56877      -0.51496E-01
    19      24    1522.73485      -0.50062E-01
    20      30    3243.25437      -0.39659E-01
    21      26    1642.78788       0.24077E-01
    22      33    3768.25591      -0.12988E-01
    23      32    3649.64779       0.57066E-02
    24       1      75.77369       0.15474E-12
    25      10     630.46674      -0.93685E-13
    26       2     132.41346       0.87075E-13
    27      13     784.07770       0.76278E-13
    28      14     796.36479       0.34010E-13
    29       6     539.70429       0.32547E-13
    30       5     405.28338       0.31070E-13
    31       3     201.24627       0.26558E-13
    32      16     988.84759       0.21274E-13
    33      11     734.29265      -0.10471E-13
   
   
 MODES OF STATE2 IN ORDER OF DECREASING FR COUPL
 ESTIMATED BY THE MAGNITUDE OF THE 0-0 INTEGRAL
   IND    MODE2  FREQ   MODE1 FR    FR. SHIFT INV0-0
     1     1    75.77369         1    75.77369         0.00000         1.00000
     2     2   132.41346         2   132.41346         0.00000         1.00000
     3     3   201.24627         3   201.24627         0.00000         1.00000
     4     4   363.55147         4   363.55147         0.00000         1.00000
     5     5   405.28338         5   405.28338         0.00000         1.00000
     6     6   539.70429         6   539.70429         0.00000         1.00000
     7     7   540.60727         7   540.60727         0.00000         1.00000
     8     8   549.83047         8   549.83047         0.00000         1.00000
     9     9   585.18023         9   585.18023         0.00000         1.00000
    10    10   630.46674        10   630.46674         0.00000         1.00000
    11    11   734.29265        11   734.29265         0.00000         1.00000
    12    12   783.09798        12   783.09798         0.00000         1.00000
    13    13   784.07770        13   784.07770         0.00000         1.00000
    14    14   796.36479        14   796.36479         0.00000         1.00000
    15    15   939.23710        15   939.23710         0.00000         1.00000
    16    16   988.84759        16   988.84759         0.00000         1.00000
    17    17   998.69662        17   998.69662         0.00000         1.00000
    18    18  1103.26524        18  1103.26524         0.00000         1.00000
    19    19  1138.58540        19  1138.58540         0.00000         1.00000
    20    20  1225.83688        20  1225.83688         0.00000         1.00000
    21    21  1284.56877        21  1284.56877         0.00000         1.00000
    22    22  1371.35109        22  1371.35109         0.00000         1.00000
    23    23  1461.69814        23  1461.69814         0.00000         1.00000
    24    24  1522.73485        24  1522.73485         0.00000         1.00000
    25    25  1601.35086        25  1601.35086         0.00000         1.00000
    26    26  1642.78788        26  1642.78788         0.00000         1.00000
    27    27  1722.05132        27  1722.05132         0.00000         1.00000
    28    28  1806.85265        28  1806.85265         0.00000         1.00000
    29    29  3217.09448        29  3217.09448         0.00000         1.00000
    30    30  3243.25437        30  3243.25437         0.00000         1.00000
    31    31  3632.80468        31  3632.80468         0.00000         1.00000
    32    32  3649.64779        32  3649.64779         0.00000         1.00000
    33    33  3768.25591        33  3768.25591         0.00000         1.00000
   
   
  
  
 DIMENSIONLESS SHIFTS 
   IND     STATE1       STATE2
     1    -0.15474E-12     0.15474E-12
     2    -0.87075E-13     0.87075E-13
     3    -0.26558E-13     0.26558E-13
     4    -0.12203E+01     0.12203E+01
     5    -0.31070E-13     0.31070E-13
     6    -0.32547E-13     0.32547E-13
     7    -0.17355E+00     0.17355E+00
     8    -0.82520E+00     0.82520E+00
     9     0.88665E-01    -0.88665E-01
    10     0.93685E-13    -0.93685E-13
    11     0.10471E-13    -0.10471E-13
    12    -0.66612E+00     0.66612E+00
    13    -0.76278E-13     0.76278E-13
    14    -0.34010E-13     0.34010E-13
    15    -0.25544E+00     0.25544E+00
    16    -0.21274E-13     0.21274E-13
    17    -0.14842E+00     0.14842E+00
    18     0.31841E+00    -0.31841E+00
    19    -0.61935E+00     0.61935E+00
    20    -0.57458E-01     0.57458E-01
    21     0.51496E-01    -0.51496E-01
    22     0.53710E-01    -0.53710E-01
    23    -0.69746E+00     0.69746E+00
    24     0.50062E-01    -0.50062E-01
    25    -0.14903E+01     0.14903E+01
    26    -0.24077E-01     0.24077E-01
    27    -0.12687E+00     0.12687E+00
    28     0.13251E+00    -0.13251E+00
    29     0.98508E-01    -0.98508E-01
    30     0.39659E-01    -0.39659E-01
    31    -0.84200E-01     0.84200E-01
    32    -0.57066E-02     0.57066E-02
    33     0.12988E-01    -0.12988E-01
  SUM SQUARED DIMENSIONLESS DISPL STATE1        5.9956
  SUM SQUARED DIMENSIONLESS DISPL STATE2        5.9956
  VALUE STATE1 GROUND VIB WAVEFUN AT GEO2       0.0499
  VALUE STATE2 GROUND VIB WAVEFUN AT GEO1       0.0499
  VALUE STATE1 GROUND VIB WAVEFUN AT (GEO1+GEO2)/2      0.4726
  VALUE STATE2 GROUND VIB WAVEFUN AT (GEO1+GEO2)/2      0.4726

 Printing Duschinski matrix to 'duschinsky.dat'


 Printing Shift vector to 'displacement.dat'


NOTE: DE read from input:   5.939 (eV)                                                                    
 


 ===========================
  REORGANIZATION ENERGY
 ===========================
     0.014403  (Hartree)
     0.391918  (eV)


 ------------------------------------------------------
 Extrapolation form (generalized) vertical point:
 ------------------------------------------------------
 Extrapolated vertical energy:        5.93870  (eV)
 Extrapolated adiabatic energy:       5.93870  (eV)
 Extrapolated reorg. energy   :       0.00000  (eV)
 ------------------------------------------------------



 ===============================
  ZERO-POINT ENERGY CORRECTIONS 
 ===============================


                    ZERO POINT ENERGY IN CM-1
    E01=     21720.41    E02=     21720.41


                    0-0 ENERGY DIFFERENCE
       5.54678 eV


                    ADIABATIC ENERGY     
       5.54678 eV




 ====================

  TRANSITION DIPOLES 

 ====================
 Model for tr. dipoles: HTf

NOTE: Combination of vertical model PES with HTf tr. dipoles might be inconsistent.                       
 
 Reading electric dipole file: eldip_Cytosine6311-es5_fchk
 
 
 Dipole derivatives read in Cartesian coordinates
 

 Dipole derivatives transformed to MWC
     
        0-ORDER TRANSITION ELECTRIC DIPOLE MOMENT components and its module
At Geo State 1           -0.89988479   -0.33394451    0.00000000        0.95984976
At Geo State 2           -0.89988479   -0.33394451    0.00000000        0.95984976
   
          TRANS EL DIP MOMENT DERIVATIVES IN MWC COORD
         ATOM  COORD.        Ddipx/Dq    Ddipy/Dq    Ddipz/Dq
           1      x            -0.01238     0.00090    -0.00000
           1      y             0.00115    -0.00509     0.00000
           1      z            -0.00000     0.00000    -0.00083
           2      x             0.00005    -0.00925    -0.00000
           2      y            -0.00655    -0.00094     0.00000
           2      z            -0.00000     0.00000    -0.00191
           3      x            -0.00126     0.00193    -0.00000
           3      y             0.01361    -0.00045     0.00000
           3      z            -0.00000     0.00000    -0.00093
           4      x             0.00625     0.00108    -0.00000
           4      y            -0.00102     0.00205    -0.00000
           4      z             0.00000    -0.00000     0.00093
           5      x             0.00626     0.00032     0.00000
           5      y            -0.00198     0.00446    -0.00000
           5      z             0.00000    -0.00000     0.00216
           6      x             0.00791     0.00404     0.00000
           6      y            -0.00387     0.00210    -0.00000
           6      z             0.00000    -0.00000     0.00383
           7      x            -0.00250    -0.00235     0.00000
           7      y            -0.00278    -0.00140    -0.00000
           7      z             0.00000    -0.00000    -0.00149
           8      x            -0.00349     0.00323     0.00000
           8      y             0.00234    -0.00132    -0.00000
           8      z            -0.00000     0.00000    -0.00135
           9      x            -0.00049    -0.00078    -0.00000
           9      y            -0.00063     0.00102    -0.00000
           9      z             0.00000    -0.00000     0.00219
          10      x             0.00016    -0.00027     0.00000
          10      y             0.00132     0.00107    -0.00000
          10      z            -0.00000     0.00000    -0.00276
          11      x            -0.00091    -0.00029     0.00000
          11      y            -0.00017     0.00057    -0.00000
          11      z            -0.00000     0.00000    -0.00115
          12      x            -0.00300     0.00004    -0.00000
          12      y             0.00056    -0.00114     0.00000
          12      z             0.00000    -0.00000     0.00123
          13      x            -0.00001    -0.00064     0.00000
          13      y            -0.00302    -0.00019    -0.00000
          13      z            -0.00000     0.00000    -0.00145
 

 TR DIPOLE DERIVATIVES IN NORMAL COORDINATES STATE1 
     1      -0.0000000   0.0000000  -0.0015287          -0.0000000   0.0000000  -0.0015287
     2       0.0000000  -0.0000000   0.0029928           0.0000000  -0.0000000   0.0029928
     3       0.0000000  -0.0000000   0.0026933           0.0000000  -0.0000000   0.0026933
     4       0.0008112   0.0006690   0.0000000           0.0008112   0.0006690   0.0000000
     5       0.0000000  -0.0000000   0.0010955           0.0000000  -0.0000000   0.0010955
     6       0.0000000  -0.0000000   0.0024946           0.0000000  -0.0000000   0.0024946
     7       0.0000054   0.0006144  -0.0000000           0.0000054   0.0006144  -0.0000000
     8       0.0020424  -0.0019441  -0.0000000           0.0020424  -0.0019441  -0.0000000
     9       0.0000167  -0.0001985  -0.0000000           0.0000167  -0.0001985  -0.0000000
    10      -0.0000000   0.0000000  -0.0017435          -0.0000000   0.0000000  -0.0017435
    11       0.0000000  -0.0000000   0.0001070           0.0000000  -0.0000000   0.0001070
    12       0.0013311  -0.0011809  -0.0000000           0.0013311  -0.0011809  -0.0000000
    13       0.0000000  -0.0000000   0.0006884           0.0000000  -0.0000000   0.0006884
    14       0.0000000  -0.0000000   0.0040784           0.0000000  -0.0000000   0.0040784
    15       0.0037390   0.0005814   0.0000000           0.0037390   0.0005814   0.0000000
    16      -0.0000000  -0.0000000  -0.0002496          -0.0000000  -0.0000000  -0.0002496
    17       0.0009962  -0.0008988  -0.0000000           0.0009962  -0.0008988  -0.0000000
    18      -0.0002024   0.0018993  -0.0000000          -0.0002024   0.0018993  -0.0000000
    19       0.0001822  -0.0027476   0.0000000           0.0001822  -0.0027476   0.0000000
    20       0.0027703  -0.0027732   0.0000000           0.0027703  -0.0027732   0.0000000
    21      -0.0077267  -0.0069241   0.0000000          -0.0077267  -0.0069241   0.0000000
    22      -0.0058000  -0.0006316  -0.0000000          -0.0058000  -0.0006316  -0.0000000
    23       0.0019668   0.0013452   0.0000000           0.0019668   0.0013452   0.0000000
    24      -0.0076456   0.0008752  -0.0000000          -0.0076456   0.0008752  -0.0000000
    25       0.0112438  -0.0047752   0.0000000           0.0112438  -0.0047752   0.0000000
    26      -0.0060030  -0.0003517  -0.0000000          -0.0060030  -0.0003517  -0.0000000
    27      -0.0151075  -0.0010824  -0.0000000          -0.0151075  -0.0010824  -0.0000000
    28       0.0008671  -0.0089603  -0.0000000           0.0008671  -0.0089603  -0.0000000
    29      -0.0009176   0.0016343   0.0000000          -0.0009176   0.0016343   0.0000000
    30       0.0023738   0.0014230  -0.0000000           0.0023738   0.0014230  -0.0000000
    31       0.0034150  -0.0007317   0.0000000           0.0034150  -0.0007317   0.0000000
    32       0.0018011   0.0008350   0.0000000           0.0018011   0.0008350   0.0000000
    33      -0.0006509   0.0006384  -0.0000000          -0.0006509   0.0006384  -0.0000000
   
   

 TR DIPOLE DERIVATIVES IN NORMAL COORDINATES STATE2 
  (these will be the ones used for spectrum calculation)
     1      -0.0000000   0.0000000  -0.0015287          -0.0000000   0.0000000  -0.0015287
     2       0.0000000  -0.0000000   0.0029928           0.0000000  -0.0000000   0.0029928
     3       0.0000000  -0.0000000   0.0026933           0.0000000  -0.0000000   0.0026933
     4       0.0008112   0.0006690   0.0000000           0.0008112   0.0006690   0.0000000
     5       0.0000000  -0.0000000   0.0010955           0.0000000  -0.0000000   0.0010955
     6       0.0000000  -0.0000000   0.0024946           0.0000000  -0.0000000   0.0024946
     7       0.0000054   0.0006144  -0.0000000           0.0000054   0.0006144  -0.0000000
     8       0.0020424  -0.0019441  -0.0000000           0.0020424  -0.0019441  -0.0000000
     9       0.0000167  -0.0001985  -0.0000000           0.0000167  -0.0001985  -0.0000000
    10      -0.0000000   0.0000000  -0.0017435          -0.0000000   0.0000000  -0.0017435
    11       0.0000000  -0.0000000   0.0001070           0.0000000  -0.0000000   0.0001070
    12       0.0013311  -0.0011809  -0.0000000           0.0013311  -0.0011809  -0.0000000
    13       0.0000000  -0.0000000   0.0006884           0.0000000  -0.0000000   0.0006884
    14       0.0000000  -0.0000000   0.0040784           0.0000000  -0.0000000   0.0040784
    15       0.0037390   0.0005814   0.0000000           0.0037390   0.0005814   0.0000000
    16      -0.0000000  -0.0000000  -0.0002496          -0.0000000  -0.0000000  -0.0002496
    17       0.0009962  -0.0008988  -0.0000000           0.0009962  -0.0008988  -0.0000000
    18      -0.0002024   0.0018993  -0.0000000          -0.0002024   0.0018993  -0.0000000
    19       0.0001822  -0.0027476   0.0000000           0.0001822  -0.0027476   0.0000000
    20       0.0027703  -0.0027732   0.0000000           0.0027703  -0.0027732   0.0000000
    21      -0.0077267  -0.0069241   0.0000000          -0.0077267  -0.0069241   0.0000000
    22      -0.0058000  -0.0006316  -0.0000000          -0.0058000  -0.0006316  -0.0000000
    23       0.0019668   0.0013452   0.0000000           0.0019668   0.0013452   0.0000000
    24      -0.0076456   0.0008752  -0.0000000          -0.0076456   0.0008752  -0.0000000
    25       0.0112438  -0.0047752   0.0000000           0.0112438  -0.0047752   0.0000000
    26      -0.0060030  -0.0003517  -0.0000000          -0.0060030  -0.0003517  -0.0000000
    27      -0.0151075  -0.0010824  -0.0000000          -0.0151075  -0.0010824  -0.0000000
    28       0.0008671  -0.0089603  -0.0000000           0.0008671  -0.0089603  -0.0000000
    29      -0.0009176   0.0016343   0.0000000          -0.0009176   0.0016343   0.0000000
    30       0.0023738   0.0014230  -0.0000000           0.0023738   0.0014230  -0.0000000
    31       0.0034150  -0.0007317   0.0000000           0.0034150  -0.0007317   0.0000000
    32       0.0018011   0.0008350   0.0000000           0.0018011   0.0008350   0.0000000
    33      -0.0006509   0.0006384  -0.0000000          -0.0006509   0.0006384  -0.0000000
   
   
                    TR DIPOLE DERIVATIVES IN N. MODES STATE2  WEIGHTED BY 1/(SQRT[FREQ])
                        AND CONTRIBUTION TO HT INTENSITY IN DECREASING ORDER
                    DERIVATIVES EL DIPOLE (au)                 DERIVATIVES MAG DIPOLE (au)            HT ROT STREGTH (10**-40 cgs)
                   x        y        z       mod              x        y        z       mod             VALUE     SUM       SUM(ABS)
    1      27  -0.1206  -0.0086  -0.0000   0.1209     27  -0.1206  -0.0086  -0.0000   0.1209     27   6.891983   0.689E+01   0.689E+01
    2      25   0.0931  -0.0395   0.0000   0.1011     25   0.0931  -0.0395   0.0000   0.1011     25   4.821058   0.117E+02   0.117E+02
    3      21  -0.0714  -0.0640   0.0000   0.0959     21  -0.0714  -0.0640   0.0000   0.0959     21   4.335297   0.160E+02   0.160E+02
    4       2   0.0000  -0.0000   0.0862   0.0862      2   0.0000  -0.0000   0.0862   0.0862      2   3.499440   0.195E+02   0.195E+02
    5      28   0.0068  -0.0698  -0.0000   0.0702     28   0.0068  -0.0698  -0.0000   0.0702     28   2.320349   0.219E+02   0.219E+02
    6      24  -0.0649   0.0074  -0.0000   0.0653     24  -0.0649   0.0074  -0.0000   0.0653     24   2.012039   0.239E+02   0.239E+02
    7       3   0.0000  -0.0000   0.0629   0.0629      3   0.0000  -0.0000   0.0629   0.0629      3   1.864727   0.257E+02   0.257E+02
    8       1  -0.0000   0.0000  -0.0582   0.0582      1  -0.0000   0.0000  -0.0582   0.0582      1   1.595483   0.273E+02   0.273E+02
    9      22  -0.0519  -0.0057  -0.0000   0.0522     22  -0.0519  -0.0057  -0.0000   0.0522     22   1.284152   0.286E+02   0.286E+02
   10      26  -0.0491  -0.0029  -0.0000   0.0491     26  -0.0491  -0.0029  -0.0000   0.0491     26   1.138751   0.298E+02   0.298E+02
   11      14   0.0000  -0.0000   0.0479   0.0479     14   0.0000  -0.0000   0.0479   0.0479     14   1.080545   0.308E+02   0.308E+02
   12      15   0.0404   0.0063   0.0000   0.0409     15   0.0404   0.0063   0.0000   0.0409     15   0.788656   0.316E+02   0.316E+02
   13       8   0.0289  -0.0275  -0.0000   0.0398      8   0.0289  -0.0275  -0.0000   0.0398      8   0.748118   0.324E+02   0.324E+02
   14      20   0.0262  -0.0262   0.0000   0.0371     20   0.0262  -0.0262   0.0000   0.0371     20   0.648481   0.330E+02   0.330E+02
   15       6   0.0000  -0.0000   0.0356   0.0356      6   0.0000  -0.0000   0.0356   0.0356      6   0.596511   0.336E+02   0.336E+02
   16      19   0.0018  -0.0270   0.0000   0.0270     19   0.0018  -0.0270   0.0000   0.0270     19   0.344543   0.340E+02   0.340E+02
   17      10  -0.0000   0.0000  -0.0230   0.0230     10  -0.0000   0.0000  -0.0230   0.0230     10   0.249437   0.342E+02   0.342E+02
   18      12   0.0158  -0.0140  -0.0000   0.0211     12   0.0158  -0.0140  -0.0000   0.0211     12   0.209189   0.344E+02   0.344E+02
   19      23   0.0170   0.0117   0.0000   0.0206     23   0.0170   0.0117   0.0000   0.0206     23   0.200956   0.346E+02   0.346E+02
   20      31   0.0188  -0.0040   0.0000   0.0192     31   0.0188  -0.0040   0.0000   0.0192     31   0.173705   0.348E+02   0.348E+02
   21      18  -0.0020   0.0189  -0.0000   0.0190     18  -0.0020   0.0189  -0.0000   0.0190     18   0.171077   0.350E+02   0.350E+02
   22       4   0.0141   0.0116   0.0000   0.0183      4   0.0141   0.0116   0.0000   0.0183      4   0.157341   0.351E+02   0.351E+02
   23       5   0.0000  -0.0000   0.0180   0.0180      5   0.0000  -0.0000   0.0180   0.0180      5   0.153185   0.353E+02   0.353E+02
   24      30   0.0138   0.0083  -0.0000   0.0161     30   0.0138   0.0083  -0.0000   0.0161     30   0.122182   0.354E+02   0.354E+02
   25      17   0.0104  -0.0094  -0.0000   0.0141     17   0.0104  -0.0094  -0.0000   0.0141     17   0.093251   0.355E+02   0.355E+02
   26      29  -0.0054   0.0095   0.0000   0.0109     29  -0.0054   0.0095   0.0000   0.0109     29   0.056491   0.356E+02   0.356E+02
   27      32   0.0099   0.0046   0.0000   0.0109     32   0.0099   0.0046   0.0000   0.0109     32   0.055866   0.356E+02   0.356E+02
   28       7   0.0001   0.0088  -0.0000   0.0088      7   0.0001   0.0088  -0.0000   0.0088      7   0.036126   0.356E+02   0.356E+02
   29      13   0.0000  -0.0000   0.0081   0.0081     13   0.0000  -0.0000   0.0081   0.0081     13   0.031264   0.357E+02   0.357E+02
   30      33  -0.0035   0.0034  -0.0000   0.0049     33  -0.0035   0.0034  -0.0000   0.0049     33   0.011413   0.357E+02   0.357E+02
   31       9   0.0002  -0.0027  -0.0000   0.0027      9   0.0002  -0.0027  -0.0000   0.0027      9   0.003510   0.357E+02   0.357E+02
   32      16  -0.0000  -0.0000  -0.0026   0.0026     16  -0.0000  -0.0000  -0.0026   0.0026     16   0.003260   0.357E+02   0.357E+02
   33      11   0.0000  -0.0000   0.0013   0.0013     11   0.0000  -0.0000   0.0013   0.0013     11   0.000806   0.357E+02   0.357E+02
   
   
     
 TRANSITION DIPOLE MOMENTS AT INITIAL-STATE
  GEOMETRY OBTAINED BY LINEAR INTERPOLATION IN NORMAL COORDINATES
     
 ORIGINAL TRANSITION ELECTRIC DIPOLE at GEO1 
At Geo State 1           -0.89988479   -0.33394451    0.00000000        0.95984976
 INTERP. TRANSITION ELECTRIC DIPOLE at GEO1 
At Geo State 1           -0.60116495   -0.44872562    0.00000000        0.75016929
  error component x  0.298719840115095     
  error component y -0.114781104575948     
  error component z  3.671951095539508E-014
 angle between the two vectors in degrees   16.3789082824343     
  
 ORIGINAL TRANSITION MAGNETIC DIPOLE at GEO1 
At Geo State 1           -0.89988479   -0.33394451    0.00000000        0.95984976
 INTERP. TRANSITION MAGNETIC DIPOLE at GEO1 
At Geo State 1           -0.60116495   -0.44872562    0.00000000        0.75016929
  error component x  0.298719840115095     
  error component y -0.114781104575948     
  error component z  3.671951095539508E-014
 angle between the two vectors in degrees   16.3789082824343     
     
     
 angle between the interp. elec. and magn. dip   0.000000000000000E+000
     
 TRANSITION DIPOLE MOMENTS AT FINAL-STATE
  GEOMETRY OBTAINED BY LINEAR INTERPOLATION IN NORMAL COORDINATES
 ORIGINAL TRANSITION ELECTRIC DIPOLE at GEO2 
At Geo State 2           -0.89988479   -0.33394451    0.00000000        0.95984976
 INTERP. TRANSITION ELECTRIC DIPOLE at GEO2 
At Geo State 2           -1.19860463   -0.21916341   -0.00000000        1.21847677
  error component x -0.298719840115095     
  error component y  0.114781104575948     
  error component z -3.671951095539508E-014
 angle between the two vectors in degrees   9.99774101252413     
  
 ORIGINAL TRANSITION MAGNETIC DIPOLE at GEO2 
At Geo State 2           -0.89988479   -0.33394451    0.00000000        0.95984976
 INTERP. TRANSITION MAGNETIC DIPOLE at GEO2 
At Geo State 2           -1.19860463   -0.21916341   -0.00000000        1.21847677
  error component x -0.298719840115095     
  error component y  0.114781104575948     
  error component z -3.671951095539508E-014
 angle between the two vectors in degrees   9.99774101252413     
     
     
 angle between the interp. elec. and magn. dip   0.000000000000000E+000
 dip0 dipm0 -0.899884786000000      -0.899884786000000     
 dip0 dipm0 -0.333944511000000      -0.333944511000000     
 dip0 dipm0  3.046884570000000E-015  3.046884570000000E-015
 IF RUNNING ABS/EMI THEN IN SUBSEQUENT EMI/ABS CALCULATION
 USE THE INTERPOLATED VALUES AT GEO2/GEO1 LIKE INITIAL-STATE DATA
 TO OBTAIN COHERENT HERZBERG-TELLER RESULTS
 WITH HTi OPTION
  FINAL STATE DIP0 AND DIPM0 ACTUALLY USED IN CALCULATIONS
  dip0(1)= -0.8998848    dipm0(1)= -0.8998848
  dip0(2)= -0.3339445    dipm0(2)= -0.3339445
  dip0(3)=  0.0000000    dipm0(3)=  0.0000000
 FC part of total intensity  0.562753970234813     
 TOTAL INTENSITY 0K  0.563586071702367     
    
     1      -0.0000000   0.0000000  -0.0015287          -0.0000000   0.0000000  -0.0015287
     2       0.0000000  -0.0000000   0.0029928           0.0000000  -0.0000000   0.0029928
     3       0.0000000  -0.0000000   0.0026933           0.0000000  -0.0000000   0.0026933
     4       0.0008112   0.0006690   0.0000000           0.0008112   0.0006690   0.0000000
     5       0.0000000  -0.0000000   0.0010955           0.0000000  -0.0000000   0.0010955
     6       0.0000000  -0.0000000   0.0024946           0.0000000  -0.0000000   0.0024946
     7       0.0000054   0.0006144  -0.0000000           0.0000054   0.0006144  -0.0000000
     8       0.0020424  -0.0019441  -0.0000000           0.0020424  -0.0019441  -0.0000000
     9       0.0000167  -0.0001985  -0.0000000           0.0000167  -0.0001985  -0.0000000
    10      -0.0000000   0.0000000  -0.0017435          -0.0000000   0.0000000  -0.0017435
    11       0.0000000  -0.0000000   0.0001070           0.0000000  -0.0000000   0.0001070
    12       0.0013311  -0.0011809  -0.0000000           0.0013311  -0.0011809  -0.0000000
    13       0.0000000  -0.0000000   0.0006884           0.0000000  -0.0000000   0.0006884
    14       0.0000000  -0.0000000   0.0040784           0.0000000  -0.0000000   0.0040784
    15       0.0037390   0.0005814   0.0000000           0.0037390   0.0005814   0.0000000
    16      -0.0000000  -0.0000000  -0.0002496          -0.0000000  -0.0000000  -0.0002496
    17       0.0009962  -0.0008988  -0.0000000           0.0009962  -0.0008988  -0.0000000
    18      -0.0002024   0.0018993  -0.0000000          -0.0002024   0.0018993  -0.0000000
    19       0.0001822  -0.0027476   0.0000000           0.0001822  -0.0027476   0.0000000
    20       0.0027703  -0.0027732   0.0000000           0.0027703  -0.0027732   0.0000000
    21      -0.0077267  -0.0069241   0.0000000          -0.0077267  -0.0069241   0.0000000
    22      -0.0058000  -0.0006316  -0.0000000          -0.0058000  -0.0006316  -0.0000000
    23       0.0019668   0.0013452   0.0000000           0.0019668   0.0013452   0.0000000
    24      -0.0076456   0.0008752  -0.0000000          -0.0076456   0.0008752  -0.0000000
    25       0.0112438  -0.0047752   0.0000000           0.0112438  -0.0047752   0.0000000
    26      -0.0060030  -0.0003517  -0.0000000          -0.0060030  -0.0003517  -0.0000000
    27      -0.0151075  -0.0010824  -0.0000000          -0.0151075  -0.0010824  -0.0000000
    28       0.0008671  -0.0089603  -0.0000000           0.0008671  -0.0089603  -0.0000000
    29      -0.0009176   0.0016343   0.0000000          -0.0009176   0.0016343   0.0000000
    30       0.0023738   0.0014230  -0.0000000           0.0023738   0.0014230  -0.0000000
    31       0.0034150  -0.0007317   0.0000000           0.0034150  -0.0007317   0.0000000
    32       0.0018011   0.0008350   0.0000000           0.0018011   0.0008350   0.0000000
    33      -0.0006509   0.0006384  -0.0000000          -0.0006509   0.0006384  -0.0000000


 FC(GEO1 interpolated) contribution to total Intensity  0.562753970234813     
   
   
 TOTAL INTENSITY 0K final estimate  0.638477121902680     
      
 *******************************************
   
   
                    TR DIPOLE DERIVATIVES IN N. MODES STATE1  WEIGHTED BY 1/(SQRT[FREQ])
                        AND CONTRIBUTION TO HT INTENSITY IN DECREASING ORDER
                    DERIVATIVES EL DIPOLE (au)                 DERIVATIVES MAG DIPOLE (au)            HT ROT STREGTH (10**-40 cgs)
                   x        y        z       mod              x        y        z       mod             VALUE     SUM       SUM(ABS)
    1      27  -0.1206  -0.0086  -0.0000   0.1209     27  -0.1206  -0.0086  -0.0000   0.1209     27   6.891983   0.689E+01   0.689E+01
    2      25   0.0931  -0.0395   0.0000   0.1011     25   0.0931  -0.0395   0.0000   0.1011     25   4.821058   0.117E+02   0.117E+02
    3      21  -0.0714  -0.0640   0.0000   0.0959     21  -0.0714  -0.0640   0.0000   0.0959     21   4.335297   0.160E+02   0.160E+02
    4       2   0.0000  -0.0000   0.0862   0.0862      2   0.0000  -0.0000   0.0862   0.0862      2   3.499440   0.195E+02   0.195E+02
    5      28   0.0068  -0.0698  -0.0000   0.0702     28   0.0068  -0.0698  -0.0000   0.0702     28   2.320349   0.219E+02   0.219E+02
    6      24  -0.0649   0.0074  -0.0000   0.0653     24  -0.0649   0.0074  -0.0000   0.0653     24   2.012039   0.239E+02   0.239E+02
    7       3   0.0000  -0.0000   0.0629   0.0629      3   0.0000  -0.0000   0.0629   0.0629      3   1.864727   0.257E+02   0.257E+02
    8       1  -0.0000   0.0000  -0.0582   0.0582      1  -0.0000   0.0000  -0.0582   0.0582      1   1.595483   0.273E+02   0.273E+02
    9      22  -0.0519  -0.0057  -0.0000   0.0522     22  -0.0519  -0.0057  -0.0000   0.0522     22   1.284152   0.286E+02   0.286E+02
   10      26  -0.0491  -0.0029  -0.0000   0.0491     26  -0.0491  -0.0029  -0.0000   0.0491     26   1.138751   0.298E+02   0.298E+02
   11      14   0.0000  -0.0000   0.0479   0.0479     14   0.0000  -0.0000   0.0479   0.0479     14   1.080545   0.308E+02   0.308E+02
   12      15   0.0404   0.0063   0.0000   0.0409     15   0.0404   0.0063   0.0000   0.0409     15   0.788656   0.316E+02   0.316E+02
   13       8   0.0289  -0.0275  -0.0000   0.0398      8   0.0289  -0.0275  -0.0000   0.0398      8   0.748118   0.324E+02   0.324E+02
   14      20   0.0262  -0.0262   0.0000   0.0371     20   0.0262  -0.0262   0.0000   0.0371     20   0.648481   0.330E+02   0.330E+02
   15       6   0.0000  -0.0000   0.0356   0.0356      6   0.0000  -0.0000   0.0356   0.0356      6   0.596511   0.336E+02   0.336E+02
   16      19   0.0018  -0.0270   0.0000   0.0270     19   0.0018  -0.0270   0.0000   0.0270     19   0.344543   0.340E+02   0.340E+02
   17      10  -0.0000   0.0000  -0.0230   0.0230     10  -0.0000   0.0000  -0.0230   0.0230     10   0.249437   0.342E+02   0.342E+02
   18      12   0.0158  -0.0140  -0.0000   0.0211     12   0.0158  -0.0140  -0.0000   0.0211     12   0.209189   0.344E+02   0.344E+02
   19      23   0.0170   0.0117   0.0000   0.0206     23   0.0170   0.0117   0.0000   0.0206     23   0.200956   0.346E+02   0.346E+02
   20      31   0.0188  -0.0040   0.0000   0.0192     31   0.0188  -0.0040   0.0000   0.0192     31   0.173705   0.348E+02   0.348E+02
   21      18  -0.0020   0.0189  -0.0000   0.0190     18  -0.0020   0.0189  -0.0000   0.0190     18   0.171077   0.350E+02   0.350E+02
   22       4   0.0141   0.0116   0.0000   0.0183      4   0.0141   0.0116   0.0000   0.0183      4   0.157341   0.351E+02   0.351E+02
   23       5   0.0000  -0.0000   0.0180   0.0180      5   0.0000  -0.0000   0.0180   0.0180      5   0.153185   0.353E+02   0.353E+02
   24      30   0.0138   0.0083  -0.0000   0.0161     30   0.0138   0.0083  -0.0000   0.0161     30   0.122182   0.354E+02   0.354E+02
   25      17   0.0104  -0.0094  -0.0000   0.0141     17   0.0104  -0.0094  -0.0000   0.0141     17   0.093251   0.355E+02   0.355E+02
   26      29  -0.0054   0.0095   0.0000   0.0109     29  -0.0054   0.0095   0.0000   0.0109     29   0.056491   0.356E+02   0.356E+02
   27      32   0.0099   0.0046   0.0000   0.0109     32   0.0099   0.0046   0.0000   0.0109     32   0.055866   0.356E+02   0.356E+02
   28       7   0.0001   0.0088  -0.0000   0.0088      7   0.0001   0.0088  -0.0000   0.0088      7   0.036126   0.356E+02   0.356E+02
   29      13   0.0000  -0.0000   0.0081   0.0081     13   0.0000  -0.0000   0.0081   0.0081     13   0.031264   0.357E+02   0.357E+02
   30      33  -0.0035   0.0034  -0.0000   0.0049     33  -0.0035   0.0034  -0.0000   0.0049     33   0.011413   0.357E+02   0.357E+02
   31       9   0.0002  -0.0027  -0.0000   0.0027      9   0.0002  -0.0027  -0.0000   0.0027      9   0.003510   0.357E+02   0.357E+02
   32      16  -0.0000  -0.0000  -0.0026   0.0026     16  -0.0000  -0.0000  -0.0026   0.0026     16   0.003260   0.357E+02   0.357E+02
   33      11   0.0000  -0.0000   0.0013   0.0013     11   0.0000  -0.0000   0.0013   0.0013     11   0.000806   0.357E+02   0.357E+02
   
   
 *******************************************
 GENERALIZED OSC. STRENGTH INCLUDING HT EFFECT   0.000000000000000E+000
 ***********************************************
 ANALYTICAL MOMENTS OF THE SPECTRUM
 ZERO-TH MOMENT
 FC zeroth moment  0.562753970234813     
 FCHT zeroth moment T=0K  0.638477121902680     
 FCHT zeroth moment input T  0.638477121902680     
 
 FIRST MOMENT
 evert  0.000000000000000E+000  0.000000000000000E+000
 aaafc  0.562753970234813     
  FC component (eV)    -1.10883636061572     
  FC-HT component (eV)    1.520225289967553E-006
  HT component (eV)    1.939737781873589E+067
  FIRST MOMENT (eV)    1.939737781873589E+067
    
  FC VARIANCE (eV**2)     6.26725805068603     
  FC Gradient contr.    (eV**2)    1.024663859635526E-005
  FC Freq. shift contr. (eV**2)    2.537330055133228E-004
  FC Duschinsky  contr. (eV**2)     6.26699407104192     
  FWHM (eV)   5.89517243016666     
  FWHM (cm-1)   47547.7780577082     
 ***********************************************
  
  


 ================= 
  TRANSITION INFO  
 ================= 
            DATA FOR VERTICAL TRANSITION 
  electric transition dipoles (au) at initial GEO 1
           -0.89988479   -0.33394451    0.00000000
  electric transition dipoles (au) at initial GEO 2
           -0.89988479   -0.33394451    0.00000000
  Square tr dipoles: geo1  0.92131156  geo2   0.92131156  Diff (d1-d2)/d1    0.0000 %
   
 ------------------
  State2 -> State1
 ------------------
 Reorganization Energy (eV) on State1        0.391918
 Vertical emission energy (eV)               5.154866
 Fluorescence lifetime from minimum (ns)  7.453936E+00
 ********************************************** 
   
 ------------------
  State1 -> State2
 ------------------
 Reorganization Energy on State2 (eV)        0.391918
 Vertical absorption energy (eV)             5.938703
 Absorption oscillator strength           1.340467E-01
 ********************************************** 
   

NOTE: Spectra resolution set to:  0.00400                                                                 
 

NOTE: To ensure exact match of TI and TD resuls, final spectral range reset to:    4.0000-                
       9.0000(eV)                                                                                         
 

 ----------------------------------------
 Refined spectral range for simulations: 
  nene       =      1251
  From E(eV) =    4.0000
  To   E(eV) =    9.0000
 
 Related time-domain parameters
 (with energy shift & extended range):
  ntime =          652
  dt    =       0.7929
  tfin  =     516.5620
 Shift info (for external FT)
  dE_ext=  0.104000    
  Eshift=   3.89600    
 ----------------------------------------


NOTE: Changing Ead to optimize TD method before entering the spectrum calculation.Ead(original)=          
        5.547 (eV); Ead(shifted )=   1.651 (eV)                                                           
 


 ____________________________________________
  ============================================
  PROGRAM: td_onephoton
   Compute vibronic spectra with a harmonic 
   TD formulation                           
                                            
  References:                               
   Comput Theoret Chem, 1040--1041, 186-194 (2014)
 ____________________________________________
  ============================================
 
 SUMMARY OF CALCULATION OPTIONS
 -------------------------------
 Adiabatic Energy (eV)  :   1.6508

 Tipe of transition     : ABS-ECDNO

 Dipole aproximation    : HT-HTf
 El. dipole at ref geom :   -0.900      -0.334       0.305E-14

 Numerical evaluation of xi(t)
         Total time (fs):   516.562
         Nr data points : 652
         Time step (fs) :  0.793    

 Broad. function        : GAU  
 Broad. exponent        :    7.794E-07
 Broad. order           : 2
 -------------------------------

 Computing correlation functions over 652 points

 Calling FFT with 1304 points


 Entering in fft_calc subroutine (FFTW)
 Ndata: 1304
 tini and tfin  -516.562     516.562

 df  9.671957840330411E-004
 dt  0.792881005380783     
 =========== tdspectra finished ===========  
 Timing...
  CPU (s) for tdspectra :       0.131
 ==========================================
                                           



===============================

 SUMMARY OF NOTES AND WARNINGS

===============================
 ---------------------------------
 7 notes raised along the run
 Look for NOTE in the output
 ---------------------------------

 
 ****************** FCclasses finished *******************
 Timing...   
  CPU (s)       0.152
 *********************************************************
 
 FCclasses finished successfully
