 
                                                    \ /               
                                              ..-'''-*-               
                                              \.-'''\ \               
      _____ _____      _                             | |              
     |  ___/  __ \    | |                         __/ /               
     | |_  | /  \/ ___| | __ _ ___ ___  ___  ___ |_  '.               
     |  _| | |    / __| |/ _` / __/ __|/ _ \/ __|   `.  \             
     | |   | \__/\ (__| | (_| \__ \__ \  __/\__ \     \ '.            
     \_|    \____/\___|_|\__,_|___/___/\___||___/      , |            
                                                       | |            
                                                      / ,'            
                                              -....--'  /             
                                              `.. __..-'              
                                                                      
 ********************************************************* 
   FCCLASSES3:                                             
   A code for vibronic simulations                         
                                                           
                                                           
 ********************************************************* 


 GIT VERSION INFO
  Commit id  : v3-1.0-2-g78ec1d1-dirty
  Commit date: 2022-07-22 10:24:13 +0200

 CURRENT RUN INFO
  Date&Time  : 2022-11-23, 23:09:28
  Input file : STDIN
  Input type : NEW



 INPUT OPTIONS:
-------------------------------
$$$
;GENERAL OPTIONS:
; NAT        = (read from structure files)
; NVIB       = (determined vibrational analysis)
PROPERTY     =   OPA   
MODEL        =   VG   
DIPOLE       =   FC   
DIPDER_COORD =   CARTESIAN  
TEMP         =     0.00
DE           =   5.50120
BROADFUN     =   GAU  
HWHM         =   0.0400
RESOL        =   0.0040  ; (default: HWHM/10)
METHOD       =   TD   
ROT          =   1
SPCMIN       =     4.000
SPCMAX       =     9.000
;VIBRATIONAL ANALYSIS
NORMALMODES  =   COMPUTE  
RM_COORD     =   NONE    
COORDS       =   CARTESIAN  
FORCE_REAL   =   YES  
;INPUT DATA FILES
STATE1_FILE  =   Uracil6311-tddft.fcc
STATE2_FILE  =   Uracil6311-es2.fcc
MASS_FILE    =   
ELDIP_FILE   =   eldip_Uracil6311-es2_fchk
MAGDIP_FILE  =   magdip_Uracil6311-es2_fchk
NAC_FILE     =   
NRCOUP_FILE  =   eldip_Uracil6311-es2_fchk
HESS1_FILE   =   Uracil6311-tddft.fcc
HESS2_FILE   =   Uracil6311-tddft.fcc
GRAD1_FILE   =   Uracil6311-tddft.fcc
GRAD2_COORD  =   CARTESIAN
GRAD2_FILE   =   Uracil6311-es2.fcc
;VERBOSE LEVEL
VERBOSE      =   1
  
-------------------------------



 ==> State 1 <==

 Geometry file: Uracil6311-tddft.fcc


 Gradient file: Uracil6311-tddft.fcc

NOTE: The calculation for this State will assume non-stationary point since the gradient                  
      is not negligible (maximum atomic gradient:   0.162122 a.u.)                                        
 
 Hessian file: Uracil6311-tddft.fcc



 ---------------------------------------
  Check effect of symmetry operations
  on Hessian elements (or gs^t\beta)
 ---------------------------------------

 Using input geometry instead of rotating to principal axis of intertia to detect symmetry

 
 Sigma(xy) symmetry element found
 
 Symmetry operation  : 1
 Max abs difference  :   0.000000
    original value   :   0.000000
    transformed value:  -0.000000
    Rel difference(%): 200.000000

 ---------------------------------------



 =========================
  ANALYSIS OF DOFs
 =========================

 => STATE 1 <=
 Geometry (Angstroms)
 12    # Nr. of atoms
   Atom       X         Y         Z      Mass
C         -1.2281    0.3618    0.0000   12.0000
C          0.0553   -1.6997    0.0000   12.0000
C          1.2344   -1.0649    0.0000   12.0000
C          1.2703    0.3910    0.0000   12.0000
N          0.0000    0.9867    0.0000   14.0031
H         -0.0262   -2.7787    0.0000    1.0078
H          2.1726   -1.5969    0.0000    1.0078
O          2.2664    1.0766    0.0000   15.9949
O         -2.2837    0.9476    0.0000   15.9949
N         -1.1370   -1.0205    0.0000   14.0031
H         -2.0191   -1.5085    0.0000    1.0078
H         -0.0219    1.9984    0.0000    1.0078
 

 ------------------------------------------------
   INERTIA TENSOR (to be multiplied by 10**5)
 ------------------------------------------------

             1           2           3
  
    1     2.35763    -0.07279     0.00000
    2    -0.07279     4.52671     0.00000
    3     0.00000     0.00000     6.88434
 ------------------------------------------------


 ------------------------------------------------
   ROTATIONAL CONSTANTS (AND ROTATION MATRIX)
 ------------------------------------------------

 ROOT NO.    1           2           3

    ************************************
  
    1    -0.99944    -0.03350     0.00000
    2    -0.03350     0.99944     0.00000
    3     0.00000     0.00000     1.00000
 ------------------------------------------------

  Rotational constants (GHz)
     3.91157     2.03405     1.33818
  Rotational temperatures (K)
     0.18773     0.09762     0.06422


 -------------------
  DOF   Dimension
 -------------------
  Vib    30
  Rot    3
  Tra    3
 -------------------


 Translating State1 to its Center of Mass
 Initial COM:      -0.0010      0.0343      0.0000


 ================================
  VIBRATIONAL ANALYSIS ON STATE1
 ================================

 ----------------------------------
   Redundant Frequencies (cm-1)
 ----------------------------------
     1    -0.00006
     2    -0.00004
     3    -0.00003
     4     0.00001
     5     0.00002
     6     0.00002
 ----------------------------------


 ------------------------
   FREQUENCIES (cm-1)
 ------------------------
     1  -449.83570
     2   -97.13769
     3    99.34420
     4   140.91169
     5   407.61365
     6   417.09147
     7   473.73846
     8   499.37555
     9   515.24423
    10   564.74517
    11   600.10922
    12   737.71886
    13   755.78028
    14   823.63858
    15   924.77505
    16   979.50760
    17  1094.43471
    18  1157.81002
    19  1235.25912
    20  1286.92773
    21  1399.05612
    22  1459.82564
    23  1519.08871
    24  1649.23953
    25  1756.89777
    26  1836.60674
    27  3217.40126
    28  3260.07618
    29  3618.70595
    30  3664.51132
 ------------------------

 =====================
  THERMOCHEMISTRY     
 =====================
  Temperature (K):    0.00
  Pressure (atm) :    1.00
 
  Rotational constants (GHz)
     3.91157     2.03405     1.33818
  Rotational temperatures (K)
     0.18773     0.09762     0.06422
 
           1  -449.835704575298     

WARNING: Imaginary frequency ignored                                                                         
 
           2  -97.1376900047547     

WARNING: Imaginary frequency ignored                                                                         
 
  Partition Functions
  qt =      0.000    
  qr =      0.000    
  qv =      0.000    
 
  Contributions to entropy
  St (cm-1/K) = -Infinity
  Sr (cm-1/K) = -Infinity
  Sv (cm-1/K) =       NaN
 
  Thermal corrections (AU)
  Zero Point Energy =   0.822315E-01
  Internal Energy   =   0.822315E-01
  Enthalpy          =   0.822315E-01
  Gibbs Free Energy =            NaN
 
  Thermal corrections (AU) - vibrational only
  Number of vibrations:      30
  V-internal Energy   =   0.822315E-01
  V-enthalpy          =   0.822315E-01
  V-gibbs Free Energy =            NaN


 ==> State 2 <==

 Geometry file: Uracil6311-es2.fcc


 Gradient file: Uracil6311-es2.fcc

NOTE: The calculation for this State will assume non-stationary point since the gradient                  
      is not negligible (maximum atomic gradient:   0.101855 a.u.)                                        
 
 Hessian file: Uracil6311-tddft.fcc


 Combination abs/ECDNO
 A standard one-photon absorption calculation  will be performed


 =========================
  ANALYSIS OF DOFs
 =========================

 => STATE 2 <=
 Geometry (Angstroms)
 12    # Nr. of atoms
   Atom       X         Y         Z      Mass
C         -1.2281    0.3618    0.0000   12.0000
C          0.0553   -1.6997    0.0000   12.0000
C          1.2344   -1.0649    0.0000   12.0000
C          1.2703    0.3910    0.0000   12.0000
N          0.0000    0.9867    0.0000   14.0031
H         -0.0262   -2.7787    0.0000    1.0078
H          2.1726   -1.5969    0.0000    1.0078
O          2.2664    1.0766    0.0000   15.9949
O         -2.2837    0.9476    0.0000   15.9949
N         -1.1370   -1.0205    0.0000   14.0031
H         -2.0191   -1.5085    0.0000    1.0078
H         -0.0219    1.9984    0.0000    1.0078
 

 ------------------------------------------------
   INERTIA TENSOR (to be multiplied by 10**5)
 ------------------------------------------------

             1           2           3
  
    1     2.35763    -0.07279     0.00000
    2    -0.07279     4.52671     0.00000
    3     0.00000     0.00000     6.88434
 ------------------------------------------------


 ------------------------------------------------
   ROTATIONAL CONSTANTS (AND ROTATION MATRIX)
 ------------------------------------------------

 ROOT NO.    1           2           3

    ************************************
  
    1    -0.99944    -0.03350     0.00000
    2    -0.03350     0.99944     0.00000
    3     0.00000     0.00000     1.00000
 ------------------------------------------------

  Rotational constants (GHz)
     3.91157     2.03405     1.33818
  Rotational temperatures (K)
     0.18773     0.09762     0.06422


 -------------------
  DOF   Dimension
 -------------------
  Vib    30
  Rot    3
  Tra    3
 -------------------


 Translating State2 to its Center of Mass
 Initial COM:      -0.0010      0.0343      0.0000


 ================================
  VIBRATIONAL ANALYSIS ON STATE2
 ================================

Normal modes read from State1 for VG


 ------------------------
   FREQUENCIES (cm-1)
 ------------------------
     1  -449.83570
     2   -97.13769
     3    99.34420
     4   140.91169
     5   407.61365
     6   417.09147
     7   473.73846
     8   499.37555
     9   515.24423
    10   564.74517
    11   600.10922
    12   737.71886
    13   755.78028
    14   823.63858
    15   924.77505
    16   979.50760
    17  1094.43471
    18  1157.81002
    19  1235.25912
    20  1286.92773
    21  1399.05612
    22  1459.82564
    23  1519.08871
    24  1649.23953
    25  1756.89777
    26  1836.60674
    27  3217.40126
    28  3260.07618
    29  3618.70595
    30  3664.51132
 ------------------------


 -------------------------------------
   State2 Gradient (Q1-space) x1e5
 -------------------------------------
     1    -0.00000
     2     0.00000
     3     0.00000
     4     5.26259
     5    -0.00000
     6     0.00000
     7    -8.26926
     8     0.00000
     9    -0.13092
    10    11.66017
    11     0.00000
    12     0.00000
    13    -7.68633
    14     0.00000
    15   -25.73233
    16     9.84554
    17   -15.52255
    18   -28.37020
    19    24.26770
    20    15.03159
    21    38.23063
    22     1.43788
    23   -20.56529
    24    54.03035
    25   -45.58042
    26    32.55019
    27   -18.53140
    28     6.87633
    29     5.23626
    30    -9.88520
 -------------------------------------




                 ASSIGNMENTS AND ANALYSIS OF 1 WITH RESPECT TO 2
 STATE 1                              MODES STATE 2
IND DEF    FREQUENCY     SHIFT    I21 C21  I22 C22   I23 C23     FR(I21)  I90 I95 I99
   1  P     -449.84    -0.00000    1 1.00    2 0.00    3 0.00       0.00   1   1   1
   2  P      -97.14     0.00000    2 1.00    1 0.00    3 0.00       0.00   1   1   1
   3  P       99.34    -0.00000    3 1.00    2 0.00    1 0.00       0.00   1   1   1
   4  P      140.91  -127.66559    4 1.00    2 0.00    3 0.00       0.00   1   1   1
   5  P      407.61     0.00000    5 1.00    2 0.00    3 0.00       0.00   1   1   1
   6  P      417.09    -0.00000    6 1.00    2 0.00    3 0.00       0.00   1   1   1
   7  P      473.74    17.74836    7 1.00    2 0.00    3 0.00       0.00   1   1   1
   8  P      499.38    -0.00000    8 1.00    2 0.00    3 0.00       0.00   1   1   1
   9  P      515.24     0.23755    9 1.00    2 0.00    3 0.00       0.00   1   1   1
  10  P      564.75   -17.61037   10 1.00    2 0.00    3 0.00       0.00   1   1   1
  11  P      600.11    -0.00000   11 1.00    2 0.00    3 0.00       0.00   1   1   1
  12  P      737.72    -0.00000   12 1.00    2 0.00    3 0.00       0.00   1   1   1
  13  P      755.78     6.48181   13 1.00    2 0.00    3 0.00       0.00   1   1   1
  14  P      823.64    -0.00000   14 1.00    2 0.00    3 0.00       0.00   1   1   1
  15  P      924.78    14.49357   15 1.00    2 0.00    3 0.00       0.00   1   1   1
  16  P      979.51    -4.94302   16 1.00    2 0.00    3 0.00       0.00   1   1   1
  17  P     1094.43     6.24241   17 1.00    2 0.00    3 0.00       0.00   1   1   1
  18  P     1157.81    10.19428   18 1.00    2 0.00    3 0.00       0.00   1   1   1
  19  P     1235.26    -7.66092   19 1.00    2 0.00    3 0.00       0.00   1   1   1
  20  P     1286.93    -4.37185   20 1.00    2 0.00    3 0.00       0.00   1   1   1
  21  P     1399.06    -9.40827   21 1.00    2 0.00    3 0.00       0.00   1   1   1
  22  P     1459.83    -0.32500   22 1.00    2 0.00    3 0.00       0.00   1   1   1
  23  P     1519.09     4.29277   23 1.00    2 0.00    3 0.00       0.00   1   1   1
  24  P     1649.24    -9.56839   24 1.00    2 0.00    3 0.00       0.00   1   1   1
  25  P     1756.90     7.11302   25 1.00    2 0.00    3 0.00       0.00   1   1   1
  26  P     1836.61    -4.64825   26 1.00    2 0.00    3 0.00       0.00   1   1   1
  27  P     3217.40     0.86232   27 1.00    2 0.00    3 0.00       0.00   1   1   1
  28  P     3260.08    -0.31165   28 1.00    2 0.00    3 0.00       0.00   1   1   1
  29  P     3618.71    -0.19261   29 1.00    2 0.00    3 0.00       0.00   1   1   1
  30  P     3664.51     0.35459   30 1.00    2 0.00    3 0.00       0.00   1   1   1
   
 *********************************************************** 
  
  AVERAGE MAX PROJECTION     1.000000    St Dev   0.000000
  AVERAGE FREQ DIFF          0.000000    St Dev   0.000000
  AVERAGE ABS FREQ DIFF      0.000000    St Dev   0.000000
  AVERAGE ABS DISPLACE      -3.956176    St Dev  23.960497
  SUM DISPL**2           17692.702558
  
 *********************************************************** 
  



                 ASSIGNMENTS AND ANALYSIS OF 2 WITH RESPECT TO 1
 STATE 2                              MODES STATE 1
IND DEF    FREQUENCY     SHIFT    I11 C11  I12 C12   I13 C13     FR(I11)  I90 I95 I99
   1  P     -449.84     0.00000    1 1.00    2 0.00    3 0.00       0.00   1   1   1
   2  P      -97.14    -0.00000    2 1.00    1 0.00    3 0.00       0.00   1   1   1
   3  P       99.34     0.00000    3 1.00    2 0.00    1 0.00       0.00   1   1   1
   4  P      140.91   127.66559    4 1.00    2 0.00    3 0.00       0.00   1   1   1
   5  P      407.61    -0.00000    5 1.00    2 0.00    3 0.00       0.00   1   1   1
   6  P      417.09     0.00000    6 1.00    2 0.00    3 0.00       0.00   1   1   1
   7  P      473.74   -17.74836    7 1.00    2 0.00    3 0.00       0.00   1   1   1
   8  P      499.38     0.00000    8 1.00    2 0.00    3 0.00       0.00   1   1   1
   9  P      515.24    -0.23755    9 1.00    2 0.00    3 0.00       0.00   1   1   1
  10  P      564.75    17.61037   10 1.00    2 0.00    3 0.00       0.00   1   1   1
  11  P      600.11     0.00000   11 1.00    2 0.00    3 0.00       0.00   1   1   1
  12  P      737.72     0.00000   12 1.00    2 0.00    3 0.00       0.00   1   1   1
  13  P      755.78    -6.48181   13 1.00    2 0.00    3 0.00       0.00   1   1   1
  14  P      823.64     0.00000   14 1.00    2 0.00    3 0.00       0.00   1   1   1
  15  P      924.78   -14.49357   15 1.00    2 0.00    3 0.00       0.00   1   1   1
  16  P      979.51     4.94302   16 1.00    2 0.00    3 0.00       0.00   1   1   1
  17  P     1094.43    -6.24241   17 1.00    2 0.00    3 0.00       0.00   1   1   1
  18  P     1157.81   -10.19428   18 1.00    2 0.00    3 0.00       0.00   1   1   1
  19  P     1235.26     7.66092   19 1.00    2 0.00    3 0.00       0.00   1   1   1
  20  P     1286.93     4.37185   20 1.00    2 0.00    3 0.00       0.00   1   1   1
  21  P     1399.06     9.40827   21 1.00    2 0.00    3 0.00       0.00   1   1   1
  22  P     1459.83     0.32500   22 1.00    2 0.00    3 0.00       0.00   1   1   1
  23  P     1519.09    -4.29277   23 1.00    2 0.00    3 0.00       0.00   1   1   1
  24  P     1649.24     9.56839   24 1.00    2 0.00    3 0.00       0.00   1   1   1
  25  P     1756.90    -7.11302   25 1.00    2 0.00    3 0.00       0.00   1   1   1
  26  P     1836.61     4.64825   26 1.00    2 0.00    3 0.00       0.00   1   1   1
  27  P     3217.40    -0.86232   27 1.00    2 0.00    3 0.00       0.00   1   1   1
  28  P     3260.08     0.31165   28 1.00    2 0.00    3 0.00       0.00   1   1   1
  29  P     3618.71     0.19261   29 1.00    2 0.00    3 0.00       0.00   1   1   1
  30  P     3664.51    -0.35459   30 1.00    2 0.00    3 0.00       0.00   1   1   1
   
 *********************************************************** 
  
  AVERAGE MAX PROJECTION     1.000000    St Dev   0.000000
  AVERAGE FREQ DIFF          0.000000    St Dev   0.000000
  AVERAGE ABS FREQ DIFF      0.000000    St Dev   0.000000
  AVERAGE ABS DISPLACE       3.956176    St Dev  23.960497
  SUM DISPL**2           17692.702558
  
 *********************************************************** 
  

 ADDITIONAL ANALYSIS ON DUSCHINSKY MATRIX
 ----------------------------------------
  Determinant:     1.0000

  ** A = GM·GMT **
  Det(A)     :     1.0000
  Trace(A)   :    30.0000
  Det(A-I)   :     0.0000
  Trace(A-I) :     0.0000
 ----------------------------------------

   
   
 STATE1 MODES SORTED BY DECREASING DIMENSIONLESS SHIFT
   IND    MODE    FREQUENCY DIMENSIONLESS SHIFT
     1       1    -449.83570               NaN
     2       2     -97.13769               NaN
     3       4     140.91169      -0.32349E+01
     4      15     924.77505       0.94081E+00
     5      10     564.74517      -0.89331E+00
     6      24    1649.23953      -0.82945E+00
     7       7     473.73846       0.82458E+00
     8      21    1399.05612      -0.75116E+00
     9      18    1157.81002       0.74043E+00
    10      25    1756.89777       0.63641E+00
    11      19    1235.25912      -0.57474E+00
    12      17    1094.43471       0.44081E+00
    13      26    1836.60674      -0.42521E+00
    14      13     755.78028       0.38037E+00
    15      23    1519.08871       0.35714E+00
    16      20    1286.92773      -0.33477E+00
    17      16     979.50760      -0.33022E+00
    18      27    3217.40126       0.10441E+00
    19      30    3664.51132       0.45818E-01
    20      28    3260.07618      -0.37983E-01
    21      22    1459.82564      -0.26506E-01
    22      29    3618.70595      -0.24733E-01
    23       9     515.24423       0.11510E-01
    24       3      99.34420      -0.41485E-11
    25       6     417.09147      -0.13081E-11
    26       5     407.61365       0.85803E-12
    27      12     737.71886      -0.25628E-12
    28      11     600.10922      -0.24797E-12
    29      14     823.63858      -0.20964E-12
    30       8     499.37555      -0.18868E-12
   
   
 MODES OF STATE1 IN ORDER OF DECREASING FR COUPL
 ESTIMATED BY THE MAGNITUDE OF THE 0-0 INTEGRAL
   IND    MODE1  FREQ   MODE2 FR    FR. SHIFT INV0-0
     1     1  -449.83570         1  -449.83570         0.00000         1.00000
     2     2   -97.13769         2   -97.13769         0.00000         1.00000
     3     3    99.34420         3    99.34420         0.00000         1.00000
     4     4   140.91169         4   140.91169         0.00000         1.00000
     5     5   407.61365         5   407.61365         0.00000         1.00000
     6     6   417.09147         6   417.09147         0.00000         1.00000
     7     7   473.73846         7   473.73846         0.00000         1.00000
     8     8   499.37555         8   499.37555         0.00000         1.00000
     9     9   515.24423         9   515.24423         0.00000         1.00000
    10    10   564.74517        10   564.74517         0.00000         1.00000
    11    11   600.10922        11   600.10922         0.00000         1.00000
    12    12   737.71886        12   737.71886         0.00000         1.00000
    13    13   755.78028        13   755.78028         0.00000         1.00000
    14    14   823.63858        14   823.63858         0.00000         1.00000
    15    15   924.77505        15   924.77505         0.00000         1.00000
    16    16   979.50760        16   979.50760         0.00000         1.00000
    17    17  1094.43471        17  1094.43471         0.00000         1.00000
    18    18  1157.81002        18  1157.81002         0.00000         1.00000
    19    19  1235.25912        19  1235.25912         0.00000         1.00000
    20    20  1286.92773        20  1286.92773         0.00000         1.00000
    21    21  1399.05612        21  1399.05612         0.00000         1.00000
    22    22  1459.82564        22  1459.82564         0.00000         1.00000
    23    23  1519.08871        23  1519.08871         0.00000         1.00000
    24    24  1649.23953        24  1649.23953         0.00000         1.00000
    25    25  1756.89777        25  1756.89777         0.00000         1.00000
    26    26  1836.60674        26  1836.60674         0.00000         1.00000
    27    27  3217.40126        27  3217.40126         0.00000         1.00000
    28    28  3260.07618        28  3260.07618         0.00000         1.00000
    29    29  3618.70595        29  3618.70595         0.00000         1.00000
    30    30  3664.51132        30  3664.51132         0.00000         1.00000
   
   
   
   
 STATE2 MODES SORTED BY DECREASING DIMENSIONLESS SHIFT
   IND    MODE    FREQUENCY DIMENSIONLESS SHIFT
     1       1    -449.83570               NaN
     2       2     -97.13769               NaN
     3       4     140.91169       0.32349E+01
     4      15     924.77505      -0.94081E+00
     5      10     564.74517       0.89331E+00
     6      24    1649.23953       0.82945E+00
     7       7     473.73846      -0.82458E+00
     8      21    1399.05612       0.75116E+00
     9      18    1157.81002      -0.74043E+00
    10      25    1756.89777      -0.63641E+00
    11      19    1235.25912       0.57474E+00
    12      17    1094.43471      -0.44081E+00
    13      26    1836.60674       0.42521E+00
    14      13     755.78028      -0.38037E+00
    15      23    1519.08871      -0.35714E+00
    16      20    1286.92773       0.33477E+00
    17      16     979.50760       0.33022E+00
    18      27    3217.40126      -0.10441E+00
    19      30    3664.51132      -0.45818E-01
    20      28    3260.07618       0.37983E-01
    21      22    1459.82564       0.26506E-01
    22      29    3618.70595       0.24733E-01
    23       9     515.24423      -0.11510E-01
    24       3      99.34420       0.41485E-11
    25       6     417.09147       0.13081E-11
    26       5     407.61365      -0.85803E-12
    27      12     737.71886       0.25628E-12
    28      11     600.10922       0.24797E-12
    29      14     823.63858       0.20964E-12
    30       8     499.37555       0.18868E-12
   
   
 MODES OF STATE2 IN ORDER OF DECREASING FR COUPL
 ESTIMATED BY THE MAGNITUDE OF THE 0-0 INTEGRAL
   IND    MODE2  FREQ   MODE1 FR    FR. SHIFT INV0-0
     1     1  -449.83570         1  -449.83570         0.00000         1.00000
     2     2   -97.13769         2   -97.13769         0.00000         1.00000
     3     3    99.34420         3    99.34420         0.00000         1.00000
     4     4   140.91169         4   140.91169         0.00000         1.00000
     5     5   407.61365         5   407.61365         0.00000         1.00000
     6     6   417.09147         6   417.09147         0.00000         1.00000
     7     7   473.73846         7   473.73846         0.00000         1.00000
     8     8   499.37555         8   499.37555         0.00000         1.00000
     9     9   515.24423         9   515.24423         0.00000         1.00000
    10    10   564.74517        10   564.74517         0.00000         1.00000
    11    11   600.10922        11   600.10922         0.00000         1.00000
    12    12   737.71886        12   737.71886         0.00000         1.00000
    13    13   755.78028        13   755.78028         0.00000         1.00000
    14    14   823.63858        14   823.63858         0.00000         1.00000
    15    15   924.77505        15   924.77505         0.00000         1.00000
    16    16   979.50760        16   979.50760         0.00000         1.00000
    17    17  1094.43471        17  1094.43471         0.00000         1.00000
    18    18  1157.81002        18  1157.81002         0.00000         1.00000
    19    19  1235.25912        19  1235.25912         0.00000         1.00000
    20    20  1286.92773        20  1286.92773         0.00000         1.00000
    21    21  1399.05612        21  1399.05612         0.00000         1.00000
    22    22  1459.82564        22  1459.82564         0.00000         1.00000
    23    23  1519.08871        23  1519.08871         0.00000         1.00000
    24    24  1649.23953        24  1649.23953         0.00000         1.00000
    25    25  1756.89777        25  1756.89777         0.00000         1.00000
    26    26  1836.60674        26  1836.60674         0.00000         1.00000
    27    27  3217.40126        27  3217.40126         0.00000         1.00000
    28    28  3260.07618        28  3260.07618         0.00000         1.00000
    29    29  3618.70595        29  3618.70595         0.00000         1.00000
    30    30  3664.51132        30  3664.51132         0.00000         1.00000
   
   
  
  
 DIMENSIONLESS SHIFTS 
   IND     STATE1       STATE2
     1             NaN             NaN
     2             NaN             NaN
     3    -0.41485E-11     0.41485E-11
     4    -0.32349E+01     0.32349E+01
     5     0.85803E-12    -0.85803E-12
     6    -0.13081E-11     0.13081E-11
     7     0.82458E+00    -0.82458E+00
     8    -0.18868E-12     0.18868E-12
     9     0.11510E-01    -0.11510E-01
    10    -0.89331E+00     0.89331E+00
    11    -0.24797E-12     0.24797E-12
    12    -0.25628E-12     0.25628E-12
    13     0.38037E+00    -0.38037E+00
    14    -0.20964E-12     0.20964E-12
    15     0.94081E+00    -0.94081E+00
    16    -0.33022E+00     0.33022E+00
    17     0.44081E+00    -0.44081E+00
    18     0.74043E+00    -0.74043E+00
    19    -0.57474E+00     0.57474E+00
    20    -0.33477E+00     0.33477E+00
    21    -0.75116E+00     0.75116E+00
    22    -0.26506E-01     0.26506E-01
    23     0.35714E+00    -0.35714E+00
    24    -0.82945E+00     0.82945E+00
    25     0.63641E+00    -0.63641E+00
    26    -0.42521E+00     0.42521E+00
    27     0.10441E+00    -0.10441E+00
    28    -0.37983E-01     0.37983E-01
    29    -0.24733E-01     0.24733E-01
    30     0.45818E-01    -0.45818E-01
  SUM SQUARED DIMENSIONLESS DISPL STATE1       16.2475
  SUM SQUARED DIMENSIONLESS DISPL STATE2       16.2475
  VALUE STATE1 GROUND VIB WAVEFUN AT GEO2       0.0003
  VALUE STATE2 GROUND VIB WAVEFUN AT GEO1       0.0003
  VALUE STATE1 GROUND VIB WAVEFUN AT (GEO1+GEO2)/2      0.1312
  VALUE STATE2 GROUND VIB WAVEFUN AT (GEO1+GEO2)/2      0.1312

 Printing Duschinski matrix to 'duschinsky.dat'


 Printing Shift vector to 'displacement.dat'


WARNING: An imaginary frequency found on State 1:     -449.836
         It is turned real,                   
         which will cause artefacts.                                                                         
 

WARNING: An imaginary frequency found on State 2:     -449.836
         It is turned real,                   
         which will cause artefacts.                                                                         
 

WARNING: An imaginary frequency found on State 1:      -97.138
         It is turned real,                   
         which will cause artefacts.                                                                         
 

WARNING: An imaginary frequency found on State 2:      -97.138
         It is turned real,                   
         which will cause artefacts.                                                                         
 

NOTE: DE read from input:   5.501 (eV)                                                                    
 


 ===========================
  REORGANIZATION ENERGY
 ===========================
     0.017984  (Hartree)
     0.489361  (eV)


 ------------------------------------------------------
 Extrapolation form (generalized) vertical point:
 ------------------------------------------------------
 Extrapolated vertical energy:        5.50120  (eV)
 Extrapolated adiabatic energy:       5.50120  (eV)
 Extrapolated reorg. energy   :       0.00000  (eV)
 ------------------------------------------------------



 ===============================
  ZERO-POINT ENERGY CORRECTIONS 
 ===============================


                    ZERO POINT ENERGY IN CM-1
    E01=     18321.20    E02=     18321.20


                    0-0 ENERGY DIFFERENCE
       5.01184 eV


                    ADIABATIC ENERGY     
       5.01184 eV




 ====================

  TRANSITION DIPOLES 

 ====================
 Model for tr. dipoles: FC
 Reading electric dipole file: eldip_Uracil6311-es2_fchk
 


 ================= 
  TRANSITION INFO  
 ================= 
            DATA FOR VERTICAL TRANSITION 
  electric transition dipoles (au) at initial GEO 1
           -1.09286635   -0.46630705   -0.00000000
  electric transition dipoles (au) at initial GEO 2
           -1.09286635   -0.46630705   -0.00000000
  Square tr dipoles: geo1  1.41179913  geo2   1.41179913  Diff (d1-d2)/d1    0.0000 %
   
 ------------------
  State2 -> State1
 ------------------
 Reorganization Energy (eV) on State1        0.489362
 Vertical emission energy (eV)               4.522480
 Fluorescence lifetime from minimum (ns)  7.203467E+00
 ********************************************** 
   
 ------------------
  State1 -> State2
 ------------------
 Reorganization Energy on State2 (eV)        0.489362
 Vertical absorption energy (eV)             5.501203
 Absorption oscillator strength           1.902780E-01
 ********************************************** 
   

NOTE: Spectra resolution set to:  0.00400                                                                 
 

NOTE: To ensure exact match of TI and TD resuls, final spectral range reset to:    4.0000-                
       9.0000(eV)                                                                                         
 

 ----------------------------------------
 Refined spectral range for simulations: 
  nene       =      1251
  From E(eV) =    4.0000
  To   E(eV) =    9.0000
 
 Related time-domain parameters
 (with energy shift & extended range):
  ntime =          652
  dt    =       0.7929
  tfin  =     516.5620
 Shift info (for external FT)
  dE_ext=  0.104000    
  Eshift=   3.89600    
 ----------------------------------------


NOTE: Changing Ead to optimize TD method before entering the spectrum calculation.Ead(original)=          
        5.012 (eV); Ead(shifted )=   1.116 (eV)                                                           
 


 ____________________________________________
  ============================================
  PROGRAM: td_onephoton
   Compute vibronic spectra with a harmonic 
   TD formulation                           
                                            
  References:                               
   Comput Theoret Chem, 1040--1041, 186-194 (2014)
 ____________________________________________
  ============================================
 
 SUMMARY OF CALCULATION OPTIONS
 -------------------------------
 Adiabatic Energy (eV)  :   1.1158

 Tipe of transition     : ABS-ECDNO

 Dipole aproximation    : FC-FC
 El. dipole at ref geom :    -1.09      -0.466      -0.123E-14

 Numerical evaluation of xi(t)
         Total time (fs):   516.562
         Nr data points : 652
         Time step (fs) :  0.793    

 Broad. function        : GAU  
 Broad. exponent        :    7.794E-07
 Broad. order           : 2
 -------------------------------

 Computing correlation functions over 652 points

 Calling FFT with 1304 points


 Entering in fft_calc subroutine (FFTW)
 Ndata: 1304
 tini and tfin  -516.562     516.562

 df  9.671957840330411E-004
 dt  0.792881005380783     
 =========== tdspectra finished ===========  
 Timing...
  CPU (s) for tdspectra :       0.114
 ==========================================
                                           



===============================

 SUMMARY OF NOTES AND WARNINGS

===============================
 ---------------------------------
 6 notes raised along the run
 Look for NOTE in the output
 ---------------------------------

 ---------------------------------
 6 warnings raised along the run
 Look for WARNING in the output
 ---------------------------------

 
 ****************** FCclasses finished *******************
 Timing...   
  CPU (s)       0.138
 *********************************************************
 
 FCclasses finished with warnings
