 
                                                    \ /               
                                              ..-'''-*-               
                                              \.-'''\ \               
      _____ _____      _                             | |              
     |  ___/  __ \    | |                         __/ /               
     | |_  | /  \/ ___| | __ _ ___ ___  ___  ___ |_  '.               
     |  _| | |    / __| |/ _` / __/ __|/ _ \/ __|   `.  \             
     | |   | \__/\ (__| | (_| \__ \__ \  __/\__ \     \ '.            
     \_|    \____/\___|_|\__,_|___/___/\___||___/      , |            
                                                       | |            
                                                      / ,'            
                                              -....--'  /             
                                              `.. __..-'              
                                                                      
 ********************************************************* 
   FCCLASSES3:                                             
   A code for vibronic simulations                         
                                                           
                                                           
 ********************************************************* 


 GIT VERSION INFO
  Commit id  : v3-1.0-2-g78ec1d1-dirty
  Commit date: 2022-07-22 10:24:13 +0200

 CURRENT RUN INFO
  Date&Time  : 2023-01-18, 15:16:35
  Input file : STDIN
  Input type : NEW



 INPUT OPTIONS:
-------------------------------
$$$
;GENERAL OPTIONS:
; NAT        = (read from structure files)
; NVIB       = (determined vibrational analysis)
PROPERTY     =   OPA   
MODEL        =   VG   
DIPOLE       =   FC   
DIPDER_COORD =   CARTESIAN  
TEMP         =     0.00
DE           =   5.03470
BROADFUN     =   VOI  
HWHM         =   0.1200
HWHM2        =   0.0400
RESOL        =   0.0120  ; (default: HWHM/10)
METHOD       =   TD   
ROT          =   1
SPCMIN       =     4.000
SPCMAX       =     9.000
;VIBRATIONAL ANALYSIS
NORMALMODES  =   COMPUTE  
RM_COORD     =   NONE    
COORDS       =   CARTESIAN  
FORCE_REAL   =   YES  
;INPUT DATA FILES
STATE1_FILE  =   ../../../../Thymine6311-freq-solv.fcc
STATE2_FILE  =   ../../../../Thymine6311-freq-solv-ES1.fcc
MASS_FILE    =   
ELDIP_FILE   =   ../../../../../eldip_Thymine6311-freq-solv-ES1_fchk
MAGDIP_FILE  =   ../../../../../magdip_Thymine6311-freq-solv-ES1_fchk
NAC_FILE     =   
NRCOUP_FILE  =   ../../../../../eldip_Thymine6311-freq-solv-ES1_fchk
HESS1_FILE   =   ../../../../Thymine6311-freq-solv.fcc
HESS2_FILE   =   ../../../../Thymine6311-freq-solv.fcc
GRAD1_FILE   =   ../../../../Thymine6311-freq-solv.fcc
GRAD2_COORD  =   CARTESIAN
GRAD2_FILE   =   ../../../../Thymine6311-freq-solv-ES1.fcc
;VERBOSE LEVEL
VERBOSE      =   1
  
-------------------------------



 ==> State 1 <==

 Geometry file: ../../../../Thymine6311-freq-solv.fcc


 Gradient file: ../../../../Thymine6311-freq-solv.fcc

NOTE: The calculation for this State will assume stationary point since the gradient is                   
      small (maximum atomic gradient:   0.000096 a.u.)                                                    
 
 Hessian file: ../../../../Thymine6311-freq-solv.fcc



 ---------------------------------------
  Check effect of symmetry operations
  on Hessian elements (or gs^t\beta)
 ---------------------------------------

 Using input geometry instead of rotating to principal axis of intertia to detect symmetry


NOTE: Cannot determine symmetry. Set to C1 (no symmetric atoms)                                           
 
 
 ---------------------------------------



 =========================
  ANALYSIS OF DOFs
 =========================

 => STATE 1 <=
 Geometry (Angstroms)
 15    # Nr. of atoms
   Atom       X         Y         Z      Mass
N         -0.2312   -0.0351   -0.1877   14.0031
C          1.0964   -0.3620   -0.1381   12.0000
N          1.9435    0.6930    0.0003   14.0031
C          1.5071    1.9884    0.0940   12.0000
C          0.2030    2.3185    0.0627   12.0000
C         -0.7580    1.2420   -0.0795   12.0000
H         -0.8888   -0.8134   -0.3333    1.0078
O          1.4937   -1.5266   -0.2121   15.9949
H          2.9379    0.4607    0.0320    1.0078
H          2.2898    2.7278    0.1993    1.0078
O         -1.9758    1.4124   -0.1084   15.9949
C         -0.2989    3.7236    0.1709   12.0000
H         -0.8775    4.0006   -0.7127    1.0078
H         -0.9551    3.8378    1.0362    1.0078
H          0.5319    4.4213    0.2727    1.0078
 

 ------------------------------------------------
   INERTIA TENSOR (to be multiplied by 10**5)
 ------------------------------------------------

             1           2           3
  
    1     5.55981     1.59870    -0.03008
    2     1.59870     3.81930    -0.42153
    3    -0.03008    -0.42153     9.24233
 ------------------------------------------------


 ------------------------------------------------
   ROTATIONAL CONSTANTS (AND ROTATION MATRIX)
 ------------------------------------------------

 ROOT NO.    1           2           3

    ************************************
  
    1    -0.50699     0.86024     0.05434
    2     0.86067     0.50180     0.08623
    3    -0.04690    -0.09049     0.99479
 ------------------------------------------------

  Rotational constants (GHz)
     3.23194     1.41973     0.99250
  Rotational temperatures (K)
     0.15511     0.06814     0.04763


 -------------------
  DOF   Dimension
 -------------------
  Vib    39
  Rot    3
  Tra    3
 -------------------


 Translating State1 to its Center of Mass
 Initial COM:       0.3199      1.0239     -0.0471


 ================================
  VIBRATIONAL ANALYSIS ON STATE1
 ================================

 ----------------------------------
   Redundant Frequencies (cm-1)
 ----------------------------------
     1    -0.00003
     2    -0.00001
     3     0.00001
     4     0.00002
     5     0.00002
     6     0.00002
 ----------------------------------


 ------------------------
   FREQUENCIES (cm-1)
 ------------------------
     1   134.20283
     2   160.41452
     3   196.22253
     4   302.96622
     5   314.07372
     6   428.07115
     7   432.89773
     8   481.64471
     9   574.28197
    10   635.11563
    11   759.35041
    12   765.25945
    13   782.45961
    14   804.97193
    15   824.89053
    16   880.92171
    17   956.39401
    18  1011.03147
    19  1050.49457
    20  1080.68471
    21  1201.11516
    22  1248.26176
    23  1270.66076
    24  1397.05755
    25  1429.50353
    26  1470.79227
    27  1478.65893
    28  1492.29025
    29  1504.09295
    30  1551.74094
    31  1702.40105
    32  1725.76303
    33  1742.73714
    34  3059.84937
    35  3117.01805
    36  3144.55442
    37  3234.98488
    38  3303.50187
    39  3435.88052
 ------------------------

 =====================
  THERMOCHEMISTRY     
 =====================
  Temperature (K):    0.00
  Pressure (atm) :    1.00
 
  Rotational constants (GHz)
     3.23194     1.41973     0.99250
  Rotational temperatures (K)
     0.15511     0.06814     0.04763
 
  Partition Functions
  qt =      0.000    
  qr =      0.000    
  qv =      0.000    
 
  Contributions to entropy
  St (cm-1/K) = -Infinity
  Sr (cm-1/K) = -Infinity
  Sv (cm-1/K) =       NaN
 
  Thermal corrections (AU)
  Zero Point Energy =   0.116385    
  Internal Energy   =   0.116385    
  Enthalpy          =   0.116385    
  Gibbs Free Energy =            NaN
 
  Thermal corrections (AU) - vibrational only
  Number of vibrations:      39
  V-internal Energy   =   0.116385    
  V-enthalpy          =   0.116385    
  V-gibbs Free Energy =            NaN


 ==> State 2 <==

 Geometry file: ../../../../Thymine6311-freq-solv-ES1.fcc


 Gradient file: ../../../../Thymine6311-freq-solv-ES1.fcc

NOTE: The calculation for this State will assume non-stationary point since the gradient                  
      is not negligible (maximum atomic gradient:   0.100113 a.u.)                                        
 
 Hessian file: ../../../../Thymine6311-freq-solv.fcc


 Combination abs/ECDNO
 A standard one-photon absorption calculation  will be performed


 =========================
  ANALYSIS OF DOFs
 =========================

 => STATE 2 <=
 Geometry (Angstroms)
 15    # Nr. of atoms
   Atom       X         Y         Z      Mass
N         -0.2312   -0.0351   -0.1877   14.0031
C          1.0964   -0.3620   -0.1381   12.0000
N          1.9435    0.6930    0.0003   14.0031
C          1.5071    1.9884    0.0940   12.0000
C          0.2030    2.3185    0.0627   12.0000
C         -0.7580    1.2420   -0.0795   12.0000
H         -0.8888   -0.8134   -0.3333    1.0078
O          1.4937   -1.5266   -0.2121   15.9949
H          2.9379    0.4607    0.0320    1.0078
H          2.2898    2.7278    0.1993    1.0078
O         -1.9758    1.4124   -0.1084   15.9949
C         -0.2989    3.7236    0.1709   12.0000
H         -0.8775    4.0006   -0.7127    1.0078
H         -0.9551    3.8378    1.0362    1.0078
H          0.5319    4.4213    0.2727    1.0078
 

 ------------------------------------------------
   INERTIA TENSOR (to be multiplied by 10**5)
 ------------------------------------------------

             1           2           3
  
    1     5.55981     1.59870    -0.03008
    2     1.59870     3.81930    -0.42153
    3    -0.03008    -0.42153     9.24233
 ------------------------------------------------


 ------------------------------------------------
   ROTATIONAL CONSTANTS (AND ROTATION MATRIX)
 ------------------------------------------------

 ROOT NO.    1           2           3

    ************************************
  
    1    -0.50699     0.86024     0.05434
    2     0.86067     0.50180     0.08623
    3    -0.04690    -0.09049     0.99479
 ------------------------------------------------

  Rotational constants (GHz)
     3.23194     1.41973     0.99250
  Rotational temperatures (K)
     0.15511     0.06814     0.04763


 -------------------
  DOF   Dimension
 -------------------
  Vib    39
  Rot    3
  Tra    3
 -------------------


 Translating State2 to its Center of Mass
 Initial COM:       0.3199      1.0239     -0.0471


 ================================
  VIBRATIONAL ANALYSIS ON STATE2
 ================================

Normal modes read from State1 for VG


 ------------------------
   FREQUENCIES (cm-1)
 ------------------------
     1   134.20283
     2   160.41452
     3   196.22253
     4   302.96622
     5   314.07372
     6   428.07115
     7   432.89773
     8   481.64471
     9   574.28197
    10   635.11563
    11   759.35041
    12   765.25945
    13   782.45961
    14   804.97193
    15   824.89053
    16   880.92171
    17   956.39401
    18  1011.03147
    19  1050.49457
    20  1080.68471
    21  1201.11516
    22  1248.26176
    23  1270.66076
    24  1397.05755
    25  1429.50353
    26  1470.79227
    27  1478.65893
    28  1492.29025
    29  1504.09295
    30  1551.74094
    31  1702.40105
    32  1725.76303
    33  1742.73714
    34  3059.84937
    35  3117.01805
    36  3144.55442
    37  3234.98488
    38  3303.50187
    39  3435.88052
 ------------------------


 -------------------------------------
   State2 Gradient (Q1-space) x1e5
 -------------------------------------
     1    -0.16577
     2     0.00803
     3     0.16431
     4    -0.79279
     5    -0.07834
     6     2.20186
     7    -4.20199
     8    -5.99729
     9     5.70932
    10     9.63881
    11    -1.33792
    12    12.34178
    13    -1.27953
    14    -0.76224
    15    12.28458
    16    -1.80698
    17    -0.20086
    18   -11.91258
    19     5.85745
    20    -0.45913
    21    18.17648
    22     4.05042
    23   -34.57257
    24    50.31037
    25     0.73199
    26     0.18905
    27    16.51878
    28    -6.14543
    29   -19.47326
    30     6.65397
    31   -35.07780
    32   -60.65542
    33   -31.47456
    34     7.30972
    35     0.01315
    36    -3.53758
    37    17.83280
    38   -12.58031
    39    11.78638
 -------------------------------------




                 ASSIGNMENTS AND ANALYSIS OF 1 WITH RESPECT TO 2
 STATE 1                              MODES STATE 2
IND DEF    FREQUENCY     SHIFT    I21 C21  I22 C22   I23 C23     FR(I21)  I90 I95 I99
   1  P      134.20     4.43366    1 1.00    2 0.00    3 0.00       0.00   1   1   1
   2  P      160.41    -0.15022    2 1.00    1 0.00    3 0.00       0.00   1   1   1
   3  P      196.22    -2.05559    3 1.00    2 0.00    1 0.00       0.00   1   1   1
   4  P      302.97     4.16044    4 1.00    2 0.00    3 0.00       0.00   1   1   1
   5  P      314.07     0.38256    5 1.00    2 0.00    3 0.00       0.00   1   1   1
   6  P      428.07    -5.78796    6 1.00    2 0.00    3 0.00       0.00   1   1   1
   7  P      432.90    10.80073    7 1.00    2 0.00    3 0.00       0.00   1   1   1
   8  P      481.64    12.45288    8 1.00    2 0.00    3 0.00       0.00   1   1   1
   9  P      574.28    -8.33878    9 1.00    2 0.00    3 0.00       0.00   1   1   1
  10  P      635.12   -11.51030   10 1.00    2 0.00    3 0.00       0.00   1   1   1
  11  P      759.35     1.11767   11 1.00    2 0.00    3 0.00       0.00   1   1   1
  12  P      765.26   -10.15147   12 1.00    2 0.00    3 0.00       0.00   1   1   1
  13  P      782.46     1.00669   13 1.00    2 0.00    3 0.00       0.00   1   1   1
  14  P      804.97     0.56663   14 1.00    2 0.00    3 0.00       0.00   1   1   1
  15  P      824.89    -8.69633   15 1.00    2 0.00    3 0.00       0.00   1   1   1
  16  P      880.92     1.12162   16 1.00    2 0.00    3 0.00       0.00   1   1   1
  17  P      956.39     0.10578   17 1.00    2 0.00    3 0.00       0.00   1   1   1
  18  P     1011.03     5.61365   18 1.00    2 0.00    3 0.00       0.00   1   1   1
  19  P     1050.49    -2.55676   19 1.00    2 0.00    3 0.00       0.00   1   1   1
  20  P     1080.68     0.18937   20 1.00    2 0.00    3 0.00       0.00   1   1   1
  21  P     1201.12    -6.06889   21 1.00    2 0.00    3 0.00       0.00   1   1   1
  22  P     1248.26    -1.25215   22 1.00    2 0.00    3 0.00       0.00   1   1   1
  23  P     1270.66    10.31433   23 1.00    2 0.00    3 0.00       0.00   1   1   1
  24  P     1397.06   -12.41645   24 1.00    2 0.00    3 0.00       0.00   1   1   1
  25  P     1429.50    -0.17255   25 1.00    2 0.00    3 0.00       0.00   1   1   1
  26  P     1470.79    -0.04210   26 1.00    2 0.00    3 0.00       0.00   1   1   1
  27  P     1478.66    -3.63924   27 1.00    2 0.00    3 0.00       0.00   1   1   1
  28  P     1492.29     1.32927   28 1.00    2 0.00    3 0.00       0.00   1   1   1
  29  P     1504.09     4.14627   29 1.00    2 0.00    3 0.00       0.00   1   1   1
  30  P     1551.74    -1.33110   30 1.00    2 0.00    3 0.00       0.00   1   1   1
  31  P     1702.40     5.83012   31 1.00    2 0.00    3 0.00       0.00   1   1   1
  32  P     1725.76     9.81016   32 1.00    2 0.00    3 0.00       0.00   1   1   1
  33  P     1742.74     4.99188   33 1.00    2 0.00    3 0.00       0.00   1   1   1
  34  P     3059.85    -0.37607   34 1.00    2 0.00    3 0.00       0.00   1   1   1
  35  P     3117.02    -0.00065   35 1.00    2 0.00    3 0.00       0.00   1   1   1
  36  P     3144.55     0.17233   36 1.00    2 0.00    3 0.00       0.00   1   1   1
  37  P     3234.98    -0.82081   37 1.00    2 0.00    3 0.00       0.00   1   1   1
  38  P     3303.50     0.55528   38 1.00    2 0.00    3 0.00       0.00   1   1   1
  39  P     3435.88    -0.48092   39 1.00    2 0.00    3 0.00       0.00   1   1   1
   
 *********************************************************** 
  
  AVERAGE MAX PROJECTION     1.000000    St Dev   0.000000
  AVERAGE FREQ DIFF          0.000000    St Dev   0.000000
  AVERAGE ABS FREQ DIFF      0.000000    St Dev   0.000000
  AVERAGE ABS DISPLACE       0.083410    St Dev   5.680492
  SUM DISPL**2            1258.723053
  
 *********************************************************** 
  



                 ASSIGNMENTS AND ANALYSIS OF 2 WITH RESPECT TO 1
 STATE 2                              MODES STATE 1
IND DEF    FREQUENCY     SHIFT    I11 C11  I12 C12   I13 C13     FR(I11)  I90 I95 I99
   1  P      134.20    -4.43366    1 1.00    2 0.00    3 0.00       0.00   1   1   1
   2  P      160.41     0.15022    2 1.00    1 0.00    3 0.00       0.00   1   1   1
   3  P      196.22     2.05559    3 1.00    2 0.00    1 0.00       0.00   1   1   1
   4  P      302.97    -4.16044    4 1.00    2 0.00    3 0.00       0.00   1   1   1
   5  P      314.07    -0.38256    5 1.00    2 0.00    3 0.00       0.00   1   1   1
   6  P      428.07     5.78796    6 1.00    2 0.00    3 0.00       0.00   1   1   1
   7  P      432.90   -10.80073    7 1.00    2 0.00    3 0.00       0.00   1   1   1
   8  P      481.64   -12.45288    8 1.00    2 0.00    3 0.00       0.00   1   1   1
   9  P      574.28     8.33878    9 1.00    2 0.00    3 0.00       0.00   1   1   1
  10  P      635.12    11.51030   10 1.00    2 0.00    3 0.00       0.00   1   1   1
  11  P      759.35    -1.11767   11 1.00    2 0.00    3 0.00       0.00   1   1   1
  12  P      765.26    10.15147   12 1.00    2 0.00    3 0.00       0.00   1   1   1
  13  P      782.46    -1.00669   13 1.00    2 0.00    3 0.00       0.00   1   1   1
  14  P      804.97    -0.56663   14 1.00    2 0.00    3 0.00       0.00   1   1   1
  15  P      824.89     8.69633   15 1.00    2 0.00    3 0.00       0.00   1   1   1
  16  P      880.92    -1.12162   16 1.00    2 0.00    3 0.00       0.00   1   1   1
  17  P      956.39    -0.10578   17 1.00    2 0.00    3 0.00       0.00   1   1   1
  18  P     1011.03    -5.61365   18 1.00    2 0.00    3 0.00       0.00   1   1   1
  19  P     1050.49     2.55676   19 1.00    2 0.00    3 0.00       0.00   1   1   1
  20  P     1080.68    -0.18937   20 1.00    2 0.00    3 0.00       0.00   1   1   1
  21  P     1201.12     6.06889   21 1.00    2 0.00    3 0.00       0.00   1   1   1
  22  P     1248.26     1.25215   22 1.00    2 0.00    3 0.00       0.00   1   1   1
  23  P     1270.66   -10.31433   23 1.00    2 0.00    3 0.00       0.00   1   1   1
  24  P     1397.06    12.41645   24 1.00    2 0.00    3 0.00       0.00   1   1   1
  25  P     1429.50     0.17255   25 1.00    2 0.00    3 0.00       0.00   1   1   1
  26  P     1470.79     0.04210   26 1.00    2 0.00    3 0.00       0.00   1   1   1
  27  P     1478.66     3.63924   27 1.00    2 0.00    3 0.00       0.00   1   1   1
  28  P     1492.29    -1.32927   28 1.00    2 0.00    3 0.00       0.00   1   1   1
  29  P     1504.09    -4.14627   29 1.00    2 0.00    3 0.00       0.00   1   1   1
  30  P     1551.74     1.33110   30 1.00    2 0.00    3 0.00       0.00   1   1   1
  31  P     1702.40    -5.83012   31 1.00    2 0.00    3 0.00       0.00   1   1   1
  32  P     1725.76    -9.81016   32 1.00    2 0.00    3 0.00       0.00   1   1   1
  33  P     1742.74    -4.99188   33 1.00    2 0.00    3 0.00       0.00   1   1   1
  34  P     3059.85     0.37607   34 1.00    2 0.00    3 0.00       0.00   1   1   1
  35  P     3117.02     0.00065   35 1.00    2 0.00    3 0.00       0.00   1   1   1
  36  P     3144.55    -0.17233   36 1.00    2 0.00    3 0.00       0.00   1   1   1
  37  P     3234.98     0.82081   37 1.00    2 0.00    3 0.00       0.00   1   1   1
  38  P     3303.50    -0.55528   38 1.00    2 0.00    3 0.00       0.00   1   1   1
  39  P     3435.88     0.48092   39 1.00    2 0.00    3 0.00       0.00   1   1   1
   
 *********************************************************** 
  
  AVERAGE MAX PROJECTION     1.000000    St Dev   0.000000
  AVERAGE FREQ DIFF          0.000000    St Dev   0.000000
  AVERAGE ABS FREQ DIFF      0.000000    St Dev   0.000000
  AVERAGE ABS DISPLACE      -0.083410    St Dev   5.680492
  SUM DISPL**2            1258.723053
  
 *********************************************************** 
  

 ADDITIONAL ANALYSIS ON DUSCHINSKY MATRIX
 ----------------------------------------
  Determinant:     1.0000

  ** A = GM·GMT **
  Det(A)     :     1.0000
  Trace(A)   :    39.0000
  Det(A-I)   :     0.0000
  Trace(A-I) :     0.0000
 ----------------------------------------

   
   
 STATE1 MODES SORTED BY DECREASING DIMENSIONLESS SHIFT
   IND    MODE    FREQUENCY DIMENSIONLESS SHIFT
     1      24    1397.05755      -0.99063E+00
     2      32    1725.76303       0.86991E+00
     3      23    1270.66076       0.78481E+00
     4      10     635.11563      -0.61919E+00
     5      12     765.25945      -0.59943E+00
     6       8     481.64471       0.58337E+00
     7      15     824.89053      -0.53314E+00
     8      31    1702.40105       0.51347E+00
     9       7     432.89773       0.47968E+00
    10      21    1201.11516      -0.44896E+00
    11      33    1742.73714       0.44482E+00
    12       9     574.28197      -0.42655E+00
    13      18    1011.03147       0.38101E+00
    14      29    1504.09295       0.34324E+00
    15      27    1478.65893      -0.29871E+00
    16       6     428.07115      -0.25562E+00
    17      19    1050.49457      -0.17689E+00
    18       4     302.96622       0.15458E+00
    19      30    1551.74094      -0.11193E+00
    20       1     134.20283       0.10964E+00
    21      28    1492.29025       0.10961E+00
    22      37    3234.98488      -0.99652E-01
    23      22    1248.26176      -0.94432E-01
    24      16     880.92171       0.71060E-01
    25      38    3303.50187       0.68125E-01
    26      11     759.35041       0.65742E-01
    27       3     196.22253      -0.61464E-01
    28      39    3435.88052      -0.60173E-01
    29      13     782.45961       0.60108E-01
    30      34    3059.84937      -0.44405E-01
    31      14     804.97193       0.34316E-01
    32      36    3144.55442       0.20627E-01
    33       5     314.07372       0.14472E-01
    34      25    1429.50353      -0.13925E-01
    35      20    1080.68471       0.13288E-01
    36      17     956.39401       0.69826E-02
    37       2     160.41452      -0.40613E-02
    38      26    1470.79227      -0.34461E-02
    39      35    3117.01805      -0.77709E-04
   
   
 MODES OF STATE1 IN ORDER OF DECREASING FR COUPL
 ESTIMATED BY THE MAGNITUDE OF THE 0-0 INTEGRAL
   IND    MODE1  FREQ   MODE2 FR    FR. SHIFT INV0-0
     1     1   134.20283         1   134.20283         0.00000         1.00000
     2     2   160.41452         2   160.41452         0.00000         1.00000
     3     3   196.22253         3   196.22253         0.00000         1.00000
     4     4   302.96622         4   302.96622         0.00000         1.00000
     5     5   314.07372         5   314.07372         0.00000         1.00000
     6     6   428.07115         6   428.07115         0.00000         1.00000
     7     7   432.89773         7   432.89773         0.00000         1.00000
     8     8   481.64471         8   481.64471         0.00000         1.00000
     9     9   574.28197         9   574.28197         0.00000         1.00000
    10    10   635.11563        10   635.11563         0.00000         1.00000
    11    11   759.35041        11   759.35041         0.00000         1.00000
    12    12   765.25945        12   765.25945         0.00000         1.00000
    13    13   782.45961        13   782.45961         0.00000         1.00000
    14    14   804.97193        14   804.97193         0.00000         1.00000
    15    15   824.89053        15   824.89053         0.00000         1.00000
    16    16   880.92171        16   880.92171         0.00000         1.00000
    17    17   956.39401        17   956.39401         0.00000         1.00000
    18    18  1011.03147        18  1011.03147         0.00000         1.00000
    19    19  1050.49457        19  1050.49457         0.00000         1.00000
    20    20  1080.68471        20  1080.68471         0.00000         1.00000
    21    21  1201.11516        21  1201.11516         0.00000         1.00000
    22    22  1248.26176        22  1248.26176         0.00000         1.00000
    23    23  1270.66076        23  1270.66076         0.00000         1.00000
    24    24  1397.05755        24  1397.05755         0.00000         1.00000
    25    25  1429.50353        25  1429.50353         0.00000         1.00000
    26    26  1470.79227        26  1470.79227         0.00000         1.00000
    27    27  1478.65893        27  1478.65893         0.00000         1.00000
    28    28  1492.29025        28  1492.29025         0.00000         1.00000
    29    29  1504.09295        29  1504.09295         0.00000         1.00000
    30    30  1551.74094        30  1551.74094         0.00000         1.00000
    31    31  1702.40105        31  1702.40105         0.00000         1.00000
    32    32  1725.76303        32  1725.76303         0.00000         1.00000
    33    33  1742.73714        33  1742.73714         0.00000         1.00000
    34    34  3059.84937        34  3059.84937         0.00000         1.00000
    35    35  3117.01805        35  3117.01805         0.00000         1.00000
    36    36  3144.55442        36  3144.55442         0.00000         1.00000
    37    37  3234.98488        37  3234.98488         0.00000         1.00000
    38    38  3303.50187        38  3303.50187         0.00000         1.00000
    39    39  3435.88052        39  3435.88052         0.00000         1.00000
   
   
   
   
 STATE2 MODES SORTED BY DECREASING DIMENSIONLESS SHIFT
   IND    MODE    FREQUENCY DIMENSIONLESS SHIFT
     1      24    1397.05755       0.99063E+00
     2      32    1725.76303      -0.86991E+00
     3      23    1270.66076      -0.78481E+00
     4      10     635.11563       0.61919E+00
     5      12     765.25945       0.59943E+00
     6       8     481.64471      -0.58337E+00
     7      15     824.89053       0.53314E+00
     8      31    1702.40105      -0.51347E+00
     9       7     432.89773      -0.47968E+00
    10      21    1201.11516       0.44896E+00
    11      33    1742.73714      -0.44482E+00
    12       9     574.28197       0.42655E+00
    13      18    1011.03147      -0.38101E+00
    14      29    1504.09295      -0.34324E+00
    15      27    1478.65893       0.29871E+00
    16       6     428.07115       0.25562E+00
    17      19    1050.49457       0.17689E+00
    18       4     302.96622      -0.15458E+00
    19      30    1551.74094       0.11193E+00
    20       1     134.20283      -0.10964E+00
    21      28    1492.29025      -0.10961E+00
    22      37    3234.98488       0.99652E-01
    23      22    1248.26176       0.94432E-01
    24      16     880.92171      -0.71060E-01
    25      38    3303.50187      -0.68125E-01
    26      11     759.35041      -0.65742E-01
    27       3     196.22253       0.61464E-01
    28      39    3435.88052       0.60173E-01
    29      13     782.45961      -0.60108E-01
    30      34    3059.84937       0.44405E-01
    31      14     804.97193      -0.34316E-01
    32      36    3144.55442      -0.20627E-01
    33       5     314.07372      -0.14472E-01
    34      25    1429.50353       0.13925E-01
    35      20    1080.68471      -0.13288E-01
    36      17     956.39401      -0.69826E-02
    37       2     160.41452       0.40613E-02
    38      26    1470.79227       0.34461E-02
    39      35    3117.01805       0.77709E-04
   
   
 MODES OF STATE2 IN ORDER OF DECREASING FR COUPL
 ESTIMATED BY THE MAGNITUDE OF THE 0-0 INTEGRAL
   IND    MODE2  FREQ   MODE1 FR    FR. SHIFT INV0-0
     1     1   134.20283         1   134.20283         0.00000         1.00000
     2     2   160.41452         2   160.41452         0.00000         1.00000
     3     3   196.22253         3   196.22253         0.00000         1.00000
     4     4   302.96622         4   302.96622         0.00000         1.00000
     5     5   314.07372         5   314.07372         0.00000         1.00000
     6     6   428.07115         6   428.07115         0.00000         1.00000
     7     7   432.89773         7   432.89773         0.00000         1.00000
     8     8   481.64471         8   481.64471         0.00000         1.00000
     9     9   574.28197         9   574.28197         0.00000         1.00000
    10    10   635.11563        10   635.11563         0.00000         1.00000
    11    11   759.35041        11   759.35041         0.00000         1.00000
    12    12   765.25945        12   765.25945         0.00000         1.00000
    13    13   782.45961        13   782.45961         0.00000         1.00000
    14    14   804.97193        14   804.97193         0.00000         1.00000
    15    15   824.89053        15   824.89053         0.00000         1.00000
    16    16   880.92171        16   880.92171         0.00000         1.00000
    17    17   956.39401        17   956.39401         0.00000         1.00000
    18    18  1011.03147        18  1011.03147         0.00000         1.00000
    19    19  1050.49457        19  1050.49457         0.00000         1.00000
    20    20  1080.68471        20  1080.68471         0.00000         1.00000
    21    21  1201.11516        21  1201.11516         0.00000         1.00000
    22    22  1248.26176        22  1248.26176         0.00000         1.00000
    23    23  1270.66076        23  1270.66076         0.00000         1.00000
    24    24  1397.05755        24  1397.05755         0.00000         1.00000
    25    25  1429.50353        25  1429.50353         0.00000         1.00000
    26    26  1470.79227        26  1470.79227         0.00000         1.00000
    27    27  1478.65893        27  1478.65893         0.00000         1.00000
    28    28  1492.29025        28  1492.29025         0.00000         1.00000
    29    29  1504.09295        29  1504.09295         0.00000         1.00000
    30    30  1551.74094        30  1551.74094         0.00000         1.00000
    31    31  1702.40105        31  1702.40105         0.00000         1.00000
    32    32  1725.76303        32  1725.76303         0.00000         1.00000
    33    33  1742.73714        33  1742.73714         0.00000         1.00000
    34    34  3059.84937        34  3059.84937         0.00000         1.00000
    35    35  3117.01805        35  3117.01805         0.00000         1.00000
    36    36  3144.55442        36  3144.55442         0.00000         1.00000
    37    37  3234.98488        37  3234.98488         0.00000         1.00000
    38    38  3303.50187        38  3303.50187         0.00000         1.00000
    39    39  3435.88052        39  3435.88052         0.00000         1.00000
   
   
  
  
 DIMENSIONLESS SHIFTS 
   IND     STATE1       STATE2
     1     0.10964E+00    -0.10964E+00
     2    -0.40613E-02     0.40613E-02
     3    -0.61464E-01     0.61464E-01
     4     0.15458E+00    -0.15458E+00
     5     0.14472E-01    -0.14472E-01
     6    -0.25562E+00     0.25562E+00
     7     0.47968E+00    -0.47968E+00
     8     0.58337E+00    -0.58337E+00
     9    -0.42655E+00     0.42655E+00
    10    -0.61919E+00     0.61919E+00
    11     0.65742E-01    -0.65742E-01
    12    -0.59943E+00     0.59943E+00
    13     0.60108E-01    -0.60108E-01
    14     0.34316E-01    -0.34316E-01
    15    -0.53314E+00     0.53314E+00
    16     0.71060E-01    -0.71060E-01
    17     0.69826E-02    -0.69826E-02
    18     0.38101E+00    -0.38101E+00
    19    -0.17689E+00     0.17689E+00
    20     0.13288E-01    -0.13288E-01
    21    -0.44896E+00     0.44896E+00
    22    -0.94432E-01     0.94432E-01
    23     0.78481E+00    -0.78481E+00
    24    -0.99063E+00     0.99063E+00
    25    -0.13925E-01     0.13925E-01
    26    -0.34461E-02     0.34461E-02
    27    -0.29871E+00     0.29871E+00
    28     0.10961E+00    -0.10961E+00
    29     0.34324E+00    -0.34324E+00
    30    -0.11193E+00     0.11193E+00
    31     0.51347E+00    -0.51347E+00
    32     0.86991E+00    -0.86991E+00
    33     0.44482E+00    -0.44482E+00
    34    -0.44405E-01     0.44405E-01
    35    -0.77709E-04     0.77709E-04
    36     0.20627E-01    -0.20627E-01
    37    -0.99652E-01     0.99652E-01
    38     0.68125E-01    -0.68125E-01
    39    -0.60173E-01     0.60173E-01
  SUM SQUARED DIMENSIONLESS DISPL STATE1        5.3538
  SUM SQUARED DIMENSIONLESS DISPL STATE2        5.3538
  VALUE STATE1 GROUND VIB WAVEFUN AT GEO2       0.0688
  VALUE STATE2 GROUND VIB WAVEFUN AT GEO1       0.0688
  VALUE STATE1 GROUND VIB WAVEFUN AT (GEO1+GEO2)/2      0.5121
  VALUE STATE2 GROUND VIB WAVEFUN AT (GEO1+GEO2)/2      0.5121

 Printing Duschinski matrix to 'duschinsky.dat'


 Printing Shift vector to 'displacement.dat'


NOTE: DE read from input:   5.035 (eV)                                                                    
 


 ===========================
  REORGANIZATION ENERGY
 ===========================
     0.014285  (Hartree)
     0.388724  (eV)


 ------------------------------------------------------
 Extrapolation form (generalized) vertical point:
 ------------------------------------------------------
 Extrapolated vertical energy:        5.03470  (eV)
 Extrapolated adiabatic energy:       5.03470  (eV)
 Extrapolated reorg. energy   :       0.00000  (eV)
 ------------------------------------------------------



 ===============================
  ZERO-POINT ENERGY CORRECTIONS 
 ===============================


                    ZERO POINT ENERGY IN CM-1
    E01=     25543.61    E02=     25543.61


                    0-0 ENERGY DIFFERENCE
       4.64598 eV


                    ADIABATIC ENERGY     
       4.64598 eV




 ====================

  TRANSITION DIPOLES 

 ====================
 Model for tr. dipoles: FC
 Reading electric dipole file: 
 ../../../../../eldip_Thymine6311-freq-solv-ES1_fchk
 


 ================= 
  TRANSITION INFO  
 ================= 
            DATA FOR VERTICAL TRANSITION 
  electric transition dipoles (au) at initial GEO 1
           -1.68338565    0.47957701   -0.02958662
  electric transition dipoles (au) at initial GEO 2
           -1.68338565    0.47957701   -0.02958662
  Square tr dipoles: geo1  3.06465672  geo2   3.06465672  Diff (d1-d2)/d1    0.0000 %
   
 ------------------
  State2 -> State1
 ------------------
 Reorganization Energy (eV) on State1        0.388724
 Vertical emission energy (eV)               4.257254
 Fluorescence lifetime from minimum (ns)  3.978083E+00
 ********************************************** 
   
 ------------------
  State1 -> State2
 ------------------
 Reorganization Energy on State2 (eV)        0.388724
 Vertical absorption energy (eV)             5.034702
 Absorption oscillator strength           3.780189E-01
 ********************************************** 
   

NOTE: Spectra resolution set to:  0.01200                                                                 
 

NOTE: To ensure exact match of TI and TD resuls, final spectral range reset to:    4.0000-                
       9.0040(eV)                                                                                         
 

 ----------------------------------------
 Refined spectral range for simulations: 
  nene       =       418
  From E(eV) =    4.0000
  To   E(eV) =    9.0040
 
 Related time-domain parameters
 (with energy shift & extended range):
  ntime =          218
  dt    =       0.7905
  tfin  =     171.9242
 Shift info (for external FT)
  dE_ext=  0.108000    
  Eshift=   3.89200    
 ----------------------------------------


NOTE: Changing Ead to optimize TD method before entering the spectrum calculation.Ead(original)=          
        4.646 (eV); Ead(shifted )=   0.754 (eV)                                                           
 


 ____________________________________________
  ============================================
  PROGRAM: td_onephoton
   Compute vibronic spectra with a harmonic 
   TD formulation                           
                                            
  References:                               
   Comput Theoret Chem, 1040--1041, 186-194 (2014)
 ____________________________________________
  ============================================
 
 SUMMARY OF CALCULATION OPTIONS
 -------------------------------
 Adiabatic Energy (eV)  :   0.7540

 Tipe of transition     : ABS-ECDNO

 Dipole aproximation    : FC-FC
 El. dipole at ref geom :    -1.68       0.480      -0.296E-01

 Numerical evaluation of xi(t)
         Total time (fs):   171.924
         Nr data points : 218
         Time step (fs) :  0.790    

 Broad. function        : VOI  
 Broad. exponent (Gau)  :    7.014E-06
 Broad. order (Gau)     : 2
 Broad. exponent (Lor)  :    1.470E-03
 Broad. order (Lor)     : 1
 -------------------------------

 Computing correlation functions over 218 points

 Calling FFT with 436 points


 Entering in fft_calc subroutine (FFTW)
 Ndata: 436
 tini and tfin  -171.924     171.924

 df  2.901587352099123E-003
 dt  0.790456292826101     
 =========== tdspectra finished ===========  
 Timing...
  CPU (s) for tdspectra :       0.071
 ==========================================
                                           



===============================

 SUMMARY OF NOTES AND WARNINGS

===============================
 ---------------------------------
 7 notes raised along the run
 Look for NOTE in the output
 ---------------------------------

 
 ****************** FCclasses finished *******************
 Timing...   
  CPU (s)       0.096
 *********************************************************
 
 FCclasses finished successfully
